2024-09-01 01:08:31,341 - __main__ - INFO - station=> Sector-51, Gurugram, result => ['166', 'Sector-51, Gurugram, India', Timestamp('2024-09-01 06:00:00')]
2024-09-01 01:08:31,341 - __main__ - INFO - The hourly data has been written to data/cron_job_data/sector_51_cron_output.csv with Timestamp: 2024-09-01 06:00:00
2024-09-01 01:08:31,821 - __main__ - INFO - station=> Sector-51, Gurugram, result => ['166', 'Sector-51, Gurugram, India', Timestamp('2024-09-01 06:00:00')]
2024-09-01 01:08:31,821 - __main__ - INFO - The hourly data has been written to static/data/sector_51_cron_output.csv with Timestamp: 2024-09-01 06:00:00
2024-09-01 01:08:31,894 - __main__ - INFO - df_api columns Index(['AQI'], dtype='object')
2024-09-01 01:08:31,894 - __main__ - INFO - today=> 2024-09-01 & yesterday=> 2024-08-31
2024-09-01 01:08:31,896 - __main__ - INFO - temp_daily_aqi columns Index(['Unnamed: 0', 'Date', 'AQI'], dtype='object')
2024-09-01 01:08:31,898 - __main__ - INFO - temp_daily_aqi[2024-08-31]=> Empty DataFrame
Columns: [Unnamed: 0, AQI]
Index: []
2024-09-01 01:08:31,899 - __main__ - INFO - Index => 1640, yesterday => 2024-08-31 & AQI => 156.0
2024-09-01 01:08:31,899 - __main__ - INFO - Daily AQI data has been written to data/cleaned_data/Forecasting_time_series/sector_51_daily_aqi.csv
2024-09-01 01:08:31,899 - __main__ - INFO - Index => 1640, yesterday => 2024-08-31 & AQI => 156.0
2024-09-01 01:08:31,900 - __main__ - INFO - Daily AQI data has been written to static/data/sector_51_daily_aqi.csv
2024-09-01 01:08:31,904 - __main__ - INFO - Re-training the model & train_end is 2024-08-26 00:00:00
2024-09-01 01:08:33,214 - __main__ - INFO - Retrained the model & MAPE is 43.18%
2024-09-01 01:08:33,215 - __main__ - INFO - Retrained the model & MAE is 71.6590184426803
2024-09-01 01:08:34,786 - __main__ - INFO - Forecast=> 2024-09-01    143.419439
2024-09-02    156.566147
2024-09-03    158.477939
2024-09-04    162.919380
2024-09-05    166.533453
Freq: D, Name: predicted_mean, dtype: float64
2024-09-01 01:08:34,786 - __main__ - INFO - The forecast data has been written to data/cleaned_data/Forecasting_time_series/forecast_sector_51_daily_aqi.csv
2024-09-01 01:08:34,787 - __main__ - INFO - The forecast data has been written to static/data/forecast_sector_51_daily_aqi.csv
2024-09-01 02:50:13,435 - __main__ - INFO - station=> Sector-51, Gurugram, result => ['177', 'Sector-51, Gurugram, India', Timestamp('2024-09-01 08:00:00')]
2024-09-01 02:50:13,435 - __main__ - INFO - The hourly data has been written to data/cron_job_data/sector_51_cron_output.csv with Timestamp: 2024-09-01 08:00:00
2024-09-01 02:50:14,126 - __main__ - INFO - station=> Sector-51, Gurugram, result => ['177', 'Sector-51, Gurugram, India', Timestamp('2024-09-01 08:00:00')]
2024-09-01 02:50:14,127 - __main__ - INFO - The hourly data has been written to static/data/sector_51_cron_output.csv with Timestamp: 2024-09-01 08:00:00
2024-09-01 04:15:57,376 - __main__ - INFO - station=> Sector-51, Gurugram, result => ['79', 'Sector-51, Gurugram, India', Timestamp('2024-09-01 09:00:00')]
2024-09-01 04:15:57,377 - __main__ - INFO - The hourly data has been written to data/cron_job_data/sector_51_cron_output.csv with Timestamp: 2024-09-01 09:00:00
2024-09-01 04:15:57,993 - __main__ - INFO - station=> Sector-51, Gurugram, result => ['79', 'Sector-51, Gurugram, India', Timestamp('2024-09-01 09:00:00')]
2024-09-01 04:15:57,993 - __main__ - INFO - The hourly data has been written to static/data/sector_51_cron_output.csv with Timestamp: 2024-09-01 09:00:00
2024-09-01 05:13:51,912 - __main__ - INFO - station=> Sector-51, Gurugram, result => ['60', 'Sector-51, Gurugram, India', Timestamp('2024-09-01 10:00:00')]
2024-09-01 05:13:51,912 - __main__ - INFO - The hourly data has been written to data/cron_job_data/sector_51_cron_output.csv with Timestamp: 2024-09-01 10:00:00
2024-09-01 05:13:52,594 - __main__ - INFO - station=> Sector-51, Gurugram, result => ['60', 'Sector-51, Gurugram, India', Timestamp('2024-09-01 10:00:00')]
2024-09-01 05:13:52,595 - __main__ - INFO - The hourly data has been written to static/data/sector_51_cron_output.csv with Timestamp: 2024-09-01 10:00:00
