2024-02-01 01:43:11,020 - __main__ - INFO - station=> Sector-51, Gurugram, result => ['64', 'Sector-51, Gurugram, India', Timestamp('2024-02-01 07:00:00')]
2024-02-01 01:43:11,020 - __main__ - INFO - The hourly data has been written to data/cron_job_data/sector_51_cron_output.csv with Timestamp: 2024-02-01 07:00:00
2024-02-01 01:43:11,706 - __main__ - INFO - station=> Sector-51, Gurugram, result => ['64', 'Sector-51, Gurugram, India', Timestamp('2024-02-01 07:00:00')]
2024-02-01 01:43:11,706 - __main__ - INFO - The hourly data has been written to static/data/sector_51_cron_output.csv with Timestamp: 2024-02-01 07:00:00
2024-02-01 01:43:12,382 - __main__ - INFO - station=> Teri Gram, result => ['60', 'Teri Gram, Gurugram, India', Timestamp('2024-02-01 07:00:00')]
2024-02-01 01:43:12,382 - __main__ - INFO - The hourly data has been written to data/cron_job_data/teri_gram_cron_output.csv with Timestamp: 2024-02-01 07:00:00
2024-02-01 01:43:13,057 - __main__ - INFO - station=> Vikas Sadan, result => ['70', 'Vikas Sadan Gurgaon, Gurgaon, India', Timestamp('2024-02-01 07:00:00')]
2024-02-01 01:43:13,057 - __main__ - INFO - The hourly data has been written to data/cron_job_data/vikas_sadan_cron_output.csv with Timestamp: 2024-02-01 07:00:00
2024-02-01 01:43:13,058 - __main__ - INFO - Calling writeData & retrain_model functions.
2024-02-01 01:43:13,064 - __main__ - INFO - df_api columns Index(['AQI'], dtype='object')
2024-02-01 01:43:13,064 - __main__ - INFO - today=> 2024-02-01 & yesterday=> 2024-01-31
2024-02-01 01:43:13,066 - __main__ - INFO - temp_daily_aqi columns Index(['Unnamed: 0', 'Date', 'AQI'], dtype='object')
2024-02-01 01:43:13,069 - __main__ - INFO - temp_daily_aqi[2024-01-31]=> Empty DataFrame
Columns: [Unnamed: 0, AQI]
Index: []
2024-02-01 01:43:13,069 - __main__ - INFO - Index => 1427, yesterday => 2024-01-31 & AQI => 191.0
2024-02-01 01:43:13,070 - __main__ - INFO - Daily AQI data has been written to data/cleaned_data/Forecasting_time_series/sector_51_daily_aqi.csv
2024-02-01 01:43:13,070 - __main__ - INFO - Index => 1427, yesterday => 2024-01-31 & AQI => 191.0
2024-02-01 01:43:13,070 - __main__ - INFO - Daily AQI data has been written to static/data/sector_51_daily_aqi.csv
2024-02-01 01:43:13,075 - __main__ - INFO - Re-training the model & train_end is 2024-01-26 00:00:00
2024-02-01 01:43:14,391 - __main__ - INFO - Retrained the model & MAPE is 18.78%
2024-02-01 01:43:14,392 - __main__ - INFO - Retrained the model & MAE is 46.15415261468149%
2024-02-01 01:43:15,951 - __main__ - INFO - Forecast=> 2024-02-01    201.494000
2024-02-02    208.885069
2024-02-03    210.128714
2024-02-04    199.229080
2024-02-05    202.634395
Freq: D, Name: predicted_mean, dtype: float64
2024-02-01 01:43:15,952 - __main__ - INFO - The forecast data has been written to data/cleaned_data/Forecasting_time_series/forecast_sector_51_daily_aqi.csv
2024-02-01 01:43:15,952 - __main__ - INFO - The forecast data has been written to static/data/forecast_sector_51_daily_aqi.csv
2024-02-01 05:04:16,736 - __main__ - INFO - station=> Sector-51, Gurugram, result => ['139', 'Sector-51, Gurugram, India', Timestamp('2024-02-01 10:00:00')]
2024-02-01 05:04:16,736 - __main__ - INFO - The hourly data has been written to data/cron_job_data/sector_51_cron_output.csv with Timestamp: 2024-02-01 10:00:00
2024-02-01 05:04:17,440 - __main__ - INFO - station=> Sector-51, Gurugram, result => ['139', 'Sector-51, Gurugram, India', Timestamp('2024-02-01 10:00:00')]
2024-02-01 05:04:17,440 - __main__ - INFO - The hourly data has been written to static/data/sector_51_cron_output.csv with Timestamp: 2024-02-01 10:00:00
2024-02-01 05:04:18,147 - __main__ - INFO - station=> Teri Gram, result => ['55', 'Teri Gram, Gurugram, India', Timestamp('2024-02-01 10:00:00')]
2024-02-01 05:04:18,147 - __main__ - INFO - The hourly data has been written to data/cron_job_data/teri_gram_cron_output.csv with Timestamp: 2024-02-01 10:00:00
