2024-01-01 00:33:00,891 - __main__ - INFO - station=> nise gwal, result => ['193', 'NISE Gwal Pahari, Gurugram, India', Timestamp('2024-01-01 05:00:00')]
2024-01-01 00:33:00,892 - __main__ - INFO - The hourly data has been written to data/cron_job_data/nise_cron_output.csv with Timestamp: 2024-01-01 05:00:00
2024-01-01 00:33:01,577 - __main__ - INFO - station=> Sector-51, Gurugram, result => ['189', 'Sector-51, Gurugram, India', Timestamp('2024-01-01 05:00:00')]
2024-01-01 00:33:01,578 - __main__ - INFO - The hourly data has been written to data/cron_job_data/sector_51_cron_output.csv with Timestamp: 2024-01-01 05:00:00
2024-01-01 00:33:02,250 - __main__ - INFO - station=> Teri Gram, result => ['180', 'Teri Gram, Gurugram, India', Timestamp('2024-01-01 06:00:00')]
2024-01-01 00:33:02,251 - __main__ - INFO - The hourly data has been written to data/cron_job_data/teri_gram_cron_output.csv with Timestamp: 2024-01-01 06:00:00
2024-01-01 00:33:02,918 - __main__ - INFO - station=> Vikas Sadan, result => ['165', 'Vikas Sadan Gurgaon, Gurgaon, India', Timestamp('2024-01-01 06:00:00')]
2024-01-01 00:33:02,918 - __main__ - INFO - The hourly data has been written to data/cron_job_data/vikas_sadan_cron_output.csv with Timestamp: 2024-01-01 06:00:00
2024-01-01 00:33:02,922 - __main__ - INFO - datetime.now()=> 2024-01-01 00:33:02.922128
2024-01-01 01:55:28,307 - __main__ - INFO - station=> nise gwal, result => ['207', 'NISE Gwal Pahari, Gurugram, India', Timestamp('2024-01-01 07:00:00')]
2024-01-01 01:55:28,308 - __main__ - INFO - The hourly data has been written to data/cron_job_data/nise_cron_output.csv with Timestamp: 2024-01-01 07:00:00
2024-01-01 01:55:29,005 - __main__ - INFO - station=> Sector-51, Gurugram, result => ['191', 'Sector-51, Gurugram, India', Timestamp('2024-01-01 07:00:00')]
2024-01-01 01:55:29,005 - __main__ - INFO - The hourly data has been written to data/cron_job_data/sector_51_cron_output.csv with Timestamp: 2024-01-01 07:00:00
2024-01-01 01:55:29,696 - __main__ - INFO - station=> Teri Gram, result => ['181', 'Teri Gram, Gurugram, India', Timestamp('2024-01-01 07:00:00')]
2024-01-01 01:55:29,697 - __main__ - INFO - The hourly data has been written to data/cron_job_data/teri_gram_cron_output.csv with Timestamp: 2024-01-01 07:00:00
2024-01-01 01:55:30,413 - __main__ - INFO - station=> Vikas Sadan, result => ['171', 'Vikas Sadan Gurgaon, Gurgaon, India', Timestamp('2024-01-01 07:00:00')]
2024-01-01 01:55:30,413 - __main__ - INFO - The hourly data has been written to data/cron_job_data/vikas_sadan_cron_output.csv with Timestamp: 2024-01-01 07:00:00
2024-01-01 01:55:30,414 - __main__ - INFO - datetime.now()=> 2024-01-01 01:55:30.414896
2024-01-01 01:55:30,414 - __main__ - INFO - Calling writeData & retrain_model functions.
2024-01-01 01:55:30,420 - __main__ - INFO - df_api columns Index(['AQI'], dtype='object')
2024-01-01 01:55:30,420 - __main__ - INFO - today=> 2024-01-01 & yesterday=> 2023-12-31
2024-01-01 01:55:30,422 - __main__ - INFO - temp_daily_aqi columns Index(['Unnamed: 0', 'Date', 'AQI'], dtype='object')
2024-01-01 01:55:30,425 - __main__ - INFO - temp_daily_aqi[2023-12-31]=> Empty DataFrame
Columns: [Unnamed: 0, AQI]
Index: []
2024-01-01 01:55:30,425 - __main__ - INFO - Index => 1396, yesterday => 2023-12-31 & AQI => 186.0
2024-01-01 01:55:30,426 - __main__ - INFO - Daily AQI data has been written to data/cleaned_data/Forecasting_time_series/sector_51_daily_aqi.csv
2024-01-01 01:55:30,430 - __main__ - INFO - Re-training the model & train_end is 2023-12-26 00:00:00
2024-01-01 01:55:31,951 - __main__ - INFO - Retrained the model & MAPE is 25.92%
2024-01-01 01:55:33,550 - __main__ - INFO - Forecast=> 2024-01-01    191.591837
2024-01-02    198.456109
2024-01-03    198.138165
2024-01-04    205.712736
2024-01-05    211.610938
Freq: D, Name: predicted_mean, dtype: float64
2024-01-01 01:55:33,550 - __main__ - INFO - The forecast data has been written to data/cleaned_data/Forecasting_time_series/forecast_sector_51_daily_aqi.csv
2024-01-01 02:26:15,938 - __main__ - INFO - station=> nise gwal, result => ['207', 'NISE Gwal Pahari, Gurugram, India', Timestamp('2024-01-01 07:00:00')]
2024-01-01 02:26:15,939 - __main__ - INFO - Timestamp 2024-01-01 07:00:00 already present in data/cron_job_data/nise_cron_output.csv, not appending.
2024-01-01 02:26:16,628 - __main__ - INFO - station=> Sector-51, Gurugram, result => ['191', 'Sector-51, Gurugram, India', Timestamp('2024-01-01 07:00:00')]
2024-01-01 02:26:16,628 - __main__ - INFO - Timestamp 2024-01-01 07:00:00 already present in data/cron_job_data/sector_51_cron_output.csv, not appending.
2024-01-01 02:26:17,324 - __main__ - INFO - station=> Teri Gram, result => ['181', 'Teri Gram, Gurugram, India', Timestamp('2024-01-01 07:00:00')]
2024-01-01 02:26:17,325 - __main__ - INFO - Timestamp 2024-01-01 07:00:00 already present in data/cron_job_data/teri_gram_cron_output.csv, not appending.
2024-01-01 02:26:18,010 - __main__ - INFO - station=> Vikas Sadan, result => ['171', 'Vikas Sadan Gurgaon, Gurgaon, India', Timestamp('2024-01-01 07:00:00')]
2024-01-01 02:26:18,011 - __main__ - INFO - Timestamp 2024-01-01 07:00:00 already present in data/cron_job_data/vikas_sadan_cron_output.csv, not appending.
2024-01-01 02:26:18,012 - __main__ - INFO - datetime.now()=> 2024-01-01 02:26:18.012056
2024-01-01 03:07:24,469 - __main__ - INFO - station=> nise gwal, result => ['206', 'NISE Gwal Pahari, Gurugram, India', Timestamp('2024-01-01 08:00:00')]
2024-01-01 03:07:24,469 - __main__ - INFO - The hourly data has been written to data/cron_job_data/nise_cron_output.csv with Timestamp: 2024-01-01 08:00:00
2024-01-01 03:07:25,156 - __main__ - INFO - station=> Sector-51, Gurugram, result => ['189', 'Sector-51, Gurugram, India', Timestamp('2024-01-01 08:00:00')]
2024-01-01 03:07:25,156 - __main__ - INFO - The hourly data has been written to data/cron_job_data/sector_51_cron_output.csv with Timestamp: 2024-01-01 08:00:00
2024-01-01 03:07:25,828 - __main__ - INFO - station=> Teri Gram, result => ['181', 'Teri Gram, Gurugram, India', Timestamp('2024-01-01 08:00:00')]
2024-01-01 03:07:25,829 - __main__ - INFO - The hourly data has been written to data/cron_job_data/teri_gram_cron_output.csv with Timestamp: 2024-01-01 08:00:00
2024-01-01 03:07:26,498 - __main__ - INFO - station=> Vikas Sadan, result => ['159', 'Vikas Sadan Gurgaon, Gurgaon, India', Timestamp('2024-01-01 08:00:00')]
2024-01-01 03:07:26,498 - __main__ - INFO - The hourly data has been written to data/cron_job_data/vikas_sadan_cron_output.csv with Timestamp: 2024-01-01 08:00:00
2024-01-01 03:07:26,499 - __main__ - INFO - datetime.now()=> 2024-01-01 03:07:26.499418
2024-01-01 04:08:03,164 - __main__ - INFO - station=> nise gwal, result => ['204', 'NISE Gwal Pahari, Gurugram, India', Timestamp('2024-01-01 09:00:00')]
2024-01-01 04:08:03,165 - __main__ - INFO - The hourly data has been written to data/cron_job_data/nise_cron_output.csv with Timestamp: 2024-01-01 09:00:00
2024-01-01 04:08:03,835 - __main__ - INFO - station=> Sector-51, Gurugram, result => ['187', 'Sector-51, Gurugram, India', Timestamp('2024-01-01 09:00:00')]
2024-01-01 04:08:03,835 - __main__ - INFO - The hourly data has been written to data/cron_job_data/sector_51_cron_output.csv with Timestamp: 2024-01-01 09:00:00
2024-01-01 04:08:04,525 - __main__ - INFO - station=> Teri Gram, result => ['182', 'Teri Gram, Gurugram, India', Timestamp('2024-01-01 09:00:00')]
2024-01-01 04:08:04,525 - __main__ - INFO - The hourly data has been written to data/cron_job_data/teri_gram_cron_output.csv with Timestamp: 2024-01-01 09:00:00
2024-01-01 04:08:05,208 - __main__ - INFO - station=> Vikas Sadan, result => ['162', 'Vikas Sadan Gurgaon, Gurgaon, India', Timestamp('2024-01-01 09:00:00')]
2024-01-01 04:08:05,208 - __main__ - INFO - The hourly data has been written to data/cron_job_data/vikas_sadan_cron_output.csv with Timestamp: 2024-01-01 09:00:00
2024-01-01 04:08:05,209 - __main__ - INFO - datetime.now()=> 2024-01-01 04:08:05.209489
2024-01-01 05:04:57,804 - __main__ - INFO - station=> nise gwal, result => ['204', 'NISE Gwal Pahari, Gurugram, India', Timestamp('2024-01-01 09:00:00')]
2024-01-01 05:04:57,804 - __main__ - INFO - Timestamp 2024-01-01 09:00:00 already present in data/cron_job_data/nise_cron_output.csv, not appending.
2024-01-01 05:04:58,477 - __main__ - INFO - station=> Sector-51, Gurugram, result => ['187', 'Sector-51, Gurugram, India', Timestamp('2024-01-01 09:00:00')]
2024-01-01 05:04:58,478 - __main__ - INFO - Timestamp 2024-01-01 09:00:00 already present in data/cron_job_data/sector_51_cron_output.csv, not appending.
2024-01-01 05:04:59,167 - __main__ - INFO - station=> Teri Gram, result => ['182', 'Teri Gram, Gurugram, India', Timestamp('2024-01-01 09:00:00')]
2024-01-01 05:04:59,167 - __main__ - INFO - Timestamp 2024-01-01 09:00:00 already present in data/cron_job_data/teri_gram_cron_output.csv, not appending.
2024-01-01 05:04:59,834 - __main__ - INFO - station=> Vikas Sadan, result => ['162', 'Vikas Sadan Gurgaon, Gurgaon, India', Timestamp('2024-01-01 09:00:00')]
2024-01-01 05:04:59,835 - __main__ - INFO - Timestamp 2024-01-01 09:00:00 already present in data/cron_job_data/vikas_sadan_cron_output.csv, not appending.
2024-01-01 05:04:59,835 - __main__ - INFO - datetime.now()=> 2024-01-01 05:04:59.835658
2024-01-01 06:09:19,820 - __main__ - INFO - station=> nise gwal, result => ['201', 'NISE Gwal Pahari, Gurugram, India', Timestamp('2024-01-01 10:00:00')]
2024-01-01 06:09:19,820 - __main__ - INFO - The hourly data has been written to data/cron_job_data/nise_cron_output.csv with Timestamp: 2024-01-01 10:00:00
2024-01-01 06:09:20,292 - __main__ - INFO - station=> Sector-51, Gurugram, result => ['188', 'Sector-51, Gurugram, India', Timestamp('2024-01-01 10:00:00')]
2024-01-01 06:09:20,293 - __main__ - INFO - The hourly data has been written to data/cron_job_data/sector_51_cron_output.csv with Timestamp: 2024-01-01 10:00:00
2024-01-01 06:09:20,769 - __main__ - INFO - station=> Teri Gram, result => ['183', 'Teri Gram, Gurugram, India', Timestamp('2024-01-01 10:00:00')]
2024-01-01 06:09:20,770 - __main__ - INFO - The hourly data has been written to data/cron_job_data/teri_gram_cron_output.csv with Timestamp: 2024-01-01 10:00:00
2024-01-01 06:09:21,242 - __main__ - INFO - station=> Vikas Sadan, result => ['168', 'Vikas Sadan Gurgaon, Gurgaon, India', Timestamp('2024-01-01 10:00:00')]
2024-01-01 06:09:21,242 - __main__ - INFO - The hourly data has been written to data/cron_job_data/vikas_sadan_cron_output.csv with Timestamp: 2024-01-01 10:00:00
2024-01-01 06:09:21,243 - __main__ - INFO - datetime.now()=> 2024-01-01 06:09:21.243919
