2024-05-01 01:52:14,337 - __main__ - INFO - Calling writeData & retrain_model functions.
2024-05-01 01:52:14,344 - __main__ - INFO - df_api columns Index(['AQI'], dtype='object')
2024-05-01 01:52:14,344 - __main__ - INFO - today=> 2024-05-01 & yesterday=> 2024-04-30
2024-05-01 01:52:14,346 - __main__ - INFO - temp_daily_aqi columns Index(['Unnamed: 0', 'Date', 'AQI'], dtype='object')
2024-05-01 01:52:14,348 - __main__ - INFO - temp_daily_aqi[2024-04-30]=> Empty DataFrame
Columns: [Unnamed: 0, AQI]
Index: []
2024-05-01 01:52:14,349 - __main__ - INFO - Index => 1517, yesterday => 2024-04-30 & AQI => 199.0
2024-05-01 01:52:14,349 - __main__ - INFO - Daily AQI data has been written to data/cleaned_data/Forecasting_time_series/sector_51_daily_aqi.csv
2024-05-01 01:52:14,350 - __main__ - INFO - Index => 1517, yesterday => 2024-04-30 & AQI => 199.0
2024-05-01 01:52:14,350 - __main__ - INFO - Daily AQI data has been written to static/data/sector_51_daily_aqi.csv
2024-05-01 01:52:14,354 - __main__ - INFO - Re-training the model & train_end is 2024-04-25 00:00:00
2024-05-01 01:52:15,643 - __main__ - INFO - Retrained the model & MAPE is 6.12%
2024-05-01 01:52:15,643 - __main__ - INFO - Retrained the model & MAE is 13.688812151273783
2024-05-01 01:52:16,871 - __main__ - INFO - Forecast=> 2024-05-01    206.850700
2024-05-02    209.635276
2024-05-03    215.963540
2024-05-04    234.437707
2024-05-05    206.887500
Freq: D, Name: predicted_mean, dtype: float64
2024-05-01 01:52:16,872 - __main__ - INFO - The forecast data has been written to data/cleaned_data/Forecasting_time_series/forecast_sector_51_daily_aqi.csv
2024-05-01 01:52:16,872 - __main__ - INFO - The forecast data has been written to static/data/forecast_sector_51_daily_aqi.csv
2024-05-01 03:08:17,145 - __main__ - INFO - station=> Sector-51, Gurugram, result => ['194', 'Sector-51, Gurugram, India', Timestamp('2024-05-01 08:00:00')]
2024-05-01 03:08:17,145 - __main__ - INFO - The hourly data has been written to data/cron_job_data/sector_51_cron_output.csv with Timestamp: 2024-05-01 08:00:00
2024-05-01 03:08:17,852 - __main__ - INFO - station=> Sector-51, Gurugram, result => ['194', 'Sector-51, Gurugram, India', Timestamp('2024-05-01 08:00:00')]
2024-05-01 03:08:17,852 - __main__ - INFO - The hourly data has been written to static/data/sector_51_cron_output.csv with Timestamp: 2024-05-01 08:00:00
2024-05-01 04:09:00,158 - __main__ - INFO - station=> Sector-51, Gurugram, result => ['214', 'Sector-51, Gurugram, India', Timestamp('2024-05-01 09:00:00')]
2024-05-01 04:09:00,158 - __main__ - INFO - The hourly data has been written to data/cron_job_data/sector_51_cron_output.csv with Timestamp: 2024-05-01 09:00:00
2024-05-01 04:09:00,826 - __main__ - INFO - station=> Sector-51, Gurugram, result => ['214', 'Sector-51, Gurugram, India', Timestamp('2024-05-01 09:00:00')]
2024-05-01 04:09:00,826 - __main__ - INFO - The hourly data has been written to static/data/sector_51_cron_output.csv with Timestamp: 2024-05-01 09:00:00
2024-05-01 05:07:23,049 - __main__ - INFO - station=> Sector-51, Gurugram, result => ['210', 'Sector-51, Gurugram, India', Timestamp('2024-05-01 10:00:00')]
2024-05-01 05:07:23,049 - __main__ - INFO - The hourly data has been written to data/cron_job_data/sector_51_cron_output.csv with Timestamp: 2024-05-01 10:00:00
2024-05-01 05:07:23,525 - __main__ - INFO - station=> Sector-51, Gurugram, result => ['210', 'Sector-51, Gurugram, India', Timestamp('2024-05-01 10:00:00')]
2024-05-01 05:07:23,525 - __main__ - INFO - The hourly data has been written to static/data/sector_51_cron_output.csv with Timestamp: 2024-05-01 10:00:00
2024-05-01 06:11:05,024 - __main__ - INFO - station=> Sector-51, Gurugram, result => ['223', 'Sector-51, Gurugram, India', Timestamp('2024-05-01 11:00:00')]
2024-05-01 06:11:05,024 - __main__ - INFO - The hourly data has been written to data/cron_job_data/sector_51_cron_output.csv with Timestamp: 2024-05-01 11:00:00
2024-05-01 06:11:05,692 - __main__ - INFO - station=> Sector-51, Gurugram, result => ['223', 'Sector-51, Gurugram, India', Timestamp('2024-05-01 11:00:00')]
2024-05-01 06:11:05,692 - __main__ - INFO - The hourly data has been written to static/data/sector_51_cron_output.csv with Timestamp: 2024-05-01 11:00:00
2024-05-01 07:08:12,341 - __main__ - INFO - station=> Sector-51, Gurugram, result => ['144', 'Sector-51, Gurugram, India', Timestamp('2024-05-01 12:00:00')]
2024-05-01 07:08:12,341 - __main__ - INFO - The hourly data has been written to data/cron_job_data/sector_51_cron_output.csv with Timestamp: 2024-05-01 12:00:00
2024-05-01 07:08:12,988 - __main__ - INFO - station=> Sector-51, Gurugram, result => ['144', 'Sector-51, Gurugram, India', Timestamp('2024-05-01 12:00:00')]
2024-05-01 07:08:12,988 - __main__ - INFO - The hourly data has been written to static/data/sector_51_cron_output.csv with Timestamp: 2024-05-01 12:00:00
