2023-12-01 00:31:43,008 - __main__ - INFO - station=> nise gwal, result => ['228', 'NISE Gwal Pahari, Gurugram, India', Timestamp('2023-12-01 05:00:00')]
2023-12-01 00:31:43,009 - __main__ - INFO - The data has been written to data/cron_job_data/nise_cron_output.csv with Timestamp: 2023-12-01 05:00:00
2023-12-01 00:31:43,662 - __main__ - INFO - station=> Sector-51, Gurugram, result => ['172', 'Sector-51, Gurugram, India', Timestamp('2023-12-01 05:00:00')]
2023-12-01 00:31:43,663 - __main__ - INFO - The data has been written to data/cron_job_data/sector_51_cron_output.csv with Timestamp: 2023-12-01 05:00:00
2023-12-01 00:31:44,339 - __main__ - INFO - station=> Teri Gram, result => ['177', 'Teri Gram, Gurugram, India', Timestamp('2023-12-01 05:00:00')]
2023-12-01 00:31:44,339 - __main__ - INFO - The data has been written to data/cron_job_data/teri_gram_cron_output.csv with Timestamp: 2023-12-01 05:00:00
2023-12-01 00:31:45,011 - __main__ - INFO - station=> Vikas Sadan, result => ['186', 'Vikas Sadan Gurgaon, Gurgaon, India', Timestamp('2023-12-01 05:00:00')]
2023-12-01 00:31:45,012 - __main__ - INFO - The data has been written to data/cron_job_data/vikas_sadan_cron_output.csv with Timestamp: 2023-12-01 05:00:00
2023-12-01 01:55:06,037 - __main__ - INFO - station=> nise gwal, result => ['243', 'NISE Gwal Pahari, Gurugram, India', Timestamp('2023-12-01 07:00:00')]
2023-12-01 01:55:06,037 - __main__ - INFO - The data has been written to data/cron_job_data/nise_cron_output.csv with Timestamp: 2023-12-01 07:00:00
2023-12-01 01:55:06,676 - __main__ - INFO - station=> Sector-51, Gurugram, result => ['166', 'Sector-51, Gurugram, India', Timestamp('2023-12-01 07:00:00')]
2023-12-01 01:55:06,676 - __main__ - INFO - The data has been written to data/cron_job_data/sector_51_cron_output.csv with Timestamp: 2023-12-01 07:00:00
2023-12-01 01:55:07,327 - __main__ - INFO - station=> Teri Gram, result => ['178', 'Teri Gram, Gurugram, India', Timestamp('2023-12-01 07:00:00')]
2023-12-01 01:55:07,327 - __main__ - INFO - The data has been written to data/cron_job_data/teri_gram_cron_output.csv with Timestamp: 2023-12-01 07:00:00
2023-12-01 01:55:07,974 - __main__ - INFO - station=> Vikas Sadan, result => ['193', 'Vikas Sadan Gurgaon, Gurgaon, India', Timestamp('2023-12-01 07:00:00')]
2023-12-01 01:55:07,974 - __main__ - INFO - The data has been written to data/cron_job_data/vikas_sadan_cron_output.csv with Timestamp: 2023-12-01 07:00:00
2023-12-01 02:26:14,953 - __main__ - INFO - station=> nise gwal, result => ['243', 'NISE Gwal Pahari, Gurugram, India', Timestamp('2023-12-01 07:00:00')]
2023-12-01 02:26:14,953 - __main__ - INFO - Timestamp 2023-12-01 07:00:00 already present in data/cron_job_data/nise_cron_output.csv, not appending.
2023-12-01 02:26:15,664 - __main__ - INFO - station=> Sector-51, Gurugram, result => ['166', 'Sector-51, Gurugram, India', Timestamp('2023-12-01 07:00:00')]
2023-12-01 02:26:15,664 - __main__ - INFO - Timestamp 2023-12-01 07:00:00 already present in data/cron_job_data/sector_51_cron_output.csv, not appending.
2023-12-01 02:26:16,357 - __main__ - INFO - station=> Teri Gram, result => ['178', 'Teri Gram, Gurugram, India', Timestamp('2023-12-01 07:00:00')]
2023-12-01 02:26:16,357 - __main__ - INFO - Timestamp 2023-12-01 07:00:00 already present in data/cron_job_data/teri_gram_cron_output.csv, not appending.
2023-12-01 02:26:17,030 - __main__ - INFO - station=> Vikas Sadan, result => ['193', 'Vikas Sadan Gurgaon, Gurgaon, India', Timestamp('2023-12-01 07:00:00')]
2023-12-01 02:26:17,030 - __main__ - INFO - Timestamp 2023-12-01 07:00:00 already present in data/cron_job_data/vikas_sadan_cron_output.csv, not appending.
2023-12-01 03:07:10,960 - __main__ - INFO - station=> nise gwal, result => ['237', 'NISE Gwal Pahari, Gurugram, India', Timestamp('2023-12-01 08:00:00')]
2023-12-01 03:07:10,960 - __main__ - INFO - The data has been written to data/cron_job_data/nise_cron_output.csv with Timestamp: 2023-12-01 08:00:00
2023-12-01 03:07:11,638 - __main__ - INFO - station=> Sector-51, Gurugram, result => ['165', 'Sector-51, Gurugram, India', Timestamp('2023-12-01 08:00:00')]
2023-12-01 03:07:11,638 - __main__ - INFO - The data has been written to data/cron_job_data/sector_51_cron_output.csv with Timestamp: 2023-12-01 08:00:00
2023-12-01 03:07:12,425 - __main__ - INFO - station=> Teri Gram, result => ['177', 'Teri Gram, Gurugram, India', Timestamp('2023-12-01 08:00:00')]
2023-12-01 03:07:12,425 - __main__ - INFO - The data has been written to data/cron_job_data/teri_gram_cron_output.csv with Timestamp: 2023-12-01 08:00:00
2023-12-01 03:07:13,102 - __main__ - INFO - station=> Vikas Sadan, result => ['192', 'Vikas Sadan Gurgaon, Gurgaon, India', Timestamp('2023-12-01 08:00:00')]
2023-12-01 03:07:13,103 - __main__ - INFO - The data has been written to data/cron_job_data/vikas_sadan_cron_output.csv with Timestamp: 2023-12-01 08:00:00
2023-12-01 04:07:47,570 - __main__ - INFO - station=> nise gwal, result => ['222', 'NISE Gwal Pahari, Gurugram, India', Timestamp('2023-12-01 09:00:00')]
2023-12-01 04:07:47,571 - __main__ - INFO - The data has been written to data/cron_job_data/nise_cron_output.csv with Timestamp: 2023-12-01 09:00:00
2023-12-01 04:07:48,064 - __main__ - INFO - station=> Sector-51, Gurugram, result => ['171', 'Sector-51, Gurugram, India', Timestamp('2023-12-01 09:00:00')]
2023-12-01 04:07:48,064 - __main__ - INFO - The data has been written to data/cron_job_data/sector_51_cron_output.csv with Timestamp: 2023-12-01 09:00:00
2023-12-01 04:07:48,541 - __main__ - INFO - station=> Teri Gram, result => ['178', 'Teri Gram, Gurugram, India', Timestamp('2023-12-01 09:00:00')]
2023-12-01 04:07:48,542 - __main__ - INFO - The data has been written to data/cron_job_data/teri_gram_cron_output.csv with Timestamp: 2023-12-01 09:00:00
2023-12-01 04:07:49,021 - __main__ - INFO - station=> Vikas Sadan, result => ['196', 'Vikas Sadan Gurgaon, Gurgaon, India', Timestamp('2023-12-01 09:00:00')]
2023-12-01 04:07:49,021 - __main__ - INFO - The data has been written to data/cron_job_data/vikas_sadan_cron_output.csv with Timestamp: 2023-12-01 09:00:00
2023-12-01 05:04:31,140 - __main__ - INFO - station=> nise gwal, result => ['232', 'NISE Gwal Pahari, Gurugram, India', Timestamp('2023-12-01 10:00:00')]
2023-12-01 05:04:31,140 - __main__ - INFO - The data has been written to data/cron_job_data/nise_cron_output.csv with Timestamp: 2023-12-01 10:00:00
2023-12-01 05:04:31,625 - __main__ - INFO - station=> Sector-51, Gurugram, result => ['186', 'Sector-51, Gurugram, India', Timestamp('2023-12-01 10:00:00')]
2023-12-01 05:04:31,625 - __main__ - INFO - The data has been written to data/cron_job_data/sector_51_cron_output.csv with Timestamp: 2023-12-01 10:00:00
2023-12-01 05:04:32,109 - __main__ - INFO - station=> Teri Gram, result => ['177', 'Teri Gram, Gurugram, India', Timestamp('2023-12-01 10:00:00')]
2023-12-01 05:04:32,109 - __main__ - INFO - The data has been written to data/cron_job_data/teri_gram_cron_output.csv with Timestamp: 2023-12-01 10:00:00
2023-12-01 05:04:32,592 - __main__ - INFO - station=> Vikas Sadan, result => ['229', 'Vikas Sadan Gurgaon, Gurgaon, India', Timestamp('2023-12-01 10:00:00')]
2023-12-01 05:04:32,593 - __main__ - INFO - The data has been written to data/cron_job_data/vikas_sadan_cron_output.csv with Timestamp: 2023-12-01 10:00:00
2023-12-01 06:08:52,080 - __main__ - INFO - station=> nise gwal, result => ['313', 'NISE Gwal Pahari, Gurugram, India', Timestamp('2023-12-01 11:00:00')]
2023-12-01 06:08:52,081 - __main__ - INFO - The data has been written to data/cron_job_data/nise_cron_output.csv with Timestamp: 2023-12-01 11:00:00
2023-12-01 06:08:52,562 - __main__ - INFO - station=> Sector-51, Gurugram, result => ['191', 'Sector-51, Gurugram, India', Timestamp('2023-12-01 11:00:00')]
2023-12-01 06:08:52,562 - __main__ - INFO - The data has been written to data/cron_job_data/sector_51_cron_output.csv with Timestamp: 2023-12-01 11:00:00
2023-12-01 06:08:53,048 - __main__ - INFO - station=> Teri Gram, result => ['178', 'Teri Gram, Gurugram, India', Timestamp('2023-12-01 11:00:00')]
2023-12-01 06:08:53,049 - __main__ - INFO - The data has been written to data/cron_job_data/teri_gram_cron_output.csv with Timestamp: 2023-12-01 11:00:00
2023-12-01 06:08:53,532 - __main__ - INFO - station=> Vikas Sadan, result => ['229', 'Vikas Sadan Gurgaon, Gurgaon, India', Timestamp('2023-12-01 10:00:00')]
2023-12-01 06:08:53,532 - __main__ - INFO - Timestamp 2023-12-01 10:00:00 already present in data/cron_job_data/vikas_sadan_cron_output.csv, not appending.
2023-12-01 07:03:33,390 - __main__ - INFO - station=> nise gwal, result => ['229', 'NISE Gwal Pahari, Gurugram, India', Timestamp('2023-12-01 12:00:00')]
2023-12-01 07:03:33,390 - __main__ - INFO - The data has been written to data/cron_job_data/nise_cron_output.csv with Timestamp: 2023-12-01 12:00:00
2023-12-01 07:03:33,870 - __main__ - INFO - station=> Sector-51, Gurugram, result => ['186', 'Sector-51, Gurugram, India', Timestamp('2023-12-01 12:00:00')]
2023-12-01 07:03:33,870 - __main__ - INFO - The data has been written to data/cron_job_data/sector_51_cron_output.csv with Timestamp: 2023-12-01 12:00:00
2023-12-01 07:03:34,354 - __main__ - INFO - station=> Teri Gram, result => ['181', 'Teri Gram, Gurugram, India', Timestamp('2023-12-01 12:00:00')]
2023-12-01 07:03:34,354 - __main__ - INFO - The data has been written to data/cron_job_data/teri_gram_cron_output.csv with Timestamp: 2023-12-01 12:00:00
2023-12-01 07:03:34,835 - __main__ - INFO - station=> Vikas Sadan, result => ['217', 'Vikas Sadan Gurgaon, Gurgaon, India', Timestamp('2023-12-01 12:00:00')]
2023-12-01 07:03:34,835 - __main__ - INFO - The data has been written to data/cron_job_data/vikas_sadan_cron_output.csv with Timestamp: 2023-12-01 12:00:00
2023-12-01 08:08:29,594 - __main__ - INFO - station=> nise gwal, result => ['229', 'NISE Gwal Pahari, Gurugram, India', Timestamp('2023-12-01 12:00:00')]
2023-12-01 08:08:29,594 - __main__ - INFO - Timestamp 2023-12-01 12:00:00 already present in data/cron_job_data/nise_cron_output.csv, not appending.
2023-12-01 08:08:30,237 - __main__ - INFO - station=> Sector-51, Gurugram, result => ['186', 'Sector-51, Gurugram, India', Timestamp('2023-12-01 12:00:00')]
2023-12-01 08:08:30,238 - __main__ - INFO - Timestamp 2023-12-01 12:00:00 already present in data/cron_job_data/sector_51_cron_output.csv, not appending.
2023-12-01 08:08:30,886 - __main__ - INFO - station=> Teri Gram, result => ['181', 'Teri Gram, Gurugram, India', Timestamp('2023-12-01 12:00:00')]
2023-12-01 08:08:30,886 - __main__ - INFO - Timestamp 2023-12-01 12:00:00 already present in data/cron_job_data/teri_gram_cron_output.csv, not appending.
2023-12-01 08:08:31,528 - __main__ - INFO - station=> Vikas Sadan, result => ['217', 'Vikas Sadan Gurgaon, Gurgaon, India', Timestamp('2023-12-01 12:00:00')]
2023-12-01 08:08:31,528 - __main__ - INFO - Timestamp 2023-12-01 12:00:00 already present in data/cron_job_data/vikas_sadan_cron_output.csv, not appending.
2023-12-01 09:04:21,303 - __main__ - INFO - station=> nise gwal, result => ['229', 'NISE Gwal Pahari, Gurugram, India', Timestamp('2023-12-01 12:00:00')]
2023-12-01 09:04:21,304 - __main__ - INFO - Timestamp 2023-12-01 12:00:00 already present in data/cron_job_data/nise_cron_output.csv, not appending.
2023-12-01 09:04:21,995 - __main__ - INFO - station=> Sector-51, Gurugram, result => ['186', 'Sector-51, Gurugram, India', Timestamp('2023-12-01 12:00:00')]
2023-12-01 09:04:21,995 - __main__ - INFO - Timestamp 2023-12-01 12:00:00 already present in data/cron_job_data/sector_51_cron_output.csv, not appending.
2023-12-01 09:04:22,670 - __main__ - INFO - station=> Teri Gram, result => ['181', 'Teri Gram, Gurugram, India', Timestamp('2023-12-01 12:00:00')]
2023-12-01 09:04:22,670 - __main__ - INFO - Timestamp 2023-12-01 12:00:00 already present in data/cron_job_data/teri_gram_cron_output.csv, not appending.
2023-12-01 09:04:23,356 - __main__ - INFO - station=> Vikas Sadan, result => ['217', 'Vikas Sadan Gurgaon, Gurgaon, India', Timestamp('2023-12-01 12:00:00')]
2023-12-01 09:04:23,356 - __main__ - INFO - Timestamp 2023-12-01 12:00:00 already present in data/cron_job_data/vikas_sadan_cron_output.csv, not appending.
2023-12-01 10:05:52,366 - __main__ - INFO - station=> nise gwal, result => ['229', 'NISE Gwal Pahari, Gurugram, India', Timestamp('2023-12-01 12:00:00')]
2023-12-01 10:05:52,366 - __main__ - INFO - Timestamp 2023-12-01 12:00:00 already present in data/cron_job_data/nise_cron_output.csv, not appending.
2023-12-01 10:05:53,026 - __main__ - INFO - station=> Sector-51, Gurugram, result => ['186', 'Sector-51, Gurugram, India', Timestamp('2023-12-01 12:00:00')]
2023-12-01 10:05:53,026 - __main__ - INFO - Timestamp 2023-12-01 12:00:00 already present in data/cron_job_data/sector_51_cron_output.csv, not appending.
2023-12-01 10:05:53,714 - __main__ - INFO - station=> Teri Gram, result => ['181', 'Teri Gram, Gurugram, India', Timestamp('2023-12-01 12:00:00')]
2023-12-01 10:05:53,714 - __main__ - INFO - Timestamp 2023-12-01 12:00:00 already present in data/cron_job_data/teri_gram_cron_output.csv, not appending.
2023-12-01 10:05:54,384 - __main__ - INFO - station=> Vikas Sadan, result => ['217', 'Vikas Sadan Gurgaon, Gurgaon, India', Timestamp('2023-12-01 12:00:00')]
2023-12-01 10:05:54,384 - __main__ - INFO - Timestamp 2023-12-01 12:00:00 already present in data/cron_job_data/vikas_sadan_cron_output.csv, not appending.
2023-12-01 11:02:37,208 - __main__ - INFO - station=> nise gwal, result => ['229', 'NISE Gwal Pahari, Gurugram, India', Timestamp('2023-12-01 12:00:00')]
2023-12-01 11:02:37,208 - __main__ - INFO - Timestamp 2023-12-01 12:00:00 already present in data/cron_job_data/nise_cron_output.csv, not appending.
2023-12-01 11:02:37,927 - __main__ - INFO - station=> Sector-51, Gurugram, result => ['186', 'Sector-51, Gurugram, India', Timestamp('2023-12-01 12:00:00')]
2023-12-01 11:02:37,928 - __main__ - INFO - Timestamp 2023-12-01 12:00:00 already present in data/cron_job_data/sector_51_cron_output.csv, not appending.
2023-12-01 11:02:38,659 - __main__ - INFO - station=> Teri Gram, result => ['181', 'Teri Gram, Gurugram, India', Timestamp('2023-12-01 12:00:00')]
2023-12-01 11:02:38,659 - __main__ - INFO - Timestamp 2023-12-01 12:00:00 already present in data/cron_job_data/teri_gram_cron_output.csv, not appending.
2023-12-01 11:02:39,349 - __main__ - INFO - station=> Vikas Sadan, result => ['217', 'Vikas Sadan Gurgaon, Gurgaon, India', Timestamp('2023-12-01 12:00:00')]
2023-12-01 11:02:39,349 - __main__ - INFO - Timestamp 2023-12-01 12:00:00 already present in data/cron_job_data/vikas_sadan_cron_output.csv, not appending.
