2024-09-02 01:00:11,281 - __main__ - INFO - station=> Sector-51, Gurugram, result => ['170', 'Sector-51, Gurugram, India', Timestamp('2024-09-02 06:00:00')]
2024-09-02 01:00:11,281 - __main__ - INFO - The hourly data has been written to data/cron_job_data/sector_51_cron_output.csv with Timestamp: 2024-09-02 06:00:00
2024-09-02 01:00:11,980 - __main__ - INFO - station=> Sector-51, Gurugram, result => ['170', 'Sector-51, Gurugram, India', Timestamp('2024-09-02 06:00:00')]
2024-09-02 01:00:11,981 - __main__ - INFO - The hourly data has been written to static/data/sector_51_cron_output.csv with Timestamp: 2024-09-02 06:00:00
2024-09-02 01:00:12,087 - __main__ - INFO - df_api columns Index(['AQI'], dtype='object')
2024-09-02 01:00:12,087 - __main__ - INFO - today=> 2024-09-02 & yesterday=> 2024-09-01
2024-09-02 01:00:12,089 - __main__ - INFO - temp_daily_aqi columns Index(['Unnamed: 0', 'Date', 'AQI'], dtype='object')
2024-09-02 01:00:12,091 - __main__ - INFO - temp_daily_aqi[2024-09-01]=> Empty DataFrame
Columns: [Unnamed: 0, AQI]
Index: []
2024-09-02 01:00:12,092 - __main__ - INFO - Index => 1641, yesterday => 2024-09-01 & AQI => 142.0
2024-09-02 01:00:12,092 - __main__ - INFO - Daily AQI data has been written to data/cleaned_data/Forecasting_time_series/sector_51_daily_aqi.csv
2024-09-02 01:00:12,093 - __main__ - INFO - Index => 1641, yesterday => 2024-09-01 & AQI => 142.0
2024-09-02 01:00:12,093 - __main__ - INFO - Daily AQI data has been written to static/data/sector_51_daily_aqi.csv
2024-09-02 01:00:12,097 - __main__ - INFO - Re-training the model & train_end is 2024-08-27 00:00:00
2024-09-02 01:00:13,375 - __main__ - INFO - Retrained the model & MAPE is 80.31%
2024-09-02 01:00:13,376 - __main__ - INFO - Retrained the model & MAE is 113.83440852091026
2024-09-02 01:00:14,806 - __main__ - INFO - Forecast=> 2024-09-02    155.682881
2024-09-03    157.684619
2024-09-04    162.203803
2024-09-05    165.890371
2024-09-06    170.400071
Freq: D, Name: predicted_mean, dtype: float64
2024-09-02 01:00:14,807 - __main__ - INFO - The forecast data has been written to data/cleaned_data/Forecasting_time_series/forecast_sector_51_daily_aqi.csv
2024-09-02 01:00:14,807 - __main__ - INFO - The forecast data has been written to static/data/forecast_sector_51_daily_aqi.csv
2024-09-02 02:14:22,460 - __main__ - INFO - station=> Sector-51, Gurugram, result => ['190', 'Sector-51, Gurugram, India', Timestamp('2024-09-02 07:00:00')]
2024-09-02 02:14:22,460 - __main__ - INFO - The hourly data has been written to data/cron_job_data/sector_51_cron_output.csv with Timestamp: 2024-09-02 07:00:00
2024-09-02 02:14:22,926 - __main__ - INFO - station=> Sector-51, Gurugram, result => ['190', 'Sector-51, Gurugram, India', Timestamp('2024-09-02 07:00:00')]
2024-09-02 02:14:22,927 - __main__ - INFO - The hourly data has been written to static/data/sector_51_cron_output.csv with Timestamp: 2024-09-02 07:00:00
2024-09-02 03:14:45,561 - __main__ - INFO - station=> Sector-51, Gurugram, result => ['198', 'Sector-51, Gurugram, India', Timestamp('2024-09-02 08:00:00')]
2024-09-02 03:14:45,561 - __main__ - INFO - The hourly data has been written to data/cron_job_data/sector_51_cron_output.csv with Timestamp: 2024-09-02 08:00:00
2024-09-02 03:14:46,266 - __main__ - INFO - station=> Sector-51, Gurugram, result => ['198', 'Sector-51, Gurugram, India', Timestamp('2024-09-02 08:00:00')]
2024-09-02 03:14:46,266 - __main__ - INFO - The hourly data has been written to static/data/sector_51_cron_output.csv with Timestamp: 2024-09-02 08:00:00
2024-09-02 04:16:12,644 - __main__ - INFO - station=> Sector-51, Gurugram, result => ['168', 'Sector-51, Gurugram, India', Timestamp('2024-09-02 09:00:00')]
2024-09-02 04:16:12,644 - __main__ - INFO - The hourly data has been written to data/cron_job_data/sector_51_cron_output.csv with Timestamp: 2024-09-02 09:00:00
2024-09-02 04:16:13,349 - __main__ - INFO - station=> Sector-51, Gurugram, result => ['168', 'Sector-51, Gurugram, India', Timestamp('2024-09-02 09:00:00')]
2024-09-02 04:16:13,349 - __main__ - INFO - The hourly data has been written to static/data/sector_51_cron_output.csv with Timestamp: 2024-09-02 09:00:00
2024-09-02 05:13:32,953 - __main__ - INFO - station=> Sector-51, Gurugram, result => ['115', 'Sector-51, Gurugram, India', Timestamp('2024-09-02 10:00:00')]
2024-09-02 05:13:32,953 - __main__ - INFO - The hourly data has been written to data/cron_job_data/sector_51_cron_output.csv with Timestamp: 2024-09-02 10:00:00
2024-09-02 05:13:33,658 - __main__ - INFO - station=> Sector-51, Gurugram, result => ['115', 'Sector-51, Gurugram, India', Timestamp('2024-09-02 10:00:00')]
2024-09-02 05:13:33,658 - __main__ - INFO - The hourly data has been written to static/data/sector_51_cron_output.csv with Timestamp: 2024-09-02 10:00:00
