2024-01-02 00:28:37,711 - __main__ - INFO - station=> nise gwal, result => ['173', 'NISE Gwal Pahari, Gurugram, India', Timestamp('2024-01-02 05:00:00')]
2024-01-02 00:28:37,712 - __main__ - INFO - The hourly data has been written to data/cron_job_data/nise_cron_output.csv with Timestamp: 2024-01-02 05:00:00
2024-01-02 00:28:38,387 - __main__ - INFO - station=> Sector-51, Gurugram, result => ['153', 'Sector-51, Gurugram, India', Timestamp('2024-01-02 05:00:00')]
2024-01-02 00:28:38,388 - __main__ - INFO - The hourly data has been written to data/cron_job_data/sector_51_cron_output.csv with Timestamp: 2024-01-02 05:00:00
2024-01-02 00:28:39,073 - __main__ - INFO - station=> Teri Gram, result => ['168', 'Teri Gram, Gurugram, India', Timestamp('2024-01-02 05:00:00')]
2024-01-02 00:28:39,074 - __main__ - INFO - The hourly data has been written to data/cron_job_data/teri_gram_cron_output.csv with Timestamp: 2024-01-02 05:00:00
2024-01-02 00:28:39,759 - __main__ - INFO - station=> Vikas Sadan, result => ['129', 'Vikas Sadan Gurgaon, Gurgaon, India', Timestamp('2024-01-02 05:00:00')]
2024-01-02 00:28:39,760 - __main__ - INFO - The hourly data has been written to data/cron_job_data/vikas_sadan_cron_output.csv with Timestamp: 2024-01-02 05:00:00
2024-01-02 00:28:39,760 - __main__ - INFO - datetime.now()=> 2024-01-02 00:28:39.760988
2024-01-02 01:45:35,265 - __main__ - INFO - station=> nise gwal, result => ['141', 'NISE Gwal Pahari, Gurugram, India', Timestamp('2024-01-02 07:00:00')]
2024-01-02 01:45:35,265 - __main__ - INFO - The hourly data has been written to data/cron_job_data/nise_cron_output.csv with Timestamp: 2024-01-02 07:00:00
2024-01-02 01:45:35,748 - __main__ - INFO - station=> Sector-51, Gurugram, result => ['129', 'Sector-51, Gurugram, India', Timestamp('2024-01-02 07:00:00')]
2024-01-02 01:45:35,749 - __main__ - INFO - The hourly data has been written to data/cron_job_data/sector_51_cron_output.csv with Timestamp: 2024-01-02 07:00:00
2024-01-02 01:45:36,235 - __main__ - INFO - station=> Teri Gram, result => ['154', 'Teri Gram, Gurugram, India', Timestamp('2024-01-02 07:00:00')]
2024-01-02 01:45:36,235 - __main__ - INFO - The hourly data has been written to data/cron_job_data/teri_gram_cron_output.csv with Timestamp: 2024-01-02 07:00:00
2024-01-02 01:45:36,714 - __main__ - INFO - station=> Vikas Sadan, result => ['101', 'Vikas Sadan Gurgaon, Gurgaon, India', Timestamp('2024-01-02 07:00:00')]
2024-01-02 01:45:36,715 - __main__ - INFO - The hourly data has been written to data/cron_job_data/vikas_sadan_cron_output.csv with Timestamp: 2024-01-02 07:00:00
2024-01-02 01:45:36,716 - __main__ - INFO - datetime.now()=> 2024-01-02 01:45:36.716323
2024-01-02 01:45:36,716 - __main__ - INFO - Calling writeData & retrain_model functions.
2024-01-02 01:45:36,722 - __main__ - INFO - df_api columns Index(['AQI'], dtype='object')
2024-01-02 01:45:36,722 - __main__ - INFO - today=> 2024-01-02 & yesterday=> 2024-01-01
2024-01-02 01:45:36,724 - __main__ - INFO - temp_daily_aqi columns Index(['Unnamed: 0', 'Date', 'AQI'], dtype='object')
2024-01-02 01:45:36,726 - __main__ - INFO - temp_daily_aqi[2024-01-01]=> Empty DataFrame
Columns: [Unnamed: 0, AQI]
Index: []
2024-01-02 01:45:36,727 - __main__ - INFO - Index => 1397, yesterday => 2024-01-01 & AQI => 189.0
2024-01-02 01:45:36,727 - __main__ - INFO - Daily AQI data has been written to data/cleaned_data/Forecasting_time_series/sector_51_daily_aqi.csv
2024-01-02 01:45:36,731 - __main__ - INFO - Re-training the model & train_end is 2023-12-27 00:00:00
2024-01-02 01:45:38,287 - __main__ - INFO - Retrained the model & MAPE is 25.27%
2024-01-02 01:45:39,551 - __main__ - INFO - Forecast=> 2024-01-02    196.650724
2024-01-03    196.509594
2024-01-04    204.244519
2024-01-05    210.287331
2024-01-06    207.580194
Freq: D, Name: predicted_mean, dtype: float64
2024-01-02 01:45:39,551 - __main__ - INFO - The forecast data has been written to data/cleaned_data/Forecasting_time_series/forecast_sector_51_daily_aqi.csv
2024-01-02 02:21:04,691 - __main__ - INFO - station=> nise gwal, result => ['141', 'NISE Gwal Pahari, Gurugram, India', Timestamp('2024-01-02 07:00:00')]
2024-01-02 02:21:04,691 - __main__ - INFO - Timestamp 2024-01-02 07:00:00 already present in data/cron_job_data/nise_cron_output.csv, not appending.
2024-01-02 02:21:05,178 - __main__ - INFO - station=> Sector-51, Gurugram, result => ['128', 'Sector-51, Gurugram, India', Timestamp('2024-01-02 07:00:00')]
2024-01-02 02:21:05,179 - __main__ - INFO - Timestamp 2024-01-02 07:00:00 already present in data/cron_job_data/sector_51_cron_output.csv, not appending.
2024-01-02 02:21:05,656 - __main__ - INFO - station=> Teri Gram, result => ['153', 'Teri Gram, Gurugram, India', Timestamp('2024-01-02 07:00:00')]
2024-01-02 02:21:05,656 - __main__ - INFO - Timestamp 2024-01-02 07:00:00 already present in data/cron_job_data/teri_gram_cron_output.csv, not appending.
2024-01-02 02:21:06,129 - __main__ - INFO - station=> Vikas Sadan, result => ['100', 'Vikas Sadan Gurgaon, Gurgaon, India', Timestamp('2024-01-02 07:00:00')]
2024-01-02 02:21:06,130 - __main__ - INFO - Timestamp 2024-01-02 07:00:00 already present in data/cron_job_data/vikas_sadan_cron_output.csv, not appending.
2024-01-02 02:21:06,131 - __main__ - INFO - datetime.now()=> 2024-01-02 02:21:06.131225
2024-01-02 03:07:01,317 - __main__ - INFO - station=> nise gwal, result => ['154', 'NISE Gwal Pahari, Gurugram, India', Timestamp('2024-01-02 08:00:00')]
2024-01-02 03:07:01,317 - __main__ - INFO - The hourly data has been written to data/cron_job_data/nise_cron_output.csv with Timestamp: 2024-01-02 08:00:00
2024-01-02 03:07:02,021 - __main__ - INFO - station=> Sector-51, Gurugram, result => ['128', 'Sector-51, Gurugram, India', Timestamp('2024-01-02 08:00:00')]
2024-01-02 03:07:02,021 - __main__ - INFO - The hourly data has been written to data/cron_job_data/sector_51_cron_output.csv with Timestamp: 2024-01-02 08:00:00
2024-01-02 03:07:02,729 - __main__ - INFO - station=> Teri Gram, result => ['147', 'Teri Gram, Gurugram, India', Timestamp('2024-01-02 08:00:00')]
2024-01-02 03:07:02,730 - __main__ - INFO - The hourly data has been written to data/cron_job_data/teri_gram_cron_output.csv with Timestamp: 2024-01-02 08:00:00
2024-01-02 03:07:03,449 - __main__ - INFO - station=> Vikas Sadan, result => ['83', 'Vikas Sadan Gurgaon, Gurgaon, India', Timestamp('2024-01-02 08:00:00')]
2024-01-02 03:07:03,450 - __main__ - INFO - The hourly data has been written to data/cron_job_data/vikas_sadan_cron_output.csv with Timestamp: 2024-01-02 08:00:00
2024-01-02 03:07:03,451 - __main__ - INFO - datetime.now()=> 2024-01-02 03:07:03.451573
2024-01-02 04:07:51,600 - __main__ - INFO - station=> nise gwal, result => ['162', 'NISE Gwal Pahari, Gurugram, India', Timestamp('2024-01-02 09:00:00')]
2024-01-02 04:07:51,601 - __main__ - INFO - The hourly data has been written to data/cron_job_data/nise_cron_output.csv with Timestamp: 2024-01-02 09:00:00
2024-01-02 04:07:52,083 - __main__ - INFO - station=> Sector-51, Gurugram, result => ['125', 'Sector-51, Gurugram, India', Timestamp('2024-01-02 09:00:00')]
2024-01-02 04:07:52,083 - __main__ - INFO - The hourly data has been written to data/cron_job_data/sector_51_cron_output.csv with Timestamp: 2024-01-02 09:00:00
2024-01-02 04:07:52,561 - __main__ - INFO - station=> Teri Gram, result => ['126', 'Teri Gram, Gurugram, India', Timestamp('2024-01-02 09:00:00')]
2024-01-02 04:07:52,561 - __main__ - INFO - The hourly data has been written to data/cron_job_data/teri_gram_cron_output.csv with Timestamp: 2024-01-02 09:00:00
2024-01-02 04:07:53,042 - __main__ - INFO - station=> Vikas Sadan, result => ['65', 'Vikas Sadan Gurgaon, Gurgaon, India', Timestamp('2024-01-02 09:00:00')]
2024-01-02 04:07:53,043 - __main__ - INFO - The hourly data has been written to data/cron_job_data/vikas_sadan_cron_output.csv with Timestamp: 2024-01-02 09:00:00
2024-01-02 04:07:53,044 - __main__ - INFO - datetime.now()=> 2024-01-02 04:07:53.044156
2024-01-02 05:04:16,847 - __main__ - INFO - station=> nise gwal, result => ['161', 'NISE Gwal Pahari, Gurugram, India', Timestamp('2024-01-02 10:00:00')]
2024-01-02 05:04:16,847 - __main__ - INFO - The hourly data has been written to data/cron_job_data/nise_cron_output.csv with Timestamp: 2024-01-02 10:00:00
2024-01-02 05:04:17,561 - __main__ - INFO - station=> Sector-51, Gurugram, result => ['151', 'Sector-51, Gurugram, India', Timestamp('2024-01-02 10:00:00')]
2024-01-02 05:04:17,561 - __main__ - INFO - The hourly data has been written to data/cron_job_data/sector_51_cron_output.csv with Timestamp: 2024-01-02 10:00:00
2024-01-02 05:04:18,273 - __main__ - INFO - station=> Teri Gram, result => ['129', 'Teri Gram, Gurugram, India', Timestamp('2024-01-02 10:00:00')]
2024-01-02 05:04:18,273 - __main__ - INFO - The hourly data has been written to data/cron_job_data/teri_gram_cron_output.csv with Timestamp: 2024-01-02 10:00:00
2024-01-02 05:04:18,995 - __main__ - INFO - station=> Vikas Sadan, result => ['63', 'Vikas Sadan Gurgaon, Gurgaon, India', Timestamp('2024-01-02 10:00:00')]
2024-01-02 05:04:18,996 - __main__ - INFO - The hourly data has been written to data/cron_job_data/vikas_sadan_cron_output.csv with Timestamp: 2024-01-02 10:00:00
2024-01-02 05:04:18,997 - __main__ - INFO - datetime.now()=> 2024-01-02 05:04:18.997430
