2024-04-02 01:44:27,222 - __main__ - INFO - Calling writeData & retrain_model functions.
2024-04-02 01:44:27,228 - __main__ - INFO - df_api columns Index(['AQI'], dtype='object')
2024-04-02 01:44:27,229 - __main__ - INFO - today=> 2024-04-02 & yesterday=> 2024-04-01
2024-04-02 01:44:27,231 - __main__ - INFO - temp_daily_aqi columns Index(['Unnamed: 0', 'Date', 'AQI'], dtype='object')
2024-04-02 01:44:27,233 - __main__ - INFO - temp_daily_aqi[2024-04-01]=> Empty DataFrame
Columns: [Unnamed: 0, AQI]
Index: []
2024-04-02 01:44:27,234 - __main__ - INFO - Index => 1488, yesterday => 2024-04-01 & AQI => 268.0
2024-04-02 01:44:27,234 - __main__ - INFO - Daily AQI data has been written to data/cleaned_data/Forecasting_time_series/sector_51_daily_aqi.csv
2024-04-02 01:44:27,234 - __main__ - INFO - Index => 1488, yesterday => 2024-04-01 & AQI => 268.0
2024-04-02 01:44:27,235 - __main__ - INFO - Daily AQI data has been written to static/data/sector_51_daily_aqi.csv
2024-04-02 01:44:27,239 - __main__ - INFO - Re-training the model & train_end is 2024-03-27 00:00:00
2024-04-02 01:44:28,641 - __main__ - INFO - Retrained the model & MAPE is 30.78%
2024-04-02 01:44:28,641 - __main__ - INFO - Retrained the model & MAE is 70.66275908155379%
2024-04-02 01:44:29,965 - __main__ - INFO - Forecast=> 2024-04-02    276.054348
2024-04-03    270.611658
2024-04-04    266.404386
2024-04-05    266.996555
2024-04-06    273.422792
Freq: D, Name: predicted_mean, dtype: float64
2024-04-02 01:44:29,965 - __main__ - INFO - The forecast data has been written to data/cleaned_data/Forecasting_time_series/forecast_sector_51_daily_aqi.csv
2024-04-02 01:44:29,966 - __main__ - INFO - The forecast data has been written to static/data/forecast_sector_51_daily_aqi.csv
2024-04-02 22:07:43,347 - __main__ - INFO - station=> Sector-51, Gurugram, result => ['191', 'Sector-51, Gurugram, India', Timestamp('2024-04-03 03:00:00')]
2024-04-02 22:07:43,347 - __main__ - INFO - The hourly data has been written to data/cron_job_data/sector_51_cron_output.csv with Timestamp: 2024-04-03 03:00:00
2024-04-02 22:07:44,040 - __main__ - INFO - station=> Sector-51, Gurugram, result => ['191', 'Sector-51, Gurugram, India', Timestamp('2024-04-03 03:00:00')]
2024-04-02 22:07:44,040 - __main__ - INFO - The hourly data has been written to static/data/sector_51_cron_output.csv with Timestamp: 2024-04-03 03:00:00
