2024-07-02 06:11:53,286 - __main__ - INFO - station=> Sector-51, Gurugram, result => ['156', 'Sector-51, Gurugram, India', Timestamp('2024-07-02 11:00:00')]
2024-07-02 06:11:53,287 - __main__ - INFO - The hourly data has been written to data/cron_job_data/sector_51_cron_output.csv with Timestamp: 2024-07-02 11:00:00
2024-07-02 06:11:53,970 - __main__ - INFO - station=> Sector-51, Gurugram, result => ['156', 'Sector-51, Gurugram, India', Timestamp('2024-07-02 11:00:00')]
2024-07-02 06:11:53,970 - __main__ - INFO - The hourly data has been written to static/data/sector_51_cron_output.csv with Timestamp: 2024-07-02 11:00:00
2024-07-02 08:10:28,087 - __main__ - INFO - station=> Sector-51, Gurugram, result => ['167', 'Sector-51, Gurugram, India', Timestamp('2024-07-02 13:00:00')]
2024-07-02 08:10:28,087 - __main__ - INFO - The hourly data has been written to data/cron_job_data/sector_51_cron_output.csv with Timestamp: 2024-07-02 13:00:00
2024-07-02 08:10:28,796 - __main__ - INFO - station=> Sector-51, Gurugram, result => ['167', 'Sector-51, Gurugram, India', Timestamp('2024-07-02 13:00:00')]
2024-07-02 08:10:28,796 - __main__ - INFO - The hourly data has been written to static/data/sector_51_cron_output.csv with Timestamp: 2024-07-02 13:00:00
2024-07-02 09:08:10,022 - __main__ - INFO - station=> Sector-51, Gurugram, result => ['161', 'Sector-51, Gurugram, India', Timestamp('2024-07-02 14:00:00')]
2024-07-02 09:08:10,022 - __main__ - INFO - The hourly data has been written to data/cron_job_data/sector_51_cron_output.csv with Timestamp: 2024-07-02 14:00:00
2024-07-02 09:08:10,699 - __main__ - INFO - station=> Sector-51, Gurugram, result => ['161', 'Sector-51, Gurugram, India', Timestamp('2024-07-02 14:00:00')]
2024-07-02 09:08:10,699 - __main__ - INFO - The hourly data has been written to static/data/sector_51_cron_output.csv with Timestamp: 2024-07-02 14:00:00
2024-07-02 10:08:11,344 - __main__ - INFO - station=> Sector-51, Gurugram, result => ['157', 'Sector-51, Gurugram, India', Timestamp('2024-07-02 15:00:00')]
2024-07-02 10:08:11,344 - __main__ - INFO - The hourly data has been written to data/cron_job_data/sector_51_cron_output.csv with Timestamp: 2024-07-02 15:00:00
2024-07-02 10:08:11,814 - __main__ - INFO - station=> Sector-51, Gurugram, result => ['157', 'Sector-51, Gurugram, India', Timestamp('2024-07-02 15:00:00')]
2024-07-02 10:08:11,814 - __main__ - INFO - The hourly data has been written to static/data/sector_51_cron_output.csv with Timestamp: 2024-07-02 15:00:00
2024-07-02 16:25:56,242 - __main__ - INFO - df_api columns Index(['AQI'], dtype='object')
2024-07-02 16:25:56,243 - __main__ - INFO - today=> 2024-07-02 & yesterday=> 2024-07-01
2024-07-02 16:25:56,245 - __main__ - INFO - temp_daily_aqi columns Index(['Unnamed: 0', 'Date', 'AQI'], dtype='object')
2024-07-02 16:25:56,251 - __main__ - INFO - temp_daily_aqi[2024-07-01]=>             Unnamed: 0    AQI
Date                         
2024-07-01        1579  145.0
2024-07-02 16:25:56,257 - __main__ - INFO - Re-training the model & train_end is 2024-06-26 00:00:00
2024-07-02 16:25:58,277 - __main__ - INFO - Retrained the model & MAPE is 10.2%
2024-07-02 16:25:58,278 - __main__ - INFO - Retrained the model & MAE is 13.715810340505225
2024-07-02 16:26:00,048 - __main__ - INFO - Forecast=> 2024-07-02    150.681155
2024-07-03    160.176822
2024-07-04    161.407238
2024-07-05    170.383274
2024-07-06    189.656896
Freq: D, Name: predicted_mean, dtype: float64
2024-07-02 16:26:00,049 - __main__ - INFO - The forecast data has been written to data/cleaned_data/Forecasting_time_series/forecast_sector_51_daily_aqi.csv
2024-07-02 16:26:00,050 - __main__ - INFO - The forecast data has been written to static/data/forecast_sector_51_daily_aqi.csv
2024-07-02 12:13:34,893 - __main__ - INFO - station=> Sector-51, Gurugram, result => ['157', 'Sector-51, Gurugram, India', Timestamp('2024-07-02 17:00:00')]
2024-07-02 12:13:34,894 - __main__ - INFO - The hourly data has been written to data/cron_job_data/sector_51_cron_output.csv with Timestamp: 2024-07-02 17:00:00
2024-07-02 12:13:35,362 - __main__ - INFO - station=> Sector-51, Gurugram, result => ['157', 'Sector-51, Gurugram, India', Timestamp('2024-07-02 17:00:00')]
2024-07-02 12:13:35,362 - __main__ - INFO - The hourly data has been written to static/data/sector_51_cron_output.csv with Timestamp: 2024-07-02 17:00:00
2024-07-02 13:10:30,065 - __main__ - INFO - station=> Sector-51, Gurugram, result => ['160', 'Sector-51, Gurugram, India', Timestamp('2024-07-02 18:00:00')]
2024-07-02 13:10:30,065 - __main__ - INFO - The hourly data has been written to data/cron_job_data/sector_51_cron_output.csv with Timestamp: 2024-07-02 18:00:00
2024-07-02 13:10:30,747 - __main__ - INFO - station=> Sector-51, Gurugram, result => ['160', 'Sector-51, Gurugram, India', Timestamp('2024-07-02 18:00:00')]
2024-07-02 13:10:30,747 - __main__ - INFO - The hourly data has been written to static/data/sector_51_cron_output.csv with Timestamp: 2024-07-02 18:00:00
2024-07-02 14:07:41,762 - __main__ - INFO - station=> Sector-51, Gurugram, result => ['151', 'Sector-51, Gurugram, India', Timestamp('2024-07-02 19:00:00')]
2024-07-02 14:07:41,762 - __main__ - INFO - The hourly data has been written to data/cron_job_data/sector_51_cron_output.csv with Timestamp: 2024-07-02 19:00:00
2024-07-02 14:07:42,428 - __main__ - INFO - station=> Sector-51, Gurugram, result => ['151', 'Sector-51, Gurugram, India', Timestamp('2024-07-02 19:00:00')]
2024-07-02 14:07:42,428 - __main__ - INFO - The hourly data has been written to static/data/sector_51_cron_output.csv with Timestamp: 2024-07-02 19:00:00
2024-07-02 15:07:46,734 - __main__ - INFO - station=> Sector-51, Gurugram, result => ['147', 'Sector-51, Gurugram, India', Timestamp('2024-07-02 20:00:00')]
2024-07-02 15:07:46,734 - __main__ - INFO - The hourly data has been written to data/cron_job_data/sector_51_cron_output.csv with Timestamp: 2024-07-02 20:00:00
2024-07-02 15:07:47,400 - __main__ - INFO - station=> Sector-51, Gurugram, result => ['147', 'Sector-51, Gurugram, India', Timestamp('2024-07-02 20:00:00')]
2024-07-02 15:07:47,401 - __main__ - INFO - The hourly data has been written to static/data/sector_51_cron_output.csv with Timestamp: 2024-07-02 20:00:00
2024-07-02 16:10:12,797 - __main__ - INFO - station=> Sector-51, Gurugram, result => ['141', 'Sector-51, Gurugram, India', Timestamp('2024-07-02 21:00:00')]
2024-07-02 16:10:12,797 - __main__ - INFO - The hourly data has been written to data/cron_job_data/sector_51_cron_output.csv with Timestamp: 2024-07-02 21:00:00
2024-07-02 16:10:13,264 - __main__ - INFO - station=> Sector-51, Gurugram, result => ['141', 'Sector-51, Gurugram, India', Timestamp('2024-07-02 21:00:00')]
2024-07-02 16:10:13,264 - __main__ - INFO - The hourly data has been written to static/data/sector_51_cron_output.csv with Timestamp: 2024-07-02 21:00:00
2024-07-02 18:09:51,831 - __main__ - INFO - station=> Sector-51, Gurugram, result => ['151', 'Sector-51, Gurugram, India', Timestamp('2024-07-02 23:00:00')]
2024-07-02 18:09:51,831 - __main__ - INFO - The hourly data has been written to data/cron_job_data/sector_51_cron_output.csv with Timestamp: 2024-07-02 23:00:00
2024-07-02 18:09:52,477 - __main__ - INFO - station=> Sector-51, Gurugram, result => ['151', 'Sector-51, Gurugram, India', Timestamp('2024-07-02 23:00:00')]
2024-07-02 18:09:52,477 - __main__ - INFO - The hourly data has been written to static/data/sector_51_cron_output.csv with Timestamp: 2024-07-02 23:00:00
2024-07-02 19:08:01,767 - __main__ - INFO - station=> Sector-51, Gurugram, result => ['151', 'Sector-51, Gurugram, India', Timestamp('2024-07-03 00:00:00')]
2024-07-02 19:08:01,768 - __main__ - INFO - The hourly data has been written to data/cron_job_data/sector_51_cron_output.csv with Timestamp: 2024-07-03 00:00:00
2024-07-02 19:08:02,432 - __main__ - INFO - station=> Sector-51, Gurugram, result => ['151', 'Sector-51, Gurugram, India', Timestamp('2024-07-03 00:00:00')]
2024-07-02 19:08:02,432 - __main__ - INFO - The hourly data has been written to static/data/sector_51_cron_output.csv with Timestamp: 2024-07-03 00:00:00
