2024-06-02 01:56:03,227 - __main__ - INFO - Calling writeData & retrain_model functions.
2024-06-02 01:56:03,235 - __main__ - INFO - df_api columns Index(['AQI'], dtype='object')
2024-06-02 01:56:03,235 - __main__ - INFO - today=> 2024-06-02 & yesterday=> 2024-06-01
2024-06-02 01:56:03,237 - __main__ - INFO - temp_daily_aqi columns Index(['Unnamed: 0', 'Date', 'AQI'], dtype='object')
2024-06-02 01:56:03,240 - __main__ - INFO - temp_daily_aqi[2024-06-01]=> Empty DataFrame
Columns: [Unnamed: 0, AQI]
Index: []
2024-06-02 01:56:03,240 - __main__ - INFO - Index => 1549, yesterday => 2024-06-01 & AQI => 144.0
2024-06-02 01:56:03,240 - __main__ - INFO - Daily AQI data has been written to data/cleaned_data/Forecasting_time_series/sector_51_daily_aqi.csv
2024-06-02 01:56:03,241 - __main__ - INFO - Index => 1549, yesterday => 2024-06-01 & AQI => 144.0
2024-06-02 01:56:03,241 - __main__ - INFO - Daily AQI data has been written to static/data/sector_51_daily_aqi.csv
2024-06-02 01:56:03,245 - __main__ - INFO - Re-training the model & train_end is 2024-05-27 00:00:00
2024-06-02 01:56:04,401 - __main__ - INFO - Retrained the model & MAPE is 29.58%
2024-06-02 01:56:04,402 - __main__ - INFO - Retrained the model & MAE is 46.1375759800203
2024-06-02 01:56:05,598 - __main__ - INFO - Forecast=> 2024-06-02    145.465856
2024-06-03    155.005932
2024-06-04    158.266785
2024-06-05    167.355248
2024-06-06    167.172210
Freq: D, Name: predicted_mean, dtype: float64
2024-06-02 01:56:05,598 - __main__ - INFO - The forecast data has been written to data/cleaned_data/Forecasting_time_series/forecast_sector_51_daily_aqi.csv
2024-06-02 01:56:05,598 - __main__ - INFO - The forecast data has been written to static/data/forecast_sector_51_daily_aqi.csv
