2024-10-02 01:13:51,132 - __main__ - INFO - station=> Sector-51, Gurugram, result => ['185', 'Sector-51, Gurugram, India', Timestamp('2024-10-02 06:00:00')]
2024-10-02 01:13:51,132 - __main__ - INFO - The hourly data has been written to data/cron_job_data/sector_51_cron_output.csv with Timestamp: 2024-10-02 06:00:00
2024-10-02 01:13:51,601 - __main__ - INFO - station=> Sector-51, Gurugram, result => ['185', 'Sector-51, Gurugram, India', Timestamp('2024-10-02 06:00:00')]
2024-10-02 01:13:51,601 - __main__ - INFO - The hourly data has been written to static/data/sector_51_cron_output.csv with Timestamp: 2024-10-02 06:00:00
2024-10-02 01:13:51,646 - __main__ - INFO - df_api columns Index(['AQI'], dtype='object')
2024-10-02 01:13:51,646 - __main__ - INFO - today=> 2024-10-02 & yesterday=> 2024-10-01
2024-10-02 01:13:51,648 - __main__ - INFO - temp_daily_aqi columns Index(['Unnamed: 0', 'Date', 'AQI'], dtype='object')
2024-10-02 01:13:51,651 - __main__ - INFO - temp_daily_aqi[2024-10-01]=> Empty DataFrame
Columns: [Unnamed: 0, AQI]
Index: []
2024-10-02 01:13:51,651 - __main__ - INFO - Index => 1671, yesterday => 2024-10-01 & AQI => 134.0
2024-10-02 01:13:51,651 - __main__ - INFO - Daily AQI data has been written to data/cleaned_data/Forecasting_time_series/sector_51_daily_aqi.csv
2024-10-02 01:13:51,652 - __main__ - INFO - Index => 1671, yesterday => 2024-10-01 & AQI => 134.0
2024-10-02 01:13:51,652 - __main__ - INFO - Daily AQI data has been written to static/data/sector_51_daily_aqi.csv
2024-10-02 01:13:51,657 - __main__ - INFO - Re-training the model & train_end is 2024-09-26 00:00:00
2024-10-02 01:13:53,167 - __main__ - INFO - Retrained the model & MAPE is 10.63%
2024-10-02 01:13:53,168 - __main__ - INFO - Retrained the model & MAE is 13.56243040265353
2024-10-02 01:13:54,578 - __main__ - INFO - Forecast=> 2024-10-02    143.724080
2024-10-03    147.884626
2024-10-04    153.441642
2024-10-05    170.332435
2024-10-06    155.423267
Freq: D, Name: predicted_mean, dtype: float64
2024-10-02 01:13:54,578 - __main__ - INFO - The forecast data has been written to data/cleaned_data/Forecasting_time_series/forecast_sector_51_daily_aqi.csv
2024-10-02 01:13:54,579 - __main__ - INFO - The forecast data has been written to static/data/forecast_sector_51_daily_aqi.csv
2024-10-02 04:19:47,520 - __main__ - INFO - station=> Sector-51, Gurugram, result => ['96', 'Sector-51, Gurugram, India', Timestamp('2024-10-02 09:00:00')]
2024-10-02 04:19:47,520 - __main__ - INFO - The hourly data has been written to data/cron_job_data/sector_51_cron_output.csv with Timestamp: 2024-10-02 09:00:00
2024-10-02 04:19:48,195 - __main__ - INFO - station=> Sector-51, Gurugram, result => ['96', 'Sector-51, Gurugram, India', Timestamp('2024-10-02 09:00:00')]
2024-10-02 04:19:48,195 - __main__ - INFO - The hourly data has been written to static/data/sector_51_cron_output.csv with Timestamp: 2024-10-02 09:00:00
