2024-05-03 01:46:24,954 - __main__ - INFO - Calling writeData & retrain_model functions.
2024-05-03 01:46:24,961 - __main__ - INFO - df_api columns Index(['AQI'], dtype='object')
2024-05-03 01:46:24,962 - __main__ - INFO - today=> 2024-05-03 & yesterday=> 2024-05-02
2024-05-03 01:46:24,964 - __main__ - INFO - temp_daily_aqi columns Index(['Unnamed: 0', 'Date', 'AQI'], dtype='object')
2024-05-03 01:46:24,967 - __main__ - INFO - temp_daily_aqi[2024-05-02]=> Empty DataFrame
Columns: [Unnamed: 0, AQI]
Index: []
2024-05-03 01:46:24,967 - __main__ - INFO - Index => 1519, yesterday => 2024-05-02 & AQI => 213.0
2024-05-03 01:46:24,968 - __main__ - INFO - Daily AQI data has been written to data/cleaned_data/Forecasting_time_series/sector_51_daily_aqi.csv
2024-05-03 01:46:24,968 - __main__ - INFO - Index => 1519, yesterday => 2024-05-02 & AQI => 213.0
2024-05-03 01:46:24,968 - __main__ - INFO - Daily AQI data has been written to static/data/sector_51_daily_aqi.csv
2024-05-03 01:46:24,974 - __main__ - INFO - Re-training the model & train_end is 2024-04-27 00:00:00
2024-05-03 01:46:26,346 - __main__ - INFO - Retrained the model & MAPE is 8.22%
2024-05-03 01:46:26,347 - __main__ - INFO - Retrained the model & MAE is 18.61752329313247
2024-05-03 01:46:27,554 - __main__ - INFO - Forecast=> 2024-05-03    221.626061
2024-05-04    239.498270
2024-05-05    211.428261
2024-05-06    214.493029
2024-05-07    212.339139
Freq: D, Name: predicted_mean, dtype: float64
2024-05-03 01:46:27,555 - __main__ - INFO - The forecast data has been written to data/cleaned_data/Forecasting_time_series/forecast_sector_51_daily_aqi.csv
2024-05-03 01:46:27,555 - __main__ - INFO - The forecast data has been written to static/data/forecast_sector_51_daily_aqi.csv
2024-05-03 03:08:48,704 - __main__ - INFO - station=> Sector-51, Gurugram, result => ['394', 'Sector-51, Gurugram, India', Timestamp('2024-05-03 08:00:00')]
2024-05-03 03:08:48,704 - __main__ - INFO - The hourly data has been written to data/cron_job_data/sector_51_cron_output.csv with Timestamp: 2024-05-03 08:00:00
2024-05-03 03:08:49,385 - __main__ - INFO - station=> Sector-51, Gurugram, result => ['394', 'Sector-51, Gurugram, India', Timestamp('2024-05-03 08:00:00')]
2024-05-03 03:08:49,385 - __main__ - INFO - The hourly data has been written to static/data/sector_51_cron_output.csv with Timestamp: 2024-05-03 08:00:00
2024-05-03 04:10:32,622 - __main__ - INFO - station=> Sector-51, Gurugram, result => ['374', 'Sector-51, Gurugram, India', Timestamp('2024-05-03 09:00:00')]
2024-05-03 04:10:32,622 - __main__ - INFO - The hourly data has been written to data/cron_job_data/sector_51_cron_output.csv with Timestamp: 2024-05-03 09:00:00
2024-05-03 04:10:33,089 - __main__ - INFO - station=> Sector-51, Gurugram, result => ['374', 'Sector-51, Gurugram, India', Timestamp('2024-05-03 09:00:00')]
2024-05-03 04:10:33,089 - __main__ - INFO - The hourly data has been written to static/data/sector_51_cron_output.csv with Timestamp: 2024-05-03 09:00:00
2024-05-03 05:07:57,499 - __main__ - INFO - station=> Sector-51, Gurugram, result => ['267', 'Sector-51, Gurugram, India', Timestamp('2024-05-03 10:00:00')]
2024-05-03 05:07:57,500 - __main__ - INFO - The hourly data has been written to data/cron_job_data/sector_51_cron_output.csv with Timestamp: 2024-05-03 10:00:00
2024-05-03 05:07:57,974 - __main__ - INFO - station=> Sector-51, Gurugram, result => ['267', 'Sector-51, Gurugram, India', Timestamp('2024-05-03 10:00:00')]
2024-05-03 05:07:57,974 - __main__ - INFO - The hourly data has been written to static/data/sector_51_cron_output.csv with Timestamp: 2024-05-03 10:00:00
