2024-01-03 00:28:50,392 - __main__ - INFO - station=> nise gwal, result => ['279', 'NISE Gwal Pahari, Gurugram, India', Timestamp('2024-01-03 00:00:00')]
2024-01-03 00:28:50,392 - __main__ - INFO - Timestamp 2024-01-03 00:00:00 already present in data/cron_job_data/nise_cron_output.csv, not appending.
2024-01-03 00:28:51,061 - __main__ - INFO - station=> Sector-51, Gurugram, result => ['238', 'Sector-51, Gurugram, India', Timestamp('2024-01-03 05:00:00')]
2024-01-03 00:28:51,062 - __main__ - INFO - The hourly data has been written to data/cron_job_data/sector_51_cron_output.csv with Timestamp: 2024-01-03 05:00:00
2024-01-03 00:28:51,734 - __main__ - INFO - station=> Teri Gram, result => ['182', 'Teri Gram, Gurugram, India', Timestamp('2024-01-03 05:00:00')]
2024-01-03 00:28:51,735 - __main__ - INFO - The hourly data has been written to data/cron_job_data/teri_gram_cron_output.csv with Timestamp: 2024-01-03 05:00:00
2024-01-03 00:28:52,406 - __main__ - INFO - station=> Vikas Sadan, result => ['170', 'Vikas Sadan Gurgaon, Gurgaon, India', Timestamp('2024-01-03 05:00:00')]
2024-01-03 00:28:52,406 - __main__ - INFO - The hourly data has been written to data/cron_job_data/vikas_sadan_cron_output.csv with Timestamp: 2024-01-03 05:00:00
2024-01-03 00:28:52,407 - __main__ - INFO - datetime.now()=> 2024-01-03 00:28:52.407971
2024-01-03 01:44:44,222 - __main__ - INFO - station=> nise gwal, result => ['279', 'NISE Gwal Pahari, Gurugram, India', Timestamp('2024-01-03 00:00:00')]
2024-01-03 01:44:44,223 - __main__ - INFO - Timestamp 2024-01-03 00:00:00 already present in data/cron_job_data/nise_cron_output.csv, not appending.
2024-01-03 01:44:44,915 - __main__ - INFO - station=> Sector-51, Gurugram, result => ['167', 'Sector-51, Gurugram, India', Timestamp('2024-01-03 07:00:00')]
2024-01-03 01:44:44,916 - __main__ - INFO - The hourly data has been written to data/cron_job_data/sector_51_cron_output.csv with Timestamp: 2024-01-03 07:00:00
2024-01-03 01:44:45,609 - __main__ - INFO - station=> Teri Gram, result => ['180', 'Teri Gram, Gurugram, India', Timestamp('2024-01-03 06:00:00')]
2024-01-03 01:44:45,610 - __main__ - INFO - The hourly data has been written to data/cron_job_data/teri_gram_cron_output.csv with Timestamp: 2024-01-03 06:00:00
2024-01-03 01:44:46,322 - __main__ - INFO - station=> Vikas Sadan, result => ['168', 'Vikas Sadan Gurgaon, Gurgaon, India', Timestamp('2024-01-03 07:00:00')]
2024-01-03 01:44:46,323 - __main__ - INFO - The hourly data has been written to data/cron_job_data/vikas_sadan_cron_output.csv with Timestamp: 2024-01-03 07:00:00
2024-01-03 01:44:46,324 - __main__ - INFO - datetime.now()=> 2024-01-03 01:44:46.324518
2024-01-03 01:44:46,324 - __main__ - INFO - Calling writeData & retrain_model functions.
2024-01-03 01:44:46,330 - __main__ - INFO - df_api columns Index(['AQI'], dtype='object')
2024-01-03 01:44:46,330 - __main__ - INFO - today=> 2024-01-03 & yesterday=> 2024-01-02
2024-01-03 01:44:46,332 - __main__ - INFO - temp_daily_aqi columns Index(['Unnamed: 0', 'Date', 'AQI'], dtype='object')
2024-01-03 01:44:46,334 - __main__ - INFO - temp_daily_aqi[2024-01-02]=> Empty DataFrame
Columns: [Unnamed: 0, AQI]
Index: []
2024-01-03 01:44:46,335 - __main__ - INFO - Index => 1398, yesterday => 2024-01-02 & AQI => 180.0
2024-01-03 01:44:46,335 - __main__ - INFO - Daily AQI data has been written to data/cleaned_data/Forecasting_time_series/sector_51_daily_aqi.csv
2024-01-03 01:44:46,339 - __main__ - INFO - Re-training the model & train_end is 2023-12-28 00:00:00
2024-01-03 01:44:47,712 - __main__ - INFO - Retrained the model & MAPE is 5.31%
2024-01-03 01:44:48,943 - __main__ - INFO - Forecast=> 2024-01-03    184.884360
2024-01-04    193.804059
2024-01-05    200.910429
2024-01-06    199.174929
2024-01-07    190.910900
Freq: D, Name: predicted_mean, dtype: float64
2024-01-03 01:44:48,944 - __main__ - INFO - The forecast data has been written to data/cleaned_data/Forecasting_time_series/forecast_sector_51_daily_aqi.csv
