2024-04-03 00:30:25,084 - __main__ - INFO - station=> Sector-51, Gurugram, result => ['192', 'Sector-51, Gurugram, India', Timestamp('2024-04-03 05:00:00')]
2024-04-03 00:30:25,084 - __main__ - INFO - The hourly data has been written to data/cron_job_data/sector_51_cron_output.csv with Timestamp: 2024-04-03 05:00:00
2024-04-03 00:30:25,769 - __main__ - INFO - station=> Sector-51, Gurugram, result => ['192', 'Sector-51, Gurugram, India', Timestamp('2024-04-03 05:00:00')]
2024-04-03 00:30:25,769 - __main__ - INFO - The hourly data has been written to static/data/sector_51_cron_output.csv with Timestamp: 2024-04-03 05:00:00
2024-04-03 01:40:50,168 - __main__ - INFO - Calling writeData & retrain_model functions.
2024-04-03 01:40:50,174 - __main__ - INFO - df_api columns Index(['AQI'], dtype='object')
2024-04-03 01:40:50,175 - __main__ - INFO - today=> 2024-04-03 & yesterday=> 2024-04-02
2024-04-03 01:40:50,177 - __main__ - INFO - temp_daily_aqi columns Index(['Unnamed: 0', 'Date', 'AQI'], dtype='object')
2024-04-03 01:40:50,179 - __main__ - INFO - temp_daily_aqi[2024-04-02]=> Empty DataFrame
Columns: [Unnamed: 0, AQI]
Index: []
2024-04-03 01:40:50,180 - __main__ - INFO - Index => 1489, yesterday => 2024-04-02 & AQI => nan
2024-04-03 01:40:50,180 - __main__ - INFO - writeData function - Exception IndexError has occured for station=> data/cleaned_data/Forecasting_time_series/sector_51_daily_aqi.csv
2024-04-03 01:40:50,184 - __main__ - INFO - Re-training the model & train_end is 2024-03-27 00:00:00
2024-04-03 01:40:51,383 - __main__ - INFO - Retrained the model & MAPE is 30.78%
2024-04-03 01:40:51,383 - __main__ - INFO - Retrained the model & MAE is 70.66275908155379%
2024-04-03 01:40:52,533 - __main__ - INFO - Forecast=> 2024-04-02    276.054348
2024-04-03    270.611658
2024-04-04    266.404386
2024-04-05    266.996555
2024-04-06    273.422792
Freq: D, Name: predicted_mean, dtype: float64
2024-04-03 01:40:52,534 - __main__ - INFO - The forecast data has been written to data/cleaned_data/Forecasting_time_series/forecast_sector_51_daily_aqi.csv
2024-04-03 01:40:52,534 - __main__ - INFO - The forecast data has been written to static/data/forecast_sector_51_daily_aqi.csv
2024-04-03 04:09:31,213 - __main__ - INFO - station=> Sector-51, Gurugram, result => ['27', 'Sector-51, Gurugram, India', Timestamp('2024-04-03 09:00:00')]
2024-04-03 04:09:31,213 - __main__ - INFO - The hourly data has been written to data/cron_job_data/sector_51_cron_output.csv with Timestamp: 2024-04-03 09:00:00
2024-04-03 04:09:31,840 - __main__ - INFO - station=> Sector-51, Gurugram, result => ['27', 'Sector-51, Gurugram, India', Timestamp('2024-04-03 09:00:00')]
2024-04-03 04:09:31,840 - __main__ - INFO - The hourly data has been written to static/data/sector_51_cron_output.csv with Timestamp: 2024-04-03 09:00:00
2024-04-03 05:07:25,403 - __main__ - INFO - station=> Sector-51, Gurugram, result => ['254', 'Sector-51, Gurugram, India', Timestamp('2024-04-03 10:00:00')]
2024-04-03 05:07:25,404 - __main__ - INFO - The hourly data has been written to data/cron_job_data/sector_51_cron_output.csv with Timestamp: 2024-04-03 10:00:00
2024-04-03 05:07:26,028 - __main__ - INFO - station=> Sector-51, Gurugram, result => ['254', 'Sector-51, Gurugram, India', Timestamp('2024-04-03 10:00:00')]
2024-04-03 05:07:26,028 - __main__ - INFO - The hourly data has been written to static/data/sector_51_cron_output.csv with Timestamp: 2024-04-03 10:00:00
2024-04-03 09:08:21,091 - __main__ - INFO - station=> Sector-51, Gurugram, result => ['189', 'Sector-51, Gurugram, India', Timestamp('2024-04-03 14:00:00')]
2024-04-03 09:08:21,091 - __main__ - INFO - The hourly data has been written to data/cron_job_data/sector_51_cron_output.csv with Timestamp: 2024-04-03 14:00:00
2024-04-03 09:08:21,715 - __main__ - INFO - station=> Sector-51, Gurugram, result => ['189', 'Sector-51, Gurugram, India', Timestamp('2024-04-03 14:00:00')]
2024-04-03 09:08:21,715 - __main__ - INFO - The hourly data has been written to static/data/sector_51_cron_output.csv with Timestamp: 2024-04-03 14:00:00
2024-04-03 10:08:23,187 - __main__ - INFO - station=> Sector-51, Gurugram, result => ['178', 'Sector-51, Gurugram, India', Timestamp('2024-04-03 15:00:00')]
2024-04-03 10:08:23,187 - __main__ - INFO - The hourly data has been written to data/cron_job_data/sector_51_cron_output.csv with Timestamp: 2024-04-03 15:00:00
2024-04-03 10:08:23,865 - __main__ - INFO - station=> Sector-51, Gurugram, result => ['178', 'Sector-51, Gurugram, India', Timestamp('2024-04-03 15:00:00')]
2024-04-03 10:08:23,865 - __main__ - INFO - The hourly data has been written to static/data/sector_51_cron_output.csv with Timestamp: 2024-04-03 15:00:00
