2024-09-03 00:56:07,966 - __main__ - INFO - station=> Sector-51, Gurugram, result => ['99', 'Sector-51, Gurugram, India', Timestamp('2024-09-03 06:00:00')]
2024-09-03 00:56:07,966 - __main__ - INFO - The hourly data has been written to data/cron_job_data/sector_51_cron_output.csv with Timestamp: 2024-09-03 06:00:00
2024-09-03 00:56:08,595 - __main__ - INFO - station=> Sector-51, Gurugram, result => ['99', 'Sector-51, Gurugram, India', Timestamp('2024-09-03 06:00:00')]
2024-09-03 00:56:08,595 - __main__ - INFO - The hourly data has been written to static/data/sector_51_cron_output.csv with Timestamp: 2024-09-03 06:00:00
2024-09-03 00:56:08,662 - __main__ - INFO - df_api columns Index(['AQI'], dtype='object')
2024-09-03 00:56:08,662 - __main__ - INFO - today=> 2024-09-03 & yesterday=> 2024-09-02
2024-09-03 00:56:08,664 - __main__ - INFO - temp_daily_aqi columns Index(['Unnamed: 0', 'Date', 'AQI'], dtype='object')
2024-09-03 00:56:08,666 - __main__ - INFO - temp_daily_aqi[2024-09-02]=> Empty DataFrame
Columns: [Unnamed: 0, AQI]
Index: []
2024-09-03 00:56:08,667 - __main__ - INFO - Index => 1642, yesterday => 2024-09-02 & AQI => 146.0
2024-09-03 00:56:08,667 - __main__ - INFO - Daily AQI data has been written to data/cleaned_data/Forecasting_time_series/sector_51_daily_aqi.csv
2024-09-03 00:56:08,668 - __main__ - INFO - Index => 1642, yesterday => 2024-09-02 & AQI => 146.0
2024-09-03 00:56:08,668 - __main__ - INFO - Daily AQI data has been written to static/data/sector_51_daily_aqi.csv
2024-09-03 00:56:08,672 - __main__ - INFO - Re-training the model & train_end is 2024-08-28 00:00:00
2024-09-03 00:56:10,063 - __main__ - INFO - Retrained the model & MAPE is 32.25%
2024-09-03 00:56:10,064 - __main__ - INFO - Retrained the model & MAE is 45.83969279145501
2024-09-03 00:56:11,560 - __main__ - INFO - Forecast=> 2024-09-03    151.654095
2024-09-04    156.759289
2024-09-05    160.974863
2024-09-06    165.962136
2024-09-07    181.146686
Freq: D, Name: predicted_mean, dtype: float64
2024-09-03 00:56:11,561 - __main__ - INFO - The forecast data has been written to data/cleaned_data/Forecasting_time_series/forecast_sector_51_daily_aqi.csv
2024-09-03 00:56:11,561 - __main__ - INFO - The forecast data has been written to static/data/forecast_sector_51_daily_aqi.csv
2024-09-03 02:07:18,149 - __main__ - INFO - station=> Sector-51, Gurugram, result => ['157', 'Sector-51, Gurugram, India', Timestamp('2024-09-03 07:00:00')]
2024-09-03 02:07:18,149 - __main__ - INFO - The hourly data has been written to data/cron_job_data/sector_51_cron_output.csv with Timestamp: 2024-09-03 07:00:00
2024-09-03 02:07:18,631 - __main__ - INFO - station=> Sector-51, Gurugram, result => ['157', 'Sector-51, Gurugram, India', Timestamp('2024-09-03 07:00:00')]
2024-09-03 02:07:18,631 - __main__ - INFO - The hourly data has been written to static/data/sector_51_cron_output.csv with Timestamp: 2024-09-03 07:00:00
2024-09-03 03:14:32,568 - __main__ - INFO - station=> Sector-51, Gurugram, result => ['155', 'Sector-51, Gurugram, India', Timestamp('2024-09-03 08:00:00')]
2024-09-03 03:14:32,568 - __main__ - INFO - The hourly data has been written to data/cron_job_data/sector_51_cron_output.csv with Timestamp: 2024-09-03 08:00:00
2024-09-03 03:14:33,037 - __main__ - INFO - station=> Sector-51, Gurugram, result => ['155', 'Sector-51, Gurugram, India', Timestamp('2024-09-03 08:00:00')]
2024-09-03 03:14:33,038 - __main__ - INFO - The hourly data has been written to static/data/sector_51_cron_output.csv with Timestamp: 2024-09-03 08:00:00
2024-09-03 04:14:51,834 - __main__ - INFO - station=> Sector-51, Gurugram, result => ['109', 'Sector-51, Gurugram, India', Timestamp('2024-09-03 09:00:00')]
2024-09-03 04:14:51,834 - __main__ - INFO - The hourly data has been written to data/cron_job_data/sector_51_cron_output.csv with Timestamp: 2024-09-03 09:00:00
2024-09-03 04:14:52,540 - __main__ - INFO - station=> Sector-51, Gurugram, result => ['109', 'Sector-51, Gurugram, India', Timestamp('2024-09-03 09:00:00')]
2024-09-03 04:14:52,540 - __main__ - INFO - The hourly data has been written to static/data/sector_51_cron_output.csv with Timestamp: 2024-09-03 09:00:00
2024-09-03 05:12:36,801 - __main__ - INFO - station=> Sector-51, Gurugram, result => ['81', 'Sector-51, Gurugram, India', Timestamp('2024-09-03 10:00:00')]
2024-09-03 05:12:36,801 - __main__ - INFO - The hourly data has been written to data/cron_job_data/sector_51_cron_output.csv with Timestamp: 2024-09-03 10:00:00
2024-09-03 05:12:37,471 - __main__ - INFO - station=> Sector-51, Gurugram, result => ['81', 'Sector-51, Gurugram, India', Timestamp('2024-09-03 10:00:00')]
2024-09-03 05:12:37,471 - __main__ - INFO - The hourly data has been written to static/data/sector_51_cron_output.csv with Timestamp: 2024-09-03 10:00:00
2024-09-03 06:17:26,107 - __main__ - INFO - station=> Sector-51, Gurugram, result => ['51', 'Sector-51, Gurugram, India', Timestamp('2024-09-03 11:00:00')]
2024-09-03 06:17:26,107 - __main__ - INFO - The hourly data has been written to data/cron_job_data/sector_51_cron_output.csv with Timestamp: 2024-09-03 11:00:00
2024-09-03 06:17:26,787 - __main__ - INFO - station=> Sector-51, Gurugram, result => ['51', 'Sector-51, Gurugram, India', Timestamp('2024-09-03 11:00:00')]
2024-09-03 06:17:26,788 - __main__ - INFO - The hourly data has been written to static/data/sector_51_cron_output.csv with Timestamp: 2024-09-03 11:00:00
2024-09-03 07:12:03,996 - __main__ - INFO - station=> Sector-51, Gurugram, result => ['70', 'Sector-51, Gurugram, India', Timestamp('2024-09-03 12:00:00')]
2024-09-03 07:12:03,996 - __main__ - INFO - The hourly data has been written to data/cron_job_data/sector_51_cron_output.csv with Timestamp: 2024-09-03 12:00:00
2024-09-03 07:12:04,692 - __main__ - INFO - station=> Sector-51, Gurugram, result => ['70', 'Sector-51, Gurugram, India', Timestamp('2024-09-03 12:00:00')]
2024-09-03 07:12:04,692 - __main__ - INFO - The hourly data has been written to static/data/sector_51_cron_output.csv with Timestamp: 2024-09-03 12:00:00
2024-09-03 08:16:15,308 - __main__ - INFO - station=> Sector-51, Gurugram, result => ['27', 'Sector-51, Gurugram, India', Timestamp('2024-09-03 13:00:00')]
2024-09-03 08:16:15,308 - __main__ - INFO - The hourly data has been written to data/cron_job_data/sector_51_cron_output.csv with Timestamp: 2024-09-03 13:00:00
2024-09-03 08:16:16,016 - __main__ - INFO - station=> Sector-51, Gurugram, result => ['27', 'Sector-51, Gurugram, India', Timestamp('2024-09-03 13:00:00')]
2024-09-03 08:16:16,016 - __main__ - INFO - The hourly data has been written to static/data/sector_51_cron_output.csv with Timestamp: 2024-09-03 13:00:00
2024-09-03 09:13:38,517 - __main__ - INFO - station=> Sector-51, Gurugram, result => ['69', 'Sector-51, Gurugram, India', Timestamp('2024-09-03 14:00:00')]
2024-09-03 09:13:38,517 - __main__ - INFO - The hourly data has been written to data/cron_job_data/sector_51_cron_output.csv with Timestamp: 2024-09-03 14:00:00
2024-09-03 09:13:39,152 - __main__ - INFO - station=> Sector-51, Gurugram, result => ['69', 'Sector-51, Gurugram, India', Timestamp('2024-09-03 14:00:00')]
2024-09-03 09:13:39,152 - __main__ - INFO - The hourly data has been written to static/data/sector_51_cron_output.csv with Timestamp: 2024-09-03 14:00:00
2024-09-03 10:13:22,826 - __main__ - INFO - station=> Sector-51, Gurugram, result => ['116', 'Sector-51, Gurugram, India', Timestamp('2024-09-03 15:00:00')]
2024-09-03 10:13:22,826 - __main__ - INFO - The hourly data has been written to data/cron_job_data/sector_51_cron_output.csv with Timestamp: 2024-09-03 15:00:00
2024-09-03 10:13:23,509 - __main__ - INFO - station=> Sector-51, Gurugram, result => ['116', 'Sector-51, Gurugram, India', Timestamp('2024-09-03 15:00:00')]
2024-09-03 10:13:23,509 - __main__ - INFO - The hourly data has been written to static/data/sector_51_cron_output.csv with Timestamp: 2024-09-03 15:00:00
2024-09-03 11:10:51,053 - __main__ - INFO - station=> Sector-51, Gurugram, result => ['114', 'Sector-51, Gurugram, India', Timestamp('2024-09-03 16:00:00')]
2024-09-03 11:10:51,053 - __main__ - INFO - The hourly data has been written to data/cron_job_data/sector_51_cron_output.csv with Timestamp: 2024-09-03 16:00:00
2024-09-03 11:10:51,523 - __main__ - INFO - station=> Sector-51, Gurugram, result => ['114', 'Sector-51, Gurugram, India', Timestamp('2024-09-03 16:00:00')]
2024-09-03 11:10:51,524 - __main__ - INFO - The hourly data has been written to static/data/sector_51_cron_output.csv with Timestamp: 2024-09-03 16:00:00
2024-09-03 12:23:15,728 - __main__ - INFO - station=> Sector-51, Gurugram, result => ['114', 'Sector-51, Gurugram, India', Timestamp('2024-09-03 17:00:00')]
2024-09-03 12:23:15,729 - __main__ - INFO - The hourly data has been written to data/cron_job_data/sector_51_cron_output.csv with Timestamp: 2024-09-03 17:00:00
2024-09-03 12:23:16,348 - __main__ - INFO - station=> Sector-51, Gurugram, result => ['114', 'Sector-51, Gurugram, India', Timestamp('2024-09-03 17:00:00')]
2024-09-03 12:23:16,349 - __main__ - INFO - The hourly data has been written to static/data/sector_51_cron_output.csv with Timestamp: 2024-09-03 17:00:00
2024-09-03 13:18:52,318 - __main__ - INFO - station=> Sector-51, Gurugram, result => ['126', 'Sector-51, Gurugram, India', Timestamp('2024-09-03 18:00:00')]
2024-09-03 13:18:52,318 - __main__ - INFO - The hourly data has been written to data/cron_job_data/sector_51_cron_output.csv with Timestamp: 2024-09-03 18:00:00
2024-09-03 13:18:52,989 - __main__ - INFO - station=> Sector-51, Gurugram, result => ['126', 'Sector-51, Gurugram, India', Timestamp('2024-09-03 18:00:00')]
2024-09-03 13:18:52,989 - __main__ - INFO - The hourly data has been written to static/data/sector_51_cron_output.csv with Timestamp: 2024-09-03 18:00:00
2024-09-03 14:12:26,955 - __main__ - INFO - station=> Sector-51, Gurugram, result => ['138', 'Sector-51, Gurugram, India', Timestamp('2024-09-03 19:00:00')]
2024-09-03 14:12:26,955 - __main__ - INFO - The hourly data has been written to data/cron_job_data/sector_51_cron_output.csv with Timestamp: 2024-09-03 19:00:00
2024-09-03 14:12:27,619 - __main__ - INFO - station=> Sector-51, Gurugram, result => ['138', 'Sector-51, Gurugram, India', Timestamp('2024-09-03 19:00:00')]
2024-09-03 14:12:27,619 - __main__ - INFO - The hourly data has been written to static/data/sector_51_cron_output.csv with Timestamp: 2024-09-03 19:00:00
2024-09-03 15:13:21,067 - __main__ - INFO - station=> Sector-51, Gurugram, result => ['155', 'Sector-51, Gurugram, India', Timestamp('2024-09-03 20:00:00')]
2024-09-03 15:13:21,068 - __main__ - INFO - The hourly data has been written to data/cron_job_data/sector_51_cron_output.csv with Timestamp: 2024-09-03 20:00:00
2024-09-03 15:13:21,813 - __main__ - INFO - station=> Sector-51, Gurugram, result => ['155', 'Sector-51, Gurugram, India', Timestamp('2024-09-03 20:00:00')]
2024-09-03 15:13:21,813 - __main__ - INFO - The hourly data has been written to static/data/sector_51_cron_output.csv with Timestamp: 2024-09-03 20:00:00
2024-09-03 16:16:26,786 - __main__ - INFO - station=> Sector-51, Gurugram, result => ['169', 'Sector-51, Gurugram, India', Timestamp('2024-09-03 21:00:00')]
2024-09-03 16:16:26,786 - __main__ - INFO - The hourly data has been written to data/cron_job_data/sector_51_cron_output.csv with Timestamp: 2024-09-03 21:00:00
2024-09-03 16:16:27,410 - __main__ - INFO - station=> Sector-51, Gurugram, result => ['169', 'Sector-51, Gurugram, India', Timestamp('2024-09-03 21:00:00')]
2024-09-03 16:16:27,410 - __main__ - INFO - The hourly data has been written to static/data/sector_51_cron_output.csv with Timestamp: 2024-09-03 21:00:00
2024-09-03 17:12:25,448 - __main__ - INFO - station=> Sector-51, Gurugram, result => ['173', 'Sector-51, Gurugram, India', Timestamp('2024-09-03 22:00:00')]
2024-09-03 17:12:25,448 - __main__ - INFO - The hourly data has been written to data/cron_job_data/sector_51_cron_output.csv with Timestamp: 2024-09-03 22:00:00
2024-09-03 17:12:26,134 - __main__ - INFO - station=> Sector-51, Gurugram, result => ['173', 'Sector-51, Gurugram, India', Timestamp('2024-09-03 22:00:00')]
2024-09-03 17:12:26,134 - __main__ - INFO - The hourly data has been written to static/data/sector_51_cron_output.csv with Timestamp: 2024-09-03 22:00:00
