2023-12-03 00:31:02,440 - __main__ - INFO - station=> nise gwal, result => ['168', 'NISE Gwal Pahari, Gurugram, India', Timestamp('2023-12-03 05:00:00')]
2023-12-03 00:31:02,441 - __main__ - INFO - The data has been written to data/cron_job_data/nise_cron_output.csv with Timestamp: 2023-12-03 05:00:00
2023-12-03 00:31:02,914 - __main__ - INFO - station=> Sector-51, Gurugram, result => ['241', 'Sector-51, Gurugram, India', Timestamp('2023-12-03 05:00:00')]
2023-12-03 00:31:02,914 - __main__ - INFO - The data has been written to data/cron_job_data/sector_51_cron_output.csv with Timestamp: 2023-12-03 05:00:00
2023-12-03 00:31:03,391 - __main__ - INFO - station=> Teri Gram, result => ['187', 'Teri Gram, Gurugram, India', Timestamp('2023-12-03 05:00:00')]
2023-12-03 00:31:03,391 - __main__ - INFO - The data has been written to data/cron_job_data/teri_gram_cron_output.csv with Timestamp: 2023-12-03 05:00:00
2023-12-03 00:31:03,862 - __main__ - INFO - station=> Vikas Sadan, result => ['168', 'Vikas Sadan Gurgaon, Gurgaon, India', Timestamp('2023-12-03 05:00:00')]
2023-12-03 00:31:03,862 - __main__ - INFO - The data has been written to data/cron_job_data/vikas_sadan_cron_output.csv with Timestamp: 2023-12-03 05:00:00
2023-12-03 01:49:55,059 - __main__ - INFO - station=> nise gwal, result => ['168', 'NISE Gwal Pahari, Gurugram, India', Timestamp('2023-12-03 05:00:00')]
2023-12-03 01:49:55,059 - __main__ - INFO - Timestamp 2023-12-03 05:00:00 already present in data/cron_job_data/nise_cron_output.csv, not appending.
2023-12-03 01:49:55,547 - __main__ - INFO - station=> Sector-51, Gurugram, result => ['229', 'Sector-51, Gurugram, India', Timestamp('2023-12-03 07:00:00')]
2023-12-03 01:49:55,547 - __main__ - INFO - The data has been written to data/cron_job_data/sector_51_cron_output.csv with Timestamp: 2023-12-03 07:00:00
2023-12-03 01:49:56,023 - __main__ - INFO - station=> Teri Gram, result => ['302', 'Teri Gram, Gurugram, India', Timestamp('2023-12-03 07:00:00')]
2023-12-03 01:49:56,023 - __main__ - INFO - The data has been written to data/cron_job_data/teri_gram_cron_output.csv with Timestamp: 2023-12-03 07:00:00
2023-12-03 01:49:56,498 - __main__ - INFO - station=> Vikas Sadan, result => ['166', 'Vikas Sadan Gurgaon, Gurgaon, India', Timestamp('2023-12-03 07:00:00')]
2023-12-03 01:49:56,498 - __main__ - INFO - The data has been written to data/cron_job_data/vikas_sadan_cron_output.csv with Timestamp: 2023-12-03 07:00:00
2023-12-03 02:21:04,099 - __main__ - INFO - station=> nise gwal, result => ['168', 'NISE Gwal Pahari, Gurugram, India', Timestamp('2023-12-03 05:00:00')]
2023-12-03 02:21:04,100 - __main__ - INFO - Timestamp 2023-12-03 05:00:00 already present in data/cron_job_data/nise_cron_output.csv, not appending.
2023-12-03 02:21:04,807 - __main__ - INFO - station=> Sector-51, Gurugram, result => ['226', 'Sector-51, Gurugram, India', Timestamp('2023-12-03 07:00:00')]
2023-12-03 02:21:04,808 - __main__ - INFO - Timestamp 2023-12-03 07:00:00 already present in data/cron_job_data/sector_51_cron_output.csv, not appending.
2023-12-03 02:21:05,518 - __main__ - INFO - station=> Teri Gram, result => ['272', 'Teri Gram, Gurugram, India', Timestamp('2023-12-03 07:00:00')]
2023-12-03 02:21:05,518 - __main__ - INFO - Timestamp 2023-12-03 07:00:00 already present in data/cron_job_data/teri_gram_cron_output.csv, not appending.
2023-12-03 02:21:06,230 - __main__ - INFO - station=> Vikas Sadan, result => ['166', 'Vikas Sadan Gurgaon, Gurgaon, India', Timestamp('2023-12-03 07:00:00')]
2023-12-03 02:21:06,231 - __main__ - INFO - Timestamp 2023-12-03 07:00:00 already present in data/cron_job_data/vikas_sadan_cron_output.csv, not appending.
2023-12-03 03:06:06,003 - __main__ - INFO - station=> nise gwal, result => ['176', 'NISE Gwal Pahari, Gurugram, India', Timestamp('2023-12-03 07:00:00')]
2023-12-03 03:06:06,003 - __main__ - INFO - The data has been written to data/cron_job_data/nise_cron_output.csv with Timestamp: 2023-12-03 07:00:00
2023-12-03 03:06:06,673 - __main__ - INFO - station=> Sector-51, Gurugram, result => ['229', 'Sector-51, Gurugram, India', Timestamp('2023-12-03 08:00:00')]
2023-12-03 03:06:06,674 - __main__ - INFO - The data has been written to data/cron_job_data/sector_51_cron_output.csv with Timestamp: 2023-12-03 08:00:00
2023-12-03 03:06:07,347 - __main__ - INFO - station=> Teri Gram, result => ['159', 'Teri Gram, Gurugram, India', Timestamp('2023-12-03 08:00:00')]
2023-12-03 03:06:07,347 - __main__ - INFO - The data has been written to data/cron_job_data/teri_gram_cron_output.csv with Timestamp: 2023-12-03 08:00:00
2023-12-03 03:06:08,031 - __main__ - INFO - station=> Vikas Sadan, result => ['162', 'Vikas Sadan Gurgaon, Gurgaon, India', Timestamp('2023-12-03 08:00:00')]
2023-12-03 03:06:08,031 - __main__ - INFO - The data has been written to data/cron_job_data/vikas_sadan_cron_output.csv with Timestamp: 2023-12-03 08:00:00
2023-12-03 04:07:03,503 - __main__ - INFO - station=> nise gwal, result => ['179', 'NISE Gwal Pahari, Gurugram, India', Timestamp('2023-12-03 09:00:00')]
2023-12-03 04:07:03,503 - __main__ - INFO - The data has been written to data/cron_job_data/nise_cron_output.csv with Timestamp: 2023-12-03 09:00:00
2023-12-03 04:07:04,198 - __main__ - INFO - station=> Sector-51, Gurugram, result => ['248', 'Sector-51, Gurugram, India', Timestamp('2023-12-03 09:00:00')]
2023-12-03 04:07:04,198 - __main__ - INFO - The data has been written to data/cron_job_data/sector_51_cron_output.csv with Timestamp: 2023-12-03 09:00:00
2023-12-03 04:07:04,916 - __main__ - INFO - station=> Teri Gram, result => ['246', 'Teri Gram, Gurugram, India', Timestamp('2023-12-03 09:00:00')]
2023-12-03 04:07:04,916 - __main__ - INFO - The data has been written to data/cron_job_data/teri_gram_cron_output.csv with Timestamp: 2023-12-03 09:00:00
2023-12-03 04:07:05,570 - __main__ - INFO - station=> Vikas Sadan, result => ['120', 'Vikas Sadan Gurgaon, Gurgaon, India', Timestamp('2023-12-03 09:00:00')]
2023-12-03 04:07:05,570 - __main__ - INFO - The data has been written to data/cron_job_data/vikas_sadan_cron_output.csv with Timestamp: 2023-12-03 09:00:00
2023-12-03 05:02:33,506 - __main__ - INFO - station=> nise gwal, result => ['179', 'NISE Gwal Pahari, Gurugram, India', Timestamp('2023-12-03 09:00:00')]
2023-12-03 05:02:33,506 - __main__ - INFO - Timestamp 2023-12-03 09:00:00 already present in data/cron_job_data/nise_cron_output.csv, not appending.
2023-12-03 05:02:34,206 - __main__ - INFO - station=> Sector-51, Gurugram, result => ['260', 'Sector-51, Gurugram, India', Timestamp('2023-12-03 10:00:00')]
2023-12-03 05:02:34,207 - __main__ - INFO - The data has been written to data/cron_job_data/sector_51_cron_output.csv with Timestamp: 2023-12-03 10:00:00
2023-12-03 05:02:34,913 - __main__ - INFO - station=> Teri Gram, result => ['473', 'Teri Gram, Gurugram, India', Timestamp('2023-12-03 10:00:00')]
2023-12-03 05:02:34,914 - __main__ - INFO - The data has been written to data/cron_job_data/teri_gram_cron_output.csv with Timestamp: 2023-12-03 10:00:00
2023-12-03 05:02:35,629 - __main__ - INFO - station=> Vikas Sadan, result => ['168', 'Vikas Sadan Gurgaon, Gurgaon, India', Timestamp('2023-12-03 10:00:00')]
2023-12-03 05:02:35,629 - __main__ - INFO - The data has been written to data/cron_job_data/vikas_sadan_cron_output.csv with Timestamp: 2023-12-03 10:00:00
2023-12-03 06:07:03,534 - __main__ - INFO - station=> nise gwal, result => ['179', 'NISE Gwal Pahari, Gurugram, India', Timestamp('2023-12-03 09:00:00')]
2023-12-03 06:07:03,534 - __main__ - INFO - Timestamp 2023-12-03 09:00:00 already present in data/cron_job_data/nise_cron_output.csv, not appending.
2023-12-03 06:07:04,196 - __main__ - INFO - station=> Sector-51, Gurugram, result => ['261', 'Sector-51, Gurugram, India', Timestamp('2023-12-03 11:00:00')]
2023-12-03 06:07:04,196 - __main__ - INFO - The data has been written to data/cron_job_data/sector_51_cron_output.csv with Timestamp: 2023-12-03 11:00:00
2023-12-03 06:07:04,882 - __main__ - INFO - station=> Teri Gram, result => ['357', 'Teri Gram, Gurugram, India', Timestamp('2023-12-03 11:00:00')]
2023-12-03 06:07:04,882 - __main__ - INFO - The data has been written to data/cron_job_data/teri_gram_cron_output.csv with Timestamp: 2023-12-03 11:00:00
2023-12-03 06:07:05,568 - __main__ - INFO - station=> Vikas Sadan, result => ['181', 'Vikas Sadan Gurgaon, Gurgaon, India', Timestamp('2023-12-03 11:00:00')]
2023-12-03 06:07:05,568 - __main__ - INFO - The data has been written to data/cron_job_data/vikas_sadan_cron_output.csv with Timestamp: 2023-12-03 11:00:00
2023-12-03 07:02:38,929 - __main__ - INFO - station=> nise gwal, result => ['175', 'NISE Gwal Pahari, Gurugram, India', Timestamp('2023-12-03 10:00:00')]
2023-12-03 07:02:38,930 - __main__ - INFO - The data has been written to data/cron_job_data/nise_cron_output.csv with Timestamp: 2023-12-03 10:00:00
2023-12-03 07:02:39,648 - __main__ - INFO - station=> Sector-51, Gurugram, result => ['255', 'Sector-51, Gurugram, India', Timestamp('2023-12-03 12:00:00')]
2023-12-03 07:02:39,648 - __main__ - INFO - The data has been written to data/cron_job_data/sector_51_cron_output.csv with Timestamp: 2023-12-03 12:00:00
2023-12-03 07:02:40,367 - __main__ - INFO - station=> Teri Gram, result => ['183', 'Teri Gram, Gurugram, India', Timestamp('2023-12-03 12:00:00')]
2023-12-03 07:02:40,367 - __main__ - INFO - The data has been written to data/cron_job_data/teri_gram_cron_output.csv with Timestamp: 2023-12-03 12:00:00
2023-12-03 07:02:41,062 - __main__ - INFO - station=> Vikas Sadan, result => ['177', 'Vikas Sadan Gurgaon, Gurgaon, India', Timestamp('2023-12-03 12:00:00')]
2023-12-03 07:02:41,062 - __main__ - INFO - The data has been written to data/cron_job_data/vikas_sadan_cron_output.csv with Timestamp: 2023-12-03 12:00:00
2023-12-03 08:07:17,278 - __main__ - INFO - station=> nise gwal, result => ['161', 'NISE Gwal Pahari, Gurugram, India', Timestamp('2023-12-03 13:00:00')]
2023-12-03 08:07:17,278 - __main__ - INFO - The data has been written to data/cron_job_data/nise_cron_output.csv with Timestamp: 2023-12-03 13:00:00
2023-12-03 08:07:17,998 - __main__ - INFO - station=> Sector-51, Gurugram, result => ['224', 'Sector-51, Gurugram, India', Timestamp('2023-12-03 13:00:00')]
2023-12-03 08:07:17,999 - __main__ - INFO - The data has been written to data/cron_job_data/sector_51_cron_output.csv with Timestamp: 2023-12-03 13:00:00
2023-12-03 08:07:18,751 - __main__ - INFO - station=> Teri Gram, result => ['134', 'Teri Gram, Gurugram, India', Timestamp('2023-12-03 13:00:00')]
2023-12-03 08:07:18,751 - __main__ - INFO - The data has been written to data/cron_job_data/teri_gram_cron_output.csv with Timestamp: 2023-12-03 13:00:00
2023-12-03 08:07:19,446 - __main__ - INFO - station=> Vikas Sadan, result => ['172', 'Vikas Sadan Gurgaon, Gurgaon, India', Timestamp('2023-12-03 13:00:00')]
2023-12-03 08:07:19,446 - __main__ - INFO - The data has been written to data/cron_job_data/vikas_sadan_cron_output.csv with Timestamp: 2023-12-03 13:00:00
2023-12-03 09:02:31,909 - __main__ - INFO - station=> nise gwal, result => ['161', 'NISE Gwal Pahari, Gurugram, India', Timestamp('2023-12-03 13:00:00')]
2023-12-03 09:02:31,909 - __main__ - INFO - Timestamp 2023-12-03 13:00:00 already present in data/cron_job_data/nise_cron_output.csv, not appending.
2023-12-03 09:02:32,564 - __main__ - INFO - station=> Sector-51, Gurugram, result => ['198', 'Sector-51, Gurugram, India', Timestamp('2023-12-03 14:00:00')]
2023-12-03 09:02:32,565 - __main__ - INFO - The data has been written to data/cron_job_data/sector_51_cron_output.csv with Timestamp: 2023-12-03 14:00:00
2023-12-03 09:02:33,211 - __main__ - INFO - station=> Teri Gram, result => ['93', 'Teri Gram, Gurugram, India', Timestamp('2023-12-03 14:00:00')]
2023-12-03 09:02:33,212 - __main__ - INFO - The data has been written to data/cron_job_data/teri_gram_cron_output.csv with Timestamp: 2023-12-03 14:00:00
2023-12-03 09:02:33,867 - __main__ - INFO - station=> Vikas Sadan, result => ['168', 'Vikas Sadan Gurgaon, Gurgaon, India', Timestamp('2023-12-03 14:00:00')]
2023-12-03 09:02:33,868 - __main__ - INFO - The data has been written to data/cron_job_data/vikas_sadan_cron_output.csv with Timestamp: 2023-12-03 14:00:00
