2024-01-04 00:29:17,747 - __main__ - INFO - station=> nise gwal, result => ['197', 'NISE Gwal Pahari, Gurugram, India', Timestamp('2024-01-04 05:00:00')]
2024-01-04 00:29:17,748 - __main__ - INFO - The hourly data has been written to data/cron_job_data/nise_cron_output.csv with Timestamp: 2024-01-04 05:00:00
2024-01-04 00:29:18,402 - __main__ - INFO - station=> Sector-51, Gurugram, result => ['169', 'Sector-51, Gurugram, India', Timestamp('2024-01-04 05:00:00')]
2024-01-04 00:29:18,403 - __main__ - INFO - The hourly data has been written to data/cron_job_data/sector_51_cron_output.csv with Timestamp: 2024-01-04 05:00:00
2024-01-04 00:29:19,073 - __main__ - INFO - station=> Teri Gram, result => ['999', 'Teri Gram, Gurugram, India', Timestamp('2024-01-04 05:00:00')]
2024-01-04 00:29:19,073 - __main__ - INFO - The hourly data has been written to data/cron_job_data/teri_gram_cron_output.csv with Timestamp: 2024-01-04 05:00:00
2024-01-04 00:29:19,724 - __main__ - INFO - station=> Vikas Sadan, result => ['158', 'Vikas Sadan Gurgaon, Gurgaon, India', Timestamp('2024-01-04 05:00:00')]
2024-01-04 00:29:19,725 - __main__ - INFO - The hourly data has been written to data/cron_job_data/vikas_sadan_cron_output.csv with Timestamp: 2024-01-04 05:00:00
2024-01-04 00:29:19,726 - __main__ - INFO - datetime.now()=> 2024-01-04 00:29:19.726790
2024-01-04 01:44:38,648 - __main__ - INFO - station=> nise gwal, result => ['197', 'NISE Gwal Pahari, Gurugram, India', Timestamp('2024-01-04 06:00:00')]
2024-01-04 01:44:38,649 - __main__ - INFO - The hourly data has been written to data/cron_job_data/nise_cron_output.csv with Timestamp: 2024-01-04 06:00:00
2024-01-04 01:44:39,335 - __main__ - INFO - station=> Sector-51, Gurugram, result => ['168', 'Sector-51, Gurugram, India', Timestamp('2024-01-04 06:00:00')]
2024-01-04 01:44:39,336 - __main__ - INFO - The hourly data has been written to data/cron_job_data/sector_51_cron_output.csv with Timestamp: 2024-01-04 06:00:00
2024-01-04 01:44:40,025 - __main__ - INFO - station=> Teri Gram, result => ['999', 'Teri Gram, Gurugram, India', Timestamp('2024-01-04 06:00:00')]
2024-01-04 01:44:40,026 - __main__ - INFO - The hourly data has been written to data/cron_job_data/teri_gram_cron_output.csv with Timestamp: 2024-01-04 06:00:00
2024-01-04 01:44:40,711 - __main__ - INFO - station=> Vikas Sadan, result => ['157', 'Vikas Sadan Gurgaon, Gurgaon, India', Timestamp('2024-01-04 06:00:00')]
2024-01-04 01:44:40,712 - __main__ - INFO - The hourly data has been written to data/cron_job_data/vikas_sadan_cron_output.csv with Timestamp: 2024-01-04 06:00:00
2024-01-04 01:44:40,713 - __main__ - INFO - datetime.now()=> 2024-01-04 01:44:40.713207
2024-01-04 01:44:40,713 - __main__ - INFO - Calling writeData & retrain_model functions.
2024-01-04 01:44:40,719 - __main__ - INFO - df_api columns Index(['AQI'], dtype='object')
2024-01-04 01:44:40,719 - __main__ - INFO - today=> 2024-01-04 & yesterday=> 2024-01-03
2024-01-04 01:44:40,721 - __main__ - INFO - temp_daily_aqi columns Index(['Unnamed: 0', 'Date', 'AQI'], dtype='object')
2024-01-04 01:44:40,723 - __main__ - INFO - temp_daily_aqi[2024-01-03]=> Empty DataFrame
Columns: [Unnamed: 0, AQI]
Index: []
2024-01-04 01:44:40,724 - __main__ - INFO - Index => 1399, yesterday => 2024-01-03 & AQI => 196.0
2024-01-04 01:44:40,724 - __main__ - INFO - Daily AQI data has been written to data/cleaned_data/Forecasting_time_series/sector_51_daily_aqi.csv
2024-01-04 01:44:40,728 - __main__ - INFO - Re-training the model & train_end is 2023-12-29 00:00:00
2024-01-04 01:44:41,972 - __main__ - INFO - Retrained the model & MAPE is 2.72%
2024-01-04 01:44:43,350 - __main__ - INFO - Forecast=> 2024-01-04    201.574984
2024-01-05    207.896382
2024-01-06    205.454270
2024-01-07    196.552505
2024-01-08    200.623847
Freq: D, Name: predicted_mean, dtype: float64
2024-01-04 01:44:43,351 - __main__ - INFO - The forecast data has been written to data/cleaned_data/Forecasting_time_series/forecast_sector_51_daily_aqi.csv
2024-01-04 02:20:02,293 - __main__ - INFO - station=> nise gwal, result => ['207', 'NISE Gwal Pahari, Gurugram, India', Timestamp('2024-01-04 07:00:00')]
2024-01-04 02:20:02,294 - __main__ - INFO - The hourly data has been written to data/cron_job_data/nise_cron_output.csv with Timestamp: 2024-01-04 07:00:00
2024-01-04 02:20:02,982 - __main__ - INFO - station=> Sector-51, Gurugram, result => ['167', 'Sector-51, Gurugram, India', Timestamp('2024-01-04 07:00:00')]
2024-01-04 02:20:02,982 - __main__ - INFO - The hourly data has been written to data/cron_job_data/sector_51_cron_output.csv with Timestamp: 2024-01-04 07:00:00
2024-01-04 02:20:03,662 - __main__ - INFO - station=> Teri Gram, result => ['999', 'Teri Gram, Gurugram, India', Timestamp('2024-01-04 07:00:00')]
2024-01-04 02:20:03,663 - __main__ - INFO - The hourly data has been written to data/cron_job_data/teri_gram_cron_output.csv with Timestamp: 2024-01-04 07:00:00
2024-01-04 02:20:04,350 - __main__ - INFO - station=> Vikas Sadan, result => ['159', 'Vikas Sadan Gurgaon, Gurgaon, India', Timestamp('2024-01-04 07:00:00')]
2024-01-04 02:20:04,353 - __main__ - INFO - The hourly data has been written to data/cron_job_data/vikas_sadan_cron_output.csv with Timestamp: 2024-01-04 07:00:00
2024-01-04 02:20:04,354 - __main__ - INFO - datetime.now()=> 2024-01-04 02:20:04.354738
