2024-06-04 01:53:04,033 - __main__ - INFO - Calling writeData & retrain_model functions.
2024-06-04 01:53:04,041 - __main__ - INFO - df_api columns Index(['AQI'], dtype='object')
2024-06-04 01:53:04,041 - __main__ - INFO - today=> 2024-06-04 & yesterday=> 2024-06-03
2024-06-04 01:53:04,043 - __main__ - INFO - temp_daily_aqi columns Index(['Unnamed: 0', 'Date', 'AQI'], dtype='object')
2024-06-04 01:53:04,046 - __main__ - INFO - temp_daily_aqi[2024-06-03]=> Empty DataFrame
Columns: [Unnamed: 0, AQI]
Index: []
2024-06-04 01:53:04,046 - __main__ - INFO - Index => 1551, yesterday => 2024-06-03 & AQI => 239.0
2024-06-04 01:53:04,047 - __main__ - INFO - Daily AQI data has been written to data/cleaned_data/Forecasting_time_series/sector_51_daily_aqi.csv
2024-06-04 01:53:04,047 - __main__ - INFO - Index => 1551, yesterday => 2024-06-03 & AQI => 239.0
2024-06-04 01:53:04,047 - __main__ - INFO - Daily AQI data has been written to static/data/sector_51_daily_aqi.csv
2024-06-04 01:53:04,052 - __main__ - INFO - Re-training the model & train_end is 2024-05-29 00:00:00
2024-06-04 01:53:05,234 - __main__ - INFO - Retrained the model & MAPE is 22.4%
2024-06-04 01:53:05,235 - __main__ - INFO - Retrained the model & MAE is 37.91241500509845
2024-06-04 01:53:06,602 - __main__ - INFO - Forecast=> 2024-06-04    212.322177
2024-06-05    215.864509
2024-06-06    210.792028
2024-06-07    216.654027
2024-06-08    233.379593
Freq: D, Name: predicted_mean, dtype: float64
2024-06-04 01:53:06,602 - __main__ - INFO - The forecast data has been written to data/cleaned_data/Forecasting_time_series/forecast_sector_51_daily_aqi.csv
2024-06-04 01:53:06,603 - __main__ - INFO - The forecast data has been written to static/data/forecast_sector_51_daily_aqi.csv
