2024-03-04 01:17:32,007 - __main__ - INFO - station=> Sector-51, Gurugram, result => ['118', 'Sector-51, Gurugram, India', Timestamp('2024-03-04 06:00:00')]
2024-03-04 01:17:32,007 - __main__ - INFO - The hourly data has been written to data/cron_job_data/sector_51_cron_output.csv with Timestamp: 2024-03-04 06:00:00
2024-03-04 01:17:32,706 - __main__ - INFO - station=> Sector-51, Gurugram, result => ['118', 'Sector-51, Gurugram, India', Timestamp('2024-03-04 06:00:00')]
2024-03-04 01:17:32,706 - __main__ - INFO - The hourly data has been written to static/data/sector_51_cron_output.csv with Timestamp: 2024-03-04 06:00:00
2024-03-04 01:17:33,402 - __main__ - INFO - station=> Teri Gram, result => ['159', 'Teri Gram, Gurugram, India', Timestamp('2024-03-04 06:00:00')]
2024-03-04 01:17:33,402 - __main__ - INFO - The hourly data has been written to data/cron_job_data/teri_gram_cron_output.csv with Timestamp: 2024-03-04 06:00:00
2024-03-04 01:17:34,103 - __main__ - INFO - station=> Vikas Sadan, result => ['147', 'Vikas Sadan Gurgaon, Gurgaon, India', Timestamp('2024-03-04 06:00:00')]
2024-03-04 01:17:34,103 - __main__ - INFO - The hourly data has been written to data/cron_job_data/vikas_sadan_cron_output.csv with Timestamp: 2024-03-04 06:00:00
2024-03-04 01:17:34,105 - __main__ - INFO - Calling writeData & retrain_model functions.
2024-03-04 01:17:34,111 - __main__ - INFO - df_api columns Index(['AQI'], dtype='object')
2024-03-04 01:17:34,112 - __main__ - INFO - today=> 2024-03-04 & yesterday=> 2024-03-03
2024-03-04 01:17:34,114 - __main__ - INFO - temp_daily_aqi columns Index(['Unnamed: 0', 'Date', 'AQI'], dtype='object')
2024-03-04 01:17:34,116 - __main__ - INFO - temp_daily_aqi[2024-03-03]=> Empty DataFrame
Columns: [Unnamed: 0, AQI]
Index: []
2024-03-04 01:17:34,117 - __main__ - INFO - Index => 1459, yesterday => 2024-03-03 & AQI => 126.0
2024-03-04 01:17:34,117 - __main__ - INFO - Daily AQI data has been written to data/cleaned_data/Forecasting_time_series/sector_51_daily_aqi.csv
2024-03-04 01:17:34,117 - __main__ - INFO - Index => 1459, yesterday => 2024-03-03 & AQI => 126.0
2024-03-04 01:17:34,118 - __main__ - INFO - Daily AQI data has been written to static/data/sector_51_daily_aqi.csv
2024-03-04 01:17:34,122 - __main__ - INFO - Re-training the model & train_end is 2024-02-27 00:00:00
2024-03-04 01:17:35,613 - __main__ - INFO - Retrained the model & MAPE is 36.24%
2024-03-04 01:17:35,613 - __main__ - INFO - Retrained the model & MAE is 41.001755305617635%
2024-03-04 01:17:37,062 - __main__ - INFO - Forecast=> 2024-03-04    130.898062
2024-03-05    141.416881
2024-03-06    147.060962
2024-03-07    157.414290
2024-03-08    171.428073
Freq: D, Name: predicted_mean, dtype: float64
2024-03-04 01:17:37,062 - __main__ - INFO - The forecast data has been written to data/cleaned_data/Forecasting_time_series/forecast_sector_51_daily_aqi.csv
2024-03-04 01:17:37,063 - __main__ - INFO - The forecast data has been written to static/data/forecast_sector_51_daily_aqi.csv
2024-03-04 02:13:06,410 - __main__ - INFO - station=> Sector-51, Gurugram, result => ['101', 'Sector-51, Gurugram, India', Timestamp('2024-03-04 07:00:00')]
2024-03-04 02:13:06,410 - __main__ - INFO - The hourly data has been written to data/cron_job_data/sector_51_cron_output.csv with Timestamp: 2024-03-04 07:00:00
2024-03-04 02:13:07,085 - __main__ - INFO - station=> Sector-51, Gurugram, result => ['101', 'Sector-51, Gurugram, India', Timestamp('2024-03-04 07:00:00')]
2024-03-04 02:13:07,085 - __main__ - INFO - The hourly data has been written to static/data/sector_51_cron_output.csv with Timestamp: 2024-03-04 07:00:00
2024-03-04 02:13:07,775 - __main__ - INFO - station=> Teri Gram, result => ['152', 'Teri Gram, Gurugram, India', Timestamp('2024-03-04 07:00:00')]
2024-03-04 02:13:07,775 - __main__ - INFO - The hourly data has been written to data/cron_job_data/teri_gram_cron_output.csv with Timestamp: 2024-03-04 07:00:00
2024-03-04 02:13:08,448 - __main__ - INFO - station=> Vikas Sadan, result => ['152', 'Vikas Sadan Gurgaon, Gurgaon, India', Timestamp('2024-03-04 07:00:00')]
2024-03-04 02:13:08,449 - __main__ - INFO - The hourly data has been written to data/cron_job_data/vikas_sadan_cron_output.csv with Timestamp: 2024-03-04 07:00:00
2024-03-04 03:09:31,631 - __main__ - INFO - station=> Sector-51, Gurugram, result => ['138', 'Sector-51, Gurugram, India', Timestamp('2024-03-04 08:00:00')]
2024-03-04 03:09:31,632 - __main__ - INFO - The hourly data has been written to data/cron_job_data/sector_51_cron_output.csv with Timestamp: 2024-03-04 08:00:00
2024-03-04 03:09:32,330 - __main__ - INFO - station=> Sector-51, Gurugram, result => ['138', 'Sector-51, Gurugram, India', Timestamp('2024-03-04 08:00:00')]
2024-03-04 03:09:32,330 - __main__ - INFO - The hourly data has been written to static/data/sector_51_cron_output.csv with Timestamp: 2024-03-04 08:00:00
2024-03-04 03:09:33,029 - __main__ - INFO - station=> Teri Gram, result => ['153', 'Teri Gram, Gurugram, India', Timestamp('2024-03-04 08:00:00')]
2024-03-04 03:09:33,029 - __main__ - INFO - The hourly data has been written to data/cron_job_data/teri_gram_cron_output.csv with Timestamp: 2024-03-04 08:00:00
2024-03-04 03:09:33,727 - __main__ - INFO - station=> Vikas Sadan, result => ['154', 'Vikas Sadan Gurgaon, Gurgaon, India', Timestamp('2024-03-04 08:00:00')]
2024-03-04 03:09:33,727 - __main__ - INFO - The hourly data has been written to data/cron_job_data/vikas_sadan_cron_output.csv with Timestamp: 2024-03-04 08:00:00
2024-03-04 03:52:37,683 - __main__ - INFO - station=> Sector-51, Gurugram, result => ['199', 'Sector-51, Gurugram, India', Timestamp('2024-03-04 09:00:00')]
2024-03-04 03:52:37,683 - __main__ - INFO - The hourly data has been written to data/cron_job_data/sector_51_cron_output.csv with Timestamp: 2024-03-04 09:00:00
2024-03-04 03:52:38,301 - __main__ - INFO - station=> Sector-51, Gurugram, result => ['199', 'Sector-51, Gurugram, India', Timestamp('2024-03-04 09:00:00')]
2024-03-04 03:52:38,301 - __main__ - INFO - The hourly data has been written to static/data/sector_51_cron_output.csv with Timestamp: 2024-03-04 09:00:00
2024-03-04 03:52:38,951 - __main__ - INFO - station=> Teri Gram, result => ['158', 'Teri Gram, Gurugram, India', Timestamp('2024-03-04 09:00:00')]
2024-03-04 03:52:38,951 - __main__ - INFO - The hourly data has been written to data/cron_job_data/teri_gram_cron_output.csv with Timestamp: 2024-03-04 09:00:00
2024-03-04 03:52:39,580 - __main__ - INFO - station=> Vikas Sadan, result => ['154', 'Vikas Sadan Gurgaon, Gurgaon, India', Timestamp('2024-03-04 09:00:00')]
2024-03-04 03:52:39,580 - __main__ - INFO - The hourly data has been written to data/cron_job_data/vikas_sadan_cron_output.csv with Timestamp: 2024-03-04 09:00:00
2024-03-04 05:03:08,613 - __main__ - INFO - station=> Sector-51, Gurugram, result => ['218', 'Sector-51, Gurugram, India', Timestamp('2024-03-04 10:00:00')]
2024-03-04 05:03:08,613 - __main__ - INFO - The hourly data has been written to data/cron_job_data/sector_51_cron_output.csv with Timestamp: 2024-03-04 10:00:00
2024-03-04 05:03:09,326 - __main__ - INFO - station=> Sector-51, Gurugram, result => ['218', 'Sector-51, Gurugram, India', Timestamp('2024-03-04 10:00:00')]
2024-03-04 05:03:09,326 - __main__ - INFO - The hourly data has been written to static/data/sector_51_cron_output.csv with Timestamp: 2024-03-04 10:00:00
2024-03-04 05:03:10,026 - __main__ - INFO - station=> Teri Gram, result => ['171', 'Teri Gram, Gurugram, India', Timestamp('2024-03-04 10:00:00')]
2024-03-04 05:03:10,026 - __main__ - INFO - The hourly data has been written to data/cron_job_data/teri_gram_cron_output.csv with Timestamp: 2024-03-04 10:00:00
2024-03-04 05:03:10,726 - __main__ - INFO - station=> Vikas Sadan, result => ['166', 'Vikas Sadan Gurgaon, Gurgaon, India', Timestamp('2024-03-04 10:00:00')]
2024-03-04 05:03:10,726 - __main__ - INFO - The hourly data has been written to data/cron_job_data/vikas_sadan_cron_output.csv with Timestamp: 2024-03-04 10:00:00
2024-03-04 06:02:10,588 - __main__ - INFO - station=> Sector-51, Gurugram, result => ['223', 'Sector-51, Gurugram, India', Timestamp('2024-03-04 11:00:00')]
2024-03-04 06:02:10,588 - __main__ - INFO - The hourly data has been written to data/cron_job_data/sector_51_cron_output.csv with Timestamp: 2024-03-04 11:00:00
2024-03-04 06:02:11,252 - __main__ - INFO - station=> Sector-51, Gurugram, result => ['223', 'Sector-51, Gurugram, India', Timestamp('2024-03-04 11:00:00')]
2024-03-04 06:02:11,252 - __main__ - INFO - The hourly data has been written to static/data/sector_51_cron_output.csv with Timestamp: 2024-03-04 11:00:00
2024-03-04 06:02:11,876 - __main__ - INFO - station=> Teri Gram, result => ['188', 'Teri Gram, Gurugram, India', Timestamp('2024-03-04 11:00:00')]
2024-03-04 06:02:11,876 - __main__ - INFO - The hourly data has been written to data/cron_job_data/teri_gram_cron_output.csv with Timestamp: 2024-03-04 11:00:00
2024-03-04 06:02:12,521 - __main__ - INFO - station=> Vikas Sadan, result => ['168', 'Vikas Sadan Gurgaon, Gurgaon, India', Timestamp('2024-03-04 11:00:00')]
2024-03-04 06:02:12,521 - __main__ - INFO - The hourly data has been written to data/cron_job_data/vikas_sadan_cron_output.csv with Timestamp: 2024-03-04 11:00:00
2024-03-04 07:15:55,556 - __main__ - INFO - station=> Sector-51, Gurugram, result => ['223', 'Sector-51, Gurugram, India', Timestamp('2024-03-04 12:00:00')]
2024-03-04 07:15:55,556 - __main__ - INFO - The hourly data has been written to data/cron_job_data/sector_51_cron_output.csv with Timestamp: 2024-03-04 12:00:00
2024-03-04 07:15:56,016 - __main__ - INFO - station=> Sector-51, Gurugram, result => ['223', 'Sector-51, Gurugram, India', Timestamp('2024-03-04 12:00:00')]
2024-03-04 07:15:56,016 - __main__ - INFO - The hourly data has been written to static/data/sector_51_cron_output.csv with Timestamp: 2024-03-04 12:00:00
2024-03-04 07:15:56,482 - __main__ - INFO - station=> Teri Gram, result => ['185', 'Teri Gram, Gurugram, India', Timestamp('2024-03-04 12:00:00')]
2024-03-04 07:15:56,482 - __main__ - INFO - The hourly data has been written to data/cron_job_data/teri_gram_cron_output.csv with Timestamp: 2024-03-04 12:00:00
2024-03-04 07:15:56,948 - __main__ - INFO - station=> Vikas Sadan, result => ['152', 'Vikas Sadan Gurgaon, Gurgaon, India', Timestamp('2024-03-04 12:00:00')]
2024-03-04 07:15:56,948 - __main__ - INFO - The hourly data has been written to data/cron_job_data/vikas_sadan_cron_output.csv with Timestamp: 2024-03-04 12:00:00
2024-03-04 08:05:38,623 - __main__ - INFO - station=> Teri Gram, result => ['189', 'Teri Gram, Gurugram, India', Timestamp('2024-03-04 13:00:00')]
2024-03-04 08:05:38,623 - __main__ - INFO - The hourly data has been written to data/cron_job_data/teri_gram_cron_output.csv with Timestamp: 2024-03-04 13:00:00
2024-03-04 08:05:39,090 - __main__ - INFO - station=> Vikas Sadan, result => ['109', 'Vikas Sadan Gurgaon, Gurgaon, India', Timestamp('2024-03-04 13:00:00')]
2024-03-04 08:05:39,090 - __main__ - INFO - The hourly data has been written to data/cron_job_data/vikas_sadan_cron_output.csv with Timestamp: 2024-03-04 13:00:00
2024-03-04 10:18:54,465 - __main__ - INFO - station=> Sector-51, Gurugram, result => ['71', 'Sector-51, Gurugram, India', Timestamp('2024-03-04 15:00:00')]
2024-03-04 10:18:54,465 - __main__ - INFO - The hourly data has been written to data/cron_job_data/sector_51_cron_output.csv with Timestamp: 2024-03-04 15:00:00
2024-03-04 10:18:55,173 - __main__ - INFO - station=> Sector-51, Gurugram, result => ['71', 'Sector-51, Gurugram, India', Timestamp('2024-03-04 15:00:00')]
2024-03-04 10:18:55,174 - __main__ - INFO - The hourly data has been written to static/data/sector_51_cron_output.csv with Timestamp: 2024-03-04 15:00:00
2024-03-04 10:18:55,875 - __main__ - INFO - station=> Teri Gram, result => ['181', 'Teri Gram, Gurugram, India', Timestamp('2024-03-04 15:00:00')]
2024-03-04 10:18:55,875 - __main__ - INFO - The hourly data has been written to data/cron_job_data/teri_gram_cron_output.csv with Timestamp: 2024-03-04 15:00:00
2024-03-04 10:18:56,573 - __main__ - INFO - station=> Vikas Sadan, result => ['71', 'Vikas Sadan Gurgaon, Gurgaon, India', Timestamp('2024-03-04 15:00:00')]
2024-03-04 10:18:56,573 - __main__ - INFO - The hourly data has been written to data/cron_job_data/vikas_sadan_cron_output.csv with Timestamp: 2024-03-04 15:00:00
2024-03-04 11:52:43,030 - __main__ - INFO - station=> Sector-51, Gurugram, result => ['150', 'Sector-51, Gurugram, India', Timestamp('2024-03-04 17:00:00')]
2024-03-04 11:52:43,030 - __main__ - INFO - The hourly data has been written to data/cron_job_data/sector_51_cron_output.csv with Timestamp: 2024-03-04 17:00:00
2024-03-04 11:52:43,703 - __main__ - INFO - station=> Sector-51, Gurugram, result => ['150', 'Sector-51, Gurugram, India', Timestamp('2024-03-04 17:00:00')]
2024-03-04 11:52:43,703 - __main__ - INFO - The hourly data has been written to static/data/sector_51_cron_output.csv with Timestamp: 2024-03-04 17:00:00
2024-03-04 11:52:44,381 - __main__ - INFO - station=> Teri Gram, result => ['179', 'Teri Gram, Gurugram, India', Timestamp('2024-03-04 17:00:00')]
2024-03-04 11:52:44,381 - __main__ - INFO - The hourly data has been written to data/cron_job_data/teri_gram_cron_output.csv with Timestamp: 2024-03-04 17:00:00
2024-03-04 11:52:45,054 - __main__ - INFO - station=> Vikas Sadan, result => ['76', 'Vikas Sadan Gurgaon, Gurgaon, India', Timestamp('2024-03-04 17:00:00')]
2024-03-04 11:52:45,054 - __main__ - INFO - The hourly data has been written to data/cron_job_data/vikas_sadan_cron_output.csv with Timestamp: 2024-03-04 17:00:00
2024-03-04 12:48:12,692 - __main__ - INFO - station=> Sector-51, Gurugram, result => ['142', 'Sector-51, Gurugram, India', Timestamp('2024-03-04 18:00:00')]
2024-03-04 12:48:12,692 - __main__ - INFO - The hourly data has been written to data/cron_job_data/sector_51_cron_output.csv with Timestamp: 2024-03-04 18:00:00
2024-03-04 12:48:13,373 - __main__ - INFO - station=> Sector-51, Gurugram, result => ['142', 'Sector-51, Gurugram, India', Timestamp('2024-03-04 18:00:00')]
2024-03-04 12:48:13,373 - __main__ - INFO - The hourly data has been written to static/data/sector_51_cron_output.csv with Timestamp: 2024-03-04 18:00:00
2024-03-04 12:48:14,064 - __main__ - INFO - station=> Teri Gram, result => ['174', 'Teri Gram, Gurugram, India', Timestamp('2024-03-04 18:00:00')]
2024-03-04 12:48:14,064 - __main__ - INFO - The hourly data has been written to data/cron_job_data/teri_gram_cron_output.csv with Timestamp: 2024-03-04 18:00:00
2024-03-04 12:48:14,743 - __main__ - INFO - station=> Vikas Sadan, result => ['61', 'Vikas Sadan Gurgaon, Gurgaon, India', Timestamp('2024-03-04 18:00:00')]
2024-03-04 12:48:14,744 - __main__ - INFO - The hourly data has been written to data/cron_job_data/vikas_sadan_cron_output.csv with Timestamp: 2024-03-04 18:00:00
2024-03-04 13:36:09,947 - __main__ - INFO - station=> Sector-51, Gurugram, result => ['151', 'Sector-51, Gurugram, India', Timestamp('2024-03-04 19:00:00')]
2024-03-04 13:36:09,947 - __main__ - INFO - The hourly data has been written to data/cron_job_data/sector_51_cron_output.csv with Timestamp: 2024-03-04 19:00:00
2024-03-04 13:36:10,654 - __main__ - INFO - station=> Sector-51, Gurugram, result => ['151', 'Sector-51, Gurugram, India', Timestamp('2024-03-04 19:00:00')]
2024-03-04 13:36:10,654 - __main__ - INFO - The hourly data has been written to static/data/sector_51_cron_output.csv with Timestamp: 2024-03-04 19:00:00
2024-03-04 13:36:11,360 - __main__ - INFO - station=> Teri Gram, result => ['175', 'Teri Gram, Gurugram, India', Timestamp('2024-03-04 19:00:00')]
2024-03-04 13:36:11,360 - __main__ - INFO - The hourly data has been written to data/cron_job_data/teri_gram_cron_output.csv with Timestamp: 2024-03-04 19:00:00
2024-03-04 13:36:12,037 - __main__ - INFO - station=> Vikas Sadan, result => ['55', 'Vikas Sadan Gurgaon, Gurgaon, India', Timestamp('2024-03-04 19:00:00')]
2024-03-04 13:36:12,038 - __main__ - INFO - The hourly data has been written to data/cron_job_data/vikas_sadan_cron_output.csv with Timestamp: 2024-03-04 19:00:00
