2024-02-04 00:31:01,828 - __main__ - INFO - station=> nise gwal, result => ['160', 'NISE Gwal Pahari, Gurugram, India', Timestamp('2024-02-04 05:00:00')]
2024-02-04 00:31:01,828 - __main__ - INFO - The hourly data has been written to data/cron_job_data/nise_cron_output.csv with Timestamp: 2024-02-04 05:00:00
2024-02-04 00:31:02,505 - __main__ - INFO - station=> Sector-51, Gurugram, result => ['191', 'Sector-51, Gurugram, India', Timestamp('2024-02-04 05:00:00')]
2024-02-04 00:31:02,505 - __main__ - INFO - The hourly data has been written to data/cron_job_data/sector_51_cron_output.csv with Timestamp: 2024-02-04 05:00:00
2024-02-04 00:31:03,178 - __main__ - INFO - station=> Sector-51, Gurugram, result => ['191', 'Sector-51, Gurugram, India', Timestamp('2024-02-04 05:00:00')]
2024-02-04 00:31:03,178 - __main__ - INFO - The hourly data has been written to static/data/sector_51_cron_output.csv with Timestamp: 2024-02-04 05:00:00
2024-02-04 00:31:03,853 - __main__ - INFO - station=> Teri Gram, result => ['174', 'Teri Gram, Gurugram, India', Timestamp('2024-02-04 05:00:00')]
2024-02-04 00:31:03,855 - __main__ - INFO - The hourly data has been written to data/cron_job_data/teri_gram_cron_output.csv with Timestamp: 2024-02-04 05:00:00
2024-02-04 00:31:04,528 - __main__ - INFO - station=> Vikas Sadan, result => ['190', 'Vikas Sadan Gurgaon, Gurgaon, India', Timestamp('2024-02-04 05:00:00')]
2024-02-04 00:31:04,528 - __main__ - INFO - The hourly data has been written to data/cron_job_data/vikas_sadan_cron_output.csv with Timestamp: 2024-02-04 05:00:00
2024-02-04 01:42:49,004 - __main__ - INFO - station=> nise gwal, result => ['164', 'NISE Gwal Pahari, Gurugram, India', Timestamp('2024-02-04 07:00:00')]
2024-02-04 01:42:49,005 - __main__ - INFO - The hourly data has been written to data/cron_job_data/nise_cron_output.csv with Timestamp: 2024-02-04 07:00:00
2024-02-04 01:42:51,025 - __main__ - INFO - station=> Teri Gram, result => ['174', 'Teri Gram, Gurugram, India', Timestamp('2024-02-04 06:00:00')]
2024-02-04 01:42:51,025 - __main__ - INFO - The hourly data has been written to data/cron_job_data/teri_gram_cron_output.csv with Timestamp: 2024-02-04 06:00:00
2024-02-04 01:42:51,681 - __main__ - INFO - station=> Vikas Sadan, result => ['185', 'Vikas Sadan Gurgaon, Gurgaon, India', Timestamp('2024-02-04 06:00:00')]
2024-02-04 01:42:51,682 - __main__ - INFO - The hourly data has been written to data/cron_job_data/vikas_sadan_cron_output.csv with Timestamp: 2024-02-04 06:00:00
2024-02-04 01:42:51,682 - __main__ - INFO - Calling writeData & retrain_model functions.
2024-02-04 01:42:51,688 - __main__ - INFO - df_api columns Index(['AQI'], dtype='object')
2024-02-04 01:42:51,688 - __main__ - INFO - today=> 2024-02-04 & yesterday=> 2024-02-03
2024-02-04 01:42:51,690 - __main__ - INFO - temp_daily_aqi columns Index(['Unnamed: 0', 'Date', 'AQI'], dtype='object')
2024-02-04 01:42:51,693 - __main__ - INFO - temp_daily_aqi[2024-02-03]=> Empty DataFrame
Columns: [Unnamed: 0, AQI]
Index: []
2024-02-04 01:42:51,693 - __main__ - INFO - Index => 1430, yesterday => 2024-02-03 & AQI => 552.0
2024-02-04 01:42:51,694 - __main__ - INFO - Daily AQI data has been written to data/cleaned_data/Forecasting_time_series/sector_51_daily_aqi.csv
2024-02-04 01:42:51,694 - __main__ - INFO - Index => 1430, yesterday => 2024-02-03 & AQI => 552.0
2024-02-04 01:42:51,694 - __main__ - INFO - Daily AQI data has been written to static/data/sector_51_daily_aqi.csv
2024-02-04 01:42:51,698 - __main__ - INFO - Re-training the model & train_end is 2024-01-29 00:00:00
2024-02-04 01:42:53,066 - __main__ - INFO - Retrained the model & MAPE is 50.0%
2024-02-04 01:42:53,066 - __main__ - INFO - Retrained the model & MAE is 118.93822409686936%
2024-02-04 01:42:54,400 - __main__ - INFO - Forecast=> 2024-02-04    429.861068
2024-02-05    408.151137
2024-02-06    388.332175
2024-02-07    369.876950
2024-02-08    357.181064
Freq: D, Name: predicted_mean, dtype: float64
2024-02-04 01:42:54,400 - __main__ - INFO - The forecast data has been written to data/cleaned_data/Forecasting_time_series/forecast_sector_51_daily_aqi.csv
2024-02-04 01:42:54,401 - __main__ - INFO - The forecast data has been written to static/data/forecast_sector_51_daily_aqi.csv
2024-02-04 02:17:23,117 - __main__ - INFO - station=> Sector-51, Gurugram, result => ['151', 'Sector-51, Gurugram, India', Timestamp('2024-02-04 07:00:00')]
2024-02-04 02:17:23,117 - __main__ - INFO - The hourly data has been written to data/cron_job_data/sector_51_cron_output.csv with Timestamp: 2024-02-04 07:00:00
2024-02-04 02:17:23,590 - __main__ - INFO - station=> Sector-51, Gurugram, result => ['151', 'Sector-51, Gurugram, India', Timestamp('2024-02-04 07:00:00')]
2024-02-04 02:17:23,590 - __main__ - INFO - The hourly data has been written to static/data/sector_51_cron_output.csv with Timestamp: 2024-02-04 07:00:00
2024-02-04 02:17:24,089 - __main__ - INFO - station=> Teri Gram, result => ['175', 'Teri Gram, Gurugram, India', Timestamp('2024-02-04 07:00:00')]
2024-02-04 02:17:24,089 - __main__ - INFO - The hourly data has been written to data/cron_job_data/teri_gram_cron_output.csv with Timestamp: 2024-02-04 07:00:00
2024-02-04 02:17:24,565 - __main__ - INFO - station=> Vikas Sadan, result => ['182', 'Vikas Sadan Gurgaon, Gurgaon, India', Timestamp('2024-02-04 07:00:00')]
2024-02-04 02:17:24,565 - __main__ - INFO - The hourly data has been written to data/cron_job_data/vikas_sadan_cron_output.csv with Timestamp: 2024-02-04 07:00:00
2024-02-04 03:04:37,558 - __main__ - INFO - station=> nise gwal, result => ['170', 'NISE Gwal Pahari, Gurugram, India', Timestamp('2024-02-04 08:00:00')]
2024-02-04 03:04:37,558 - __main__ - INFO - The hourly data has been written to data/cron_job_data/nise_cron_output.csv with Timestamp: 2024-02-04 08:00:00
2024-02-04 03:04:38,019 - __main__ - INFO - station=> Sector-51, Gurugram, result => ['180', 'Sector-51, Gurugram, India', Timestamp('2024-02-04 08:00:00')]
2024-02-04 03:04:38,019 - __main__ - INFO - The hourly data has been written to data/cron_job_data/sector_51_cron_output.csv with Timestamp: 2024-02-04 08:00:00
2024-02-04 03:04:38,481 - __main__ - INFO - station=> Sector-51, Gurugram, result => ['180', 'Sector-51, Gurugram, India', Timestamp('2024-02-04 08:00:00')]
2024-02-04 03:04:38,482 - __main__ - INFO - The hourly data has been written to static/data/sector_51_cron_output.csv with Timestamp: 2024-02-04 08:00:00
2024-02-04 03:04:38,954 - __main__ - INFO - station=> Teri Gram, result => ['173', 'Teri Gram, Gurugram, India', Timestamp('2024-02-04 08:00:00')]
2024-02-04 03:04:38,954 - __main__ - INFO - The hourly data has been written to data/cron_job_data/teri_gram_cron_output.csv with Timestamp: 2024-02-04 08:00:00
2024-02-04 03:04:39,413 - __main__ - INFO - station=> Vikas Sadan, result => ['177', 'Vikas Sadan Gurgaon, Gurgaon, India', Timestamp('2024-02-04 08:00:00')]
2024-02-04 03:04:39,413 - __main__ - INFO - The hourly data has been written to data/cron_job_data/vikas_sadan_cron_output.csv with Timestamp: 2024-02-04 08:00:00
2024-02-04 04:06:58,735 - __main__ - INFO - station=> nise gwal, result => ['166', 'NISE Gwal Pahari, Gurugram, India', Timestamp('2024-02-04 09:00:00')]
2024-02-04 04:06:58,735 - __main__ - INFO - The hourly data has been written to data/cron_job_data/nise_cron_output.csv with Timestamp: 2024-02-04 09:00:00
2024-02-04 04:07:00,128 - __main__ - INFO - station=> Teri Gram, result => ['172', 'Teri Gram, Gurugram, India', Timestamp('2024-02-04 09:00:00')]
2024-02-04 04:07:00,128 - __main__ - INFO - The hourly data has been written to data/cron_job_data/teri_gram_cron_output.csv with Timestamp: 2024-02-04 09:00:00
2024-02-04 04:07:00,594 - __main__ - INFO - station=> Vikas Sadan, result => ['169', 'Vikas Sadan Gurgaon, Gurgaon, India', Timestamp('2024-02-04 09:00:00')]
2024-02-04 04:07:00,594 - __main__ - INFO - The hourly data has been written to data/cron_job_data/vikas_sadan_cron_output.csv with Timestamp: 2024-02-04 09:00:00
2024-02-04 06:07:22,455 - __main__ - INFO - station=> nise gwal, result => ['172', 'NISE Gwal Pahari, Gurugram, India', Timestamp('2024-02-04 11:00:00')]
2024-02-04 06:07:22,455 - __main__ - INFO - The hourly data has been written to data/cron_job_data/nise_cron_output.csv with Timestamp: 2024-02-04 11:00:00
2024-02-04 06:07:23,153 - __main__ - INFO - station=> Sector-51, Gurugram, result => ['23', 'Sector-51, Gurugram, India', Timestamp('2024-02-04 11:00:00')]
2024-02-04 06:07:23,153 - __main__ - INFO - The hourly data has been written to data/cron_job_data/sector_51_cron_output.csv with Timestamp: 2024-02-04 11:00:00
2024-02-04 06:07:23,848 - __main__ - INFO - station=> Sector-51, Gurugram, result => ['23', 'Sector-51, Gurugram, India', Timestamp('2024-02-04 11:00:00')]
2024-02-04 06:07:23,848 - __main__ - INFO - The hourly data has been written to static/data/sector_51_cron_output.csv with Timestamp: 2024-02-04 11:00:00
2024-02-04 06:07:24,544 - __main__ - INFO - station=> Teri Gram, result => ['184', 'Teri Gram, Gurugram, India', Timestamp('2024-02-04 11:00:00')]
2024-02-04 06:07:24,545 - __main__ - INFO - The hourly data has been written to data/cron_job_data/teri_gram_cron_output.csv with Timestamp: 2024-02-04 11:00:00
2024-02-04 06:07:25,240 - __main__ - INFO - station=> Vikas Sadan, result => ['171', 'Vikas Sadan Gurgaon, Gurgaon, India', Timestamp('2024-02-04 11:00:00')]
2024-02-04 06:07:25,240 - __main__ - INFO - The hourly data has been written to data/cron_job_data/vikas_sadan_cron_output.csv with Timestamp: 2024-02-04 11:00:00
