2024-07-04 00:34:22,048 - __main__ - INFO - station=> Sector-51, Gurugram, result => ['91', 'Sector-51, Gurugram, India', Timestamp('2024-07-04 04:00:00')]
2024-07-04 00:34:22,048 - __main__ - INFO - The hourly data has been written to data/cron_job_data/sector_51_cron_output.csv with Timestamp: 2024-07-04 04:00:00
2024-07-04 00:34:22,516 - __main__ - INFO - station=> Sector-51, Gurugram, result => ['91', 'Sector-51, Gurugram, India', Timestamp('2024-07-04 04:00:00')]
2024-07-04 00:34:22,516 - __main__ - INFO - The hourly data has been written to static/data/sector_51_cron_output.csv with Timestamp: 2024-07-04 04:00:00
2024-07-04 01:55:38,506 - __main__ - INFO - station=> Sector-51, Gurugram, result => ['127', 'Sector-51, Gurugram, India', Timestamp('2024-07-04 07:00:00')]
2024-07-04 01:55:38,507 - __main__ - INFO - The hourly data has been written to data/cron_job_data/sector_51_cron_output.csv with Timestamp: 2024-07-04 07:00:00
2024-07-04 01:55:39,170 - __main__ - INFO - station=> Sector-51, Gurugram, result => ['127', 'Sector-51, Gurugram, India', Timestamp('2024-07-04 07:00:00')]
2024-07-04 01:55:39,170 - __main__ - INFO - The hourly data has been written to static/data/sector_51_cron_output.csv with Timestamp: 2024-07-04 07:00:00
2024-07-04 01:55:39,171 - __main__ - INFO - Calling writeData & retrain_model functions.
2024-07-04 01:55:39,180 - __main__ - INFO - df_api columns Index(['AQI'], dtype='object')
2024-07-04 01:55:39,180 - __main__ - INFO - today=> 2024-07-04 & yesterday=> 2024-07-03
2024-07-04 01:55:39,182 - __main__ - INFO - temp_daily_aqi columns Index(['Unnamed: 0', 'Date', 'AQI'], dtype='object')
2024-07-04 01:55:39,184 - __main__ - INFO - temp_daily_aqi[2024-07-03]=> Empty DataFrame
Columns: [Unnamed: 0, AQI]
Index: []
2024-07-04 01:55:39,185 - __main__ - INFO - Index => 1581, yesterday => 2024-07-03 & AQI => 121.0
2024-07-04 01:55:39,185 - __main__ - INFO - Daily AQI data has been written to data/cleaned_data/Forecasting_time_series/sector_51_daily_aqi.csv
2024-07-04 01:55:39,185 - __main__ - INFO - Index => 1581, yesterday => 2024-07-03 & AQI => 121.0
2024-07-04 01:55:39,186 - __main__ - INFO - Daily AQI data has been written to static/data/sector_51_daily_aqi.csv
2024-07-04 01:55:39,190 - __main__ - INFO - Re-training the model & train_end is 2024-06-28 00:00:00
2024-07-04 01:55:40,444 - __main__ - INFO - Retrained the model & MAPE is 17.52%
2024-07-04 01:55:40,445 - __main__ - INFO - Retrained the model & MAE is 22.844373008666956
2024-07-04 01:55:41,550 - __main__ - INFO - Forecast=> 2024-07-04    136.851540
2024-07-05    148.318231
2024-07-06    169.790845
2024-07-07    151.369606
2024-07-08    160.903420
Freq: D, Name: predicted_mean, dtype: float64
2024-07-04 01:55:41,550 - __main__ - INFO - The forecast data has been written to data/cleaned_data/Forecasting_time_series/forecast_sector_51_daily_aqi.csv
2024-07-04 01:55:41,551 - __main__ - INFO - The forecast data has been written to static/data/forecast_sector_51_daily_aqi.csv
2024-07-04 03:09:12,715 - __main__ - INFO - station=> Sector-51, Gurugram, result => ['104', 'Sector-51, Gurugram, India', Timestamp('2024-07-04 08:00:00')]
2024-07-04 03:09:12,715 - __main__ - INFO - The hourly data has been written to data/cron_job_data/sector_51_cron_output.csv with Timestamp: 2024-07-04 08:00:00
2024-07-04 03:09:13,383 - __main__ - INFO - station=> Sector-51, Gurugram, result => ['104', 'Sector-51, Gurugram, India', Timestamp('2024-07-04 08:00:00')]
2024-07-04 03:09:13,383 - __main__ - INFO - The hourly data has been written to static/data/sector_51_cron_output.csv with Timestamp: 2024-07-04 08:00:00
2024-07-04 04:09:31,094 - __main__ - INFO - station=> Sector-51, Gurugram, result => ['116', 'Sector-51, Gurugram, India', Timestamp('2024-07-04 09:00:00')]
2024-07-04 04:09:31,094 - __main__ - INFO - The hourly data has been written to data/cron_job_data/sector_51_cron_output.csv with Timestamp: 2024-07-04 09:00:00
2024-07-04 04:09:31,567 - __main__ - INFO - station=> Sector-51, Gurugram, result => ['116', 'Sector-51, Gurugram, India', Timestamp('2024-07-04 09:00:00')]
2024-07-04 04:09:31,567 - __main__ - INFO - The hourly data has been written to static/data/sector_51_cron_output.csv with Timestamp: 2024-07-04 09:00:00
2024-07-04 05:09:25,625 - __main__ - INFO - station=> Sector-51, Gurugram, result => ['91', 'Sector-51, Gurugram, India', Timestamp('2024-07-04 10:00:00')]
2024-07-04 05:09:25,625 - __main__ - INFO - The hourly data has been written to data/cron_job_data/sector_51_cron_output.csv with Timestamp: 2024-07-04 10:00:00
2024-07-04 05:09:26,291 - __main__ - INFO - station=> Sector-51, Gurugram, result => ['91', 'Sector-51, Gurugram, India', Timestamp('2024-07-04 10:00:00')]
2024-07-04 05:09:26,291 - __main__ - INFO - The hourly data has been written to static/data/sector_51_cron_output.csv with Timestamp: 2024-07-04 10:00:00
2024-07-04 06:11:27,522 - __main__ - INFO - station=> Sector-51, Gurugram, result => ['98', 'Sector-51, Gurugram, India', Timestamp('2024-07-04 11:00:00')]
2024-07-04 06:11:27,522 - __main__ - INFO - The hourly data has been written to data/cron_job_data/sector_51_cron_output.csv with Timestamp: 2024-07-04 11:00:00
2024-07-04 06:11:27,997 - __main__ - INFO - station=> Sector-51, Gurugram, result => ['98', 'Sector-51, Gurugram, India', Timestamp('2024-07-04 11:00:00')]
2024-07-04 06:11:27,997 - __main__ - INFO - The hourly data has been written to static/data/sector_51_cron_output.csv with Timestamp: 2024-07-04 11:00:00
2024-07-04 08:10:27,029 - __main__ - INFO - station=> Sector-51, Gurugram, result => ['86', 'Sector-51, Gurugram, India', Timestamp('2024-07-04 13:00:00')]
2024-07-04 08:10:27,029 - __main__ - INFO - The hourly data has been written to data/cron_job_data/sector_51_cron_output.csv with Timestamp: 2024-07-04 13:00:00
2024-07-04 08:10:27,711 - __main__ - INFO - station=> Sector-51, Gurugram, result => ['86', 'Sector-51, Gurugram, India', Timestamp('2024-07-04 13:00:00')]
2024-07-04 08:10:27,712 - __main__ - INFO - The hourly data has been written to static/data/sector_51_cron_output.csv with Timestamp: 2024-07-04 13:00:00
2024-07-04 09:08:49,789 - __main__ - INFO - station=> Sector-51, Gurugram, result => ['82', 'Sector-51, Gurugram, India', Timestamp('2024-07-04 14:00:00')]
2024-07-04 09:08:49,789 - __main__ - INFO - The hourly data has been written to data/cron_job_data/sector_51_cron_output.csv with Timestamp: 2024-07-04 14:00:00
2024-07-04 09:08:50,455 - __main__ - INFO - station=> Sector-51, Gurugram, result => ['82', 'Sector-51, Gurugram, India', Timestamp('2024-07-04 14:00:00')]
2024-07-04 09:08:50,455 - __main__ - INFO - The hourly data has been written to static/data/sector_51_cron_output.csv with Timestamp: 2024-07-04 14:00:00
2024-07-04 10:08:06,646 - __main__ - INFO - station=> Sector-51, Gurugram, result => ['88', 'Sector-51, Gurugram, India', Timestamp('2024-07-04 15:00:00')]
2024-07-04 10:08:06,647 - __main__ - INFO - The hourly data has been written to data/cron_job_data/sector_51_cron_output.csv with Timestamp: 2024-07-04 15:00:00
2024-07-04 10:08:07,279 - __main__ - INFO - station=> Sector-51, Gurugram, result => ['88', 'Sector-51, Gurugram, India', Timestamp('2024-07-04 15:00:00')]
2024-07-04 10:08:07,279 - __main__ - INFO - The hourly data has been written to static/data/sector_51_cron_output.csv with Timestamp: 2024-07-04 15:00:00
2024-07-04 12:13:33,743 - __main__ - INFO - station=> Sector-51, Gurugram, result => ['102', 'Sector-51, Gurugram, India', Timestamp('2024-07-04 17:00:00')]
2024-07-04 12:13:33,743 - __main__ - INFO - The hourly data has been written to data/cron_job_data/sector_51_cron_output.csv with Timestamp: 2024-07-04 17:00:00
2024-07-04 12:13:34,410 - __main__ - INFO - station=> Sector-51, Gurugram, result => ['102', 'Sector-51, Gurugram, India', Timestamp('2024-07-04 17:00:00')]
2024-07-04 12:13:34,410 - __main__ - INFO - The hourly data has been written to static/data/sector_51_cron_output.csv with Timestamp: 2024-07-04 17:00:00
2024-07-04 16:08:57,707 - __main__ - INFO - station=> Sector-51, Gurugram, result => ['137', 'Sector-51, Gurugram, India', Timestamp('2024-07-04 21:00:00')]
2024-07-04 16:08:57,708 - __main__ - INFO - The hourly data has been written to data/cron_job_data/sector_51_cron_output.csv with Timestamp: 2024-07-04 21:00:00
2024-07-04 16:08:58,386 - __main__ - INFO - station=> Sector-51, Gurugram, result => ['137', 'Sector-51, Gurugram, India', Timestamp('2024-07-04 21:00:00')]
2024-07-04 16:08:58,386 - __main__ - INFO - The hourly data has been written to static/data/sector_51_cron_output.csv with Timestamp: 2024-07-04 21:00:00
2024-07-04 17:07:44,498 - __main__ - INFO - station=> Sector-51, Gurugram, result => ['118', 'Sector-51, Gurugram, India', Timestamp('2024-07-04 22:00:00')]
2024-07-04 17:07:44,498 - __main__ - INFO - The hourly data has been written to data/cron_job_data/sector_51_cron_output.csv with Timestamp: 2024-07-04 22:00:00
2024-07-04 17:07:44,962 - __main__ - INFO - station=> Sector-51, Gurugram, result => ['118', 'Sector-51, Gurugram, India', Timestamp('2024-07-04 22:00:00')]
2024-07-04 17:07:44,963 - __main__ - INFO - The hourly data has been written to static/data/sector_51_cron_output.csv with Timestamp: 2024-07-04 22:00:00
2024-07-04 18:09:56,640 - __main__ - INFO - station=> Sector-51, Gurugram, result => ['116', 'Sector-51, Gurugram, India', Timestamp('2024-07-04 23:00:00')]
2024-07-04 18:09:56,641 - __main__ - INFO - The hourly data has been written to data/cron_job_data/sector_51_cron_output.csv with Timestamp: 2024-07-04 23:00:00
2024-07-04 18:09:57,335 - __main__ - INFO - station=> Sector-51, Gurugram, result => ['116', 'Sector-51, Gurugram, India', Timestamp('2024-07-04 23:00:00')]
2024-07-04 18:09:57,335 - __main__ - INFO - The hourly data has been written to static/data/sector_51_cron_output.csv with Timestamp: 2024-07-04 23:00:00
2024-07-04 20:08:05,987 - __main__ - INFO - station=> Sector-51, Gurugram, result => ['154', 'Sector-51, Gurugram, India', Timestamp('2024-07-05 01:00:00')]
2024-07-04 20:08:05,987 - __main__ - INFO - The hourly data has been written to data/cron_job_data/sector_51_cron_output.csv with Timestamp: 2024-07-05 01:00:00
2024-07-04 20:08:06,635 - __main__ - INFO - station=> Sector-51, Gurugram, result => ['154', 'Sector-51, Gurugram, India', Timestamp('2024-07-05 01:00:00')]
2024-07-04 20:08:06,635 - __main__ - INFO - The hourly data has been written to static/data/sector_51_cron_output.csv with Timestamp: 2024-07-05 01:00:00
