2024-10-04 01:13:43,712 - __main__ - INFO - station=> Sector-51, Gurugram, result => ['154', 'Sector-51, Gurugram, India', Timestamp('2024-10-04 06:00:00')]
2024-10-04 01:13:43,712 - __main__ - INFO - The hourly data has been written to data/cron_job_data/sector_51_cron_output.csv with Timestamp: 2024-10-04 06:00:00
2024-10-04 01:13:44,341 - __main__ - INFO - station=> Sector-51, Gurugram, result => ['154', 'Sector-51, Gurugram, India', Timestamp('2024-10-04 06:00:00')]
2024-10-04 01:13:44,341 - __main__ - INFO - The hourly data has been written to static/data/sector_51_cron_output.csv with Timestamp: 2024-10-04 06:00:00
2024-10-04 01:13:44,388 - __main__ - INFO - df_api columns Index(['AQI'], dtype='object')
2024-10-04 01:13:44,389 - __main__ - INFO - today=> 2024-10-04 & yesterday=> 2024-10-03
2024-10-04 01:13:44,390 - __main__ - INFO - temp_daily_aqi columns Index(['Unnamed: 0', 'Date', 'AQI'], dtype='object')
2024-10-04 01:13:44,393 - __main__ - INFO - temp_daily_aqi[2024-10-03]=> Empty DataFrame
Columns: [Unnamed: 0, AQI]
Index: []
2024-10-04 01:13:44,394 - __main__ - INFO - Index => 1673, yesterday => 2024-10-03 & AQI => 302.0
2024-10-04 01:13:44,394 - __main__ - INFO - Daily AQI data has been written to data/cleaned_data/Forecasting_time_series/sector_51_daily_aqi.csv
2024-10-04 01:13:44,394 - __main__ - INFO - Index => 1673, yesterday => 2024-10-03 & AQI => 302.0
2024-10-04 01:13:44,395 - __main__ - INFO - Daily AQI data has been written to static/data/sector_51_daily_aqi.csv
2024-10-04 01:13:44,400 - __main__ - INFO - Re-training the model & train_end is 2024-09-28 00:00:00
2024-10-04 01:13:45,919 - __main__ - INFO - Retrained the model & MAPE is 16.59%
2024-10-04 01:13:45,919 - __main__ - INFO - Retrained the model & MAE is 40.13258377299924
2024-10-04 01:13:47,242 - __main__ - INFO - Forecast=> 2024-10-04    252.308143
2024-10-05    259.346031
2024-10-06    236.051275
2024-10-07    238.945173
2024-10-08    231.898515
Freq: D, Name: predicted_mean, dtype: float64
2024-10-04 01:13:47,242 - __main__ - INFO - The forecast data has been written to data/cleaned_data/Forecasting_time_series/forecast_sector_51_daily_aqi.csv
2024-10-04 01:13:47,243 - __main__ - INFO - The forecast data has been written to static/data/forecast_sector_51_daily_aqi.csv
