2023-12-04 00:29:30,364 - __main__ - INFO - station=> nise gwal, result => ['155', 'NISE Gwal Pahari, Gurugram, India', Timestamp('2023-12-04 05:00:00')]
2023-12-04 00:29:30,365 - __main__ - INFO - The data has been written to data/cron_job_data/nise_cron_output.csv with Timestamp: 2023-12-04 05:00:00
2023-12-04 00:29:31,022 - __main__ - INFO - station=> Sector-51, Gurugram, result => ['189', 'Sector-51, Gurugram, India', Timestamp('2023-12-04 05:00:00')]
2023-12-04 00:29:31,022 - __main__ - INFO - The data has been written to data/cron_job_data/sector_51_cron_output.csv with Timestamp: 2023-12-04 05:00:00
2023-12-04 00:29:31,695 - __main__ - INFO - station=> Teri Gram, result => ['173', 'Teri Gram, Gurugram, India', Timestamp('2023-12-04 05:00:00')]
2023-12-04 00:29:31,696 - __main__ - INFO - The data has been written to data/cron_job_data/teri_gram_cron_output.csv with Timestamp: 2023-12-04 05:00:00
2023-12-04 00:29:32,340 - __main__ - INFO - station=> Vikas Sadan, result => ['156', 'Vikas Sadan Gurgaon, Gurgaon, India', Timestamp('2023-12-04 05:00:00')]
2023-12-04 00:29:32,341 - __main__ - INFO - The data has been written to data/cron_job_data/vikas_sadan_cron_output.csv with Timestamp: 2023-12-04 05:00:00
2023-12-04 01:47:12,227 - __main__ - INFO - station=> nise gwal, result => ['161', 'NISE Gwal Pahari, Gurugram, India', Timestamp('2023-12-04 07:00:00')]
2023-12-04 01:47:12,227 - __main__ - INFO - The data has been written to data/cron_job_data/nise_cron_output.csv with Timestamp: 2023-12-04 07:00:00
2023-12-04 01:47:12,703 - __main__ - INFO - station=> Sector-51, Gurugram, result => ['190', 'Sector-51, Gurugram, India', Timestamp('2023-12-04 07:00:00')]
2023-12-04 01:47:12,703 - __main__ - INFO - The data has been written to data/cron_job_data/sector_51_cron_output.csv with Timestamp: 2023-12-04 07:00:00
2023-12-04 01:47:13,179 - __main__ - INFO - station=> Teri Gram, result => ['131', 'Teri Gram, Gurugram, India', Timestamp('2023-12-04 07:00:00')]
2023-12-04 01:47:13,179 - __main__ - INFO - The data has been written to data/cron_job_data/teri_gram_cron_output.csv with Timestamp: 2023-12-04 07:00:00
2023-12-04 01:47:13,652 - __main__ - INFO - station=> Vikas Sadan, result => ['157', 'Vikas Sadan Gurgaon, Gurgaon, India', Timestamp('2023-12-04 07:00:00')]
2023-12-04 01:47:13,653 - __main__ - INFO - The data has been written to data/cron_job_data/vikas_sadan_cron_output.csv with Timestamp: 2023-12-04 07:00:00
2023-12-04 02:21:45,005 - __main__ - INFO - station=> nise gwal, result => ['161', 'NISE Gwal Pahari, Gurugram, India', Timestamp('2023-12-04 07:00:00')]
2023-12-04 02:21:45,006 - __main__ - INFO - Timestamp 2023-12-04 07:00:00 already present in data/cron_job_data/nise_cron_output.csv, not appending.
2023-12-04 02:21:45,489 - __main__ - INFO - station=> Sector-51, Gurugram, result => ['190', 'Sector-51, Gurugram, India', Timestamp('2023-12-04 07:00:00')]
2023-12-04 02:21:45,489 - __main__ - INFO - Timestamp 2023-12-04 07:00:00 already present in data/cron_job_data/sector_51_cron_output.csv, not appending.
2023-12-04 02:21:45,976 - __main__ - INFO - station=> Teri Gram, result => ['136', 'Teri Gram, Gurugram, India', Timestamp('2023-12-04 07:00:00')]
2023-12-04 02:21:45,977 - __main__ - INFO - Timestamp 2023-12-04 07:00:00 already present in data/cron_job_data/teri_gram_cron_output.csv, not appending.
2023-12-04 02:21:46,478 - __main__ - INFO - station=> Vikas Sadan, result => ['157', 'Vikas Sadan Gurgaon, Gurgaon, India', Timestamp('2023-12-04 07:00:00')]
2023-12-04 02:21:46,478 - __main__ - INFO - Timestamp 2023-12-04 07:00:00 already present in data/cron_job_data/vikas_sadan_cron_output.csv, not appending.
