2024-01-05 00:29:33,003 - __main__ - INFO - station=> nise gwal, result => ['154', 'NISE Gwal Pahari, Gurugram, India', Timestamp('2024-01-05 05:00:00')]
2024-01-05 00:29:33,004 - __main__ - INFO - The hourly data has been written to data/cron_job_data/nise_cron_output.csv with Timestamp: 2024-01-05 05:00:00
2024-01-05 00:29:33,691 - __main__ - INFO - station=> Sector-51, Gurugram, result => ['158', 'Sector-51, Gurugram, India', Timestamp('2024-01-05 05:00:00')]
2024-01-05 00:29:33,692 - __main__ - INFO - The hourly data has been written to data/cron_job_data/sector_51_cron_output.csv with Timestamp: 2024-01-05 05:00:00
2024-01-05 00:29:34,379 - __main__ - INFO - station=> Teri Gram, result => ['132', 'Teri Gram, Gurugram, India', Timestamp('2024-01-05 05:00:00')]
2024-01-05 00:29:34,380 - __main__ - INFO - The hourly data has been written to data/cron_job_data/teri_gram_cron_output.csv with Timestamp: 2024-01-05 05:00:00
2024-01-05 00:29:35,063 - __main__ - INFO - station=> Vikas Sadan, result => ['97', 'Vikas Sadan Gurgaon, Gurgaon, India', Timestamp('2024-01-05 05:00:00')]
2024-01-05 00:29:35,064 - __main__ - INFO - The hourly data has been written to data/cron_job_data/vikas_sadan_cron_output.csv with Timestamp: 2024-01-05 05:00:00
2024-01-05 00:29:35,065 - __main__ - INFO - datetime.now()=> 2024-01-05 00:29:35.065217
2024-01-05 01:45:34,267 - __main__ - INFO - station=> nise gwal, result => ['154', 'NISE Gwal Pahari, Gurugram, India', Timestamp('2024-01-05 07:00:00')]
2024-01-05 01:45:34,268 - __main__ - INFO - The hourly data has been written to data/cron_job_data/nise_cron_output.csv with Timestamp: 2024-01-05 07:00:00
2024-01-05 01:45:34,760 - __main__ - INFO - station=> Sector-51, Gurugram, result => ['151', 'Sector-51, Gurugram, India', Timestamp('2024-01-05 07:00:00')]
2024-01-05 01:45:34,761 - __main__ - INFO - The hourly data has been written to data/cron_job_data/sector_51_cron_output.csv with Timestamp: 2024-01-05 07:00:00
2024-01-05 01:45:35,238 - __main__ - INFO - station=> Teri Gram, result => ['120', 'Teri Gram, Gurugram, India', Timestamp('2024-01-05 07:00:00')]
2024-01-05 01:45:35,238 - __main__ - INFO - The hourly data has been written to data/cron_job_data/teri_gram_cron_output.csv with Timestamp: 2024-01-05 07:00:00
2024-01-05 01:45:35,711 - __main__ - INFO - station=> Vikas Sadan, result => ['80', 'Vikas Sadan Gurgaon, Gurgaon, India', Timestamp('2024-01-05 07:00:00')]
2024-01-05 01:45:35,711 - __main__ - INFO - The hourly data has been written to data/cron_job_data/vikas_sadan_cron_output.csv with Timestamp: 2024-01-05 07:00:00
2024-01-05 01:45:35,712 - __main__ - INFO - datetime.now()=> 2024-01-05 01:45:35.712778
2024-01-05 01:45:35,712 - __main__ - INFO - Calling writeData & retrain_model functions.
2024-01-05 01:45:35,718 - __main__ - INFO - df_api columns Index(['AQI'], dtype='object')
2024-01-05 01:45:35,718 - __main__ - INFO - today=> 2024-01-05 & yesterday=> 2024-01-04
2024-01-05 01:45:35,720 - __main__ - INFO - temp_daily_aqi columns Index(['Unnamed: 0', 'Date', 'AQI'], dtype='object')
2024-01-05 01:45:35,723 - __main__ - INFO - temp_daily_aqi[2024-01-04]=> Empty DataFrame
Columns: [Unnamed: 0, AQI]
Index: []
2024-01-05 01:45:35,723 - __main__ - INFO - Index => 1400, yesterday => 2024-01-04 & AQI => 200.0
2024-01-05 01:45:35,724 - __main__ - INFO - Daily AQI data has been written to data/cleaned_data/Forecasting_time_series/sector_51_daily_aqi.csv
2024-01-05 01:45:35,728 - __main__ - INFO - Re-training the model & train_end is 2023-12-30 00:00:00
2024-01-05 01:45:37,402 - __main__ - INFO - Retrained the model & MAPE is 3.85%
2024-01-05 01:45:38,890 - __main__ - INFO - Forecast=> 2024-01-05    206.690439
2024-01-06    204.154752
2024-01-07    195.696184
2024-01-08    199.807441
2024-01-09    205.655052
Freq: D, Name: predicted_mean, dtype: float64
2024-01-05 01:45:38,891 - __main__ - INFO - The forecast data has been written to data/cleaned_data/Forecasting_time_series/forecast_sector_51_daily_aqi.csv
