2024-02-05 00:29:13,676 - __main__ - INFO - station=> Sector-51, Gurugram, result => ['168', 'Sector-51, Gurugram, India', Timestamp('2024-02-05 05:00:00')]
2024-02-05 00:29:13,676 - __main__ - INFO - The hourly data has been written to data/cron_job_data/sector_51_cron_output.csv with Timestamp: 2024-02-05 05:00:00
2024-02-05 00:29:14,354 - __main__ - INFO - station=> Sector-51, Gurugram, result => ['168', 'Sector-51, Gurugram, India', Timestamp('2024-02-05 05:00:00')]
2024-02-05 00:29:14,354 - __main__ - INFO - The hourly data has been written to static/data/sector_51_cron_output.csv with Timestamp: 2024-02-05 05:00:00
2024-02-05 00:29:15,015 - __main__ - INFO - station=> Teri Gram, result => ['159', 'Teri Gram, Gurugram, India', Timestamp('2024-02-05 05:00:00')]
2024-02-05 00:29:15,015 - __main__ - INFO - The hourly data has been written to data/cron_job_data/teri_gram_cron_output.csv with Timestamp: 2024-02-05 05:00:00
2024-02-05 00:29:15,674 - __main__ - INFO - station=> Vikas Sadan, result => ['153', 'Vikas Sadan Gurgaon, Gurgaon, India', Timestamp('2024-02-05 05:00:00')]
2024-02-05 00:29:15,674 - __main__ - INFO - The hourly data has been written to data/cron_job_data/vikas_sadan_cron_output.csv with Timestamp: 2024-02-05 05:00:00
2024-02-05 01:42:52,080 - __main__ - INFO - station=> Sector-51, Gurugram, result => ['198', 'Sector-51, Gurugram, India', Timestamp('2024-02-05 07:00:00')]
2024-02-05 01:42:52,080 - __main__ - INFO - The hourly data has been written to data/cron_job_data/sector_51_cron_output.csv with Timestamp: 2024-02-05 07:00:00
2024-02-05 01:42:52,539 - __main__ - INFO - station=> Sector-51, Gurugram, result => ['198', 'Sector-51, Gurugram, India', Timestamp('2024-02-05 07:00:00')]
2024-02-05 01:42:52,540 - __main__ - INFO - The hourly data has been written to static/data/sector_51_cron_output.csv with Timestamp: 2024-02-05 07:00:00
2024-02-05 01:42:53,002 - __main__ - INFO - station=> Teri Gram, result => ['155', 'Teri Gram, Gurugram, India', Timestamp('2024-02-05 07:00:00')]
2024-02-05 01:42:53,002 - __main__ - INFO - The hourly data has been written to data/cron_job_data/teri_gram_cron_output.csv with Timestamp: 2024-02-05 07:00:00
2024-02-05 01:42:53,461 - __main__ - INFO - station=> Vikas Sadan, result => ['152', 'Vikas Sadan Gurgaon, Gurgaon, India', Timestamp('2024-02-05 07:00:00')]
2024-02-05 01:42:53,462 - __main__ - INFO - The hourly data has been written to data/cron_job_data/vikas_sadan_cron_output.csv with Timestamp: 2024-02-05 07:00:00
2024-02-05 01:42:53,462 - __main__ - INFO - Calling writeData & retrain_model functions.
2024-02-05 01:42:53,468 - __main__ - INFO - df_api columns Index(['AQI'], dtype='object')
2024-02-05 01:42:53,468 - __main__ - INFO - today=> 2024-02-05 & yesterday=> 2024-02-04
2024-02-05 01:42:53,470 - __main__ - INFO - temp_daily_aqi columns Index(['Unnamed: 0', 'Date', 'AQI'], dtype='object')
2024-02-05 01:42:53,473 - __main__ - INFO - temp_daily_aqi[2024-02-04]=> Empty DataFrame
Columns: [Unnamed: 0, AQI]
Index: []
2024-02-05 01:42:53,473 - __main__ - INFO - Index => 1431, yesterday => 2024-02-04 & AQI => 197.0
2024-02-05 01:42:53,474 - __main__ - INFO - Daily AQI data has been written to data/cleaned_data/Forecasting_time_series/sector_51_daily_aqi.csv
2024-02-05 01:42:53,474 - __main__ - INFO - Index => 1431, yesterday => 2024-02-04 & AQI => 197.0
2024-02-05 01:42:53,474 - __main__ - INFO - Daily AQI data has been written to static/data/sector_51_daily_aqi.csv
2024-02-05 01:42:53,478 - __main__ - INFO - Re-training the model & train_end is 2024-01-30 00:00:00
2024-02-05 01:42:55,021 - __main__ - INFO - Retrained the model & MAPE is 36.71%
2024-02-05 01:42:55,022 - __main__ - INFO - Retrained the model & MAE is 100.2762570662508%
2024-02-05 01:42:56,536 - __main__ - INFO - Forecast=> 2024-02-05    248.827644
2024-02-06    246.005526
2024-02-07    243.348637
2024-02-08    244.434697
2024-02-09    248.677663
Freq: D, Name: predicted_mean, dtype: float64
2024-02-05 01:42:56,537 - __main__ - INFO - The forecast data has been written to data/cleaned_data/Forecasting_time_series/forecast_sector_51_daily_aqi.csv
2024-02-05 01:42:56,537 - __main__ - INFO - The forecast data has been written to static/data/forecast_sector_51_daily_aqi.csv
2024-02-05 03:07:39,121 - __main__ - INFO - station=> nise gwal, result => ['123', 'NISE Gwal Pahari, Gurugram, India', Timestamp('2024-02-05 08:00:00')]
2024-02-05 03:07:39,122 - __main__ - INFO - The hourly data has been written to data/cron_job_data/nise_cron_output.csv with Timestamp: 2024-02-05 08:00:00
2024-02-05 03:07:39,739 - __main__ - INFO - station=> Sector-51, Gurugram, result => ['199', 'Sector-51, Gurugram, India', Timestamp('2024-02-05 08:00:00')]
2024-02-05 03:07:39,739 - __main__ - INFO - The hourly data has been written to data/cron_job_data/sector_51_cron_output.csv with Timestamp: 2024-02-05 08:00:00
2024-02-05 03:07:40,402 - __main__ - INFO - station=> Sector-51, Gurugram, result => ['199', 'Sector-51, Gurugram, India', Timestamp('2024-02-05 08:00:00')]
2024-02-05 03:07:40,402 - __main__ - INFO - The hourly data has been written to static/data/sector_51_cron_output.csv with Timestamp: 2024-02-05 08:00:00
2024-02-05 03:07:41,052 - __main__ - INFO - station=> Teri Gram, result => ['154', 'Teri Gram, Gurugram, India', Timestamp('2024-02-05 08:00:00')]
2024-02-05 03:07:41,052 - __main__ - INFO - The hourly data has been written to data/cron_job_data/teri_gram_cron_output.csv with Timestamp: 2024-02-05 08:00:00
2024-02-05 03:07:41,671 - __main__ - INFO - station=> Vikas Sadan, result => ['153', 'Vikas Sadan Gurgaon, Gurgaon, India', Timestamp('2024-02-05 08:00:00')]
2024-02-05 03:07:41,671 - __main__ - INFO - The hourly data has been written to data/cron_job_data/vikas_sadan_cron_output.csv with Timestamp: 2024-02-05 08:00:00
2024-02-05 04:07:43,639 - __main__ - INFO - station=> nise gwal, result => ['153', 'NISE Gwal Pahari, Gurugram, India', Timestamp('2024-02-05 09:00:00')]
2024-02-05 04:07:43,639 - __main__ - INFO - The hourly data has been written to data/cron_job_data/nise_cron_output.csv with Timestamp: 2024-02-05 09:00:00
2024-02-05 04:07:44,103 - __main__ - INFO - station=> Sector-51, Gurugram, result => ['151', 'Sector-51, Gurugram, India', Timestamp('2024-02-05 09:00:00')]
2024-02-05 04:07:44,103 - __main__ - INFO - The hourly data has been written to data/cron_job_data/sector_51_cron_output.csv with Timestamp: 2024-02-05 09:00:00
2024-02-05 04:07:44,565 - __main__ - INFO - station=> Sector-51, Gurugram, result => ['151', 'Sector-51, Gurugram, India', Timestamp('2024-02-05 09:00:00')]
2024-02-05 04:07:44,565 - __main__ - INFO - The hourly data has been written to static/data/sector_51_cron_output.csv with Timestamp: 2024-02-05 09:00:00
2024-02-05 04:07:45,032 - __main__ - INFO - station=> Teri Gram, result => ['156', 'Teri Gram, Gurugram, India', Timestamp('2024-02-05 09:00:00')]
2024-02-05 04:07:45,032 - __main__ - INFO - The hourly data has been written to data/cron_job_data/teri_gram_cron_output.csv with Timestamp: 2024-02-05 09:00:00
2024-02-05 05:06:37,041 - __main__ - INFO - station=> Sector-51, Gurugram, result => ['173', 'Sector-51, Gurugram, India', Timestamp('2024-02-05 10:00:00')]
2024-02-05 05:06:37,041 - __main__ - INFO - The hourly data has been written to data/cron_job_data/sector_51_cron_output.csv with Timestamp: 2024-02-05 10:00:00
2024-02-05 05:06:37,748 - __main__ - INFO - station=> Sector-51, Gurugram, result => ['173', 'Sector-51, Gurugram, India', Timestamp('2024-02-05 10:00:00')]
2024-02-05 05:06:37,748 - __main__ - INFO - The hourly data has been written to static/data/sector_51_cron_output.csv with Timestamp: 2024-02-05 10:00:00
2024-02-05 05:06:38,454 - __main__ - INFO - station=> Teri Gram, result => ['158', 'Teri Gram, Gurugram, India', Timestamp('2024-02-05 10:00:00')]
2024-02-05 05:06:38,454 - __main__ - INFO - The hourly data has been written to data/cron_job_data/teri_gram_cron_output.csv with Timestamp: 2024-02-05 10:00:00
2024-02-05 05:06:39,152 - __main__ - INFO - station=> Vikas Sadan, result => ['138', 'Vikas Sadan Gurgaon, Gurgaon, India', Timestamp('2024-02-05 10:00:00')]
2024-02-05 05:06:39,152 - __main__ - INFO - The hourly data has been written to data/cron_job_data/vikas_sadan_cron_output.csv with Timestamp: 2024-02-05 10:00:00
2024-02-05 06:08:50,603 - __main__ - INFO - station=> Sector-51, Gurugram, result => ['172', 'Sector-51, Gurugram, India', Timestamp('2024-02-05 11:00:00')]
2024-02-05 06:08:50,603 - __main__ - INFO - The hourly data has been written to data/cron_job_data/sector_51_cron_output.csv with Timestamp: 2024-02-05 11:00:00
2024-02-05 06:08:51,068 - __main__ - INFO - station=> Sector-51, Gurugram, result => ['172', 'Sector-51, Gurugram, India', Timestamp('2024-02-05 11:00:00')]
2024-02-05 06:08:51,068 - __main__ - INFO - The hourly data has been written to static/data/sector_51_cron_output.csv with Timestamp: 2024-02-05 11:00:00
2024-02-05 06:08:51,537 - __main__ - INFO - station=> Teri Gram, result => ['159', 'Teri Gram, Gurugram, India', Timestamp('2024-02-05 11:00:00')]
2024-02-05 06:08:51,538 - __main__ - INFO - The hourly data has been written to data/cron_job_data/teri_gram_cron_output.csv with Timestamp: 2024-02-05 11:00:00
2024-02-05 06:08:52,006 - __main__ - INFO - station=> Vikas Sadan, result => ['137', 'Vikas Sadan Gurgaon, Gurgaon, India', Timestamp('2024-02-05 11:00:00')]
2024-02-05 06:08:52,006 - __main__ - INFO - The hourly data has been written to data/cron_job_data/vikas_sadan_cron_output.csv with Timestamp: 2024-02-05 11:00:00
2024-02-05 07:04:26,190 - __main__ - INFO - station=> Sector-51, Gurugram, result => ['164', 'Sector-51, Gurugram, India', Timestamp('2024-02-05 12:00:00')]
2024-02-05 07:04:26,190 - __main__ - INFO - The hourly data has been written to data/cron_job_data/sector_51_cron_output.csv with Timestamp: 2024-02-05 12:00:00
2024-02-05 07:04:26,807 - __main__ - INFO - station=> Sector-51, Gurugram, result => ['164', 'Sector-51, Gurugram, India', Timestamp('2024-02-05 12:00:00')]
2024-02-05 07:04:26,808 - __main__ - INFO - The hourly data has been written to static/data/sector_51_cron_output.csv with Timestamp: 2024-02-05 12:00:00
2024-02-05 07:04:27,450 - __main__ - INFO - station=> Teri Gram, result => ['156', 'Teri Gram, Gurugram, India', Timestamp('2024-02-05 12:00:00')]
2024-02-05 07:04:27,450 - __main__ - INFO - The hourly data has been written to data/cron_job_data/teri_gram_cron_output.csv with Timestamp: 2024-02-05 12:00:00
2024-02-05 07:04:28,076 - __main__ - INFO - station=> Vikas Sadan, result => ['153', 'Vikas Sadan Gurgaon, Gurgaon, India', Timestamp('2024-02-05 12:00:00')]
2024-02-05 07:04:28,076 - __main__ - INFO - The hourly data has been written to data/cron_job_data/vikas_sadan_cron_output.csv with Timestamp: 2024-02-05 12:00:00
2024-02-05 08:08:38,265 - __main__ - INFO - station=> Sector-51, Gurugram, result => ['155', 'Sector-51, Gurugram, India', Timestamp('2024-02-05 13:00:00')]
2024-02-05 08:08:38,265 - __main__ - INFO - The hourly data has been written to data/cron_job_data/sector_51_cron_output.csv with Timestamp: 2024-02-05 13:00:00
2024-02-05 08:08:38,885 - __main__ - INFO - station=> Sector-51, Gurugram, result => ['155', 'Sector-51, Gurugram, India', Timestamp('2024-02-05 13:00:00')]
2024-02-05 08:08:38,885 - __main__ - INFO - The hourly data has been written to static/data/sector_51_cron_output.csv with Timestamp: 2024-02-05 13:00:00
2024-02-05 08:08:39,507 - __main__ - INFO - station=> Teri Gram, result => ['153', 'Teri Gram, Gurugram, India', Timestamp('2024-02-05 13:00:00')]
2024-02-05 08:08:39,508 - __main__ - INFO - The hourly data has been written to data/cron_job_data/teri_gram_cron_output.csv with Timestamp: 2024-02-05 13:00:00
2024-02-05 08:08:40,135 - __main__ - INFO - station=> Vikas Sadan, result => ['146', 'Vikas Sadan Gurgaon, Gurgaon, India', Timestamp('2024-02-05 13:00:00')]
2024-02-05 08:08:40,135 - __main__ - INFO - The hourly data has been written to data/cron_job_data/vikas_sadan_cron_output.csv with Timestamp: 2024-02-05 13:00:00
2024-02-05 09:04:39,197 - __main__ - INFO - station=> Sector-51, Gurugram, result => ['156', 'Sector-51, Gurugram, India', Timestamp('2024-02-05 14:00:00')]
2024-02-05 09:04:39,198 - __main__ - INFO - The hourly data has been written to data/cron_job_data/sector_51_cron_output.csv with Timestamp: 2024-02-05 14:00:00
2024-02-05 09:04:39,891 - __main__ - INFO - station=> Sector-51, Gurugram, result => ['156', 'Sector-51, Gurugram, India', Timestamp('2024-02-05 14:00:00')]
2024-02-05 09:04:39,891 - __main__ - INFO - The hourly data has been written to static/data/sector_51_cron_output.csv with Timestamp: 2024-02-05 14:00:00
2024-02-05 09:04:40,585 - __main__ - INFO - station=> Teri Gram, result => ['150', 'Teri Gram, Gurugram, India', Timestamp('2024-02-05 14:00:00')]
2024-02-05 09:04:40,586 - __main__ - INFO - The hourly data has been written to data/cron_job_data/teri_gram_cron_output.csv with Timestamp: 2024-02-05 14:00:00
2024-02-05 09:04:41,279 - __main__ - INFO - station=> Vikas Sadan, result => ['138', 'Vikas Sadan Gurgaon, Gurgaon, India', Timestamp('2024-02-05 14:00:00')]
2024-02-05 09:04:41,279 - __main__ - INFO - The hourly data has been written to data/cron_job_data/vikas_sadan_cron_output.csv with Timestamp: 2024-02-05 14:00:00
