2024-09-05 01:09:52,709 - __main__ - INFO - station=> Sector-51, Gurugram, result => ['79', 'Sector-51, Gurugram, India', Timestamp('2024-09-05 06:00:00')]
2024-09-05 01:09:52,709 - __main__ - INFO - The hourly data has been written to data/cron_job_data/sector_51_cron_output.csv with Timestamp: 2024-09-05 06:00:00
2024-09-05 01:09:53,188 - __main__ - INFO - station=> Sector-51, Gurugram, result => ['79', 'Sector-51, Gurugram, India', Timestamp('2024-09-05 06:00:00')]
2024-09-05 01:09:53,188 - __main__ - INFO - The hourly data has been written to static/data/sector_51_cron_output.csv with Timestamp: 2024-09-05 06:00:00
2024-09-05 01:09:53,259 - __main__ - INFO - df_api columns Index(['AQI'], dtype='object')
2024-09-05 01:09:53,259 - __main__ - INFO - today=> 2024-09-05 & yesterday=> 2024-09-04
2024-09-05 01:09:53,261 - __main__ - INFO - temp_daily_aqi columns Index(['Unnamed: 0', 'Date', 'AQI'], dtype='object')
2024-09-05 01:09:53,263 - __main__ - INFO - temp_daily_aqi[2024-09-04]=> Empty DataFrame
Columns: [Unnamed: 0, AQI]
Index: []
2024-09-05 01:09:53,264 - __main__ - INFO - Index => 1644, yesterday => 2024-09-04 & AQI => 106.0
2024-09-05 01:09:53,264 - __main__ - INFO - Daily AQI data has been written to data/cleaned_data/Forecasting_time_series/sector_51_daily_aqi.csv
2024-09-05 01:09:53,264 - __main__ - INFO - Index => 1644, yesterday => 2024-09-04 & AQI => 106.0
2024-09-05 01:09:53,265 - __main__ - INFO - Daily AQI data has been written to static/data/sector_51_daily_aqi.csv
2024-09-05 01:09:53,269 - __main__ - INFO - Re-training the model & train_end is 2024-08-30 00:00:00
2024-09-05 01:09:54,642 - __main__ - INFO - Retrained the model & MAPE is 19.91%
2024-09-05 01:09:54,642 - __main__ - INFO - Retrained the model & MAE is 23.524539680533803
2024-09-05 01:09:56,189 - __main__ - INFO - Forecast=> 2024-09-05    124.837997
2024-09-06    133.287705
2024-09-07    151.700550
2024-09-08    138.011670
2024-09-09    151.517478
Freq: D, Name: predicted_mean, dtype: float64
2024-09-05 01:09:56,190 - __main__ - INFO - The forecast data has been written to data/cleaned_data/Forecasting_time_series/forecast_sector_51_daily_aqi.csv
2024-09-05 01:09:56,190 - __main__ - INFO - The forecast data has been written to static/data/forecast_sector_51_daily_aqi.csv
