2024-05-05 00:34:10,707 - __main__ - INFO - station=> Sector-51, Gurugram, result => ['226', 'Sector-51, Gurugram, India', Timestamp('2024-05-05 05:00:00')]
2024-05-05 00:34:10,707 - __main__ - INFO - The hourly data has been written to data/cron_job_data/sector_51_cron_output.csv with Timestamp: 2024-05-05 05:00:00
2024-05-05 00:34:11,359 - __main__ - INFO - station=> Sector-51, Gurugram, result => ['226', 'Sector-51, Gurugram, India', Timestamp('2024-05-05 05:00:00')]
2024-05-05 00:34:11,359 - __main__ - INFO - The hourly data has been written to static/data/sector_51_cron_output.csv with Timestamp: 2024-05-05 05:00:00
2024-05-05 01:49:48,907 - __main__ - INFO - Calling writeData & retrain_model functions.
2024-05-05 01:49:48,914 - __main__ - INFO - df_api columns Index(['AQI'], dtype='object')
2024-05-05 01:49:48,915 - __main__ - INFO - today=> 2024-05-05 & yesterday=> 2024-05-04
2024-05-05 01:49:48,916 - __main__ - INFO - temp_daily_aqi columns Index(['Unnamed: 0', 'Date', 'AQI'], dtype='object')
2024-05-05 01:49:48,919 - __main__ - INFO - temp_daily_aqi[2024-05-04]=> Empty DataFrame
Columns: [Unnamed: 0, AQI]
Index: []
2024-05-05 01:49:48,919 - __main__ - INFO - Index => 1521, yesterday => 2024-05-04 & AQI => 249.0
2024-05-05 01:49:48,920 - __main__ - INFO - Daily AQI data has been written to data/cleaned_data/Forecasting_time_series/sector_51_daily_aqi.csv
2024-05-05 01:49:48,920 - __main__ - INFO - Index => 1521, yesterday => 2024-05-04 & AQI => 249.0
2024-05-05 01:49:48,920 - __main__ - INFO - Daily AQI data has been written to static/data/sector_51_daily_aqi.csv
2024-05-05 01:49:48,924 - __main__ - INFO - Re-training the model & train_end is 2024-04-29 00:00:00
2024-05-05 01:49:50,111 - __main__ - INFO - Retrained the model & MAPE is 6.11%
2024-05-05 01:49:50,112 - __main__ - INFO - Retrained the model & MAE is 12.659911863519863
2024-05-05 01:49:51,300 - __main__ - INFO - Forecast=> 2024-05-05    216.916255
2024-05-06    219.404413
2024-05-07    216.694586
2024-05-08    215.977067
2024-05-09    217.445096
Freq: D, Name: predicted_mean, dtype: float64
2024-05-05 01:49:51,301 - __main__ - INFO - The forecast data has been written to data/cleaned_data/Forecasting_time_series/forecast_sector_51_daily_aqi.csv
2024-05-05 01:49:51,301 - __main__ - INFO - The forecast data has been written to static/data/forecast_sector_51_daily_aqi.csv
