2024-06-05 01:52:57,791 - __main__ - INFO - station=> Sector-51, Gurugram, result => ['157', 'Sector-51, Gurugram, India', Timestamp('2024-06-05 07:00:00')]
2024-06-05 01:52:57,792 - __main__ - INFO - The hourly data has been written to data/cron_job_data/sector_51_cron_output.csv with Timestamp: 2024-06-05 07:00:00
2024-06-05 01:52:58,269 - __main__ - INFO - station=> Sector-51, Gurugram, result => ['157', 'Sector-51, Gurugram, India', Timestamp('2024-06-05 07:00:00')]
2024-06-05 01:52:58,269 - __main__ - INFO - The hourly data has been written to static/data/sector_51_cron_output.csv with Timestamp: 2024-06-05 07:00:00
2024-06-05 01:52:58,270 - __main__ - INFO - Calling writeData & retrain_model functions.
2024-06-05 01:52:58,278 - __main__ - INFO - df_api columns Index(['AQI'], dtype='object')
2024-06-05 01:52:58,278 - __main__ - INFO - today=> 2024-06-05 & yesterday=> 2024-06-04
2024-06-05 01:52:58,280 - __main__ - INFO - temp_daily_aqi columns Index(['Unnamed: 0', 'Date', 'AQI'], dtype='object')
2024-06-05 01:52:58,283 - __main__ - INFO - temp_daily_aqi[2024-06-04]=> Empty DataFrame
Columns: [Unnamed: 0, AQI]
Index: []
2024-06-05 01:52:58,283 - __main__ - INFO - Index => 1552, yesterday => 2024-06-04 & AQI => 268.0
2024-06-05 01:52:58,283 - __main__ - INFO - Daily AQI data has been written to data/cleaned_data/Forecasting_time_series/sector_51_daily_aqi.csv
2024-06-05 01:52:58,284 - __main__ - INFO - Index => 1552, yesterday => 2024-06-04 & AQI => 268.0
2024-06-05 01:52:58,284 - __main__ - INFO - Daily AQI data has been written to static/data/sector_51_daily_aqi.csv
2024-06-05 01:52:58,288 - __main__ - INFO - Re-training the model & train_end is 2024-05-30 00:00:00
2024-06-05 01:52:59,488 - __main__ - INFO - Retrained the model & MAPE is 25.67%
2024-06-05 01:52:59,488 - __main__ - INFO - Retrained the model & MAE is 52.087594690995026
2024-06-05 01:53:00,738 - __main__ - INFO - Forecast=> 2024-06-05    251.862565
2024-06-06    243.199206
2024-06-07    245.739305
2024-06-08    259.294094
2024-06-09    231.790855
Freq: D, Name: predicted_mean, dtype: float64
2024-06-05 01:53:00,738 - __main__ - INFO - The forecast data has been written to data/cleaned_data/Forecasting_time_series/forecast_sector_51_daily_aqi.csv
2024-06-05 01:53:00,739 - __main__ - INFO - The forecast data has been written to static/data/forecast_sector_51_daily_aqi.csv
