2024-10-05 01:12:53,337 - __main__ - INFO - station=> Sector-51, Gurugram, result => ['151', 'Sector-51, Gurugram, India', Timestamp('2024-10-05 06:00:00')]
2024-10-05 01:12:53,337 - __main__ - INFO - The hourly data has been written to data/cron_job_data/sector_51_cron_output.csv with Timestamp: 2024-10-05 06:00:00
2024-10-05 01:12:53,971 - __main__ - INFO - station=> Sector-51, Gurugram, result => ['151', 'Sector-51, Gurugram, India', Timestamp('2024-10-05 06:00:00')]
2024-10-05 01:12:53,971 - __main__ - INFO - The hourly data has been written to static/data/sector_51_cron_output.csv with Timestamp: 2024-10-05 06:00:00
2024-10-05 01:12:54,026 - __main__ - INFO - df_api columns Index(['AQI'], dtype='object')
2024-10-05 01:12:54,026 - __main__ - INFO - today=> 2024-10-05 & yesterday=> 2024-10-04
2024-10-05 01:12:54,028 - __main__ - INFO - temp_daily_aqi columns Index(['Unnamed: 0', 'Date', 'AQI'], dtype='object')
2024-10-05 01:12:54,030 - __main__ - INFO - temp_daily_aqi[2024-10-04]=> Empty DataFrame
Columns: [Unnamed: 0, AQI]
Index: []
2024-10-05 01:12:54,031 - __main__ - INFO - Index => 1674, yesterday => 2024-10-04 & AQI => 140.0
2024-10-05 01:12:54,031 - __main__ - INFO - Daily AQI data has been written to data/cleaned_data/Forecasting_time_series/sector_51_daily_aqi.csv
2024-10-05 01:12:54,032 - __main__ - INFO - Index => 1674, yesterday => 2024-10-04 & AQI => 140.0
2024-10-05 01:12:54,032 - __main__ - INFO - Daily AQI data has been written to static/data/sector_51_daily_aqi.csv
2024-10-05 01:12:54,037 - __main__ - INFO - Re-training the model & train_end is 2024-09-29 00:00:00
2024-10-05 01:12:55,482 - __main__ - INFO - Retrained the model & MAPE is 15.65%
2024-10-05 01:12:55,483 - __main__ - INFO - Retrained the model & MAE is 37.79869277775168
2024-10-05 01:12:56,902 - __main__ - INFO - Forecast=> 2024-10-05    189.817777
2024-10-06    173.055842
2024-10-07    182.084894
2024-10-08    180.327799
2024-10-09    181.884563
Freq: D, Name: predicted_mean, dtype: float64
2024-10-05 01:12:56,902 - __main__ - INFO - The forecast data has been written to data/cleaned_data/Forecasting_time_series/forecast_sector_51_daily_aqi.csv
2024-10-05 01:12:56,903 - __main__ - INFO - The forecast data has been written to static/data/forecast_sector_51_daily_aqi.csv
2024-10-05 04:19:35,141 - __main__ - INFO - station=> Sector-51, Gurugram, result => ['107', 'Sector-51, Gurugram, India', Timestamp('2024-10-05 09:00:00')]
2024-10-05 04:19:35,141 - __main__ - INFO - The hourly data has been written to data/cron_job_data/sector_51_cron_output.csv with Timestamp: 2024-10-05 09:00:00
2024-10-05 04:19:35,761 - __main__ - INFO - station=> Sector-51, Gurugram, result => ['107', 'Sector-51, Gurugram, India', Timestamp('2024-10-05 09:00:00')]
2024-10-05 04:19:35,761 - __main__ - INFO - The hourly data has been written to static/data/sector_51_cron_output.csv with Timestamp: 2024-10-05 09:00:00
2024-10-05 08:19:45,057 - __main__ - INFO - station=> Sector-51, Gurugram, result => ['121', 'Sector-51, Gurugram, India', Timestamp('2024-10-05 13:00:00')]
2024-10-05 08:19:45,058 - __main__ - INFO - The hourly data has been written to data/cron_job_data/sector_51_cron_output.csv with Timestamp: 2024-10-05 13:00:00
2024-10-05 08:19:45,759 - __main__ - INFO - station=> Sector-51, Gurugram, result => ['121', 'Sector-51, Gurugram, India', Timestamp('2024-10-05 13:00:00')]
2024-10-05 08:19:45,760 - __main__ - INFO - The hourly data has been written to static/data/sector_51_cron_output.csv with Timestamp: 2024-10-05 13:00:00
