2023-12-05 00:29:26,804 - __main__ - INFO - station=> nise gwal, result => ['182', 'NISE Gwal Pahari, Gurugram, India', Timestamp('2023-12-05 04:00:00')]
2023-12-05 00:29:26,804 - __main__ - INFO - Timestamp 2023-12-05 04:00:00 already present in data/cron_job_data/nise_cron_output.csv, not appending.
2023-12-05 00:29:27,329 - __main__ - INFO - station=> Sector-51, Gurugram, result => ['166', 'Sector-51, Gurugram, India', Timestamp('2023-12-05 04:00:00')]
2023-12-05 00:29:27,330 - __main__ - INFO - Timestamp 2023-12-05 04:00:00 already present in data/cron_job_data/sector_51_cron_output.csv, not appending.
2023-12-05 00:29:27,893 - __main__ - INFO - station=> Teri Gram, result => ['252', 'Teri Gram, Gurugram, India', Timestamp('2023-12-05 04:00:00')]
2023-12-05 00:29:27,894 - __main__ - INFO - Timestamp 2023-12-05 04:00:00 already present in data/cron_job_data/teri_gram_cron_output.csv, not appending.
2023-12-05 00:29:28,426 - __main__ - INFO - station=> Vikas Sadan, result => ['167', 'Vikas Sadan Gurgaon, Gurgaon, India', Timestamp('2023-12-05 04:00:00')]
2023-12-05 00:29:28,427 - __main__ - INFO - Timestamp 2023-12-05 04:00:00 already present in data/cron_job_data/vikas_sadan_cron_output.csv, not appending.
2023-12-05 01:48:13,952 - __main__ - INFO - station=> nise gwal, result => ['182', 'NISE Gwal Pahari, Gurugram, India', Timestamp('2023-12-05 04:00:00')]
2023-12-05 01:48:13,952 - __main__ - INFO - Timestamp 2023-12-05 04:00:00 already present in data/cron_job_data/nise_cron_output.csv, not appending.
2023-12-05 01:48:14,661 - __main__ - INFO - station=> Sector-51, Gurugram, result => ['166', 'Sector-51, Gurugram, India', Timestamp('2023-12-05 04:00:00')]
2023-12-05 01:48:14,661 - __main__ - INFO - Timestamp 2023-12-05 04:00:00 already present in data/cron_job_data/sector_51_cron_output.csv, not appending.
2023-12-05 01:48:15,387 - __main__ - INFO - station=> Teri Gram, result => ['252', 'Teri Gram, Gurugram, India', Timestamp('2023-12-05 04:00:00')]
2023-12-05 01:48:15,387 - __main__ - INFO - Timestamp 2023-12-05 04:00:00 already present in data/cron_job_data/teri_gram_cron_output.csv, not appending.
2023-12-05 01:48:16,096 - __main__ - INFO - station=> Vikas Sadan, result => ['167', 'Vikas Sadan Gurgaon, Gurgaon, India', Timestamp('2023-12-05 04:00:00')]
2023-12-05 01:48:16,096 - __main__ - INFO - Timestamp 2023-12-05 04:00:00 already present in data/cron_job_data/vikas_sadan_cron_output.csv, not appending.
2023-12-05 02:21:55,098 - __main__ - INFO - station=> nise gwal, result => ['182', 'NISE Gwal Pahari, Gurugram, India', Timestamp('2023-12-05 04:00:00')]
2023-12-05 02:21:55,098 - __main__ - INFO - Timestamp 2023-12-05 04:00:00 already present in data/cron_job_data/nise_cron_output.csv, not appending.
2023-12-05 02:21:55,769 - __main__ - INFO - station=> Sector-51, Gurugram, result => ['166', 'Sector-51, Gurugram, India', Timestamp('2023-12-05 04:00:00')]
2023-12-05 02:21:55,770 - __main__ - INFO - Timestamp 2023-12-05 04:00:00 already present in data/cron_job_data/sector_51_cron_output.csv, not appending.
2023-12-05 02:21:56,460 - __main__ - INFO - station=> Teri Gram, result => ['252', 'Teri Gram, Gurugram, India', Timestamp('2023-12-05 04:00:00')]
2023-12-05 02:21:56,460 - __main__ - INFO - Timestamp 2023-12-05 04:00:00 already present in data/cron_job_data/teri_gram_cron_output.csv, not appending.
2023-12-05 02:21:57,128 - __main__ - INFO - station=> Vikas Sadan, result => ['167', 'Vikas Sadan Gurgaon, Gurgaon, India', Timestamp('2023-12-05 04:00:00')]
2023-12-05 02:21:57,128 - __main__ - INFO - Timestamp 2023-12-05 04:00:00 already present in data/cron_job_data/vikas_sadan_cron_output.csv, not appending.
2023-12-05 03:07:08,788 - __main__ - INFO - station=> nise gwal, result => ['182', 'NISE Gwal Pahari, Gurugram, India', Timestamp('2023-12-05 04:00:00')]
2023-12-05 03:07:08,788 - __main__ - INFO - Timestamp 2023-12-05 04:00:00 already present in data/cron_job_data/nise_cron_output.csv, not appending.
2023-12-05 03:07:09,280 - __main__ - INFO - station=> Sector-51, Gurugram, result => ['166', 'Sector-51, Gurugram, India', Timestamp('2023-12-05 04:00:00')]
2023-12-05 03:07:09,280 - __main__ - INFO - Timestamp 2023-12-05 04:00:00 already present in data/cron_job_data/sector_51_cron_output.csv, not appending.
2023-12-05 03:07:09,768 - __main__ - INFO - station=> Teri Gram, result => ['252', 'Teri Gram, Gurugram, India', Timestamp('2023-12-05 04:00:00')]
2023-12-05 03:07:09,769 - __main__ - INFO - Timestamp 2023-12-05 04:00:00 already present in data/cron_job_data/teri_gram_cron_output.csv, not appending.
2023-12-05 03:07:10,255 - __main__ - INFO - station=> Vikas Sadan, result => ['167', 'Vikas Sadan Gurgaon, Gurgaon, India', Timestamp('2023-12-05 04:00:00')]
2023-12-05 03:07:10,255 - __main__ - INFO - Timestamp 2023-12-05 04:00:00 already present in data/cron_job_data/vikas_sadan_cron_output.csv, not appending.
2023-12-05 04:07:22,293 - __main__ - INFO - station=> nise gwal, result => ['182', 'NISE Gwal Pahari, Gurugram, India', Timestamp('2023-12-05 04:00:00')]
2023-12-05 04:07:22,294 - __main__ - INFO - Timestamp 2023-12-05 04:00:00 already present in data/cron_job_data/nise_cron_output.csv, not appending.
2023-12-05 04:07:22,987 - __main__ - INFO - station=> Sector-51, Gurugram, result => ['166', 'Sector-51, Gurugram, India', Timestamp('2023-12-05 04:00:00')]
2023-12-05 04:07:22,987 - __main__ - INFO - Timestamp 2023-12-05 04:00:00 already present in data/cron_job_data/sector_51_cron_output.csv, not appending.
2023-12-05 04:07:23,697 - __main__ - INFO - station=> Teri Gram, result => ['252', 'Teri Gram, Gurugram, India', Timestamp('2023-12-05 04:00:00')]
2023-12-05 04:07:23,697 - __main__ - INFO - Timestamp 2023-12-05 04:00:00 already present in data/cron_job_data/teri_gram_cron_output.csv, not appending.
2023-12-05 04:07:24,369 - __main__ - INFO - station=> Vikas Sadan, result => ['167', 'Vikas Sadan Gurgaon, Gurgaon, India', Timestamp('2023-12-05 04:00:00')]
2023-12-05 04:07:24,369 - __main__ - INFO - Timestamp 2023-12-05 04:00:00 already present in data/cron_job_data/vikas_sadan_cron_output.csv, not appending.
2023-12-05 05:03:29,561 - __main__ - INFO - station=> nise gwal, result => ['182', 'NISE Gwal Pahari, Gurugram, India', Timestamp('2023-12-05 04:00:00')]
2023-12-05 05:03:29,561 - __main__ - INFO - Timestamp 2023-12-05 04:00:00 already present in data/cron_job_data/nise_cron_output.csv, not appending.
2023-12-05 05:03:30,231 - __main__ - INFO - station=> Sector-51, Gurugram, result => ['166', 'Sector-51, Gurugram, India', Timestamp('2023-12-05 04:00:00')]
2023-12-05 05:03:30,232 - __main__ - INFO - Timestamp 2023-12-05 04:00:00 already present in data/cron_job_data/sector_51_cron_output.csv, not appending.
2023-12-05 05:03:30,906 - __main__ - INFO - station=> Teri Gram, result => ['252', 'Teri Gram, Gurugram, India', Timestamp('2023-12-05 04:00:00')]
2023-12-05 05:03:30,906 - __main__ - INFO - Timestamp 2023-12-05 04:00:00 already present in data/cron_job_data/teri_gram_cron_output.csv, not appending.
2023-12-05 05:03:31,590 - __main__ - INFO - station=> Vikas Sadan, result => ['167', 'Vikas Sadan Gurgaon, Gurgaon, India', Timestamp('2023-12-05 04:00:00')]
2023-12-05 05:03:31,591 - __main__ - INFO - Timestamp 2023-12-05 04:00:00 already present in data/cron_job_data/vikas_sadan_cron_output.csv, not appending.
2023-12-05 06:08:19,164 - __main__ - INFO - station=> nise gwal, result => ['211', 'NISE Gwal Pahari, Gurugram, India', Timestamp('2023-12-05 10:00:00')]
2023-12-05 06:08:19,165 - __main__ - INFO - The data has been written to data/cron_job_data/nise_cron_output.csv with Timestamp: 2023-12-05 10:00:00
2023-12-05 06:08:19,645 - __main__ - INFO - station=> Sector-51, Gurugram, result => ['109', 'Sector-51, Gurugram, India', Timestamp('2023-12-05 11:00:00')]
2023-12-05 06:08:19,645 - __main__ - INFO - The data has been written to data/cron_job_data/sector_51_cron_output.csv with Timestamp: 2023-12-05 11:00:00
2023-12-05 06:08:20,141 - __main__ - INFO - station=> Teri Gram, result => ['210', 'Teri Gram, Gurugram, India', Timestamp('2023-12-05 11:00:00')]
2023-12-05 06:08:20,141 - __main__ - INFO - The data has been written to data/cron_job_data/teri_gram_cron_output.csv with Timestamp: 2023-12-05 11:00:00
2023-12-05 06:08:20,622 - __main__ - INFO - station=> Vikas Sadan, result => ['189', 'Vikas Sadan Gurgaon, Gurgaon, India', Timestamp('2023-12-05 11:00:00')]
2023-12-05 06:08:20,622 - __main__ - INFO - The data has been written to data/cron_job_data/vikas_sadan_cron_output.csv with Timestamp: 2023-12-05 11:00:00
