2024-09-06 01:09:58,107 - __main__ - INFO - station=> Sector-51, Gurugram, result => ['105', 'Sector-51, Gurugram, India', Timestamp('2024-09-06 06:00:00')]
2024-09-06 01:09:58,108 - __main__ - INFO - The hourly data has been written to data/cron_job_data/sector_51_cron_output.csv with Timestamp: 2024-09-06 06:00:00
2024-09-06 01:09:58,733 - __main__ - INFO - station=> Sector-51, Gurugram, result => ['105', 'Sector-51, Gurugram, India', Timestamp('2024-09-06 06:00:00')]
2024-09-06 01:09:58,733 - __main__ - INFO - The hourly data has been written to static/data/sector_51_cron_output.csv with Timestamp: 2024-09-06 06:00:00
2024-09-06 01:09:58,832 - __main__ - INFO - df_api columns Index(['AQI'], dtype='object')
2024-09-06 01:09:58,832 - __main__ - INFO - today=> 2024-09-06 & yesterday=> 2024-09-05
2024-09-06 01:09:58,834 - __main__ - INFO - temp_daily_aqi columns Index(['Unnamed: 0', 'Date', 'AQI'], dtype='object')
2024-09-06 01:09:58,837 - __main__ - INFO - temp_daily_aqi[2024-09-05]=> Empty DataFrame
Columns: [Unnamed: 0, AQI]
Index: []
2024-09-06 01:09:58,837 - __main__ - INFO - Index => 1645, yesterday => 2024-09-05 & AQI => 125.0
2024-09-06 01:09:58,838 - __main__ - INFO - Daily AQI data has been written to data/cleaned_data/Forecasting_time_series/sector_51_daily_aqi.csv
2024-09-06 01:09:58,838 - __main__ - INFO - Index => 1645, yesterday => 2024-09-05 & AQI => 125.0
2024-09-06 01:09:58,838 - __main__ - INFO - Daily AQI data has been written to static/data/sector_51_daily_aqi.csv
2024-09-06 01:09:58,843 - __main__ - INFO - Re-training the model & train_end is 2024-08-31 00:00:00
2024-09-06 01:10:00,658 - __main__ - INFO - Retrained the model & MAPE is 24.19%
2024-09-06 01:10:00,658 - __main__ - INFO - Retrained the model & MAE is 28.583271553168714
2024-09-06 01:10:01,990 - __main__ - INFO - Forecast=> 2024-09-06    133.404730
2024-09-07    151.791466
2024-09-08    138.114046
2024-09-09    151.606612
2024-09-10    153.577178
Freq: D, Name: predicted_mean, dtype: float64
2024-09-06 01:10:01,990 - __main__ - INFO - The forecast data has been written to data/cleaned_data/Forecasting_time_series/forecast_sector_51_daily_aqi.csv
2024-09-06 01:10:01,991 - __main__ - INFO - The forecast data has been written to static/data/forecast_sector_51_daily_aqi.csv
2024-09-06 04:18:21,808 - __main__ - INFO - station=> Sector-51, Gurugram, result => ['129', 'Sector-51, Gurugram, India', Timestamp('2024-09-06 09:00:00')]
2024-09-06 04:18:21,808 - __main__ - INFO - The hourly data has been written to data/cron_job_data/sector_51_cron_output.csv with Timestamp: 2024-09-06 09:00:00
2024-09-06 04:18:22,278 - __main__ - INFO - station=> Sector-51, Gurugram, result => ['129', 'Sector-51, Gurugram, India', Timestamp('2024-09-06 09:00:00')]
2024-09-06 04:18:22,278 - __main__ - INFO - The hourly data has been written to static/data/sector_51_cron_output.csv with Timestamp: 2024-09-06 09:00:00
