2024-08-06 02:32:54,721 - __main__ - INFO - station=> Sector-51, Gurugram, result => ['72', 'Sector-51, Gurugram, India', Timestamp('2024-08-06 07:00:00')]
2024-08-06 02:32:54,721 - __main__ - INFO - The hourly data has been written to data/cron_job_data/sector_51_cron_output.csv with Timestamp: 2024-08-06 07:00:00
2024-08-06 02:32:55,185 - __main__ - INFO - station=> Sector-51, Gurugram, result => ['72', 'Sector-51, Gurugram, India', Timestamp('2024-08-06 07:00:00')]
2024-08-06 02:32:55,185 - __main__ - INFO - The hourly data has been written to static/data/sector_51_cron_output.csv with Timestamp: 2024-08-06 07:00:00
2024-08-06 03:08:48,497 - __main__ - INFO - station=> Sector-51, Gurugram, result => ['62', 'Sector-51, Gurugram, India', Timestamp('2024-08-06 08:00:00')]
2024-08-06 03:08:48,497 - __main__ - INFO - The hourly data has been written to data/cron_job_data/sector_51_cron_output.csv with Timestamp: 2024-08-06 08:00:00
2024-08-06 03:08:48,961 - __main__ - INFO - station=> Sector-51, Gurugram, result => ['62', 'Sector-51, Gurugram, India', Timestamp('2024-08-06 08:00:00')]
2024-08-06 03:08:48,961 - __main__ - INFO - The hourly data has been written to static/data/sector_51_cron_output.csv with Timestamp: 2024-08-06 08:00:00
2024-08-06 05:08:33,740 - __main__ - INFO - station=> Sector-51, Gurugram, result => ['43', 'Sector-51, Gurugram, India', Timestamp('2024-08-06 10:00:00')]
2024-08-06 05:08:33,740 - __main__ - INFO - The hourly data has been written to data/cron_job_data/sector_51_cron_output.csv with Timestamp: 2024-08-06 10:00:00
2024-08-06 05:08:34,442 - __main__ - INFO - station=> Sector-51, Gurugram, result => ['43', 'Sector-51, Gurugram, India', Timestamp('2024-08-06 10:00:00')]
2024-08-06 05:08:34,442 - __main__ - INFO - The hourly data has been written to static/data/sector_51_cron_output.csv with Timestamp: 2024-08-06 10:00:00
2024-08-06 06:13:00,494 - __main__ - INFO - station=> Sector-51, Gurugram, result => ['18', 'Sector-51, Gurugram, India', Timestamp('2024-08-06 11:00:00')]
2024-08-06 06:13:00,495 - __main__ - INFO - The hourly data has been written to data/cron_job_data/sector_51_cron_output.csv with Timestamp: 2024-08-06 11:00:00
2024-08-06 06:13:01,182 - __main__ - INFO - station=> Sector-51, Gurugram, result => ['18', 'Sector-51, Gurugram, India', Timestamp('2024-08-06 11:00:00')]
2024-08-06 06:13:01,182 - __main__ - INFO - The hourly data has been written to static/data/sector_51_cron_output.csv with Timestamp: 2024-08-06 11:00:00
2024-08-06 07:08:04,296 - __main__ - INFO - station=> Sector-51, Gurugram, result => ['53', 'Sector-51, Gurugram, India', Timestamp('2024-08-06 12:00:00')]
2024-08-06 07:08:04,297 - __main__ - INFO - The hourly data has been written to data/cron_job_data/sector_51_cron_output.csv with Timestamp: 2024-08-06 12:00:00
2024-08-06 07:08:04,787 - __main__ - INFO - station=> Sector-51, Gurugram, result => ['53', 'Sector-51, Gurugram, India', Timestamp('2024-08-06 12:00:00')]
2024-08-06 07:08:04,787 - __main__ - INFO - The hourly data has been written to static/data/sector_51_cron_output.csv with Timestamp: 2024-08-06 12:00:00
2024-08-06 08:10:23,268 - __main__ - INFO - station=> Sector-51, Gurugram, result => ['54', 'Sector-51, Gurugram, India', Timestamp('2024-08-06 13:00:00')]
2024-08-06 08:10:23,268 - __main__ - INFO - The hourly data has been written to data/cron_job_data/sector_51_cron_output.csv with Timestamp: 2024-08-06 13:00:00
2024-08-06 08:10:23,748 - __main__ - INFO - station=> Sector-51, Gurugram, result => ['54', 'Sector-51, Gurugram, India', Timestamp('2024-08-06 13:00:00')]
2024-08-06 08:10:23,748 - __main__ - INFO - The hourly data has been written to static/data/sector_51_cron_output.csv with Timestamp: 2024-08-06 13:00:00
2024-08-06 09:08:20,752 - __main__ - INFO - station=> Sector-51, Gurugram, result => ['105', 'Sector-51, Gurugram, India', Timestamp('2024-08-06 14:00:00')]
2024-08-06 09:08:20,752 - __main__ - INFO - The hourly data has been written to data/cron_job_data/sector_51_cron_output.csv with Timestamp: 2024-08-06 14:00:00
2024-08-06 09:08:21,437 - __main__ - INFO - station=> Sector-51, Gurugram, result => ['105', 'Sector-51, Gurugram, India', Timestamp('2024-08-06 14:00:00')]
2024-08-06 09:08:21,437 - __main__ - INFO - The hourly data has been written to static/data/sector_51_cron_output.csv with Timestamp: 2024-08-06 14:00:00
2024-08-06 10:08:52,471 - __main__ - INFO - station=> Sector-51, Gurugram, result => ['83', 'Sector-51, Gurugram, India', Timestamp('2024-08-06 15:00:00')]
2024-08-06 10:08:52,471 - __main__ - INFO - The hourly data has been written to data/cron_job_data/sector_51_cron_output.csv with Timestamp: 2024-08-06 15:00:00
2024-08-06 10:08:53,155 - __main__ - INFO - station=> Sector-51, Gurugram, result => ['83', 'Sector-51, Gurugram, India', Timestamp('2024-08-06 15:00:00')]
2024-08-06 10:08:53,155 - __main__ - INFO - The hourly data has been written to static/data/sector_51_cron_output.csv with Timestamp: 2024-08-06 15:00:00
2024-08-06 11:06:53,251 - __main__ - INFO - station=> Sector-51, Gurugram, result => ['109', 'Sector-51, Gurugram, India', Timestamp('2024-08-06 16:00:00')]
2024-08-06 11:06:53,251 - __main__ - INFO - The hourly data has been written to data/cron_job_data/sector_51_cron_output.csv with Timestamp: 2024-08-06 16:00:00
2024-08-06 11:06:53,955 - __main__ - INFO - station=> Sector-51, Gurugram, result => ['109', 'Sector-51, Gurugram, India', Timestamp('2024-08-06 16:00:00')]
2024-08-06 11:06:53,955 - __main__ - INFO - The hourly data has been written to static/data/sector_51_cron_output.csv with Timestamp: 2024-08-06 16:00:00
2024-08-06 16:42:56,539 - __main__ - INFO - df_api columns Index(['AQI'], dtype='object')
2024-08-06 16:42:56,540 - __main__ - INFO - today=> 2024-08-06 & yesterday=> 2024-08-05
2024-08-06 16:42:56,542 - __main__ - INFO - temp_daily_aqi columns Index(['Unnamed: 0', 'Date', 'AQI'], dtype='object')
2024-08-06 16:42:56,550 - __main__ - INFO - temp_daily_aqi[2024-08-05]=>             Unnamed: 0   AQI
Date                        
2024-08-05        1614  99.0
2024-08-06 16:42:56,556 - __main__ - INFO - Re-training the model & train_end is 2024-07-31 00:00:00
2024-08-06 16:42:58,118 - __main__ - INFO - Retrained the model & MAPE is 59.95%
2024-08-06 16:42:58,118 - __main__ - INFO - Retrained the model & MAE is 54.08157367193238
2024-08-06 16:42:59,511 - __main__ - INFO - Forecast=> 2024-08-06    108.935402
2024-08-07    120.798476
2024-08-08    130.065418
2024-08-09    137.763188
2024-08-10    155.236035
Freq: D, Name: predicted_mean, dtype: float64
2024-08-06 16:42:59,512 - __main__ - INFO - The forecast data has been written to data/cleaned_data/Forecasting_time_series/forecast_sector_51_daily_aqi.csv
2024-08-06 16:42:59,513 - __main__ - INFO - The forecast data has been written to static/data/forecast_sector_51_daily_aqi.csv
2024-08-06 12:14:03,640 - __main__ - INFO - station=> Sector-51, Gurugram, result => ['83', 'Sector-51, Gurugram, India', Timestamp('2024-08-06 17:00:00')]
2024-08-06 12:14:03,640 - __main__ - INFO - The hourly data has been written to data/cron_job_data/sector_51_cron_output.csv with Timestamp: 2024-08-06 17:00:00
2024-08-06 12:14:04,349 - __main__ - INFO - station=> Sector-51, Gurugram, result => ['83', 'Sector-51, Gurugram, India', Timestamp('2024-08-06 17:00:00')]
2024-08-06 12:14:04,349 - __main__ - INFO - The hourly data has been written to static/data/sector_51_cron_output.csv with Timestamp: 2024-08-06 17:00:00
2024-08-06 13:12:41,849 - __main__ - INFO - station=> Sector-51, Gurugram, result => ['76', 'Sector-51, Gurugram, India', Timestamp('2024-08-06 18:00:00')]
2024-08-06 13:12:41,849 - __main__ - INFO - The hourly data has been written to data/cron_job_data/sector_51_cron_output.csv with Timestamp: 2024-08-06 18:00:00
2024-08-06 13:12:42,556 - __main__ - INFO - station=> Sector-51, Gurugram, result => ['76', 'Sector-51, Gurugram, India', Timestamp('2024-08-06 18:00:00')]
2024-08-06 13:12:42,556 - __main__ - INFO - The hourly data has been written to static/data/sector_51_cron_output.csv with Timestamp: 2024-08-06 18:00:00
2024-08-06 14:07:47,714 - __main__ - INFO - station=> Sector-51, Gurugram, result => ['63', 'Sector-51, Gurugram, India', Timestamp('2024-08-06 19:00:00')]
2024-08-06 14:07:47,714 - __main__ - INFO - The hourly data has been written to data/cron_job_data/sector_51_cron_output.csv with Timestamp: 2024-08-06 19:00:00
2024-08-06 14:07:48,395 - __main__ - INFO - station=> Sector-51, Gurugram, result => ['63', 'Sector-51, Gurugram, India', Timestamp('2024-08-06 19:00:00')]
2024-08-06 14:07:48,395 - __main__ - INFO - The hourly data has been written to static/data/sector_51_cron_output.csv with Timestamp: 2024-08-06 19:00:00
2024-08-06 15:09:22,507 - __main__ - INFO - station=> Sector-51, Gurugram, result => ['59', 'Sector-51, Gurugram, India', Timestamp('2024-08-06 20:00:00')]
2024-08-06 15:09:22,507 - __main__ - INFO - The hourly data has been written to data/cron_job_data/sector_51_cron_output.csv with Timestamp: 2024-08-06 20:00:00
2024-08-06 15:09:23,157 - __main__ - INFO - station=> Sector-51, Gurugram, result => ['59', 'Sector-51, Gurugram, India', Timestamp('2024-08-06 20:00:00')]
2024-08-06 15:09:23,157 - __main__ - INFO - The hourly data has been written to static/data/sector_51_cron_output.csv with Timestamp: 2024-08-06 20:00:00
2024-08-06 16:09:25,082 - __main__ - INFO - station=> Sector-51, Gurugram, result => ['74', 'Sector-51, Gurugram, India', Timestamp('2024-08-06 21:00:00')]
2024-08-06 16:09:25,083 - __main__ - INFO - The hourly data has been written to data/cron_job_data/sector_51_cron_output.csv with Timestamp: 2024-08-06 21:00:00
2024-08-06 16:09:25,748 - __main__ - INFO - station=> Sector-51, Gurugram, result => ['74', 'Sector-51, Gurugram, India', Timestamp('2024-08-06 21:00:00')]
2024-08-06 16:09:25,748 - __main__ - INFO - The hourly data has been written to static/data/sector_51_cron_output.csv with Timestamp: 2024-08-06 21:00:00
2024-08-06 17:08:29,442 - __main__ - INFO - station=> Sector-51, Gurugram, result => ['90', 'Sector-51, Gurugram, India', Timestamp('2024-08-06 22:00:00')]
2024-08-06 17:08:29,442 - __main__ - INFO - The hourly data has been written to data/cron_job_data/sector_51_cron_output.csv with Timestamp: 2024-08-06 22:00:00
2024-08-06 17:08:29,931 - __main__ - INFO - station=> Sector-51, Gurugram, result => ['90', 'Sector-51, Gurugram, India', Timestamp('2024-08-06 22:00:00')]
2024-08-06 17:08:29,931 - __main__ - INFO - The hourly data has been written to static/data/sector_51_cron_output.csv with Timestamp: 2024-08-06 22:00:00
2024-08-06 18:11:39,573 - __main__ - INFO - station=> Sector-51, Gurugram, result => ['78', 'Sector-51, Gurugram, India', Timestamp('2024-08-06 23:00:00')]
2024-08-06 18:11:39,573 - __main__ - INFO - The hourly data has been written to data/cron_job_data/sector_51_cron_output.csv with Timestamp: 2024-08-06 23:00:00
2024-08-06 18:11:40,197 - __main__ - INFO - station=> Sector-51, Gurugram, result => ['78', 'Sector-51, Gurugram, India', Timestamp('2024-08-06 23:00:00')]
2024-08-06 18:11:40,197 - __main__ - INFO - The hourly data has been written to static/data/sector_51_cron_output.csv with Timestamp: 2024-08-06 23:00:00
2024-08-06 19:05:49,782 - __main__ - INFO - station=> Sector-51, Gurugram, result => ['75', 'Sector-51, Gurugram, India', Timestamp('2024-08-07 00:00:00')]
2024-08-06 19:05:49,783 - __main__ - INFO - The hourly data has been written to data/cron_job_data/sector_51_cron_output.csv with Timestamp: 2024-08-07 00:00:00
2024-08-06 19:05:50,248 - __main__ - INFO - station=> Sector-51, Gurugram, result => ['75', 'Sector-51, Gurugram, India', Timestamp('2024-08-07 00:00:00')]
2024-08-06 19:05:50,248 - __main__ - INFO - The hourly data has been written to static/data/sector_51_cron_output.csv with Timestamp: 2024-08-07 00:00:00
2024-08-06 20:07:39,387 - __main__ - INFO - station=> Sector-51, Gurugram, result => ['73', 'Sector-51, Gurugram, India', Timestamp('2024-08-07 01:00:00')]
2024-08-06 20:07:39,388 - __main__ - INFO - The hourly data has been written to data/cron_job_data/sector_51_cron_output.csv with Timestamp: 2024-08-07 01:00:00
2024-08-06 20:07:40,008 - __main__ - INFO - station=> Sector-51, Gurugram, result => ['73', 'Sector-51, Gurugram, India', Timestamp('2024-08-07 01:00:00')]
2024-08-06 20:07:40,008 - __main__ - INFO - The hourly data has been written to static/data/sector_51_cron_output.csv with Timestamp: 2024-08-07 01:00:00
2024-08-06 21:07:23,197 - __main__ - INFO - station=> Sector-51, Gurugram, result => ['57', 'Sector-51, Gurugram, India', Timestamp('2024-08-07 02:00:00')]
2024-08-06 21:07:23,197 - __main__ - INFO - The hourly data has been written to data/cron_job_data/sector_51_cron_output.csv with Timestamp: 2024-08-07 02:00:00
2024-08-06 21:07:23,827 - __main__ - INFO - station=> Sector-51, Gurugram, result => ['57', 'Sector-51, Gurugram, India', Timestamp('2024-08-07 02:00:00')]
2024-08-06 21:07:23,827 - __main__ - INFO - The hourly data has been written to static/data/sector_51_cron_output.csv with Timestamp: 2024-08-07 02:00:00
