2024-05-06 00:32:38,928 - __main__ - INFO - station=> Sector-51, Gurugram, result => ['281', 'Sector-51, Gurugram, India', Timestamp('2024-05-06 06:00:00')]
2024-05-06 00:32:38,928 - __main__ - INFO - The hourly data has been written to data/cron_job_data/sector_51_cron_output.csv with Timestamp: 2024-05-06 06:00:00
2024-05-06 00:32:39,624 - __main__ - INFO - station=> Sector-51, Gurugram, result => ['281', 'Sector-51, Gurugram, India', Timestamp('2024-05-06 06:00:00')]
2024-05-06 00:32:39,625 - __main__ - INFO - The hourly data has been written to static/data/sector_51_cron_output.csv with Timestamp: 2024-05-06 06:00:00
2024-05-06 01:45:25,498 - __main__ - INFO - station=> Sector-51, Gurugram, result => ['284', 'Sector-51, Gurugram, India', Timestamp('2024-05-06 07:00:00')]
2024-05-06 01:45:25,498 - __main__ - INFO - The hourly data has been written to data/cron_job_data/sector_51_cron_output.csv with Timestamp: 2024-05-06 07:00:00
2024-05-06 01:45:25,962 - __main__ - INFO - station=> Sector-51, Gurugram, result => ['284', 'Sector-51, Gurugram, India', Timestamp('2024-05-06 07:00:00')]
2024-05-06 01:45:25,963 - __main__ - INFO - The hourly data has been written to static/data/sector_51_cron_output.csv with Timestamp: 2024-05-06 07:00:00
2024-05-06 01:45:25,964 - __main__ - INFO - Calling writeData & retrain_model functions.
2024-05-06 01:45:25,972 - __main__ - INFO - df_api columns Index(['AQI'], dtype='object')
2024-05-06 01:45:25,972 - __main__ - INFO - today=> 2024-05-06 & yesterday=> 2024-05-05
2024-05-06 01:45:25,974 - __main__ - INFO - temp_daily_aqi columns Index(['Unnamed: 0', 'Date', 'AQI'], dtype='object')
2024-05-06 01:45:25,976 - __main__ - INFO - temp_daily_aqi[2024-05-05]=> Empty DataFrame
Columns: [Unnamed: 0, AQI]
Index: []
2024-05-06 01:45:25,977 - __main__ - INFO - Index => 1522, yesterday => 2024-05-05 & AQI => 212.0
2024-05-06 01:45:25,977 - __main__ - INFO - Daily AQI data has been written to data/cleaned_data/Forecasting_time_series/sector_51_daily_aqi.csv
2024-05-06 01:45:25,977 - __main__ - INFO - Index => 1522, yesterday => 2024-05-05 & AQI => 212.0
2024-05-06 01:45:25,978 - __main__ - INFO - Daily AQI data has been written to static/data/sector_51_daily_aqi.csv
2024-05-06 01:45:25,982 - __main__ - INFO - Re-training the model & train_end is 2024-04-30 00:00:00
2024-05-06 01:45:27,203 - __main__ - INFO - Retrained the model & MAPE is 4.0%
2024-05-06 01:45:27,204 - __main__ - INFO - Retrained the model & MAE is 9.245055472444012
2024-05-06 01:45:28,276 - __main__ - INFO - Forecast=> 2024-05-06    216.151605
2024-05-07    213.768808
2024-05-08    213.359582
2024-05-09    215.096426
2024-05-10    220.786457
Freq: D, Name: predicted_mean, dtype: float64
2024-05-06 01:45:28,276 - __main__ - INFO - The forecast data has been written to data/cleaned_data/Forecasting_time_series/forecast_sector_51_daily_aqi.csv
2024-05-06 01:45:28,277 - __main__ - INFO - The forecast data has been written to static/data/forecast_sector_51_daily_aqi.csv
