2024-03-06 01:16:51,634 - __main__ - INFO - Calling writeData & retrain_model functions.
2024-03-06 01:16:51,640 - __main__ - INFO - df_api columns Index(['AQI'], dtype='object')
2024-03-06 01:16:51,640 - __main__ - INFO - today=> 2024-03-06 & yesterday=> 2024-03-05
2024-03-06 01:16:51,642 - __main__ - INFO - temp_daily_aqi columns Index(['Unnamed: 0', 'Date', 'AQI'], dtype='object')
2024-03-06 01:16:51,645 - __main__ - INFO - temp_daily_aqi[2024-03-05]=> Empty DataFrame
Columns: [Unnamed: 0, AQI]
Index: []
2024-03-06 01:16:51,645 - __main__ - INFO - Index => 1461, yesterday => 2024-03-05 & AQI => 167.0
2024-03-06 01:16:51,645 - __main__ - INFO - Daily AQI data has been written to data/cleaned_data/Forecasting_time_series/sector_51_daily_aqi.csv
2024-03-06 01:16:51,646 - __main__ - INFO - Index => 1461, yesterday => 2024-03-05 & AQI => 167.0
2024-03-06 01:16:51,646 - __main__ - INFO - Daily AQI data has been written to static/data/sector_51_daily_aqi.csv
2024-03-06 01:16:51,650 - __main__ - INFO - Re-training the model & train_end is 2024-02-29 00:00:00
2024-03-06 01:16:52,885 - __main__ - INFO - Retrained the model & MAPE is 31.73%
2024-03-06 01:16:52,886 - __main__ - INFO - Retrained the model & MAE is 35.75090057687202%
2024-03-06 01:16:54,269 - __main__ - INFO - Forecast=> 2024-03-06    167.846390
2024-03-07    176.040041
2024-03-08    188.093083
2024-03-09    203.010742
2024-03-10    183.217575
Freq: D, Name: predicted_mean, dtype: float64
2024-03-06 01:16:54,270 - __main__ - INFO - The forecast data has been written to data/cleaned_data/Forecasting_time_series/forecast_sector_51_daily_aqi.csv
2024-03-06 01:16:54,308 - __main__ - INFO - The forecast data has been written to static/data/forecast_sector_51_daily_aqi.csv
2024-03-06 01:59:53,569 - __main__ - INFO - Calling writeData & retrain_model functions.
2024-03-06 01:59:53,576 - __main__ - INFO - df_api columns Index(['AQI'], dtype='object')
2024-03-06 01:59:53,576 - __main__ - INFO - today=> 2024-03-06 & yesterday=> 2024-03-05
2024-03-06 01:59:53,578 - __main__ - INFO - temp_daily_aqi columns Index(['Unnamed: 0', 'Date', 'AQI'], dtype='object')
2024-03-06 01:59:53,585 - __main__ - INFO - temp_daily_aqi[2024-03-05]=>             Unnamed: 0    AQI
Date                         
2024-03-05        1461  167.0
2024-03-06 01:59:53,589 - __main__ - INFO - Re-training the model & train_end is 2024-02-29 00:00:00
2024-03-06 01:59:54,886 - __main__ - INFO - Retrained the model & MAPE is 31.73%
2024-03-06 01:59:54,887 - __main__ - INFO - Retrained the model & MAE is 35.75090057687202%
2024-03-06 01:59:56,381 - __main__ - INFO - Forecast=> 2024-03-06    167.846390
2024-03-07    176.040041
2024-03-08    188.093083
2024-03-09    203.010742
2024-03-10    183.217575
Freq: D, Name: predicted_mean, dtype: float64
2024-03-06 01:59:56,382 - __main__ - INFO - The forecast data has been written to data/cleaned_data/Forecasting_time_series/forecast_sector_51_daily_aqi.csv
2024-03-06 01:59:56,400 - __main__ - INFO - The forecast data has been written to static/data/forecast_sector_51_daily_aqi.csv
2024-03-06 04:46:31,449 - __main__ - INFO - station=> Sector-51, Gurugram, result => ['173', 'Sector-51, Gurugram, India', Timestamp('2024-03-06 10:00:00')]
2024-03-06 04:46:31,450 - __main__ - INFO - The hourly data has been written to data/cron_job_data/sector_51_cron_output.csv with Timestamp: 2024-03-06 10:00:00
2024-03-06 04:46:32,092 - __main__ - INFO - station=> Sector-51, Gurugram, result => ['173', 'Sector-51, Gurugram, India', Timestamp('2024-03-06 10:00:00')]
2024-03-06 04:46:32,092 - __main__ - INFO - The hourly data has been written to static/data/sector_51_cron_output.csv with Timestamp: 2024-03-06 10:00:00
2024-03-06 05:46:28,884 - __main__ - INFO - station=> Sector-51, Gurugram, result => ['174', 'Sector-51, Gurugram, India', Timestamp('2024-03-06 11:00:00')]
2024-03-06 05:46:28,884 - __main__ - INFO - The hourly data has been written to data/cron_job_data/sector_51_cron_output.csv with Timestamp: 2024-03-06 11:00:00
2024-03-06 05:46:29,348 - __main__ - INFO - station=> Sector-51, Gurugram, result => ['174', 'Sector-51, Gurugram, India', Timestamp('2024-03-06 11:00:00')]
2024-03-06 05:46:29,348 - __main__ - INFO - The hourly data has been written to static/data/sector_51_cron_output.csv with Timestamp: 2024-03-06 11:00:00
2024-03-06 06:46:20,473 - __main__ - INFO - station=> Sector-51, Gurugram, result => ['177', 'Sector-51, Gurugram, India', Timestamp('2024-03-06 12:00:00')]
2024-03-06 06:46:20,473 - __main__ - INFO - The hourly data has been written to data/cron_job_data/sector_51_cron_output.csv with Timestamp: 2024-03-06 12:00:00
2024-03-06 06:46:20,940 - __main__ - INFO - station=> Sector-51, Gurugram, result => ['177', 'Sector-51, Gurugram, India', Timestamp('2024-03-06 12:00:00')]
2024-03-06 06:46:20,940 - __main__ - INFO - The hourly data has been written to static/data/sector_51_cron_output.csv with Timestamp: 2024-03-06 12:00:00
2024-03-06 08:00:13,015 - __main__ - INFO - station=> Sector-51, Gurugram, result => ['175', 'Sector-51, Gurugram, India', Timestamp('2024-03-06 13:00:00')]
2024-03-06 08:00:13,015 - __main__ - INFO - The hourly data has been written to data/cron_job_data/sector_51_cron_output.csv with Timestamp: 2024-03-06 13:00:00
2024-03-06 08:00:13,698 - __main__ - INFO - station=> Sector-51, Gurugram, result => ['175', 'Sector-51, Gurugram, India', Timestamp('2024-03-06 13:00:00')]
2024-03-06 08:00:13,699 - __main__ - INFO - The hourly data has been written to static/data/sector_51_cron_output.csv with Timestamp: 2024-03-06 13:00:00
2024-03-06 08:46:41,127 - __main__ - INFO - station=> Sector-51, Gurugram, result => ['169', 'Sector-51, Gurugram, India', Timestamp('2024-03-06 14:00:00')]
2024-03-06 08:46:41,127 - __main__ - INFO - The hourly data has been written to data/cron_job_data/sector_51_cron_output.csv with Timestamp: 2024-03-06 14:00:00
2024-03-06 08:46:41,821 - __main__ - INFO - station=> Sector-51, Gurugram, result => ['169', 'Sector-51, Gurugram, India', Timestamp('2024-03-06 14:00:00')]
2024-03-06 08:46:41,821 - __main__ - INFO - The hourly data has been written to static/data/sector_51_cron_output.csv with Timestamp: 2024-03-06 14:00:00
