2024-07-06 00:33:03,030 - __main__ - INFO - station=> Sector-51, Gurugram, result => ['114', 'Sector-51, Gurugram, India', Timestamp('2024-07-06 06:00:00')]
2024-07-06 00:33:03,030 - __main__ - INFO - The hourly data has been written to data/cron_job_data/sector_51_cron_output.csv with Timestamp: 2024-07-06 06:00:00
2024-07-06 00:33:03,698 - __main__ - INFO - station=> Sector-51, Gurugram, result => ['114', 'Sector-51, Gurugram, India', Timestamp('2024-07-06 06:00:00')]
2024-07-06 00:33:03,698 - __main__ - INFO - The hourly data has been written to static/data/sector_51_cron_output.csv with Timestamp: 2024-07-06 06:00:00
2024-07-06 01:52:26,732 - __main__ - INFO - Calling writeData & retrain_model functions.
2024-07-06 01:52:26,740 - __main__ - INFO - df_api columns Index(['AQI'], dtype='object')
2024-07-06 01:52:26,741 - __main__ - INFO - today=> 2024-07-06 & yesterday=> 2024-07-05
2024-07-06 01:52:26,743 - __main__ - INFO - temp_daily_aqi columns Index(['Unnamed: 0', 'Date', 'AQI'], dtype='object')
2024-07-06 01:52:26,745 - __main__ - INFO - temp_daily_aqi[2024-07-05]=> Empty DataFrame
Columns: [Unnamed: 0, AQI]
Index: []
2024-07-06 01:52:26,745 - __main__ - INFO - Index => 1583, yesterday => 2024-07-05 & AQI => 151.0
2024-07-06 01:52:26,746 - __main__ - INFO - Daily AQI data has been written to data/cleaned_data/Forecasting_time_series/sector_51_daily_aqi.csv
2024-07-06 01:52:26,746 - __main__ - INFO - Index => 1583, yesterday => 2024-07-05 & AQI => 151.0
2024-07-06 01:52:26,746 - __main__ - INFO - Daily AQI data has been written to static/data/sector_51_daily_aqi.csv
2024-07-06 01:52:26,751 - __main__ - INFO - Re-training the model & train_end is 2024-06-30 00:00:00
2024-07-06 01:52:27,902 - __main__ - INFO - Retrained the model & MAPE is 21.19%
2024-07-06 01:52:27,903 - __main__ - INFO - Retrained the model & MAE is 24.45453368107838
2024-07-06 01:52:29,392 - __main__ - INFO - Forecast=> 2024-07-06    165.883738
2024-07-07    147.812928
2024-07-08    157.712282
2024-07-09    162.387025
2024-07-10    169.871511
Freq: D, Name: predicted_mean, dtype: float64
2024-07-06 01:52:29,392 - __main__ - INFO - The forecast data has been written to data/cleaned_data/Forecasting_time_series/forecast_sector_51_daily_aqi.csv
2024-07-06 01:52:29,393 - __main__ - INFO - The forecast data has been written to static/data/forecast_sector_51_daily_aqi.csv
2024-07-06 05:08:07,415 - __main__ - INFO - station=> Sector-51, Gurugram, result => ['119', 'Sector-51, Gurugram, India', Timestamp('2024-07-06 10:00:00')]
2024-07-06 05:08:07,416 - __main__ - INFO - The hourly data has been written to data/cron_job_data/sector_51_cron_output.csv with Timestamp: 2024-07-06 10:00:00
2024-07-06 05:08:07,888 - __main__ - INFO - station=> Sector-51, Gurugram, result => ['119', 'Sector-51, Gurugram, India', Timestamp('2024-07-06 10:00:00')]
2024-07-06 05:08:07,889 - __main__ - INFO - The hourly data has been written to static/data/sector_51_cron_output.csv with Timestamp: 2024-07-06 10:00:00
2024-07-06 11:06:51,224 - __main__ - INFO - station=> Sector-51, Gurugram, result => ['151', 'Sector-51, Gurugram, India', Timestamp('2024-07-06 16:00:00')]
2024-07-06 11:06:51,224 - __main__ - INFO - The hourly data has been written to data/cron_job_data/sector_51_cron_output.csv with Timestamp: 2024-07-06 16:00:00
2024-07-06 11:06:51,915 - __main__ - INFO - station=> Sector-51, Gurugram, result => ['151', 'Sector-51, Gurugram, India', Timestamp('2024-07-06 16:00:00')]
2024-07-06 11:06:51,915 - __main__ - INFO - The hourly data has been written to static/data/sector_51_cron_output.csv with Timestamp: 2024-07-06 16:00:00
2024-07-06 12:11:58,508 - __main__ - INFO - station=> Sector-51, Gurugram, result => ['155', 'Sector-51, Gurugram, India', Timestamp('2024-07-06 17:00:00')]
2024-07-06 12:11:58,508 - __main__ - INFO - The hourly data has been written to data/cron_job_data/sector_51_cron_output.csv with Timestamp: 2024-07-06 17:00:00
2024-07-06 12:11:59,164 - __main__ - INFO - station=> Sector-51, Gurugram, result => ['155', 'Sector-51, Gurugram, India', Timestamp('2024-07-06 17:00:00')]
2024-07-06 12:11:59,165 - __main__ - INFO - The hourly data has been written to static/data/sector_51_cron_output.csv with Timestamp: 2024-07-06 17:00:00
2024-07-06 13:07:55,466 - __main__ - INFO - station=> Sector-51, Gurugram, result => ['161', 'Sector-51, Gurugram, India', Timestamp('2024-07-06 18:00:00')]
2024-07-06 13:07:55,466 - __main__ - INFO - The hourly data has been written to data/cron_job_data/sector_51_cron_output.csv with Timestamp: 2024-07-06 18:00:00
2024-07-06 13:07:56,114 - __main__ - INFO - station=> Sector-51, Gurugram, result => ['161', 'Sector-51, Gurugram, India', Timestamp('2024-07-06 18:00:00')]
2024-07-06 13:07:56,115 - __main__ - INFO - The hourly data has been written to static/data/sector_51_cron_output.csv with Timestamp: 2024-07-06 18:00:00
2024-07-06 15:07:42,599 - __main__ - INFO - station=> Sector-51, Gurugram, result => ['159', 'Sector-51, Gurugram, India', Timestamp('2024-07-06 20:00:00')]
2024-07-06 15:07:42,599 - __main__ - INFO - The hourly data has been written to data/cron_job_data/sector_51_cron_output.csv with Timestamp: 2024-07-06 20:00:00
2024-07-06 15:07:43,258 - __main__ - INFO - station=> Sector-51, Gurugram, result => ['159', 'Sector-51, Gurugram, India', Timestamp('2024-07-06 20:00:00')]
2024-07-06 15:07:43,258 - __main__ - INFO - The hourly data has been written to static/data/sector_51_cron_output.csv with Timestamp: 2024-07-06 20:00:00
2024-07-06 16:07:48,921 - __main__ - INFO - station=> Sector-51, Gurugram, result => ['159', 'Sector-51, Gurugram, India', Timestamp('2024-07-06 21:00:00')]
2024-07-06 16:07:48,922 - __main__ - INFO - The hourly data has been written to data/cron_job_data/sector_51_cron_output.csv with Timestamp: 2024-07-06 21:00:00
2024-07-06 16:07:49,603 - __main__ - INFO - station=> Sector-51, Gurugram, result => ['159', 'Sector-51, Gurugram, India', Timestamp('2024-07-06 21:00:00')]
2024-07-06 16:07:49,603 - __main__ - INFO - The hourly data has been written to static/data/sector_51_cron_output.csv with Timestamp: 2024-07-06 21:00:00
2024-07-06 17:05:07,601 - __main__ - INFO - station=> Sector-51, Gurugram, result => ['155', 'Sector-51, Gurugram, India', Timestamp('2024-07-06 22:00:00')]
2024-07-06 17:05:07,602 - __main__ - INFO - The hourly data has been written to data/cron_job_data/sector_51_cron_output.csv with Timestamp: 2024-07-06 22:00:00
2024-07-06 17:05:08,267 - __main__ - INFO - station=> Sector-51, Gurugram, result => ['155', 'Sector-51, Gurugram, India', Timestamp('2024-07-06 22:00:00')]
2024-07-06 17:05:08,267 - __main__ - INFO - The hourly data has been written to static/data/sector_51_cron_output.csv with Timestamp: 2024-07-06 22:00:00
2024-07-06 18:08:49,169 - __main__ - INFO - station=> Sector-51, Gurugram, result => ['140', 'Sector-51, Gurugram, India', Timestamp('2024-07-06 23:00:00')]
2024-07-06 18:08:49,169 - __main__ - INFO - The hourly data has been written to data/cron_job_data/sector_51_cron_output.csv with Timestamp: 2024-07-06 23:00:00
2024-07-06 18:08:49,647 - __main__ - INFO - station=> Sector-51, Gurugram, result => ['140', 'Sector-51, Gurugram, India', Timestamp('2024-07-06 23:00:00')]
2024-07-06 18:08:49,647 - __main__ - INFO - The hourly data has been written to static/data/sector_51_cron_output.csv with Timestamp: 2024-07-06 23:00:00
2024-07-06 19:04:08,582 - __main__ - INFO - station=> Sector-51, Gurugram, result => ['117', 'Sector-51, Gurugram, India', Timestamp('2024-07-07 00:00:00')]
2024-07-06 19:04:08,583 - __main__ - INFO - The hourly data has been written to data/cron_job_data/sector_51_cron_output.csv with Timestamp: 2024-07-07 00:00:00
2024-07-06 19:04:09,250 - __main__ - INFO - station=> Sector-51, Gurugram, result => ['117', 'Sector-51, Gurugram, India', Timestamp('2024-07-07 00:00:00')]
2024-07-06 19:04:09,250 - __main__ - INFO - The hourly data has been written to static/data/sector_51_cron_output.csv with Timestamp: 2024-07-07 00:00:00
2024-07-06 21:07:15,607 - __main__ - INFO - station=> Sector-51, Gurugram, result => ['118', 'Sector-51, Gurugram, India', Timestamp('2024-07-07 02:00:00')]
2024-07-06 21:07:15,607 - __main__ - INFO - The hourly data has been written to data/cron_job_data/sector_51_cron_output.csv with Timestamp: 2024-07-07 02:00:00
2024-07-06 21:07:16,271 - __main__ - INFO - station=> Sector-51, Gurugram, result => ['118', 'Sector-51, Gurugram, India', Timestamp('2024-07-07 02:00:00')]
2024-07-06 21:07:16,271 - __main__ - INFO - The hourly data has been written to static/data/sector_51_cron_output.csv with Timestamp: 2024-07-07 02:00:00
2024-07-06 22:07:00,430 - __main__ - INFO - station=> Sector-51, Gurugram, result => ['111', 'Sector-51, Gurugram, India', Timestamp('2024-07-07 03:00:00')]
2024-07-06 22:07:00,431 - __main__ - INFO - The hourly data has been written to data/cron_job_data/sector_51_cron_output.csv with Timestamp: 2024-07-07 03:00:00
2024-07-06 22:07:00,896 - __main__ - INFO - station=> Sector-51, Gurugram, result => ['111', 'Sector-51, Gurugram, India', Timestamp('2024-07-07 03:00:00')]
2024-07-06 22:07:00,896 - __main__ - INFO - The hourly data has been written to static/data/sector_51_cron_output.csv with Timestamp: 2024-07-07 03:00:00
2024-07-06 23:07:01,819 - __main__ - INFO - station=> Sector-51, Gurugram, result => ['104', 'Sector-51, Gurugram, India', Timestamp('2024-07-07 04:00:00')]
2024-07-06 23:07:01,820 - __main__ - INFO - The hourly data has been written to data/cron_job_data/sector_51_cron_output.csv with Timestamp: 2024-07-07 04:00:00
2024-07-06 23:07:02,492 - __main__ - INFO - station=> Sector-51, Gurugram, result => ['104', 'Sector-51, Gurugram, India', Timestamp('2024-07-07 04:00:00')]
2024-07-06 23:07:02,492 - __main__ - INFO - The hourly data has been written to static/data/sector_51_cron_output.csv with Timestamp: 2024-07-07 04:00:00
