2024-02-06 00:27:50,980 - __main__ - INFO - station=> nise gwal, result => ['83', 'NISE Gwal Pahari, Gurugram, India', Timestamp('2024-02-06 05:00:00')]
2024-02-06 00:27:50,980 - __main__ - INFO - The hourly data has been written to data/cron_job_data/nise_cron_output.csv with Timestamp: 2024-02-06 05:00:00
2024-02-06 00:27:51,645 - __main__ - INFO - station=> Sector-51, Gurugram, result => ['155', 'Sector-51, Gurugram, India', Timestamp('2024-02-06 05:00:00')]
2024-02-06 00:27:51,645 - __main__ - INFO - The hourly data has been written to data/cron_job_data/sector_51_cron_output.csv with Timestamp: 2024-02-06 05:00:00
2024-02-06 00:27:52,266 - __main__ - INFO - station=> Sector-51, Gurugram, result => ['155', 'Sector-51, Gurugram, India', Timestamp('2024-02-06 05:00:00')]
2024-02-06 00:27:52,266 - __main__ - INFO - The hourly data has been written to static/data/sector_51_cron_output.csv with Timestamp: 2024-02-06 05:00:00
2024-02-06 00:27:52,900 - __main__ - INFO - station=> Teri Gram, result => ['83', 'Teri Gram, Gurugram, India', Timestamp('2024-02-06 05:00:00')]
2024-02-06 00:27:52,900 - __main__ - INFO - The hourly data has been written to data/cron_job_data/teri_gram_cron_output.csv with Timestamp: 2024-02-06 05:00:00
2024-02-06 00:27:53,508 - __main__ - INFO - station=> Vikas Sadan, result => ['139', 'Vikas Sadan Gurgaon, Gurgaon, India', Timestamp('2024-02-06 05:00:00')]
2024-02-06 00:27:53,508 - __main__ - INFO - The hourly data has been written to data/cron_job_data/vikas_sadan_cron_output.csv with Timestamp: 2024-02-06 05:00:00
2024-02-06 01:38:28,931 - __main__ - INFO - station=> nise gwal, result => ['93', 'NISE Gwal Pahari, Gurugram, India', Timestamp('2024-02-06 06:00:00')]
2024-02-06 01:38:28,931 - __main__ - INFO - The hourly data has been written to data/cron_job_data/nise_cron_output.csv with Timestamp: 2024-02-06 06:00:00
2024-02-06 01:38:29,545 - __main__ - INFO - station=> Sector-51, Gurugram, result => ['154', 'Sector-51, Gurugram, India', Timestamp('2024-02-06 06:00:00')]
2024-02-06 01:38:29,545 - __main__ - INFO - The hourly data has been written to data/cron_job_data/sector_51_cron_output.csv with Timestamp: 2024-02-06 06:00:00
2024-02-06 01:38:30,188 - __main__ - INFO - station=> Sector-51, Gurugram, result => ['154', 'Sector-51, Gurugram, India', Timestamp('2024-02-06 06:00:00')]
2024-02-06 01:38:30,188 - __main__ - INFO - The hourly data has been written to static/data/sector_51_cron_output.csv with Timestamp: 2024-02-06 06:00:00
2024-02-06 01:38:30,837 - __main__ - INFO - station=> Teri Gram, result => ['79', 'Teri Gram, Gurugram, India', Timestamp('2024-02-06 06:00:00')]
2024-02-06 01:38:30,837 - __main__ - INFO - The hourly data has been written to data/cron_job_data/teri_gram_cron_output.csv with Timestamp: 2024-02-06 06:00:00
2024-02-06 01:38:31,471 - __main__ - INFO - station=> Vikas Sadan, result => ['132', 'Vikas Sadan Gurgaon, Gurgaon, India', Timestamp('2024-02-06 06:00:00')]
2024-02-06 01:38:31,471 - __main__ - INFO - The hourly data has been written to data/cron_job_data/vikas_sadan_cron_output.csv with Timestamp: 2024-02-06 06:00:00
2024-02-06 01:38:31,472 - __main__ - INFO - Calling writeData & retrain_model functions.
2024-02-06 01:38:31,478 - __main__ - INFO - df_api columns Index(['AQI'], dtype='object')
2024-02-06 01:38:31,478 - __main__ - INFO - today=> 2024-02-06 & yesterday=> 2024-02-05
2024-02-06 01:38:31,480 - __main__ - INFO - temp_daily_aqi columns Index(['Unnamed: 0', 'Date', 'AQI'], dtype='object')
2024-02-06 01:38:31,483 - __main__ - INFO - temp_daily_aqi[2024-02-05]=> Empty DataFrame
Columns: [Unnamed: 0, AQI]
Index: []
2024-02-06 01:38:31,483 - __main__ - INFO - Index => 1432, yesterday => 2024-02-05 & AQI => 166.0
2024-02-06 01:38:31,483 - __main__ - INFO - Daily AQI data has been written to data/cleaned_data/Forecasting_time_series/sector_51_daily_aqi.csv
2024-02-06 01:38:31,484 - __main__ - INFO - Index => 1432, yesterday => 2024-02-05 & AQI => 166.0
2024-02-06 01:38:31,484 - __main__ - INFO - Daily AQI data has been written to static/data/sector_51_daily_aqi.csv
2024-02-06 01:38:31,488 - __main__ - INFO - Re-training the model & train_end is 2024-01-31 00:00:00
2024-02-06 01:38:33,060 - __main__ - INFO - Retrained the model & MAPE is 36.2%
2024-02-06 01:38:33,061 - __main__ - INFO - Retrained the model & MAE is 100.82276583678807%
2024-02-06 01:38:34,628 - __main__ - INFO - Forecast=> 2024-02-06    189.153470
2024-02-07    192.530556
2024-02-08    198.947159
2024-02-09    208.015695
2024-02-10    218.781657
Freq: D, Name: predicted_mean, dtype: float64
2024-02-06 01:38:34,628 - __main__ - INFO - The forecast data has been written to data/cleaned_data/Forecasting_time_series/forecast_sector_51_daily_aqi.csv
2024-02-06 01:38:34,629 - __main__ - INFO - The forecast data has been written to static/data/forecast_sector_51_daily_aqi.csv
2024-02-06 03:07:38,196 - __main__ - INFO - station=> nise gwal, result => ['86', 'NISE Gwal Pahari, Gurugram, India', Timestamp('2024-02-06 08:00:00')]
2024-02-06 03:07:38,196 - __main__ - INFO - The hourly data has been written to data/cron_job_data/nise_cron_output.csv with Timestamp: 2024-02-06 08:00:00
2024-02-06 03:07:38,661 - __main__ - INFO - station=> Sector-51, Gurugram, result => ['159', 'Sector-51, Gurugram, India', Timestamp('2024-02-06 08:00:00')]
2024-02-06 03:07:38,662 - __main__ - INFO - The hourly data has been written to data/cron_job_data/sector_51_cron_output.csv with Timestamp: 2024-02-06 08:00:00
2024-02-06 03:07:39,127 - __main__ - INFO - station=> Sector-51, Gurugram, result => ['159', 'Sector-51, Gurugram, India', Timestamp('2024-02-06 08:00:00')]
2024-02-06 03:07:39,127 - __main__ - INFO - The hourly data has been written to static/data/sector_51_cron_output.csv with Timestamp: 2024-02-06 08:00:00
2024-02-06 03:07:39,592 - __main__ - INFO - station=> Teri Gram, result => ['118', 'Teri Gram, Gurugram, India', Timestamp('2024-02-06 08:00:00')]
2024-02-06 03:07:39,592 - __main__ - INFO - The hourly data has been written to data/cron_job_data/teri_gram_cron_output.csv with Timestamp: 2024-02-06 08:00:00
2024-02-06 03:07:40,053 - __main__ - INFO - station=> Vikas Sadan, result => ['128', 'Vikas Sadan Gurgaon, Gurgaon, India', Timestamp('2024-02-06 08:00:00')]
2024-02-06 03:07:40,053 - __main__ - INFO - The hourly data has been written to data/cron_job_data/vikas_sadan_cron_output.csv with Timestamp: 2024-02-06 08:00:00
2024-02-06 04:07:34,153 - __main__ - INFO - station=> nise gwal, result => ['84', 'NISE Gwal Pahari, Gurugram, India', Timestamp('2024-02-06 09:00:00')]
2024-02-06 04:07:34,154 - __main__ - INFO - The hourly data has been written to data/cron_job_data/nise_cron_output.csv with Timestamp: 2024-02-06 09:00:00
2024-02-06 04:07:34,774 - __main__ - INFO - station=> Sector-51, Gurugram, result => ['161', 'Sector-51, Gurugram, India', Timestamp('2024-02-06 09:00:00')]
2024-02-06 04:07:34,774 - __main__ - INFO - The hourly data has been written to data/cron_job_data/sector_51_cron_output.csv with Timestamp: 2024-02-06 09:00:00
2024-02-06 04:07:35,394 - __main__ - INFO - station=> Sector-51, Gurugram, result => ['161', 'Sector-51, Gurugram, India', Timestamp('2024-02-06 09:00:00')]
2024-02-06 04:07:35,394 - __main__ - INFO - The hourly data has been written to static/data/sector_51_cron_output.csv with Timestamp: 2024-02-06 09:00:00
2024-02-06 04:07:36,012 - __main__ - INFO - station=> Teri Gram, result => ['151', 'Teri Gram, Gurugram, India', Timestamp('2024-02-06 09:00:00')]
2024-02-06 04:07:36,012 - __main__ - INFO - The hourly data has been written to data/cron_job_data/teri_gram_cron_output.csv with Timestamp: 2024-02-06 09:00:00
2024-02-06 04:07:36,631 - __main__ - INFO - station=> Vikas Sadan, result => ['123', 'Vikas Sadan Gurgaon, Gurgaon, India', Timestamp('2024-02-06 09:00:00')]
2024-02-06 04:07:36,631 - __main__ - INFO - The hourly data has been written to data/cron_job_data/vikas_sadan_cron_output.csv with Timestamp: 2024-02-06 09:00:00
2024-02-06 05:03:15,940 - __main__ - INFO - station=> nise gwal, result => ['87', 'NISE Gwal Pahari, Gurugram, India', Timestamp('2024-02-06 10:00:00')]
2024-02-06 05:03:15,940 - __main__ - INFO - The hourly data has been written to data/cron_job_data/nise_cron_output.csv with Timestamp: 2024-02-06 10:00:00
2024-02-06 05:03:16,618 - __main__ - INFO - station=> Sector-51, Gurugram, result => ['168', 'Sector-51, Gurugram, India', Timestamp('2024-02-06 10:00:00')]
2024-02-06 05:03:16,618 - __main__ - INFO - The hourly data has been written to data/cron_job_data/sector_51_cron_output.csv with Timestamp: 2024-02-06 10:00:00
2024-02-06 05:03:17,293 - __main__ - INFO - station=> Sector-51, Gurugram, result => ['168', 'Sector-51, Gurugram, India', Timestamp('2024-02-06 10:00:00')]
2024-02-06 05:03:17,293 - __main__ - INFO - The hourly data has been written to static/data/sector_51_cron_output.csv with Timestamp: 2024-02-06 10:00:00
2024-02-06 05:03:17,969 - __main__ - INFO - station=> Teri Gram, result => ['152', 'Teri Gram, Gurugram, India', Timestamp('2024-02-06 10:00:00')]
2024-02-06 05:03:17,969 - __main__ - INFO - The hourly data has been written to data/cron_job_data/teri_gram_cron_output.csv with Timestamp: 2024-02-06 10:00:00
2024-02-06 05:03:18,643 - __main__ - INFO - station=> Vikas Sadan, result => ['119', 'Vikas Sadan Gurgaon, Gurgaon, India', Timestamp('2024-02-06 10:00:00')]
2024-02-06 05:03:18,643 - __main__ - INFO - The hourly data has been written to data/cron_job_data/vikas_sadan_cron_output.csv with Timestamp: 2024-02-06 10:00:00
2024-02-06 06:08:15,318 - __main__ - INFO - station=> nise gwal, result => ['109', 'NISE Gwal Pahari, Gurugram, India', Timestamp('2024-02-06 11:00:00')]
2024-02-06 06:08:15,318 - __main__ - INFO - The hourly data has been written to data/cron_job_data/nise_cron_output.csv with Timestamp: 2024-02-06 11:00:00
2024-02-06 06:08:15,994 - __main__ - INFO - station=> Sector-51, Gurugram, result => ['163', 'Sector-51, Gurugram, India', Timestamp('2024-02-06 11:00:00')]
2024-02-06 06:08:15,994 - __main__ - INFO - The hourly data has been written to data/cron_job_data/sector_51_cron_output.csv with Timestamp: 2024-02-06 11:00:00
2024-02-06 06:08:16,675 - __main__ - INFO - station=> Sector-51, Gurugram, result => ['163', 'Sector-51, Gurugram, India', Timestamp('2024-02-06 11:00:00')]
2024-02-06 06:08:16,675 - __main__ - INFO - The hourly data has been written to static/data/sector_51_cron_output.csv with Timestamp: 2024-02-06 11:00:00
2024-02-06 06:08:17,354 - __main__ - INFO - station=> Teri Gram, result => ['151', 'Teri Gram, Gurugram, India', Timestamp('2024-02-06 11:00:00')]
2024-02-06 06:08:17,355 - __main__ - INFO - The hourly data has been written to data/cron_job_data/teri_gram_cron_output.csv with Timestamp: 2024-02-06 11:00:00
2024-02-06 06:08:18,012 - __main__ - INFO - station=> Vikas Sadan, result => ['118', 'Vikas Sadan Gurgaon, Gurgaon, India', Timestamp('2024-02-06 11:00:00')]
2024-02-06 06:08:18,013 - __main__ - INFO - The hourly data has been written to data/cron_job_data/vikas_sadan_cron_output.csv with Timestamp: 2024-02-06 11:00:00
2024-02-06 08:09:12,017 - __main__ - INFO - station=> Sector-51, Gurugram, result => ['152', 'Sector-51, Gurugram, India', Timestamp('2024-02-06 13:00:00')]
2024-02-06 08:09:12,017 - __main__ - INFO - The hourly data has been written to data/cron_job_data/sector_51_cron_output.csv with Timestamp: 2024-02-06 13:00:00
2024-02-06 08:09:12,692 - __main__ - INFO - station=> Sector-51, Gurugram, result => ['152', 'Sector-51, Gurugram, India', Timestamp('2024-02-06 13:00:00')]
2024-02-06 08:09:12,692 - __main__ - INFO - The hourly data has been written to static/data/sector_51_cron_output.csv with Timestamp: 2024-02-06 13:00:00
2024-02-06 08:09:13,371 - __main__ - INFO - station=> Teri Gram, result => ['115', 'Teri Gram, Gurugram, India', Timestamp('2024-02-06 13:00:00')]
2024-02-06 08:09:13,371 - __main__ - INFO - The hourly data has been written to data/cron_job_data/teri_gram_cron_output.csv with Timestamp: 2024-02-06 13:00:00
2024-02-06 08:09:14,047 - __main__ - INFO - station=> Vikas Sadan, result => ['143', 'Vikas Sadan Gurgaon, Gurgaon, India', Timestamp('2024-02-06 13:00:00')]
2024-02-06 08:09:14,047 - __main__ - INFO - The hourly data has been written to data/cron_job_data/vikas_sadan_cron_output.csv with Timestamp: 2024-02-06 13:00:00
2024-02-06 12:10:47,354 - __main__ - INFO - station=> nise gwal, result => ['83', 'NISE Gwal Pahari, Gurugram, India', Timestamp('2024-02-06 14:00:00')]
2024-02-06 12:10:47,354 - __main__ - INFO - The hourly data has been written to data/cron_job_data/nise_cron_output.csv with Timestamp: 2024-02-06 14:00:00
2024-02-06 12:10:47,824 - __main__ - INFO - station=> Sector-51, Gurugram, result => ['153', 'Sector-51, Gurugram, India', Timestamp('2024-02-06 14:00:00')]
2024-02-06 12:10:47,824 - __main__ - INFO - The hourly data has been written to data/cron_job_data/sector_51_cron_output.csv with Timestamp: 2024-02-06 14:00:00
2024-02-06 12:10:48,289 - __main__ - INFO - station=> Sector-51, Gurugram, result => ['153', 'Sector-51, Gurugram, India', Timestamp('2024-02-06 14:00:00')]
2024-02-06 12:10:48,289 - __main__ - INFO - The hourly data has been written to static/data/sector_51_cron_output.csv with Timestamp: 2024-02-06 14:00:00
2024-02-06 12:10:48,755 - __main__ - INFO - station=> Teri Gram, result => ['112', 'Teri Gram, Gurugram, India', Timestamp('2024-02-06 17:00:00')]
2024-02-06 12:10:48,755 - __main__ - INFO - The hourly data has been written to data/cron_job_data/teri_gram_cron_output.csv with Timestamp: 2024-02-06 17:00:00
2024-02-06 12:10:49,218 - __main__ - INFO - station=> Vikas Sadan, result => ['147', 'Vikas Sadan Gurgaon, Gurgaon, India', Timestamp('2024-02-06 17:00:00')]
2024-02-06 12:10:49,218 - __main__ - INFO - The hourly data has been written to data/cron_job_data/vikas_sadan_cron_output.csv with Timestamp: 2024-02-06 17:00:00
