2023-12-06 00:29:12,142 - __main__ - INFO - station=> nise gwal, result => ['158', 'NISE Gwal Pahari, Gurugram, India', Timestamp('2023-12-05 19:00:00')]
2023-12-06 00:29:12,142 - __main__ - INFO - Timestamp 2023-12-05 19:00:00 already present in data/cron_job_data/nise_cron_output.csv, not appending.
2023-12-06 00:29:12,628 - __main__ - INFO - station=> Sector-51, Gurugram, result => ['190', 'Sector-51, Gurugram, India', Timestamp('2023-12-05 19:00:00')]
2023-12-06 00:29:12,628 - __main__ - INFO - Timestamp 2023-12-05 19:00:00 already present in data/cron_job_data/sector_51_cron_output.csv, not appending.
2023-12-06 00:29:13,138 - __main__ - INFO - station=> Teri Gram, result => ['144', 'Teri Gram, Gurugram, India', Timestamp('2023-12-05 19:00:00')]
2023-12-06 00:29:13,138 - __main__ - INFO - Timestamp 2023-12-05 19:00:00 already present in data/cron_job_data/teri_gram_cron_output.csv, not appending.
2023-12-06 00:29:13,632 - __main__ - INFO - station=> Vikas Sadan, result => ['152', 'Vikas Sadan Gurgaon, Gurgaon, India', Timestamp('2023-12-05 19:00:00')]
2023-12-06 00:29:13,632 - __main__ - INFO - Timestamp 2023-12-05 19:00:00 already present in data/cron_job_data/vikas_sadan_cron_output.csv, not appending.
2023-12-06 01:47:11,259 - __main__ - INFO - station=> nise gwal, result => ['158', 'NISE Gwal Pahari, Gurugram, India', Timestamp('2023-12-05 19:00:00')]
2023-12-06 01:47:11,260 - __main__ - INFO - Timestamp 2023-12-05 19:00:00 already present in data/cron_job_data/nise_cron_output.csv, not appending.
2023-12-06 01:47:11,904 - __main__ - INFO - station=> Sector-51, Gurugram, result => ['190', 'Sector-51, Gurugram, India', Timestamp('2023-12-05 19:00:00')]
2023-12-06 01:47:11,904 - __main__ - INFO - Timestamp 2023-12-05 19:00:00 already present in data/cron_job_data/sector_51_cron_output.csv, not appending.
2023-12-06 01:47:12,554 - __main__ - INFO - station=> Teri Gram, result => ['144', 'Teri Gram, Gurugram, India', Timestamp('2023-12-05 19:00:00')]
2023-12-06 01:47:12,554 - __main__ - INFO - Timestamp 2023-12-05 19:00:00 already present in data/cron_job_data/teri_gram_cron_output.csv, not appending.
2023-12-06 01:47:13,224 - __main__ - INFO - station=> Vikas Sadan, result => ['152', 'Vikas Sadan Gurgaon, Gurgaon, India', Timestamp('2023-12-05 19:00:00')]
2023-12-06 01:47:13,224 - __main__ - INFO - Timestamp 2023-12-05 19:00:00 already present in data/cron_job_data/vikas_sadan_cron_output.csv, not appending.
2023-12-06 02:21:11,084 - __main__ - INFO - station=> nise gwal, result => ['158', 'NISE Gwal Pahari, Gurugram, India', Timestamp('2023-12-05 19:00:00')]
2023-12-06 02:21:11,084 - __main__ - INFO - Timestamp 2023-12-05 19:00:00 already present in data/cron_job_data/nise_cron_output.csv, not appending.
2023-12-06 02:21:11,592 - __main__ - INFO - station=> Sector-51, Gurugram, result => ['190', 'Sector-51, Gurugram, India', Timestamp('2023-12-05 19:00:00')]
2023-12-06 02:21:11,593 - __main__ - INFO - Timestamp 2023-12-05 19:00:00 already present in data/cron_job_data/sector_51_cron_output.csv, not appending.
2023-12-06 02:21:12,109 - __main__ - INFO - station=> Teri Gram, result => ['144', 'Teri Gram, Gurugram, India', Timestamp('2023-12-05 19:00:00')]
2023-12-06 02:21:12,109 - __main__ - INFO - Timestamp 2023-12-05 19:00:00 already present in data/cron_job_data/teri_gram_cron_output.csv, not appending.
2023-12-06 02:21:12,641 - __main__ - INFO - station=> Vikas Sadan, result => ['152', 'Vikas Sadan Gurgaon, Gurgaon, India', Timestamp('2023-12-05 19:00:00')]
2023-12-06 02:21:12,641 - __main__ - INFO - Timestamp 2023-12-05 19:00:00 already present in data/cron_job_data/vikas_sadan_cron_output.csv, not appending.
2023-12-06 03:06:36,648 - __main__ - INFO - station=> nise gwal, result => ['158', 'NISE Gwal Pahari, Gurugram, India', Timestamp('2023-12-05 19:00:00')]
2023-12-06 03:06:36,648 - __main__ - INFO - Timestamp 2023-12-05 19:00:00 already present in data/cron_job_data/nise_cron_output.csv, not appending.
2023-12-06 03:06:37,337 - __main__ - INFO - station=> Sector-51, Gurugram, result => ['190', 'Sector-51, Gurugram, India', Timestamp('2023-12-05 19:00:00')]
2023-12-06 03:06:37,337 - __main__ - INFO - Timestamp 2023-12-05 19:00:00 already present in data/cron_job_data/sector_51_cron_output.csv, not appending.
2023-12-06 03:06:37,996 - __main__ - INFO - station=> Teri Gram, result => ['144', 'Teri Gram, Gurugram, India', Timestamp('2023-12-05 19:00:00')]
2023-12-06 03:06:37,997 - __main__ - INFO - Timestamp 2023-12-05 19:00:00 already present in data/cron_job_data/teri_gram_cron_output.csv, not appending.
2023-12-06 03:06:38,650 - __main__ - INFO - station=> Vikas Sadan, result => ['152', 'Vikas Sadan Gurgaon, Gurgaon, India', Timestamp('2023-12-05 19:00:00')]
2023-12-06 03:06:38,650 - __main__ - INFO - Timestamp 2023-12-05 19:00:00 already present in data/cron_job_data/vikas_sadan_cron_output.csv, not appending.
2023-12-06 04:07:33,272 - __main__ - INFO - station=> nise gwal, result => ['158', 'NISE Gwal Pahari, Gurugram, India', Timestamp('2023-12-05 19:00:00')]
2023-12-06 04:07:33,272 - __main__ - INFO - Timestamp 2023-12-05 19:00:00 already present in data/cron_job_data/nise_cron_output.csv, not appending.
2023-12-06 04:07:33,942 - __main__ - INFO - station=> Sector-51, Gurugram, result => ['190', 'Sector-51, Gurugram, India', Timestamp('2023-12-05 19:00:00')]
2023-12-06 04:07:33,942 - __main__ - INFO - Timestamp 2023-12-05 19:00:00 already present in data/cron_job_data/sector_51_cron_output.csv, not appending.
2023-12-06 04:07:34,615 - __main__ - INFO - station=> Teri Gram, result => ['144', 'Teri Gram, Gurugram, India', Timestamp('2023-12-05 19:00:00')]
2023-12-06 04:07:34,615 - __main__ - INFO - Timestamp 2023-12-05 19:00:00 already present in data/cron_job_data/teri_gram_cron_output.csv, not appending.
2023-12-06 04:07:35,300 - __main__ - INFO - station=> Vikas Sadan, result => ['152', 'Vikas Sadan Gurgaon, Gurgaon, India', Timestamp('2023-12-05 19:00:00')]
2023-12-06 04:07:35,301 - __main__ - INFO - Timestamp 2023-12-05 19:00:00 already present in data/cron_job_data/vikas_sadan_cron_output.csv, not appending.
2023-12-06 05:04:10,305 - __main__ - INFO - station=> nise gwal, result => ['158', 'NISE Gwal Pahari, Gurugram, India', Timestamp('2023-12-05 19:00:00')]
2023-12-06 05:04:10,306 - __main__ - INFO - Timestamp 2023-12-05 19:00:00 already present in data/cron_job_data/nise_cron_output.csv, not appending.
2023-12-06 05:04:10,788 - __main__ - INFO - station=> Sector-51, Gurugram, result => ['190', 'Sector-51, Gurugram, India', Timestamp('2023-12-05 19:00:00')]
2023-12-06 05:04:10,788 - __main__ - INFO - Timestamp 2023-12-05 19:00:00 already present in data/cron_job_data/sector_51_cron_output.csv, not appending.
2023-12-06 05:04:11,272 - __main__ - INFO - station=> Teri Gram, result => ['144', 'Teri Gram, Gurugram, India', Timestamp('2023-12-05 19:00:00')]
2023-12-06 05:04:11,272 - __main__ - INFO - Timestamp 2023-12-05 19:00:00 already present in data/cron_job_data/teri_gram_cron_output.csv, not appending.
2023-12-06 05:04:11,753 - __main__ - INFO - station=> Vikas Sadan, result => ['152', 'Vikas Sadan Gurgaon, Gurgaon, India', Timestamp('2023-12-05 19:00:00')]
2023-12-06 05:04:11,753 - __main__ - INFO - Timestamp 2023-12-05 19:00:00 already present in data/cron_job_data/vikas_sadan_cron_output.csv, not appending.
