2024-10-06 01:18:50,821 - __main__ - INFO - station=> Sector-51, Gurugram, result => ['165', 'Sector-51, Gurugram, India', Timestamp('2024-10-06 06:00:00')]
2024-10-06 01:18:50,821 - __main__ - INFO - The hourly data has been written to data/cron_job_data/sector_51_cron_output.csv with Timestamp: 2024-10-06 06:00:00
2024-10-06 01:18:51,518 - __main__ - INFO - station=> Sector-51, Gurugram, result => ['165', 'Sector-51, Gurugram, India', Timestamp('2024-10-06 06:00:00')]
2024-10-06 01:18:51,518 - __main__ - INFO - The hourly data has been written to static/data/sector_51_cron_output.csv with Timestamp: 2024-10-06 06:00:00
2024-10-06 01:18:51,565 - __main__ - INFO - df_api columns Index(['AQI'], dtype='object')
2024-10-06 01:18:51,565 - __main__ - INFO - today=> 2024-10-06 & yesterday=> 2024-10-05
2024-10-06 01:18:51,567 - __main__ - INFO - temp_daily_aqi columns Index(['Unnamed: 0', 'Date', 'AQI'], dtype='object')
2024-10-06 01:18:51,569 - __main__ - INFO - temp_daily_aqi[2024-10-05]=> Empty DataFrame
Columns: [Unnamed: 0, AQI]
Index: []
2024-10-06 01:18:51,570 - __main__ - INFO - Index => 1675, yesterday => 2024-10-05 & AQI => 138.0
2024-10-06 01:18:51,570 - __main__ - INFO - Daily AQI data has been written to data/cleaned_data/Forecasting_time_series/sector_51_daily_aqi.csv
2024-10-06 01:18:51,571 - __main__ - INFO - Index => 1675, yesterday => 2024-10-05 & AQI => 138.0
2024-10-06 01:18:51,571 - __main__ - INFO - Daily AQI data has been written to static/data/sector_51_daily_aqi.csv
2024-10-06 01:18:51,576 - __main__ - INFO - Re-training the model & train_end is 2024-09-30 00:00:00
2024-10-06 01:18:52,814 - __main__ - INFO - Retrained the model & MAPE is 21.07%
2024-10-06 01:18:52,815 - __main__ - INFO - Retrained the model & MAE is 45.05444902847357
2024-10-06 01:18:54,323 - __main__ - INFO - Forecast=> 2024-10-06    140.978561
2024-10-07    153.084486
2024-10-08    154.215194
2024-10-09    158.297028
2024-10-10    163.341361
Freq: D, Name: predicted_mean, dtype: float64
2024-10-06 01:18:54,323 - __main__ - INFO - The forecast data has been written to data/cleaned_data/Forecasting_time_series/forecast_sector_51_daily_aqi.csv
2024-10-06 01:18:54,323 - __main__ - INFO - The forecast data has been written to static/data/forecast_sector_51_daily_aqi.csv
2024-10-06 04:19:42,778 - __main__ - INFO - station=> Sector-51, Gurugram, result => ['152', 'Sector-51, Gurugram, India', Timestamp('2024-10-06 09:00:00')]
2024-10-06 04:19:42,778 - __main__ - INFO - The hourly data has been written to data/cron_job_data/sector_51_cron_output.csv with Timestamp: 2024-10-06 09:00:00
2024-10-06 04:19:43,481 - __main__ - INFO - station=> Sector-51, Gurugram, result => ['152', 'Sector-51, Gurugram, India', Timestamp('2024-10-06 09:00:00')]
2024-10-06 04:19:43,481 - __main__ - INFO - The hourly data has been written to static/data/sector_51_cron_output.csv with Timestamp: 2024-10-06 09:00:00
