2024-04-07 01:45:30,409 - __main__ - INFO - station=> Sector-51, Gurugram, result => ['178', 'Sector-51, Gurugram, India', Timestamp('2024-04-07 02:00:00')]
2024-04-07 01:45:30,409 - __main__ - INFO - The hourly data has been written to data/cron_job_data/sector_51_cron_output.csv with Timestamp: 2024-04-07 02:00:00
2024-04-07 01:45:31,093 - __main__ - INFO - station=> Sector-51, Gurugram, result => ['178', 'Sector-51, Gurugram, India', Timestamp('2024-04-07 02:00:00')]
2024-04-07 01:45:31,093 - __main__ - INFO - The hourly data has been written to static/data/sector_51_cron_output.csv with Timestamp: 2024-04-07 02:00:00
2024-04-07 01:45:31,094 - __main__ - INFO - Calling writeData & retrain_model functions.
2024-04-07 01:45:31,101 - __main__ - INFO - df_api columns Index(['AQI'], dtype='object')
2024-04-07 01:45:31,101 - __main__ - INFO - today=> 2024-04-07 & yesterday=> 2024-04-06
2024-04-07 01:45:31,103 - __main__ - INFO - temp_daily_aqi columns Index(['Unnamed: 0', 'Date', 'AQI'], dtype='object')
2024-04-07 01:45:31,105 - __main__ - INFO - temp_daily_aqi[2024-04-06]=> Empty DataFrame
Columns: [Unnamed: 0, AQI]
Index: []
2024-04-07 01:45:31,106 - __main__ - INFO - Index => 1489, yesterday => 2024-04-06 & AQI => nan
2024-04-07 01:45:31,106 - __main__ - INFO - writeData function - Exception IndexError has occured for station=> data/cleaned_data/Forecasting_time_series/sector_51_daily_aqi.csv
2024-04-07 01:45:31,110 - __main__ - INFO - Re-training the model & train_end is 2024-03-27 00:00:00
2024-04-07 01:45:32,347 - __main__ - INFO - Retrained the model & MAPE is 30.78%
2024-04-07 01:45:32,348 - __main__ - INFO - Retrained the model & MAE is 70.66275908155379%
2024-04-07 01:45:33,526 - __main__ - INFO - Forecast=> 2024-04-02    276.054348
2024-04-03    270.611658
2024-04-04    266.404386
2024-04-05    266.996555
2024-04-06    273.422792
Freq: D, Name: predicted_mean, dtype: float64
2024-04-07 01:45:33,527 - __main__ - INFO - The forecast data has been written to data/cleaned_data/Forecasting_time_series/forecast_sector_51_daily_aqi.csv
2024-04-07 01:45:33,527 - __main__ - INFO - The forecast data has been written to static/data/forecast_sector_51_daily_aqi.csv
2024-04-07 06:08:28,165 - __main__ - INFO - station=> Sector-51, Gurugram, result => ['206', 'Sector-51, Gurugram, India', Timestamp('2024-04-07 11:00:00')]
2024-04-07 06:08:28,165 - __main__ - INFO - The hourly data has been written to data/cron_job_data/sector_51_cron_output.csv with Timestamp: 2024-04-07 11:00:00
2024-04-07 06:08:28,811 - __main__ - INFO - station=> Sector-51, Gurugram, result => ['206', 'Sector-51, Gurugram, India', Timestamp('2024-04-07 11:00:00')]
2024-04-07 06:08:28,811 - __main__ - INFO - The hourly data has been written to static/data/sector_51_cron_output.csv with Timestamp: 2024-04-07 11:00:00
2024-04-07 10:06:05,437 - __main__ - INFO - station=> Sector-51, Gurugram, result => ['160', 'Sector-51, Gurugram, India', Timestamp('2024-04-07 15:00:00')]
2024-04-07 10:06:05,437 - __main__ - INFO - The hourly data has been written to data/cron_job_data/sector_51_cron_output.csv with Timestamp: 2024-04-07 15:00:00
2024-04-07 10:06:06,072 - __main__ - INFO - station=> Sector-51, Gurugram, result => ['160', 'Sector-51, Gurugram, India', Timestamp('2024-04-07 15:00:00')]
2024-04-07 10:06:06,072 - __main__ - INFO - The hourly data has been written to static/data/sector_51_cron_output.csv with Timestamp: 2024-04-07 15:00:00
2024-04-07 19:03:20,249 - __main__ - INFO - station=> Sector-51, Gurugram, result => ['192', 'Sector-51, Gurugram, India', Timestamp('2024-04-08 00:00:00')]
2024-04-07 19:03:20,250 - __main__ - INFO - The hourly data has been written to data/cron_job_data/sector_51_cron_output.csv with Timestamp: 2024-04-08 00:00:00
2024-04-07 19:03:20,870 - __main__ - INFO - station=> Sector-51, Gurugram, result => ['192', 'Sector-51, Gurugram, India', Timestamp('2024-04-08 00:00:00')]
2024-04-07 19:03:20,870 - __main__ - INFO - The hourly data has been written to static/data/sector_51_cron_output.csv with Timestamp: 2024-04-08 00:00:00
2024-04-07 22:04:48,399 - __main__ - INFO - station=> Sector-51, Gurugram, result => ['202', 'Sector-51, Gurugram, India', Timestamp('2024-04-08 03:00:00')]
2024-04-07 22:04:48,399 - __main__ - INFO - The hourly data has been written to data/cron_job_data/sector_51_cron_output.csv with Timestamp: 2024-04-08 03:00:00
2024-04-07 22:04:48,879 - __main__ - INFO - station=> Sector-51, Gurugram, result => ['202', 'Sector-51, Gurugram, India', Timestamp('2024-04-08 03:00:00')]
2024-04-07 22:04:48,879 - __main__ - INFO - The hourly data has been written to static/data/sector_51_cron_output.csv with Timestamp: 2024-04-08 03:00:00
