2024-03-07 01:04:14,672 - __main__ - INFO - Calling writeData & retrain_model functions.
2024-03-07 01:04:14,678 - __main__ - INFO - df_api columns Index(['AQI'], dtype='object')
2024-03-07 01:04:14,679 - __main__ - INFO - today=> 2024-03-07 & yesterday=> 2024-03-06
2024-03-07 01:04:14,680 - __main__ - INFO - temp_daily_aqi columns Index(['Unnamed: 0', 'Date', 'AQI'], dtype='object')
2024-03-07 01:04:14,683 - __main__ - INFO - temp_daily_aqi[2024-03-06]=> Empty DataFrame
Columns: [Unnamed: 0, AQI]
Index: []
2024-03-07 01:04:14,683 - __main__ - INFO - Index => 1462, yesterday => 2024-03-06 & AQI => 169.0
2024-03-07 01:04:14,684 - __main__ - INFO - Daily AQI data has been written to data/cleaned_data/Forecasting_time_series/sector_51_daily_aqi.csv
2024-03-07 01:04:14,684 - __main__ - INFO - Index => 1462, yesterday => 2024-03-06 & AQI => 169.0
2024-03-07 01:04:14,684 - __main__ - INFO - Daily AQI data has been written to static/data/sector_51_daily_aqi.csv
2024-03-07 01:04:14,689 - __main__ - INFO - Re-training the model & train_end is 2024-03-01 00:00:00
2024-03-07 01:04:15,773 - __main__ - INFO - Retrained the model & MAPE is 33.29%
2024-03-07 01:04:15,774 - __main__ - INFO - Retrained the model & MAE is 38.413711109108434%
2024-03-07 01:04:17,093 - __main__ - INFO - Forecast=> 2024-03-07    176.836472
2024-03-08    188.803382
2024-03-09    203.598313
2024-03-10    183.797403
2024-03-11    186.900344
Freq: D, Name: predicted_mean, dtype: float64
2024-03-07 01:04:17,093 - __main__ - INFO - The forecast data has been written to data/cleaned_data/Forecasting_time_series/forecast_sector_51_daily_aqi.csv
2024-03-07 01:04:17,094 - __main__ - INFO - The forecast data has been written to static/data/forecast_sector_51_daily_aqi.csv
2024-03-07 01:43:30,020 - __main__ - INFO - Calling writeData & retrain_model functions.
2024-03-07 01:43:30,026 - __main__ - INFO - df_api columns Index(['AQI'], dtype='object')
2024-03-07 01:43:30,026 - __main__ - INFO - today=> 2024-03-07 & yesterday=> 2024-03-06
2024-03-07 01:43:30,028 - __main__ - INFO - temp_daily_aqi columns Index(['Unnamed: 0', 'Date', 'AQI'], dtype='object')
2024-03-07 01:43:30,036 - __main__ - INFO - temp_daily_aqi[2024-03-06]=>             Unnamed: 0    AQI
Date                         
2024-03-06        1462  169.0
2024-03-07 01:43:30,040 - __main__ - INFO - Re-training the model & train_end is 2024-03-01 00:00:00
2024-03-07 01:43:31,113 - __main__ - INFO - Retrained the model & MAPE is 33.29%
2024-03-07 01:43:31,113 - __main__ - INFO - Retrained the model & MAE is 38.413711109108434%
2024-03-07 01:43:32,428 - __main__ - INFO - Forecast=> 2024-03-07    176.836472
2024-03-08    188.803382
2024-03-09    203.598313
2024-03-10    183.797403
2024-03-11    186.900344
Freq: D, Name: predicted_mean, dtype: float64
2024-03-07 01:43:32,429 - __main__ - INFO - The forecast data has been written to data/cleaned_data/Forecasting_time_series/forecast_sector_51_daily_aqi.csv
2024-03-07 01:43:32,429 - __main__ - INFO - The forecast data has been written to static/data/forecast_sector_51_daily_aqi.csv
2024-03-07 02:46:38,206 - __main__ - INFO - station=> Sector-51, Gurugram, result => ['211', 'Sector-51, Gurugram, India', Timestamp('2024-03-07 08:00:00')]
2024-03-07 02:46:38,206 - __main__ - INFO - The hourly data has been written to data/cron_job_data/sector_51_cron_output.csv with Timestamp: 2024-03-07 08:00:00
2024-03-07 02:46:38,905 - __main__ - INFO - station=> Sector-51, Gurugram, result => ['211', 'Sector-51, Gurugram, India', Timestamp('2024-03-07 08:00:00')]
2024-03-07 02:46:38,905 - __main__ - INFO - The hourly data has been written to static/data/sector_51_cron_output.csv with Timestamp: 2024-03-07 08:00:00
2024-03-07 03:46:24,849 - __main__ - INFO - station=> Sector-51, Gurugram, result => ['237', 'Sector-51, Gurugram, India', Timestamp('2024-03-07 09:00:00')]
2024-03-07 03:46:24,849 - __main__ - INFO - The hourly data has been written to data/cron_job_data/sector_51_cron_output.csv with Timestamp: 2024-03-07 09:00:00
2024-03-07 03:46:25,474 - __main__ - INFO - station=> Sector-51, Gurugram, result => ['237', 'Sector-51, Gurugram, India', Timestamp('2024-03-07 09:00:00')]
2024-03-07 03:46:25,474 - __main__ - INFO - The hourly data has been written to static/data/sector_51_cron_output.csv with Timestamp: 2024-03-07 09:00:00
2024-03-07 04:46:24,550 - __main__ - INFO - station=> Sector-51, Gurugram, result => ['270', 'Sector-51, Gurugram, India', Timestamp('2024-03-07 10:00:00')]
2024-03-07 04:46:24,550 - __main__ - INFO - The hourly data has been written to data/cron_job_data/sector_51_cron_output.csv with Timestamp: 2024-03-07 10:00:00
2024-03-07 04:46:25,234 - __main__ - INFO - station=> Sector-51, Gurugram, result => ['270', 'Sector-51, Gurugram, India', Timestamp('2024-03-07 10:00:00')]
2024-03-07 04:46:25,234 - __main__ - INFO - The hourly data has been written to static/data/sector_51_cron_output.csv with Timestamp: 2024-03-07 10:00:00
2024-03-07 05:46:33,486 - __main__ - INFO - station=> Sector-51, Gurugram, result => ['232', 'Sector-51, Gurugram, India', Timestamp('2024-03-07 11:00:00')]
2024-03-07 05:46:33,486 - __main__ - INFO - The hourly data has been written to data/cron_job_data/sector_51_cron_output.csv with Timestamp: 2024-03-07 11:00:00
2024-03-07 05:46:34,173 - __main__ - INFO - station=> Sector-51, Gurugram, result => ['232', 'Sector-51, Gurugram, India', Timestamp('2024-03-07 11:00:00')]
2024-03-07 05:46:34,173 - __main__ - INFO - The hourly data has been written to static/data/sector_51_cron_output.csv with Timestamp: 2024-03-07 11:00:00
2024-03-07 07:00:17,910 - __main__ - INFO - station=> Sector-51, Gurugram, result => ['213', 'Sector-51, Gurugram, India', Timestamp('2024-03-07 12:00:00')]
2024-03-07 07:00:17,910 - __main__ - INFO - The hourly data has been written to data/cron_job_data/sector_51_cron_output.csv with Timestamp: 2024-03-07 12:00:00
2024-03-07 07:00:18,587 - __main__ - INFO - station=> Sector-51, Gurugram, result => ['213', 'Sector-51, Gurugram, India', Timestamp('2024-03-07 12:00:00')]
2024-03-07 07:00:18,587 - __main__ - INFO - The hourly data has been written to static/data/sector_51_cron_output.csv with Timestamp: 2024-03-07 12:00:00
2024-03-07 08:00:13,601 - __main__ - INFO - station=> Sector-51, Gurugram, result => ['195', 'Sector-51, Gurugram, India', Timestamp('2024-03-07 13:00:00')]
2024-03-07 08:00:13,601 - __main__ - INFO - The hourly data has been written to data/cron_job_data/sector_51_cron_output.csv with Timestamp: 2024-03-07 13:00:00
2024-03-07 08:00:14,442 - __main__ - INFO - station=> Sector-51, Gurugram, result => ['195', 'Sector-51, Gurugram, India', Timestamp('2024-03-07 13:00:00')]
2024-03-07 08:00:14,443 - __main__ - INFO - The hourly data has been written to static/data/sector_51_cron_output.csv with Timestamp: 2024-03-07 13:00:00
2024-03-07 10:00:36,327 - __main__ - INFO - station=> Sector-51, Gurugram, result => ['177', 'Sector-51, Gurugram, India', Timestamp('2024-03-07 15:00:00')]
2024-03-07 10:00:36,328 - __main__ - INFO - The hourly data has been written to data/cron_job_data/sector_51_cron_output.csv with Timestamp: 2024-03-07 15:00:00
2024-03-07 10:00:36,950 - __main__ - INFO - station=> Sector-51, Gurugram, result => ['177', 'Sector-51, Gurugram, India', Timestamp('2024-03-07 15:00:00')]
2024-03-07 10:00:36,950 - __main__ - INFO - The hourly data has been written to static/data/sector_51_cron_output.csv with Timestamp: 2024-03-07 15:00:00
2024-03-07 10:46:36,200 - __main__ - INFO - station=> Sector-51, Gurugram, result => ['165', 'Sector-51, Gurugram, India', Timestamp('2024-03-07 16:00:00')]
2024-03-07 10:46:36,200 - __main__ - INFO - The hourly data has been written to data/cron_job_data/sector_51_cron_output.csv with Timestamp: 2024-03-07 16:00:00
2024-03-07 10:46:36,821 - __main__ - INFO - station=> Sector-51, Gurugram, result => ['165', 'Sector-51, Gurugram, India', Timestamp('2024-03-07 16:00:00')]
2024-03-07 10:46:36,822 - __main__ - INFO - The hourly data has been written to static/data/sector_51_cron_output.csv with Timestamp: 2024-03-07 16:00:00
2024-03-07 22:00:26,430 - __main__ - INFO - station=> Sector-51, Gurugram, result => ['188', 'Sector-51, Gurugram, India', Timestamp('2024-03-08 03:00:00')]
2024-03-07 22:00:26,430 - __main__ - INFO - The hourly data has been written to data/cron_job_data/sector_51_cron_output.csv with Timestamp: 2024-03-08 03:00:00
2024-03-07 22:00:27,128 - __main__ - INFO - station=> Sector-51, Gurugram, result => ['188', 'Sector-51, Gurugram, India', Timestamp('2024-03-08 03:00:00')]
2024-03-07 22:00:27,128 - __main__ - INFO - The hourly data has been written to static/data/sector_51_cron_output.csv with Timestamp: 2024-03-08 03:00:00
