2024-09-07 01:18:41,511 - __main__ - INFO - station=> Sector-51, Gurugram, result => ['152', 'Sector-51, Gurugram, India', Timestamp('2024-09-07 00:00:00')]
2024-09-07 01:18:41,511 - __main__ - INFO - The hourly data has been written to data/cron_job_data/sector_51_cron_output.csv with Timestamp: 2024-09-07 00:00:00
2024-09-07 01:18:42,136 - __main__ - INFO - station=> Sector-51, Gurugram, result => ['152', 'Sector-51, Gurugram, India', Timestamp('2024-09-07 00:00:00')]
2024-09-07 01:18:42,136 - __main__ - INFO - The hourly data has been written to static/data/sector_51_cron_output.csv with Timestamp: 2024-09-07 00:00:00
2024-09-07 01:18:42,187 - __main__ - INFO - df_api columns Index(['AQI'], dtype='object')
2024-09-07 01:18:42,187 - __main__ - INFO - today=> 2024-09-07 & yesterday=> 2024-09-06
2024-09-07 01:18:42,189 - __main__ - INFO - temp_daily_aqi columns Index(['Unnamed: 0', 'Date', 'AQI'], dtype='object')
2024-09-07 01:18:42,191 - __main__ - INFO - temp_daily_aqi[2024-09-06]=> Empty DataFrame
Columns: [Unnamed: 0, AQI]
Index: []
2024-09-07 01:18:42,192 - __main__ - INFO - Index => 1646, yesterday => 2024-09-06 & AQI => 122.0
2024-09-07 01:18:42,192 - __main__ - INFO - Daily AQI data has been written to data/cleaned_data/Forecasting_time_series/sector_51_daily_aqi.csv
2024-09-07 01:18:42,193 - __main__ - INFO - Index => 1646, yesterday => 2024-09-06 & AQI => 122.0
2024-09-07 01:18:42,193 - __main__ - INFO - Daily AQI data has been written to static/data/sector_51_daily_aqi.csv
2024-09-07 01:18:42,197 - __main__ - INFO - Re-training the model & train_end is 2024-09-01 00:00:00
2024-09-07 01:18:43,629 - __main__ - INFO - Retrained the model & MAPE is 31.44%
2024-09-07 01:18:43,630 - __main__ - INFO - Retrained the model & MAE is 37.37234875779021
2024-09-07 01:18:45,097 - __main__ - INFO - Forecast=> 2024-09-07    144.725313
2024-09-08    131.679947
2024-09-09    145.811532
2024-09-10    148.300662
2024-09-11    153.268575
Freq: D, Name: predicted_mean, dtype: float64
2024-09-07 01:18:45,098 - __main__ - INFO - The forecast data has been written to data/cleaned_data/Forecasting_time_series/forecast_sector_51_daily_aqi.csv
2024-09-07 01:18:45,098 - __main__ - INFO - The forecast data has been written to static/data/forecast_sector_51_daily_aqi.csv
2024-09-07 04:18:46,472 - __main__ - INFO - station=> Sector-51, Gurugram, result => ['133', 'Sector-51, Gurugram, India', Timestamp('2024-09-07 09:00:00')]
2024-09-07 04:18:46,472 - __main__ - INFO - The hourly data has been written to data/cron_job_data/sector_51_cron_output.csv with Timestamp: 2024-09-07 09:00:00
2024-09-07 04:18:46,956 - __main__ - INFO - station=> Sector-51, Gurugram, result => ['133', 'Sector-51, Gurugram, India', Timestamp('2024-09-07 09:00:00')]
2024-09-07 04:18:46,956 - __main__ - INFO - The hourly data has been written to static/data/sector_51_cron_output.csv with Timestamp: 2024-09-07 09:00:00
2024-09-07 08:18:02,244 - __main__ - INFO - station=> Sector-51, Gurugram, result => ['107', 'Sector-51, Gurugram, India', Timestamp('2024-09-07 13:00:00')]
2024-09-07 08:18:02,244 - __main__ - INFO - The hourly data has been written to data/cron_job_data/sector_51_cron_output.csv with Timestamp: 2024-09-07 13:00:00
2024-09-07 08:18:02,938 - __main__ - INFO - station=> Sector-51, Gurugram, result => ['107', 'Sector-51, Gurugram, India', Timestamp('2024-09-07 13:00:00')]
2024-09-07 08:18:02,938 - __main__ - INFO - The hourly data has been written to static/data/sector_51_cron_output.csv with Timestamp: 2024-09-07 13:00:00
2024-09-07 12:27:25,929 - __main__ - INFO - station=> Sector-51, Gurugram, result => ['183', 'Sector-51, Gurugram, India', Timestamp('2024-09-07 17:00:00')]
2024-09-07 12:27:25,930 - __main__ - INFO - The hourly data has been written to data/cron_job_data/sector_51_cron_output.csv with Timestamp: 2024-09-07 17:00:00
2024-09-07 12:27:26,396 - __main__ - INFO - station=> Sector-51, Gurugram, result => ['183', 'Sector-51, Gurugram, India', Timestamp('2024-09-07 17:00:00')]
2024-09-07 12:27:26,396 - __main__ - INFO - The hourly data has been written to static/data/sector_51_cron_output.csv with Timestamp: 2024-09-07 17:00:00
2024-09-07 16:18:35,193 - __main__ - INFO - station=> Sector-51, Gurugram, result => ['107', 'Sector-51, Gurugram, India', Timestamp('2024-09-07 21:00:00')]
2024-09-07 16:18:35,193 - __main__ - INFO - The hourly data has been written to data/cron_job_data/sector_51_cron_output.csv with Timestamp: 2024-09-07 21:00:00
2024-09-07 16:18:35,916 - __main__ - INFO - station=> Sector-51, Gurugram, result => ['107', 'Sector-51, Gurugram, India', Timestamp('2024-09-07 21:00:00')]
2024-09-07 16:18:35,916 - __main__ - INFO - The hourly data has been written to static/data/sector_51_cron_output.csv with Timestamp: 2024-09-07 21:00:00
2024-09-07 20:15:32,837 - __main__ - INFO - station=> Sector-51, Gurugram, result => ['172', 'Sector-51, Gurugram, India', Timestamp('2024-09-08 01:00:00')]
2024-09-07 20:15:32,837 - __main__ - INFO - The hourly data has been written to data/cron_job_data/sector_51_cron_output.csv with Timestamp: 2024-09-08 01:00:00
2024-09-07 20:15:33,319 - __main__ - INFO - station=> Sector-51, Gurugram, result => ['172', 'Sector-51, Gurugram, India', Timestamp('2024-09-08 01:00:00')]
2024-09-07 20:15:33,319 - __main__ - INFO - The hourly data has been written to static/data/sector_51_cron_output.csv with Timestamp: 2024-09-08 01:00:00
