2024-06-07 00:34:17,927 - __main__ - INFO - station=> Sector-51, Gurugram, result => ['233', 'Sector-51, Gurugram, India', Timestamp('2024-06-07 05:00:00')]
2024-06-07 00:34:17,927 - __main__ - INFO - The hourly data has been written to data/cron_job_data/sector_51_cron_output.csv with Timestamp: 2024-06-07 05:00:00
2024-06-07 00:34:18,604 - __main__ - INFO - station=> Sector-51, Gurugram, result => ['233', 'Sector-51, Gurugram, India', Timestamp('2024-06-07 05:00:00')]
2024-06-07 00:34:18,604 - __main__ - INFO - The hourly data has been written to static/data/sector_51_cron_output.csv with Timestamp: 2024-06-07 05:00:00
2024-06-07 01:54:47,733 - __main__ - INFO - station=> Sector-51, Gurugram, result => ['176', 'Sector-51, Gurugram, India', Timestamp('2024-06-07 07:00:00')]
2024-06-07 01:54:47,733 - __main__ - INFO - The hourly data has been written to data/cron_job_data/sector_51_cron_output.csv with Timestamp: 2024-06-07 07:00:00
2024-06-07 01:54:48,400 - __main__ - INFO - station=> Sector-51, Gurugram, result => ['176', 'Sector-51, Gurugram, India', Timestamp('2024-06-07 07:00:00')]
2024-06-07 01:54:48,400 - __main__ - INFO - The hourly data has been written to static/data/sector_51_cron_output.csv with Timestamp: 2024-06-07 07:00:00
2024-06-07 01:54:48,401 - __main__ - INFO - Calling writeData & retrain_model functions.
2024-06-07 01:54:48,410 - __main__ - INFO - df_api columns Index(['AQI'], dtype='object')
2024-06-07 01:54:48,410 - __main__ - INFO - today=> 2024-06-07 & yesterday=> 2024-06-06
2024-06-07 01:54:48,412 - __main__ - INFO - temp_daily_aqi columns Index(['Unnamed: 0', 'Date', 'AQI'], dtype='object')
2024-06-07 01:54:48,414 - __main__ - INFO - temp_daily_aqi[2024-06-06]=> Empty DataFrame
Columns: [Unnamed: 0, AQI]
Index: []
2024-06-07 01:54:48,415 - __main__ - INFO - Index => 1554, yesterday => 2024-06-06 & AQI => 177.0
2024-06-07 01:54:48,415 - __main__ - INFO - Daily AQI data has been written to data/cleaned_data/Forecasting_time_series/sector_51_daily_aqi.csv
2024-06-07 01:54:48,416 - __main__ - INFO - Index => 1554, yesterday => 2024-06-06 & AQI => 177.0
2024-06-07 01:54:48,416 - __main__ - INFO - Daily AQI data has been written to static/data/sector_51_daily_aqi.csv
2024-06-07 01:54:48,421 - __main__ - INFO - Re-training the model & train_end is 2024-06-01 00:00:00
2024-06-07 01:54:49,639 - __main__ - INFO - Retrained the model & MAPE is 19.37%
2024-06-07 01:54:49,639 - __main__ - INFO - Retrained the model & MAE is 46.53313627411514
2024-06-07 01:54:50,889 - __main__ - INFO - Forecast=> 2024-06-07    193.747701
2024-06-08    212.683919
2024-06-09    189.949973
2024-06-10    196.562071
2024-06-11    196.342704
Freq: D, Name: predicted_mean, dtype: float64
2024-06-07 01:54:50,889 - __main__ - INFO - The forecast data has been written to data/cleaned_data/Forecasting_time_series/forecast_sector_51_daily_aqi.csv
2024-06-07 01:54:50,890 - __main__ - INFO - The forecast data has been written to static/data/forecast_sector_51_daily_aqi.csv
2024-06-07 04:10:29,815 - __main__ - INFO - station=> Sector-51, Gurugram, result => ['181', 'Sector-51, Gurugram, India', Timestamp('2024-06-07 08:00:00')]
2024-06-07 04:10:29,815 - __main__ - INFO - The hourly data has been written to data/cron_job_data/sector_51_cron_output.csv with Timestamp: 2024-06-07 08:00:00
2024-06-07 04:10:30,453 - __main__ - INFO - station=> Sector-51, Gurugram, result => ['181', 'Sector-51, Gurugram, India', Timestamp('2024-06-07 08:00:00')]
2024-06-07 04:10:30,453 - __main__ - INFO - The hourly data has been written to static/data/sector_51_cron_output.csv with Timestamp: 2024-06-07 08:00:00
