2024-05-07 01:45:40,974 - __main__ - INFO - Calling writeData & retrain_model functions.
2024-05-07 01:45:40,982 - __main__ - INFO - df_api columns Index(['AQI'], dtype='object')
2024-05-07 01:45:40,982 - __main__ - INFO - today=> 2024-05-07 & yesterday=> 2024-05-06
2024-05-07 01:45:40,984 - __main__ - INFO - temp_daily_aqi columns Index(['Unnamed: 0', 'Date', 'AQI'], dtype='object')
2024-05-07 01:45:40,986 - __main__ - INFO - temp_daily_aqi[2024-05-06]=> Empty DataFrame
Columns: [Unnamed: 0, AQI]
Index: []
2024-05-07 01:45:40,987 - __main__ - INFO - Index => 1523, yesterday => 2024-05-06 & AQI => 232.0
2024-05-07 01:45:40,987 - __main__ - INFO - Daily AQI data has been written to data/cleaned_data/Forecasting_time_series/sector_51_daily_aqi.csv
2024-05-07 01:45:40,988 - __main__ - INFO - Index => 1523, yesterday => 2024-05-06 & AQI => 232.0
2024-05-07 01:45:40,988 - __main__ - INFO - Daily AQI data has been written to static/data/sector_51_daily_aqi.csv
2024-05-07 01:45:40,992 - __main__ - INFO - Re-training the model & train_end is 2024-05-01 00:00:00
2024-05-07 01:45:42,169 - __main__ - INFO - Retrained the model & MAPE is 3.96%
2024-05-07 01:45:42,169 - __main__ - INFO - Retrained the model & MAE is 8.748570170955606
2024-05-07 01:45:43,795 - __main__ - INFO - Forecast=> 2024-05-07    224.253832
2024-05-08    222.746464
2024-05-09    223.509452
2024-05-10    228.323589
2024-05-11    245.832824
Freq: D, Name: predicted_mean, dtype: float64
2024-05-07 01:45:44,014 - __main__ - INFO - The forecast data has been written to data/cleaned_data/Forecasting_time_series/forecast_sector_51_daily_aqi.csv
2024-05-07 01:45:44,014 - __main__ - INFO - The forecast data has been written to static/data/forecast_sector_51_daily_aqi.csv
2024-05-07 06:10:24,618 - __main__ - INFO - station=> Sector-51, Gurugram, result => ['245', 'Sector-51, Gurugram, India', Timestamp('2024-05-07 11:00:00')]
2024-05-07 06:10:24,618 - __main__ - INFO - The hourly data has been written to data/cron_job_data/sector_51_cron_output.csv with Timestamp: 2024-05-07 11:00:00
2024-05-07 06:10:25,091 - __main__ - INFO - station=> Sector-51, Gurugram, result => ['245', 'Sector-51, Gurugram, India', Timestamp('2024-05-07 11:00:00')]
2024-05-07 06:10:25,091 - __main__ - INFO - The hourly data has been written to static/data/sector_51_cron_output.csv with Timestamp: 2024-05-07 11:00:00
2024-05-07 07:10:38,880 - __main__ - INFO - station=> Sector-51, Gurugram, result => ['188', 'Sector-51, Gurugram, India', Timestamp('2024-05-07 12:00:00')]
2024-05-07 07:10:38,880 - __main__ - INFO - The hourly data has been written to data/cron_job_data/sector_51_cron_output.csv with Timestamp: 2024-05-07 12:00:00
2024-05-07 07:10:39,546 - __main__ - INFO - station=> Sector-51, Gurugram, result => ['188', 'Sector-51, Gurugram, India', Timestamp('2024-05-07 12:00:00')]
2024-05-07 07:10:39,546 - __main__ - INFO - The hourly data has been written to static/data/sector_51_cron_output.csv with Timestamp: 2024-05-07 12:00:00
2024-05-07 08:09:42,873 - __main__ - INFO - station=> Sector-51, Gurugram, result => ['184', 'Sector-51, Gurugram, India', Timestamp('2024-05-07 13:00:00')]
2024-05-07 08:09:42,873 - __main__ - INFO - The hourly data has been written to data/cron_job_data/sector_51_cron_output.csv with Timestamp: 2024-05-07 13:00:00
2024-05-07 08:09:43,346 - __main__ - INFO - station=> Sector-51, Gurugram, result => ['184', 'Sector-51, Gurugram, India', Timestamp('2024-05-07 13:00:00')]
2024-05-07 08:09:43,346 - __main__ - INFO - The hourly data has been written to static/data/sector_51_cron_output.csv with Timestamp: 2024-05-07 13:00:00
