2024-02-07 00:26:40,838 - __main__ - INFO - station=> nise gwal, result => ['152', 'NISE Gwal Pahari, Gurugram, India', Timestamp('2024-02-07 05:00:00')]
2024-02-07 00:26:40,838 - __main__ - INFO - The hourly data has been written to data/cron_job_data/nise_cron_output.csv with Timestamp: 2024-02-07 05:00:00
2024-02-07 00:26:41,300 - __main__ - INFO - station=> Sector-51, Gurugram, result => ['167', 'Sector-51, Gurugram, India', Timestamp('2024-02-07 05:00:00')]
2024-02-07 00:26:41,300 - __main__ - INFO - The hourly data has been written to data/cron_job_data/sector_51_cron_output.csv with Timestamp: 2024-02-07 05:00:00
2024-02-07 00:26:41,762 - __main__ - INFO - station=> Sector-51, Gurugram, result => ['167', 'Sector-51, Gurugram, India', Timestamp('2024-02-07 05:00:00')]
2024-02-07 00:26:41,762 - __main__ - INFO - The hourly data has been written to static/data/sector_51_cron_output.csv with Timestamp: 2024-02-07 05:00:00
2024-02-07 00:26:42,226 - __main__ - INFO - station=> Teri Gram, result => ['152', 'Teri Gram, Gurugram, India', Timestamp('2024-02-07 05:00:00')]
2024-02-07 00:26:42,226 - __main__ - INFO - The hourly data has been written to data/cron_job_data/teri_gram_cron_output.csv with Timestamp: 2024-02-07 05:00:00
2024-02-07 00:26:42,685 - __main__ - INFO - station=> Vikas Sadan, result => ['157', 'Vikas Sadan Gurgaon, Gurgaon, India', Timestamp('2024-02-07 05:00:00')]
2024-02-07 00:26:42,685 - __main__ - INFO - The hourly data has been written to data/cron_job_data/vikas_sadan_cron_output.csv with Timestamp: 2024-02-07 05:00:00
2024-02-07 01:37:41,655 - __main__ - INFO - station=> nise gwal, result => ['151', 'NISE Gwal Pahari, Gurugram, India', Timestamp('2024-02-07 06:00:00')]
2024-02-07 01:37:41,655 - __main__ - INFO - The hourly data has been written to data/cron_job_data/nise_cron_output.csv with Timestamp: 2024-02-07 06:00:00
2024-02-07 01:37:42,352 - __main__ - INFO - station=> Sector-51, Gurugram, result => ['164', 'Sector-51, Gurugram, India', Timestamp('2024-02-07 06:00:00')]
2024-02-07 01:37:42,352 - __main__ - INFO - The hourly data has been written to data/cron_job_data/sector_51_cron_output.csv with Timestamp: 2024-02-07 06:00:00
2024-02-07 01:37:43,048 - __main__ - INFO - station=> Sector-51, Gurugram, result => ['164', 'Sector-51, Gurugram, India', Timestamp('2024-02-07 06:00:00')]
2024-02-07 01:37:43,048 - __main__ - INFO - The hourly data has been written to static/data/sector_51_cron_output.csv with Timestamp: 2024-02-07 06:00:00
2024-02-07 01:37:43,749 - __main__ - INFO - station=> Teri Gram, result => ['151', 'Teri Gram, Gurugram, India', Timestamp('2024-02-07 06:00:00')]
2024-02-07 01:37:43,749 - __main__ - INFO - The hourly data has been written to data/cron_job_data/teri_gram_cron_output.csv with Timestamp: 2024-02-07 06:00:00
2024-02-07 01:37:44,426 - __main__ - INFO - station=> Vikas Sadan, result => ['153', 'Vikas Sadan Gurgaon, Gurgaon, India', Timestamp('2024-02-07 06:00:00')]
2024-02-07 01:37:44,426 - __main__ - INFO - The hourly data has been written to data/cron_job_data/vikas_sadan_cron_output.csv with Timestamp: 2024-02-07 06:00:00
2024-02-07 01:37:44,427 - __main__ - INFO - Calling writeData & retrain_model functions.
2024-02-07 01:37:44,434 - __main__ - INFO - df_api columns Index(['AQI'], dtype='object')
2024-02-07 01:37:44,434 - __main__ - INFO - today=> 2024-02-07 & yesterday=> 2024-02-06
2024-02-07 01:37:44,436 - __main__ - INFO - temp_daily_aqi columns Index(['Unnamed: 0', 'Date', 'AQI'], dtype='object')
2024-02-07 01:37:44,438 - __main__ - INFO - temp_daily_aqi[2024-02-06]=> Empty DataFrame
Columns: [Unnamed: 0, AQI]
Index: []
2024-02-07 01:37:44,439 - __main__ - INFO - Index => 1433, yesterday => 2024-02-06 & AQI => 161.0
2024-02-07 01:37:44,439 - __main__ - INFO - Daily AQI data has been written to data/cleaned_data/Forecasting_time_series/sector_51_daily_aqi.csv
2024-02-07 01:37:44,440 - __main__ - INFO - Index => 1433, yesterday => 2024-02-06 & AQI => 161.0
2024-02-07 01:37:44,440 - __main__ - INFO - Daily AQI data has been written to static/data/sector_51_daily_aqi.csv
2024-02-07 01:37:44,444 - __main__ - INFO - Re-training the model & train_end is 2024-02-01 00:00:00
2024-02-07 01:37:45,748 - __main__ - INFO - Retrained the model & MAPE is 23.12%
2024-02-07 01:37:45,748 - __main__ - INFO - Retrained the model & MAE is 95.2386569342237%
2024-02-07 01:37:47,166 - __main__ - INFO - Forecast=> 2024-02-07    173.294563
2024-02-08    181.752100
2024-02-09    192.665227
2024-02-10    205.179091
2024-02-11    186.102128
Freq: D, Name: predicted_mean, dtype: float64
2024-02-07 01:37:47,166 - __main__ - INFO - The forecast data has been written to data/cleaned_data/Forecasting_time_series/forecast_sector_51_daily_aqi.csv
2024-02-07 01:37:47,167 - __main__ - INFO - The forecast data has been written to static/data/forecast_sector_51_daily_aqi.csv
2024-02-07 02:12:25,477 - __main__ - INFO - station=> nise gwal, result => ['154', 'NISE Gwal Pahari, Gurugram, India', Timestamp('2024-02-07 07:00:00')]
2024-02-07 02:12:25,477 - __main__ - INFO - The hourly data has been written to data/cron_job_data/nise_cron_output.csv with Timestamp: 2024-02-07 07:00:00
2024-02-07 03:07:46,056 - __main__ - INFO - station=> Sector-51, Gurugram, result => ['165', 'Sector-51, Gurugram, India', Timestamp('2024-02-07 08:00:00')]
2024-02-07 03:07:46,056 - __main__ - INFO - The hourly data has been written to data/cron_job_data/sector_51_cron_output.csv with Timestamp: 2024-02-07 08:00:00
2024-02-07 03:07:46,733 - __main__ - INFO - station=> Sector-51, Gurugram, result => ['165', 'Sector-51, Gurugram, India', Timestamp('2024-02-07 08:00:00')]
2024-02-07 03:07:46,733 - __main__ - INFO - The hourly data has been written to static/data/sector_51_cron_output.csv with Timestamp: 2024-02-07 08:00:00
2024-02-07 03:07:47,417 - __main__ - INFO - station=> Teri Gram, result => ['162', 'Teri Gram, Gurugram, India', Timestamp('2024-02-07 08:00:00')]
2024-02-07 03:07:47,417 - __main__ - INFO - The hourly data has been written to data/cron_job_data/teri_gram_cron_output.csv with Timestamp: 2024-02-07 08:00:00
2024-02-07 03:07:48,094 - __main__ - INFO - station=> Vikas Sadan, result => ['153', 'Vikas Sadan Gurgaon, Gurgaon, India', Timestamp('2024-02-07 08:00:00')]
2024-02-07 03:07:48,095 - __main__ - INFO - The hourly data has been written to data/cron_job_data/vikas_sadan_cron_output.csv with Timestamp: 2024-02-07 08:00:00
2024-02-07 06:08:26,150 - __main__ - INFO - station=> Vikas Sadan, result => ['20', 'Vikas Sadan Gurgaon, Gurgaon, India', Timestamp('2024-02-07 11:00:00')]
2024-02-07 06:08:26,150 - __main__ - INFO - The hourly data has been written to data/cron_job_data/vikas_sadan_cron_output.csv with Timestamp: 2024-02-07 11:00:00
2024-02-07 07:03:30,135 - __main__ - INFO - station=> Sector-51, Gurugram, result => ['169', 'Sector-51, Gurugram, India', Timestamp('2024-02-07 12:00:00')]
2024-02-07 07:03:30,135 - __main__ - INFO - The hourly data has been written to data/cron_job_data/sector_51_cron_output.csv with Timestamp: 2024-02-07 12:00:00
2024-02-07 07:03:30,812 - __main__ - INFO - station=> Sector-51, Gurugram, result => ['169', 'Sector-51, Gurugram, India', Timestamp('2024-02-07 12:00:00')]
2024-02-07 07:03:30,812 - __main__ - INFO - The hourly data has been written to static/data/sector_51_cron_output.csv with Timestamp: 2024-02-07 12:00:00
2024-02-07 07:03:31,493 - __main__ - INFO - station=> Teri Gram, result => ['165', 'Teri Gram, Gurugram, India', Timestamp('2024-02-07 12:00:00')]
2024-02-07 07:03:31,493 - __main__ - INFO - The hourly data has been written to data/cron_job_data/teri_gram_cron_output.csv with Timestamp: 2024-02-07 12:00:00
2024-02-07 10:07:25,375 - __main__ - INFO - station=> nise gwal, result => ['102', 'NISE Gwal Pahari, Gurugram, India', Timestamp('2024-02-07 13:00:00')]
2024-02-07 10:07:25,375 - __main__ - INFO - The hourly data has been written to data/cron_job_data/nise_cron_output.csv with Timestamp: 2024-02-07 13:00:00
2024-02-07 10:07:26,056 - __main__ - INFO - station=> Sector-51, Gurugram, result => ['160', 'Sector-51, Gurugram, India', Timestamp('2024-02-07 13:00:00')]
2024-02-07 10:07:26,056 - __main__ - INFO - The hourly data has been written to data/cron_job_data/sector_51_cron_output.csv with Timestamp: 2024-02-07 13:00:00
2024-02-07 10:07:26,724 - __main__ - INFO - station=> Sector-51, Gurugram, result => ['160', 'Sector-51, Gurugram, India', Timestamp('2024-02-07 13:00:00')]
2024-02-07 10:07:26,724 - __main__ - INFO - The hourly data has been written to static/data/sector_51_cron_output.csv with Timestamp: 2024-02-07 13:00:00
2024-02-07 10:07:28,172 - __main__ - INFO - station=> Vikas Sadan, result => ['165', 'Vikas Sadan Gurgaon, Gurgaon, India', Timestamp('2024-02-07 13:00:00')]
2024-02-07 10:07:28,172 - __main__ - INFO - The hourly data has been written to data/cron_job_data/vikas_sadan_cron_output.csv with Timestamp: 2024-02-07 13:00:00
2024-02-07 11:02:58,253 - __main__ - INFO - station=> Sector-51, Gurugram, result => ['139', 'Sector-51, Gurugram, India', Timestamp('2024-02-07 16:00:00')]
2024-02-07 11:02:58,253 - __main__ - INFO - The hourly data has been written to data/cron_job_data/sector_51_cron_output.csv with Timestamp: 2024-02-07 16:00:00
2024-02-07 11:02:58,889 - __main__ - INFO - station=> Sector-51, Gurugram, result => ['139', 'Sector-51, Gurugram, India', Timestamp('2024-02-07 16:00:00')]
2024-02-07 11:02:58,889 - __main__ - INFO - The hourly data has been written to static/data/sector_51_cron_output.csv with Timestamp: 2024-02-07 16:00:00
2024-02-07 11:03:00,187 - __main__ - INFO - station=> Vikas Sadan, result => ['69', 'Vikas Sadan Gurgaon, Gurgaon, India', Timestamp('2024-02-07 16:00:00')]
2024-02-07 11:03:00,187 - __main__ - INFO - The hourly data has been written to data/cron_job_data/vikas_sadan_cron_output.csv with Timestamp: 2024-02-07 16:00:00
2024-02-07 12:10:04,877 - __main__ - INFO - station=> nise gwal, result => ['97', 'NISE Gwal Pahari, Gurugram, India', Timestamp('2024-02-07 14:00:00')]
2024-02-07 12:10:04,877 - __main__ - INFO - The hourly data has been written to data/cron_job_data/nise_cron_output.csv with Timestamp: 2024-02-07 14:00:00
2024-02-07 12:10:05,558 - __main__ - INFO - station=> Sector-51, Gurugram, result => ['152', 'Sector-51, Gurugram, India', Timestamp('2024-02-07 17:00:00')]
2024-02-07 12:10:05,558 - __main__ - INFO - The hourly data has been written to data/cron_job_data/sector_51_cron_output.csv with Timestamp: 2024-02-07 17:00:00
2024-02-07 12:10:06,238 - __main__ - INFO - station=> Sector-51, Gurugram, result => ['152', 'Sector-51, Gurugram, India', Timestamp('2024-02-07 17:00:00')]
2024-02-07 12:10:06,238 - __main__ - INFO - The hourly data has been written to static/data/sector_51_cron_output.csv with Timestamp: 2024-02-07 17:00:00
2024-02-07 12:10:07,585 - __main__ - INFO - station=> Vikas Sadan, result => ['45', 'Vikas Sadan Gurgaon, Gurgaon, India', Timestamp('2024-02-07 17:00:00')]
2024-02-07 12:10:07,585 - __main__ - INFO - The hourly data has been written to data/cron_job_data/vikas_sadan_cron_output.csv with Timestamp: 2024-02-07 17:00:00
