2024-08-07 00:36:03,149 - __main__ - INFO - station=> Sector-51, Gurugram, result => ['54', 'Sector-51, Gurugram, India', Timestamp('2024-08-07 05:00:00')]
2024-08-07 00:36:03,149 - __main__ - INFO - The hourly data has been written to data/cron_job_data/sector_51_cron_output.csv with Timestamp: 2024-08-07 05:00:00
2024-08-07 00:36:03,769 - __main__ - INFO - station=> Sector-51, Gurugram, result => ['54', 'Sector-51, Gurugram, India', Timestamp('2024-08-07 05:00:00')]
2024-08-07 00:36:03,769 - __main__ - INFO - The hourly data has been written to static/data/sector_51_cron_output.csv with Timestamp: 2024-08-07 05:00:00
2024-08-07 02:00:40,126 - __main__ - INFO - station=> Sector-51, Gurugram, result => ['84', 'Sector-51, Gurugram, India', Timestamp('2024-08-07 07:00:00')]
2024-08-07 02:00:40,127 - __main__ - INFO - The hourly data has been written to data/cron_job_data/sector_51_cron_output.csv with Timestamp: 2024-08-07 07:00:00
2024-08-07 02:00:40,599 - __main__ - INFO - station=> Sector-51, Gurugram, result => ['84', 'Sector-51, Gurugram, India', Timestamp('2024-08-07 07:00:00')]
2024-08-07 02:00:40,599 - __main__ - INFO - The hourly data has been written to static/data/sector_51_cron_output.csv with Timestamp: 2024-08-07 07:00:00
2024-08-07 03:09:05,581 - __main__ - INFO - station=> Sector-51, Gurugram, result => ['86', 'Sector-51, Gurugram, India', Timestamp('2024-08-07 08:00:00')]
2024-08-07 03:09:05,581 - __main__ - INFO - The hourly data has been written to data/cron_job_data/sector_51_cron_output.csv with Timestamp: 2024-08-07 08:00:00
2024-08-07 03:09:06,047 - __main__ - INFO - station=> Sector-51, Gurugram, result => ['86', 'Sector-51, Gurugram, India', Timestamp('2024-08-07 08:00:00')]
2024-08-07 03:09:06,047 - __main__ - INFO - The hourly data has been written to static/data/sector_51_cron_output.csv with Timestamp: 2024-08-07 08:00:00
2024-08-07 04:11:08,360 - __main__ - INFO - station=> Sector-51, Gurugram, result => ['71', 'Sector-51, Gurugram, India', Timestamp('2024-08-07 09:00:00')]
2024-08-07 04:11:08,360 - __main__ - INFO - The hourly data has been written to data/cron_job_data/sector_51_cron_output.csv with Timestamp: 2024-08-07 09:00:00
2024-08-07 04:11:09,026 - __main__ - INFO - station=> Sector-51, Gurugram, result => ['71', 'Sector-51, Gurugram, India', Timestamp('2024-08-07 09:00:00')]
2024-08-07 04:11:09,026 - __main__ - INFO - The hourly data has been written to static/data/sector_51_cron_output.csv with Timestamp: 2024-08-07 09:00:00
2024-08-07 05:08:10,740 - __main__ - INFO - station=> Sector-51, Gurugram, result => ['58', 'Sector-51, Gurugram, India', Timestamp('2024-08-07 10:00:00')]
2024-08-07 05:08:10,740 - __main__ - INFO - The hourly data has been written to data/cron_job_data/sector_51_cron_output.csv with Timestamp: 2024-08-07 10:00:00
2024-08-07 05:08:11,225 - __main__ - INFO - station=> Sector-51, Gurugram, result => ['58', 'Sector-51, Gurugram, India', Timestamp('2024-08-07 10:00:00')]
2024-08-07 05:08:11,225 - __main__ - INFO - The hourly data has been written to static/data/sector_51_cron_output.csv with Timestamp: 2024-08-07 10:00:00
2024-08-07 06:11:25,988 - __main__ - INFO - station=> Sector-51, Gurugram, result => ['56', 'Sector-51, Gurugram, India', Timestamp('2024-08-07 11:00:00')]
2024-08-07 06:11:25,988 - __main__ - INFO - The hourly data has been written to data/cron_job_data/sector_51_cron_output.csv with Timestamp: 2024-08-07 11:00:00
2024-08-07 06:11:26,454 - __main__ - INFO - station=> Sector-51, Gurugram, result => ['56', 'Sector-51, Gurugram, India', Timestamp('2024-08-07 11:00:00')]
2024-08-07 06:11:26,454 - __main__ - INFO - The hourly data has been written to static/data/sector_51_cron_output.csv with Timestamp: 2024-08-07 11:00:00
2024-08-07 07:08:11,003 - __main__ - INFO - station=> Sector-51, Gurugram, result => ['45', 'Sector-51, Gurugram, India', Timestamp('2024-08-07 12:00:00')]
2024-08-07 07:08:11,003 - __main__ - INFO - The hourly data has been written to data/cron_job_data/sector_51_cron_output.csv with Timestamp: 2024-08-07 12:00:00
2024-08-07 07:08:11,467 - __main__ - INFO - station=> Sector-51, Gurugram, result => ['45', 'Sector-51, Gurugram, India', Timestamp('2024-08-07 12:00:00')]
2024-08-07 07:08:11,467 - __main__ - INFO - The hourly data has been written to static/data/sector_51_cron_output.csv with Timestamp: 2024-08-07 12:00:00
2024-08-07 08:10:45,685 - __main__ - INFO - station=> Sector-51, Gurugram, result => ['34', 'Sector-51, Gurugram, India', Timestamp('2024-08-07 13:00:00')]
2024-08-07 08:10:45,685 - __main__ - INFO - The hourly data has been written to data/cron_job_data/sector_51_cron_output.csv with Timestamp: 2024-08-07 13:00:00
2024-08-07 08:10:46,341 - __main__ - INFO - station=> Sector-51, Gurugram, result => ['34', 'Sector-51, Gurugram, India', Timestamp('2024-08-07 13:00:00')]
2024-08-07 08:10:46,341 - __main__ - INFO - The hourly data has been written to static/data/sector_51_cron_output.csv with Timestamp: 2024-08-07 13:00:00
2024-08-07 09:09:21,648 - __main__ - INFO - station=> Sector-51, Gurugram, result => ['34', 'Sector-51, Gurugram, India', Timestamp('2024-08-07 14:00:00')]
2024-08-07 09:09:21,649 - __main__ - INFO - The hourly data has been written to data/cron_job_data/sector_51_cron_output.csv with Timestamp: 2024-08-07 14:00:00
2024-08-07 09:09:22,313 - __main__ - INFO - station=> Sector-51, Gurugram, result => ['34', 'Sector-51, Gurugram, India', Timestamp('2024-08-07 14:00:00')]
2024-08-07 09:09:22,314 - __main__ - INFO - The hourly data has been written to static/data/sector_51_cron_output.csv with Timestamp: 2024-08-07 14:00:00
2024-08-07 10:08:36,487 - __main__ - INFO - station=> Sector-51, Gurugram, result => ['47', 'Sector-51, Gurugram, India', Timestamp('2024-08-07 15:00:00')]
2024-08-07 10:08:36,487 - __main__ - INFO - The hourly data has been written to data/cron_job_data/sector_51_cron_output.csv with Timestamp: 2024-08-07 15:00:00
2024-08-07 10:08:37,172 - __main__ - INFO - station=> Sector-51, Gurugram, result => ['47', 'Sector-51, Gurugram, India', Timestamp('2024-08-07 15:00:00')]
2024-08-07 10:08:37,172 - __main__ - INFO - The hourly data has been written to static/data/sector_51_cron_output.csv with Timestamp: 2024-08-07 15:00:00
2024-08-07 11:06:55,597 - __main__ - INFO - station=> Sector-51, Gurugram, result => ['69', 'Sector-51, Gurugram, India', Timestamp('2024-08-07 16:00:00')]
2024-08-07 11:06:55,597 - __main__ - INFO - The hourly data has been written to data/cron_job_data/sector_51_cron_output.csv with Timestamp: 2024-08-07 16:00:00
2024-08-07 11:06:56,063 - __main__ - INFO - station=> Sector-51, Gurugram, result => ['69', 'Sector-51, Gurugram, India', Timestamp('2024-08-07 16:00:00')]
2024-08-07 11:06:56,063 - __main__ - INFO - The hourly data has been written to static/data/sector_51_cron_output.csv with Timestamp: 2024-08-07 16:00:00
2024-08-07 12:14:41,337 - __main__ - INFO - station=> Sector-51, Gurugram, result => ['116', 'Sector-51, Gurugram, India', Timestamp('2024-08-07 17:00:00')]
2024-08-07 12:14:41,337 - __main__ - INFO - The hourly data has been written to data/cron_job_data/sector_51_cron_output.csv with Timestamp: 2024-08-07 17:00:00
2024-08-07 12:14:41,992 - __main__ - INFO - station=> Sector-51, Gurugram, result => ['116', 'Sector-51, Gurugram, India', Timestamp('2024-08-07 17:00:00')]
2024-08-07 12:14:41,992 - __main__ - INFO - The hourly data has been written to static/data/sector_51_cron_output.csv with Timestamp: 2024-08-07 17:00:00
2024-08-07 13:13:39,749 - __main__ - INFO - station=> Sector-51, Gurugram, result => ['87', 'Sector-51, Gurugram, India', Timestamp('2024-08-07 18:00:00')]
2024-08-07 13:13:39,749 - __main__ - INFO - The hourly data has been written to data/cron_job_data/sector_51_cron_output.csv with Timestamp: 2024-08-07 18:00:00
2024-08-07 13:13:40,417 - __main__ - INFO - station=> Sector-51, Gurugram, result => ['87', 'Sector-51, Gurugram, India', Timestamp('2024-08-07 18:00:00')]
2024-08-07 13:13:40,417 - __main__ - INFO - The hourly data has been written to static/data/sector_51_cron_output.csv with Timestamp: 2024-08-07 18:00:00
2024-08-07 14:08:34,750 - __main__ - INFO - station=> Sector-51, Gurugram, result => ['69', 'Sector-51, Gurugram, India', Timestamp('2024-08-07 19:00:00')]
2024-08-07 14:08:34,750 - __main__ - INFO - The hourly data has been written to data/cron_job_data/sector_51_cron_output.csv with Timestamp: 2024-08-07 19:00:00
2024-08-07 14:08:35,420 - __main__ - INFO - station=> Sector-51, Gurugram, result => ['69', 'Sector-51, Gurugram, India', Timestamp('2024-08-07 19:00:00')]
2024-08-07 14:08:35,420 - __main__ - INFO - The hourly data has been written to static/data/sector_51_cron_output.csv with Timestamp: 2024-08-07 19:00:00
2024-08-07 19:51:20,048 - __main__ - INFO - df_api columns Index(['AQI'], dtype='object')
2024-08-07 19:51:20,049 - __main__ - INFO - today=> 2024-08-07 & yesterday=> 2024-08-06
2024-08-07 19:51:20,051 - __main__ - INFO - temp_daily_aqi columns Index(['Unnamed: 0', 'Date', 'AQI'], dtype='object')
2024-08-07 19:51:20,054 - __main__ - INFO - temp_daily_aqi[2024-08-06]=> Empty DataFrame
Columns: [Unnamed: 0, AQI]
Index: []
2024-08-07 19:51:20,055 - __main__ - INFO - Index => 1615, yesterday => 2024-08-06 & AQI => 77.0
2024-08-07 19:51:20,055 - __main__ - INFO - Daily AQI data has been written to data/cleaned_data/Forecasting_time_series/sector_51_daily_aqi.csv
2024-08-07 19:51:20,056 - __main__ - INFO - Index => 1615, yesterday => 2024-08-06 & AQI => 77.0
2024-08-07 19:51:20,056 - __main__ - INFO - Daily AQI data has been written to static/data/sector_51_daily_aqi.csv
2024-08-07 19:51:20,060 - __main__ - INFO - Re-training the model & train_end is 2024-08-01 00:00:00
2024-08-07 19:51:21,933 - __main__ - INFO - Retrained the model & MAPE is 37.03%
2024-08-07 19:51:21,933 - __main__ - INFO - Retrained the model & MAE is 32.0895685277909
2024-08-07 19:51:23,455 - __main__ - INFO - Forecast=> 2024-08-07    100.902806
2024-08-08    112.044824
2024-08-09    121.404530
2024-08-10    140.556341
2024-08-11    128.758414
Freq: D, Name: predicted_mean, dtype: float64
2024-08-07 19:51:23,456 - __main__ - INFO - The forecast data has been written to data/cleaned_data/Forecasting_time_series/forecast_sector_51_daily_aqi.csv
2024-08-07 19:51:23,457 - __main__ - INFO - The forecast data has been written to static/data/forecast_sector_51_daily_aqi.csv
2024-08-07 15:07:56,413 - __main__ - INFO - station=> Sector-51, Gurugram, result => ['74', 'Sector-51, Gurugram, India', Timestamp('2024-08-07 20:00:00')]
2024-08-07 15:07:56,413 - __main__ - INFO - The hourly data has been written to data/cron_job_data/sector_51_cron_output.csv with Timestamp: 2024-08-07 20:00:00
2024-08-07 15:07:57,037 - __main__ - INFO - station=> Sector-51, Gurugram, result => ['74', 'Sector-51, Gurugram, India', Timestamp('2024-08-07 20:00:00')]
2024-08-07 15:07:57,037 - __main__ - INFO - The hourly data has been written to static/data/sector_51_cron_output.csv with Timestamp: 2024-08-07 20:00:00
