2024-01-07 00:32:30,808 - __main__ - INFO - station=> nise gwal, result => ['184', 'NISE Gwal Pahari, Gurugram, India', Timestamp('2024-01-06 11:00:00')]
2024-01-07 00:32:30,809 - __main__ - INFO - Timestamp 2024-01-06 11:00:00 already present in data/cron_job_data/nise_cron_output.csv, not appending.
2024-01-07 00:32:31,284 - __main__ - INFO - station=> Sector-51, Gurugram, result => ['161', 'Sector-51, Gurugram, India', Timestamp('2024-01-07 05:00:00')]
2024-01-07 00:32:31,285 - __main__ - INFO - The hourly data has been written to data/cron_job_data/sector_51_cron_output.csv with Timestamp: 2024-01-07 05:00:00
2024-01-07 00:32:31,762 - __main__ - INFO - station=> Teri Gram, result => ['156', 'Teri Gram, Gurugram, India', Timestamp('2024-01-07 06:00:00')]
2024-01-07 00:32:31,763 - __main__ - INFO - The hourly data has been written to data/cron_job_data/teri_gram_cron_output.csv with Timestamp: 2024-01-07 06:00:00
2024-01-07 00:32:32,237 - __main__ - INFO - station=> Vikas Sadan, result => ['108', 'Vikas Sadan Gurgaon, Gurgaon, India', Timestamp('2024-01-07 05:00:00')]
2024-01-07 00:32:32,237 - __main__ - INFO - The hourly data has been written to data/cron_job_data/vikas_sadan_cron_output.csv with Timestamp: 2024-01-07 05:00:00
2024-01-07 00:32:32,238 - __main__ - INFO - datetime.now()=> 2024-01-07 00:32:32.238818
2024-01-07 01:54:24,321 - __main__ - INFO - station=> nise gwal, result => ['184', 'NISE Gwal Pahari, Gurugram, India', Timestamp('2024-01-06 11:00:00')]
2024-01-07 01:54:24,321 - __main__ - INFO - Timestamp 2024-01-06 11:00:00 already present in data/cron_job_data/nise_cron_output.csv, not appending.
2024-01-07 01:54:24,793 - __main__ - INFO - station=> Sector-51, Gurugram, result => ['157', 'Sector-51, Gurugram, India', Timestamp('2024-01-07 07:00:00')]
2024-01-07 01:54:24,794 - __main__ - INFO - The hourly data has been written to data/cron_job_data/sector_51_cron_output.csv with Timestamp: 2024-01-07 07:00:00
2024-01-07 01:54:25,273 - __main__ - INFO - station=> Teri Gram, result => ['154', 'Teri Gram, Gurugram, India', Timestamp('2024-01-07 07:00:00')]
2024-01-07 01:54:25,274 - __main__ - INFO - The hourly data has been written to data/cron_job_data/teri_gram_cron_output.csv with Timestamp: 2024-01-07 07:00:00
2024-01-07 01:54:25,745 - __main__ - INFO - station=> Vikas Sadan, result => ['105', 'Vikas Sadan Gurgaon, Gurgaon, India', Timestamp('2024-01-07 07:00:00')]
2024-01-07 01:54:25,746 - __main__ - INFO - The hourly data has been written to data/cron_job_data/vikas_sadan_cron_output.csv with Timestamp: 2024-01-07 07:00:00
2024-01-07 01:54:25,746 - __main__ - INFO - datetime.now()=> 2024-01-07 01:54:25.746917
2024-01-07 01:54:25,747 - __main__ - INFO - Calling writeData & retrain_model functions.
2024-01-07 01:54:25,752 - __main__ - INFO - df_api columns Index(['AQI'], dtype='object')
2024-01-07 01:54:25,753 - __main__ - INFO - today=> 2024-01-07 & yesterday=> 2024-01-06
2024-01-07 01:54:25,754 - __main__ - INFO - temp_daily_aqi columns Index(['Unnamed: 0', 'Date', 'AQI'], dtype='object')
2024-01-07 01:54:25,757 - __main__ - INFO - temp_daily_aqi[2024-01-06]=> Empty DataFrame
Columns: [Unnamed: 0, AQI]
Index: []
2024-01-07 01:54:25,757 - __main__ - INFO - Index => 1402, yesterday => 2024-01-06 & AQI => 158.0
2024-01-07 01:54:25,758 - __main__ - INFO - Daily AQI data has been written to data/cleaned_data/Forecasting_time_series/sector_51_daily_aqi.csv
2024-01-07 01:54:25,762 - __main__ - INFO - Re-training the model & train_end is 2024-01-01 00:00:00
2024-01-07 01:54:27,087 - __main__ - INFO - Retrained the model & MAPE is 9.84%
2024-01-07 01:54:28,463 - __main__ - INFO - Forecast=> 2024-01-07    162.290479
2024-01-08    169.821144
2024-01-09    178.741132
2024-01-10    180.482300
2024-01-11    189.738237
Freq: D, Name: predicted_mean, dtype: float64
2024-01-07 01:54:28,464 - __main__ - INFO - The forecast data has been written to data/cleaned_data/Forecasting_time_series/forecast_sector_51_daily_aqi.csv
2024-01-07 02:24:42,298 - __main__ - INFO - station=> nise gwal, result => ['184', 'NISE Gwal Pahari, Gurugram, India', Timestamp('2024-01-06 11:00:00')]
2024-01-07 02:24:42,299 - __main__ - INFO - Timestamp 2024-01-06 11:00:00 already present in data/cron_job_data/nise_cron_output.csv, not appending.
2024-01-07 02:24:42,928 - __main__ - INFO - station=> Sector-51, Gurugram, result => ['157', 'Sector-51, Gurugram, India', Timestamp('2024-01-07 07:00:00')]
2024-01-07 02:24:42,928 - __main__ - INFO - Timestamp 2024-01-07 07:00:00 already present in data/cron_job_data/sector_51_cron_output.csv, not appending.
2024-01-07 02:24:43,568 - __main__ - INFO - station=> Teri Gram, result => ['154', 'Teri Gram, Gurugram, India', Timestamp('2024-01-07 07:00:00')]
2024-01-07 02:24:43,569 - __main__ - INFO - Timestamp 2024-01-07 07:00:00 already present in data/cron_job_data/teri_gram_cron_output.csv, not appending.
2024-01-07 02:24:44,209 - __main__ - INFO - station=> Vikas Sadan, result => ['110', 'Vikas Sadan Gurgaon, Gurgaon, India', Timestamp('2024-01-07 07:00:00')]
2024-01-07 02:24:44,209 - __main__ - INFO - Timestamp 2024-01-07 07:00:00 already present in data/cron_job_data/vikas_sadan_cron_output.csv, not appending.
2024-01-07 02:24:44,210 - __main__ - INFO - datetime.now()=> 2024-01-07 02:24:44.210792
2024-01-07 03:06:48,973 - __main__ - INFO - station=> nise gwal, result => ['184', 'NISE Gwal Pahari, Gurugram, India', Timestamp('2024-01-06 11:00:00')]
2024-01-07 03:06:48,973 - __main__ - INFO - Timestamp 2024-01-06 11:00:00 already present in data/cron_job_data/nise_cron_output.csv, not appending.
2024-01-07 03:06:49,448 - __main__ - INFO - station=> Sector-51, Gurugram, result => ['155', 'Sector-51, Gurugram, India', Timestamp('2024-01-07 08:00:00')]
2024-01-07 03:06:49,448 - __main__ - INFO - The hourly data has been written to data/cron_job_data/sector_51_cron_output.csv with Timestamp: 2024-01-07 08:00:00
2024-01-07 03:06:49,927 - __main__ - INFO - station=> Teri Gram, result => ['151', 'Teri Gram, Gurugram, India', Timestamp('2024-01-07 08:00:00')]
2024-01-07 03:06:49,928 - __main__ - INFO - The hourly data has been written to data/cron_job_data/teri_gram_cron_output.csv with Timestamp: 2024-01-07 08:00:00
2024-01-07 03:06:50,401 - __main__ - INFO - station=> Vikas Sadan, result => ['113', 'Vikas Sadan Gurgaon, Gurgaon, India', Timestamp('2024-01-07 08:00:00')]
2024-01-07 03:06:50,402 - __main__ - INFO - The hourly data has been written to data/cron_job_data/vikas_sadan_cron_output.csv with Timestamp: 2024-01-07 08:00:00
2024-01-07 03:06:50,403 - __main__ - INFO - datetime.now()=> 2024-01-07 03:06:50.403538
