2024-10-07 01:16:13,432 - __main__ - INFO - station=> Sector-51, Gurugram, result => ['161', 'Sector-51, Gurugram, India', Timestamp('2024-10-07 06:00:00')]
2024-10-07 01:16:13,432 - __main__ - INFO - The hourly data has been written to data/cron_job_data/sector_51_cron_output.csv with Timestamp: 2024-10-07 06:00:00
2024-10-07 01:16:14,075 - __main__ - INFO - station=> Sector-51, Gurugram, result => ['161', 'Sector-51, Gurugram, India', Timestamp('2024-10-07 06:00:00')]
2024-10-07 01:16:14,075 - __main__ - INFO - The hourly data has been written to static/data/sector_51_cron_output.csv with Timestamp: 2024-10-07 06:00:00
2024-10-07 01:16:14,204 - __main__ - INFO - df_api columns Index(['AQI'], dtype='object')
2024-10-07 01:16:14,204 - __main__ - INFO - today=> 2024-10-07 & yesterday=> 2024-10-06
2024-10-07 01:16:14,206 - __main__ - INFO - temp_daily_aqi columns Index(['Unnamed: 0', 'Date', 'AQI'], dtype='object')
2024-10-07 01:16:14,208 - __main__ - INFO - temp_daily_aqi[2024-10-06]=> Empty DataFrame
Columns: [Unnamed: 0, AQI]
Index: []
2024-10-07 01:16:14,209 - __main__ - INFO - Index => 1676, yesterday => 2024-10-06 & AQI => 144.0
2024-10-07 01:16:14,209 - __main__ - INFO - Daily AQI data has been written to data/cleaned_data/Forecasting_time_series/sector_51_daily_aqi.csv
2024-10-07 01:16:14,209 - __main__ - INFO - Index => 1676, yesterday => 2024-10-06 & AQI => 144.0
2024-10-07 01:16:14,210 - __main__ - INFO - Daily AQI data has been written to static/data/sector_51_daily_aqi.csv
2024-10-07 01:16:14,215 - __main__ - INFO - Re-training the model & train_end is 2024-10-01 00:00:00
2024-10-07 01:16:15,593 - __main__ - INFO - Retrained the model & MAPE is 20.21%
2024-10-07 01:16:15,593 - __main__ - INFO - Retrained the model & MAE is 45.117727455532105
2024-10-07 01:16:16,980 - __main__ - INFO - Forecast=> 2024-10-07    154.957573
2024-10-08    155.911705
2024-10-09    159.829449
2024-10-10    164.727233
2024-10-11    166.320150
Freq: D, Name: predicted_mean, dtype: float64
2024-10-07 01:16:16,981 - __main__ - INFO - The forecast data has been written to data/cleaned_data/Forecasting_time_series/forecast_sector_51_daily_aqi.csv
2024-10-07 01:16:16,981 - __main__ - INFO - The forecast data has been written to static/data/forecast_sector_51_daily_aqi.csv
2024-10-07 04:20:13,897 - __main__ - INFO - station=> Sector-51, Gurugram, result => ['87', 'Sector-51, Gurugram, India', Timestamp('2024-10-07 09:00:00')]
2024-10-07 04:20:13,897 - __main__ - INFO - The hourly data has been written to data/cron_job_data/sector_51_cron_output.csv with Timestamp: 2024-10-07 09:00:00
2024-10-07 04:20:14,524 - __main__ - INFO - station=> Sector-51, Gurugram, result => ['87', 'Sector-51, Gurugram, India', Timestamp('2024-10-07 09:00:00')]
2024-10-07 04:20:14,525 - __main__ - INFO - The hourly data has been written to static/data/sector_51_cron_output.csv with Timestamp: 2024-10-07 09:00:00
2024-10-07 08:20:44,587 - __main__ - INFO - station=> Sector-51, Gurugram, result => ['58', 'Sector-51, Gurugram, India', Timestamp('2024-10-07 13:00:00')]
2024-10-07 08:20:44,587 - __main__ - INFO - The hourly data has been written to data/cron_job_data/sector_51_cron_output.csv with Timestamp: 2024-10-07 13:00:00
2024-10-07 08:20:45,267 - __main__ - INFO - station=> Sector-51, Gurugram, result => ['58', 'Sector-51, Gurugram, India', Timestamp('2024-10-07 13:00:00')]
2024-10-07 08:20:45,267 - __main__ - INFO - The hourly data has been written to static/data/sector_51_cron_output.csv with Timestamp: 2024-10-07 13:00:00
