2024-02-08 00:27:55,529 - __main__ - INFO - station=> Sector-51, Gurugram, result => ['170', 'Sector-51, Gurugram, India', Timestamp('2024-02-08 05:00:00')]
2024-02-08 00:27:55,530 - __main__ - INFO - The hourly data has been written to data/cron_job_data/sector_51_cron_output.csv with Timestamp: 2024-02-08 05:00:00
2024-02-08 00:27:56,224 - __main__ - INFO - station=> Sector-51, Gurugram, result => ['170', 'Sector-51, Gurugram, India', Timestamp('2024-02-08 05:00:00')]
2024-02-08 00:27:56,224 - __main__ - INFO - The hourly data has been written to static/data/sector_51_cron_output.csv with Timestamp: 2024-02-08 05:00:00
2024-02-08 00:27:56,904 - __main__ - INFO - setData function - AQI is not an integer. Exception ValueError has occured for station=> Teri Gram
2024-02-08 00:27:57,583 - __main__ - INFO - station=> Vikas Sadan, result => ['147', 'Vikas Sadan Gurgaon, Gurgaon, India', Timestamp('2024-02-08 05:00:00')]
2024-02-08 00:27:57,583 - __main__ - INFO - The hourly data has been written to data/cron_job_data/vikas_sadan_cron_output.csv with Timestamp: 2024-02-08 05:00:00
2024-02-08 01:38:03,012 - __main__ - INFO - station=> Sector-51, Gurugram, result => ['159', 'Sector-51, Gurugram, India', Timestamp('2024-02-08 07:00:00')]
2024-02-08 01:38:03,013 - __main__ - INFO - The hourly data has been written to data/cron_job_data/sector_51_cron_output.csv with Timestamp: 2024-02-08 07:00:00
2024-02-08 01:38:03,675 - __main__ - INFO - station=> Sector-51, Gurugram, result => ['159', 'Sector-51, Gurugram, India', Timestamp('2024-02-08 07:00:00')]
2024-02-08 01:38:03,675 - __main__ - INFO - The hourly data has been written to static/data/sector_51_cron_output.csv with Timestamp: 2024-02-08 07:00:00
2024-02-08 01:38:04,311 - __main__ - INFO - setData function - AQI is not an integer. Exception ValueError has occured for station=> Teri Gram
2024-02-08 01:38:04,917 - __main__ - INFO - station=> Vikas Sadan, result => ['151', 'Vikas Sadan Gurgaon, Gurgaon, India', Timestamp('2024-02-08 06:00:00')]
2024-02-08 01:38:04,917 - __main__ - INFO - The hourly data has been written to data/cron_job_data/vikas_sadan_cron_output.csv with Timestamp: 2024-02-08 06:00:00
2024-02-08 01:38:04,918 - __main__ - INFO - Calling writeData & retrain_model functions.
2024-02-08 01:38:04,924 - __main__ - INFO - df_api columns Index(['AQI'], dtype='object')
2024-02-08 01:38:04,925 - __main__ - INFO - today=> 2024-02-08 & yesterday=> 2024-02-07
2024-02-08 01:38:04,926 - __main__ - INFO - temp_daily_aqi columns Index(['Unnamed: 0', 'Date', 'AQI'], dtype='object')
2024-02-08 01:38:04,929 - __main__ - INFO - temp_daily_aqi[2024-02-07]=> Empty DataFrame
Columns: [Unnamed: 0, AQI]
Index: []
2024-02-08 01:38:04,929 - __main__ - INFO - Index => 1434, yesterday => 2024-02-07 & AQI => 159.0
2024-02-08 01:38:04,930 - __main__ - INFO - Daily AQI data has been written to data/cleaned_data/Forecasting_time_series/sector_51_daily_aqi.csv
2024-02-08 01:38:04,930 - __main__ - INFO - Index => 1434, yesterday => 2024-02-07 & AQI => 159.0
2024-02-08 01:38:04,930 - __main__ - INFO - Daily AQI data has been written to static/data/sector_51_daily_aqi.csv
2024-02-08 01:38:04,935 - __main__ - INFO - Re-training the model & train_end is 2024-02-02 00:00:00
2024-02-08 01:38:06,675 - __main__ - INFO - Retrained the model & MAPE is 22.79%
2024-02-08 01:38:06,676 - __main__ - INFO - Retrained the model & MAE is 91.69397248500208%
2024-02-08 01:38:08,088 - __main__ - INFO - Forecast=> 2024-02-08    171.978707
2024-02-09    183.920196
2024-02-10    197.331259
2024-02-11    179.110719
2024-02-12    183.650108
Freq: D, Name: predicted_mean, dtype: float64
2024-02-08 01:38:08,089 - __main__ - INFO - The forecast data has been written to data/cleaned_data/Forecasting_time_series/forecast_sector_51_daily_aqi.csv
2024-02-08 01:38:08,089 - __main__ - INFO - The forecast data has been written to static/data/forecast_sector_51_daily_aqi.csv
2024-02-08 02:12:48,679 - __main__ - INFO - setData function - AQI is not an integer. Exception ValueError has occured for station=> Teri Gram
2024-02-08 02:12:49,360 - __main__ - INFO - station=> Vikas Sadan, result => ['149', 'Vikas Sadan Gurgaon, Gurgaon, India', Timestamp('2024-02-08 07:00:00')]
2024-02-08 02:12:49,360 - __main__ - INFO - The hourly data has been written to data/cron_job_data/vikas_sadan_cron_output.csv with Timestamp: 2024-02-08 07:00:00
2024-02-08 03:04:39,231 - __main__ - INFO - station=> Sector-51, Gurugram, result => ['165', 'Sector-51, Gurugram, India', Timestamp('2024-02-08 08:00:00')]
2024-02-08 03:04:39,232 - __main__ - INFO - The hourly data has been written to data/cron_job_data/sector_51_cron_output.csv with Timestamp: 2024-02-08 08:00:00
2024-02-08 03:04:39,908 - __main__ - INFO - station=> Sector-51, Gurugram, result => ['165', 'Sector-51, Gurugram, India', Timestamp('2024-02-08 08:00:00')]
2024-02-08 03:04:39,908 - __main__ - INFO - The hourly data has been written to static/data/sector_51_cron_output.csv with Timestamp: 2024-02-08 08:00:00
2024-02-08 03:04:40,584 - __main__ - INFO - station=> Teri Gram, result => ['169', 'Teri Gram, Gurugram, India', Timestamp('2024-02-08 08:00:00')]
2024-02-08 03:04:40,584 - __main__ - INFO - The hourly data has been written to data/cron_job_data/teri_gram_cron_output.csv with Timestamp: 2024-02-08 08:00:00
2024-02-08 03:04:41,259 - __main__ - INFO - station=> Vikas Sadan, result => ['137', 'Vikas Sadan Gurgaon, Gurgaon, India', Timestamp('2024-02-08 08:00:00')]
2024-02-08 03:04:41,259 - __main__ - INFO - The hourly data has been written to data/cron_job_data/vikas_sadan_cron_output.csv with Timestamp: 2024-02-08 08:00:00
2024-02-08 04:07:53,964 - __main__ - INFO - station=> Sector-51, Gurugram, result => ['346', 'Sector-51, Gurugram, India', Timestamp('2024-02-08 09:00:00')]
2024-02-08 04:07:53,964 - __main__ - INFO - The hourly data has been written to data/cron_job_data/sector_51_cron_output.csv with Timestamp: 2024-02-08 09:00:00
2024-02-08 04:07:54,667 - __main__ - INFO - station=> Sector-51, Gurugram, result => ['346', 'Sector-51, Gurugram, India', Timestamp('2024-02-08 09:00:00')]
2024-02-08 04:07:54,667 - __main__ - INFO - The hourly data has been written to static/data/sector_51_cron_output.csv with Timestamp: 2024-02-08 09:00:00
2024-02-08 04:07:55,384 - __main__ - INFO - station=> Teri Gram, result => ['200', 'Teri Gram, Gurugram, India', Timestamp('2024-02-08 09:00:00')]
2024-02-08 04:07:55,384 - __main__ - INFO - The hourly data has been written to data/cron_job_data/teri_gram_cron_output.csv with Timestamp: 2024-02-08 09:00:00
2024-02-08 04:07:56,086 - __main__ - INFO - station=> Vikas Sadan, result => ['138', 'Vikas Sadan Gurgaon, Gurgaon, India', Timestamp('2024-02-08 09:00:00')]
2024-02-08 04:07:56,086 - __main__ - INFO - The hourly data has been written to data/cron_job_data/vikas_sadan_cron_output.csv with Timestamp: 2024-02-08 09:00:00
2024-02-08 05:03:34,100 - __main__ - INFO - station=> Sector-51, Gurugram, result => ['362', 'Sector-51, Gurugram, India', Timestamp('2024-02-08 10:00:00')]
2024-02-08 05:03:34,100 - __main__ - INFO - The hourly data has been written to data/cron_job_data/sector_51_cron_output.csv with Timestamp: 2024-02-08 10:00:00
2024-02-08 05:03:34,764 - __main__ - INFO - station=> Sector-51, Gurugram, result => ['362', 'Sector-51, Gurugram, India', Timestamp('2024-02-08 10:00:00')]
2024-02-08 05:03:34,764 - __main__ - INFO - The hourly data has been written to static/data/sector_51_cron_output.csv with Timestamp: 2024-02-08 10:00:00
2024-02-08 05:03:36,047 - __main__ - INFO - station=> Vikas Sadan, result => ['151', 'Vikas Sadan Gurgaon, Gurgaon, India', Timestamp('2024-02-08 10:00:00')]
2024-02-08 05:03:36,047 - __main__ - INFO - The hourly data has been written to data/cron_job_data/vikas_sadan_cron_output.csv with Timestamp: 2024-02-08 10:00:00
2024-02-08 06:09:07,137 - __main__ - INFO - station=> Sector-51, Gurugram, result => ['162', 'Sector-51, Gurugram, India', Timestamp('2024-02-08 11:00:00')]
2024-02-08 06:09:07,137 - __main__ - INFO - The hourly data has been written to data/cron_job_data/sector_51_cron_output.csv with Timestamp: 2024-02-08 11:00:00
2024-02-08 06:09:07,600 - __main__ - INFO - station=> Sector-51, Gurugram, result => ['162', 'Sector-51, Gurugram, India', Timestamp('2024-02-08 11:00:00')]
2024-02-08 06:09:07,600 - __main__ - INFO - The hourly data has been written to static/data/sector_51_cron_output.csv with Timestamp: 2024-02-08 11:00:00
2024-02-08 06:09:08,524 - __main__ - INFO - station=> Vikas Sadan, result => ['155', 'Vikas Sadan Gurgaon, Gurgaon, India', Timestamp('2024-02-08 11:00:00')]
2024-02-08 06:09:08,524 - __main__ - INFO - The hourly data has been written to data/cron_job_data/vikas_sadan_cron_output.csv with Timestamp: 2024-02-08 11:00:00
2024-02-08 12:10:42,011 - __main__ - INFO - setData function - AQI is not an integer. Exception ValueError has occured for station=> Teri Gram
2024-02-08 13:03:24,393 - __main__ - INFO - station=> Sector-51, Gurugram, result => ['109', 'Sector-51, Gurugram, India', Timestamp('2024-02-08 18:00:00')]
2024-02-08 13:03:24,393 - __main__ - INFO - The hourly data has been written to data/cron_job_data/sector_51_cron_output.csv with Timestamp: 2024-02-08 18:00:00
2024-02-08 13:03:25,090 - __main__ - INFO - station=> Sector-51, Gurugram, result => ['109', 'Sector-51, Gurugram, India', Timestamp('2024-02-08 18:00:00')]
2024-02-08 13:03:25,091 - __main__ - INFO - The hourly data has been written to static/data/sector_51_cron_output.csv with Timestamp: 2024-02-08 18:00:00
2024-02-08 13:03:25,792 - __main__ - INFO - station=> Teri Gram, result => ['254', 'Teri Gram, Gurugram, India', Timestamp('2024-02-08 18:00:00')]
2024-02-08 13:03:25,792 - __main__ - INFO - The hourly data has been written to data/cron_job_data/teri_gram_cron_output.csv with Timestamp: 2024-02-08 18:00:00
2024-02-08 13:03:26,488 - __main__ - INFO - station=> Vikas Sadan, result => ['148', 'Vikas Sadan Gurgaon, Gurgaon, India', Timestamp('2024-02-08 18:00:00')]
2024-02-08 13:03:26,488 - __main__ - INFO - The hourly data has been written to data/cron_job_data/vikas_sadan_cron_output.csv with Timestamp: 2024-02-08 18:00:00
2024-02-08 15:03:46,883 - __main__ - INFO - station=> Sector-51, Gurugram, result => ['154', 'Sector-51, Gurugram, India', Timestamp('2024-02-08 20:00:00')]
2024-02-08 15:03:46,883 - __main__ - INFO - The hourly data has been written to data/cron_job_data/sector_51_cron_output.csv with Timestamp: 2024-02-08 20:00:00
2024-02-08 15:03:47,558 - __main__ - INFO - station=> Sector-51, Gurugram, result => ['154', 'Sector-51, Gurugram, India', Timestamp('2024-02-08 20:00:00')]
2024-02-08 15:03:47,558 - __main__ - INFO - The hourly data has been written to static/data/sector_51_cron_output.csv with Timestamp: 2024-02-08 20:00:00
2024-02-08 15:03:48,234 - __main__ - INFO - station=> Teri Gram, result => ['382', 'Teri Gram, Gurugram, India', Timestamp('2024-02-08 20:00:00')]
2024-02-08 15:03:48,234 - __main__ - INFO - The hourly data has been written to data/cron_job_data/teri_gram_cron_output.csv with Timestamp: 2024-02-08 20:00:00
2024-02-08 15:03:48,909 - __main__ - INFO - station=> Vikas Sadan, result => ['150', 'Vikas Sadan Gurgaon, Gurgaon, India', Timestamp('2024-02-08 20:00:00')]
2024-02-08 15:03:48,910 - __main__ - INFO - The hourly data has been written to data/cron_job_data/vikas_sadan_cron_output.csv with Timestamp: 2024-02-08 20:00:00
2024-02-08 16:07:55,008 - __main__ - INFO - station=> Sector-51, Gurugram, result => ['153', 'Sector-51, Gurugram, India', Timestamp('2024-02-08 21:00:00')]
2024-02-08 16:07:55,008 - __main__ - INFO - The hourly data has been written to data/cron_job_data/sector_51_cron_output.csv with Timestamp: 2024-02-08 21:00:00
2024-02-08 16:07:55,471 - __main__ - INFO - station=> Sector-51, Gurugram, result => ['153', 'Sector-51, Gurugram, India', Timestamp('2024-02-08 21:00:00')]
2024-02-08 16:07:55,471 - __main__ - INFO - The hourly data has been written to static/data/sector_51_cron_output.csv with Timestamp: 2024-02-08 21:00:00
2024-02-08 16:07:55,939 - __main__ - INFO - station=> Teri Gram, result => ['478', 'Teri Gram, Gurugram, India', Timestamp('2024-02-08 21:00:00')]
2024-02-08 16:07:55,939 - __main__ - INFO - The hourly data has been written to data/cron_job_data/teri_gram_cron_output.csv with Timestamp: 2024-02-08 21:00:00
2024-02-08 16:07:56,403 - __main__ - INFO - station=> Vikas Sadan, result => ['145', 'Vikas Sadan Gurgaon, Gurgaon, India', Timestamp('2024-02-08 21:00:00')]
2024-02-08 16:07:56,403 - __main__ - INFO - The hourly data has been written to data/cron_job_data/vikas_sadan_cron_output.csv with Timestamp: 2024-02-08 21:00:00
2024-02-08 17:03:04,256 - __main__ - INFO - station=> Sector-51, Gurugram, result => ['153', 'Sector-51, Gurugram, India', Timestamp('2024-02-08 22:00:00')]
2024-02-08 17:03:04,256 - __main__ - INFO - The hourly data has been written to data/cron_job_data/sector_51_cron_output.csv with Timestamp: 2024-02-08 22:00:00
2024-02-08 17:03:04,885 - __main__ - INFO - station=> Sector-51, Gurugram, result => ['153', 'Sector-51, Gurugram, India', Timestamp('2024-02-08 22:00:00')]
2024-02-08 17:03:04,885 - __main__ - INFO - The hourly data has been written to static/data/sector_51_cron_output.csv with Timestamp: 2024-02-08 22:00:00
2024-02-08 17:03:05,526 - __main__ - INFO - station=> Teri Gram, result => ['461', 'Teri Gram, Gurugram, India', Timestamp('2024-02-08 22:00:00')]
2024-02-08 17:03:05,526 - __main__ - INFO - The hourly data has been written to data/cron_job_data/teri_gram_cron_output.csv with Timestamp: 2024-02-08 22:00:00
2024-02-08 17:03:06,147 - __main__ - INFO - station=> Vikas Sadan, result => ['150', 'Vikas Sadan Gurgaon, Gurgaon, India', Timestamp('2024-02-08 22:00:00')]
2024-02-08 17:03:06,148 - __main__ - INFO - The hourly data has been written to data/cron_job_data/vikas_sadan_cron_output.csv with Timestamp: 2024-02-08 22:00:00
2024-02-08 18:07:54,309 - __main__ - INFO - station=> Sector-51, Gurugram, result => ['156', 'Sector-51, Gurugram, India', Timestamp('2024-02-08 23:00:00')]
2024-02-08 18:07:54,309 - __main__ - INFO - The hourly data has been written to data/cron_job_data/sector_51_cron_output.csv with Timestamp: 2024-02-08 23:00:00
2024-02-08 18:07:54,772 - __main__ - INFO - station=> Sector-51, Gurugram, result => ['156', 'Sector-51, Gurugram, India', Timestamp('2024-02-08 23:00:00')]
2024-02-08 18:07:54,772 - __main__ - INFO - The hourly data has been written to static/data/sector_51_cron_output.csv with Timestamp: 2024-02-08 23:00:00
2024-02-08 18:07:55,238 - __main__ - INFO - station=> Teri Gram, result => ['368', 'Teri Gram, Gurugram, India', Timestamp('2024-02-08 23:00:00')]
2024-02-08 18:07:55,238 - __main__ - INFO - The hourly data has been written to data/cron_job_data/teri_gram_cron_output.csv with Timestamp: 2024-02-08 23:00:00
2024-02-08 18:07:55,699 - __main__ - INFO - station=> Vikas Sadan, result => ['151', 'Vikas Sadan Gurgaon, Gurgaon, India', Timestamp('2024-02-08 23:00:00')]
2024-02-08 18:07:55,700 - __main__ - INFO - The hourly data has been written to data/cron_job_data/vikas_sadan_cron_output.csv with Timestamp: 2024-02-08 23:00:00
2024-02-08 19:02:04,480 - __main__ - INFO - station=> Sector-51, Gurugram, result => ['154', 'Sector-51, Gurugram, India', Timestamp('2024-02-09 00:00:00')]
2024-02-08 19:02:04,480 - __main__ - INFO - The hourly data has been written to data/cron_job_data/sector_51_cron_output.csv with Timestamp: 2024-02-09 00:00:00
2024-02-08 19:02:05,095 - __main__ - INFO - station=> Sector-51, Gurugram, result => ['154', 'Sector-51, Gurugram, India', Timestamp('2024-02-09 00:00:00')]
2024-02-08 19:02:05,095 - __main__ - INFO - The hourly data has been written to static/data/sector_51_cron_output.csv with Timestamp: 2024-02-09 00:00:00
2024-02-08 19:02:05,721 - __main__ - INFO - station=> Teri Gram, result => ['303', 'Teri Gram, Gurugram, India', Timestamp('2024-02-09 00:00:00')]
2024-02-08 19:02:05,721 - __main__ - INFO - The hourly data has been written to data/cron_job_data/teri_gram_cron_output.csv with Timestamp: 2024-02-09 00:00:00
2024-02-08 19:02:06,342 - __main__ - INFO - station=> Vikas Sadan, result => ['140', 'Vikas Sadan Gurgaon, Gurgaon, India', Timestamp('2024-02-09 00:00:00')]
2024-02-08 19:02:06,342 - __main__ - INFO - The hourly data has been written to data/cron_job_data/vikas_sadan_cron_output.csv with Timestamp: 2024-02-09 00:00:00
2024-02-08 20:03:59,489 - __main__ - INFO - station=> Sector-51, Gurugram, result => ['143', 'Sector-51, Gurugram, India', Timestamp('2024-02-09 01:00:00')]
2024-02-08 20:03:59,489 - __main__ - INFO - The hourly data has been written to data/cron_job_data/sector_51_cron_output.csv with Timestamp: 2024-02-09 01:00:00
2024-02-08 20:04:00,192 - __main__ - INFO - station=> Sector-51, Gurugram, result => ['143', 'Sector-51, Gurugram, India', Timestamp('2024-02-09 01:00:00')]
2024-02-08 20:04:00,192 - __main__ - INFO - The hourly data has been written to static/data/sector_51_cron_output.csv with Timestamp: 2024-02-09 01:00:00
2024-02-08 20:04:00,875 - __main__ - INFO - station=> Teri Gram, result => ['191', 'Teri Gram, Gurugram, India', Timestamp('2024-02-09 01:00:00')]
2024-02-08 20:04:00,875 - __main__ - INFO - The hourly data has been written to data/cron_job_data/teri_gram_cron_output.csv with Timestamp: 2024-02-09 01:00:00
2024-02-08 20:04:01,579 - __main__ - INFO - station=> Vikas Sadan, result => ['124', 'Vikas Sadan Gurgaon, Gurgaon, India', Timestamp('2024-02-09 01:00:00')]
2024-02-08 20:04:01,579 - __main__ - INFO - The hourly data has been written to data/cron_job_data/vikas_sadan_cron_output.csv with Timestamp: 2024-02-09 01:00:00
2024-02-08 21:02:37,464 - __main__ - INFO - station=> Sector-51, Gurugram, result => ['144', 'Sector-51, Gurugram, India', Timestamp('2024-02-09 02:00:00')]
2024-02-08 21:02:37,464 - __main__ - INFO - The hourly data has been written to data/cron_job_data/sector_51_cron_output.csv with Timestamp: 2024-02-09 02:00:00
2024-02-08 21:02:38,141 - __main__ - INFO - station=> Sector-51, Gurugram, result => ['144', 'Sector-51, Gurugram, India', Timestamp('2024-02-09 02:00:00')]
2024-02-08 21:02:38,141 - __main__ - INFO - The hourly data has been written to static/data/sector_51_cron_output.csv with Timestamp: 2024-02-09 02:00:00
2024-02-08 21:02:38,845 - __main__ - INFO - station=> Teri Gram, result => ['179', 'Teri Gram, Gurugram, India', Timestamp('2024-02-09 02:00:00')]
2024-02-08 21:02:38,845 - __main__ - INFO - The hourly data has been written to data/cron_job_data/teri_gram_cron_output.csv with Timestamp: 2024-02-09 02:00:00
2024-02-08 21:02:39,547 - __main__ - INFO - station=> Vikas Sadan, result => ['138', 'Vikas Sadan Gurgaon, Gurgaon, India', Timestamp('2024-02-09 02:00:00')]
2024-02-08 21:02:39,547 - __main__ - INFO - The hourly data has been written to data/cron_job_data/vikas_sadan_cron_output.csv with Timestamp: 2024-02-09 02:00:00
