2024-05-08 01:28:53,302 - __main__ - INFO - Calling writeData & retrain_model functions.
2024-05-08 01:28:53,311 - __main__ - INFO - df_api columns Index(['AQI'], dtype='object')
2024-05-08 01:28:53,311 - __main__ - INFO - today=> 2024-05-08 & yesterday=> 2024-05-07
2024-05-08 01:28:53,313 - __main__ - INFO - temp_daily_aqi columns Index(['Unnamed: 0', 'Date', 'AQI'], dtype='object')
2024-05-08 01:28:53,315 - __main__ - INFO - temp_daily_aqi[2024-05-07]=> Empty DataFrame
Columns: [Unnamed: 0, AQI]
Index: []
2024-05-08 01:28:53,316 - __main__ - INFO - Index => 1524, yesterday => 2024-05-07 & AQI => 197.0
2024-05-08 01:28:53,316 - __main__ - INFO - Daily AQI data has been written to data/cleaned_data/Forecasting_time_series/sector_51_daily_aqi.csv
2024-05-08 01:28:53,317 - __main__ - INFO - Index => 1524, yesterday => 2024-05-07 & AQI => 197.0
2024-05-08 01:28:53,317 - __main__ - INFO - Daily AQI data has been written to static/data/sector_51_daily_aqi.csv
2024-05-08 01:28:53,321 - __main__ - INFO - Re-training the model & train_end is 2024-05-02 00:00:00
2024-05-08 01:28:54,591 - __main__ - INFO - Retrained the model & MAPE is 4.31%
2024-05-08 01:28:54,591 - __main__ - INFO - Retrained the model & MAE is 9.509128057461112
2024-05-08 01:28:55,987 - __main__ - INFO - Forecast=> 2024-05-08    204.748560
2024-05-09    207.376580
2024-05-10    213.874659
2024-05-11    233.017479
2024-05-12    205.278935
Freq: D, Name: predicted_mean, dtype: float64
2024-05-08 01:28:55,987 - __main__ - INFO - The forecast data has been written to data/cleaned_data/Forecasting_time_series/forecast_sector_51_daily_aqi.csv
2024-05-08 01:28:55,988 - __main__ - INFO - The forecast data has been written to static/data/forecast_sector_51_daily_aqi.csv
2024-05-08 04:07:12,323 - __main__ - INFO - station=> Sector-51, Gurugram, result => ['114', 'Sector-51, Gurugram, India', Timestamp('2024-05-08 09:00:00')]
2024-05-08 04:07:12,323 - __main__ - INFO - The hourly data has been written to data/cron_job_data/sector_51_cron_output.csv with Timestamp: 2024-05-08 09:00:00
2024-05-08 04:07:13,166 - __main__ - INFO - station=> Sector-51, Gurugram, result => ['114', 'Sector-51, Gurugram, India', Timestamp('2024-05-08 09:00:00')]
2024-05-08 04:07:13,166 - __main__ - INFO - The hourly data has been written to static/data/sector_51_cron_output.csv with Timestamp: 2024-05-08 09:00:00
2024-05-08 05:07:18,895 - __main__ - INFO - station=> Sector-51, Gurugram, result => ['150', 'Sector-51, Gurugram, India', Timestamp('2024-05-08 10:00:00')]
2024-05-08 05:07:18,895 - __main__ - INFO - The hourly data has been written to data/cron_job_data/sector_51_cron_output.csv with Timestamp: 2024-05-08 10:00:00
2024-05-08 05:07:19,364 - __main__ - INFO - station=> Sector-51, Gurugram, result => ['150', 'Sector-51, Gurugram, India', Timestamp('2024-05-08 10:00:00')]
2024-05-08 05:07:19,364 - __main__ - INFO - The hourly data has been written to static/data/sector_51_cron_output.csv with Timestamp: 2024-05-08 10:00:00
2024-05-08 06:09:09,307 - __main__ - INFO - station=> Sector-51, Gurugram, result => ['151', 'Sector-51, Gurugram, India', Timestamp('2024-05-08 11:00:00')]
2024-05-08 06:09:09,308 - __main__ - INFO - The hourly data has been written to data/cron_job_data/sector_51_cron_output.csv with Timestamp: 2024-05-08 11:00:00
2024-05-08 06:09:09,988 - __main__ - INFO - station=> Sector-51, Gurugram, result => ['151', 'Sector-51, Gurugram, India', Timestamp('2024-05-08 11:00:00')]
2024-05-08 06:09:09,988 - __main__ - INFO - The hourly data has been written to static/data/sector_51_cron_output.csv with Timestamp: 2024-05-08 11:00:00
2024-05-08 08:09:16,911 - __main__ - INFO - station=> Sector-51, Gurugram, result => ['151', 'Sector-51, Gurugram, India', Timestamp('2024-05-08 12:00:00')]
2024-05-08 08:09:16,911 - __main__ - INFO - The hourly data has been written to data/cron_job_data/sector_51_cron_output.csv with Timestamp: 2024-05-08 12:00:00
2024-05-08 08:09:17,593 - __main__ - INFO - station=> Sector-51, Gurugram, result => ['151', 'Sector-51, Gurugram, India', Timestamp('2024-05-08 12:00:00')]
2024-05-08 08:09:17,594 - __main__ - INFO - The hourly data has been written to static/data/sector_51_cron_output.csv with Timestamp: 2024-05-08 12:00:00
2024-05-08 09:07:32,990 - __main__ - INFO - station=> Sector-51, Gurugram, result => ['151', 'Sector-51, Gurugram, India', Timestamp('2024-05-08 14:00:00')]
2024-05-08 09:07:32,990 - __main__ - INFO - The hourly data has been written to data/cron_job_data/sector_51_cron_output.csv with Timestamp: 2024-05-08 14:00:00
2024-05-08 09:07:33,650 - __main__ - INFO - station=> Sector-51, Gurugram, result => ['151', 'Sector-51, Gurugram, India', Timestamp('2024-05-08 14:00:00')]
2024-05-08 09:07:33,650 - __main__ - INFO - The hourly data has been written to static/data/sector_51_cron_output.csv with Timestamp: 2024-05-08 14:00:00
2024-05-08 11:06:49,574 - __main__ - INFO - station=> Sector-51, Gurugram, result => ['140', 'Sector-51, Gurugram, India', Timestamp('2024-05-08 15:00:00')]
2024-05-08 11:06:49,574 - __main__ - INFO - The hourly data has been written to data/cron_job_data/sector_51_cron_output.csv with Timestamp: 2024-05-08 15:00:00
2024-05-08 11:06:50,263 - __main__ - INFO - station=> Sector-51, Gurugram, result => ['140', 'Sector-51, Gurugram, India', Timestamp('2024-05-08 15:00:00')]
2024-05-08 11:06:50,263 - __main__ - INFO - The hourly data has been written to static/data/sector_51_cron_output.csv with Timestamp: 2024-05-08 15:00:00
2024-05-08 12:12:54,040 - __main__ - INFO - station=> Sector-51, Gurugram, result => ['140', 'Sector-51, Gurugram, India', Timestamp('2024-05-08 16:00:00')]
2024-05-08 12:12:54,040 - __main__ - INFO - The hourly data has been written to data/cron_job_data/sector_51_cron_output.csv with Timestamp: 2024-05-08 16:00:00
2024-05-08 12:12:54,710 - __main__ - INFO - station=> Sector-51, Gurugram, result => ['140', 'Sector-51, Gurugram, India', Timestamp('2024-05-08 16:00:00')]
2024-05-08 12:12:54,710 - __main__ - INFO - The hourly data has been written to static/data/sector_51_cron_output.csv with Timestamp: 2024-05-08 16:00:00
2024-05-08 13:09:50,150 - __main__ - INFO - station=> Sector-51, Gurugram, result => ['138', 'Sector-51, Gurugram, India', Timestamp('2024-05-08 18:00:00')]
2024-05-08 13:09:50,151 - __main__ - INFO - The hourly data has been written to data/cron_job_data/sector_51_cron_output.csv with Timestamp: 2024-05-08 18:00:00
2024-05-08 13:09:50,814 - __main__ - INFO - station=> Sector-51, Gurugram, result => ['138', 'Sector-51, Gurugram, India', Timestamp('2024-05-08 18:00:00')]
2024-05-08 13:09:50,814 - __main__ - INFO - The hourly data has been written to static/data/sector_51_cron_output.csv with Timestamp: 2024-05-08 18:00:00
