2024-09-08 01:15:22,569 - __main__ - INFO - station=> Sector-51, Gurugram, result => ['69', 'Sector-51, Gurugram, India', Timestamp('2024-09-08 06:00:00')]
2024-09-08 01:15:22,569 - __main__ - INFO - The hourly data has been written to data/cron_job_data/sector_51_cron_output.csv with Timestamp: 2024-09-08 06:00:00
2024-09-08 01:15:23,255 - __main__ - INFO - station=> Sector-51, Gurugram, result => ['69', 'Sector-51, Gurugram, India', Timestamp('2024-09-08 06:00:00')]
2024-09-08 01:15:23,255 - __main__ - INFO - The hourly data has been written to static/data/sector_51_cron_output.csv with Timestamp: 2024-09-08 06:00:00
2024-09-08 01:15:23,324 - __main__ - INFO - df_api columns Index(['AQI'], dtype='object')
2024-09-08 01:15:23,324 - __main__ - INFO - today=> 2024-09-08 & yesterday=> 2024-09-07
2024-09-08 01:15:23,326 - __main__ - INFO - temp_daily_aqi columns Index(['Unnamed: 0', 'Date', 'AQI'], dtype='object')
2024-09-08 01:15:23,328 - __main__ - INFO - temp_daily_aqi[2024-09-07]=> Empty DataFrame
Columns: [Unnamed: 0, AQI]
Index: []
2024-09-08 01:15:23,329 - __main__ - INFO - Index => 1647, yesterday => 2024-09-07 & AQI => 136.0
2024-09-08 01:15:23,329 - __main__ - INFO - Daily AQI data has been written to data/cleaned_data/Forecasting_time_series/sector_51_daily_aqi.csv
2024-09-08 01:15:23,329 - __main__ - INFO - Index => 1647, yesterday => 2024-09-07 & AQI => 136.0
2024-09-08 01:15:23,330 - __main__ - INFO - Daily AQI data has been written to static/data/sector_51_daily_aqi.csv
2024-09-08 01:15:23,334 - __main__ - INFO - Re-training the model & train_end is 2024-09-02 00:00:00
2024-09-08 01:15:24,861 - __main__ - INFO - Retrained the model & MAPE is 33.25%
2024-09-08 01:15:24,861 - __main__ - INFO - Retrained the model & MAE is 40.29941364397953
2024-09-08 01:15:26,461 - __main__ - INFO - Forecast=> 2024-09-08    126.269198
2024-09-09    140.907509
2024-09-10    143.898664
2024-09-11    149.289387
2024-09-12    154.315935
Freq: D, Name: predicted_mean, dtype: float64
2024-09-08 01:15:26,461 - __main__ - INFO - The forecast data has been written to data/cleaned_data/Forecasting_time_series/forecast_sector_51_daily_aqi.csv
2024-09-08 01:15:26,461 - __main__ - INFO - The forecast data has been written to static/data/forecast_sector_51_daily_aqi.csv
