2024-01-08 00:30:39,097 - __main__ - INFO - station=> nise gwal, result => ['184', 'NISE Gwal Pahari, Gurugram, India', Timestamp('2024-01-06 11:00:00')]
2024-01-08 00:30:39,097 - __main__ - INFO - Timestamp 2024-01-06 11:00:00 already present in data/cron_job_data/nise_cron_output.csv, not appending.
2024-01-08 00:30:39,784 - __main__ - INFO - station=> Sector-51, Gurugram, result => ['179', 'Sector-51, Gurugram, India', Timestamp('2024-01-08 05:00:00')]
2024-01-08 00:30:39,785 - __main__ - INFO - The hourly data has been written to data/cron_job_data/sector_51_cron_output.csv with Timestamp: 2024-01-08 05:00:00
2024-01-08 00:30:40,474 - __main__ - INFO - station=> Teri Gram, result => ['180', 'Teri Gram, Gurugram, India', Timestamp('2024-01-08 05:00:00')]
2024-01-08 00:30:40,475 - __main__ - INFO - The hourly data has been written to data/cron_job_data/teri_gram_cron_output.csv with Timestamp: 2024-01-08 05:00:00
2024-01-08 00:30:41,157 - __main__ - INFO - station=> Vikas Sadan, result => ['157', 'Vikas Sadan Gurgaon, Gurgaon, India', Timestamp('2024-01-08 05:00:00')]
2024-01-08 00:30:41,158 - __main__ - INFO - The hourly data has been written to data/cron_job_data/vikas_sadan_cron_output.csv with Timestamp: 2024-01-08 05:00:00
2024-01-08 00:30:41,161 - __main__ - INFO - datetime.now()=> 2024-01-08 00:30:41.161691
2024-01-08 01:48:28,601 - __main__ - INFO - station=> nise gwal, result => ['184', 'NISE Gwal Pahari, Gurugram, India', Timestamp('2024-01-06 11:00:00')]
2024-01-08 01:48:28,601 - __main__ - INFO - Timestamp 2024-01-06 11:00:00 already present in data/cron_job_data/nise_cron_output.csv, not appending.
2024-01-08 01:48:29,076 - __main__ - INFO - station=> Sector-51, Gurugram, result => ['180', 'Sector-51, Gurugram, India', Timestamp('2024-01-08 07:00:00')]
2024-01-08 01:48:29,077 - __main__ - INFO - The hourly data has been written to data/cron_job_data/sector_51_cron_output.csv with Timestamp: 2024-01-08 07:00:00
2024-01-08 01:48:29,557 - __main__ - INFO - station=> Teri Gram, result => ['176', 'Teri Gram, Gurugram, India', Timestamp('2024-01-08 07:00:00')]
2024-01-08 01:48:29,558 - __main__ - INFO - The hourly data has been written to data/cron_job_data/teri_gram_cron_output.csv with Timestamp: 2024-01-08 07:00:00
2024-01-08 01:48:30,033 - __main__ - INFO - station=> Vikas Sadan, result => ['102', 'Vikas Sadan Gurgaon, Gurgaon, India', Timestamp('2024-01-08 07:00:00')]
2024-01-08 01:48:30,034 - __main__ - INFO - The hourly data has been written to data/cron_job_data/vikas_sadan_cron_output.csv with Timestamp: 2024-01-08 07:00:00
2024-01-08 01:48:30,035 - __main__ - INFO - datetime.now()=> 2024-01-08 01:48:30.035443
2024-01-08 01:48:30,035 - __main__ - INFO - Calling writeData & retrain_model functions.
2024-01-08 01:48:30,041 - __main__ - INFO - df_api columns Index(['AQI'], dtype='object')
2024-01-08 01:48:30,041 - __main__ - INFO - today=> 2024-01-08 & yesterday=> 2024-01-07
2024-01-08 01:48:30,043 - __main__ - INFO - temp_daily_aqi columns Index(['Unnamed: 0', 'Date', 'AQI'], dtype='object')
2024-01-08 01:48:30,045 - __main__ - INFO - temp_daily_aqi[2024-01-07]=> Empty DataFrame
Columns: [Unnamed: 0, AQI]
Index: []
2024-01-08 01:48:30,046 - __main__ - INFO - Index => 1403, yesterday => 2024-01-07 & AQI => 160.0
2024-01-08 01:48:30,046 - __main__ - INFO - Daily AQI data has been written to data/cleaned_data/Forecasting_time_series/sector_51_daily_aqi.csv
2024-01-08 01:48:30,051 - __main__ - INFO - Re-training the model & train_end is 2024-01-02 00:00:00
2024-01-08 01:48:31,345 - __main__ - INFO - Retrained the model & MAPE is 11.12%
2024-01-08 01:48:32,625 - __main__ - INFO - Forecast=> 2024-01-08    168.228226
2024-01-09    177.317405
2024-01-10    179.222951
2024-01-11    188.625286
2024-01-12    196.123985
Freq: D, Name: predicted_mean, dtype: float64
2024-01-08 01:48:32,625 - __main__ - INFO - The forecast data has been written to data/cleaned_data/Forecasting_time_series/forecast_sector_51_daily_aqi.csv
2024-01-08 02:22:15,189 - __main__ - INFO - station=> nise gwal, result => ['184', 'NISE Gwal Pahari, Gurugram, India', Timestamp('2024-01-06 11:00:00')]
2024-01-08 02:22:15,189 - __main__ - INFO - Timestamp 2024-01-06 11:00:00 already present in data/cron_job_data/nise_cron_output.csv, not appending.
2024-01-08 02:22:15,842 - __main__ - INFO - station=> Sector-51, Gurugram, result => ['180', 'Sector-51, Gurugram, India', Timestamp('2024-01-08 07:00:00')]
2024-01-08 02:22:15,843 - __main__ - INFO - Timestamp 2024-01-08 07:00:00 already present in data/cron_job_data/sector_51_cron_output.csv, not appending.
2024-01-08 02:22:16,491 - __main__ - INFO - station=> Teri Gram, result => ['176', 'Teri Gram, Gurugram, India', Timestamp('2024-01-08 07:00:00')]
2024-01-08 02:22:16,491 - __main__ - INFO - Timestamp 2024-01-08 07:00:00 already present in data/cron_job_data/teri_gram_cron_output.csv, not appending.
2024-01-08 02:22:17,135 - __main__ - INFO - station=> Vikas Sadan, result => ['112', 'Vikas Sadan Gurgaon, Gurgaon, India', Timestamp('2024-01-08 07:00:00')]
2024-01-08 02:22:17,136 - __main__ - INFO - Timestamp 2024-01-08 07:00:00 already present in data/cron_job_data/vikas_sadan_cron_output.csv, not appending.
2024-01-08 02:22:17,137 - __main__ - INFO - datetime.now()=> 2024-01-08 02:22:17.137046
