2024-08-08 00:35:56,034 - __main__ - INFO - station=> Sector-51, Gurugram, result => ['56', 'Sector-51, Gurugram, India', Timestamp('2024-08-08 05:00:00')]
2024-08-08 00:35:56,034 - __main__ - INFO - The hourly data has been written to data/cron_job_data/sector_51_cron_output.csv with Timestamp: 2024-08-08 05:00:00
2024-08-08 00:35:56,713 - __main__ - INFO - station=> Sector-51, Gurugram, result => ['56', 'Sector-51, Gurugram, India', Timestamp('2024-08-08 05:00:00')]
2024-08-08 00:35:56,713 - __main__ - INFO - The hourly data has been written to static/data/sector_51_cron_output.csv with Timestamp: 2024-08-08 05:00:00
2024-08-08 01:59:50,525 - __main__ - INFO - station=> Sector-51, Gurugram, result => ['72', 'Sector-51, Gurugram, India', Timestamp('2024-08-08 07:00:00')]
2024-08-08 01:59:50,525 - __main__ - INFO - The hourly data has been written to data/cron_job_data/sector_51_cron_output.csv with Timestamp: 2024-08-08 07:00:00
2024-08-08 01:59:51,164 - __main__ - INFO - station=> Sector-51, Gurugram, result => ['72', 'Sector-51, Gurugram, India', Timestamp('2024-08-08 07:00:00')]
2024-08-08 01:59:51,165 - __main__ - INFO - The hourly data has been written to static/data/sector_51_cron_output.csv with Timestamp: 2024-08-08 07:00:00
2024-08-08 01:59:51,166 - __main__ - INFO - Calling writeData & retrain_model functions.
2024-08-08 01:59:51,174 - __main__ - INFO - df_api columns Index(['AQI'], dtype='object')
2024-08-08 01:59:51,175 - __main__ - INFO - today=> 2024-08-08 & yesterday=> 2024-08-07
2024-08-08 01:59:51,176 - __main__ - INFO - temp_daily_aqi columns Index(['Unnamed: 0', 'Date', 'AQI'], dtype='object')
2024-08-08 01:59:51,179 - __main__ - INFO - temp_daily_aqi[2024-08-07]=> Empty DataFrame
Columns: [Unnamed: 0, AQI]
Index: []
2024-08-08 01:59:51,179 - __main__ - INFO - Index => 1616, yesterday => 2024-08-07 & AQI => 70.0
2024-08-08 01:59:51,180 - __main__ - INFO - Daily AQI data has been written to data/cleaned_data/Forecasting_time_series/sector_51_daily_aqi.csv
2024-08-08 01:59:51,180 - __main__ - INFO - Index => 1616, yesterday => 2024-08-07 & AQI => 70.0
2024-08-08 01:59:51,180 - __main__ - INFO - Daily AQI data has been written to static/data/sector_51_daily_aqi.csv
2024-08-08 01:59:51,185 - __main__ - INFO - Re-training the model & train_end is 2024-08-02 00:00:00
2024-08-08 01:59:52,509 - __main__ - INFO - Retrained the model & MAPE is 61.06%
2024-08-08 01:59:52,510 - __main__ - INFO - Retrained the model & MAE is 49.01027987651206
2024-08-08 01:59:53,862 - __main__ - INFO - Forecast=> 2024-08-08     92.789370
2024-08-09    104.013253
2024-08-10    124.792898
2024-08-11    114.539741
2024-08-12    129.376909
Freq: D, Name: predicted_mean, dtype: float64
2024-08-08 01:59:53,863 - __main__ - INFO - The forecast data has been written to data/cleaned_data/Forecasting_time_series/forecast_sector_51_daily_aqi.csv
2024-08-08 01:59:53,863 - __main__ - INFO - The forecast data has been written to static/data/forecast_sector_51_daily_aqi.csv
2024-08-08 03:09:06,252 - __main__ - INFO - station=> Sector-51, Gurugram, result => ['61', 'Sector-51, Gurugram, India', Timestamp('2024-08-08 08:00:00')]
2024-08-08 03:09:06,252 - __main__ - INFO - The hourly data has been written to data/cron_job_data/sector_51_cron_output.csv with Timestamp: 2024-08-08 08:00:00
2024-08-08 03:09:06,949 - __main__ - INFO - station=> Sector-51, Gurugram, result => ['61', 'Sector-51, Gurugram, India', Timestamp('2024-08-08 08:00:00')]
2024-08-08 03:09:06,950 - __main__ - INFO - The hourly data has been written to static/data/sector_51_cron_output.csv with Timestamp: 2024-08-08 08:00:00
2024-08-08 04:11:43,905 - __main__ - INFO - station=> Sector-51, Gurugram, result => ['73', 'Sector-51, Gurugram, India', Timestamp('2024-08-08 09:00:00')]
2024-08-08 04:11:43,906 - __main__ - INFO - The hourly data has been written to data/cron_job_data/sector_51_cron_output.csv with Timestamp: 2024-08-08 09:00:00
2024-08-08 04:11:44,566 - __main__ - INFO - station=> Sector-51, Gurugram, result => ['73', 'Sector-51, Gurugram, India', Timestamp('2024-08-08 09:00:00')]
2024-08-08 04:11:44,566 - __main__ - INFO - The hourly data has been written to static/data/sector_51_cron_output.csv with Timestamp: 2024-08-08 09:00:00
2024-08-08 05:08:39,716 - __main__ - INFO - station=> Sector-51, Gurugram, result => ['66', 'Sector-51, Gurugram, India', Timestamp('2024-08-08 10:00:00')]
2024-08-08 05:08:39,716 - __main__ - INFO - The hourly data has been written to data/cron_job_data/sector_51_cron_output.csv with Timestamp: 2024-08-08 10:00:00
2024-08-08 05:08:40,194 - __main__ - INFO - station=> Sector-51, Gurugram, result => ['66', 'Sector-51, Gurugram, India', Timestamp('2024-08-08 10:00:00')]
2024-08-08 05:08:40,194 - __main__ - INFO - The hourly data has been written to static/data/sector_51_cron_output.csv with Timestamp: 2024-08-08 10:00:00
2024-08-08 06:12:04,138 - __main__ - INFO - station=> Sector-51, Gurugram, result => ['61', 'Sector-51, Gurugram, India', Timestamp('2024-08-08 11:00:00')]
2024-08-08 06:12:04,138 - __main__ - INFO - The hourly data has been written to data/cron_job_data/sector_51_cron_output.csv with Timestamp: 2024-08-08 11:00:00
2024-08-08 06:12:04,807 - __main__ - INFO - station=> Sector-51, Gurugram, result => ['61', 'Sector-51, Gurugram, India', Timestamp('2024-08-08 11:00:00')]
2024-08-08 06:12:04,807 - __main__ - INFO - The hourly data has been written to static/data/sector_51_cron_output.csv with Timestamp: 2024-08-08 11:00:00
2024-08-08 07:08:09,435 - __main__ - INFO - station=> Sector-51, Gurugram, result => ['59', 'Sector-51, Gurugram, India', Timestamp('2024-08-08 12:00:00')]
2024-08-08 07:08:09,436 - __main__ - INFO - The hourly data has been written to data/cron_job_data/sector_51_cron_output.csv with Timestamp: 2024-08-08 12:00:00
2024-08-08 07:08:09,902 - __main__ - INFO - station=> Sector-51, Gurugram, result => ['59', 'Sector-51, Gurugram, India', Timestamp('2024-08-08 12:00:00')]
2024-08-08 07:08:09,902 - __main__ - INFO - The hourly data has been written to static/data/sector_51_cron_output.csv with Timestamp: 2024-08-08 12:00:00
2024-08-08 08:10:56,426 - __main__ - INFO - station=> Sector-51, Gurugram, result => ['64', 'Sector-51, Gurugram, India', Timestamp('2024-08-08 13:00:00')]
2024-08-08 08:10:56,426 - __main__ - INFO - The hourly data has been written to data/cron_job_data/sector_51_cron_output.csv with Timestamp: 2024-08-08 13:00:00
2024-08-08 08:10:57,098 - __main__ - INFO - station=> Sector-51, Gurugram, result => ['64', 'Sector-51, Gurugram, India', Timestamp('2024-08-08 13:00:00')]
2024-08-08 08:10:57,099 - __main__ - INFO - The hourly data has been written to static/data/sector_51_cron_output.csv with Timestamp: 2024-08-08 13:00:00
2024-08-08 09:08:33,353 - __main__ - INFO - station=> Sector-51, Gurugram, result => ['118', 'Sector-51, Gurugram, India', Timestamp('2024-08-08 14:00:00')]
2024-08-08 09:08:33,353 - __main__ - INFO - The hourly data has been written to data/cron_job_data/sector_51_cron_output.csv with Timestamp: 2024-08-08 14:00:00
2024-08-08 09:08:34,041 - __main__ - INFO - station=> Sector-51, Gurugram, result => ['118', 'Sector-51, Gurugram, India', Timestamp('2024-08-08 14:00:00')]
2024-08-08 09:08:34,042 - __main__ - INFO - The hourly data has been written to static/data/sector_51_cron_output.csv with Timestamp: 2024-08-08 14:00:00
2024-08-08 10:08:26,872 - __main__ - INFO - station=> Sector-51, Gurugram, result => ['117', 'Sector-51, Gurugram, India', Timestamp('2024-08-08 15:00:00')]
2024-08-08 10:08:26,872 - __main__ - INFO - The hourly data has been written to data/cron_job_data/sector_51_cron_output.csv with Timestamp: 2024-08-08 15:00:00
2024-08-08 10:08:27,519 - __main__ - INFO - station=> Sector-51, Gurugram, result => ['117', 'Sector-51, Gurugram, India', Timestamp('2024-08-08 15:00:00')]
2024-08-08 10:08:27,519 - __main__ - INFO - The hourly data has been written to static/data/sector_51_cron_output.csv with Timestamp: 2024-08-08 15:00:00
2024-08-08 11:08:00,472 - __main__ - INFO - station=> Sector-51, Gurugram, result => ['139', 'Sector-51, Gurugram, India', Timestamp('2024-08-08 16:00:00')]
2024-08-08 11:08:00,473 - __main__ - INFO - The hourly data has been written to data/cron_job_data/sector_51_cron_output.csv with Timestamp: 2024-08-08 16:00:00
2024-08-08 11:08:00,936 - __main__ - INFO - station=> Sector-51, Gurugram, result => ['139', 'Sector-51, Gurugram, India', Timestamp('2024-08-08 16:00:00')]
2024-08-08 11:08:00,936 - __main__ - INFO - The hourly data has been written to static/data/sector_51_cron_output.csv with Timestamp: 2024-08-08 16:00:00
2024-08-08 12:13:49,538 - __main__ - INFO - station=> Sector-51, Gurugram, result => ['140', 'Sector-51, Gurugram, India', Timestamp('2024-08-08 17:00:00')]
2024-08-08 12:13:49,538 - __main__ - INFO - The hourly data has been written to data/cron_job_data/sector_51_cron_output.csv with Timestamp: 2024-08-08 17:00:00
2024-08-08 12:13:50,236 - __main__ - INFO - station=> Sector-51, Gurugram, result => ['140', 'Sector-51, Gurugram, India', Timestamp('2024-08-08 17:00:00')]
2024-08-08 12:13:50,236 - __main__ - INFO - The hourly data has been written to static/data/sector_51_cron_output.csv with Timestamp: 2024-08-08 17:00:00
2024-08-08 13:12:43,807 - __main__ - INFO - station=> Sector-51, Gurugram, result => ['109', 'Sector-51, Gurugram, India', Timestamp('2024-08-08 18:00:00')]
2024-08-08 13:12:43,807 - __main__ - INFO - The hourly data has been written to data/cron_job_data/sector_51_cron_output.csv with Timestamp: 2024-08-08 18:00:00
2024-08-08 13:12:44,443 - __main__ - INFO - station=> Sector-51, Gurugram, result => ['109', 'Sector-51, Gurugram, India', Timestamp('2024-08-08 18:00:00')]
2024-08-08 13:12:44,443 - __main__ - INFO - The hourly data has been written to static/data/sector_51_cron_output.csv with Timestamp: 2024-08-08 18:00:00
2024-08-08 14:07:30,263 - __main__ - INFO - station=> Sector-51, Gurugram, result => ['95', 'Sector-51, Gurugram, India', Timestamp('2024-08-08 19:00:00')]
2024-08-08 14:07:30,264 - __main__ - INFO - The hourly data has been written to data/cron_job_data/sector_51_cron_output.csv with Timestamp: 2024-08-08 19:00:00
2024-08-08 14:07:30,964 - __main__ - INFO - station=> Sector-51, Gurugram, result => ['95', 'Sector-51, Gurugram, India', Timestamp('2024-08-08 19:00:00')]
2024-08-08 14:07:30,964 - __main__ - INFO - The hourly data has been written to static/data/sector_51_cron_output.csv with Timestamp: 2024-08-08 19:00:00
2024-08-08 15:08:13,786 - __main__ - INFO - station=> Sector-51, Gurugram, result => ['94', 'Sector-51, Gurugram, India', Timestamp('2024-08-08 20:00:00')]
2024-08-08 15:08:13,786 - __main__ - INFO - The hourly data has been written to data/cron_job_data/sector_51_cron_output.csv with Timestamp: 2024-08-08 20:00:00
2024-08-08 15:08:14,254 - __main__ - INFO - station=> Sector-51, Gurugram, result => ['94', 'Sector-51, Gurugram, India', Timestamp('2024-08-08 20:00:00')]
2024-08-08 15:08:14,254 - __main__ - INFO - The hourly data has been written to static/data/sector_51_cron_output.csv with Timestamp: 2024-08-08 20:00:00
2024-08-08 16:09:09,380 - __main__ - INFO - station=> Sector-51, Gurugram, result => ['84', 'Sector-51, Gurugram, India', Timestamp('2024-08-08 21:00:00')]
2024-08-08 16:09:09,380 - __main__ - INFO - The hourly data has been written to data/cron_job_data/sector_51_cron_output.csv with Timestamp: 2024-08-08 21:00:00
2024-08-08 16:09:09,847 - __main__ - INFO - station=> Sector-51, Gurugram, result => ['84', 'Sector-51, Gurugram, India', Timestamp('2024-08-08 21:00:00')]
2024-08-08 16:09:09,847 - __main__ - INFO - The hourly data has been written to static/data/sector_51_cron_output.csv with Timestamp: 2024-08-08 21:00:00
2024-08-08 17:07:04,181 - __main__ - INFO - station=> Sector-51, Gurugram, result => ['234', 'Sector-51, Gurugram, India', Timestamp('2024-08-08 22:00:00')]
2024-08-08 17:07:04,181 - __main__ - INFO - The hourly data has been written to data/cron_job_data/sector_51_cron_output.csv with Timestamp: 2024-08-08 22:00:00
2024-08-08 17:07:04,802 - __main__ - INFO - station=> Sector-51, Gurugram, result => ['234', 'Sector-51, Gurugram, India', Timestamp('2024-08-08 22:00:00')]
2024-08-08 17:07:04,802 - __main__ - INFO - The hourly data has been written to static/data/sector_51_cron_output.csv with Timestamp: 2024-08-08 22:00:00
2024-08-08 18:11:29,706 - __main__ - INFO - station=> Sector-51, Gurugram, result => ['137', 'Sector-51, Gurugram, India', Timestamp('2024-08-08 23:00:00')]
2024-08-08 18:11:29,706 - __main__ - INFO - The hourly data has been written to data/cron_job_data/sector_51_cron_output.csv with Timestamp: 2024-08-08 23:00:00
2024-08-08 18:11:30,330 - __main__ - INFO - station=> Sector-51, Gurugram, result => ['137', 'Sector-51, Gurugram, India', Timestamp('2024-08-08 23:00:00')]
2024-08-08 18:11:30,330 - __main__ - INFO - The hourly data has been written to static/data/sector_51_cron_output.csv with Timestamp: 2024-08-08 23:00:00
2024-08-08 19:05:43,598 - __main__ - INFO - station=> Sector-51, Gurugram, result => ['120', 'Sector-51, Gurugram, India', Timestamp('2024-08-09 00:00:00')]
2024-08-08 19:05:43,598 - __main__ - INFO - The hourly data has been written to data/cron_job_data/sector_51_cron_output.csv with Timestamp: 2024-08-09 00:00:00
2024-08-08 19:05:44,068 - __main__ - INFO - station=> Sector-51, Gurugram, result => ['120', 'Sector-51, Gurugram, India', Timestamp('2024-08-09 00:00:00')]
2024-08-08 19:05:44,068 - __main__ - INFO - The hourly data has been written to static/data/sector_51_cron_output.csv with Timestamp: 2024-08-09 00:00:00
2024-08-08 20:09:20,937 - __main__ - INFO - station=> Sector-51, Gurugram, result => ['121', 'Sector-51, Gurugram, India', Timestamp('2024-08-09 01:00:00')]
2024-08-08 20:09:20,937 - __main__ - INFO - The hourly data has been written to data/cron_job_data/sector_51_cron_output.csv with Timestamp: 2024-08-09 01:00:00
2024-08-08 20:09:21,563 - __main__ - INFO - station=> Sector-51, Gurugram, result => ['121', 'Sector-51, Gurugram, India', Timestamp('2024-08-09 01:00:00')]
2024-08-08 20:09:21,563 - __main__ - INFO - The hourly data has been written to static/data/sector_51_cron_output.csv with Timestamp: 2024-08-09 01:00:00
2024-08-08 21:07:38,744 - __main__ - INFO - station=> Sector-51, Gurugram, result => ['96', 'Sector-51, Gurugram, India', Timestamp('2024-08-09 02:00:00')]
2024-08-08 21:07:38,744 - __main__ - INFO - The hourly data has been written to data/cron_job_data/sector_51_cron_output.csv with Timestamp: 2024-08-09 02:00:00
2024-08-08 21:07:39,216 - __main__ - INFO - station=> Sector-51, Gurugram, result => ['96', 'Sector-51, Gurugram, India', Timestamp('2024-08-09 02:00:00')]
2024-08-08 21:07:39,216 - __main__ - INFO - The hourly data has been written to static/data/sector_51_cron_output.csv with Timestamp: 2024-08-09 02:00:00
