2024-03-08 01:16:35,151 - __main__ - INFO - Calling writeData & retrain_model functions.
2024-03-08 01:16:35,157 - __main__ - INFO - df_api columns Index(['AQI'], dtype='object')
2024-03-08 01:16:35,157 - __main__ - INFO - today=> 2024-03-08 & yesterday=> 2024-03-07
2024-03-08 01:16:35,159 - __main__ - INFO - temp_daily_aqi columns Index(['Unnamed: 0', 'Date', 'AQI'], dtype='object')
2024-03-08 01:16:35,162 - __main__ - INFO - temp_daily_aqi[2024-03-07]=> Empty DataFrame
Columns: [Unnamed: 0, AQI]
Index: []
2024-03-08 01:16:35,162 - __main__ - INFO - Index => 1463, yesterday => 2024-03-07 & AQI => 204.0
2024-03-08 01:16:35,163 - __main__ - INFO - Daily AQI data has been written to data/cleaned_data/Forecasting_time_series/sector_51_daily_aqi.csv
2024-03-08 01:16:35,163 - __main__ - INFO - Index => 1463, yesterday => 2024-03-07 & AQI => 204.0
2024-03-08 01:16:35,163 - __main__ - INFO - Daily AQI data has been written to static/data/sector_51_daily_aqi.csv
2024-03-08 01:16:35,168 - __main__ - INFO - Re-training the model & train_end is 2024-03-02 00:00:00
2024-03-08 01:16:36,463 - __main__ - INFO - Retrained the model & MAPE is 21.09%
2024-03-08 01:16:36,463 - __main__ - INFO - Retrained the model & MAE is 35.53130665828424%
2024-03-08 01:16:37,927 - __main__ - INFO - Forecast=> 2024-03-08    207.249270
2024-03-09    220.124898
2024-03-10    198.554254
2024-03-11    200.093637
2024-03-12    203.447369
Freq: D, Name: predicted_mean, dtype: float64
2024-03-08 01:16:37,927 - __main__ - INFO - The forecast data has been written to data/cleaned_data/Forecasting_time_series/forecast_sector_51_daily_aqi.csv
2024-03-08 01:16:37,928 - __main__ - INFO - The forecast data has been written to static/data/forecast_sector_51_daily_aqi.csv
2024-03-08 01:59:18,729 - __main__ - INFO - Calling writeData & retrain_model functions.
2024-03-08 01:59:18,735 - __main__ - INFO - df_api columns Index(['AQI'], dtype='object')
2024-03-08 01:59:18,736 - __main__ - INFO - today=> 2024-03-08 & yesterday=> 2024-03-07
2024-03-08 01:59:18,738 - __main__ - INFO - temp_daily_aqi columns Index(['Unnamed: 0', 'Date', 'AQI'], dtype='object')
2024-03-08 01:59:18,745 - __main__ - INFO - temp_daily_aqi[2024-03-07]=>             Unnamed: 0    AQI
Date                         
2024-03-07        1463  204.0
2024-03-08 01:59:18,749 - __main__ - INFO - Re-training the model & train_end is 2024-03-02 00:00:00
2024-03-08 01:59:19,969 - __main__ - INFO - Retrained the model & MAPE is 21.09%
2024-03-08 01:59:19,969 - __main__ - INFO - Retrained the model & MAE is 35.53130665828424%
2024-03-08 01:59:21,366 - __main__ - INFO - Forecast=> 2024-03-08    207.249270
2024-03-09    220.124898
2024-03-10    198.554254
2024-03-11    200.093637
2024-03-12    203.447369
Freq: D, Name: predicted_mean, dtype: float64
2024-03-08 01:59:21,367 - __main__ - INFO - The forecast data has been written to data/cleaned_data/Forecasting_time_series/forecast_sector_51_daily_aqi.csv
2024-03-08 01:59:21,367 - __main__ - INFO - The forecast data has been written to static/data/forecast_sector_51_daily_aqi.csv
2024-03-08 04:21:49,156 - __main__ - INFO - station=> Sector-51, Gurugram, result => ['182', 'Sector-51, Gurugram, India', Timestamp('2024-03-08 04:00:00')]
2024-03-08 04:21:49,156 - __main__ - INFO - The hourly data has been written to data/cron_job_data/sector_51_cron_output.csv with Timestamp: 2024-03-08 04:00:00
2024-03-08 04:21:49,626 - __main__ - INFO - station=> Sector-51, Gurugram, result => ['182', 'Sector-51, Gurugram, India', Timestamp('2024-03-08 04:00:00')]
2024-03-08 04:21:49,626 - __main__ - INFO - The hourly data has been written to static/data/sector_51_cron_output.csv with Timestamp: 2024-03-08 04:00:00
2024-03-08 05:00:22,112 - __main__ - INFO - station=> Sector-51, Gurugram, result => ['223', 'Sector-51, Gurugram, India', Timestamp('2024-03-08 10:00:00')]
2024-03-08 05:00:22,112 - __main__ - INFO - The hourly data has been written to data/cron_job_data/sector_51_cron_output.csv with Timestamp: 2024-03-08 10:00:00
2024-03-08 05:00:22,735 - __main__ - INFO - station=> Sector-51, Gurugram, result => ['223', 'Sector-51, Gurugram, India', Timestamp('2024-03-08 10:00:00')]
2024-03-08 05:00:22,735 - __main__ - INFO - The hourly data has been written to static/data/sector_51_cron_output.csv with Timestamp: 2024-03-08 10:00:00
2024-03-08 09:33:59,682 - __main__ - INFO - station=> Sector-51, Gurugram, result => ['200', 'Sector-51, Gurugram, India', Timestamp('2024-03-08 11:00:00')]
2024-03-08 09:33:59,682 - __main__ - INFO - The hourly data has been written to data/cron_job_data/sector_51_cron_output.csv with Timestamp: 2024-03-08 11:00:00
2024-03-08 09:34:00,325 - __main__ - INFO - station=> Sector-51, Gurugram, result => ['200', 'Sector-51, Gurugram, India', Timestamp('2024-03-08 11:00:00')]
2024-03-08 09:34:00,326 - __main__ - INFO - The hourly data has been written to static/data/sector_51_cron_output.csv with Timestamp: 2024-03-08 11:00:00
2024-03-08 10:00:24,213 - __main__ - INFO - station=> Sector-51, Gurugram, result => ['157', 'Sector-51, Gurugram, India', Timestamp('2024-03-08 15:00:00')]
2024-03-08 10:00:24,213 - __main__ - INFO - The hourly data has been written to data/cron_job_data/sector_51_cron_output.csv with Timestamp: 2024-03-08 15:00:00
2024-03-08 10:00:24,680 - __main__ - INFO - station=> Sector-51, Gurugram, result => ['157', 'Sector-51, Gurugram, India', Timestamp('2024-03-08 15:00:00')]
2024-03-08 10:00:24,680 - __main__ - INFO - The hourly data has been written to static/data/sector_51_cron_output.csv with Timestamp: 2024-03-08 15:00:00
2024-03-08 10:46:35,215 - __main__ - INFO - station=> Sector-51, Gurugram, result => ['155', 'Sector-51, Gurugram, India', Timestamp('2024-03-08 16:00:00')]
2024-03-08 10:46:35,216 - __main__ - INFO - The hourly data has been written to data/cron_job_data/sector_51_cron_output.csv with Timestamp: 2024-03-08 16:00:00
2024-03-08 10:46:35,706 - __main__ - INFO - station=> Sector-51, Gurugram, result => ['155', 'Sector-51, Gurugram, India', Timestamp('2024-03-08 16:00:00')]
2024-03-08 10:46:35,706 - __main__ - INFO - The hourly data has been written to static/data/sector_51_cron_output.csv with Timestamp: 2024-03-08 16:00:00
2024-03-08 11:46:31,856 - __main__ - INFO - station=> Sector-51, Gurugram, result => ['154', 'Sector-51, Gurugram, India', Timestamp('2024-03-08 17:00:00')]
2024-03-08 11:46:31,856 - __main__ - INFO - The hourly data has been written to data/cron_job_data/sector_51_cron_output.csv with Timestamp: 2024-03-08 17:00:00
2024-03-08 11:46:32,534 - __main__ - INFO - station=> Sector-51, Gurugram, result => ['154', 'Sector-51, Gurugram, India', Timestamp('2024-03-08 17:00:00')]
2024-03-08 11:46:32,534 - __main__ - INFO - The hourly data has been written to static/data/sector_51_cron_output.csv with Timestamp: 2024-03-08 17:00:00
2024-03-08 12:52:53,101 - __main__ - INFO - station=> Sector-51, Gurugram, result => ['138', 'Sector-51, Gurugram, India', Timestamp('2024-03-08 18:00:00')]
2024-03-08 12:52:53,101 - __main__ - INFO - The hourly data has been written to data/cron_job_data/sector_51_cron_output.csv with Timestamp: 2024-03-08 18:00:00
2024-03-08 12:52:53,780 - __main__ - INFO - station=> Sector-51, Gurugram, result => ['138', 'Sector-51, Gurugram, India', Timestamp('2024-03-08 18:00:00')]
2024-03-08 12:52:53,781 - __main__ - INFO - The hourly data has been written to static/data/sector_51_cron_output.csv with Timestamp: 2024-03-08 18:00:00
2024-03-08 16:46:18,239 - __main__ - INFO - station=> Sector-51, Gurugram, result => ['153', 'Sector-51, Gurugram, India', Timestamp('2024-03-08 22:00:00')]
2024-03-08 16:46:18,239 - __main__ - INFO - The hourly data has been written to data/cron_job_data/sector_51_cron_output.csv with Timestamp: 2024-03-08 22:00:00
2024-03-08 16:46:18,860 - __main__ - INFO - station=> Sector-51, Gurugram, result => ['153', 'Sector-51, Gurugram, India', Timestamp('2024-03-08 22:00:00')]
2024-03-08 16:46:18,860 - __main__ - INFO - The hourly data has been written to static/data/sector_51_cron_output.csv with Timestamp: 2024-03-08 22:00:00
2024-03-08 18:00:23,951 - __main__ - INFO - station=> Sector-51, Gurugram, result => ['159', 'Sector-51, Gurugram, India', Timestamp('2024-03-08 23:00:00')]
2024-03-08 18:00:23,951 - __main__ - INFO - The hourly data has been written to data/cron_job_data/sector_51_cron_output.csv with Timestamp: 2024-03-08 23:00:00
2024-03-08 18:00:24,417 - __main__ - INFO - station=> Sector-51, Gurugram, result => ['159', 'Sector-51, Gurugram, India', Timestamp('2024-03-08 23:00:00')]
2024-03-08 18:00:24,417 - __main__ - INFO - The hourly data has been written to static/data/sector_51_cron_output.csv with Timestamp: 2024-03-08 23:00:00
