2023-12-08 00:28:58,146 - __main__ - INFO - station=> nise gwal, result => ['223', 'NISE Gwal Pahari, Gurugram, India', Timestamp('2023-12-08 05:00:00')]
2023-12-08 00:28:58,146 - __main__ - INFO - The data has been written to data/cron_job_data/nise_cron_output.csv with Timestamp: 2023-12-08 05:00:00
2023-12-08 00:28:58,835 - __main__ - INFO - station=> Sector-51, Gurugram, result => ['184', 'Sector-51, Gurugram, India', Timestamp('2023-12-08 05:00:00')]
2023-12-08 00:28:58,835 - __main__ - INFO - The data has been written to data/cron_job_data/sector_51_cron_output.csv with Timestamp: 2023-12-08 05:00:00
2023-12-08 00:28:59,521 - __main__ - INFO - station=> Teri Gram, result => ['195', 'Teri Gram, Gurugram, India', Timestamp('2023-12-08 05:00:00')]
2023-12-08 00:28:59,522 - __main__ - INFO - The data has been written to data/cron_job_data/teri_gram_cron_output.csv with Timestamp: 2023-12-08 05:00:00
2023-12-08 00:29:00,208 - __main__ - INFO - station=> Vikas Sadan, result => ['171', 'Vikas Sadan Gurgaon, Gurgaon, India', Timestamp('2023-12-08 05:00:00')]
2023-12-08 00:29:00,208 - __main__ - INFO - The data has been written to data/cron_job_data/vikas_sadan_cron_output.csv with Timestamp: 2023-12-08 05:00:00
2023-12-08 01:47:24,664 - __main__ - INFO - station=> nise gwal, result => ['193', 'NISE Gwal Pahari, Gurugram, India', Timestamp('2023-12-08 07:00:00')]
2023-12-08 01:47:24,665 - __main__ - INFO - The data has been written to data/cron_job_data/nise_cron_output.csv with Timestamp: 2023-12-08 07:00:00
2023-12-08 01:47:25,153 - __main__ - INFO - station=> Sector-51, Gurugram, result => ['177', 'Sector-51, Gurugram, India', Timestamp('2023-12-08 07:00:00')]
2023-12-08 01:47:25,153 - __main__ - INFO - The data has been written to data/cron_job_data/sector_51_cron_output.csv with Timestamp: 2023-12-08 07:00:00
2023-12-08 01:47:25,632 - __main__ - INFO - station=> Teri Gram, result => ['191', 'Teri Gram, Gurugram, India', Timestamp('2023-12-08 07:00:00')]
2023-12-08 01:47:25,632 - __main__ - INFO - The data has been written to data/cron_job_data/teri_gram_cron_output.csv with Timestamp: 2023-12-08 07:00:00
2023-12-08 01:47:26,106 - __main__ - INFO - station=> Vikas Sadan, result => ['169', 'Vikas Sadan Gurgaon, Gurgaon, India', Timestamp('2023-12-08 07:00:00')]
2023-12-08 01:47:26,107 - __main__ - INFO - The data has been written to data/cron_job_data/vikas_sadan_cron_output.csv with Timestamp: 2023-12-08 07:00:00
2023-12-08 02:21:46,988 - __main__ - INFO - station=> nise gwal, result => ['193', 'NISE Gwal Pahari, Gurugram, India', Timestamp('2023-12-08 07:00:00')]
2023-12-08 02:21:46,988 - __main__ - INFO - Timestamp 2023-12-08 07:00:00 already present in data/cron_job_data/nise_cron_output.csv, not appending.
2023-12-08 02:21:47,462 - __main__ - INFO - station=> Sector-51, Gurugram, result => ['177', 'Sector-51, Gurugram, India', Timestamp('2023-12-08 07:00:00')]
2023-12-08 02:21:47,463 - __main__ - INFO - Timestamp 2023-12-08 07:00:00 already present in data/cron_job_data/sector_51_cron_output.csv, not appending.
2023-12-08 02:21:47,942 - __main__ - INFO - station=> Teri Gram, result => ['191', 'Teri Gram, Gurugram, India', Timestamp('2023-12-08 07:00:00')]
2023-12-08 02:21:47,942 - __main__ - INFO - Timestamp 2023-12-08 07:00:00 already present in data/cron_job_data/teri_gram_cron_output.csv, not appending.
2023-12-08 02:21:48,417 - __main__ - INFO - station=> Vikas Sadan, result => ['169', 'Vikas Sadan Gurgaon, Gurgaon, India', Timestamp('2023-12-08 07:00:00')]
2023-12-08 02:21:48,418 - __main__ - INFO - Timestamp 2023-12-08 07:00:00 already present in data/cron_job_data/vikas_sadan_cron_output.csv, not appending.
