2024-10-08 01:13:42,773 - __main__ - INFO - station=> Sector-51, Gurugram, result => ['168', 'Sector-51, Gurugram, India', Timestamp('2024-10-08 06:00:00')]
2024-10-08 01:13:42,773 - __main__ - INFO - The hourly data has been written to data/cron_job_data/sector_51_cron_output.csv with Timestamp: 2024-10-08 06:00:00
2024-10-08 01:13:43,261 - __main__ - INFO - station=> Sector-51, Gurugram, result => ['168', 'Sector-51, Gurugram, India', Timestamp('2024-10-08 06:00:00')]
2024-10-08 01:13:43,261 - __main__ - INFO - The hourly data has been written to static/data/sector_51_cron_output.csv with Timestamp: 2024-10-08 06:00:00
2024-10-08 01:13:43,352 - __main__ - INFO - df_api columns Index(['AQI'], dtype='object')
2024-10-08 01:13:43,352 - __main__ - INFO - today=> 2024-10-08 & yesterday=> 2024-10-07
2024-10-08 01:13:43,354 - __main__ - INFO - temp_daily_aqi columns Index(['Unnamed: 0', 'Date', 'AQI'], dtype='object')
2024-10-08 01:13:43,356 - __main__ - INFO - temp_daily_aqi[2024-10-07]=> Empty DataFrame
Columns: [Unnamed: 0, AQI]
Index: []
2024-10-08 01:13:43,357 - __main__ - INFO - Index => 1677, yesterday => 2024-10-07 & AQI => 136.0
2024-10-08 01:13:43,357 - __main__ - INFO - Daily AQI data has been written to data/cleaned_data/Forecasting_time_series/sector_51_daily_aqi.csv
2024-10-08 01:13:43,358 - __main__ - INFO - Index => 1677, yesterday => 2024-10-07 & AQI => 136.0
2024-10-08 01:13:43,358 - __main__ - INFO - Daily AQI data has been written to static/data/sector_51_daily_aqi.csv
2024-10-08 01:13:43,363 - __main__ - INFO - Re-training the model & train_end is 2024-10-02 00:00:00
2024-10-08 01:13:44,657 - __main__ - INFO - Retrained the model & MAPE is 26.27%
2024-10-08 01:13:44,657 - __main__ - INFO - Retrained the model & MAE is 52.124795449127205
2024-10-08 01:13:46,101 - __main__ - INFO - Forecast=> 2024-10-08    144.157101
2024-10-09    149.205859
2024-10-10    155.126827
2024-10-11    157.646955
2024-10-12    173.625278
Freq: D, Name: predicted_mean, dtype: float64
2024-10-08 01:13:46,101 - __main__ - INFO - The forecast data has been written to data/cleaned_data/Forecasting_time_series/forecast_sector_51_daily_aqi.csv
2024-10-08 01:13:46,102 - __main__ - INFO - The forecast data has been written to static/data/forecast_sector_51_daily_aqi.csv
2024-10-08 04:19:34,716 - __main__ - INFO - station=> Sector-51, Gurugram, result => ['173', 'Sector-51, Gurugram, India', Timestamp('2024-10-08 09:00:00')]
2024-10-08 04:19:34,716 - __main__ - INFO - The hourly data has been written to data/cron_job_data/sector_51_cron_output.csv with Timestamp: 2024-10-08 09:00:00
2024-10-08 04:19:35,269 - __main__ - INFO - station=> Sector-51, Gurugram, result => ['173', 'Sector-51, Gurugram, India', Timestamp('2024-10-08 09:00:00')]
2024-10-08 04:19:35,270 - __main__ - INFO - The hourly data has been written to static/data/sector_51_cron_output.csv with Timestamp: 2024-10-08 09:00:00
2024-10-08 08:21:26,736 - __main__ - INFO - station=> Sector-51, Gurugram, result => ['163', 'Sector-51, Gurugram, India', Timestamp('2024-10-08 13:00:00')]
2024-10-08 08:21:26,736 - __main__ - INFO - The hourly data has been written to data/cron_job_data/sector_51_cron_output.csv with Timestamp: 2024-10-08 13:00:00
2024-10-08 08:21:27,446 - __main__ - INFO - station=> Sector-51, Gurugram, result => ['163', 'Sector-51, Gurugram, India', Timestamp('2024-10-08 13:00:00')]
2024-10-08 08:21:27,447 - __main__ - INFO - The hourly data has been written to static/data/sector_51_cron_output.csv with Timestamp: 2024-10-08 13:00:00
2024-10-08 12:30:29,780 - __main__ - INFO - station=> Sector-51, Gurugram, result => ['153', 'Sector-51, Gurugram, India', Timestamp('2024-10-08 17:00:00')]
2024-10-08 12:30:29,780 - __main__ - INFO - The hourly data has been written to data/cron_job_data/sector_51_cron_output.csv with Timestamp: 2024-10-08 17:00:00
2024-10-08 12:30:30,406 - __main__ - INFO - station=> Sector-51, Gurugram, result => ['153', 'Sector-51, Gurugram, India', Timestamp('2024-10-08 17:00:00')]
2024-10-08 12:30:30,406 - __main__ - INFO - The hourly data has been written to static/data/sector_51_cron_output.csv with Timestamp: 2024-10-08 17:00:00
2024-10-08 16:21:01,657 - __main__ - INFO - station=> Sector-51, Gurugram, result => ['177', 'Sector-51, Gurugram, India', Timestamp('2024-10-08 21:00:00')]
2024-10-08 16:21:01,657 - __main__ - INFO - The hourly data has been written to data/cron_job_data/sector_51_cron_output.csv with Timestamp: 2024-10-08 21:00:00
2024-10-08 16:21:02,123 - __main__ - INFO - station=> Sector-51, Gurugram, result => ['177', 'Sector-51, Gurugram, India', Timestamp('2024-10-08 21:00:00')]
2024-10-08 16:21:02,123 - __main__ - INFO - The hourly data has been written to static/data/sector_51_cron_output.csv with Timestamp: 2024-10-08 21:00:00
2024-10-08 20:14:26,707 - __main__ - INFO - station=> Sector-51, Gurugram, result => ['167', 'Sector-51, Gurugram, India', Timestamp('2024-10-09 01:00:00')]
2024-10-08 20:14:26,707 - __main__ - INFO - The hourly data has been written to data/cron_job_data/sector_51_cron_output.csv with Timestamp: 2024-10-09 01:00:00
2024-10-08 20:14:27,415 - __main__ - INFO - station=> Sector-51, Gurugram, result => ['167', 'Sector-51, Gurugram, India', Timestamp('2024-10-09 01:00:00')]
2024-10-08 20:14:27,415 - __main__ - INFO - The hourly data has been written to static/data/sector_51_cron_output.csv with Timestamp: 2024-10-09 01:00:00
