2024-02-09 00:27:28,746 - __main__ - INFO - station=> Sector-51, Gurugram, result => ['131', 'Sector-51, Gurugram, India', Timestamp('2024-02-09 05:00:00')]
2024-02-09 00:27:28,746 - __main__ - INFO - The hourly data has been written to data/cron_job_data/sector_51_cron_output.csv with Timestamp: 2024-02-09 05:00:00
2024-02-09 00:27:29,217 - __main__ - INFO - station=> Sector-51, Gurugram, result => ['131', 'Sector-51, Gurugram, India', Timestamp('2024-02-09 05:00:00')]
2024-02-09 00:27:29,217 - __main__ - INFO - The hourly data has been written to static/data/sector_51_cron_output.csv with Timestamp: 2024-02-09 05:00:00
2024-02-09 00:27:29,703 - __main__ - INFO - station=> Teri Gram, result => ['164', 'Teri Gram, Gurugram, India', Timestamp('2024-02-09 05:00:00')]
2024-02-09 00:27:29,703 - __main__ - INFO - The hourly data has been written to data/cron_job_data/teri_gram_cron_output.csv with Timestamp: 2024-02-09 05:00:00
2024-02-09 00:27:30,175 - __main__ - INFO - station=> Vikas Sadan, result => ['114', 'Vikas Sadan Gurgaon, Gurgaon, India', Timestamp('2024-02-09 05:00:00')]
2024-02-09 00:27:30,176 - __main__ - INFO - The hourly data has been written to data/cron_job_data/vikas_sadan_cron_output.csv with Timestamp: 2024-02-09 05:00:00
2024-02-09 01:37:33,811 - __main__ - INFO - station=> Sector-51, Gurugram, result => ['122', 'Sector-51, Gurugram, India', Timestamp('2024-02-09 06:00:00')]
2024-02-09 01:37:33,811 - __main__ - INFO - The hourly data has been written to data/cron_job_data/sector_51_cron_output.csv with Timestamp: 2024-02-09 06:00:00
2024-02-09 01:37:34,509 - __main__ - INFO - station=> Sector-51, Gurugram, result => ['122', 'Sector-51, Gurugram, India', Timestamp('2024-02-09 06:00:00')]
2024-02-09 01:37:34,509 - __main__ - INFO - The hourly data has been written to static/data/sector_51_cron_output.csv with Timestamp: 2024-02-09 06:00:00
2024-02-09 01:37:35,208 - __main__ - INFO - station=> Teri Gram, result => ['167', 'Teri Gram, Gurugram, India', Timestamp('2024-02-09 06:00:00')]
2024-02-09 01:37:35,209 - __main__ - INFO - The hourly data has been written to data/cron_job_data/teri_gram_cron_output.csv with Timestamp: 2024-02-09 06:00:00
2024-02-09 01:37:35,903 - __main__ - INFO - station=> Vikas Sadan, result => ['112', 'Vikas Sadan Gurgaon, Gurgaon, India', Timestamp('2024-02-09 06:00:00')]
2024-02-09 01:37:35,903 - __main__ - INFO - The hourly data has been written to data/cron_job_data/vikas_sadan_cron_output.csv with Timestamp: 2024-02-09 06:00:00
2024-02-09 01:37:35,904 - __main__ - INFO - Calling writeData & retrain_model functions.
2024-02-09 01:37:35,910 - __main__ - INFO - df_api columns Index(['AQI'], dtype='object')
2024-02-09 01:37:35,910 - __main__ - INFO - today=> 2024-02-09 & yesterday=> 2024-02-08
2024-02-09 01:37:35,912 - __main__ - INFO - temp_daily_aqi columns Index(['Unnamed: 0', 'Date', 'AQI'], dtype='object')
2024-02-09 01:37:35,914 - __main__ - INFO - temp_daily_aqi[2024-02-08]=> Empty DataFrame
Columns: [Unnamed: 0, AQI]
Index: []
2024-02-09 01:37:35,915 - __main__ - INFO - Index => 1435, yesterday => 2024-02-08 & AQI => 186.0
2024-02-09 01:37:35,915 - __main__ - INFO - Daily AQI data has been written to data/cleaned_data/Forecasting_time_series/sector_51_daily_aqi.csv
2024-02-09 01:37:35,916 - __main__ - INFO - Index => 1435, yesterday => 2024-02-08 & AQI => 186.0
2024-02-09 01:37:35,916 - __main__ - INFO - Daily AQI data has been written to static/data/sector_51_daily_aqi.csv
2024-02-09 01:37:35,920 - __main__ - INFO - Re-training the model & train_end is 2024-02-03 00:00:00
2024-02-09 01:37:37,267 - __main__ - INFO - Retrained the model & MAPE is 125.99%
2024-02-09 01:37:37,268 - __main__ - INFO - Retrained the model & MAE is 216.8804788138213%
2024-02-09 01:37:38,581 - __main__ - INFO - Forecast=> 2024-02-09    193.506972
2024-02-10    205.902785
2024-02-11    186.782877
2024-02-12    190.515555
2024-02-13    193.475827
Freq: D, Name: predicted_mean, dtype: float64
2024-02-09 01:37:38,582 - __main__ - INFO - The forecast data has been written to data/cleaned_data/Forecasting_time_series/forecast_sector_51_daily_aqi.csv
2024-02-09 01:37:38,582 - __main__ - INFO - The forecast data has been written to static/data/forecast_sector_51_daily_aqi.csv
2024-02-09 02:12:43,728 - __main__ - INFO - station=> Sector-51, Gurugram, result => ['137', 'Sector-51, Gurugram, India', Timestamp('2024-02-09 07:00:00')]
2024-02-09 02:12:43,728 - __main__ - INFO - The hourly data has been written to data/cron_job_data/sector_51_cron_output.csv with Timestamp: 2024-02-09 07:00:00
2024-02-09 02:12:44,428 - __main__ - INFO - station=> Sector-51, Gurugram, result => ['137', 'Sector-51, Gurugram, India', Timestamp('2024-02-09 07:00:00')]
2024-02-09 02:12:44,428 - __main__ - INFO - The hourly data has been written to static/data/sector_51_cron_output.csv with Timestamp: 2024-02-09 07:00:00
2024-02-09 02:12:45,129 - __main__ - INFO - station=> Teri Gram, result => ['195', 'Teri Gram, Gurugram, India', Timestamp('2024-02-09 07:00:00')]
2024-02-09 02:12:45,129 - __main__ - INFO - The hourly data has been written to data/cron_job_data/teri_gram_cron_output.csv with Timestamp: 2024-02-09 07:00:00
2024-02-09 02:12:45,823 - __main__ - INFO - station=> Vikas Sadan, result => ['111', 'Vikas Sadan Gurgaon, Gurgaon, India', Timestamp('2024-02-09 07:00:00')]
2024-02-09 02:12:45,823 - __main__ - INFO - The hourly data has been written to data/cron_job_data/vikas_sadan_cron_output.csv with Timestamp: 2024-02-09 07:00:00
2024-02-09 03:07:04,093 - __main__ - INFO - station=> Sector-51, Gurugram, result => ['154', 'Sector-51, Gurugram, India', Timestamp('2024-02-09 08:00:00')]
2024-02-09 03:07:04,093 - __main__ - INFO - The hourly data has been written to data/cron_job_data/sector_51_cron_output.csv with Timestamp: 2024-02-09 08:00:00
2024-02-09 03:07:04,608 - __main__ - INFO - station=> Sector-51, Gurugram, result => ['154', 'Sector-51, Gurugram, India', Timestamp('2024-02-09 08:00:00')]
2024-02-09 03:07:04,608 - __main__ - INFO - The hourly data has been written to static/data/sector_51_cron_output.csv with Timestamp: 2024-02-09 08:00:00
2024-02-09 03:07:05,147 - __main__ - INFO - station=> Teri Gram, result => ['218', 'Teri Gram, Gurugram, India', Timestamp('2024-02-09 08:00:00')]
2024-02-09 03:07:05,147 - __main__ - INFO - The hourly data has been written to data/cron_job_data/teri_gram_cron_output.csv with Timestamp: 2024-02-09 08:00:00
2024-02-09 03:07:05,806 - __main__ - INFO - station=> Vikas Sadan, result => ['106', 'Vikas Sadan Gurgaon, Gurgaon, India', Timestamp('2024-02-09 08:00:00')]
2024-02-09 03:07:05,806 - __main__ - INFO - The hourly data has been written to data/cron_job_data/vikas_sadan_cron_output.csv with Timestamp: 2024-02-09 08:00:00
2024-02-09 04:07:35,801 - __main__ - INFO - station=> Sector-51, Gurugram, result => ['172', 'Sector-51, Gurugram, India', Timestamp('2024-02-09 09:00:00')]
2024-02-09 04:07:35,802 - __main__ - INFO - The hourly data has been written to data/cron_job_data/sector_51_cron_output.csv with Timestamp: 2024-02-09 09:00:00
2024-02-09 04:07:36,447 - __main__ - INFO - station=> Sector-51, Gurugram, result => ['172', 'Sector-51, Gurugram, India', Timestamp('2024-02-09 09:00:00')]
2024-02-09 04:07:36,447 - __main__ - INFO - The hourly data has been written to static/data/sector_51_cron_output.csv with Timestamp: 2024-02-09 09:00:00
2024-02-09 04:07:37,085 - __main__ - INFO - station=> Teri Gram, result => ['327', 'Teri Gram, Gurugram, India', Timestamp('2024-02-09 09:00:00')]
2024-02-09 04:07:37,085 - __main__ - INFO - The hourly data has been written to data/cron_job_data/teri_gram_cron_output.csv with Timestamp: 2024-02-09 09:00:00
2024-02-09 04:07:37,722 - __main__ - INFO - station=> Vikas Sadan, result => ['101', 'Vikas Sadan Gurgaon, Gurgaon, India', Timestamp('2024-02-09 09:00:00')]
2024-02-09 04:07:37,722 - __main__ - INFO - The hourly data has been written to data/cron_job_data/vikas_sadan_cron_output.csv with Timestamp: 2024-02-09 09:00:00
2024-02-09 05:03:30,332 - __main__ - INFO - station=> Sector-51, Gurugram, result => ['181', 'Sector-51, Gurugram, India', Timestamp('2024-02-09 10:00:00')]
2024-02-09 05:03:30,332 - __main__ - INFO - The hourly data has been written to data/cron_job_data/sector_51_cron_output.csv with Timestamp: 2024-02-09 10:00:00
2024-02-09 05:03:30,806 - __main__ - INFO - station=> Sector-51, Gurugram, result => ['181', 'Sector-51, Gurugram, India', Timestamp('2024-02-09 10:00:00')]
2024-02-09 05:03:30,806 - __main__ - INFO - The hourly data has been written to static/data/sector_51_cron_output.csv with Timestamp: 2024-02-09 10:00:00
2024-02-09 05:03:31,279 - __main__ - INFO - station=> Teri Gram, result => ['670', 'Teri Gram, Gurugram, India', Timestamp('2024-02-09 10:00:00')]
2024-02-09 05:03:31,279 - __main__ - INFO - The hourly data has been written to data/cron_job_data/teri_gram_cron_output.csv with Timestamp: 2024-02-09 10:00:00
2024-02-09 05:03:31,750 - __main__ - INFO - station=> Vikas Sadan, result => ['153', 'Vikas Sadan Gurgaon, Gurgaon, India', Timestamp('2024-02-09 10:00:00')]
2024-02-09 05:03:31,750 - __main__ - INFO - The hourly data has been written to data/cron_job_data/vikas_sadan_cron_output.csv with Timestamp: 2024-02-09 10:00:00
2024-02-09 06:08:23,788 - __main__ - INFO - station=> Sector-51, Gurugram, result => ['178', 'Sector-51, Gurugram, India', Timestamp('2024-02-09 11:00:00')]
2024-02-09 06:08:23,788 - __main__ - INFO - The hourly data has been written to data/cron_job_data/sector_51_cron_output.csv with Timestamp: 2024-02-09 11:00:00
2024-02-09 06:08:24,251 - __main__ - INFO - station=> Sector-51, Gurugram, result => ['178', 'Sector-51, Gurugram, India', Timestamp('2024-02-09 11:00:00')]
2024-02-09 06:08:24,252 - __main__ - INFO - The hourly data has been written to static/data/sector_51_cron_output.csv with Timestamp: 2024-02-09 11:00:00
2024-02-09 06:08:24,718 - __main__ - INFO - station=> Teri Gram, result => ['626', 'Teri Gram, Gurugram, India', Timestamp('2024-02-09 11:00:00')]
2024-02-09 06:08:24,718 - __main__ - INFO - The hourly data has been written to data/cron_job_data/teri_gram_cron_output.csv with Timestamp: 2024-02-09 11:00:00
2024-02-09 06:08:25,177 - __main__ - INFO - station=> Vikas Sadan, result => ['146', 'Vikas Sadan Gurgaon, Gurgaon, India', Timestamp('2024-02-09 11:00:00')]
2024-02-09 06:08:25,178 - __main__ - INFO - The hourly data has been written to data/cron_job_data/vikas_sadan_cron_output.csv with Timestamp: 2024-02-09 11:00:00
