2024-05-09 00:31:50,493 - __main__ - INFO - station=> Sector-51, Gurugram, result => ['119', 'Sector-51, Gurugram, India', Timestamp('2024-05-09 05:00:00')]
2024-05-09 00:31:50,494 - __main__ - INFO - The hourly data has been written to data/cron_job_data/sector_51_cron_output.csv with Timestamp: 2024-05-09 05:00:00
2024-05-09 00:31:51,191 - __main__ - INFO - station=> Sector-51, Gurugram, result => ['119', 'Sector-51, Gurugram, India', Timestamp('2024-05-09 05:00:00')]
2024-05-09 00:31:51,191 - __main__ - INFO - The hourly data has been written to static/data/sector_51_cron_output.csv with Timestamp: 2024-05-09 05:00:00
2024-05-09 01:47:26,117 - __main__ - INFO - Calling writeData & retrain_model functions.
2024-05-09 01:47:26,125 - __main__ - INFO - df_api columns Index(['AQI'], dtype='object')
2024-05-09 01:47:26,125 - __main__ - INFO - today=> 2024-05-09 & yesterday=> 2024-05-08
2024-05-09 01:47:26,127 - __main__ - INFO - temp_daily_aqi columns Index(['Unnamed: 0', 'Date', 'AQI'], dtype='object')
2024-05-09 01:47:26,129 - __main__ - INFO - temp_daily_aqi[2024-05-08]=> Empty DataFrame
Columns: [Unnamed: 0, AQI]
Index: []
2024-05-09 01:47:26,130 - __main__ - INFO - Index => 1525, yesterday => 2024-05-08 & AQI => 134.0
2024-05-09 01:47:26,130 - __main__ - INFO - Daily AQI data has been written to data/cleaned_data/Forecasting_time_series/sector_51_daily_aqi.csv
2024-05-09 01:47:26,130 - __main__ - INFO - Index => 1525, yesterday => 2024-05-08 & AQI => 134.0
2024-05-09 01:47:26,131 - __main__ - INFO - Daily AQI data has been written to static/data/sector_51_daily_aqi.csv
2024-05-09 01:47:26,135 - __main__ - INFO - Re-training the model & train_end is 2024-05-03 00:00:00
2024-05-09 01:47:27,348 - __main__ - INFO - Retrained the model & MAPE is 15.73%
2024-05-09 01:47:27,348 - __main__ - INFO - Retrained the model & MAE is 25.011071347775907
2024-05-09 01:47:28,539 - __main__ - INFO - Forecast=> 2024-05-09    160.631124
2024-05-10    172.028435
2024-05-11    195.581413
2024-05-12    171.749791
2024-05-13    179.280979
Freq: D, Name: predicted_mean, dtype: float64
2024-05-09 01:47:28,540 - __main__ - INFO - The forecast data has been written to data/cleaned_data/Forecasting_time_series/forecast_sector_51_daily_aqi.csv
2024-05-09 01:47:28,540 - __main__ - INFO - The forecast data has been written to static/data/forecast_sector_51_daily_aqi.csv
2024-05-09 04:10:41,237 - __main__ - INFO - station=> Sector-51, Gurugram, result => ['166', 'Sector-51, Gurugram, India', Timestamp('2024-05-09 09:00:00')]
2024-05-09 04:10:41,238 - __main__ - INFO - The hourly data has been written to data/cron_job_data/sector_51_cron_output.csv with Timestamp: 2024-05-09 09:00:00
2024-05-09 04:10:41,875 - __main__ - INFO - station=> Sector-51, Gurugram, result => ['166', 'Sector-51, Gurugram, India', Timestamp('2024-05-09 09:00:00')]
2024-05-09 04:10:41,876 - __main__ - INFO - The hourly data has been written to static/data/sector_51_cron_output.csv with Timestamp: 2024-05-09 09:00:00
2024-05-09 05:08:28,554 - __main__ - INFO - station=> Sector-51, Gurugram, result => ['168', 'Sector-51, Gurugram, India', Timestamp('2024-05-09 10:00:00')]
2024-05-09 05:08:28,554 - __main__ - INFO - The hourly data has been written to data/cron_job_data/sector_51_cron_output.csv with Timestamp: 2024-05-09 10:00:00
2024-05-09 05:08:29,219 - __main__ - INFO - station=> Sector-51, Gurugram, result => ['168', 'Sector-51, Gurugram, India', Timestamp('2024-05-09 10:00:00')]
2024-05-09 05:08:29,219 - __main__ - INFO - The hourly data has been written to static/data/sector_51_cron_output.csv with Timestamp: 2024-05-09 10:00:00
2024-05-09 06:09:49,874 - __main__ - INFO - station=> Sector-51, Gurugram, result => ['157', 'Sector-51, Gurugram, India', Timestamp('2024-05-09 11:00:00')]
2024-05-09 06:09:49,874 - __main__ - INFO - The hourly data has been written to data/cron_job_data/sector_51_cron_output.csv with Timestamp: 2024-05-09 11:00:00
2024-05-09 06:09:50,340 - __main__ - INFO - station=> Sector-51, Gurugram, result => ['157', 'Sector-51, Gurugram, India', Timestamp('2024-05-09 11:00:00')]
2024-05-09 06:09:50,340 - __main__ - INFO - The hourly data has been written to static/data/sector_51_cron_output.csv with Timestamp: 2024-05-09 11:00:00
2024-05-09 07:08:54,450 - __main__ - INFO - station=> Sector-51, Gurugram, result => ['50', 'Sector-51, Gurugram, India', Timestamp('2024-05-09 12:00:00')]
2024-05-09 07:08:54,450 - __main__ - INFO - The hourly data has been written to data/cron_job_data/sector_51_cron_output.csv with Timestamp: 2024-05-09 12:00:00
2024-05-09 07:08:54,925 - __main__ - INFO - station=> Sector-51, Gurugram, result => ['50', 'Sector-51, Gurugram, India', Timestamp('2024-05-09 12:00:00')]
2024-05-09 07:08:54,925 - __main__ - INFO - The hourly data has been written to static/data/sector_51_cron_output.csv with Timestamp: 2024-05-09 12:00:00
2024-05-09 08:10:43,274 - __main__ - INFO - station=> Sector-51, Gurugram, result => ['175', 'Sector-51, Gurugram, India', Timestamp('2024-05-09 13:00:00')]
2024-05-09 08:10:43,274 - __main__ - INFO - The hourly data has been written to data/cron_job_data/sector_51_cron_output.csv with Timestamp: 2024-05-09 13:00:00
2024-05-09 08:10:43,748 - __main__ - INFO - station=> Sector-51, Gurugram, result => ['175', 'Sector-51, Gurugram, India', Timestamp('2024-05-09 13:00:00')]
2024-05-09 08:10:43,748 - __main__ - INFO - The hourly data has been written to static/data/sector_51_cron_output.csv with Timestamp: 2024-05-09 13:00:00
2024-05-09 09:08:14,460 - __main__ - INFO - station=> Sector-51, Gurugram, result => ['170', 'Sector-51, Gurugram, India', Timestamp('2024-05-09 14:00:00')]
2024-05-09 09:08:14,461 - __main__ - INFO - The hourly data has been written to data/cron_job_data/sector_51_cron_output.csv with Timestamp: 2024-05-09 14:00:00
2024-05-09 09:08:14,932 - __main__ - INFO - station=> Sector-51, Gurugram, result => ['170', 'Sector-51, Gurugram, India', Timestamp('2024-05-09 14:00:00')]
2024-05-09 09:08:14,932 - __main__ - INFO - The hourly data has been written to static/data/sector_51_cron_output.csv with Timestamp: 2024-05-09 14:00:00
