2024-01-09 00:30:13,462 - __main__ - INFO - station=> nise gwal, result => ['184', 'NISE Gwal Pahari, Gurugram, India', Timestamp('2024-01-06 11:00:00')]
2024-01-09 00:30:13,462 - __main__ - INFO - Timestamp 2024-01-06 11:00:00 already present in data/cron_job_data/nise_cron_output.csv, not appending.
2024-01-09 00:30:14,154 - __main__ - INFO - station=> Sector-51, Gurugram, result => ['175', 'Sector-51, Gurugram, India', Timestamp('2024-01-09 05:00:00')]
2024-01-09 00:30:14,155 - __main__ - INFO - The hourly data has been written to data/cron_job_data/sector_51_cron_output.csv with Timestamp: 2024-01-09 05:00:00
2024-01-09 00:30:14,849 - __main__ - INFO - station=> Teri Gram, result => ['155', 'Teri Gram, Gurugram, India', Timestamp('2024-01-09 05:00:00')]
2024-01-09 00:30:14,849 - __main__ - INFO - The hourly data has been written to data/cron_job_data/teri_gram_cron_output.csv with Timestamp: 2024-01-09 05:00:00
2024-01-09 00:30:15,534 - __main__ - INFO - station=> Vikas Sadan, result => ['117', 'Vikas Sadan Gurgaon, Gurgaon, India', Timestamp('2024-01-09 05:00:00')]
2024-01-09 00:30:15,535 - __main__ - INFO - The hourly data has been written to data/cron_job_data/vikas_sadan_cron_output.csv with Timestamp: 2024-01-09 05:00:00
2024-01-09 00:30:15,536 - __main__ - INFO - datetime.now()=> 2024-01-09 00:30:15.536649
2024-01-09 01:48:32,250 - __main__ - INFO - station=> nise gwal, result => ['184', 'NISE Gwal Pahari, Gurugram, India', Timestamp('2024-01-06 11:00:00')]
2024-01-09 01:48:32,251 - __main__ - INFO - Timestamp 2024-01-06 11:00:00 already present in data/cron_job_data/nise_cron_output.csv, not appending.
2024-01-09 01:48:32,946 - __main__ - INFO - station=> Sector-51, Gurugram, result => ['175', 'Sector-51, Gurugram, India', Timestamp('2024-01-09 05:00:00')]
2024-01-09 01:48:32,947 - __main__ - INFO - Timestamp 2024-01-09 05:00:00 already present in data/cron_job_data/sector_51_cron_output.csv, not appending.
2024-01-09 01:48:33,632 - __main__ - INFO - station=> Teri Gram, result => ['155', 'Teri Gram, Gurugram, India', Timestamp('2024-01-09 05:00:00')]
2024-01-09 01:48:33,633 - __main__ - INFO - Timestamp 2024-01-09 05:00:00 already present in data/cron_job_data/teri_gram_cron_output.csv, not appending.
2024-01-09 01:48:34,301 - __main__ - INFO - station=> Vikas Sadan, result => ['117', 'Vikas Sadan Gurgaon, Gurgaon, India', Timestamp('2024-01-09 05:00:00')]
2024-01-09 01:48:34,302 - __main__ - INFO - Timestamp 2024-01-09 05:00:00 already present in data/cron_job_data/vikas_sadan_cron_output.csv, not appending.
2024-01-09 01:48:34,302 - __main__ - INFO - datetime.now()=> 2024-01-09 01:48:34.302991
2024-01-09 01:48:34,303 - __main__ - INFO - Calling writeData & retrain_model functions.
2024-01-09 01:48:34,308 - __main__ - INFO - df_api columns Index(['AQI'], dtype='object')
2024-01-09 01:48:34,309 - __main__ - INFO - today=> 2024-01-09 & yesterday=> 2024-01-08
2024-01-09 01:48:34,311 - __main__ - INFO - temp_daily_aqi columns Index(['Unnamed: 0', 'Date', 'AQI'], dtype='object')
2024-01-09 01:48:34,313 - __main__ - INFO - temp_daily_aqi[2024-01-08]=> Empty DataFrame
Columns: [Unnamed: 0, AQI]
Index: []
2024-01-09 01:48:34,314 - __main__ - INFO - Index => 1404, yesterday => 2024-01-08 & AQI => 214.0
2024-01-09 01:48:34,314 - __main__ - INFO - Daily AQI data has been written to data/cleaned_data/Forecasting_time_series/sector_51_daily_aqi.csv
2024-01-09 01:48:34,319 - __main__ - INFO - Re-training the model & train_end is 2024-01-03 00:00:00
2024-01-09 01:48:35,685 - __main__ - INFO - Retrained the model & MAPE is 12.98%
2024-01-09 01:48:37,060 - __main__ - INFO - Forecast=> 2024-01-09    209.286866
2024-01-10    207.928399
2024-01-11    214.402173
2024-01-12    219.271448
2024-01-13    215.105505
Freq: D, Name: predicted_mean, dtype: float64
2024-01-09 01:48:37,060 - __main__ - INFO - The forecast data has been written to data/cleaned_data/Forecasting_time_series/forecast_sector_51_daily_aqi.csv
2024-01-09 02:22:48,688 - __main__ - INFO - station=> nise gwal, result => ['184', 'NISE Gwal Pahari, Gurugram, India', Timestamp('2024-01-06 11:00:00')]
2024-01-09 02:22:48,688 - __main__ - INFO - Timestamp 2024-01-06 11:00:00 already present in data/cron_job_data/nise_cron_output.csv, not appending.
2024-01-09 02:22:49,408 - __main__ - INFO - station=> Sector-51, Gurugram, result => ['175', 'Sector-51, Gurugram, India', Timestamp('2024-01-09 05:00:00')]
2024-01-09 02:22:49,409 - __main__ - INFO - Timestamp 2024-01-09 05:00:00 already present in data/cron_job_data/sector_51_cron_output.csv, not appending.
2024-01-09 02:22:50,119 - __main__ - INFO - station=> Teri Gram, result => ['155', 'Teri Gram, Gurugram, India', Timestamp('2024-01-09 05:00:00')]
2024-01-09 02:22:50,120 - __main__ - INFO - Timestamp 2024-01-09 05:00:00 already present in data/cron_job_data/teri_gram_cron_output.csv, not appending.
2024-01-09 02:22:50,812 - __main__ - INFO - station=> Vikas Sadan, result => ['117', 'Vikas Sadan Gurgaon, Gurgaon, India', Timestamp('2024-01-09 05:00:00')]
2024-01-09 02:22:50,812 - __main__ - INFO - Timestamp 2024-01-09 05:00:00 already present in data/cron_job_data/vikas_sadan_cron_output.csv, not appending.
2024-01-09 02:22:50,814 - __main__ - INFO - datetime.now()=> 2024-01-09 02:22:50.814021
2024-01-09 03:07:28,414 - __main__ - INFO - station=> nise gwal, result => ['184', 'NISE Gwal Pahari, Gurugram, India', Timestamp('2024-01-06 11:00:00')]
2024-01-09 03:07:28,415 - __main__ - INFO - Timestamp 2024-01-06 11:00:00 already present in data/cron_job_data/nise_cron_output.csv, not appending.
2024-01-09 03:07:28,899 - __main__ - INFO - station=> Sector-51, Gurugram, result => ['167', 'Sector-51, Gurugram, India', Timestamp('2024-01-09 08:00:00')]
2024-01-09 03:07:28,900 - __main__ - INFO - The hourly data has been written to data/cron_job_data/sector_51_cron_output.csv with Timestamp: 2024-01-09 08:00:00
2024-01-09 03:07:29,383 - __main__ - INFO - station=> Teri Gram, result => ['152', 'Teri Gram, Gurugram, India', Timestamp('2024-01-09 08:00:00')]
2024-01-09 03:07:29,384 - __main__ - INFO - The hourly data has been written to data/cron_job_data/teri_gram_cron_output.csv with Timestamp: 2024-01-09 08:00:00
2024-01-09 03:07:29,864 - __main__ - INFO - station=> Vikas Sadan, result => ['91', 'Vikas Sadan Gurgaon, Gurgaon, India', Timestamp('2024-01-09 08:00:00')]
2024-01-09 03:07:29,865 - __main__ - INFO - The hourly data has been written to data/cron_job_data/vikas_sadan_cron_output.csv with Timestamp: 2024-01-09 08:00:00
2024-01-09 03:07:29,866 - __main__ - INFO - datetime.now()=> 2024-01-09 03:07:29.866740
2024-01-09 04:08:02,487 - __main__ - INFO - station=> nise gwal, result => ['184', 'NISE Gwal Pahari, Gurugram, India', Timestamp('2024-01-06 11:00:00')]
2024-01-09 04:08:02,488 - __main__ - INFO - Timestamp 2024-01-06 11:00:00 already present in data/cron_job_data/nise_cron_output.csv, not appending.
2024-01-09 04:08:03,193 - __main__ - INFO - station=> Sector-51, Gurugram, result => ['167', 'Sector-51, Gurugram, India', Timestamp('2024-01-09 09:00:00')]
2024-01-09 04:08:03,194 - __main__ - INFO - The hourly data has been written to data/cron_job_data/sector_51_cron_output.csv with Timestamp: 2024-01-09 09:00:00
2024-01-09 04:08:03,904 - __main__ - INFO - station=> Teri Gram, result => ['151', 'Teri Gram, Gurugram, India', Timestamp('2024-01-09 09:00:00')]
2024-01-09 04:08:03,905 - __main__ - INFO - The hourly data has been written to data/cron_job_data/teri_gram_cron_output.csv with Timestamp: 2024-01-09 09:00:00
2024-01-09 04:08:04,619 - __main__ - INFO - station=> Vikas Sadan, result => ['91', 'Vikas Sadan Gurgaon, Gurgaon, India', Timestamp('2024-01-09 09:00:00')]
2024-01-09 04:08:04,619 - __main__ - INFO - The hourly data has been written to data/cron_job_data/vikas_sadan_cron_output.csv with Timestamp: 2024-01-09 09:00:00
2024-01-09 04:08:04,620 - __main__ - INFO - datetime.now()=> 2024-01-09 04:08:04.620977
2024-01-09 05:04:28,082 - __main__ - INFO - station=> nise gwal, result => ['184', 'NISE Gwal Pahari, Gurugram, India', Timestamp('2024-01-06 11:00:00')]
2024-01-09 05:04:28,083 - __main__ - INFO - Timestamp 2024-01-06 11:00:00 already present in data/cron_job_data/nise_cron_output.csv, not appending.
2024-01-09 05:04:28,567 - __main__ - INFO - station=> Sector-51, Gurugram, result => ['167', 'Sector-51, Gurugram, India', Timestamp('2024-01-09 10:00:00')]
2024-01-09 05:04:28,567 - __main__ - INFO - The hourly data has been written to data/cron_job_data/sector_51_cron_output.csv with Timestamp: 2024-01-09 10:00:00
2024-01-09 05:04:29,051 - __main__ - INFO - station=> Teri Gram, result => ['151', 'Teri Gram, Gurugram, India', Timestamp('2024-01-09 10:00:00')]
2024-01-09 05:04:29,051 - __main__ - INFO - The hourly data has been written to data/cron_job_data/teri_gram_cron_output.csv with Timestamp: 2024-01-09 10:00:00
2024-01-09 05:04:29,532 - __main__ - INFO - station=> Vikas Sadan, result => ['91', 'Vikas Sadan Gurgaon, Gurgaon, India', Timestamp('2024-01-09 10:00:00')]
2024-01-09 05:04:29,532 - __main__ - INFO - The hourly data has been written to data/cron_job_data/vikas_sadan_cron_output.csv with Timestamp: 2024-01-09 10:00:00
2024-01-09 05:04:29,534 - __main__ - INFO - datetime.now()=> 2024-01-09 05:04:29.534024
2024-01-09 06:08:53,761 - __main__ - INFO - station=> nise gwal, result => ['184', 'NISE Gwal Pahari, Gurugram, India', Timestamp('2024-01-06 11:00:00')]
2024-01-09 06:08:53,762 - __main__ - INFO - Timestamp 2024-01-06 11:00:00 already present in data/cron_job_data/nise_cron_output.csv, not appending.
2024-01-09 06:08:54,252 - __main__ - INFO - station=> Sector-51, Gurugram, result => ['167', 'Sector-51, Gurugram, India', Timestamp('2024-01-09 10:00:00')]
2024-01-09 06:08:54,253 - __main__ - INFO - Timestamp 2024-01-09 10:00:00 already present in data/cron_job_data/sector_51_cron_output.csv, not appending.
2024-01-09 06:08:54,747 - __main__ - INFO - station=> Teri Gram, result => ['151', 'Teri Gram, Gurugram, India', Timestamp('2024-01-09 10:00:00')]
2024-01-09 06:08:54,748 - __main__ - INFO - Timestamp 2024-01-09 10:00:00 already present in data/cron_job_data/teri_gram_cron_output.csv, not appending.
2024-01-09 06:08:55,223 - __main__ - INFO - station=> Vikas Sadan, result => ['91', 'Vikas Sadan Gurgaon, Gurgaon, India', Timestamp('2024-01-09 10:00:00')]
2024-01-09 06:08:55,224 - __main__ - INFO - Timestamp 2024-01-09 10:00:00 already present in data/cron_job_data/vikas_sadan_cron_output.csv, not appending.
2024-01-09 06:08:55,225 - __main__ - INFO - datetime.now()=> 2024-01-09 06:08:55.225067
2024-01-09 07:07:02,630 - __main__ - INFO - station=> nise gwal, result => ['184', 'NISE Gwal Pahari, Gurugram, India', Timestamp('2024-01-06 11:00:00')]
2024-01-09 07:07:02,631 - __main__ - INFO - Timestamp 2024-01-06 11:00:00 already present in data/cron_job_data/nise_cron_output.csv, not appending.
2024-01-09 07:07:03,190 - __main__ - INFO - station=> Sector-51, Gurugram, result => ['167', 'Sector-51, Gurugram, India', Timestamp('2024-01-09 10:00:00')]
2024-01-09 07:07:03,190 - __main__ - INFO - Timestamp 2024-01-09 10:00:00 already present in data/cron_job_data/sector_51_cron_output.csv, not appending.
2024-01-09 07:07:03,889 - __main__ - INFO - station=> Teri Gram, result => ['151', 'Teri Gram, Gurugram, India', Timestamp('2024-01-09 10:00:00')]
2024-01-09 07:07:03,889 - __main__ - INFO - Timestamp 2024-01-09 10:00:00 already present in data/cron_job_data/teri_gram_cron_output.csv, not appending.
2024-01-09 07:07:04,418 - __main__ - INFO - station=> Vikas Sadan, result => ['91', 'Vikas Sadan Gurgaon, Gurgaon, India', Timestamp('2024-01-09 10:00:00')]
2024-01-09 07:07:04,419 - __main__ - INFO - Timestamp 2024-01-09 10:00:00 already present in data/cron_job_data/vikas_sadan_cron_output.csv, not appending.
2024-01-09 07:07:04,420 - __main__ - INFO - datetime.now()=> 2024-01-09 07:07:04.420354
