2024-06-09 00:37:43,136 - __main__ - INFO - station=> Sector-51, Gurugram, result => ['174', 'Sector-51, Gurugram, India', Timestamp('2024-06-09 05:00:00')]
2024-06-09 00:37:43,136 - __main__ - INFO - The hourly data has been written to data/cron_job_data/sector_51_cron_output.csv with Timestamp: 2024-06-09 05:00:00
2024-06-09 00:37:43,610 - __main__ - INFO - station=> Sector-51, Gurugram, result => ['174', 'Sector-51, Gurugram, India', Timestamp('2024-06-09 05:00:00')]
2024-06-09 00:37:43,610 - __main__ - INFO - The hourly data has been written to static/data/sector_51_cron_output.csv with Timestamp: 2024-06-09 05:00:00
2024-06-09 01:59:25,593 - __main__ - INFO - Calling writeData & retrain_model functions.
2024-06-09 01:59:25,601 - __main__ - INFO - df_api columns Index(['AQI'], dtype='object')
2024-06-09 01:59:25,601 - __main__ - INFO - today=> 2024-06-09 & yesterday=> 2024-06-08
2024-06-09 01:59:25,603 - __main__ - INFO - temp_daily_aqi columns Index(['Unnamed: 0', 'Date', 'AQI'], dtype='object')
2024-06-09 01:59:25,605 - __main__ - INFO - temp_daily_aqi[2024-06-08]=> Empty DataFrame
Columns: [Unnamed: 0, AQI]
Index: []
2024-06-09 01:59:25,606 - __main__ - INFO - Index => 1556, yesterday => 2024-06-08 & AQI => 249.0
2024-06-09 01:59:25,606 - __main__ - INFO - Daily AQI data has been written to data/cleaned_data/Forecasting_time_series/sector_51_daily_aqi.csv
2024-06-09 01:59:25,607 - __main__ - INFO - Index => 1556, yesterday => 2024-06-08 & AQI => 249.0
2024-06-09 01:59:25,607 - __main__ - INFO - Daily AQI data has been written to static/data/sector_51_daily_aqi.csv
2024-06-09 01:59:25,611 - __main__ - INFO - Re-training the model & train_end is 2024-06-03 00:00:00
2024-06-09 01:59:26,867 - __main__ - INFO - Retrained the model & MAPE is 12.2%
2024-06-09 01:59:26,868 - __main__ - INFO - Retrained the model & MAE is 26.921758778375743
2024-06-09 01:59:28,218 - __main__ - INFO - Forecast=> 2024-06-09    215.635516
2024-06-10    219.618839
2024-06-11    216.971501
2024-06-12    218.675390
2024-06-13    213.022546
Freq: D, Name: predicted_mean, dtype: float64
2024-06-09 01:59:28,219 - __main__ - INFO - The forecast data has been written to data/cleaned_data/Forecasting_time_series/forecast_sector_51_daily_aqi.csv
2024-06-09 01:59:28,219 - __main__ - INFO - The forecast data has been written to static/data/forecast_sector_51_daily_aqi.csv
