2024-03-09 01:12:53,851 - __main__ - INFO - station=> Sector-51, Gurugram, result => ['179', 'Sector-51, Gurugram, India', Timestamp('2024-03-09 06:00:00')]
2024-03-09 01:12:53,851 - __main__ - INFO - The hourly data has been written to data/cron_job_data/sector_51_cron_output.csv with Timestamp: 2024-03-09 06:00:00
2024-03-09 01:12:54,322 - __main__ - INFO - station=> Sector-51, Gurugram, result => ['179', 'Sector-51, Gurugram, India', Timestamp('2024-03-09 06:00:00')]
2024-03-09 01:12:54,322 - __main__ - INFO - The hourly data has been written to static/data/sector_51_cron_output.csv with Timestamp: 2024-03-09 06:00:00
2024-03-09 01:12:54,323 - __main__ - INFO - Calling writeData & retrain_model functions.
2024-03-09 01:12:54,329 - __main__ - INFO - df_api columns Index(['AQI'], dtype='object')
2024-03-09 01:12:54,329 - __main__ - INFO - today=> 2024-03-09 & yesterday=> 2024-03-08
2024-03-09 01:12:54,331 - __main__ - INFO - temp_daily_aqi columns Index(['Unnamed: 0', 'Date', 'AQI'], dtype='object')
2024-03-09 01:12:54,333 - __main__ - INFO - temp_daily_aqi[2024-03-08]=> Empty DataFrame
Columns: [Unnamed: 0, AQI]
Index: []
2024-03-09 01:12:54,334 - __main__ - INFO - Index => 1464, yesterday => 2024-03-08 & AQI => 171.0
2024-03-09 01:12:54,334 - __main__ - INFO - Daily AQI data has been written to data/cleaned_data/Forecasting_time_series/sector_51_daily_aqi.csv
2024-03-09 01:12:54,334 - __main__ - INFO - Index => 1464, yesterday => 2024-03-08 & AQI => 171.0
2024-03-09 01:12:54,335 - __main__ - INFO - Daily AQI data has been written to static/data/sector_51_daily_aqi.csv
2024-03-09 01:12:54,339 - __main__ - INFO - Re-training the model & train_end is 2024-03-03 00:00:00
2024-03-09 01:12:55,744 - __main__ - INFO - Retrained the model & MAPE is 13.28%
2024-03-09 01:12:55,745 - __main__ - INFO - Retrained the model & MAE is 23.52757559176387%
2024-03-09 01:12:57,012 - __main__ - INFO - Forecast=> 2024-03-09    195.451006
2024-03-10    176.542360
2024-03-11    180.413440
2024-03-12    185.852948
2024-03-13    186.790065
Freq: D, Name: predicted_mean, dtype: float64
2024-03-09 01:12:57,012 - __main__ - INFO - The forecast data has been written to data/cleaned_data/Forecasting_time_series/forecast_sector_51_daily_aqi.csv
2024-03-09 01:12:57,013 - __main__ - INFO - The forecast data has been written to static/data/forecast_sector_51_daily_aqi.csv
2024-03-09 01:52:36,827 - __main__ - INFO - station=> Sector-51, Gurugram, result => ['180', 'Sector-51, Gurugram, India', Timestamp('2024-03-09 07:00:00')]
2024-03-09 01:52:36,827 - __main__ - INFO - The hourly data has been written to data/cron_job_data/sector_51_cron_output.csv with Timestamp: 2024-03-09 07:00:00
2024-03-09 01:52:37,521 - __main__ - INFO - station=> Sector-51, Gurugram, result => ['180', 'Sector-51, Gurugram, India', Timestamp('2024-03-09 07:00:00')]
2024-03-09 01:52:37,521 - __main__ - INFO - The hourly data has been written to static/data/sector_51_cron_output.csv with Timestamp: 2024-03-09 07:00:00
2024-03-09 01:52:37,522 - __main__ - INFO - Calling writeData & retrain_model functions.
2024-03-09 01:52:37,528 - __main__ - INFO - df_api columns Index(['AQI'], dtype='object')
2024-03-09 01:52:37,528 - __main__ - INFO - today=> 2024-03-09 & yesterday=> 2024-03-08
2024-03-09 01:52:37,530 - __main__ - INFO - temp_daily_aqi columns Index(['Unnamed: 0', 'Date', 'AQI'], dtype='object')
2024-03-09 01:52:37,537 - __main__ - INFO - temp_daily_aqi[2024-03-08]=>             Unnamed: 0    AQI
Date                         
2024-03-08        1464  171.0
2024-03-09 01:52:37,542 - __main__ - INFO - Re-training the model & train_end is 2024-03-03 00:00:00
2024-03-09 01:52:38,970 - __main__ - INFO - Retrained the model & MAPE is 13.28%
2024-03-09 01:52:38,971 - __main__ - INFO - Retrained the model & MAE is 23.52757559176387%
2024-03-09 01:52:40,228 - __main__ - INFO - Forecast=> 2024-03-09    195.451006
2024-03-10    176.542360
2024-03-11    180.413440
2024-03-12    185.852948
2024-03-13    186.790065
Freq: D, Name: predicted_mean, dtype: float64
2024-03-09 01:52:40,228 - __main__ - INFO - The forecast data has been written to data/cleaned_data/Forecasting_time_series/forecast_sector_51_daily_aqi.csv
2024-03-09 01:52:40,229 - __main__ - INFO - The forecast data has been written to static/data/forecast_sector_51_daily_aqi.csv
2024-03-09 02:46:41,944 - __main__ - INFO - station=> Sector-51, Gurugram, result => ['186', 'Sector-51, Gurugram, India', Timestamp('2024-03-09 08:00:00')]
2024-03-09 02:46:41,945 - __main__ - INFO - The hourly data has been written to data/cron_job_data/sector_51_cron_output.csv with Timestamp: 2024-03-09 08:00:00
2024-03-09 02:46:42,408 - __main__ - INFO - station=> Sector-51, Gurugram, result => ['186', 'Sector-51, Gurugram, India', Timestamp('2024-03-09 08:00:00')]
2024-03-09 02:46:42,408 - __main__ - INFO - The hourly data has been written to static/data/sector_51_cron_output.csv with Timestamp: 2024-03-09 08:00:00
2024-03-09 03:46:45,336 - __main__ - INFO - station=> Sector-51, Gurugram, result => ['190', 'Sector-51, Gurugram, India', Timestamp('2024-03-09 09:00:00')]
2024-03-09 03:46:45,336 - __main__ - INFO - The hourly data has been written to data/cron_job_data/sector_51_cron_output.csv with Timestamp: 2024-03-09 09:00:00
2024-03-09 03:46:45,997 - __main__ - INFO - station=> Sector-51, Gurugram, result => ['190', 'Sector-51, Gurugram, India', Timestamp('2024-03-09 09:00:00')]
2024-03-09 03:46:45,997 - __main__ - INFO - The hourly data has been written to static/data/sector_51_cron_output.csv with Timestamp: 2024-03-09 09:00:00
2024-03-09 05:00:38,374 - __main__ - INFO - station=> Sector-51, Gurugram, result => ['184', 'Sector-51, Gurugram, India', Timestamp('2024-03-09 10:00:00')]
2024-03-09 05:00:38,374 - __main__ - INFO - The hourly data has been written to data/cron_job_data/sector_51_cron_output.csv with Timestamp: 2024-03-09 10:00:00
2024-03-09 05:00:39,018 - __main__ - INFO - station=> Sector-51, Gurugram, result => ['184', 'Sector-51, Gurugram, India', Timestamp('2024-03-09 10:00:00')]
2024-03-09 05:00:39,018 - __main__ - INFO - The hourly data has been written to static/data/sector_51_cron_output.csv with Timestamp: 2024-03-09 10:00:00
2024-03-09 06:46:38,457 - __main__ - INFO - station=> Sector-51, Gurugram, result => ['182', 'Sector-51, Gurugram, India', Timestamp('2024-03-09 12:00:00')]
2024-03-09 06:46:38,457 - __main__ - INFO - The hourly data has been written to data/cron_job_data/sector_51_cron_output.csv with Timestamp: 2024-03-09 12:00:00
2024-03-09 06:46:39,097 - __main__ - INFO - station=> Sector-51, Gurugram, result => ['182', 'Sector-51, Gurugram, India', Timestamp('2024-03-09 12:00:00')]
2024-03-09 06:46:39,097 - __main__ - INFO - The hourly data has been written to static/data/sector_51_cron_output.csv with Timestamp: 2024-03-09 12:00:00
2024-03-09 07:46:34,868 - __main__ - INFO - station=> Sector-51, Gurugram, result => ['171', 'Sector-51, Gurugram, India', Timestamp('2024-03-09 13:00:00')]
2024-03-09 07:46:34,868 - __main__ - INFO - The hourly data has been written to data/cron_job_data/sector_51_cron_output.csv with Timestamp: 2024-03-09 13:00:00
2024-03-09 07:46:35,568 - __main__ - INFO - station=> Sector-51, Gurugram, result => ['171', 'Sector-51, Gurugram, India', Timestamp('2024-03-09 13:00:00')]
2024-03-09 07:46:35,568 - __main__ - INFO - The hourly data has been written to static/data/sector_51_cron_output.csv with Timestamp: 2024-03-09 13:00:00
