2024-07-09 00:34:33,743 - __main__ - INFO - station=> Sector-51, Gurugram, result => ['134', 'Sector-51, Gurugram, India', Timestamp('2024-07-09 05:00:00')]
2024-07-09 00:34:33,744 - __main__ - INFO - The hourly data has been written to data/cron_job_data/sector_51_cron_output.csv with Timestamp: 2024-07-09 05:00:00
2024-07-09 00:34:34,459 - __main__ - INFO - station=> Sector-51, Gurugram, result => ['134', 'Sector-51, Gurugram, India', Timestamp('2024-07-09 05:00:00')]
2024-07-09 00:34:34,459 - __main__ - INFO - The hourly data has been written to static/data/sector_51_cron_output.csv with Timestamp: 2024-07-09 05:00:00
2024-07-09 01:57:21,868 - __main__ - INFO - station=> Sector-51, Gurugram, result => ['163', 'Sector-51, Gurugram, India', Timestamp('2024-07-09 07:00:00')]
2024-07-09 01:57:21,868 - __main__ - INFO - The hourly data has been written to data/cron_job_data/sector_51_cron_output.csv with Timestamp: 2024-07-09 07:00:00
2024-07-09 01:57:22,534 - __main__ - INFO - station=> Sector-51, Gurugram, result => ['163', 'Sector-51, Gurugram, India', Timestamp('2024-07-09 07:00:00')]
2024-07-09 01:57:22,534 - __main__ - INFO - The hourly data has been written to static/data/sector_51_cron_output.csv with Timestamp: 2024-07-09 07:00:00
2024-07-09 01:57:22,535 - __main__ - INFO - Calling writeData & retrain_model functions.
2024-07-09 01:57:22,543 - __main__ - INFO - df_api columns Index(['AQI'], dtype='object')
2024-07-09 01:57:22,543 - __main__ - INFO - today=> 2024-07-09 & yesterday=> 2024-07-08
2024-07-09 01:57:22,545 - __main__ - INFO - temp_daily_aqi columns Index(['Unnamed: 0', 'Date', 'AQI'], dtype='object')
2024-07-09 01:57:22,547 - __main__ - INFO - temp_daily_aqi[2024-07-08]=> Empty DataFrame
Columns: [Unnamed: 0, AQI]
Index: []
2024-07-09 01:57:22,548 - __main__ - INFO - Index => 1586, yesterday => 2024-07-08 & AQI => 146.0
2024-07-09 01:57:22,548 - __main__ - INFO - Daily AQI data has been written to data/cleaned_data/Forecasting_time_series/sector_51_daily_aqi.csv
2024-07-09 01:57:22,548 - __main__ - INFO - Index => 1586, yesterday => 2024-07-08 & AQI => 146.0
2024-07-09 01:57:22,549 - __main__ - INFO - Daily AQI data has been written to static/data/sector_51_daily_aqi.csv
2024-07-09 01:57:22,553 - __main__ - INFO - Re-training the model & train_end is 2024-07-03 00:00:00
2024-07-09 01:57:23,680 - __main__ - INFO - Retrained the model & MAPE is 20.68%
2024-07-09 01:57:23,680 - __main__ - INFO - Retrained the model & MAE is 24.11943605172447
2024-07-09 01:57:24,973 - __main__ - INFO - Forecast=> 2024-07-09    147.464171
2024-07-10    156.446284
2024-07-11    157.579390
2024-07-12    167.497961
2024-07-13    186.490984
Freq: D, Name: predicted_mean, dtype: float64
2024-07-09 01:57:24,977 - __main__ - INFO - The forecast data has been written to data/cleaned_data/Forecasting_time_series/forecast_sector_51_daily_aqi.csv
2024-07-09 01:57:24,977 - __main__ - INFO - The forecast data has been written to static/data/forecast_sector_51_daily_aqi.csv
