2024-10-09 01:13:25,225 - __main__ - INFO - station=> Sector-51, Gurugram, result => ['173', 'Sector-51, Gurugram, India', Timestamp('2024-10-09 06:00:00')]
2024-10-09 01:13:25,225 - __main__ - INFO - The hourly data has been written to data/cron_job_data/sector_51_cron_output.csv with Timestamp: 2024-10-09 06:00:00
2024-10-09 01:13:25,895 - __main__ - INFO - station=> Sector-51, Gurugram, result => ['173', 'Sector-51, Gurugram, India', Timestamp('2024-10-09 06:00:00')]
2024-10-09 01:13:25,895 - __main__ - INFO - The hourly data has been written to static/data/sector_51_cron_output.csv with Timestamp: 2024-10-09 06:00:00
2024-10-09 01:13:25,959 - __main__ - INFO - df_api columns Index(['AQI'], dtype='object')
2024-10-09 01:13:25,959 - __main__ - INFO - today=> 2024-10-09 & yesterday=> 2024-10-08
2024-10-09 01:13:25,961 - __main__ - INFO - temp_daily_aqi columns Index(['Unnamed: 0', 'Date', 'AQI'], dtype='object')
2024-10-09 01:13:25,964 - __main__ - INFO - temp_daily_aqi[2024-10-08]=> Empty DataFrame
Columns: [Unnamed: 0, AQI]
Index: []
2024-10-09 01:13:25,964 - __main__ - INFO - Index => 1678, yesterday => 2024-10-08 & AQI => 167.0
2024-10-09 01:13:25,964 - __main__ - INFO - Daily AQI data has been written to data/cleaned_data/Forecasting_time_series/sector_51_daily_aqi.csv
2024-10-09 01:13:25,965 - __main__ - INFO - Index => 1678, yesterday => 2024-10-08 & AQI => 167.0
2024-10-09 01:13:25,965 - __main__ - INFO - Daily AQI data has been written to static/data/sector_51_daily_aqi.csv
2024-10-09 01:13:25,970 - __main__ - INFO - Re-training the model & train_end is 2024-10-03 00:00:00
2024-10-09 01:13:27,267 - __main__ - INFO - Retrained the model & MAPE is 69.33%
2024-10-09 01:13:27,267 - __main__ - INFO - Retrained the model & MAE is 98.70982735577641
2024-10-09 01:13:28,636 - __main__ - INFO - Forecast=> 2024-10-09    163.397036
2024-10-10    167.979663
2024-10-11    169.326819
2024-10-12    184.125976
2024-10-13    168.348221
Freq: D, Name: predicted_mean, dtype: float64
2024-10-09 01:13:28,636 - __main__ - INFO - The forecast data has been written to data/cleaned_data/Forecasting_time_series/forecast_sector_51_daily_aqi.csv
2024-10-09 01:13:28,637 - __main__ - INFO - The forecast data has been written to static/data/forecast_sector_51_daily_aqi.csv
2024-10-09 04:19:11,227 - __main__ - INFO - station=> Sector-51, Gurugram, result => ['166', 'Sector-51, Gurugram, India', Timestamp('2024-10-09 09:00:00')]
2024-10-09 04:19:11,227 - __main__ - INFO - The hourly data has been written to data/cron_job_data/sector_51_cron_output.csv with Timestamp: 2024-10-09 09:00:00
2024-10-09 04:19:11,911 - __main__ - INFO - station=> Sector-51, Gurugram, result => ['166', 'Sector-51, Gurugram, India', Timestamp('2024-10-09 09:00:00')]
2024-10-09 04:19:11,911 - __main__ - INFO - The hourly data has been written to static/data/sector_51_cron_output.csv with Timestamp: 2024-10-09 09:00:00
2024-10-09 08:21:07,820 - __main__ - INFO - station=> Sector-51, Gurugram, result => ['118', 'Sector-51, Gurugram, India', Timestamp('2024-10-09 13:00:00')]
2024-10-09 08:21:07,820 - __main__ - INFO - The hourly data has been written to data/cron_job_data/sector_51_cron_output.csv with Timestamp: 2024-10-09 13:00:00
2024-10-09 08:21:08,543 - __main__ - INFO - station=> Sector-51, Gurugram, result => ['118', 'Sector-51, Gurugram, India', Timestamp('2024-10-09 13:00:00')]
2024-10-09 08:21:08,543 - __main__ - INFO - The hourly data has been written to static/data/sector_51_cron_output.csv with Timestamp: 2024-10-09 13:00:00
2024-10-09 12:31:42,681 - __main__ - INFO - station=> Sector-51, Gurugram, result => ['56', 'Sector-51, Gurugram, India', Timestamp('2024-10-09 17:00:00')]
2024-10-09 12:31:42,681 - __main__ - INFO - The hourly data has been written to data/cron_job_data/sector_51_cron_output.csv with Timestamp: 2024-10-09 17:00:00
2024-10-09 12:31:43,309 - __main__ - INFO - station=> Sector-51, Gurugram, result => ['56', 'Sector-51, Gurugram, India', Timestamp('2024-10-09 17:00:00')]
2024-10-09 12:31:43,309 - __main__ - INFO - The hourly data has been written to static/data/sector_51_cron_output.csv with Timestamp: 2024-10-09 17:00:00
2024-10-09 16:20:00,342 - __main__ - INFO - station=> Sector-51, Gurugram, result => ['164', 'Sector-51, Gurugram, India', Timestamp('2024-10-09 21:00:00')]
2024-10-09 16:20:00,342 - __main__ - INFO - The hourly data has been written to data/cron_job_data/sector_51_cron_output.csv with Timestamp: 2024-10-09 21:00:00
2024-10-09 16:20:00,964 - __main__ - INFO - station=> Sector-51, Gurugram, result => ['164', 'Sector-51, Gurugram, India', Timestamp('2024-10-09 21:00:00')]
2024-10-09 16:20:00,964 - __main__ - INFO - The hourly data has been written to static/data/sector_51_cron_output.csv with Timestamp: 2024-10-09 21:00:00
