2023-12-09 00:28:22,107 - __main__ - INFO - station=> nise gwal, result => ['175', 'NISE Gwal Pahari, Gurugram, India', Timestamp('2023-12-09 05:00:00')]
2023-12-09 00:28:22,108 - __main__ - INFO - The data has been written to data/cron_job_data/nise_cron_output.csv with Timestamp: 2023-12-09 05:00:00
2023-12-09 00:28:22,797 - __main__ - INFO - station=> Sector-51, Gurugram, result => ['247', 'Sector-51, Gurugram, India', Timestamp('2023-12-09 05:00:00')]
2023-12-09 00:28:22,797 - __main__ - INFO - The data has been written to data/cron_job_data/sector_51_cron_output.csv with Timestamp: 2023-12-09 05:00:00
2023-12-09 00:28:23,488 - __main__ - INFO - station=> Teri Gram, result => ['200', 'Teri Gram, Gurugram, India', Timestamp('2023-12-09 05:00:00')]
2023-12-09 00:28:23,488 - __main__ - INFO - The data has been written to data/cron_job_data/teri_gram_cron_output.csv with Timestamp: 2023-12-09 05:00:00
2023-12-09 00:28:24,164 - __main__ - INFO - station=> Vikas Sadan, result => ['182', 'Vikas Sadan Gurgaon, Gurgaon, India', Timestamp('2023-12-09 00:00:00')]
2023-12-09 00:28:24,165 - __main__ - INFO - Timestamp 2023-12-09 00:00:00 already present in data/cron_job_data/vikas_sadan_cron_output.csv, not appending.
2023-12-09 01:43:17,300 - __main__ - INFO - station=> nise gwal, result => ['189', 'NISE Gwal Pahari, Gurugram, India', Timestamp('2023-12-09 07:00:00')]
2023-12-09 01:43:17,300 - __main__ - INFO - The data has been written to data/cron_job_data/nise_cron_output.csv with Timestamp: 2023-12-09 07:00:00
2023-12-09 01:43:17,926 - __main__ - INFO - station=> Sector-51, Gurugram, result => ['198', 'Sector-51, Gurugram, India', Timestamp('2023-12-09 07:00:00')]
2023-12-09 01:43:17,927 - __main__ - INFO - The data has been written to data/cron_job_data/sector_51_cron_output.csv with Timestamp: 2023-12-09 07:00:00
2023-12-09 01:43:18,568 - __main__ - INFO - station=> Teri Gram, result => ['195', 'Teri Gram, Gurugram, India', Timestamp('2023-12-09 07:00:00')]
2023-12-09 01:43:18,568 - __main__ - INFO - The data has been written to data/cron_job_data/teri_gram_cron_output.csv with Timestamp: 2023-12-09 07:00:00
2023-12-09 01:43:19,206 - __main__ - INFO - station=> Vikas Sadan, result => ['182', 'Vikas Sadan Gurgaon, Gurgaon, India', Timestamp('2023-12-09 00:00:00')]
2023-12-09 01:43:19,206 - __main__ - INFO - Timestamp 2023-12-09 00:00:00 already present in data/cron_job_data/vikas_sadan_cron_output.csv, not appending.
2023-12-09 02:18:00,172 - __main__ - INFO - station=> nise gwal, result => ['189', 'NISE Gwal Pahari, Gurugram, India', Timestamp('2023-12-09 07:00:00')]
2023-12-09 02:18:00,173 - __main__ - INFO - Timestamp 2023-12-09 07:00:00 already present in data/cron_job_data/nise_cron_output.csv, not appending.
2023-12-09 02:18:00,648 - __main__ - INFO - station=> Sector-51, Gurugram, result => ['200', 'Sector-51, Gurugram, India', Timestamp('2023-12-09 07:00:00')]
2023-12-09 02:18:00,648 - __main__ - INFO - Timestamp 2023-12-09 07:00:00 already present in data/cron_job_data/sector_51_cron_output.csv, not appending.
2023-12-09 02:18:01,127 - __main__ - INFO - station=> Teri Gram, result => ['195', 'Teri Gram, Gurugram, India', Timestamp('2023-12-09 07:00:00')]
2023-12-09 02:18:01,127 - __main__ - INFO - Timestamp 2023-12-09 07:00:00 already present in data/cron_job_data/teri_gram_cron_output.csv, not appending.
2023-12-09 02:18:01,604 - __main__ - INFO - station=> Vikas Sadan, result => ['182', 'Vikas Sadan Gurgaon, Gurgaon, India', Timestamp('2023-12-09 00:00:00')]
2023-12-09 02:18:01,604 - __main__ - INFO - Timestamp 2023-12-09 00:00:00 already present in data/cron_job_data/vikas_sadan_cron_output.csv, not appending.
2023-12-09 03:05:21,734 - __main__ - INFO - station=> nise gwal, result => ['184', 'NISE Gwal Pahari, Gurugram, India', Timestamp('2023-12-09 08:00:00')]
2023-12-09 03:05:21,734 - __main__ - INFO - The data has been written to data/cron_job_data/nise_cron_output.csv with Timestamp: 2023-12-09 08:00:00
2023-12-09 03:05:22,453 - __main__ - INFO - station=> Sector-51, Gurugram, result => ['214', 'Sector-51, Gurugram, India', Timestamp('2023-12-09 08:00:00')]
2023-12-09 03:05:22,453 - __main__ - INFO - The data has been written to data/cron_job_data/sector_51_cron_output.csv with Timestamp: 2023-12-09 08:00:00
2023-12-09 03:05:23,173 - __main__ - INFO - station=> Teri Gram, result => ['193', 'Teri Gram, Gurugram, India', Timestamp('2023-12-09 08:00:00')]
2023-12-09 03:05:23,173 - __main__ - INFO - The data has been written to data/cron_job_data/teri_gram_cron_output.csv with Timestamp: 2023-12-09 08:00:00
2023-12-09 03:05:23,886 - __main__ - INFO - station=> Vikas Sadan, result => ['182', 'Vikas Sadan Gurgaon, Gurgaon, India', Timestamp('2023-12-09 00:00:00')]
2023-12-09 03:05:23,886 - __main__ - INFO - Timestamp 2023-12-09 00:00:00 already present in data/cron_job_data/vikas_sadan_cron_output.csv, not appending.
