2024-09-10 01:10:47,335 - __main__ - INFO - station=> Sector-51, Gurugram, result => ['172', 'Sector-51, Gurugram, India', Timestamp('2024-09-10 06:00:00')]
2024-09-10 01:10:47,335 - __main__ - INFO - The hourly data has been written to data/cron_job_data/sector_51_cron_output.csv with Timestamp: 2024-09-10 06:00:00
2024-09-10 01:10:48,023 - __main__ - INFO - station=> Sector-51, Gurugram, result => ['172', 'Sector-51, Gurugram, India', Timestamp('2024-09-10 06:00:00')]
2024-09-10 01:10:48,024 - __main__ - INFO - The hourly data has been written to static/data/sector_51_cron_output.csv with Timestamp: 2024-09-10 06:00:00
2024-09-10 01:10:48,106 - __main__ - INFO - df_api columns Index(['AQI'], dtype='object')
2024-09-10 01:10:48,106 - __main__ - INFO - today=> 2024-09-10 & yesterday=> 2024-09-09
2024-09-10 01:10:48,108 - __main__ - INFO - temp_daily_aqi columns Index(['Unnamed: 0', 'Date', 'AQI'], dtype='object')
2024-09-10 01:10:48,111 - __main__ - INFO - temp_daily_aqi[2024-09-09]=> Empty DataFrame
Columns: [Unnamed: 0, AQI]
Index: []
2024-09-10 01:10:48,111 - __main__ - INFO - Index => 1649, yesterday => 2024-09-09 & AQI => 132.0
2024-09-10 01:10:48,111 - __main__ - INFO - Daily AQI data has been written to data/cleaned_data/Forecasting_time_series/sector_51_daily_aqi.csv
2024-09-10 01:10:48,112 - __main__ - INFO - Index => 1649, yesterday => 2024-09-09 & AQI => 132.0
2024-09-10 01:10:48,112 - __main__ - INFO - Daily AQI data has been written to static/data/sector_51_daily_aqi.csv
2024-09-10 01:10:48,116 - __main__ - INFO - Re-training the model & train_end is 2024-09-04 00:00:00
2024-09-10 01:10:49,694 - __main__ - INFO - Retrained the model & MAPE is 8.71%
2024-09-10 01:10:49,694 - __main__ - INFO - Retrained the model & MAE is 11.335881194086198
2024-09-10 01:10:51,139 - __main__ - INFO - Forecast=> 2024-09-10    138.681678
2024-09-11    144.581514
2024-09-12    150.082343
2024-09-13    155.894850
2024-09-14    171.957408
Freq: D, Name: predicted_mean, dtype: float64
2024-09-10 01:10:51,140 - __main__ - INFO - The forecast data has been written to data/cleaned_data/Forecasting_time_series/forecast_sector_51_daily_aqi.csv
2024-09-10 01:10:51,140 - __main__ - INFO - The forecast data has been written to static/data/forecast_sector_51_daily_aqi.csv
2024-09-10 04:18:39,712 - __main__ - INFO - station=> Sector-51, Gurugram, result => ['164', 'Sector-51, Gurugram, India', Timestamp('2024-09-10 09:00:00')]
2024-09-10 04:18:39,712 - __main__ - INFO - The hourly data has been written to data/cron_job_data/sector_51_cron_output.csv with Timestamp: 2024-09-10 09:00:00
2024-09-10 04:18:40,403 - __main__ - INFO - station=> Sector-51, Gurugram, result => ['164', 'Sector-51, Gurugram, India', Timestamp('2024-09-10 09:00:00')]
2024-09-10 04:18:40,403 - __main__ - INFO - The hourly data has been written to static/data/sector_51_cron_output.csv with Timestamp: 2024-09-10 09:00:00
2024-09-10 08:20:01,115 - __main__ - INFO - station=> Sector-51, Gurugram, result => ['55', 'Sector-51, Gurugram, India', Timestamp('2024-09-10 13:00:00')]
2024-09-10 08:20:01,115 - __main__ - INFO - The hourly data has been written to data/cron_job_data/sector_51_cron_output.csv with Timestamp: 2024-09-10 13:00:00
2024-09-10 08:20:01,604 - __main__ - INFO - station=> Sector-51, Gurugram, result => ['55', 'Sector-51, Gurugram, India', Timestamp('2024-09-10 13:00:00')]
2024-09-10 08:20:01,604 - __main__ - INFO - The hourly data has been written to static/data/sector_51_cron_output.csv with Timestamp: 2024-09-10 13:00:00
2024-09-10 12:31:54,438 - __main__ - INFO - station=> Sector-51, Gurugram, result => ['114', 'Sector-51, Gurugram, India', Timestamp('2024-09-10 17:00:00')]
2024-09-10 12:31:54,438 - __main__ - INFO - The hourly data has been written to data/cron_job_data/sector_51_cron_output.csv with Timestamp: 2024-09-10 17:00:00
2024-09-10 12:31:55,086 - __main__ - INFO - station=> Sector-51, Gurugram, result => ['114', 'Sector-51, Gurugram, India', Timestamp('2024-09-10 17:00:00')]
2024-09-10 12:31:55,086 - __main__ - INFO - The hourly data has been written to static/data/sector_51_cron_output.csv with Timestamp: 2024-09-10 17:00:00
2024-09-10 16:19:02,588 - __main__ - INFO - station=> Sector-51, Gurugram, result => ['134', 'Sector-51, Gurugram, India', Timestamp('2024-09-10 21:00:00')]
2024-09-10 16:19:02,589 - __main__ - INFO - The hourly data has been written to data/cron_job_data/sector_51_cron_output.csv with Timestamp: 2024-09-10 21:00:00
2024-09-10 16:19:03,241 - __main__ - INFO - station=> Sector-51, Gurugram, result => ['134', 'Sector-51, Gurugram, India', Timestamp('2024-09-10 21:00:00')]
2024-09-10 16:19:03,241 - __main__ - INFO - The hourly data has been written to static/data/sector_51_cron_output.csv with Timestamp: 2024-09-10 21:00:00
