2024-01-10 00:29:57,999 - __main__ - INFO - station=> nise gwal, result => ['184', 'NISE Gwal Pahari, Gurugram, India', Timestamp('2024-01-06 11:00:00')]
2024-01-10 00:29:58,000 - __main__ - INFO - Timestamp 2024-01-06 11:00:00 already present in data/cron_job_data/nise_cron_output.csv, not appending.
2024-01-10 00:29:58,709 - __main__ - INFO - station=> Sector-51, Gurugram, result => ['-', 'Sector-51, Gurugram, India', Timestamp('2024-01-09 19:00:00')]
2024-01-10 00:29:58,709 - __main__ - INFO - setData function - AQI is not an integer. Exception ValueError has occured for station=> Sector-51, Gurugram
2024-01-10 00:29:59,425 - __main__ - INFO - station=> Sector-51, Gurugram, result => ['-', 'Sector-51, Gurugram, India', Timestamp('2024-01-09 19:00:00')]
2024-01-10 00:29:59,425 - __main__ - INFO - setData function - AQI is not an integer. Exception ValueError has occured for station=> Sector-51, Gurugram
2024-01-10 00:30:00,138 - __main__ - INFO - station=> Teri Gram, result => ['-', 'Teri Gram, Gurugram, India', Timestamp('2024-01-09 19:00:00')]
2024-01-10 00:30:00,138 - __main__ - INFO - setData function - AQI is not an integer. Exception ValueError has occured for station=> Teri Gram
2024-01-10 00:30:00,847 - __main__ - INFO - station=> Vikas Sadan, result => ['-', 'Vikas Sadan Gurgaon, Gurgaon, India', Timestamp('2024-01-09 19:00:00')]
2024-01-10 00:30:00,847 - __main__ - INFO - setData function - AQI is not an integer. Exception ValueError has occured for station=> Vikas Sadan
2024-01-10 00:30:00,847 - __main__ - INFO - datetime.now()=> 2024-01-10 00:30:00.847918
2024-01-10 01:50:12,740 - __main__ - INFO - station=> nise gwal, result => ['184', 'NISE Gwal Pahari, Gurugram, India', Timestamp('2024-01-06 11:00:00')]
2024-01-10 01:50:12,741 - __main__ - INFO - Timestamp 2024-01-06 11:00:00 already present in data/cron_job_data/nise_cron_output.csv, not appending.
2024-01-10 01:50:13,225 - __main__ - INFO - station=> Sector-51, Gurugram, result => ['161', 'Sector-51, Gurugram, India', Timestamp('2024-01-10 07:00:00')]
2024-01-10 01:50:13,225 - __main__ - INFO - The hourly data has been written to data/cron_job_data/sector_51_cron_output.csv with Timestamp: 2024-01-10 07:00:00
2024-01-10 01:50:13,698 - __main__ - INFO - station=> Sector-51, Gurugram, result => ['161', 'Sector-51, Gurugram, India', Timestamp('2024-01-10 07:00:00')]
2024-01-10 01:50:13,698 - __main__ - INFO - The hourly data has been written to static/data/sector_51_cron_output.csv with Timestamp: 2024-01-10 07:00:00
2024-01-10 01:50:14,180 - __main__ - INFO - station=> Teri Gram, result => ['130', 'Teri Gram, Gurugram, India', Timestamp('2024-01-10 06:00:00')]
2024-01-10 01:50:14,181 - __main__ - INFO - The hourly data has been written to data/cron_job_data/teri_gram_cron_output.csv with Timestamp: 2024-01-10 06:00:00
2024-01-10 01:50:14,651 - __main__ - INFO - station=> Vikas Sadan, result => ['98', 'Vikas Sadan Gurgaon, Gurgaon, India', Timestamp('2024-01-10 06:00:00')]
2024-01-10 01:50:14,652 - __main__ - INFO - The hourly data has been written to data/cron_job_data/vikas_sadan_cron_output.csv with Timestamp: 2024-01-10 06:00:00
2024-01-10 01:50:14,653 - __main__ - INFO - datetime.now()=> 2024-01-10 01:50:14.653060
2024-01-10 01:50:14,653 - __main__ - INFO - Calling writeData & retrain_model functions.
2024-01-10 01:50:14,658 - __main__ - INFO - df_api columns Index(['AQI'], dtype='object')
2024-01-10 01:50:14,659 - __main__ - INFO - today=> 2024-01-10 & yesterday=> 2024-01-09
2024-01-10 01:50:14,661 - __main__ - INFO - temp_daily_aqi columns Index(['Unnamed: 0', 'Date', 'AQI'], dtype='object')
2024-01-10 01:50:14,663 - __main__ - INFO - temp_daily_aqi[2024-01-09]=> Empty DataFrame
Columns: [Unnamed: 0, AQI]
Index: []
2024-01-10 01:50:14,663 - __main__ - INFO - Index => 1405, yesterday => 2024-01-09 & AQI => 172.0
2024-01-10 01:50:14,664 - __main__ - INFO - Daily AQI data has been written to data/cleaned_data/Forecasting_time_series/sector_51_daily_aqi.csv
2024-01-10 01:50:14,664 - __main__ - INFO - Index => 1405, yesterday => 2024-01-09 & AQI => 172.0
2024-01-10 01:50:14,664 - __main__ - INFO - Daily AQI data has been written to static/data/sector_51_daily_aqi.csv
2024-01-10 01:50:14,669 - __main__ - INFO - Re-training the model & train_end is 2024-01-04 00:00:00
2024-01-10 01:50:16,203 - __main__ - INFO - Retrained the model & MAPE is 16.42%
2024-01-10 01:50:17,570 - __main__ - INFO - Forecast=> 2024-01-10    181.892198
2024-01-11    191.001907
2024-01-12    198.239370
2024-01-13    196.186518
2024-01-14    188.626243
Freq: D, Name: predicted_mean, dtype: float64
2024-01-10 01:50:17,571 - __main__ - INFO - The forecast data has been written to data/cleaned_data/Forecasting_time_series/forecast_sector_51_daily_aqi.csv
2024-01-10 01:50:17,571 - __main__ - INFO - The forecast data has been written to static/data/forecast_sector_51_daily_aqi.csv
2024-01-10 02:22:23,939 - __main__ - INFO - station=> nise gwal, result => ['184', 'NISE Gwal Pahari, Gurugram, India', Timestamp('2024-01-06 11:00:00')]
2024-01-10 02:22:23,940 - __main__ - INFO - Timestamp 2024-01-06 11:00:00 already present in data/cron_job_data/nise_cron_output.csv, not appending.
2024-01-10 02:22:24,423 - __main__ - INFO - station=> Sector-51, Gurugram, result => ['161', 'Sector-51, Gurugram, India', Timestamp('2024-01-10 07:00:00')]
2024-01-10 02:22:24,423 - __main__ - INFO - Timestamp 2024-01-10 07:00:00 already present in data/cron_job_data/sector_51_cron_output.csv, not appending.
2024-01-10 02:22:24,906 - __main__ - INFO - station=> Sector-51, Gurugram, result => ['161', 'Sector-51, Gurugram, India', Timestamp('2024-01-10 07:00:00')]
2024-01-10 02:22:24,906 - __main__ - INFO - Timestamp 2024-01-10 07:00:00 already present in static/data/sector_51_cron_output.csv, not appending.
2024-01-10 02:22:25,393 - __main__ - INFO - station=> Teri Gram, result => ['127', 'Teri Gram, Gurugram, India', Timestamp('2024-01-10 07:00:00')]
2024-01-10 02:22:25,394 - __main__ - INFO - The hourly data has been written to data/cron_job_data/teri_gram_cron_output.csv with Timestamp: 2024-01-10 07:00:00
2024-01-10 02:22:25,878 - __main__ - INFO - station=> Vikas Sadan, result => ['128', 'Vikas Sadan Gurgaon, Gurgaon, India', Timestamp('2024-01-10 07:00:00')]
2024-01-10 02:22:25,879 - __main__ - INFO - The hourly data has been written to data/cron_job_data/vikas_sadan_cron_output.csv with Timestamp: 2024-01-10 07:00:00
2024-01-10 02:22:25,880 - __main__ - INFO - datetime.now()=> 2024-01-10 02:22:25.880602
2024-01-10 03:07:29,306 - __main__ - INFO - station=> nise gwal, result => ['184', 'NISE Gwal Pahari, Gurugram, India', Timestamp('2024-01-06 11:00:00')]
2024-01-10 03:07:29,306 - __main__ - INFO - Timestamp 2024-01-06 11:00:00 already present in data/cron_job_data/nise_cron_output.csv, not appending.
2024-01-10 03:07:29,877 - __main__ - INFO - station=> Sector-51, Gurugram, result => ['162', 'Sector-51, Gurugram, India', Timestamp('2024-01-10 08:00:00')]
2024-01-10 03:07:29,878 - __main__ - INFO - The hourly data has been written to data/cron_job_data/sector_51_cron_output.csv with Timestamp: 2024-01-10 08:00:00
2024-01-10 03:07:30,388 - __main__ - INFO - station=> Sector-51, Gurugram, result => ['162', 'Sector-51, Gurugram, India', Timestamp('2024-01-10 08:00:00')]
2024-01-10 03:07:30,389 - __main__ - INFO - The hourly data has been written to static/data/sector_51_cron_output.csv with Timestamp: 2024-01-10 08:00:00
2024-01-10 03:07:30,928 - __main__ - INFO - station=> Teri Gram, result => ['129', 'Teri Gram, Gurugram, India', Timestamp('2024-01-10 08:00:00')]
2024-01-10 03:07:30,929 - __main__ - INFO - The hourly data has been written to data/cron_job_data/teri_gram_cron_output.csv with Timestamp: 2024-01-10 08:00:00
2024-01-10 03:07:31,458 - __main__ - INFO - station=> Vikas Sadan, result => ['103', 'Vikas Sadan Gurgaon, Gurgaon, India', Timestamp('2024-01-10 08:00:00')]
2024-01-10 03:07:31,458 - __main__ - INFO - The hourly data has been written to data/cron_job_data/vikas_sadan_cron_output.csv with Timestamp: 2024-01-10 08:00:00
2024-01-10 03:07:31,459 - __main__ - INFO - datetime.now()=> 2024-01-10 03:07:31.459407
