2024-02-10 00:26:45,537 - __main__ - INFO - station=> Sector-51, Gurugram, result => ['356', 'Sector-51, Gurugram, India', Timestamp('2024-02-10 05:00:00')]
2024-02-10 00:26:45,537 - __main__ - INFO - The hourly data has been written to data/cron_job_data/sector_51_cron_output.csv with Timestamp: 2024-02-10 05:00:00
2024-02-10 00:26:46,001 - __main__ - INFO - station=> Sector-51, Gurugram, result => ['356', 'Sector-51, Gurugram, India', Timestamp('2024-02-10 05:00:00')]
2024-02-10 00:26:46,002 - __main__ - INFO - The hourly data has been written to static/data/sector_51_cron_output.csv with Timestamp: 2024-02-10 05:00:00
2024-02-10 00:26:46,470 - __main__ - INFO - station=> Teri Gram, result => ['399', 'Teri Gram, Gurugram, India', Timestamp('2024-02-10 05:00:00')]
2024-02-10 00:26:46,470 - __main__ - INFO - The hourly data has been written to data/cron_job_data/teri_gram_cron_output.csv with Timestamp: 2024-02-10 05:00:00
2024-02-10 00:26:46,931 - __main__ - INFO - station=> Vikas Sadan, result => ['192', 'Vikas Sadan Gurgaon, Gurgaon, India', Timestamp('2024-02-10 05:00:00')]
2024-02-10 00:26:46,931 - __main__ - INFO - The hourly data has been written to data/cron_job_data/vikas_sadan_cron_output.csv with Timestamp: 2024-02-10 05:00:00
2024-02-10 01:36:24,745 - __main__ - INFO - station=> Sector-51, Gurugram, result => ['321', 'Sector-51, Gurugram, India', Timestamp('2024-02-10 06:00:00')]
2024-02-10 01:36:24,745 - __main__ - INFO - The hourly data has been written to data/cron_job_data/sector_51_cron_output.csv with Timestamp: 2024-02-10 06:00:00
2024-02-10 01:36:25,390 - __main__ - INFO - station=> Sector-51, Gurugram, result => ['321', 'Sector-51, Gurugram, India', Timestamp('2024-02-10 06:00:00')]
2024-02-10 01:36:25,390 - __main__ - INFO - The hourly data has been written to static/data/sector_51_cron_output.csv with Timestamp: 2024-02-10 06:00:00
2024-02-10 01:36:26,022 - __main__ - INFO - station=> Teri Gram, result => ['384', 'Teri Gram, Gurugram, India', Timestamp('2024-02-10 06:00:00')]
2024-02-10 01:36:26,022 - __main__ - INFO - The hourly data has been written to data/cron_job_data/teri_gram_cron_output.csv with Timestamp: 2024-02-10 06:00:00
2024-02-10 01:36:26,643 - __main__ - INFO - station=> Vikas Sadan, result => ['197', 'Vikas Sadan Gurgaon, Gurgaon, India', Timestamp('2024-02-10 07:00:00')]
2024-02-10 01:36:26,643 - __main__ - INFO - The hourly data has been written to data/cron_job_data/vikas_sadan_cron_output.csv with Timestamp: 2024-02-10 07:00:00
2024-02-10 01:36:26,644 - __main__ - INFO - Calling writeData & retrain_model functions.
2024-02-10 01:36:26,651 - __main__ - INFO - df_api columns Index(['AQI'], dtype='object')
2024-02-10 01:36:26,651 - __main__ - INFO - today=> 2024-02-10 & yesterday=> 2024-02-09
2024-02-10 01:36:26,653 - __main__ - INFO - temp_daily_aqi columns Index(['Unnamed: 0', 'Date', 'AQI'], dtype='object')
2024-02-10 01:36:26,655 - __main__ - INFO - temp_daily_aqi[2024-02-09]=> Empty DataFrame
Columns: [Unnamed: 0, AQI]
Index: []
2024-02-10 01:36:26,656 - __main__ - INFO - Index => 1436, yesterday => 2024-02-09 & AQI => 210.0
2024-02-10 01:36:26,656 - __main__ - INFO - Daily AQI data has been written to data/cleaned_data/Forecasting_time_series/sector_51_daily_aqi.csv
2024-02-10 01:36:26,656 - __main__ - INFO - Index => 1436, yesterday => 2024-02-09 & AQI => 210.0
2024-02-10 01:36:26,657 - __main__ - INFO - Daily AQI data has been written to static/data/sector_51_daily_aqi.csv
2024-02-10 01:36:26,661 - __main__ - INFO - Re-training the model & train_end is 2024-02-04 00:00:00
2024-02-10 01:36:28,117 - __main__ - INFO - Retrained the model & MAPE is 41.12%
2024-02-10 01:36:28,118 - __main__ - INFO - Retrained the model & MAE is 69.85883310654258%
2024-02-10 01:36:29,350 - __main__ - INFO - Forecast=> 2024-02-10    217.215843
2024-02-11    196.879129
2024-02-12    199.547151
2024-02-13    201.551082
2024-02-14    203.495655
Freq: D, Name: predicted_mean, dtype: float64
2024-02-10 01:36:29,351 - __main__ - INFO - The forecast data has been written to data/cleaned_data/Forecasting_time_series/forecast_sector_51_daily_aqi.csv
2024-02-10 01:36:29,351 - __main__ - INFO - The forecast data has been written to static/data/forecast_sector_51_daily_aqi.csv
2024-02-10 02:11:04,306 - __main__ - INFO - station=> Sector-51, Gurugram, result => ['321', 'Sector-51, Gurugram, India', Timestamp('2024-02-10 07:00:00')]
2024-02-10 02:11:04,306 - __main__ - INFO - The hourly data has been written to data/cron_job_data/sector_51_cron_output.csv with Timestamp: 2024-02-10 07:00:00
2024-02-10 02:11:05,002 - __main__ - INFO - station=> Sector-51, Gurugram, result => ['321', 'Sector-51, Gurugram, India', Timestamp('2024-02-10 07:00:00')]
2024-02-10 02:11:05,002 - __main__ - INFO - The hourly data has been written to static/data/sector_51_cron_output.csv with Timestamp: 2024-02-10 07:00:00
2024-02-10 02:11:05,698 - __main__ - INFO - station=> Teri Gram, result => ['329', 'Teri Gram, Gurugram, India', Timestamp('2024-02-10 07:00:00')]
2024-02-10 02:11:05,698 - __main__ - INFO - The hourly data has been written to data/cron_job_data/teri_gram_cron_output.csv with Timestamp: 2024-02-10 07:00:00
