2024-05-10 00:31:50,148 - __main__ - INFO - station=> Sector-51, Gurugram, result => ['157', 'Sector-51, Gurugram, India', Timestamp('2024-05-10 05:00:00')]
2024-05-10 00:31:50,148 - __main__ - INFO - The hourly data has been written to data/cron_job_data/sector_51_cron_output.csv with Timestamp: 2024-05-10 05:00:00
2024-05-10 00:31:50,811 - __main__ - INFO - station=> Sector-51, Gurugram, result => ['157', 'Sector-51, Gurugram, India', Timestamp('2024-05-10 05:00:00')]
2024-05-10 00:31:50,811 - __main__ - INFO - The hourly data has been written to static/data/sector_51_cron_output.csv with Timestamp: 2024-05-10 05:00:00
2024-05-10 01:50:58,930 - __main__ - INFO - station=> Sector-51, Gurugram, result => ['166', 'Sector-51, Gurugram, India', Timestamp('2024-05-10 07:00:00')]
2024-05-10 01:50:58,930 - __main__ - INFO - The hourly data has been written to data/cron_job_data/sector_51_cron_output.csv with Timestamp: 2024-05-10 07:00:00
2024-05-10 01:50:59,395 - __main__ - INFO - station=> Sector-51, Gurugram, result => ['166', 'Sector-51, Gurugram, India', Timestamp('2024-05-10 07:00:00')]
2024-05-10 01:50:59,395 - __main__ - INFO - The hourly data has been written to static/data/sector_51_cron_output.csv with Timestamp: 2024-05-10 07:00:00
2024-05-10 01:50:59,396 - __main__ - INFO - Calling writeData & retrain_model functions.
2024-05-10 01:50:59,404 - __main__ - INFO - df_api columns Index(['AQI'], dtype='object')
2024-05-10 01:50:59,404 - __main__ - INFO - today=> 2024-05-10 & yesterday=> 2024-05-09
2024-05-10 01:50:59,406 - __main__ - INFO - temp_daily_aqi columns Index(['Unnamed: 0', 'Date', 'AQI'], dtype='object')
2024-05-10 01:50:59,408 - __main__ - INFO - temp_daily_aqi[2024-05-09]=> Empty DataFrame
Columns: [Unnamed: 0, AQI]
Index: []
2024-05-10 01:50:59,409 - __main__ - INFO - Index => 1526, yesterday => 2024-05-09 & AQI => 146.0
2024-05-10 01:50:59,409 - __main__ - INFO - Daily AQI data has been written to data/cleaned_data/Forecasting_time_series/sector_51_daily_aqi.csv
2024-05-10 01:50:59,410 - __main__ - INFO - Index => 1526, yesterday => 2024-05-09 & AQI => 146.0
2024-05-10 01:50:59,410 - __main__ - INFO - Daily AQI data has been written to static/data/sector_51_daily_aqi.csv
2024-05-10 01:50:59,414 - __main__ - INFO - Re-training the model & train_end is 2024-05-04 00:00:00
2024-05-10 01:51:00,539 - __main__ - INFO - Retrained the model & MAPE is 25.57%
2024-05-10 01:51:00,540 - __main__ - INFO - Retrained the model & MAE is 38.12571816568476
2024-05-10 01:51:01,741 - __main__ - INFO - Forecast=> 2024-05-10    162.356650
2024-05-11    186.951272
2024-05-12    164.007524
2024-05-13    172.352596
2024-05-14    173.864606
Freq: D, Name: predicted_mean, dtype: float64
2024-05-10 01:51:01,742 - __main__ - INFO - The forecast data has been written to data/cleaned_data/Forecasting_time_series/forecast_sector_51_daily_aqi.csv
2024-05-10 01:51:01,742 - __main__ - INFO - The forecast data has been written to static/data/forecast_sector_51_daily_aqi.csv
2024-05-10 06:09:35,909 - __main__ - INFO - station=> Sector-51, Gurugram, result => ['88', 'Sector-51, Gurugram, India', Timestamp('2024-05-10 11:00:00')]
2024-05-10 06:09:35,910 - __main__ - INFO - The hourly data has been written to data/cron_job_data/sector_51_cron_output.csv with Timestamp: 2024-05-10 11:00:00
2024-05-10 06:09:36,577 - __main__ - INFO - station=> Sector-51, Gurugram, result => ['88', 'Sector-51, Gurugram, India', Timestamp('2024-05-10 11:00:00')]
2024-05-10 06:09:36,578 - __main__ - INFO - The hourly data has been written to static/data/sector_51_cron_output.csv with Timestamp: 2024-05-10 11:00:00
2024-05-10 12:11:58,385 - __main__ - INFO - station=> Sector-51, Gurugram, result => ['154', 'Sector-51, Gurugram, India', Timestamp('2024-05-10 17:00:00')]
2024-05-10 12:11:58,385 - __main__ - INFO - The hourly data has been written to data/cron_job_data/sector_51_cron_output.csv with Timestamp: 2024-05-10 17:00:00
2024-05-10 12:11:59,033 - __main__ - INFO - station=> Sector-51, Gurugram, result => ['154', 'Sector-51, Gurugram, India', Timestamp('2024-05-10 17:00:00')]
2024-05-10 12:11:59,033 - __main__ - INFO - The hourly data has been written to static/data/sector_51_cron_output.csv with Timestamp: 2024-05-10 17:00:00
2024-05-10 15:07:26,615 - __main__ - INFO - station=> Sector-51, Gurugram, result => ['154', 'Sector-51, Gurugram, India', Timestamp('2024-05-10 18:00:00')]
2024-05-10 15:07:26,615 - __main__ - INFO - The hourly data has been written to data/cron_job_data/sector_51_cron_output.csv with Timestamp: 2024-05-10 18:00:00
2024-05-10 15:07:27,084 - __main__ - INFO - station=> Sector-51, Gurugram, result => ['154', 'Sector-51, Gurugram, India', Timestamp('2024-05-10 18:00:00')]
2024-05-10 15:07:27,084 - __main__ - INFO - The hourly data has been written to static/data/sector_51_cron_output.csv with Timestamp: 2024-05-10 18:00:00
