2024-06-11 00:33:30,929 - __main__ - INFO - station=> Sector-51, Gurugram, result => ['367', 'Sector-51, Gurugram, India', Timestamp('2024-06-11 05:00:00')]
2024-06-11 00:33:30,930 - __main__ - INFO - The hourly data has been written to data/cron_job_data/sector_51_cron_output.csv with Timestamp: 2024-06-11 05:00:00
2024-06-11 00:33:31,393 - __main__ - INFO - station=> Sector-51, Gurugram, result => ['367', 'Sector-51, Gurugram, India', Timestamp('2024-06-11 05:00:00')]
2024-06-11 00:33:31,393 - __main__ - INFO - The hourly data has been written to static/data/sector_51_cron_output.csv with Timestamp: 2024-06-11 05:00:00
2024-06-11 01:54:39,981 - __main__ - INFO - Calling writeData & retrain_model functions.
2024-06-11 01:54:39,990 - __main__ - INFO - df_api columns Index(['AQI'], dtype='object')
2024-06-11 01:54:39,990 - __main__ - INFO - today=> 2024-06-11 & yesterday=> 2024-06-10
2024-06-11 01:54:39,992 - __main__ - INFO - temp_daily_aqi columns Index(['Unnamed: 0', 'Date', 'AQI'], dtype='object')
2024-06-11 01:54:39,994 - __main__ - INFO - temp_daily_aqi[2024-06-10]=> Empty DataFrame
Columns: [Unnamed: 0, AQI]
Index: []
2024-06-11 01:54:39,995 - __main__ - INFO - Index => 1558, yesterday => 2024-06-10 & AQI => 165.0
2024-06-11 01:54:39,995 - __main__ - INFO - Daily AQI data has been written to data/cleaned_data/Forecasting_time_series/sector_51_daily_aqi.csv
2024-06-11 01:54:39,996 - __main__ - INFO - Index => 1558, yesterday => 2024-06-10 & AQI => 165.0
2024-06-11 01:54:39,996 - __main__ - INFO - Daily AQI data has been written to static/data/sector_51_daily_aqi.csv
2024-06-11 01:54:40,000 - __main__ - INFO - Re-training the model & train_end is 2024-06-05 00:00:00
2024-06-11 01:54:41,210 - __main__ - INFO - Retrained the model & MAPE is 13.79%
2024-06-11 01:54:41,210 - __main__ - INFO - Retrained the model & MAE is 25.072388535276236
2024-06-11 01:54:42,439 - __main__ - INFO - Forecast=> 2024-06-11    175.687588
2024-06-12    181.675691
2024-06-13    179.736890
2024-06-14    189.185620
2024-06-15    209.300859
Freq: D, Name: predicted_mean, dtype: float64
2024-06-11 01:54:42,440 - __main__ - INFO - The forecast data has been written to data/cleaned_data/Forecasting_time_series/forecast_sector_51_daily_aqi.csv
2024-06-11 01:54:42,440 - __main__ - INFO - The forecast data has been written to static/data/forecast_sector_51_daily_aqi.csv
2024-06-11 07:07:47,282 - __main__ - INFO - station=> Sector-51, Gurugram, result => ['166', 'Sector-51, Gurugram, India', Timestamp('2024-06-11 12:00:00')]
2024-06-11 07:07:47,282 - __main__ - INFO - The hourly data has been written to data/cron_job_data/sector_51_cron_output.csv with Timestamp: 2024-06-11 12:00:00
2024-06-11 07:07:47,767 - __main__ - INFO - station=> Sector-51, Gurugram, result => ['166', 'Sector-51, Gurugram, India', Timestamp('2024-06-11 12:00:00')]
2024-06-11 07:07:47,767 - __main__ - INFO - The hourly data has been written to static/data/sector_51_cron_output.csv with Timestamp: 2024-06-11 12:00:00
2024-06-11 09:09:23,734 - __main__ - INFO - station=> Sector-51, Gurugram, result => ['168', 'Sector-51, Gurugram, India', Timestamp('2024-06-11 14:00:00')]
2024-06-11 09:09:23,734 - __main__ - INFO - The hourly data has been written to data/cron_job_data/sector_51_cron_output.csv with Timestamp: 2024-06-11 14:00:00
2024-06-11 09:09:24,205 - __main__ - INFO - station=> Sector-51, Gurugram, result => ['168', 'Sector-51, Gurugram, India', Timestamp('2024-06-11 14:00:00')]
2024-06-11 09:09:24,205 - __main__ - INFO - The hourly data has been written to static/data/sector_51_cron_output.csv with Timestamp: 2024-06-11 14:00:00
2024-06-11 10:08:56,857 - __main__ - INFO - station=> Sector-51, Gurugram, result => ['170', 'Sector-51, Gurugram, India', Timestamp('2024-06-11 15:00:00')]
2024-06-11 10:08:56,857 - __main__ - INFO - The hourly data has been written to data/cron_job_data/sector_51_cron_output.csv with Timestamp: 2024-06-11 15:00:00
2024-06-11 10:08:57,321 - __main__ - INFO - station=> Sector-51, Gurugram, result => ['170', 'Sector-51, Gurugram, India', Timestamp('2024-06-11 15:00:00')]
2024-06-11 10:08:57,322 - __main__ - INFO - The hourly data has been written to static/data/sector_51_cron_output.csv with Timestamp: 2024-06-11 15:00:00
