2024-07-11 01:57:35,931 - __main__ - INFO - Calling writeData & retrain_model functions.
2024-07-11 01:57:35,939 - __main__ - INFO - df_api columns Index(['AQI'], dtype='object')
2024-07-11 01:57:35,939 - __main__ - INFO - today=> 2024-07-11 & yesterday=> 2024-07-10
2024-07-11 01:57:35,941 - __main__ - INFO - temp_daily_aqi columns Index(['Unnamed: 0', 'Date', 'AQI'], dtype='object')
2024-07-11 01:57:35,944 - __main__ - INFO - temp_daily_aqi[2024-07-10]=> Empty DataFrame
Columns: [Unnamed: 0, AQI]
Index: []
2024-07-11 01:57:35,944 - __main__ - INFO - writeData function - Exception IndexError has occured for station=> data/cleaned_data/Forecasting_time_series/sector_51_daily_aqi.csv
2024-07-11 01:57:35,949 - __main__ - INFO - Re-training the model & train_end is 2024-07-04 00:00:00
2024-07-11 01:57:37,099 - __main__ - INFO - Retrained the model & MAPE is 9.75%
2024-07-11 01:57:37,100 - __main__ - INFO - Retrained the model & MAE is 12.603726424632834
2024-07-11 01:57:38,253 - __main__ - INFO - Forecast=> 2024-07-10    154.205182
2024-07-11    155.536664
2024-07-12    165.647800
2024-07-13    184.846609
2024-07-14    164.451536
Freq: D, Name: predicted_mean, dtype: float64
2024-07-11 01:57:38,254 - __main__ - INFO - The forecast data has been written to data/cleaned_data/Forecasting_time_series/forecast_sector_51_daily_aqi.csv
2024-07-11 01:57:38,254 - __main__ - INFO - The forecast data has been written to static/data/forecast_sector_51_daily_aqi.csv
2024-07-11 13:12:06,010 - __main__ - INFO - station=> Sector-51, Gurugram, result => ['200', 'Sector-51, Gurugram, India', Timestamp('2024-07-11 18:00:00')]
2024-07-11 13:12:06,010 - __main__ - INFO - The hourly data has been written to data/cron_job_data/sector_51_cron_output.csv with Timestamp: 2024-07-11 18:00:00
2024-07-11 13:12:06,695 - __main__ - INFO - station=> Sector-51, Gurugram, result => ['200', 'Sector-51, Gurugram, India', Timestamp('2024-07-11 18:00:00')]
2024-07-11 13:12:06,695 - __main__ - INFO - The hourly data has been written to static/data/sector_51_cron_output.csv with Timestamp: 2024-07-11 18:00:00
