2024-09-11 01:10:22,522 - __main__ - INFO - station=> Sector-51, Gurugram, result => ['159', 'Sector-51, Gurugram, India', Timestamp('2024-09-11 06:00:00')]
2024-09-11 01:10:22,522 - __main__ - INFO - The hourly data has been written to data/cron_job_data/sector_51_cron_output.csv with Timestamp: 2024-09-11 06:00:00
2024-09-11 01:10:23,213 - __main__ - INFO - station=> Sector-51, Gurugram, result => ['159', 'Sector-51, Gurugram, India', Timestamp('2024-09-11 06:00:00')]
2024-09-11 01:10:23,213 - __main__ - INFO - The hourly data has been written to static/data/sector_51_cron_output.csv with Timestamp: 2024-09-11 06:00:00
2024-09-11 01:10:23,310 - __main__ - INFO - df_api columns Index(['AQI'], dtype='object')
2024-09-11 01:10:23,311 - __main__ - INFO - today=> 2024-09-11 & yesterday=> 2024-09-10
2024-09-11 01:10:23,313 - __main__ - INFO - temp_daily_aqi columns Index(['Unnamed: 0', 'Date', 'AQI'], dtype='object')
2024-09-11 01:10:23,315 - __main__ - INFO - temp_daily_aqi[2024-09-10]=> Empty DataFrame
Columns: [Unnamed: 0, AQI]
Index: []
2024-09-11 01:10:23,315 - __main__ - INFO - Index => 1650, yesterday => 2024-09-10 & AQI => 136.0
2024-09-11 01:10:23,316 - __main__ - INFO - Daily AQI data has been written to data/cleaned_data/Forecasting_time_series/sector_51_daily_aqi.csv
2024-09-11 01:10:23,316 - __main__ - INFO - Index => 1650, yesterday => 2024-09-10 & AQI => 136.0
2024-09-11 01:10:23,316 - __main__ - INFO - Daily AQI data has been written to static/data/sector_51_daily_aqi.csv
2024-09-11 01:10:23,321 - __main__ - INFO - Re-training the model & train_end is 2024-09-05 00:00:00
2024-09-11 01:10:24,639 - __main__ - INFO - Retrained the model & MAPE is 11.33%
2024-09-11 01:10:24,640 - __main__ - INFO - Retrained the model & MAE is 14.898806556378673
2024-09-11 01:10:25,984 - __main__ - INFO - Forecast=> 2024-09-11    142.899051
2024-09-12    148.547041
2024-09-13    154.490100
2024-09-14    170.706311
2024-09-15    155.235765
Freq: D, Name: predicted_mean, dtype: float64
2024-09-11 01:10:25,985 - __main__ - INFO - The forecast data has been written to data/cleaned_data/Forecasting_time_series/forecast_sector_51_daily_aqi.csv
2024-09-11 01:10:25,986 - __main__ - INFO - The forecast data has been written to static/data/forecast_sector_51_daily_aqi.csv
2024-09-11 04:20:59,816 - __main__ - INFO - station=> Sector-51, Gurugram, result => ['133', 'Sector-51, Gurugram, India', Timestamp('2024-09-11 09:00:00')]
2024-09-11 04:20:59,816 - __main__ - INFO - The hourly data has been written to data/cron_job_data/sector_51_cron_output.csv with Timestamp: 2024-09-11 09:00:00
2024-09-11 04:21:00,286 - __main__ - INFO - station=> Sector-51, Gurugram, result => ['133', 'Sector-51, Gurugram, India', Timestamp('2024-09-11 09:00:00')]
2024-09-11 04:21:00,286 - __main__ - INFO - The hourly data has been written to static/data/sector_51_cron_output.csv with Timestamp: 2024-09-11 09:00:00
2024-09-11 08:20:27,135 - __main__ - INFO - station=> Sector-51, Gurugram, result => ['60', 'Sector-51, Gurugram, India', Timestamp('2024-09-11 13:00:00')]
2024-09-11 08:20:27,135 - __main__ - INFO - The hourly data has been written to data/cron_job_data/sector_51_cron_output.csv with Timestamp: 2024-09-11 13:00:00
2024-09-11 08:20:27,792 - __main__ - INFO - station=> Sector-51, Gurugram, result => ['60', 'Sector-51, Gurugram, India', Timestamp('2024-09-11 13:00:00')]
2024-09-11 08:20:27,793 - __main__ - INFO - The hourly data has been written to static/data/sector_51_cron_output.csv with Timestamp: 2024-09-11 13:00:00
