2024-10-11 01:13:30,513 - __main__ - INFO - station=> Sector-51, Gurugram, result => ['158', 'Sector-51, Gurugram, India', Timestamp('2024-10-11 06:00:00')]
2024-10-11 01:13:30,513 - __main__ - INFO - The hourly data has been written to data/cron_job_data/sector_51_cron_output.csv with Timestamp: 2024-10-11 06:00:00
2024-10-11 01:13:31,177 - __main__ - INFO - station=> Sector-51, Gurugram, result => ['158', 'Sector-51, Gurugram, India', Timestamp('2024-10-11 06:00:00')]
2024-10-11 01:13:31,177 - __main__ - INFO - The hourly data has been written to static/data/sector_51_cron_output.csv with Timestamp: 2024-10-11 06:00:00
2024-10-11 01:13:31,233 - __main__ - INFO - df_api columns Index(['AQI'], dtype='object')
2024-10-11 01:13:31,233 - __main__ - INFO - today=> 2024-10-11 & yesterday=> 2024-10-10
2024-10-11 01:13:31,235 - __main__ - INFO - temp_daily_aqi columns Index(['Unnamed: 0', 'Date', 'AQI'], dtype='object')
2024-10-11 01:13:31,237 - __main__ - INFO - temp_daily_aqi[2024-10-10]=> Empty DataFrame
Columns: [Unnamed: 0, AQI]
Index: []
2024-10-11 01:13:31,238 - __main__ - INFO - Index => 1680, yesterday => 2024-10-10 & AQI => 164.0
2024-10-11 01:13:31,238 - __main__ - INFO - Daily AQI data has been written to data/cleaned_data/Forecasting_time_series/sector_51_daily_aqi.csv
2024-10-11 01:13:31,238 - __main__ - INFO - Index => 1680, yesterday => 2024-10-10 & AQI => 164.0
2024-10-11 01:13:31,239 - __main__ - INFO - Daily AQI data has been written to static/data/sector_51_daily_aqi.csv
2024-10-11 01:13:31,244 - __main__ - INFO - Re-training the model & train_end is 2024-10-05 00:00:00
2024-10-11 01:13:32,872 - __main__ - INFO - Retrained the model & MAPE is 7.0%
2024-10-11 01:13:32,873 - __main__ - INFO - Retrained the model & MAE is 10.169279672852003
2024-10-11 01:13:34,180 - __main__ - INFO - Forecast=> 2024-10-11    162.906127
2024-10-12    178.325933
2024-10-13    163.098546
2024-10-14    172.728866
2024-10-15    172.452817
Freq: D, Name: predicted_mean, dtype: float64
2024-10-11 01:13:34,180 - __main__ - INFO - The forecast data has been written to data/cleaned_data/Forecasting_time_series/forecast_sector_51_daily_aqi.csv
2024-10-11 01:13:34,181 - __main__ - INFO - The forecast data has been written to static/data/forecast_sector_51_daily_aqi.csv
