2024-09-12 01:12:07,613 - __main__ - INFO - station=> Sector-51, Gurugram, result => ['146', 'Sector-51, Gurugram, India', Timestamp('2024-09-12 04:00:00')]
2024-09-12 01:12:07,613 - __main__ - INFO - The hourly data has been written to data/cron_job_data/sector_51_cron_output.csv with Timestamp: 2024-09-12 04:00:00
2024-09-12 01:12:08,080 - __main__ - INFO - station=> Sector-51, Gurugram, result => ['146', 'Sector-51, Gurugram, India', Timestamp('2024-09-12 04:00:00')]
2024-09-12 01:12:08,080 - __main__ - INFO - The hourly data has been written to static/data/sector_51_cron_output.csv with Timestamp: 2024-09-12 04:00:00
2024-09-12 01:12:08,124 - __main__ - INFO - df_api columns Index(['AQI'], dtype='object')
2024-09-12 01:12:08,124 - __main__ - INFO - today=> 2024-09-12 & yesterday=> 2024-09-11
2024-09-12 01:12:08,126 - __main__ - INFO - temp_daily_aqi columns Index(['Unnamed: 0', 'Date', 'AQI'], dtype='object')
2024-09-12 01:12:08,129 - __main__ - INFO - temp_daily_aqi[2024-09-11]=> Empty DataFrame
Columns: [Unnamed: 0, AQI]
Index: []
2024-09-12 01:12:08,129 - __main__ - INFO - Index => 1651, yesterday => 2024-09-11 & AQI => 138.0
2024-09-12 01:12:08,130 - __main__ - INFO - Daily AQI data has been written to data/cleaned_data/Forecasting_time_series/sector_51_daily_aqi.csv
2024-09-12 01:12:08,130 - __main__ - INFO - Index => 1651, yesterday => 2024-09-11 & AQI => 138.0
2024-09-12 01:12:08,130 - __main__ - INFO - Daily AQI data has been written to static/data/sector_51_daily_aqi.csv
2024-09-12 01:12:08,135 - __main__ - INFO - Re-training the model & train_end is 2024-09-06 00:00:00
2024-09-12 01:12:09,596 - __main__ - INFO - Retrained the model & MAPE is 7.97%
2024-09-12 01:12:09,596 - __main__ - INFO - Retrained the model & MAE is 10.75720564959148
2024-09-12 01:12:10,947 - __main__ - INFO - Forecast=> 2024-09-12    145.504976
2024-09-13    151.752169
2024-09-14    168.220364
2024-09-15    153.005335
2024-09-16    164.850218
Freq: D, Name: predicted_mean, dtype: float64
2024-09-12 01:12:10,950 - __main__ - INFO - The forecast data has been written to data/cleaned_data/Forecasting_time_series/forecast_sector_51_daily_aqi.csv
2024-09-12 01:12:10,951 - __main__ - INFO - The forecast data has been written to static/data/forecast_sector_51_daily_aqi.csv
