2024-06-12 01:54:31,471 - __main__ - INFO - station=> Sector-51, Gurugram, result => ['148', 'Sector-51, Gurugram, India', Timestamp('2024-06-12 07:00:00')]
2024-06-12 01:54:31,471 - __main__ - INFO - The hourly data has been written to data/cron_job_data/sector_51_cron_output.csv with Timestamp: 2024-06-12 07:00:00
2024-06-12 01:54:31,944 - __main__ - INFO - station=> Sector-51, Gurugram, result => ['148', 'Sector-51, Gurugram, India', Timestamp('2024-06-12 07:00:00')]
2024-06-12 01:54:31,944 - __main__ - INFO - The hourly data has been written to static/data/sector_51_cron_output.csv with Timestamp: 2024-06-12 07:00:00
2024-06-12 01:54:31,945 - __main__ - INFO - Calling writeData & retrain_model functions.
2024-06-12 01:54:31,953 - __main__ - INFO - df_api columns Index(['AQI'], dtype='object')
2024-06-12 01:54:31,953 - __main__ - INFO - today=> 2024-06-12 & yesterday=> 2024-06-11
2024-06-12 01:54:31,955 - __main__ - INFO - temp_daily_aqi columns Index(['Unnamed: 0', 'Date', 'AQI'], dtype='object')
2024-06-12 01:54:31,958 - __main__ - INFO - temp_daily_aqi[2024-06-11]=> Empty DataFrame
Columns: [Unnamed: 0, AQI]
Index: []
2024-06-12 01:54:31,958 - __main__ - INFO - Index => 1559, yesterday => 2024-06-11 & AQI => 194.0
2024-06-12 01:54:31,958 - __main__ - INFO - Daily AQI data has been written to data/cleaned_data/Forecasting_time_series/sector_51_daily_aqi.csv
2024-06-12 01:54:31,959 - __main__ - INFO - Index => 1559, yesterday => 2024-06-11 & AQI => 194.0
2024-06-12 01:54:31,959 - __main__ - INFO - Daily AQI data has been written to static/data/sector_51_daily_aqi.csv
2024-06-12 01:54:31,964 - __main__ - INFO - Re-training the model & train_end is 2024-06-06 00:00:00
2024-06-12 01:54:33,200 - __main__ - INFO - Retrained the model & MAPE is 9.58%
2024-06-12 01:54:33,201 - __main__ - INFO - Retrained the model & MAE is 19.084625653852292
2024-06-12 01:54:34,336 - __main__ - INFO - Forecast=> 2024-06-12    193.491321
2024-06-13    190.377163
2024-06-14    198.732923
2024-06-15    217.801345
2024-06-16    193.531931
Freq: D, Name: predicted_mean, dtype: float64
2024-06-12 01:54:34,337 - __main__ - INFO - The forecast data has been written to data/cleaned_data/Forecasting_time_series/forecast_sector_51_daily_aqi.csv
2024-06-12 01:54:34,337 - __main__ - INFO - The forecast data has been written to static/data/forecast_sector_51_daily_aqi.csv
2024-06-12 06:10:36,867 - __main__ - INFO - station=> Sector-51, Gurugram, result => ['152', 'Sector-51, Gurugram, India', Timestamp('2024-06-12 11:00:00')]
2024-06-12 06:10:36,867 - __main__ - INFO - The hourly data has been written to data/cron_job_data/sector_51_cron_output.csv with Timestamp: 2024-06-12 11:00:00
2024-06-12 06:10:37,527 - __main__ - INFO - station=> Sector-51, Gurugram, result => ['152', 'Sector-51, Gurugram, India', Timestamp('2024-06-12 11:00:00')]
2024-06-12 06:10:37,528 - __main__ - INFO - The hourly data has been written to static/data/sector_51_cron_output.csv with Timestamp: 2024-06-12 11:00:00
2024-06-12 09:08:20,218 - __main__ - INFO - station=> Sector-51, Gurugram, result => ['157', 'Sector-51, Gurugram, India', Timestamp('2024-06-12 14:00:00')]
2024-06-12 09:08:20,218 - __main__ - INFO - The hourly data has been written to data/cron_job_data/sector_51_cron_output.csv with Timestamp: 2024-06-12 14:00:00
2024-06-12 09:08:20,920 - __main__ - INFO - station=> Sector-51, Gurugram, result => ['157', 'Sector-51, Gurugram, India', Timestamp('2024-06-12 14:00:00')]
2024-06-12 09:08:20,920 - __main__ - INFO - The hourly data has been written to static/data/sector_51_cron_output.csv with Timestamp: 2024-06-12 14:00:00
2024-06-12 10:08:31,223 - __main__ - INFO - station=> Sector-51, Gurugram, result => ['159', 'Sector-51, Gurugram, India', Timestamp('2024-06-12 15:00:00')]
2024-06-12 10:08:31,223 - __main__ - INFO - The hourly data has been written to data/cron_job_data/sector_51_cron_output.csv with Timestamp: 2024-06-12 15:00:00
2024-06-12 10:08:31,690 - __main__ - INFO - station=> Sector-51, Gurugram, result => ['159', 'Sector-51, Gurugram, India', Timestamp('2024-06-12 15:00:00')]
2024-06-12 10:08:31,690 - __main__ - INFO - The hourly data has been written to static/data/sector_51_cron_output.csv with Timestamp: 2024-06-12 15:00:00
2024-06-12 12:14:14,917 - __main__ - INFO - station=> Sector-51, Gurugram, result => ['164', 'Sector-51, Gurugram, India', Timestamp('2024-06-12 17:00:00')]
2024-06-12 12:14:14,918 - __main__ - INFO - The hourly data has been written to data/cron_job_data/sector_51_cron_output.csv with Timestamp: 2024-06-12 17:00:00
2024-06-12 12:14:15,584 - __main__ - INFO - station=> Sector-51, Gurugram, result => ['164', 'Sector-51, Gurugram, India', Timestamp('2024-06-12 17:00:00')]
2024-06-12 12:14:15,584 - __main__ - INFO - The hourly data has been written to static/data/sector_51_cron_output.csv with Timestamp: 2024-06-12 17:00:00
2024-06-12 13:10:39,233 - __main__ - INFO - station=> Sector-51, Gurugram, result => ['174', 'Sector-51, Gurugram, India', Timestamp('2024-06-12 18:00:00')]
2024-06-12 13:10:39,233 - __main__ - INFO - The hourly data has been written to data/cron_job_data/sector_51_cron_output.csv with Timestamp: 2024-06-12 18:00:00
2024-06-12 13:10:39,897 - __main__ - INFO - station=> Sector-51, Gurugram, result => ['174', 'Sector-51, Gurugram, India', Timestamp('2024-06-12 18:00:00')]
2024-06-12 13:10:39,897 - __main__ - INFO - The hourly data has been written to static/data/sector_51_cron_output.csv with Timestamp: 2024-06-12 18:00:00
2024-06-12 15:07:06,645 - __main__ - INFO - station=> Sector-51, Gurugram, result => ['174', 'Sector-51, Gurugram, India', Timestamp('2024-06-12 19:00:00')]
2024-06-12 15:07:06,645 - __main__ - INFO - The hourly data has been written to data/cron_job_data/sector_51_cron_output.csv with Timestamp: 2024-06-12 19:00:00
2024-06-12 15:07:07,190 - __main__ - INFO - station=> Sector-51, Gurugram, result => ['174', 'Sector-51, Gurugram, India', Timestamp('2024-06-12 19:00:00')]
2024-06-12 15:07:07,190 - __main__ - INFO - The hourly data has been written to static/data/sector_51_cron_output.csv with Timestamp: 2024-06-12 19:00:00
2024-06-12 16:08:55,987 - __main__ - INFO - station=> Sector-51, Gurugram, result => ['182', 'Sector-51, Gurugram, India', Timestamp('2024-06-12 21:00:00')]
2024-06-12 16:08:55,987 - __main__ - INFO - The hourly data has been written to data/cron_job_data/sector_51_cron_output.csv with Timestamp: 2024-06-12 21:00:00
2024-06-12 16:08:56,670 - __main__ - INFO - station=> Sector-51, Gurugram, result => ['182', 'Sector-51, Gurugram, India', Timestamp('2024-06-12 21:00:00')]
2024-06-12 16:08:56,670 - __main__ - INFO - The hourly data has been written to static/data/sector_51_cron_output.csv with Timestamp: 2024-06-12 21:00:00
2024-06-12 17:07:00,017 - __main__ - INFO - station=> Sector-51, Gurugram, result => ['720', 'Sector-51, Gurugram, India', Timestamp('2024-06-12 22:00:00')]
2024-06-12 17:07:00,017 - __main__ - INFO - The hourly data has been written to data/cron_job_data/sector_51_cron_output.csv with Timestamp: 2024-06-12 22:00:00
2024-06-12 17:07:00,488 - __main__ - INFO - station=> Sector-51, Gurugram, result => ['720', 'Sector-51, Gurugram, India', Timestamp('2024-06-12 22:00:00')]
2024-06-12 17:07:00,489 - __main__ - INFO - The hourly data has been written to static/data/sector_51_cron_output.csv with Timestamp: 2024-06-12 22:00:00
2024-06-12 18:10:01,416 - __main__ - INFO - station=> Sector-51, Gurugram, result => ['699', 'Sector-51, Gurugram, India', Timestamp('2024-06-12 23:00:00')]
2024-06-12 18:10:01,416 - __main__ - INFO - The hourly data has been written to data/cron_job_data/sector_51_cron_output.csv with Timestamp: 2024-06-12 23:00:00
2024-06-12 18:10:01,897 - __main__ - INFO - station=> Sector-51, Gurugram, result => ['699', 'Sector-51, Gurugram, India', Timestamp('2024-06-12 23:00:00')]
2024-06-12 18:10:01,897 - __main__ - INFO - The hourly data has been written to static/data/sector_51_cron_output.csv with Timestamp: 2024-06-12 23:00:00
2024-06-12 19:07:34,552 - __main__ - INFO - station=> Sector-51, Gurugram, result => ['619', 'Sector-51, Gurugram, India', Timestamp('2024-06-13 00:00:00')]
2024-06-12 19:07:34,552 - __main__ - INFO - The hourly data has been written to data/cron_job_data/sector_51_cron_output.csv with Timestamp: 2024-06-13 00:00:00
2024-06-12 19:07:35,233 - __main__ - INFO - station=> Sector-51, Gurugram, result => ['619', 'Sector-51, Gurugram, India', Timestamp('2024-06-13 00:00:00')]
2024-06-12 19:07:35,233 - __main__ - INFO - The hourly data has been written to static/data/sector_51_cron_output.csv with Timestamp: 2024-06-13 00:00:00
