2024-03-12 01:16:40,909 - __main__ - INFO - station=> Sector-51, Gurugram, result => ['175', 'Sector-51, Gurugram, India', Timestamp('2024-03-12 06:00:00')]
2024-03-12 01:16:40,909 - __main__ - INFO - The hourly data has been written to data/cron_job_data/sector_51_cron_output.csv with Timestamp: 2024-03-12 06:00:00
2024-03-12 01:16:41,542 - __main__ - INFO - station=> Sector-51, Gurugram, result => ['175', 'Sector-51, Gurugram, India', Timestamp('2024-03-12 06:00:00')]
2024-03-12 01:16:41,543 - __main__ - INFO - The hourly data has been written to static/data/sector_51_cron_output.csv with Timestamp: 2024-03-12 06:00:00
2024-03-12 01:16:41,543 - __main__ - INFO - Calling writeData & retrain_model functions.
2024-03-12 01:16:41,550 - __main__ - INFO - df_api columns Index(['AQI'], dtype='object')
2024-03-12 01:16:41,550 - __main__ - INFO - today=> 2024-03-12 & yesterday=> 2024-03-11
2024-03-12 01:16:41,552 - __main__ - INFO - temp_daily_aqi columns Index(['Unnamed: 0', 'Date', 'AQI'], dtype='object')
2024-03-12 01:16:41,554 - __main__ - INFO - temp_daily_aqi[2024-03-11]=> Empty DataFrame
Columns: [Unnamed: 0, AQI]
Index: []
2024-03-12 01:16:41,555 - __main__ - INFO - Index => 1467, yesterday => 2024-03-11 & AQI => 209.0
2024-03-12 01:16:41,555 - __main__ - INFO - Daily AQI data has been written to data/cleaned_data/Forecasting_time_series/sector_51_daily_aqi.csv
2024-03-12 01:16:41,555 - __main__ - INFO - Index => 1467, yesterday => 2024-03-11 & AQI => 209.0
2024-03-12 01:16:41,556 - __main__ - INFO - Daily AQI data has been written to static/data/sector_51_daily_aqi.csv
2024-03-12 01:16:41,560 - __main__ - INFO - Re-training the model & train_end is 2024-03-06 00:00:00
2024-03-12 01:16:42,880 - __main__ - INFO - Retrained the model & MAPE is 13.46%
2024-03-12 01:16:42,880 - __main__ - INFO - Retrained the model & MAE is 26.173495271475087%
2024-03-12 01:16:44,183 - __main__ - INFO - Forecast=> 2024-03-12    210.668015
2024-03-13    208.970458
2024-03-14    213.305796
2024-03-15    220.560321
2024-03-16    231.052220
Freq: D, Name: predicted_mean, dtype: float64
2024-03-12 01:16:44,183 - __main__ - INFO - The forecast data has been written to data/cleaned_data/Forecasting_time_series/forecast_sector_51_daily_aqi.csv
2024-03-12 01:16:44,184 - __main__ - INFO - The forecast data has been written to static/data/forecast_sector_51_daily_aqi.csv
2024-03-12 01:59:17,921 - __main__ - INFO - station=> Sector-51, Gurugram, result => ['184', 'Sector-51, Gurugram, India', Timestamp('2024-03-12 07:00:00')]
2024-03-12 01:59:17,921 - __main__ - INFO - The hourly data has been written to data/cron_job_data/sector_51_cron_output.csv with Timestamp: 2024-03-12 07:00:00
2024-03-12 01:59:18,556 - __main__ - INFO - station=> Sector-51, Gurugram, result => ['184', 'Sector-51, Gurugram, India', Timestamp('2024-03-12 07:00:00')]
2024-03-12 01:59:18,556 - __main__ - INFO - The hourly data has been written to static/data/sector_51_cron_output.csv with Timestamp: 2024-03-12 07:00:00
2024-03-12 01:59:18,557 - __main__ - INFO - Calling writeData & retrain_model functions.
2024-03-12 01:59:18,563 - __main__ - INFO - df_api columns Index(['AQI'], dtype='object')
2024-03-12 01:59:18,563 - __main__ - INFO - today=> 2024-03-12 & yesterday=> 2024-03-11
2024-03-12 01:59:18,565 - __main__ - INFO - temp_daily_aqi columns Index(['Unnamed: 0', 'Date', 'AQI'], dtype='object')
2024-03-12 01:59:18,572 - __main__ - INFO - temp_daily_aqi[2024-03-11]=>             Unnamed: 0    AQI
Date                         
2024-03-11        1467  209.0
2024-03-12 01:59:18,577 - __main__ - INFO - Re-training the model & train_end is 2024-03-06 00:00:00
2024-03-12 01:59:19,874 - __main__ - INFO - Retrained the model & MAPE is 13.46%
2024-03-12 01:59:19,875 - __main__ - INFO - Retrained the model & MAE is 26.173495271475087%
2024-03-12 01:59:21,207 - __main__ - INFO - Forecast=> 2024-03-12    210.668015
2024-03-13    208.970458
2024-03-14    213.305796
2024-03-15    220.560321
2024-03-16    231.052220
Freq: D, Name: predicted_mean, dtype: float64
2024-03-12 01:59:21,208 - __main__ - INFO - The forecast data has been written to data/cleaned_data/Forecasting_time_series/forecast_sector_51_daily_aqi.csv
2024-03-12 01:59:21,219 - __main__ - INFO - The forecast data has been written to static/data/forecast_sector_51_daily_aqi.csv
2024-03-12 02:46:13,340 - __main__ - INFO - station=> Sector-51, Gurugram, result => ['193', 'Sector-51, Gurugram, India', Timestamp('2024-03-12 08:00:00')]
2024-03-12 02:46:13,340 - __main__ - INFO - The hourly data has been written to data/cron_job_data/sector_51_cron_output.csv with Timestamp: 2024-03-12 08:00:00
2024-03-12 02:46:14,021 - __main__ - INFO - station=> Sector-51, Gurugram, result => ['193', 'Sector-51, Gurugram, India', Timestamp('2024-03-12 08:00:00')]
2024-03-12 02:46:14,021 - __main__ - INFO - The hourly data has been written to static/data/sector_51_cron_output.csv with Timestamp: 2024-03-12 08:00:00
2024-03-12 07:00:41,127 - __main__ - INFO - station=> Sector-51, Gurugram, result => ['250', 'Sector-51, Gurugram, India', Timestamp('2024-03-12 12:00:00')]
2024-03-12 07:00:41,127 - __main__ - INFO - The hourly data has been written to data/cron_job_data/sector_51_cron_output.csv with Timestamp: 2024-03-12 12:00:00
2024-03-12 07:00:41,603 - __main__ - INFO - station=> Sector-51, Gurugram, result => ['250', 'Sector-51, Gurugram, India', Timestamp('2024-03-12 12:00:00')]
2024-03-12 07:00:41,603 - __main__ - INFO - The hourly data has been written to static/data/sector_51_cron_output.csv with Timestamp: 2024-03-12 12:00:00
2024-03-12 15:19:39,394 - __main__ - INFO - station=> Sector-51, Gurugram, result => ['220', 'Sector-51, Gurugram, India', Timestamp('2024-03-12 13:00:00')]
2024-03-12 15:19:39,394 - __main__ - INFO - The hourly data has been written to data/cron_job_data/sector_51_cron_output.csv with Timestamp: 2024-03-12 13:00:00
2024-03-12 15:19:40,071 - __main__ - INFO - station=> Sector-51, Gurugram, result => ['220', 'Sector-51, Gurugram, India', Timestamp('2024-03-12 13:00:00')]
2024-03-12 15:19:40,071 - __main__ - INFO - The hourly data has been written to static/data/sector_51_cron_output.csv with Timestamp: 2024-03-12 13:00:00
2024-03-12 15:46:36,323 - __main__ - INFO - station=> Sector-51, Gurugram, result => ['159', 'Sector-51, Gurugram, India', Timestamp('2024-03-12 21:00:00')]
2024-03-12 15:46:36,323 - __main__ - INFO - The hourly data has been written to data/cron_job_data/sector_51_cron_output.csv with Timestamp: 2024-03-12 21:00:00
2024-03-12 15:46:36,809 - __main__ - INFO - station=> Sector-51, Gurugram, result => ['159', 'Sector-51, Gurugram, India', Timestamp('2024-03-12 21:00:00')]
2024-03-12 15:46:36,810 - __main__ - INFO - The hourly data has been written to static/data/sector_51_cron_output.csv with Timestamp: 2024-03-12 21:00:00
