2024-01-12 00:30:08,580 - __main__ - INFO - setData function - AQI is not an integer. Exception ValueError has occured for station=> Sector-51, Gurugram
2024-01-12 00:30:09,257 - __main__ - INFO - setData function - AQI is not an integer. Exception ValueError has occured for station=> Sector-51, Gurugram
2024-01-12 00:30:09,959 - __main__ - INFO - setData function - AQI is not an integer. Exception ValueError has occured for station=> Teri Gram
2024-01-12 00:30:10,665 - __main__ - INFO - setData function - AQI is not an integer. Exception ValueError has occured for station=> Vikas Sadan
2024-01-12 01:49:38,868 - __main__ - INFO - station=> Sector-51, Gurugram, result => ['181', 'Sector-51, Gurugram, India', Timestamp('2024-01-12 06:00:00')]
2024-01-12 01:49:38,868 - __main__ - INFO - The hourly data has been written to data/cron_job_data/sector_51_cron_output.csv with Timestamp: 2024-01-12 06:00:00
2024-01-12 01:49:39,558 - __main__ - INFO - station=> Sector-51, Gurugram, result => ['181', 'Sector-51, Gurugram, India', Timestamp('2024-01-12 06:00:00')]
2024-01-12 01:49:39,558 - __main__ - INFO - The hourly data has been written to static/data/sector_51_cron_output.csv with Timestamp: 2024-01-12 06:00:00
2024-01-12 01:49:40,233 - __main__ - INFO - station=> Teri Gram, result => ['181', 'Teri Gram, Gurugram, India', Timestamp('2024-01-12 06:00:00')]
2024-01-12 01:49:40,233 - __main__ - INFO - The hourly data has been written to data/cron_job_data/teri_gram_cron_output.csv with Timestamp: 2024-01-12 06:00:00
2024-01-12 01:49:40,906 - __main__ - INFO - station=> Vikas Sadan, result => ['151', 'Vikas Sadan Gurgaon, Gurgaon, India', Timestamp('2024-01-12 06:00:00')]
2024-01-12 01:49:40,906 - __main__ - INFO - The hourly data has been written to data/cron_job_data/vikas_sadan_cron_output.csv with Timestamp: 2024-01-12 06:00:00
2024-01-12 01:49:40,907 - __main__ - INFO - Calling writeData & retrain_model functions.
2024-01-12 01:49:40,912 - __main__ - INFO - df_api columns Index(['AQI'], dtype='object')
2024-01-12 01:49:40,913 - __main__ - INFO - today=> 2024-01-12 & yesterday=> 2024-01-11
2024-01-12 01:49:40,915 - __main__ - INFO - temp_daily_aqi columns Index(['Unnamed: 0', 'Date', 'AQI'], dtype='object')
2024-01-12 01:49:40,917 - __main__ - INFO - temp_daily_aqi[2024-01-11]=> Empty DataFrame
Columns: [Unnamed: 0, AQI]
Index: []
2024-01-12 01:49:40,918 - __main__ - INFO - Index => 1407, yesterday => 2024-01-11 & AQI => 168.0
2024-01-12 01:49:40,918 - __main__ - INFO - Daily AQI data has been written to data/cleaned_data/Forecasting_time_series/sector_51_daily_aqi.csv
2024-01-12 01:49:40,918 - __main__ - INFO - Index => 1407, yesterday => 2024-01-11 & AQI => 168.0
2024-01-12 01:49:40,919 - __main__ - INFO - Daily AQI data has been written to static/data/sector_51_daily_aqi.csv
2024-01-12 01:49:40,923 - __main__ - INFO - Re-training the model & train_end is 2024-01-06 00:00:00
2024-01-12 01:49:42,279 - __main__ - INFO - Retrained the model & MAPE is 9.15%
2024-01-12 01:49:43,838 - __main__ - INFO - Forecast=> 2024-01-12    180.352279
2024-01-13    180.034217
2024-01-14    174.264924
2024-01-15    180.985375
2024-01-16    188.321320
Freq: D, Name: predicted_mean, dtype: float64
2024-01-12 01:49:43,838 - __main__ - INFO - The forecast data has been written to data/cleaned_data/Forecasting_time_series/forecast_sector_51_daily_aqi.csv
2024-01-12 01:49:43,839 - __main__ - INFO - The forecast data has been written to static/data/forecast_sector_51_daily_aqi.csv
2024-01-12 02:23:26,289 - __main__ - INFO - station=> Sector-51, Gurugram, result => ['177', 'Sector-51, Gurugram, India', Timestamp('2024-01-12 07:00:00')]
2024-01-12 02:23:26,289 - __main__ - INFO - The hourly data has been written to data/cron_job_data/sector_51_cron_output.csv with Timestamp: 2024-01-12 07:00:00
2024-01-12 02:23:26,769 - __main__ - INFO - station=> Sector-51, Gurugram, result => ['177', 'Sector-51, Gurugram, India', Timestamp('2024-01-12 07:00:00')]
2024-01-12 02:23:26,769 - __main__ - INFO - The hourly data has been written to static/data/sector_51_cron_output.csv with Timestamp: 2024-01-12 07:00:00
2024-01-12 02:23:27,248 - __main__ - INFO - station=> Teri Gram, result => ['180', 'Teri Gram, Gurugram, India', Timestamp('2024-01-12 07:00:00')]
2024-01-12 02:23:27,248 - __main__ - INFO - The hourly data has been written to data/cron_job_data/teri_gram_cron_output.csv with Timestamp: 2024-01-12 07:00:00
2024-01-12 02:23:27,721 - __main__ - INFO - station=> Vikas Sadan, result => ['149', 'Vikas Sadan Gurgaon, Gurgaon, India', Timestamp('2024-01-12 07:00:00')]
2024-01-12 02:23:27,721 - __main__ - INFO - The hourly data has been written to data/cron_job_data/vikas_sadan_cron_output.csv with Timestamp: 2024-01-12 07:00:00
2024-01-12 03:07:21,846 - __main__ - INFO - station=> Sector-51, Gurugram, result => ['174', 'Sector-51, Gurugram, India', Timestamp('2024-01-12 08:00:00')]
2024-01-12 03:07:21,846 - __main__ - INFO - The hourly data has been written to data/cron_job_data/sector_51_cron_output.csv with Timestamp: 2024-01-12 08:00:00
2024-01-12 03:07:22,659 - __main__ - INFO - station=> Sector-51, Gurugram, result => ['174', 'Sector-51, Gurugram, India', Timestamp('2024-01-12 08:00:00')]
2024-01-12 03:07:22,659 - __main__ - INFO - The hourly data has been written to static/data/sector_51_cron_output.csv with Timestamp: 2024-01-12 08:00:00
2024-01-12 03:07:23,522 - __main__ - INFO - station=> Teri Gram, result => ['176', 'Teri Gram, Gurugram, India', Timestamp('2024-01-12 08:00:00')]
2024-01-12 03:07:23,522 - __main__ - INFO - The hourly data has been written to data/cron_job_data/teri_gram_cron_output.csv with Timestamp: 2024-01-12 08:00:00
2024-01-12 03:07:24,319 - __main__ - INFO - station=> Vikas Sadan, result => ['137', 'Vikas Sadan Gurgaon, Gurgaon, India', Timestamp('2024-01-12 08:00:00')]
2024-01-12 03:07:24,319 - __main__ - INFO - The hourly data has been written to data/cron_job_data/vikas_sadan_cron_output.csv with Timestamp: 2024-01-12 08:00:00
2024-01-12 05:05:14,377 - __main__ - INFO - station=> Sector-51, Gurugram, result => ['176', 'Sector-51, Gurugram, India', Timestamp('2024-01-12 10:00:00')]
2024-01-12 05:05:14,377 - __main__ - INFO - The hourly data has been written to data/cron_job_data/sector_51_cron_output.csv with Timestamp: 2024-01-12 10:00:00
2024-01-12 05:05:14,852 - __main__ - INFO - station=> Sector-51, Gurugram, result => ['176', 'Sector-51, Gurugram, India', Timestamp('2024-01-12 10:00:00')]
2024-01-12 05:05:14,852 - __main__ - INFO - The hourly data has been written to static/data/sector_51_cron_output.csv with Timestamp: 2024-01-12 10:00:00
2024-01-12 05:05:15,330 - __main__ - INFO - station=> Teri Gram, result => ['178', 'Teri Gram, Gurugram, India', Timestamp('2024-01-12 10:00:00')]
2024-01-12 05:05:15,330 - __main__ - INFO - The hourly data has been written to data/cron_job_data/teri_gram_cron_output.csv with Timestamp: 2024-01-12 10:00:00
2024-01-12 05:05:15,804 - __main__ - INFO - station=> Vikas Sadan, result => ['106', 'Vikas Sadan Gurgaon, Gurgaon, India', Timestamp('2024-01-12 10:00:00')]
2024-01-12 05:05:15,804 - __main__ - INFO - The hourly data has been written to data/cron_job_data/vikas_sadan_cron_output.csv with Timestamp: 2024-01-12 10:00:00
2024-01-12 06:08:43,044 - __main__ - INFO - station=> Teri Gram, result => ['178', 'Teri Gram, Gurugram, India', Timestamp('2024-01-12 11:00:00')]
2024-01-12 06:08:43,044 - __main__ - INFO - The hourly data has been written to data/cron_job_data/teri_gram_cron_output.csv with Timestamp: 2024-01-12 11:00:00
2024-01-12 06:08:43,732 - __main__ - INFO - station=> Vikas Sadan, result => ['156', 'Vikas Sadan Gurgaon, Gurgaon, India', Timestamp('2024-01-12 11:00:00')]
2024-01-12 06:08:43,732 - __main__ - INFO - The hourly data has been written to data/cron_job_data/vikas_sadan_cron_output.csv with Timestamp: 2024-01-12 11:00:00
2024-01-12 07:03:48,653 - __main__ - INFO - station=> Sector-51, Gurugram, result => ['191', 'Sector-51, Gurugram, India', Timestamp('2024-01-12 12:00:00')]
2024-01-12 07:03:48,654 - __main__ - INFO - The hourly data has been written to data/cron_job_data/sector_51_cron_output.csv with Timestamp: 2024-01-12 12:00:00
2024-01-12 07:03:49,126 - __main__ - INFO - station=> Sector-51, Gurugram, result => ['191', 'Sector-51, Gurugram, India', Timestamp('2024-01-12 12:00:00')]
2024-01-12 07:03:49,126 - __main__ - INFO - The hourly data has been written to static/data/sector_51_cron_output.csv with Timestamp: 2024-01-12 12:00:00
2024-01-12 07:03:49,607 - __main__ - INFO - station=> Teri Gram, result => ['177', 'Teri Gram, Gurugram, India', Timestamp('2024-01-12 12:00:00')]
2024-01-12 07:03:49,607 - __main__ - INFO - The hourly data has been written to data/cron_job_data/teri_gram_cron_output.csv with Timestamp: 2024-01-12 12:00:00
2024-01-12 07:03:50,080 - __main__ - INFO - station=> Vikas Sadan, result => ['153', 'Vikas Sadan Gurgaon, Gurgaon, India', Timestamp('2024-01-12 12:00:00')]
2024-01-12 07:03:50,081 - __main__ - INFO - The hourly data has been written to data/cron_job_data/vikas_sadan_cron_output.csv with Timestamp: 2024-01-12 12:00:00
2024-01-12 08:08:48,209 - __main__ - INFO - station=> Teri Gram, result => ['180', 'Teri Gram, Gurugram, India', Timestamp('2024-01-12 13:00:00')]
2024-01-12 08:08:48,209 - __main__ - INFO - The hourly data has been written to data/cron_job_data/teri_gram_cron_output.csv with Timestamp: 2024-01-12 13:00:00
2024-01-12 08:08:48,879 - __main__ - INFO - station=> Vikas Sadan, result => ['142', 'Vikas Sadan Gurgaon, Gurgaon, India', Timestamp('2024-01-12 13:00:00')]
2024-01-12 08:08:48,879 - __main__ - INFO - The hourly data has been written to data/cron_job_data/vikas_sadan_cron_output.csv with Timestamp: 2024-01-12 13:00:00
2024-01-12 10:07:56,879 - __main__ - INFO - station=> Sector-51, Gurugram, result => ['183', 'Sector-51, Gurugram, India', Timestamp('2024-01-12 15:00:00')]
2024-01-12 10:07:56,879 - __main__ - INFO - The hourly data has been written to data/cron_job_data/sector_51_cron_output.csv with Timestamp: 2024-01-12 15:00:00
2024-01-12 10:07:57,357 - __main__ - INFO - station=> Sector-51, Gurugram, result => ['183', 'Sector-51, Gurugram, India', Timestamp('2024-01-12 15:00:00')]
2024-01-12 10:07:57,358 - __main__ - INFO - The hourly data has been written to static/data/sector_51_cron_output.csv with Timestamp: 2024-01-12 15:00:00
2024-01-12 10:07:57,834 - __main__ - INFO - station=> Teri Gram, result => ['162', 'Teri Gram, Gurugram, India', Timestamp('2024-01-12 15:00:00')]
2024-01-12 10:07:57,835 - __main__ - INFO - The hourly data has been written to data/cron_job_data/teri_gram_cron_output.csv with Timestamp: 2024-01-12 15:00:00
2024-01-12 10:07:58,309 - __main__ - INFO - station=> Vikas Sadan, result => ['165', 'Vikas Sadan Gurgaon, Gurgaon, India', Timestamp('2024-01-12 15:00:00')]
2024-01-12 10:07:58,309 - __main__ - INFO - The hourly data has been written to data/cron_job_data/vikas_sadan_cron_output.csv with Timestamp: 2024-01-12 15:00:00
2024-01-12 11:03:06,725 - __main__ - INFO - setData function - AQI is not an integer. Exception ValueError has occured for station=> nise gwal
2024-01-12 11:03:07,388 - __main__ - INFO - station=> Sector-51, Gurugram, result => ['155', 'Sector-51, Gurugram, India', Timestamp('2024-01-12 16:00:00')]
2024-01-12 11:03:07,389 - __main__ - INFO - The hourly data has been written to data/cron_job_data/sector_51_cron_output.csv with Timestamp: 2024-01-12 16:00:00
2024-01-12 11:03:08,044 - __main__ - INFO - station=> Sector-51, Gurugram, result => ['155', 'Sector-51, Gurugram, India', Timestamp('2024-01-12 16:00:00')]
2024-01-12 11:03:08,044 - __main__ - INFO - The hourly data has been written to static/data/sector_51_cron_output.csv with Timestamp: 2024-01-12 16:00:00
2024-01-12 11:03:08,705 - __main__ - INFO - station=> Teri Gram, result => ['158', 'Teri Gram, Gurugram, India', Timestamp('2024-01-12 16:00:00')]
2024-01-12 11:03:08,705 - __main__ - INFO - The hourly data has been written to data/cron_job_data/teri_gram_cron_output.csv with Timestamp: 2024-01-12 16:00:00
2024-01-12 11:03:09,352 - __main__ - INFO - station=> Vikas Sadan, result => ['154', 'Vikas Sadan Gurgaon, Gurgaon, India', Timestamp('2024-01-12 16:00:00')]
2024-01-12 11:03:09,352 - __main__ - INFO - The hourly data has been written to data/cron_job_data/vikas_sadan_cron_output.csv with Timestamp: 2024-01-12 16:00:00
2024-01-12 12:11:09,632 - __main__ - INFO - setData function - AQI is not an integer. Exception ValueError has occured for station=> nise gwal
2024-01-12 12:11:10,315 - __main__ - INFO - station=> Sector-51, Gurugram, result => ['194', 'Sector-51, Gurugram, India', Timestamp('2024-01-12 17:00:00')]
2024-01-12 12:11:10,315 - __main__ - INFO - The hourly data has been written to data/cron_job_data/sector_51_cron_output.csv with Timestamp: 2024-01-12 17:00:00
2024-01-12 12:11:11,015 - __main__ - INFO - station=> Sector-51, Gurugram, result => ['194', 'Sector-51, Gurugram, India', Timestamp('2024-01-12 17:00:00')]
2024-01-12 12:11:11,015 - __main__ - INFO - The hourly data has been written to static/data/sector_51_cron_output.csv with Timestamp: 2024-01-12 17:00:00
2024-01-12 12:11:11,818 - __main__ - INFO - station=> Teri Gram, result => ['153', 'Teri Gram, Gurugram, India', Timestamp('2024-01-12 17:00:00')]
2024-01-12 12:11:11,818 - __main__ - INFO - The hourly data has been written to data/cron_job_data/teri_gram_cron_output.csv with Timestamp: 2024-01-12 17:00:00
2024-01-12 12:11:12,504 - __main__ - INFO - station=> Vikas Sadan, result => ['120', 'Vikas Sadan Gurgaon, Gurgaon, India', Timestamp('2024-01-12 17:00:00')]
2024-01-12 12:11:12,505 - __main__ - INFO - The hourly data has been written to data/cron_job_data/vikas_sadan_cron_output.csv with Timestamp: 2024-01-12 17:00:00
2024-01-12 13:09:01,733 - __main__ - INFO - setData function - AQI is not an integer. Exception ValueError has occured for station=> nise gwal
2024-01-12 13:09:02,408 - __main__ - INFO - station=> Sector-51, Gurugram, result => ['190', 'Sector-51, Gurugram, India', Timestamp('2024-01-12 18:00:00')]
2024-01-12 13:09:02,408 - __main__ - INFO - The hourly data has been written to data/cron_job_data/sector_51_cron_output.csv with Timestamp: 2024-01-12 18:00:00
2024-01-12 13:09:03,052 - __main__ - INFO - station=> Sector-51, Gurugram, result => ['190', 'Sector-51, Gurugram, India', Timestamp('2024-01-12 18:00:00')]
2024-01-12 13:09:03,052 - __main__ - INFO - The hourly data has been written to static/data/sector_51_cron_output.csv with Timestamp: 2024-01-12 18:00:00
2024-01-12 13:09:03,700 - __main__ - INFO - station=> Teri Gram, result => ['154', 'Teri Gram, Gurugram, India', Timestamp('2024-01-12 18:00:00')]
2024-01-12 13:09:03,700 - __main__ - INFO - The hourly data has been written to data/cron_job_data/teri_gram_cron_output.csv with Timestamp: 2024-01-12 18:00:00
2024-01-12 13:09:04,342 - __main__ - INFO - station=> Vikas Sadan, result => ['131', 'Vikas Sadan Gurgaon, Gurgaon, India', Timestamp('2024-01-12 18:00:00')]
2024-01-12 13:09:04,343 - __main__ - INFO - The hourly data has been written to data/cron_job_data/vikas_sadan_cron_output.csv with Timestamp: 2024-01-12 18:00:00
2024-01-12 14:04:01,988 - __main__ - INFO - setData function - AQI is not an integer. Exception ValueError has occured for station=> nise gwal
2024-01-12 14:04:02,464 - __main__ - INFO - station=> Sector-51, Gurugram, result => ['197', 'Sector-51, Gurugram, India', Timestamp('2024-01-12 19:00:00')]
2024-01-12 14:04:02,464 - __main__ - INFO - The hourly data has been written to data/cron_job_data/sector_51_cron_output.csv with Timestamp: 2024-01-12 19:00:00
2024-01-12 14:04:02,940 - __main__ - INFO - station=> Sector-51, Gurugram, result => ['197', 'Sector-51, Gurugram, India', Timestamp('2024-01-12 19:00:00')]
2024-01-12 14:04:02,940 - __main__ - INFO - The hourly data has been written to static/data/sector_51_cron_output.csv with Timestamp: 2024-01-12 19:00:00
2024-01-12 14:04:03,422 - __main__ - INFO - station=> Teri Gram, result => ['161', 'Teri Gram, Gurugram, India', Timestamp('2024-01-12 19:00:00')]
2024-01-12 14:04:03,422 - __main__ - INFO - The hourly data has been written to data/cron_job_data/teri_gram_cron_output.csv with Timestamp: 2024-01-12 19:00:00
2024-01-12 14:04:03,897 - __main__ - INFO - station=> Vikas Sadan, result => ['148', 'Vikas Sadan Gurgaon, Gurgaon, India', Timestamp('2024-01-12 19:00:00')]
2024-01-12 14:04:03,897 - __main__ - INFO - The hourly data has been written to data/cron_job_data/vikas_sadan_cron_output.csv with Timestamp: 2024-01-12 19:00:00
2024-01-12 15:03:10,601 - __main__ - INFO - setData function - AQI is not an integer. Exception ValueError has occured for station=> nise gwal
2024-01-12 15:03:11,077 - __main__ - INFO - station=> Sector-51, Gurugram, result => ['266', 'Sector-51, Gurugram, India', Timestamp('2024-01-12 20:00:00')]
2024-01-12 15:03:11,077 - __main__ - INFO - The hourly data has been written to data/cron_job_data/sector_51_cron_output.csv with Timestamp: 2024-01-12 20:00:00
2024-01-12 15:03:11,551 - __main__ - INFO - station=> Sector-51, Gurugram, result => ['266', 'Sector-51, Gurugram, India', Timestamp('2024-01-12 20:00:00')]
2024-01-12 15:03:11,551 - __main__ - INFO - The hourly data has been written to static/data/sector_51_cron_output.csv with Timestamp: 2024-01-12 20:00:00
2024-01-12 15:03:12,035 - __main__ - INFO - station=> Teri Gram, result => ['160', 'Teri Gram, Gurugram, India', Timestamp('2024-01-12 20:00:00')]
2024-01-12 15:03:12,035 - __main__ - INFO - The hourly data has been written to data/cron_job_data/teri_gram_cron_output.csv with Timestamp: 2024-01-12 20:00:00
2024-01-12 15:03:12,512 - __main__ - INFO - station=> Vikas Sadan, result => ['152', 'Vikas Sadan Gurgaon, Gurgaon, India', Timestamp('2024-01-12 20:00:00')]
2024-01-12 15:03:12,512 - __main__ - INFO - The hourly data has been written to data/cron_job_data/vikas_sadan_cron_output.csv with Timestamp: 2024-01-12 20:00:00
2024-01-12 16:07:56,931 - __main__ - INFO - setData function - AQI is not an integer. Exception ValueError has occured for station=> nise gwal
2024-01-12 16:07:57,404 - __main__ - INFO - station=> Sector-51, Gurugram, result => ['431', 'Sector-51, Gurugram, India', Timestamp('2024-01-12 21:00:00')]
2024-01-12 16:07:57,404 - __main__ - INFO - The hourly data has been written to data/cron_job_data/sector_51_cron_output.csv with Timestamp: 2024-01-12 21:00:00
2024-01-12 16:07:57,877 - __main__ - INFO - station=> Sector-51, Gurugram, result => ['431', 'Sector-51, Gurugram, India', Timestamp('2024-01-12 21:00:00')]
2024-01-12 16:07:57,877 - __main__ - INFO - The hourly data has been written to static/data/sector_51_cron_output.csv with Timestamp: 2024-01-12 21:00:00
2024-01-12 16:07:58,352 - __main__ - INFO - station=> Teri Gram, result => ['189', 'Teri Gram, Gurugram, India', Timestamp('2024-01-12 21:00:00')]
2024-01-12 16:07:58,352 - __main__ - INFO - The hourly data has been written to data/cron_job_data/teri_gram_cron_output.csv with Timestamp: 2024-01-12 21:00:00
2024-01-12 16:07:58,826 - __main__ - INFO - station=> Vikas Sadan, result => ['165', 'Vikas Sadan Gurgaon, Gurgaon, India', Timestamp('2024-01-12 21:00:00')]
2024-01-12 16:07:58,827 - __main__ - INFO - The hourly data has been written to data/cron_job_data/vikas_sadan_cron_output.csv with Timestamp: 2024-01-12 21:00:00
2024-01-12 17:03:01,847 - __main__ - INFO - setData function - AQI is not an integer. Exception ValueError has occured for station=> nise gwal
2024-01-12 17:03:02,328 - __main__ - INFO - station=> Sector-51, Gurugram, result => ['571', 'Sector-51, Gurugram, India', Timestamp('2024-01-12 22:00:00')]
2024-01-12 17:03:02,328 - __main__ - INFO - The hourly data has been written to data/cron_job_data/sector_51_cron_output.csv with Timestamp: 2024-01-12 22:00:00
2024-01-12 17:03:02,806 - __main__ - INFO - station=> Sector-51, Gurugram, result => ['571', 'Sector-51, Gurugram, India', Timestamp('2024-01-12 22:00:00')]
2024-01-12 17:03:02,806 - __main__ - INFO - The hourly data has been written to static/data/sector_51_cron_output.csv with Timestamp: 2024-01-12 22:00:00
2024-01-12 17:03:03,299 - __main__ - INFO - station=> Teri Gram, result => ['286', 'Teri Gram, Gurugram, India', Timestamp('2024-01-12 22:00:00')]
2024-01-12 17:03:03,299 - __main__ - INFO - The hourly data has been written to data/cron_job_data/teri_gram_cron_output.csv with Timestamp: 2024-01-12 22:00:00
2024-01-12 17:03:03,776 - __main__ - INFO - station=> Vikas Sadan, result => ['182', 'Vikas Sadan Gurgaon, Gurgaon, India', Timestamp('2024-01-12 22:00:00')]
2024-01-12 17:03:03,776 - __main__ - INFO - The hourly data has been written to data/cron_job_data/vikas_sadan_cron_output.csv with Timestamp: 2024-01-12 22:00:00
2024-01-12 18:08:03,884 - __main__ - INFO - setData function - AQI is not an integer. Exception ValueError has occured for station=> nise gwal
2024-01-12 18:08:04,575 - __main__ - INFO - station=> Sector-51, Gurugram, result => ['490', 'Sector-51, Gurugram, India', Timestamp('2024-01-12 23:00:00')]
2024-01-12 18:08:04,575 - __main__ - INFO - The hourly data has been written to data/cron_job_data/sector_51_cron_output.csv with Timestamp: 2024-01-12 23:00:00
2024-01-12 18:08:05,264 - __main__ - INFO - station=> Sector-51, Gurugram, result => ['490', 'Sector-51, Gurugram, India', Timestamp('2024-01-12 23:00:00')]
2024-01-12 18:08:05,264 - __main__ - INFO - The hourly data has been written to static/data/sector_51_cron_output.csv with Timestamp: 2024-01-12 23:00:00
2024-01-12 18:08:05,966 - __main__ - INFO - station=> Teri Gram, result => ['355', 'Teri Gram, Gurugram, India', Timestamp('2024-01-12 23:00:00')]
2024-01-12 18:08:05,967 - __main__ - INFO - The hourly data has been written to data/cron_job_data/teri_gram_cron_output.csv with Timestamp: 2024-01-12 23:00:00
2024-01-12 18:08:06,684 - __main__ - INFO - station=> Vikas Sadan, result => ['191', 'Vikas Sadan Gurgaon, Gurgaon, India', Timestamp('2024-01-12 23:00:00')]
2024-01-12 18:08:06,684 - __main__ - INFO - The hourly data has been written to data/cron_job_data/vikas_sadan_cron_output.csv with Timestamp: 2024-01-12 23:00:00
2024-01-12 19:02:24,208 - __main__ - INFO - setData function - AQI is not an integer. Exception ValueError has occured for station=> nise gwal
2024-01-12 19:02:24,880 - __main__ - INFO - station=> Sector-51, Gurugram, result => ['385', 'Sector-51, Gurugram, India', Timestamp('2024-01-13 00:00:00')]
2024-01-12 19:02:24,881 - __main__ - INFO - The hourly data has been written to data/cron_job_data/sector_51_cron_output.csv with Timestamp: 2024-01-13 00:00:00
2024-01-12 19:02:25,554 - __main__ - INFO - station=> Sector-51, Gurugram, result => ['385', 'Sector-51, Gurugram, India', Timestamp('2024-01-13 00:00:00')]
2024-01-12 19:02:25,555 - __main__ - INFO - The hourly data has been written to static/data/sector_51_cron_output.csv with Timestamp: 2024-01-13 00:00:00
2024-01-12 19:02:26,232 - __main__ - INFO - station=> Teri Gram, result => ['369', 'Teri Gram, Gurugram, India', Timestamp('2024-01-13 00:00:00')]
2024-01-12 19:02:26,232 - __main__ - INFO - The hourly data has been written to data/cron_job_data/teri_gram_cron_output.csv with Timestamp: 2024-01-13 00:00:00
2024-01-12 19:02:26,923 - __main__ - INFO - station=> Vikas Sadan, result => ['188', 'Vikas Sadan Gurgaon, Gurgaon, India', Timestamp('2024-01-13 00:00:00')]
2024-01-12 19:02:26,923 - __main__ - INFO - The hourly data has been written to data/cron_job_data/vikas_sadan_cron_output.csv with Timestamp: 2024-01-13 00:00:00
2024-01-12 20:06:19,555 - __main__ - INFO - setData function - AQI is not an integer. Exception ValueError has occured for station=> nise gwal
2024-01-12 20:06:20,207 - __main__ - INFO - station=> Sector-51, Gurugram, result => ['307', 'Sector-51, Gurugram, India', Timestamp('2024-01-13 01:00:00')]
2024-01-12 20:06:20,207 - __main__ - INFO - The hourly data has been written to data/cron_job_data/sector_51_cron_output.csv with Timestamp: 2024-01-13 01:00:00
2024-01-12 20:06:20,895 - __main__ - INFO - station=> Sector-51, Gurugram, result => ['307', 'Sector-51, Gurugram, India', Timestamp('2024-01-13 01:00:00')]
2024-01-12 20:06:20,895 - __main__ - INFO - The hourly data has been written to static/data/sector_51_cron_output.csv with Timestamp: 2024-01-13 01:00:00
2024-01-12 20:06:21,567 - __main__ - INFO - station=> Teri Gram, result => ['377', 'Teri Gram, Gurugram, India', Timestamp('2024-01-13 01:00:00')]
2024-01-12 20:06:21,568 - __main__ - INFO - The hourly data has been written to data/cron_job_data/teri_gram_cron_output.csv with Timestamp: 2024-01-13 01:00:00
2024-01-12 20:06:22,238 - __main__ - INFO - station=> Vikas Sadan, result => ['184', 'Vikas Sadan Gurgaon, Gurgaon, India', Timestamp('2024-01-13 01:00:00')]
2024-01-12 20:06:22,238 - __main__ - INFO - The hourly data has been written to data/cron_job_data/vikas_sadan_cron_output.csv with Timestamp: 2024-01-13 01:00:00
2024-01-12 21:02:48,899 - __main__ - INFO - setData function - AQI is not an integer. Exception ValueError has occured for station=> nise gwal
2024-01-12 21:02:49,633 - __main__ - INFO - station=> Sector-51, Gurugram, result => ['312', 'Sector-51, Gurugram, India', Timestamp('2024-01-13 02:00:00')]
2024-01-12 21:02:49,633 - __main__ - INFO - The hourly data has been written to data/cron_job_data/sector_51_cron_output.csv with Timestamp: 2024-01-13 02:00:00
2024-01-12 21:02:50,321 - __main__ - INFO - station=> Sector-51, Gurugram, result => ['312', 'Sector-51, Gurugram, India', Timestamp('2024-01-13 02:00:00')]
2024-01-12 21:02:50,321 - __main__ - INFO - The hourly data has been written to static/data/sector_51_cron_output.csv with Timestamp: 2024-01-13 02:00:00
2024-01-12 21:02:51,058 - __main__ - INFO - station=> Teri Gram, result => ['366', 'Teri Gram, Gurugram, India', Timestamp('2024-01-13 02:00:00')]
2024-01-12 21:02:51,058 - __main__ - INFO - The hourly data has been written to data/cron_job_data/teri_gram_cron_output.csv with Timestamp: 2024-01-13 02:00:00
2024-01-12 21:02:51,754 - __main__ - INFO - station=> Vikas Sadan, result => ['188', 'Vikas Sadan Gurgaon, Gurgaon, India', Timestamp('2024-01-13 02:00:00')]
2024-01-12 21:02:51,754 - __main__ - INFO - The hourly data has been written to data/cron_job_data/vikas_sadan_cron_output.csv with Timestamp: 2024-01-13 02:00:00
