2024-02-12 00:28:44,825 - __main__ - INFO - station=> Sector-51, Gurugram, result => ['202', 'Sector-51, Gurugram, India', Timestamp('2024-02-12 05:00:00')]
2024-02-12 00:28:44,826 - __main__ - INFO - The hourly data has been written to data/cron_job_data/sector_51_cron_output.csv with Timestamp: 2024-02-12 05:00:00
2024-02-12 00:28:45,298 - __main__ - INFO - station=> Sector-51, Gurugram, result => ['202', 'Sector-51, Gurugram, India', Timestamp('2024-02-12 05:00:00')]
2024-02-12 00:28:45,298 - __main__ - INFO - The hourly data has been written to static/data/sector_51_cron_output.csv with Timestamp: 2024-02-12 05:00:00
2024-02-12 00:28:45,773 - __main__ - INFO - station=> Teri Gram, result => ['220', 'Teri Gram, Gurugram, India', Timestamp('2024-02-12 05:00:00')]
2024-02-12 00:28:45,773 - __main__ - INFO - The hourly data has been written to data/cron_job_data/teri_gram_cron_output.csv with Timestamp: 2024-02-12 05:00:00
2024-02-12 00:28:46,241 - __main__ - INFO - station=> Vikas Sadan, result => ['177', 'Vikas Sadan Gurgaon, Gurgaon, India', Timestamp('2024-02-12 05:00:00')]
2024-02-12 00:28:46,242 - __main__ - INFO - The hourly data has been written to data/cron_job_data/vikas_sadan_cron_output.csv with Timestamp: 2024-02-12 05:00:00
2024-02-12 01:39:07,822 - __main__ - INFO - station=> Sector-51, Gurugram, result => ['194', 'Sector-51, Gurugram, India', Timestamp('2024-02-12 06:00:00')]
2024-02-12 01:39:07,822 - __main__ - INFO - The hourly data has been written to data/cron_job_data/sector_51_cron_output.csv with Timestamp: 2024-02-12 06:00:00
2024-02-12 01:39:08,496 - __main__ - INFO - station=> Sector-51, Gurugram, result => ['194', 'Sector-51, Gurugram, India', Timestamp('2024-02-12 06:00:00')]
2024-02-12 01:39:08,496 - __main__ - INFO - The hourly data has been written to static/data/sector_51_cron_output.csv with Timestamp: 2024-02-12 06:00:00
2024-02-12 01:39:09,173 - __main__ - INFO - station=> Teri Gram, result => ['210', 'Teri Gram, Gurugram, India', Timestamp('2024-02-12 06:00:00')]
2024-02-12 01:39:09,173 - __main__ - INFO - The hourly data has been written to data/cron_job_data/teri_gram_cron_output.csv with Timestamp: 2024-02-12 06:00:00
2024-02-12 01:39:09,837 - __main__ - INFO - station=> Vikas Sadan, result => ['181', 'Vikas Sadan Gurgaon, Gurgaon, India', Timestamp('2024-02-12 06:00:00')]
2024-02-12 01:39:09,837 - __main__ - INFO - The hourly data has been written to data/cron_job_data/vikas_sadan_cron_output.csv with Timestamp: 2024-02-12 06:00:00
2024-02-12 01:39:09,838 - __main__ - INFO - Calling writeData & retrain_model functions.
2024-02-12 01:39:09,844 - __main__ - INFO - df_api columns Index(['AQI'], dtype='object')
2024-02-12 01:39:09,844 - __main__ - INFO - today=> 2024-02-12 & yesterday=> 2024-02-11
2024-02-12 01:39:09,846 - __main__ - INFO - temp_daily_aqi columns Index(['Unnamed: 0', 'Date', 'AQI'], dtype='object')
2024-02-12 01:39:09,849 - __main__ - INFO - temp_daily_aqi[2024-02-11]=> Empty DataFrame
Columns: [Unnamed: 0, AQI]
Index: []
2024-02-12 01:39:09,849 - __main__ - INFO - Index => 1438, yesterday => 2024-02-11 & AQI => 313.0
2024-02-12 01:39:09,849 - __main__ - INFO - Daily AQI data has been written to data/cleaned_data/Forecasting_time_series/sector_51_daily_aqi.csv
2024-02-12 01:39:09,850 - __main__ - INFO - Index => 1438, yesterday => 2024-02-11 & AQI => 313.0
2024-02-12 01:39:09,850 - __main__ - INFO - Daily AQI data has been written to static/data/sector_51_daily_aqi.csv
2024-02-12 01:39:09,854 - __main__ - INFO - Re-training the model & train_end is 2024-02-06 00:00:00
2024-02-12 01:39:11,206 - __main__ - INFO - Retrained the model & MAPE is 20.39%
2024-02-12 01:39:11,206 - __main__ - INFO - Retrained the model & MAE is 62.119203396646995%
2024-02-12 01:39:12,707 - __main__ - INFO - Forecast=> 2024-02-12    298.010171
2024-02-13    289.004346
2024-02-14    281.886919
2024-02-15    279.085456
2024-02-16    280.087678
Freq: D, Name: predicted_mean, dtype: float64
2024-02-12 01:39:12,707 - __main__ - INFO - The forecast data has been written to data/cleaned_data/Forecasting_time_series/forecast_sector_51_daily_aqi.csv
2024-02-12 01:39:12,785 - __main__ - INFO - The forecast data has been written to static/data/forecast_sector_51_daily_aqi.csv
