2024-08-12 00:37:27,667 - __main__ - INFO - station=> Sector-51, Gurugram, result => ['90', 'Sector-51, Gurugram, India', Timestamp('2024-08-12 05:00:00')]
2024-08-12 00:37:27,667 - __main__ - INFO - The hourly data has been written to data/cron_job_data/sector_51_cron_output.csv with Timestamp: 2024-08-12 05:00:00
2024-08-12 00:37:28,281 - __main__ - INFO - station=> Sector-51, Gurugram, result => ['90', 'Sector-51, Gurugram, India', Timestamp('2024-08-12 05:00:00')]
2024-08-12 00:37:28,281 - __main__ - INFO - The hourly data has been written to static/data/sector_51_cron_output.csv with Timestamp: 2024-08-12 05:00:00
2024-08-12 02:02:28,786 - __main__ - INFO - station=> Sector-51, Gurugram, result => ['121', 'Sector-51, Gurugram, India', Timestamp('2024-08-12 07:00:00')]
2024-08-12 02:02:28,786 - __main__ - INFO - The hourly data has been written to data/cron_job_data/sector_51_cron_output.csv with Timestamp: 2024-08-12 07:00:00
2024-08-12 02:02:29,463 - __main__ - INFO - station=> Sector-51, Gurugram, result => ['121', 'Sector-51, Gurugram, India', Timestamp('2024-08-12 07:00:00')]
2024-08-12 02:02:29,463 - __main__ - INFO - The hourly data has been written to static/data/sector_51_cron_output.csv with Timestamp: 2024-08-12 07:00:00
2024-08-12 03:09:29,030 - __main__ - INFO - station=> Sector-51, Gurugram, result => ['112', 'Sector-51, Gurugram, India', Timestamp('2024-08-12 08:00:00')]
2024-08-12 03:09:29,030 - __main__ - INFO - The hourly data has been written to data/cron_job_data/sector_51_cron_output.csv with Timestamp: 2024-08-12 08:00:00
2024-08-12 03:09:29,734 - __main__ - INFO - station=> Sector-51, Gurugram, result => ['112', 'Sector-51, Gurugram, India', Timestamp('2024-08-12 08:00:00')]
2024-08-12 03:09:29,734 - __main__ - INFO - The hourly data has been written to static/data/sector_51_cron_output.csv with Timestamp: 2024-08-12 08:00:00
2024-08-12 04:10:01,338 - __main__ - INFO - station=> Sector-51, Gurugram, result => ['97', 'Sector-51, Gurugram, India', Timestamp('2024-08-12 09:00:00')]
2024-08-12 04:10:01,338 - __main__ - INFO - The hourly data has been written to data/cron_job_data/sector_51_cron_output.csv with Timestamp: 2024-08-12 09:00:00
2024-08-12 04:10:01,956 - __main__ - INFO - station=> Sector-51, Gurugram, result => ['97', 'Sector-51, Gurugram, India', Timestamp('2024-08-12 09:00:00')]
2024-08-12 04:10:01,957 - __main__ - INFO - The hourly data has been written to static/data/sector_51_cron_output.csv with Timestamp: 2024-08-12 09:00:00
2024-08-12 05:08:50,052 - __main__ - INFO - station=> Sector-51, Gurugram, result => ['90', 'Sector-51, Gurugram, India', Timestamp('2024-08-12 10:00:00')]
2024-08-12 05:08:50,052 - __main__ - INFO - The hourly data has been written to data/cron_job_data/sector_51_cron_output.csv with Timestamp: 2024-08-12 10:00:00
2024-08-12 05:08:50,524 - __main__ - INFO - station=> Sector-51, Gurugram, result => ['90', 'Sector-51, Gurugram, India', Timestamp('2024-08-12 10:00:00')]
2024-08-12 05:08:50,524 - __main__ - INFO - The hourly data has been written to static/data/sector_51_cron_output.csv with Timestamp: 2024-08-12 10:00:00
2024-08-12 06:12:09,407 - __main__ - INFO - station=> Sector-51, Gurugram, result => ['85', 'Sector-51, Gurugram, India', Timestamp('2024-08-12 11:00:00')]
2024-08-12 06:12:09,407 - __main__ - INFO - The hourly data has been written to data/cron_job_data/sector_51_cron_output.csv with Timestamp: 2024-08-12 11:00:00
2024-08-12 06:12:09,886 - __main__ - INFO - station=> Sector-51, Gurugram, result => ['85', 'Sector-51, Gurugram, India', Timestamp('2024-08-12 11:00:00')]
2024-08-12 06:12:09,886 - __main__ - INFO - The hourly data has been written to static/data/sector_51_cron_output.csv with Timestamp: 2024-08-12 11:00:00
2024-08-12 07:08:47,758 - __main__ - INFO - station=> Sector-51, Gurugram, result => ['71', 'Sector-51, Gurugram, India', Timestamp('2024-08-12 12:00:00')]
2024-08-12 07:08:47,759 - __main__ - INFO - The hourly data has been written to data/cron_job_data/sector_51_cron_output.csv with Timestamp: 2024-08-12 12:00:00
2024-08-12 07:08:48,375 - __main__ - INFO - station=> Sector-51, Gurugram, result => ['71', 'Sector-51, Gurugram, India', Timestamp('2024-08-12 12:00:00')]
2024-08-12 07:08:48,376 - __main__ - INFO - The hourly data has been written to static/data/sector_51_cron_output.csv with Timestamp: 2024-08-12 12:00:00
2024-08-12 08:11:23,150 - __main__ - INFO - station=> Sector-51, Gurugram, result => ['29', 'Sector-51, Gurugram, India', Timestamp('2024-08-12 13:00:00')]
2024-08-12 08:11:23,150 - __main__ - INFO - The hourly data has been written to data/cron_job_data/sector_51_cron_output.csv with Timestamp: 2024-08-12 13:00:00
2024-08-12 08:11:23,616 - __main__ - INFO - station=> Sector-51, Gurugram, result => ['29', 'Sector-51, Gurugram, India', Timestamp('2024-08-12 13:00:00')]
2024-08-12 08:11:23,616 - __main__ - INFO - The hourly data has been written to static/data/sector_51_cron_output.csv with Timestamp: 2024-08-12 13:00:00
2024-08-12 14:24:43,508 - __main__ - INFO - station=> Sector-51, Gurugram, result => ['68', 'Sector-51, Gurugram, India', Timestamp('2024-08-12 14:00:00')]
2024-08-12 14:24:43,508 - __main__ - INFO - The hourly data has been written to data/cron_job_data/sector_51_cron_output.csv with Timestamp: 2024-08-12 14:00:00
2024-08-12 14:24:44,005 - __main__ - INFO - station=> Sector-51, Gurugram, result => ['68', 'Sector-51, Gurugram, India', Timestamp('2024-08-12 14:00:00')]
2024-08-12 14:24:44,005 - __main__ - INFO - The hourly data has been written to static/data/sector_51_cron_output.csv with Timestamp: 2024-08-12 14:00:00
2024-08-12 14:24:44,017 - __main__ - INFO - df_api columns Index(['AQI'], dtype='object')
2024-08-12 14:24:44,017 - __main__ - INFO - today=> 2024-08-12 & yesterday=> 2024-08-11
2024-08-12 14:24:44,020 - __main__ - INFO - temp_daily_aqi columns Index(['Unnamed: 0', 'Date', 'AQI'], dtype='object')
2024-08-12 14:24:44,026 - __main__ - INFO - temp_daily_aqi[2024-08-11]=>             Unnamed: 0   AQI
Date                        
2024-08-11        1620  98.0
2024-08-12 14:24:44,032 - __main__ - INFO - Re-training the model & train_end is 2024-08-06 00:00:00
2024-08-12 14:24:46,083 - __main__ - INFO - Retrained the model & MAPE is 23.46%
2024-08-12 14:24:46,083 - __main__ - INFO - Retrained the model & MAE is 21.333383130928308
2024-08-12 14:24:48,591 - __main__ - INFO - Forecast=> 2024-08-12    119.388808
2024-08-13    123.640070
2024-08-14    133.690014
2024-08-15    141.775124
2024-08-16    148.262817
Freq: D, Name: predicted_mean, dtype: float64
2024-08-12 14:24:48,593 - __main__ - INFO - The forecast data has been written to data/cleaned_data/Forecasting_time_series/forecast_sector_51_daily_aqi.csv
2024-08-12 14:24:48,593 - __main__ - INFO - The forecast data has been written to static/data/forecast_sector_51_daily_aqi.csv
2024-08-12 10:08:53,840 - __main__ - INFO - station=> Sector-51, Gurugram, result => ['78', 'Sector-51, Gurugram, India', Timestamp('2024-08-12 15:00:00')]
2024-08-12 10:08:53,840 - __main__ - INFO - The hourly data has been written to data/cron_job_data/sector_51_cron_output.csv with Timestamp: 2024-08-12 15:00:00
2024-08-12 10:08:54,467 - __main__ - INFO - station=> Sector-51, Gurugram, result => ['78', 'Sector-51, Gurugram, India', Timestamp('2024-08-12 15:00:00')]
2024-08-12 10:08:54,467 - __main__ - INFO - The hourly data has been written to static/data/sector_51_cron_output.csv with Timestamp: 2024-08-12 15:00:00
2024-08-12 11:07:23,014 - __main__ - INFO - station=> Sector-51, Gurugram, result => ['108', 'Sector-51, Gurugram, India', Timestamp('2024-08-12 16:00:00')]
2024-08-12 11:07:23,014 - __main__ - INFO - The hourly data has been written to data/cron_job_data/sector_51_cron_output.csv with Timestamp: 2024-08-12 16:00:00
2024-08-12 11:07:23,703 - __main__ - INFO - station=> Sector-51, Gurugram, result => ['108', 'Sector-51, Gurugram, India', Timestamp('2024-08-12 16:00:00')]
2024-08-12 11:07:23,703 - __main__ - INFO - The hourly data has been written to static/data/sector_51_cron_output.csv with Timestamp: 2024-08-12 16:00:00
2024-08-12 12:15:40,825 - __main__ - INFO - station=> Sector-51, Gurugram, result => ['109', 'Sector-51, Gurugram, India', Timestamp('2024-08-12 17:00:00')]
2024-08-12 12:15:40,825 - __main__ - INFO - The hourly data has been written to data/cron_job_data/sector_51_cron_output.csv with Timestamp: 2024-08-12 17:00:00
2024-08-12 12:15:41,516 - __main__ - INFO - station=> Sector-51, Gurugram, result => ['109', 'Sector-51, Gurugram, India', Timestamp('2024-08-12 17:00:00')]
2024-08-12 12:15:41,516 - __main__ - INFO - The hourly data has been written to static/data/sector_51_cron_output.csv with Timestamp: 2024-08-12 17:00:00
2024-08-12 13:14:29,068 - __main__ - INFO - station=> Sector-51, Gurugram, result => ['109', 'Sector-51, Gurugram, India', Timestamp('2024-08-12 18:00:00')]
2024-08-12 13:14:29,068 - __main__ - INFO - The hourly data has been written to data/cron_job_data/sector_51_cron_output.csv with Timestamp: 2024-08-12 18:00:00
2024-08-12 13:14:29,683 - __main__ - INFO - station=> Sector-51, Gurugram, result => ['109', 'Sector-51, Gurugram, India', Timestamp('2024-08-12 18:00:00')]
2024-08-12 13:14:29,683 - __main__ - INFO - The hourly data has been written to static/data/sector_51_cron_output.csv with Timestamp: 2024-08-12 18:00:00
2024-08-12 14:09:28,794 - __main__ - INFO - station=> Sector-51, Gurugram, result => ['109', 'Sector-51, Gurugram, India', Timestamp('2024-08-12 19:00:00')]
2024-08-12 14:09:28,794 - __main__ - INFO - The hourly data has been written to data/cron_job_data/sector_51_cron_output.csv with Timestamp: 2024-08-12 19:00:00
2024-08-12 14:09:29,265 - __main__ - INFO - station=> Sector-51, Gurugram, result => ['109', 'Sector-51, Gurugram, India', Timestamp('2024-08-12 19:00:00')]
2024-08-12 14:09:29,265 - __main__ - INFO - The hourly data has been written to static/data/sector_51_cron_output.csv with Timestamp: 2024-08-12 19:00:00
2024-08-12 16:09:50,704 - __main__ - INFO - station=> Sector-51, Gurugram, result => ['91', 'Sector-51, Gurugram, India', Timestamp('2024-08-12 21:00:00')]
2024-08-12 16:09:50,704 - __main__ - INFO - The hourly data has been written to data/cron_job_data/sector_51_cron_output.csv with Timestamp: 2024-08-12 21:00:00
2024-08-12 16:09:51,400 - __main__ - INFO - station=> Sector-51, Gurugram, result => ['91', 'Sector-51, Gurugram, India', Timestamp('2024-08-12 21:00:00')]
2024-08-12 16:09:51,400 - __main__ - INFO - The hourly data has been written to static/data/sector_51_cron_output.csv with Timestamp: 2024-08-12 21:00:00
2024-08-12 17:07:43,416 - __main__ - INFO - station=> Sector-51, Gurugram, result => ['89', 'Sector-51, Gurugram, India', Timestamp('2024-08-12 22:00:00')]
2024-08-12 17:07:43,416 - __main__ - INFO - The hourly data has been written to data/cron_job_data/sector_51_cron_output.csv with Timestamp: 2024-08-12 22:00:00
2024-08-12 17:07:43,911 - __main__ - INFO - station=> Sector-51, Gurugram, result => ['89', 'Sector-51, Gurugram, India', Timestamp('2024-08-12 22:00:00')]
2024-08-12 17:07:43,911 - __main__ - INFO - The hourly data has been written to static/data/sector_51_cron_output.csv with Timestamp: 2024-08-12 22:00:00
