2024-10-12 01:11:57,389 - __main__ - INFO - station=> Sector-51, Gurugram, result => ['172', 'Sector-51, Gurugram, India', Timestamp('2024-10-12 06:00:00')]
2024-10-12 01:11:57,389 - __main__ - INFO - The hourly data has been written to data/cron_job_data/sector_51_cron_output.csv with Timestamp: 2024-10-12 06:00:00
2024-10-12 01:11:58,003 - __main__ - INFO - station=> Sector-51, Gurugram, result => ['172', 'Sector-51, Gurugram, India', Timestamp('2024-10-12 06:00:00')]
2024-10-12 01:11:58,003 - __main__ - INFO - The hourly data has been written to static/data/sector_51_cron_output.csv with Timestamp: 2024-10-12 06:00:00
2024-10-12 01:11:58,053 - __main__ - INFO - df_api columns Index(['AQI'], dtype='object')
2024-10-12 01:11:58,053 - __main__ - INFO - today=> 2024-10-12 & yesterday=> 2024-10-11
2024-10-12 01:11:58,055 - __main__ - INFO - temp_daily_aqi columns Index(['Unnamed: 0', 'Date', 'AQI'], dtype='object')
2024-10-12 01:11:58,057 - __main__ - INFO - temp_daily_aqi[2024-10-11]=> Empty DataFrame
Columns: [Unnamed: 0, AQI]
Index: []
2024-10-12 01:11:58,058 - __main__ - INFO - Index => 1681, yesterday => 2024-10-11 & AQI => 158.0
2024-10-12 01:11:58,058 - __main__ - INFO - Daily AQI data has been written to data/cleaned_data/Forecasting_time_series/sector_51_daily_aqi.csv
2024-10-12 01:11:58,059 - __main__ - INFO - Index => 1681, yesterday => 2024-10-11 & AQI => 158.0
2024-10-12 01:11:58,059 - __main__ - INFO - Daily AQI data has been written to static/data/sector_51_daily_aqi.csv
2024-10-12 01:11:58,064 - __main__ - INFO - Re-training the model & train_end is 2024-10-06 00:00:00
2024-10-12 01:11:59,449 - __main__ - INFO - Retrained the model & MAPE is 7.93%
2024-10-12 01:11:59,449 - __main__ - INFO - Retrained the model & MAE is 11.584540163895714
2024-10-12 01:12:00,816 - __main__ - INFO - Forecast=> 2024-10-12    175.287573
2024-10-13    160.348994
2024-10-14    170.244532
2024-10-15    170.204054
2024-10-16    172.280068
Freq: D, Name: predicted_mean, dtype: float64
2024-10-12 01:12:00,816 - __main__ - INFO - The forecast data has been written to data/cleaned_data/Forecasting_time_series/forecast_sector_51_daily_aqi.csv
2024-10-12 01:12:00,817 - __main__ - INFO - The forecast data has been written to static/data/forecast_sector_51_daily_aqi.csv
2024-10-12 04:19:02,781 - __main__ - INFO - station=> Sector-51, Gurugram, result => ['166', 'Sector-51, Gurugram, India', Timestamp('2024-10-12 09:00:00')]
2024-10-12 04:19:02,781 - __main__ - INFO - The hourly data has been written to data/cron_job_data/sector_51_cron_output.csv with Timestamp: 2024-10-12 09:00:00
2024-10-12 04:19:03,421 - __main__ - INFO - station=> Sector-51, Gurugram, result => ['166', 'Sector-51, Gurugram, India', Timestamp('2024-10-12 09:00:00')]
2024-10-12 04:19:03,421 - __main__ - INFO - The hourly data has been written to static/data/sector_51_cron_output.csv with Timestamp: 2024-10-12 09:00:00
2024-10-12 08:18:49,086 - __main__ - INFO - station=> Sector-51, Gurugram, result => ['154', 'Sector-51, Gurugram, India', Timestamp('2024-10-12 13:00:00')]
2024-10-12 08:18:49,086 - __main__ - INFO - The hourly data has been written to data/cron_job_data/sector_51_cron_output.csv with Timestamp: 2024-10-12 13:00:00
2024-10-12 08:18:49,745 - __main__ - INFO - station=> Sector-51, Gurugram, result => ['154', 'Sector-51, Gurugram, India', Timestamp('2024-10-12 13:00:00')]
2024-10-12 08:18:49,745 - __main__ - INFO - The hourly data has been written to static/data/sector_51_cron_output.csv with Timestamp: 2024-10-12 13:00:00
2024-10-12 12:28:56,808 - __main__ - INFO - station=> Sector-51, Gurugram, result => ['146', 'Sector-51, Gurugram, India', Timestamp('2024-10-12 17:00:00')]
2024-10-12 12:28:56,809 - __main__ - INFO - The hourly data has been written to data/cron_job_data/sector_51_cron_output.csv with Timestamp: 2024-10-12 17:00:00
2024-10-12 12:28:57,270 - __main__ - INFO - station=> Sector-51, Gurugram, result => ['146', 'Sector-51, Gurugram, India', Timestamp('2024-10-12 17:00:00')]
2024-10-12 12:28:57,270 - __main__ - INFO - The hourly data has been written to static/data/sector_51_cron_output.csv with Timestamp: 2024-10-12 17:00:00
2024-10-12 16:19:26,087 - __main__ - INFO - station=> Sector-51, Gurugram, result => ['268', 'Sector-51, Gurugram, India', Timestamp('2024-10-12 21:00:00')]
2024-10-12 16:19:26,087 - __main__ - INFO - The hourly data has been written to data/cron_job_data/sector_51_cron_output.csv with Timestamp: 2024-10-12 21:00:00
2024-10-12 16:19:26,746 - __main__ - INFO - station=> Sector-51, Gurugram, result => ['268', 'Sector-51, Gurugram, India', Timestamp('2024-10-12 21:00:00')]
2024-10-12 16:19:26,746 - __main__ - INFO - The hourly data has been written to static/data/sector_51_cron_output.csv with Timestamp: 2024-10-12 21:00:00
