2023-12-12 00:29:26,187 - __main__ - INFO - station=> nise gwal, result => ['180', 'NISE Gwal Pahari, Gurugram, India', Timestamp('2023-12-12 05:00:00')]
2023-12-12 00:29:26,187 - __main__ - INFO - The data has been written to data/cron_job_data/nise_cron_output.csv with Timestamp: 2023-12-12 05:00:00
2023-12-12 00:29:26,664 - __main__ - INFO - station=> Sector-51, Gurugram, result => ['179', 'Sector-51, Gurugram, India', Timestamp('2023-12-12 05:00:00')]
2023-12-12 00:29:26,665 - __main__ - INFO - The data has been written to data/cron_job_data/sector_51_cron_output.csv with Timestamp: 2023-12-12 05:00:00
2023-12-12 00:29:27,144 - __main__ - INFO - station=> Teri Gram, result => ['194', 'Teri Gram, Gurugram, India', Timestamp('2023-12-12 05:00:00')]
2023-12-12 00:29:27,144 - __main__ - INFO - The data has been written to data/cron_job_data/teri_gram_cron_output.csv with Timestamp: 2023-12-12 05:00:00
2023-12-12 00:29:27,619 - __main__ - INFO - station=> Vikas Sadan, result => ['191', 'Vikas Sadan Gurgaon, Gurgaon, India', Timestamp('2023-12-12 05:00:00')]
2023-12-12 00:29:27,619 - __main__ - INFO - The data has been written to data/cron_job_data/vikas_sadan_cron_output.csv with Timestamp: 2023-12-12 05:00:00
2023-12-12 01:48:28,643 - __main__ - INFO - station=> nise gwal, result => ['225', 'NISE Gwal Pahari, Gurugram, India', Timestamp('2023-12-12 07:00:00')]
2023-12-12 01:48:28,643 - __main__ - INFO - The data has been written to data/cron_job_data/nise_cron_output.csv with Timestamp: 2023-12-12 07:00:00
2023-12-12 01:48:29,126 - __main__ - INFO - station=> Sector-51, Gurugram, result => ['182', 'Sector-51, Gurugram, India', Timestamp('2023-12-12 07:00:00')]
2023-12-12 01:48:29,126 - __main__ - INFO - The data has been written to data/cron_job_data/sector_51_cron_output.csv with Timestamp: 2023-12-12 07:00:00
2023-12-12 01:48:29,609 - __main__ - INFO - station=> Teri Gram, result => ['190', 'Teri Gram, Gurugram, India', Timestamp('2023-12-12 07:00:00')]
2023-12-12 01:48:29,610 - __main__ - INFO - The data has been written to data/cron_job_data/teri_gram_cron_output.csv with Timestamp: 2023-12-12 07:00:00
2023-12-12 01:48:30,090 - __main__ - INFO - station=> Vikas Sadan, result => ['172', 'Vikas Sadan Gurgaon, Gurgaon, India', Timestamp('2023-12-12 07:00:00')]
2023-12-12 01:48:30,090 - __main__ - INFO - The data has been written to data/cron_job_data/vikas_sadan_cron_output.csv with Timestamp: 2023-12-12 07:00:00
2023-12-12 02:22:11,550 - __main__ - INFO - station=> nise gwal, result => ['225', 'NISE Gwal Pahari, Gurugram, India', Timestamp('2023-12-12 07:00:00')]
2023-12-12 02:22:11,550 - __main__ - INFO - Timestamp 2023-12-12 07:00:00 already present in data/cron_job_data/nise_cron_output.csv, not appending.
2023-12-12 02:22:12,235 - __main__ - INFO - station=> Sector-51, Gurugram, result => ['183', 'Sector-51, Gurugram, India', Timestamp('2023-12-12 07:00:00')]
2023-12-12 02:22:12,235 - __main__ - INFO - Timestamp 2023-12-12 07:00:00 already present in data/cron_job_data/sector_51_cron_output.csv, not appending.
2023-12-12 02:22:12,933 - __main__ - INFO - station=> Teri Gram, result => ['190', 'Teri Gram, Gurugram, India', Timestamp('2023-12-12 07:00:00')]
2023-12-12 02:22:12,934 - __main__ - INFO - Timestamp 2023-12-12 07:00:00 already present in data/cron_job_data/teri_gram_cron_output.csv, not appending.
2023-12-12 02:22:13,619 - __main__ - INFO - station=> Vikas Sadan, result => ['173', 'Vikas Sadan Gurgaon, Gurgaon, India', Timestamp('2023-12-12 07:00:00')]
2023-12-12 02:22:13,619 - __main__ - INFO - Timestamp 2023-12-12 07:00:00 already present in data/cron_job_data/vikas_sadan_cron_output.csv, not appending.
2023-12-12 03:07:18,745 - __main__ - INFO - station=> nise gwal, result => ['205', 'NISE Gwal Pahari, Gurugram, India', Timestamp('2023-12-12 08:00:00')]
2023-12-12 03:07:18,745 - __main__ - INFO - The data has been written to data/cron_job_data/nise_cron_output.csv with Timestamp: 2023-12-12 08:00:00
2023-12-12 03:07:19,537 - __main__ - INFO - station=> Sector-51, Gurugram, result => ['190', 'Sector-51, Gurugram, India', Timestamp('2023-12-12 08:00:00')]
2023-12-12 03:07:19,537 - __main__ - INFO - The data has been written to data/cron_job_data/sector_51_cron_output.csv with Timestamp: 2023-12-12 08:00:00
2023-12-12 03:07:20,271 - __main__ - INFO - station=> Teri Gram, result => ['194', 'Teri Gram, Gurugram, India', Timestamp('2023-12-12 08:00:00')]
2023-12-12 03:07:20,272 - __main__ - INFO - The data has been written to data/cron_job_data/teri_gram_cron_output.csv with Timestamp: 2023-12-12 08:00:00
2023-12-12 03:07:21,017 - __main__ - INFO - station=> Vikas Sadan, result => ['173', 'Vikas Sadan Gurgaon, Gurgaon, India', Timestamp('2023-12-12 08:00:00')]
2023-12-12 03:07:21,018 - __main__ - INFO - The data has been written to data/cron_job_data/vikas_sadan_cron_output.csv with Timestamp: 2023-12-12 08:00:00
