2024-03-13 01:18:37,268 - __main__ - INFO - Calling writeData & retrain_model functions.
2024-03-13 01:18:37,274 - __main__ - INFO - df_api columns Index(['AQI'], dtype='object')
2024-03-13 01:18:37,274 - __main__ - INFO - today=> 2024-03-13 & yesterday=> 2024-03-12
2024-03-13 01:18:37,276 - __main__ - INFO - temp_daily_aqi columns Index(['Unnamed: 0', 'Date', 'AQI'], dtype='object')
2024-03-13 01:18:37,278 - __main__ - INFO - temp_daily_aqi[2024-03-12]=> Empty DataFrame
Columns: [Unnamed: 0, AQI]
Index: []
2024-03-13 01:18:37,279 - __main__ - INFO - Index => 1468, yesterday => 2024-03-12 & AQI => 189.0
2024-03-13 01:18:37,279 - __main__ - INFO - Daily AQI data has been written to data/cleaned_data/Forecasting_time_series/sector_51_daily_aqi.csv
2024-03-13 01:18:37,280 - __main__ - INFO - Index => 1468, yesterday => 2024-03-12 & AQI => 189.0
2024-03-13 01:18:37,280 - __main__ - INFO - Daily AQI data has been written to static/data/sector_51_daily_aqi.csv
2024-03-13 01:18:37,284 - __main__ - INFO - Re-training the model & train_end is 2024-03-07 00:00:00
2024-03-13 01:18:38,823 - __main__ - INFO - Retrained the model & MAPE is 13.77%
2024-03-13 01:18:38,823 - __main__ - INFO - Retrained the model & MAE is 25.034729047862736%
2024-03-13 01:18:40,071 - __main__ - INFO - Forecast=> 2024-03-13    194.271957
2024-03-14    200.150654
2024-03-15    208.794796
2024-03-16    220.579100
2024-03-17    200.579590
Freq: D, Name: predicted_mean, dtype: float64
2024-03-13 01:18:40,071 - __main__ - INFO - The forecast data has been written to data/cleaned_data/Forecasting_time_series/forecast_sector_51_daily_aqi.csv
2024-03-13 01:18:40,072 - __main__ - INFO - The forecast data has been written to static/data/forecast_sector_51_daily_aqi.csv
2024-03-13 04:46:35,069 - __main__ - INFO - station=> Sector-51, Gurugram, result => ['198', 'Sector-51, Gurugram, India', Timestamp('2024-03-13 10:00:00')]
2024-03-13 04:46:35,069 - __main__ - INFO - The hourly data has been written to data/cron_job_data/sector_51_cron_output.csv with Timestamp: 2024-03-13 10:00:00
2024-03-13 04:46:35,734 - __main__ - INFO - station=> Sector-51, Gurugram, result => ['198', 'Sector-51, Gurugram, India', Timestamp('2024-03-13 10:00:00')]
2024-03-13 04:46:35,735 - __main__ - INFO - The hourly data has been written to static/data/sector_51_cron_output.csv with Timestamp: 2024-03-13 10:00:00
2024-03-13 09:00:30,473 - __main__ - INFO - station=> Sector-51, Gurugram, result => ['170', 'Sector-51, Gurugram, India', Timestamp('2024-03-13 14:00:00')]
2024-03-13 09:00:30,473 - __main__ - INFO - The hourly data has been written to data/cron_job_data/sector_51_cron_output.csv with Timestamp: 2024-03-13 14:00:00
2024-03-13 09:00:31,308 - __main__ - INFO - station=> Sector-51, Gurugram, result => ['170', 'Sector-51, Gurugram, India', Timestamp('2024-03-13 14:00:00')]
2024-03-13 09:00:31,309 - __main__ - INFO - The hourly data has been written to static/data/sector_51_cron_output.csv with Timestamp: 2024-03-13 14:00:00
