2024-04-13 00:26:42,834 - __main__ - INFO - station=> Sector-51, Gurugram, result => ['216', 'Sector-51, Gurugram, India', Timestamp('2024-04-13 05:00:00')]
2024-04-13 00:26:42,834 - __main__ - INFO - The hourly data has been written to data/cron_job_data/sector_51_cron_output.csv with Timestamp: 2024-04-13 05:00:00
2024-04-13 00:26:43,451 - __main__ - INFO - station=> Sector-51, Gurugram, result => ['216', 'Sector-51, Gurugram, India', Timestamp('2024-04-13 05:00:00')]
2024-04-13 00:26:43,451 - __main__ - INFO - The hourly data has been written to static/data/sector_51_cron_output.csv with Timestamp: 2024-04-13 05:00:00
2024-04-13 01:27:28,191 - __main__ - INFO - station=> Sector-51, Gurugram, result => ['306', 'Sector-51, Gurugram, India', Timestamp('2024-04-13 06:00:00')]
2024-04-13 01:27:28,191 - __main__ - INFO - The hourly data has been written to data/cron_job_data/sector_51_cron_output.csv with Timestamp: 2024-04-13 06:00:00
2024-04-13 01:27:28,880 - __main__ - INFO - station=> Sector-51, Gurugram, result => ['306', 'Sector-51, Gurugram, India', Timestamp('2024-04-13 06:00:00')]
2024-04-13 01:27:28,880 - __main__ - INFO - The hourly data has been written to static/data/sector_51_cron_output.csv with Timestamp: 2024-04-13 06:00:00
2024-04-13 01:27:28,882 - __main__ - INFO - Calling writeData & retrain_model functions.
2024-04-13 01:27:28,888 - __main__ - INFO - df_api columns Index(['AQI'], dtype='object')
2024-04-13 01:27:28,889 - __main__ - INFO - today=> 2024-04-13 & yesterday=> 2024-04-12
2024-04-13 01:27:28,891 - __main__ - INFO - temp_daily_aqi columns Index(['Unnamed: 0', 'Date', 'AQI'], dtype='object')
2024-04-13 01:27:28,893 - __main__ - INFO - temp_daily_aqi[2024-04-12]=> Empty DataFrame
Columns: [Unnamed: 0, AQI]
Index: []
2024-04-13 01:27:28,894 - __main__ - INFO - Index => 1489, yesterday => 2024-04-12 & AQI => nan
2024-04-13 01:27:28,894 - __main__ - INFO - writeData function - Exception IndexError has occured for station=> data/cleaned_data/Forecasting_time_series/sector_51_daily_aqi.csv
2024-04-13 01:27:28,899 - __main__ - INFO - Re-training the model & train_end is 2024-03-27 00:00:00
2024-04-13 01:27:30,142 - __main__ - INFO - Retrained the model & MAPE is 30.78%
2024-04-13 01:27:30,142 - __main__ - INFO - Retrained the model & MAE is 70.66275908155379%
2024-04-13 01:27:31,334 - __main__ - INFO - Forecast=> 2024-04-02    276.054348
2024-04-03    270.611658
2024-04-04    266.404386
2024-04-05    266.996555
2024-04-06    273.422792
Freq: D, Name: predicted_mean, dtype: float64
2024-04-13 01:27:31,335 - __main__ - INFO - The forecast data has been written to data/cleaned_data/Forecasting_time_series/forecast_sector_51_daily_aqi.csv
2024-04-13 01:27:31,335 - __main__ - INFO - The forecast data has been written to static/data/forecast_sector_51_daily_aqi.csv
2024-04-13 02:07:43,659 - __main__ - INFO - station=> Sector-51, Gurugram, result => ['308', 'Sector-51, Gurugram, India', Timestamp('2024-04-13 07:00:00')]
2024-04-13 02:07:43,659 - __main__ - INFO - The hourly data has been written to data/cron_job_data/sector_51_cron_output.csv with Timestamp: 2024-04-13 07:00:00
2024-04-13 02:07:44,353 - __main__ - INFO - station=> Sector-51, Gurugram, result => ['308', 'Sector-51, Gurugram, India', Timestamp('2024-04-13 07:00:00')]
2024-04-13 02:07:44,353 - __main__ - INFO - The hourly data has been written to static/data/sector_51_cron_output.csv with Timestamp: 2024-04-13 07:00:00
2024-04-13 03:04:53,752 - __main__ - INFO - station=> Sector-51, Gurugram, result => ['287', 'Sector-51, Gurugram, India', Timestamp('2024-04-13 08:00:00')]
2024-04-13 03:04:53,752 - __main__ - INFO - The hourly data has been written to data/cron_job_data/sector_51_cron_output.csv with Timestamp: 2024-04-13 08:00:00
2024-04-13 03:04:54,216 - __main__ - INFO - station=> Sector-51, Gurugram, result => ['287', 'Sector-51, Gurugram, India', Timestamp('2024-04-13 08:00:00')]
2024-04-13 03:04:54,216 - __main__ - INFO - The hourly data has been written to static/data/sector_51_cron_output.csv with Timestamp: 2024-04-13 08:00:00
2024-04-13 04:08:23,675 - __main__ - INFO - station=> Sector-51, Gurugram, result => ['261', 'Sector-51, Gurugram, India', Timestamp('2024-04-13 09:00:00')]
2024-04-13 04:08:23,675 - __main__ - INFO - The hourly data has been written to data/cron_job_data/sector_51_cron_output.csv with Timestamp: 2024-04-13 09:00:00
2024-04-13 04:08:24,358 - __main__ - INFO - station=> Sector-51, Gurugram, result => ['261', 'Sector-51, Gurugram, India', Timestamp('2024-04-13 09:00:00')]
2024-04-13 04:08:24,358 - __main__ - INFO - The hourly data has been written to static/data/sector_51_cron_output.csv with Timestamp: 2024-04-13 09:00:00
2024-04-13 05:09:13,942 - __main__ - INFO - station=> Sector-51, Gurugram, result => ['244', 'Sector-51, Gurugram, India', Timestamp('2024-04-13 10:00:00')]
2024-04-13 05:09:13,942 - __main__ - INFO - The hourly data has been written to data/cron_job_data/sector_51_cron_output.csv with Timestamp: 2024-04-13 10:00:00
2024-04-13 05:09:14,613 - __main__ - INFO - station=> Sector-51, Gurugram, result => ['244', 'Sector-51, Gurugram, India', Timestamp('2024-04-13 10:00:00')]
2024-04-13 05:09:14,613 - __main__ - INFO - The hourly data has been written to static/data/sector_51_cron_output.csv with Timestamp: 2024-04-13 10:00:00
2024-04-13 06:07:34,357 - __main__ - INFO - station=> Sector-51, Gurugram, result => ['256', 'Sector-51, Gurugram, India', Timestamp('2024-04-13 11:00:00')]
2024-04-13 06:07:34,357 - __main__ - INFO - The hourly data has been written to data/cron_job_data/sector_51_cron_output.csv with Timestamp: 2024-04-13 11:00:00
2024-04-13 06:07:34,989 - __main__ - INFO - station=> Sector-51, Gurugram, result => ['256', 'Sector-51, Gurugram, India', Timestamp('2024-04-13 11:00:00')]
2024-04-13 06:07:34,989 - __main__ - INFO - The hourly data has been written to static/data/sector_51_cron_output.csv with Timestamp: 2024-04-13 11:00:00
2024-04-13 07:07:40,496 - __main__ - INFO - station=> Sector-51, Gurugram, result => ['245', 'Sector-51, Gurugram, India', Timestamp('2024-04-13 12:00:00')]
2024-04-13 07:07:40,497 - __main__ - INFO - The hourly data has been written to data/cron_job_data/sector_51_cron_output.csv with Timestamp: 2024-04-13 12:00:00
2024-04-13 07:07:41,160 - __main__ - INFO - station=> Sector-51, Gurugram, result => ['245', 'Sector-51, Gurugram, India', Timestamp('2024-04-13 12:00:00')]
2024-04-13 07:07:41,160 - __main__ - INFO - The hourly data has been written to static/data/sector_51_cron_output.csv with Timestamp: 2024-04-13 12:00:00
2024-04-13 08:06:51,775 - __main__ - INFO - station=> Sector-51, Gurugram, result => ['196', 'Sector-51, Gurugram, India', Timestamp('2024-04-13 13:00:00')]
2024-04-13 08:06:51,775 - __main__ - INFO - The hourly data has been written to data/cron_job_data/sector_51_cron_output.csv with Timestamp: 2024-04-13 13:00:00
2024-04-13 08:06:52,478 - __main__ - INFO - station=> Sector-51, Gurugram, result => ['196', 'Sector-51, Gurugram, India', Timestamp('2024-04-13 13:00:00')]
2024-04-13 08:06:52,478 - __main__ - INFO - The hourly data has been written to static/data/sector_51_cron_output.csv with Timestamp: 2024-04-13 13:00:00
2024-04-13 09:06:01,835 - __main__ - INFO - station=> Sector-51, Gurugram, result => ['178', 'Sector-51, Gurugram, India', Timestamp('2024-04-13 14:00:00')]
2024-04-13 09:06:01,835 - __main__ - INFO - The hourly data has been written to data/cron_job_data/sector_51_cron_output.csv with Timestamp: 2024-04-13 14:00:00
2024-04-13 09:06:02,483 - __main__ - INFO - station=> Sector-51, Gurugram, result => ['178', 'Sector-51, Gurugram, India', Timestamp('2024-04-13 14:00:00')]
2024-04-13 09:06:02,483 - __main__ - INFO - The hourly data has been written to static/data/sector_51_cron_output.csv with Timestamp: 2024-04-13 14:00:00
