2024-06-13 00:33:41,526 - __main__ - INFO - station=> Sector-51, Gurugram, result => ['162', 'Sector-51, Gurugram, India', Timestamp('2024-06-13 05:00:00')]
2024-06-13 00:33:41,526 - __main__ - INFO - The hourly data has been written to data/cron_job_data/sector_51_cron_output.csv with Timestamp: 2024-06-13 05:00:00
2024-06-13 00:33:42,191 - __main__ - INFO - station=> Sector-51, Gurugram, result => ['162', 'Sector-51, Gurugram, India', Timestamp('2024-06-13 05:00:00')]
2024-06-13 00:33:42,191 - __main__ - INFO - The hourly data has been written to static/data/sector_51_cron_output.csv with Timestamp: 2024-06-13 05:00:00
2024-06-13 01:53:47,239 - __main__ - INFO - station=> Sector-51, Gurugram, result => ['111', 'Sector-51, Gurugram, India', Timestamp('2024-06-13 06:00:00')]
2024-06-13 01:53:47,240 - __main__ - INFO - The hourly data has been written to data/cron_job_data/sector_51_cron_output.csv with Timestamp: 2024-06-13 06:00:00
2024-06-13 01:53:47,924 - __main__ - INFO - station=> Sector-51, Gurugram, result => ['111', 'Sector-51, Gurugram, India', Timestamp('2024-06-13 06:00:00')]
2024-06-13 01:53:47,924 - __main__ - INFO - The hourly data has been written to static/data/sector_51_cron_output.csv with Timestamp: 2024-06-13 06:00:00
2024-06-13 01:53:47,925 - __main__ - INFO - Calling writeData & retrain_model functions.
2024-06-13 01:53:47,933 - __main__ - INFO - df_api columns Index(['AQI'], dtype='object')
2024-06-13 01:53:47,933 - __main__ - INFO - today=> 2024-06-13 & yesterday=> 2024-06-12
2024-06-13 01:53:47,935 - __main__ - INFO - temp_daily_aqi columns Index(['Unnamed: 0', 'Date', 'AQI'], dtype='object')
2024-06-13 01:53:47,937 - __main__ - INFO - temp_daily_aqi[2024-06-12]=> Empty DataFrame
Columns: [Unnamed: 0, AQI]
Index: []
2024-06-13 01:53:47,938 - __main__ - INFO - Index => 1560, yesterday => 2024-06-12 & AQI => 311.0
2024-06-13 01:53:47,938 - __main__ - INFO - Daily AQI data has been written to data/cleaned_data/Forecasting_time_series/sector_51_daily_aqi.csv
2024-06-13 01:53:47,939 - __main__ - INFO - Index => 1560, yesterday => 2024-06-12 & AQI => 311.0
2024-06-13 01:53:47,939 - __main__ - INFO - Daily AQI data has been written to static/data/sector_51_daily_aqi.csv
2024-06-13 01:53:47,943 - __main__ - INFO - Re-training the model & train_end is 2024-06-07 00:00:00
2024-06-13 01:53:49,182 - __main__ - INFO - Retrained the model & MAPE is 16.72%
2024-06-13 01:53:49,182 - __main__ - INFO - Retrained the model & MAE is 39.83972625502512
2024-06-13 01:53:50,394 - __main__ - INFO - Forecast=> 2024-06-13    266.242758
2024-06-14    266.773256
2024-06-15    278.958942
2024-06-16    248.260031
2024-06-17    248.444734
Freq: D, Name: predicted_mean, dtype: float64
2024-06-13 01:53:50,395 - __main__ - INFO - The forecast data has been written to data/cleaned_data/Forecasting_time_series/forecast_sector_51_daily_aqi.csv
2024-06-13 01:53:50,395 - __main__ - INFO - The forecast data has been written to static/data/forecast_sector_51_daily_aqi.csv
2024-06-13 04:09:23,167 - __main__ - INFO - station=> Sector-51, Gurugram, result => ['162', 'Sector-51, Gurugram, India', Timestamp('2024-06-13 09:00:00')]
2024-06-13 04:09:23,167 - __main__ - INFO - The hourly data has been written to data/cron_job_data/sector_51_cron_output.csv with Timestamp: 2024-06-13 09:00:00
2024-06-13 04:09:23,837 - __main__ - INFO - station=> Sector-51, Gurugram, result => ['162', 'Sector-51, Gurugram, India', Timestamp('2024-06-13 09:00:00')]
2024-06-13 04:09:23,837 - __main__ - INFO - The hourly data has been written to static/data/sector_51_cron_output.csv with Timestamp: 2024-06-13 09:00:00
2024-06-13 08:10:10,004 - __main__ - INFO - station=> Sector-51, Gurugram, result => ['207', 'Sector-51, Gurugram, India', Timestamp('2024-06-13 13:00:00')]
2024-06-13 08:10:10,004 - __main__ - INFO - The hourly data has been written to data/cron_job_data/sector_51_cron_output.csv with Timestamp: 2024-06-13 13:00:00
2024-06-13 08:10:10,690 - __main__ - INFO - station=> Sector-51, Gurugram, result => ['207', 'Sector-51, Gurugram, India', Timestamp('2024-06-13 13:00:00')]
2024-06-13 08:10:10,690 - __main__ - INFO - The hourly data has been written to static/data/sector_51_cron_output.csv with Timestamp: 2024-06-13 13:00:00
2024-06-13 09:09:23,682 - __main__ - INFO - station=> Sector-51, Gurugram, result => ['98', 'Sector-51, Gurugram, India', Timestamp('2024-06-13 14:00:00')]
2024-06-13 09:09:23,682 - __main__ - INFO - The hourly data has been written to data/cron_job_data/sector_51_cron_output.csv with Timestamp: 2024-06-13 14:00:00
2024-06-13 09:09:24,365 - __main__ - INFO - station=> Sector-51, Gurugram, result => ['98', 'Sector-51, Gurugram, India', Timestamp('2024-06-13 14:00:00')]
2024-06-13 09:09:24,365 - __main__ - INFO - The hourly data has been written to static/data/sector_51_cron_output.csv with Timestamp: 2024-06-13 14:00:00
