2024-05-13 00:33:34,649 - __main__ - INFO - station=> Sector-51, Gurugram, result => ['156', 'Sector-51, Gurugram, India', Timestamp('2024-05-13 06:00:00')]
2024-05-13 00:33:34,649 - __main__ - INFO - The hourly data has been written to data/cron_job_data/sector_51_cron_output.csv with Timestamp: 2024-05-13 06:00:00
2024-05-13 00:33:35,329 - __main__ - INFO - station=> Sector-51, Gurugram, result => ['156', 'Sector-51, Gurugram, India', Timestamp('2024-05-13 06:00:00')]
2024-05-13 00:33:35,329 - __main__ - INFO - The hourly data has been written to static/data/sector_51_cron_output.csv with Timestamp: 2024-05-13 06:00:00
2024-05-13 01:51:12,162 - __main__ - INFO - Calling writeData & retrain_model functions.
2024-05-13 01:51:12,170 - __main__ - INFO - df_api columns Index(['AQI'], dtype='object')
2024-05-13 01:51:12,170 - __main__ - INFO - today=> 2024-05-13 & yesterday=> 2024-05-12
2024-05-13 01:51:12,172 - __main__ - INFO - temp_daily_aqi columns Index(['Unnamed: 0', 'Date', 'AQI'], dtype='object')
2024-05-13 01:51:12,174 - __main__ - INFO - temp_daily_aqi[2024-05-12]=> Empty DataFrame
Columns: [Unnamed: 0, AQI]
Index: []
2024-05-13 01:51:12,175 - __main__ - INFO - Index => 1529, yesterday => 2024-05-12 & AQI => nan
2024-05-13 01:51:12,175 - __main__ - INFO - Daily AQI data has been written to data/cleaned_data/Forecasting_time_series/sector_51_daily_aqi.csv
2024-05-13 01:51:12,176 - __main__ - INFO - Index => 1529, yesterday => 2024-05-12 & AQI => nan
2024-05-13 01:51:12,176 - __main__ - INFO - Daily AQI data has been written to static/data/sector_51_daily_aqi.csv
2024-05-13 01:51:12,180 - __main__ - INFO - Re-training the model & train_end is 2024-05-07 00:00:00
2024-05-13 01:51:13,692 - __main__ - INFO - Retrained the model & MAPE is 49.4%
2024-05-13 01:51:13,693 - __main__ - INFO - Retrained the model & MAE is 69.05924251933732
2024-05-13 01:51:14,984 - __main__ - INFO - Forecast=> 2024-05-13    144.678612
2024-05-14    149.311116
2024-05-15    154.312423
2024-05-16    162.278116
2024-05-17    173.677492
Freq: D, Name: predicted_mean, dtype: float64
2024-05-13 01:51:14,984 - __main__ - INFO - The forecast data has been written to data/cleaned_data/Forecasting_time_series/forecast_sector_51_daily_aqi.csv
2024-05-13 01:51:14,985 - __main__ - INFO - The forecast data has been written to static/data/forecast_sector_51_daily_aqi.csv
2024-05-13 02:24:09,637 - __main__ - INFO - station=> Sector-51, Gurugram, result => ['160', 'Sector-51, Gurugram, India', Timestamp('2024-05-13 07:00:00')]
2024-05-13 02:24:09,637 - __main__ - INFO - The hourly data has been written to data/cron_job_data/sector_51_cron_output.csv with Timestamp: 2024-05-13 07:00:00
2024-05-13 02:24:10,103 - __main__ - INFO - station=> Sector-51, Gurugram, result => ['160', 'Sector-51, Gurugram, India', Timestamp('2024-05-13 07:00:00')]
2024-05-13 02:24:10,103 - __main__ - INFO - The hourly data has been written to static/data/sector_51_cron_output.csv with Timestamp: 2024-05-13 07:00:00
2024-05-13 14:07:17,640 - __main__ - INFO - station=> Sector-51, Gurugram, result => ['161', 'Sector-51, Gurugram, India', Timestamp('2024-05-13 19:00:00')]
2024-05-13 14:07:17,641 - __main__ - INFO - The hourly data has been written to data/cron_job_data/sector_51_cron_output.csv with Timestamp: 2024-05-13 19:00:00
2024-05-13 14:07:18,369 - __main__ - INFO - station=> Sector-51, Gurugram, result => ['161', 'Sector-51, Gurugram, India', Timestamp('2024-05-13 19:00:00')]
2024-05-13 14:07:18,369 - __main__ - INFO - The hourly data has been written to static/data/sector_51_cron_output.csv with Timestamp: 2024-05-13 19:00:00
