2024-09-13 01:10:41,479 - __main__ - INFO - station=> Sector-51, Gurugram, result => ['93', 'Sector-51, Gurugram, India', Timestamp('2024-09-13 06:00:00')]
2024-09-13 01:10:41,479 - __main__ - INFO - The hourly data has been written to data/cron_job_data/sector_51_cron_output.csv with Timestamp: 2024-09-13 06:00:00
2024-09-13 01:10:42,140 - __main__ - INFO - station=> Sector-51, Gurugram, result => ['93', 'Sector-51, Gurugram, India', Timestamp('2024-09-13 06:00:00')]
2024-09-13 01:10:42,140 - __main__ - INFO - The hourly data has been written to static/data/sector_51_cron_output.csv with Timestamp: 2024-09-13 06:00:00
2024-09-13 01:10:42,184 - __main__ - INFO - df_api columns Index(['AQI'], dtype='object')
2024-09-13 01:10:42,184 - __main__ - INFO - today=> 2024-09-13 & yesterday=> 2024-09-12
2024-09-13 01:10:42,186 - __main__ - INFO - temp_daily_aqi columns Index(['Unnamed: 0', 'Date', 'AQI'], dtype='object')
2024-09-13 01:10:42,188 - __main__ - INFO - temp_daily_aqi[2024-09-12]=> Empty DataFrame
Columns: [Unnamed: 0, AQI]
Index: []
2024-09-13 01:10:42,189 - __main__ - INFO - Index => 1652, yesterday => 2024-09-12 & AQI => 108.0
2024-09-13 01:10:42,189 - __main__ - INFO - Daily AQI data has been written to data/cleaned_data/Forecasting_time_series/sector_51_daily_aqi.csv
2024-09-13 01:10:42,190 - __main__ - INFO - Index => 1652, yesterday => 2024-09-12 & AQI => 108.0
2024-09-13 01:10:42,190 - __main__ - INFO - Daily AQI data has been written to static/data/sector_51_daily_aqi.csv
2024-09-13 01:10:42,195 - __main__ - INFO - Re-training the model & train_end is 2024-09-07 00:00:00
2024-09-13 01:10:43,753 - __main__ - INFO - Retrained the model & MAPE is 12.99%
2024-09-13 01:10:43,754 - __main__ - INFO - Retrained the model & MAE is 15.22845927939333
2024-09-13 01:10:45,155 - __main__ - INFO - Forecast=> 2024-09-13    128.333221
2024-09-14    147.120442
2024-09-15    133.874663
2024-09-16    147.578902
2024-09-17    149.853355
Freq: D, Name: predicted_mean, dtype: float64
2024-09-13 01:10:45,155 - __main__ - INFO - The forecast data has been written to data/cleaned_data/Forecasting_time_series/forecast_sector_51_daily_aqi.csv
2024-09-13 01:10:45,156 - __main__ - INFO - The forecast data has been written to static/data/forecast_sector_51_daily_aqi.csv
