2024-01-13 00:29:17,548 - __main__ - INFO - setData function - AQI is not an integer. Exception ValueError has occured for station=> nise gwal
2024-01-13 00:29:18,233 - __main__ - INFO - station=> Sector-51, Gurugram, result => ['285', 'Sector-51, Gurugram, India', Timestamp('2024-01-13 05:00:00')]
2024-01-13 00:29:18,233 - __main__ - INFO - The hourly data has been written to data/cron_job_data/sector_51_cron_output.csv with Timestamp: 2024-01-13 05:00:00
2024-01-13 00:29:18,923 - __main__ - INFO - station=> Sector-51, Gurugram, result => ['285', 'Sector-51, Gurugram, India', Timestamp('2024-01-13 05:00:00')]
2024-01-13 00:29:18,923 - __main__ - INFO - The hourly data has been written to static/data/sector_51_cron_output.csv with Timestamp: 2024-01-13 05:00:00
2024-01-13 00:29:19,596 - __main__ - INFO - station=> Teri Gram, result => ['326', 'Teri Gram, Gurugram, India', Timestamp('2024-01-13 05:00:00')]
2024-01-13 00:29:19,596 - __main__ - INFO - The hourly data has been written to data/cron_job_data/teri_gram_cron_output.csv with Timestamp: 2024-01-13 05:00:00
2024-01-13 00:29:20,282 - __main__ - INFO - station=> Vikas Sadan, result => ['178', 'Vikas Sadan Gurgaon, Gurgaon, India', Timestamp('2024-01-13 05:00:00')]
2024-01-13 00:29:20,282 - __main__ - INFO - The hourly data has been written to data/cron_job_data/vikas_sadan_cron_output.csv with Timestamp: 2024-01-13 05:00:00
2024-01-13 01:45:46,890 - __main__ - INFO - setData function - AQI is not an integer. Exception ValueError has occured for station=> nise gwal
2024-01-13 01:45:47,577 - __main__ - INFO - station=> Sector-51, Gurugram, result => ['297', 'Sector-51, Gurugram, India', Timestamp('2024-01-13 07:00:00')]
2024-01-13 01:45:47,577 - __main__ - INFO - The hourly data has been written to data/cron_job_data/sector_51_cron_output.csv with Timestamp: 2024-01-13 07:00:00
2024-01-13 01:45:48,247 - __main__ - INFO - station=> Sector-51, Gurugram, result => ['297', 'Sector-51, Gurugram, India', Timestamp('2024-01-13 07:00:00')]
2024-01-13 01:45:48,247 - __main__ - INFO - The hourly data has been written to static/data/sector_51_cron_output.csv with Timestamp: 2024-01-13 07:00:00
2024-01-13 01:45:48,922 - __main__ - INFO - station=> Teri Gram, result => ['279', 'Teri Gram, Gurugram, India', Timestamp('2024-01-13 07:00:00')]
2024-01-13 01:45:48,923 - __main__ - INFO - The hourly data has been written to data/cron_job_data/teri_gram_cron_output.csv with Timestamp: 2024-01-13 07:00:00
2024-01-13 01:45:49,576 - __main__ - INFO - station=> Vikas Sadan, result => ['180', 'Vikas Sadan Gurgaon, Gurgaon, India', Timestamp('2024-01-13 07:00:00')]
2024-01-13 01:45:49,576 - __main__ - INFO - The hourly data has been written to data/cron_job_data/vikas_sadan_cron_output.csv with Timestamp: 2024-01-13 07:00:00
2024-01-13 01:45:49,577 - __main__ - INFO - Calling writeData & retrain_model functions.
2024-01-13 01:45:49,583 - __main__ - INFO - df_api columns Index(['AQI'], dtype='object')
2024-01-13 01:45:49,583 - __main__ - INFO - today=> 2024-01-13 & yesterday=> 2024-01-12
2024-01-13 01:45:49,585 - __main__ - INFO - temp_daily_aqi columns Index(['Unnamed: 0', 'Date', 'AQI'], dtype='object')
2024-01-13 01:45:49,588 - __main__ - INFO - temp_daily_aqi[2024-01-12]=> Empty DataFrame
Columns: [Unnamed: 0, AQI]
Index: []
2024-01-13 01:45:49,588 - __main__ - INFO - Index => 1408, yesterday => 2024-01-12 & AQI => 255.0
2024-01-13 01:45:49,588 - __main__ - INFO - Daily AQI data has been written to data/cleaned_data/Forecasting_time_series/sector_51_daily_aqi.csv
2024-01-13 01:45:49,589 - __main__ - INFO - Index => 1408, yesterday => 2024-01-12 & AQI => 255.0
2024-01-13 01:45:49,589 - __main__ - INFO - Daily AQI data has been written to static/data/sector_51_daily_aqi.csv
2024-01-13 01:45:49,594 - __main__ - INFO - Re-training the model & train_end is 2024-01-07 00:00:00
2024-01-13 01:45:50,962 - __main__ - INFO - Retrained the model & MAPE is 13.18%
2024-01-13 01:45:52,298 - __main__ - INFO - Forecast=> 2024-01-13    232.270213
2024-01-14    220.938084
2024-01-15    222.942184
2024-01-16    225.988039
2024-01-17    222.875419
Freq: D, Name: predicted_mean, dtype: float64
2024-01-13 01:45:52,299 - __main__ - INFO - The forecast data has been written to data/cleaned_data/Forecasting_time_series/forecast_sector_51_daily_aqi.csv
2024-01-13 01:45:52,299 - __main__ - INFO - The forecast data has been written to static/data/forecast_sector_51_daily_aqi.csv
2024-01-13 02:21:05,750 - __main__ - INFO - setData function - AQI is not an integer. Exception ValueError has occured for station=> nise gwal
2024-01-13 03:06:42,744 - __main__ - INFO - setData function - AQI is not an integer. Exception ValueError has occured for station=> nise gwal
2024-01-13 03:06:43,433 - __main__ - INFO - station=> Sector-51, Gurugram, result => ['333', 'Sector-51, Gurugram, India', Timestamp('2024-01-13 08:00:00')]
2024-01-13 03:06:43,433 - __main__ - INFO - The hourly data has been written to data/cron_job_data/sector_51_cron_output.csv with Timestamp: 2024-01-13 08:00:00
2024-01-13 03:06:44,121 - __main__ - INFO - station=> Sector-51, Gurugram, result => ['333', 'Sector-51, Gurugram, India', Timestamp('2024-01-13 08:00:00')]
2024-01-13 03:06:44,122 - __main__ - INFO - The hourly data has been written to static/data/sector_51_cron_output.csv with Timestamp: 2024-01-13 08:00:00
2024-01-13 03:06:44,811 - __main__ - INFO - station=> Teri Gram, result => ['270', 'Teri Gram, Gurugram, India', Timestamp('2024-01-13 08:00:00')]
2024-01-13 03:06:44,811 - __main__ - INFO - The hourly data has been written to data/cron_job_data/teri_gram_cron_output.csv with Timestamp: 2024-01-13 08:00:00
2024-01-13 03:06:45,496 - __main__ - INFO - station=> Vikas Sadan, result => ['179', 'Vikas Sadan Gurgaon, Gurgaon, India', Timestamp('2024-01-13 08:00:00')]
2024-01-13 03:06:45,497 - __main__ - INFO - The hourly data has been written to data/cron_job_data/vikas_sadan_cron_output.csv with Timestamp: 2024-01-13 08:00:00
2024-01-13 04:08:00,934 - __main__ - INFO - setData function - AQI is not an integer. Exception ValueError has occured for station=> nise gwal
2024-01-13 04:08:01,411 - __main__ - INFO - station=> Sector-51, Gurugram, result => ['339', 'Sector-51, Gurugram, India', Timestamp('2024-01-13 09:00:00')]
2024-01-13 04:08:01,412 - __main__ - INFO - The hourly data has been written to data/cron_job_data/sector_51_cron_output.csv with Timestamp: 2024-01-13 09:00:00
2024-01-13 04:08:01,891 - __main__ - INFO - station=> Sector-51, Gurugram, result => ['339', 'Sector-51, Gurugram, India', Timestamp('2024-01-13 09:00:00')]
2024-01-13 04:08:01,891 - __main__ - INFO - The hourly data has been written to static/data/sector_51_cron_output.csv with Timestamp: 2024-01-13 09:00:00
2024-01-13 04:08:02,368 - __main__ - INFO - station=> Teri Gram, result => ['305', 'Teri Gram, Gurugram, India', Timestamp('2024-01-13 09:00:00')]
2024-01-13 04:08:02,368 - __main__ - INFO - The hourly data has been written to data/cron_job_data/teri_gram_cron_output.csv with Timestamp: 2024-01-13 09:00:00
2024-01-13 04:08:02,841 - __main__ - INFO - station=> Vikas Sadan, result => ['183', 'Vikas Sadan Gurgaon, Gurgaon, India', Timestamp('2024-01-13 09:00:00')]
2024-01-13 04:08:02,841 - __main__ - INFO - The hourly data has been written to data/cron_job_data/vikas_sadan_cron_output.csv with Timestamp: 2024-01-13 09:00:00
2024-01-13 05:02:46,170 - __main__ - INFO - setData function - AQI is not an integer. Exception ValueError has occured for station=> nise gwal
2024-01-13 05:02:46,838 - __main__ - INFO - station=> Sector-51, Gurugram, result => ['342', 'Sector-51, Gurugram, India', Timestamp('2024-01-13 10:00:00')]
2024-01-13 05:02:46,838 - __main__ - INFO - The hourly data has been written to data/cron_job_data/sector_51_cron_output.csv with Timestamp: 2024-01-13 10:00:00
2024-01-13 05:02:47,506 - __main__ - INFO - station=> Sector-51, Gurugram, result => ['342', 'Sector-51, Gurugram, India', Timestamp('2024-01-13 10:00:00')]
2024-01-13 05:02:47,506 - __main__ - INFO - The hourly data has been written to static/data/sector_51_cron_output.csv with Timestamp: 2024-01-13 10:00:00
2024-01-13 05:02:48,177 - __main__ - INFO - station=> Teri Gram, result => ['303', 'Teri Gram, Gurugram, India', Timestamp('2024-01-13 10:00:00')]
2024-01-13 05:02:48,177 - __main__ - INFO - The hourly data has been written to data/cron_job_data/teri_gram_cron_output.csv with Timestamp: 2024-01-13 10:00:00
2024-01-13 05:02:48,827 - __main__ - INFO - station=> Vikas Sadan, result => ['191', 'Vikas Sadan Gurgaon, Gurgaon, India', Timestamp('2024-01-13 10:00:00')]
2024-01-13 05:02:48,827 - __main__ - INFO - The hourly data has been written to data/cron_job_data/vikas_sadan_cron_output.csv with Timestamp: 2024-01-13 10:00:00
2024-01-13 06:07:51,639 - __main__ - INFO - setData function - AQI is not an integer. Exception ValueError has occured for station=> nise gwal
2024-01-13 07:02:54,555 - __main__ - INFO - setData function - AQI is not an integer. Exception ValueError has occured for station=> nise gwal
2024-01-13 08:07:59,236 - __main__ - INFO - setData function - AQI is not an integer. Exception ValueError has occured for station=> nise gwal
2024-01-13 09:02:55,342 - __main__ - INFO - setData function - AQI is not an integer. Exception ValueError has occured for station=> nise gwal
2024-01-13 10:03:39,280 - __main__ - INFO - setData function - AQI is not an integer. Exception ValueError has occured for station=> nise gwal
2024-01-13 10:03:39,969 - __main__ - INFO - station=> Sector-51, Gurugram, result => ['347', 'Sector-51, Gurugram, India', Timestamp('2024-01-13 15:00:00')]
2024-01-13 10:03:39,969 - __main__ - INFO - The hourly data has been written to data/cron_job_data/sector_51_cron_output.csv with Timestamp: 2024-01-13 15:00:00
2024-01-13 10:03:40,659 - __main__ - INFO - station=> Sector-51, Gurugram, result => ['347', 'Sector-51, Gurugram, India', Timestamp('2024-01-13 15:00:00')]
2024-01-13 10:03:40,659 - __main__ - INFO - The hourly data has been written to static/data/sector_51_cron_output.csv with Timestamp: 2024-01-13 15:00:00
2024-01-13 10:03:41,350 - __main__ - INFO - station=> Teri Gram, result => ['183', 'Teri Gram, Gurugram, India', Timestamp('2024-01-13 15:00:00')]
2024-01-13 10:03:41,350 - __main__ - INFO - The hourly data has been written to data/cron_job_data/teri_gram_cron_output.csv with Timestamp: 2024-01-13 15:00:00
2024-01-13 10:03:42,038 - __main__ - INFO - station=> Vikas Sadan, result => ['228', 'Vikas Sadan Gurgaon, Gurgaon, India', Timestamp('2024-01-13 15:00:00')]
2024-01-13 10:03:42,038 - __main__ - INFO - The hourly data has been written to data/cron_job_data/vikas_sadan_cron_output.csv with Timestamp: 2024-01-13 15:00:00
2024-01-13 11:02:24,382 - __main__ - INFO - setData function - AQI is not an integer. Exception ValueError has occured for station=> nise gwal
2024-01-13 11:02:25,071 - __main__ - INFO - station=> Sector-51, Gurugram, result => ['322', 'Sector-51, Gurugram, India', Timestamp('2024-01-13 16:00:00')]
2024-01-13 11:02:25,071 - __main__ - INFO - The hourly data has been written to data/cron_job_data/sector_51_cron_output.csv with Timestamp: 2024-01-13 16:00:00
2024-01-13 11:02:25,894 - __main__ - INFO - station=> Sector-51, Gurugram, result => ['322', 'Sector-51, Gurugram, India', Timestamp('2024-01-13 16:00:00')]
2024-01-13 11:02:25,894 - __main__ - INFO - The hourly data has been written to static/data/sector_51_cron_output.csv with Timestamp: 2024-01-13 16:00:00
2024-01-13 11:02:26,565 - __main__ - INFO - station=> Teri Gram, result => ['214', 'Teri Gram, Gurugram, India', Timestamp('2024-01-13 16:00:00')]
2024-01-13 11:02:26,565 - __main__ - INFO - The hourly data has been written to data/cron_job_data/teri_gram_cron_output.csv with Timestamp: 2024-01-13 16:00:00
2024-01-13 11:02:27,251 - __main__ - INFO - station=> Vikas Sadan, result => ['195', 'Vikas Sadan Gurgaon, Gurgaon, India', Timestamp('2024-01-13 16:00:00')]
2024-01-13 11:02:27,251 - __main__ - INFO - The hourly data has been written to data/cron_job_data/vikas_sadan_cron_output.csv with Timestamp: 2024-01-13 16:00:00
2024-01-13 12:10:00,218 - __main__ - INFO - setData function - AQI is not an integer. Exception ValueError has occured for station=> nise gwal
2024-01-13 13:06:10,088 - __main__ - INFO - setData function - AQI is not an integer. Exception ValueError has occured for station=> nise gwal
2024-01-13 14:03:26,589 - __main__ - INFO - setData function - AQI is not an integer. Exception ValueError has occured for station=> nise gwal
