2024-02-13 01:39:04,650 - __main__ - INFO - station=> Sector-51, Gurugram, result => ['387', 'Sector-51, Gurugram, India', Timestamp('2024-02-13 06:00:00')]
2024-02-13 01:39:04,650 - __main__ - INFO - The hourly data has been written to data/cron_job_data/sector_51_cron_output.csv with Timestamp: 2024-02-13 06:00:00
2024-02-13 01:39:05,299 - __main__ - INFO - station=> Sector-51, Gurugram, result => ['387', 'Sector-51, Gurugram, India', Timestamp('2024-02-13 06:00:00')]
2024-02-13 01:39:05,299 - __main__ - INFO - The hourly data has been written to static/data/sector_51_cron_output.csv with Timestamp: 2024-02-13 06:00:00
2024-02-13 01:39:05,947 - __main__ - INFO - station=> Teri Gram, result => ['255', 'Teri Gram, Gurugram, India', Timestamp('2024-02-13 06:00:00')]
2024-02-13 01:39:05,947 - __main__ - INFO - The hourly data has been written to data/cron_job_data/teri_gram_cron_output.csv with Timestamp: 2024-02-13 06:00:00
2024-02-13 01:39:06,590 - __main__ - INFO - station=> Vikas Sadan, result => ['175', 'Vikas Sadan Gurgaon, Gurgaon, India', Timestamp('2024-02-13 06:00:00')]
2024-02-13 01:39:06,591 - __main__ - INFO - The hourly data has been written to data/cron_job_data/vikas_sadan_cron_output.csv with Timestamp: 2024-02-13 06:00:00
2024-02-13 01:39:06,592 - __main__ - INFO - Calling writeData & retrain_model functions.
2024-02-13 01:39:06,598 - __main__ - INFO - df_api columns Index(['AQI'], dtype='object')
2024-02-13 01:39:06,598 - __main__ - INFO - today=> 2024-02-13 & yesterday=> 2024-02-12
2024-02-13 01:39:06,600 - __main__ - INFO - temp_daily_aqi columns Index(['Unnamed: 0', 'Date', 'AQI'], dtype='object')
2024-02-13 01:39:06,602 - __main__ - INFO - temp_daily_aqi[2024-02-12]=> Empty DataFrame
Columns: [Unnamed: 0, AQI]
Index: []
2024-02-13 01:39:06,603 - __main__ - INFO - Index => 1439, yesterday => 2024-02-12 & AQI => 232.0
2024-02-13 01:39:06,603 - __main__ - INFO - Daily AQI data has been written to data/cleaned_data/Forecasting_time_series/sector_51_daily_aqi.csv
2024-02-13 01:39:06,604 - __main__ - INFO - Index => 1439, yesterday => 2024-02-12 & AQI => 232.0
2024-02-13 01:39:06,604 - __main__ - INFO - Daily AQI data has been written to static/data/sector_51_daily_aqi.csv
2024-02-13 01:39:06,608 - __main__ - INFO - Re-training the model & train_end is 2024-02-07 00:00:00
2024-02-13 01:39:07,989 - __main__ - INFO - Retrained the model & MAPE is 25.53%
2024-02-13 01:39:07,989 - __main__ - INFO - Retrained the model & MAE is 75.6018021863923%
2024-02-13 01:39:09,256 - __main__ - INFO - Forecast=> 2024-02-13    243.654384
2024-02-14    241.462151
2024-02-15    243.002850
2024-02-16    247.921910
2024-02-17    258.648485
Freq: D, Name: predicted_mean, dtype: float64
2024-02-13 01:39:09,256 - __main__ - INFO - The forecast data has been written to data/cleaned_data/Forecasting_time_series/forecast_sector_51_daily_aqi.csv
2024-02-13 01:39:09,257 - __main__ - INFO - The forecast data has been written to static/data/forecast_sector_51_daily_aqi.csv
2024-02-13 03:06:13,671 - __main__ - INFO - station=> Sector-51, Gurugram, result => ['394', 'Sector-51, Gurugram, India', Timestamp('2024-02-13 08:00:00')]
2024-02-13 03:06:13,671 - __main__ - INFO - The hourly data has been written to data/cron_job_data/sector_51_cron_output.csv with Timestamp: 2024-02-13 08:00:00
2024-02-13 03:06:14,370 - __main__ - INFO - station=> Sector-51, Gurugram, result => ['394', 'Sector-51, Gurugram, India', Timestamp('2024-02-13 08:00:00')]
2024-02-13 03:06:14,370 - __main__ - INFO - The hourly data has been written to static/data/sector_51_cron_output.csv with Timestamp: 2024-02-13 08:00:00
2024-02-13 03:06:15,080 - __main__ - INFO - station=> Teri Gram, result => ['286', 'Teri Gram, Gurugram, India', Timestamp('2024-02-13 08:00:00')]
2024-02-13 03:06:15,080 - __main__ - INFO - The hourly data has been written to data/cron_job_data/teri_gram_cron_output.csv with Timestamp: 2024-02-13 08:00:00
2024-02-13 03:06:15,788 - __main__ - INFO - station=> Vikas Sadan, result => ['172', 'Vikas Sadan Gurgaon, Gurgaon, India', Timestamp('2024-02-13 08:00:00')]
2024-02-13 03:06:15,788 - __main__ - INFO - The hourly data has been written to data/cron_job_data/vikas_sadan_cron_output.csv with Timestamp: 2024-02-13 08:00:00
2024-02-13 04:07:37,153 - __main__ - INFO - station=> Sector-51, Gurugram, result => ['401', 'Sector-51, Gurugram, India', Timestamp('2024-02-13 09:00:00')]
2024-02-13 04:07:37,153 - __main__ - INFO - The hourly data has been written to data/cron_job_data/sector_51_cron_output.csv with Timestamp: 2024-02-13 09:00:00
2024-02-13 04:07:37,759 - __main__ - INFO - station=> Sector-51, Gurugram, result => ['401', 'Sector-51, Gurugram, India', Timestamp('2024-02-13 09:00:00')]
2024-02-13 04:07:37,759 - __main__ - INFO - The hourly data has been written to static/data/sector_51_cron_output.csv with Timestamp: 2024-02-13 09:00:00
2024-02-13 04:07:38,373 - __main__ - INFO - station=> Teri Gram, result => ['311', 'Teri Gram, Gurugram, India', Timestamp('2024-02-13 09:00:00')]
2024-02-13 04:07:38,373 - __main__ - INFO - The hourly data has been written to data/cron_job_data/teri_gram_cron_output.csv with Timestamp: 2024-02-13 09:00:00
2024-02-13 04:07:38,975 - __main__ - INFO - station=> Vikas Sadan, result => ['175', 'Vikas Sadan Gurgaon, Gurgaon, India', Timestamp('2024-02-13 09:00:00')]
2024-02-13 04:07:38,975 - __main__ - INFO - The hourly data has been written to data/cron_job_data/vikas_sadan_cron_output.csv with Timestamp: 2024-02-13 09:00:00
2024-02-13 10:04:51,413 - __main__ - INFO - station=> Teri Gram, result => ['376', 'Teri Gram, Gurugram, India', Timestamp('2024-02-13 15:00:00')]
2024-02-13 10:04:51,414 - __main__ - INFO - The hourly data has been written to data/cron_job_data/teri_gram_cron_output.csv with Timestamp: 2024-02-13 15:00:00
2024-02-13 10:04:51,876 - __main__ - INFO - station=> Vikas Sadan, result => ['186', 'Vikas Sadan Gurgaon, Gurgaon, India', Timestamp('2024-02-13 15:00:00')]
2024-02-13 10:04:51,876 - __main__ - INFO - The hourly data has been written to data/cron_job_data/vikas_sadan_cron_output.csv with Timestamp: 2024-02-13 15:00:00
2024-02-13 18:08:43,964 - __main__ - INFO - station=> Sector-51, Gurugram, result => ['212', 'Sector-51, Gurugram, India', Timestamp('2024-02-13 15:00:00')]
2024-02-13 18:08:43,964 - __main__ - INFO - The hourly data has been written to data/cron_job_data/sector_51_cron_output.csv with Timestamp: 2024-02-13 15:00:00
2024-02-13 18:08:44,662 - __main__ - INFO - station=> Sector-51, Gurugram, result => ['212', 'Sector-51, Gurugram, India', Timestamp('2024-02-13 15:00:00')]
2024-02-13 18:08:44,662 - __main__ - INFO - The hourly data has been written to static/data/sector_51_cron_output.csv with Timestamp: 2024-02-13 15:00:00
2024-02-13 18:08:46,020 - __main__ - INFO - station=> Vikas Sadan, result => ['175', 'Vikas Sadan Gurgaon, Gurgaon, India', Timestamp('2024-02-13 22:00:00')]
2024-02-13 18:08:46,020 - __main__ - INFO - The hourly data has been written to data/cron_job_data/vikas_sadan_cron_output.csv with Timestamp: 2024-02-13 22:00:00
2024-02-13 20:04:31,232 - __main__ - INFO - station=> Sector-51, Gurugram, result => ['469', 'Sector-51, Gurugram, India', Timestamp('2024-02-13 23:00:00')]
2024-02-13 20:04:31,232 - __main__ - INFO - The hourly data has been written to data/cron_job_data/sector_51_cron_output.csv with Timestamp: 2024-02-13 23:00:00
2024-02-13 20:04:31,861 - __main__ - INFO - station=> Sector-51, Gurugram, result => ['469', 'Sector-51, Gurugram, India', Timestamp('2024-02-13 23:00:00')]
2024-02-13 20:04:31,862 - __main__ - INFO - The hourly data has been written to static/data/sector_51_cron_output.csv with Timestamp: 2024-02-13 23:00:00
2024-02-13 20:04:32,509 - __main__ - INFO - station=> Teri Gram, result => ['410', 'Teri Gram, Gurugram, India', Timestamp('2024-02-13 23:00:00')]
2024-02-13 20:04:32,509 - __main__ - INFO - The hourly data has been written to data/cron_job_data/teri_gram_cron_output.csv with Timestamp: 2024-02-13 23:00:00
