2024-07-13 01:56:00,106 - __main__ - INFO - Calling writeData & retrain_model functions.
2024-07-13 01:56:00,115 - __main__ - INFO - df_api columns Index(['AQI'], dtype='object')
2024-07-13 01:56:00,115 - __main__ - INFO - today=> 2024-07-13 & yesterday=> 2024-07-12
2024-07-13 01:56:00,117 - __main__ - INFO - temp_daily_aqi columns Index(['Unnamed: 0', 'Date', 'AQI'], dtype='object')
2024-07-13 01:56:00,119 - __main__ - INFO - temp_daily_aqi[2024-07-12]=> Empty DataFrame
Columns: [Unnamed: 0, AQI]
Index: []
2024-07-13 01:56:00,120 - __main__ - INFO - Index => 1590, yesterday => 2024-07-12 & AQI => 174.0
2024-07-13 01:56:00,120 - __main__ - INFO - Daily AQI data has been written to data/cleaned_data/Forecasting_time_series/sector_51_daily_aqi.csv
2024-07-13 01:56:00,120 - __main__ - INFO - Index => 1590, yesterday => 2024-07-12 & AQI => 174.0
2024-07-13 01:56:00,121 - __main__ - INFO - Daily AQI data has been written to static/data/sector_51_daily_aqi.csv
2024-07-13 01:56:00,125 - __main__ - INFO - Re-training the model & train_end is 2024-07-07 00:00:00
2024-07-13 01:56:01,270 - __main__ - INFO - Retrained the model & MAPE is 19.49%
2024-07-13 01:56:01,271 - __main__ - INFO - Retrained the model & MAE is 77.93626618547515
2024-07-13 01:56:02,551 - __main__ - INFO - Forecast=> 2024-07-13    247.253347
2024-07-14    221.316476
2024-07-15    224.143861
2024-07-16    222.229354
2024-07-17    223.241843
Freq: D, Name: predicted_mean, dtype: float64
2024-07-13 01:56:02,552 - __main__ - INFO - The forecast data has been written to data/cleaned_data/Forecasting_time_series/forecast_sector_51_daily_aqi.csv
2024-07-13 01:56:02,552 - __main__ - INFO - The forecast data has been written to static/data/forecast_sector_51_daily_aqi.csv
2024-07-13 16:07:44,372 - __main__ - INFO - station=> Sector-51, Gurugram, result => ['90', 'Sector-51, Gurugram, India', Timestamp('2024-07-13 21:00:00')]
2024-07-13 16:07:44,372 - __main__ - INFO - The hourly data has been written to data/cron_job_data/sector_51_cron_output.csv with Timestamp: 2024-07-13 21:00:00
2024-07-13 16:07:45,039 - __main__ - INFO - station=> Sector-51, Gurugram, result => ['90', 'Sector-51, Gurugram, India', Timestamp('2024-07-13 21:00:00')]
2024-07-13 16:07:45,039 - __main__ - INFO - The hourly data has been written to static/data/sector_51_cron_output.csv with Timestamp: 2024-07-13 21:00:00
2024-07-13 17:05:09,428 - __main__ - INFO - station=> Sector-51, Gurugram, result => ['90', 'Sector-51, Gurugram, India', Timestamp('2024-07-13 22:00:00')]
2024-07-13 17:05:09,428 - __main__ - INFO - The hourly data has been written to data/cron_job_data/sector_51_cron_output.csv with Timestamp: 2024-07-13 22:00:00
2024-07-13 17:05:10,078 - __main__ - INFO - station=> Sector-51, Gurugram, result => ['90', 'Sector-51, Gurugram, India', Timestamp('2024-07-13 22:00:00')]
2024-07-13 17:05:10,078 - __main__ - INFO - The hourly data has been written to static/data/sector_51_cron_output.csv with Timestamp: 2024-07-13 22:00:00
2024-07-13 18:08:46,054 - __main__ - INFO - station=> Sector-51, Gurugram, result => ['97', 'Sector-51, Gurugram, India', Timestamp('2024-07-13 23:00:00')]
2024-07-13 18:08:46,054 - __main__ - INFO - The hourly data has been written to data/cron_job_data/sector_51_cron_output.csv with Timestamp: 2024-07-13 23:00:00
2024-07-13 18:08:46,677 - __main__ - INFO - station=> Sector-51, Gurugram, result => ['97', 'Sector-51, Gurugram, India', Timestamp('2024-07-13 23:00:00')]
2024-07-13 18:08:46,678 - __main__ - INFO - The hourly data has been written to static/data/sector_51_cron_output.csv with Timestamp: 2024-07-13 23:00:00
