2023-12-13 00:28:59,391 - __main__ - INFO - station=> nise gwal, result => ['182', 'NISE Gwal Pahari, Gurugram, India', Timestamp('2023-12-12 13:00:00')]
2023-12-13 00:28:59,392 - __main__ - INFO - Timestamp 2023-12-12 13:00:00 already present in data/cron_job_data/nise_cron_output.csv, not appending.
2023-12-13 00:29:00,078 - __main__ - INFO - station=> Sector-51, Gurugram, result => ['203', 'Sector-51, Gurugram, India', Timestamp('2023-12-12 13:00:00')]
2023-12-13 00:29:00,079 - __main__ - INFO - Timestamp 2023-12-12 13:00:00 already present in data/cron_job_data/sector_51_cron_output.csv, not appending.
2023-12-13 00:29:00,771 - __main__ - INFO - station=> Teri Gram, result => ['144', 'Teri Gram, Gurugram, India', Timestamp('2023-12-12 13:00:00')]
2023-12-13 00:29:00,771 - __main__ - INFO - Timestamp 2023-12-12 13:00:00 already present in data/cron_job_data/teri_gram_cron_output.csv, not appending.
2023-12-13 00:29:01,453 - __main__ - INFO - station=> Vikas Sadan, result => ['174', 'Vikas Sadan Gurgaon, Gurgaon, India', Timestamp('2023-12-12 13:00:00')]
2023-12-13 00:29:01,453 - __main__ - INFO - Timestamp 2023-12-12 13:00:00 already present in data/cron_job_data/vikas_sadan_cron_output.csv, not appending.
2023-12-13 01:47:19,429 - __main__ - INFO - station=> nise gwal, result => ['182', 'NISE Gwal Pahari, Gurugram, India', Timestamp('2023-12-12 13:00:00')]
2023-12-13 01:47:19,430 - __main__ - INFO - Timestamp 2023-12-12 13:00:00 already present in data/cron_job_data/nise_cron_output.csv, not appending.
2023-12-13 01:47:20,115 - __main__ - INFO - station=> Sector-51, Gurugram, result => ['203', 'Sector-51, Gurugram, India', Timestamp('2023-12-12 13:00:00')]
2023-12-13 01:47:20,115 - __main__ - INFO - Timestamp 2023-12-12 13:00:00 already present in data/cron_job_data/sector_51_cron_output.csv, not appending.
2023-12-13 01:47:20,804 - __main__ - INFO - station=> Teri Gram, result => ['144', 'Teri Gram, Gurugram, India', Timestamp('2023-12-12 13:00:00')]
2023-12-13 01:47:20,805 - __main__ - INFO - Timestamp 2023-12-12 13:00:00 already present in data/cron_job_data/teri_gram_cron_output.csv, not appending.
2023-12-13 01:47:21,489 - __main__ - INFO - station=> Vikas Sadan, result => ['174', 'Vikas Sadan Gurgaon, Gurgaon, India', Timestamp('2023-12-12 13:00:00')]
2023-12-13 01:47:21,490 - __main__ - INFO - Timestamp 2023-12-12 13:00:00 already present in data/cron_job_data/vikas_sadan_cron_output.csv, not appending.
2023-12-13 02:21:45,078 - __main__ - INFO - station=> nise gwal, result => ['182', 'NISE Gwal Pahari, Gurugram, India', Timestamp('2023-12-12 13:00:00')]
2023-12-13 02:21:45,078 - __main__ - INFO - Timestamp 2023-12-12 13:00:00 already present in data/cron_job_data/nise_cron_output.csv, not appending.
2023-12-13 02:21:45,555 - __main__ - INFO - station=> Sector-51, Gurugram, result => ['203', 'Sector-51, Gurugram, India', Timestamp('2023-12-12 13:00:00')]
2023-12-13 02:21:45,556 - __main__ - INFO - Timestamp 2023-12-12 13:00:00 already present in data/cron_job_data/sector_51_cron_output.csv, not appending.
2023-12-13 02:21:46,034 - __main__ - INFO - station=> Teri Gram, result => ['144', 'Teri Gram, Gurugram, India', Timestamp('2023-12-12 13:00:00')]
2023-12-13 02:21:46,034 - __main__ - INFO - Timestamp 2023-12-12 13:00:00 already present in data/cron_job_data/teri_gram_cron_output.csv, not appending.
2023-12-13 02:21:46,511 - __main__ - INFO - station=> Vikas Sadan, result => ['174', 'Vikas Sadan Gurgaon, Gurgaon, India', Timestamp('2023-12-12 13:00:00')]
2023-12-13 02:21:46,511 - __main__ - INFO - Timestamp 2023-12-12 13:00:00 already present in data/cron_job_data/vikas_sadan_cron_output.csv, not appending.
