2024-09-14 01:09:45,028 - __main__ - INFO - station=> Sector-51, Gurugram, result => ['82', 'Sector-51, Gurugram, India', Timestamp('2024-09-14 06:00:00')]
2024-09-14 01:09:45,028 - __main__ - INFO - The hourly data has been written to data/cron_job_data/sector_51_cron_output.csv with Timestamp: 2024-09-14 06:00:00
2024-09-14 01:09:45,655 - __main__ - INFO - station=> Sector-51, Gurugram, result => ['82', 'Sector-51, Gurugram, India', Timestamp('2024-09-14 06:00:00')]
2024-09-14 01:09:45,655 - __main__ - INFO - The hourly data has been written to static/data/sector_51_cron_output.csv with Timestamp: 2024-09-14 06:00:00
2024-09-14 01:09:45,731 - __main__ - INFO - df_api columns Index(['AQI'], dtype='object')
2024-09-14 01:09:45,732 - __main__ - INFO - today=> 2024-09-14 & yesterday=> 2024-09-13
2024-09-14 01:09:45,733 - __main__ - INFO - temp_daily_aqi columns Index(['Unnamed: 0', 'Date', 'AQI'], dtype='object')
2024-09-14 01:09:45,736 - __main__ - INFO - temp_daily_aqi[2024-09-13]=> Empty DataFrame
Columns: [Unnamed: 0, AQI]
Index: []
2024-09-14 01:09:45,736 - __main__ - INFO - Index => 1653, yesterday => 2024-09-13 & AQI => 88.0
2024-09-14 01:09:45,737 - __main__ - INFO - Daily AQI data has been written to data/cleaned_data/Forecasting_time_series/sector_51_daily_aqi.csv
2024-09-14 01:09:45,737 - __main__ - INFO - Index => 1653, yesterday => 2024-09-13 & AQI => 88.0
2024-09-14 01:09:45,737 - __main__ - INFO - Daily AQI data has been written to static/data/sector_51_daily_aqi.csv
2024-09-14 01:09:45,742 - __main__ - INFO - Re-training the model & train_end is 2024-09-08 00:00:00
2024-09-14 01:09:47,047 - __main__ - INFO - Retrained the model & MAPE is 29.77%
2024-09-14 01:09:47,047 - __main__ - INFO - Retrained the model & MAE is 30.118886291226282
2024-09-14 01:09:48,420 - __main__ - INFO - Forecast=> 2024-09-14    122.050714
2024-09-15    111.145376
2024-09-16    127.069886
2024-09-17    131.253398
2024-09-18    137.759288
Freq: D, Name: predicted_mean, dtype: float64
2024-09-14 01:09:48,421 - __main__ - INFO - The forecast data has been written to data/cleaned_data/Forecasting_time_series/forecast_sector_51_daily_aqi.csv
2024-09-14 01:09:48,421 - __main__ - INFO - The forecast data has been written to static/data/forecast_sector_51_daily_aqi.csv
2024-09-14 04:18:46,661 - __main__ - INFO - station=> Sector-51, Gurugram, result => ['83', 'Sector-51, Gurugram, India', Timestamp('2024-09-14 07:00:00')]
2024-09-14 04:18:46,661 - __main__ - INFO - The hourly data has been written to data/cron_job_data/sector_51_cron_output.csv with Timestamp: 2024-09-14 07:00:00
2024-09-14 04:18:47,347 - __main__ - INFO - station=> Sector-51, Gurugram, result => ['83', 'Sector-51, Gurugram, India', Timestamp('2024-09-14 07:00:00')]
2024-09-14 04:18:47,347 - __main__ - INFO - The hourly data has been written to static/data/sector_51_cron_output.csv with Timestamp: 2024-09-14 07:00:00
2024-09-14 08:20:05,226 - __main__ - INFO - station=> Sector-51, Gurugram, result => ['97', 'Sector-51, Gurugram, India', Timestamp('2024-09-14 13:00:00')]
2024-09-14 08:20:05,227 - __main__ - INFO - The hourly data has been written to data/cron_job_data/sector_51_cron_output.csv with Timestamp: 2024-09-14 13:00:00
2024-09-14 08:20:05,943 - __main__ - INFO - station=> Sector-51, Gurugram, result => ['97', 'Sector-51, Gurugram, India', Timestamp('2024-09-14 13:00:00')]
2024-09-14 08:20:05,943 - __main__ - INFO - The hourly data has been written to static/data/sector_51_cron_output.csv with Timestamp: 2024-09-14 13:00:00
