2024-06-14 01:54:01,955 - __main__ - INFO - Calling writeData & retrain_model functions.
2024-06-14 01:54:01,963 - __main__ - INFO - df_api columns Index(['AQI'], dtype='object')
2024-06-14 01:54:01,963 - __main__ - INFO - today=> 2024-06-14 & yesterday=> 2024-06-13
2024-06-14 01:54:01,965 - __main__ - INFO - temp_daily_aqi columns Index(['Unnamed: 0', 'Date', 'AQI'], dtype='object')
2024-06-14 01:54:01,967 - __main__ - INFO - temp_daily_aqi[2024-06-13]=> Empty DataFrame
Columns: [Unnamed: 0, AQI]
Index: []
2024-06-14 01:54:01,968 - __main__ - INFO - Index => 1561, yesterday => 2024-06-13 & AQI => 240.0
2024-06-14 01:54:01,968 - __main__ - INFO - Daily AQI data has been written to data/cleaned_data/Forecasting_time_series/sector_51_daily_aqi.csv
2024-06-14 01:54:01,969 - __main__ - INFO - Index => 1561, yesterday => 2024-06-13 & AQI => 240.0
2024-06-14 01:54:01,969 - __main__ - INFO - Daily AQI data has been written to static/data/sector_51_daily_aqi.csv
2024-06-14 01:54:01,973 - __main__ - INFO - Re-training the model & train_end is 2024-06-08 00:00:00
2024-06-14 01:54:03,321 - __main__ - INFO - Retrained the model & MAPE is 21.27%
2024-06-14 01:54:03,322 - __main__ - INFO - Retrained the model & MAE is 46.7055840460767
2024-06-14 01:54:04,433 - __main__ - INFO - Forecast=> 2024-06-14    249.804812
2024-06-15    263.874328
2024-06-16    234.637445
2024-06-17    236.237136
2024-06-18    232.223229
Freq: D, Name: predicted_mean, dtype: float64
2024-06-14 01:54:04,437 - __main__ - INFO - The forecast data has been written to data/cleaned_data/Forecasting_time_series/forecast_sector_51_daily_aqi.csv
2024-06-14 01:54:04,437 - __main__ - INFO - The forecast data has been written to static/data/forecast_sector_51_daily_aqi.csv
