2024-10-14 01:16:12,204 - __main__ - INFO - station=> Sector-51, Gurugram, result => ['239', 'Sector-51, Gurugram, India', Timestamp('2024-10-14 06:00:00')]
2024-10-14 01:16:12,204 - __main__ - INFO - The hourly data has been written to data/cron_job_data/sector_51_cron_output.csv with Timestamp: 2024-10-14 06:00:00
2024-10-14 01:16:12,904 - __main__ - INFO - station=> Sector-51, Gurugram, result => ['239', 'Sector-51, Gurugram, India', Timestamp('2024-10-14 06:00:00')]
2024-10-14 01:16:12,904 - __main__ - INFO - The hourly data has been written to static/data/sector_51_cron_output.csv with Timestamp: 2024-10-14 06:00:00
2024-10-14 01:16:12,975 - __main__ - INFO - df_api columns Index(['AQI'], dtype='object')
2024-10-14 01:16:12,975 - __main__ - INFO - today=> 2024-10-14 & yesterday=> 2024-10-13
2024-10-14 01:16:12,977 - __main__ - INFO - temp_daily_aqi columns Index(['Unnamed: 0', 'Date', 'AQI'], dtype='object')
2024-10-14 01:16:12,979 - __main__ - INFO - temp_daily_aqi[2024-10-13]=> Empty DataFrame
Columns: [Unnamed: 0, AQI]
Index: []
2024-10-14 01:16:12,980 - __main__ - INFO - Index => 1683, yesterday => 2024-10-13 & AQI => 322.0
2024-10-14 01:16:12,980 - __main__ - INFO - Daily AQI data has been written to data/cleaned_data/Forecasting_time_series/sector_51_daily_aqi.csv
2024-10-14 01:16:12,981 - __main__ - INFO - Index => 1683, yesterday => 2024-10-13 & AQI => 322.0
2024-10-14 01:16:12,981 - __main__ - INFO - Daily AQI data has been written to static/data/sector_51_daily_aqi.csv
2024-10-14 01:16:12,986 - __main__ - INFO - Re-training the model & train_end is 2024-10-08 00:00:00
2024-10-14 01:16:14,394 - __main__ - INFO - Retrained the model & MAPE is 15.21%
2024-10-14 01:16:14,395 - __main__ - INFO - Retrained the model & MAE is 39.2962547029597
2024-10-14 01:16:15,741 - __main__ - INFO - Forecast=> 2024-10-14    271.174842
2024-10-15    261.650016
2024-10-16    254.938656
2024-10-17    251.027278
2024-10-18    244.495127
Freq: D, Name: predicted_mean, dtype: float64
2024-10-14 01:16:15,742 - __main__ - INFO - The forecast data has been written to data/cleaned_data/Forecasting_time_series/forecast_sector_51_daily_aqi.csv
2024-10-14 01:16:15,742 - __main__ - INFO - The forecast data has been written to static/data/forecast_sector_51_daily_aqi.csv
2024-10-14 04:19:53,403 - __main__ - INFO - station=> Sector-51, Gurugram, result => ['214', 'Sector-51, Gurugram, India', Timestamp('2024-10-14 09:00:00')]
2024-10-14 04:19:53,403 - __main__ - INFO - The hourly data has been written to data/cron_job_data/sector_51_cron_output.csv with Timestamp: 2024-10-14 09:00:00
2024-10-14 04:19:54,025 - __main__ - INFO - station=> Sector-51, Gurugram, result => ['214', 'Sector-51, Gurugram, India', Timestamp('2024-10-14 09:00:00')]
2024-10-14 04:19:54,026 - __main__ - INFO - The hourly data has been written to static/data/sector_51_cron_output.csv with Timestamp: 2024-10-14 09:00:00
2024-10-14 08:21:42,195 - __main__ - INFO - station=> Sector-51, Gurugram, result => ['245', 'Sector-51, Gurugram, India', Timestamp('2024-10-14 13:00:00')]
2024-10-14 08:21:42,196 - __main__ - INFO - The hourly data has been written to data/cron_job_data/sector_51_cron_output.csv with Timestamp: 2024-10-14 13:00:00
2024-10-14 08:21:42,880 - __main__ - INFO - station=> Sector-51, Gurugram, result => ['245', 'Sector-51, Gurugram, India', Timestamp('2024-10-14 13:00:00')]
2024-10-14 08:21:42,880 - __main__ - INFO - The hourly data has been written to static/data/sector_51_cron_output.csv with Timestamp: 2024-10-14 13:00:00
