2023-12-14 00:28:40,025 - __main__ - INFO - station=> nise gwal, result => ['-', 'NISE Gwal Pahari, Gurugram, India', Timestamp('2023-12-12 13:00:00')]
2023-12-14 00:28:40,025 - __main__ - INFO - AQI is not an integer. Exception ValueError has occured for station=> nise gwal
2023-12-14 00:28:40,731 - __main__ - INFO - station=> Sector-51, Gurugram, result => ['-', 'Sector-51, Gurugram, India', Timestamp('2023-12-12 13:00:00')]
2023-12-14 00:28:40,732 - __main__ - INFO - AQI is not an integer. Exception ValueError has occured for station=> Sector-51, Gurugram
2023-12-14 00:28:41,422 - __main__ - INFO - station=> Teri Gram, result => ['-', 'Teri Gram, Gurugram, India', Timestamp('2023-12-12 13:00:00')]
2023-12-14 00:28:41,422 - __main__ - INFO - AQI is not an integer. Exception ValueError has occured for station=> Teri Gram
2023-12-14 00:28:42,128 - __main__ - INFO - station=> Vikas Sadan, result => ['-', 'Vikas Sadan Gurgaon, Gurgaon, India', Timestamp('2023-12-12 13:00:00')]
2023-12-14 00:28:42,128 - __main__ - INFO - AQI is not an integer. Exception ValueError has occured for station=> Vikas Sadan
2023-12-14 01:44:41,470 - __main__ - INFO - station=> nise gwal, result => ['218', 'NISE Gwal Pahari, Gurugram, India', Timestamp('2023-12-14 06:00:00')]
2023-12-14 01:44:41,470 - __main__ - INFO - The data has been written to data/cron_job_data/nise_cron_output.csv with Timestamp: 2023-12-14 06:00:00
2023-12-14 01:44:41,947 - __main__ - INFO - station=> Sector-51, Gurugram, result => ['192', 'Sector-51, Gurugram, India', Timestamp('2023-12-14 06:00:00')]
2023-12-14 01:44:41,948 - __main__ - INFO - The data has been written to data/cron_job_data/sector_51_cron_output.csv with Timestamp: 2023-12-14 06:00:00
2023-12-14 01:44:42,448 - __main__ - INFO - station=> Teri Gram, result => ['301', 'Teri Gram, Gurugram, India', Timestamp('2023-12-14 06:00:00')]
2023-12-14 01:44:42,448 - __main__ - INFO - The data has been written to data/cron_job_data/teri_gram_cron_output.csv with Timestamp: 2023-12-14 06:00:00
2023-12-14 01:44:42,924 - __main__ - INFO - station=> Vikas Sadan, result => ['176', 'Vikas Sadan Gurgaon, Gurgaon, India', Timestamp('2023-12-14 06:00:00')]
2023-12-14 01:44:42,925 - __main__ - INFO - The data has been written to data/cron_job_data/vikas_sadan_cron_output.csv with Timestamp: 2023-12-14 06:00:00
2023-12-14 02:19:53,817 - __main__ - INFO - station=> nise gwal, result => ['227', 'NISE Gwal Pahari, Gurugram, India', Timestamp('2023-12-14 07:00:00')]
2023-12-14 02:19:53,817 - __main__ - INFO - The data has been written to data/cron_job_data/nise_cron_output.csv with Timestamp: 2023-12-14 07:00:00
2023-12-14 02:19:54,512 - __main__ - INFO - station=> Sector-51, Gurugram, result => ['189', 'Sector-51, Gurugram, India', Timestamp('2023-12-14 07:00:00')]
2023-12-14 02:19:54,512 - __main__ - INFO - The data has been written to data/cron_job_data/sector_51_cron_output.csv with Timestamp: 2023-12-14 07:00:00
2023-12-14 02:19:55,204 - __main__ - INFO - station=> Teri Gram, result => ['354', 'Teri Gram, Gurugram, India', Timestamp('2023-12-14 07:00:00')]
2023-12-14 02:19:55,204 - __main__ - INFO - The data has been written to data/cron_job_data/teri_gram_cron_output.csv with Timestamp: 2023-12-14 07:00:00
2023-12-14 02:19:55,889 - __main__ - INFO - station=> Vikas Sadan, result => ['173', 'Vikas Sadan Gurgaon, Gurgaon, India', Timestamp('2023-12-14 07:00:00')]
2023-12-14 02:19:55,889 - __main__ - INFO - The data has been written to data/cron_job_data/vikas_sadan_cron_output.csv with Timestamp: 2023-12-14 07:00:00
2023-12-14 03:06:44,235 - __main__ - INFO - station=> nise gwal, result => ['206', 'NISE Gwal Pahari, Gurugram, India', Timestamp('2023-12-14 08:00:00')]
2023-12-14 03:06:44,235 - __main__ - INFO - The data has been written to data/cron_job_data/nise_cron_output.csv with Timestamp: 2023-12-14 08:00:00
2023-12-14 03:06:44,949 - __main__ - INFO - station=> Sector-51, Gurugram, result => ['189', 'Sector-51, Gurugram, India', Timestamp('2023-12-14 07:00:00')]
2023-12-14 03:06:44,949 - __main__ - INFO - Timestamp 2023-12-14 07:00:00 already present in data/cron_job_data/sector_51_cron_output.csv, not appending.
2023-12-14 03:06:45,666 - __main__ - INFO - station=> Teri Gram, result => ['354', 'Teri Gram, Gurugram, India', Timestamp('2023-12-14 07:00:00')]
2023-12-14 03:06:45,667 - __main__ - INFO - Timestamp 2023-12-14 07:00:00 already present in data/cron_job_data/teri_gram_cron_output.csv, not appending.
2023-12-14 03:06:46,381 - __main__ - INFO - station=> Vikas Sadan, result => ['173', 'Vikas Sadan Gurgaon, Gurgaon, India', Timestamp('2023-12-14 07:00:00')]
2023-12-14 03:06:46,382 - __main__ - INFO - Timestamp 2023-12-14 07:00:00 already present in data/cron_job_data/vikas_sadan_cron_output.csv, not appending.
2023-12-14 04:07:51,252 - __main__ - INFO - station=> nise gwal, result => ['239', 'NISE Gwal Pahari, Gurugram, India', Timestamp('2023-12-14 09:00:00')]
2023-12-14 04:07:51,252 - __main__ - INFO - The data has been written to data/cron_job_data/nise_cron_output.csv with Timestamp: 2023-12-14 09:00:00
2023-12-14 04:07:51,738 - __main__ - INFO - station=> Sector-51, Gurugram, result => ['186', 'Sector-51, Gurugram, India', Timestamp('2023-12-14 09:00:00')]
2023-12-14 04:07:51,738 - __main__ - INFO - The data has been written to data/cron_job_data/sector_51_cron_output.csv with Timestamp: 2023-12-14 09:00:00
2023-12-14 04:07:52,222 - __main__ - INFO - station=> Teri Gram, result => ['540', 'Teri Gram, Gurugram, India', Timestamp('2023-12-14 09:00:00')]
2023-12-14 04:07:52,223 - __main__ - INFO - The data has been written to data/cron_job_data/teri_gram_cron_output.csv with Timestamp: 2023-12-14 09:00:00
2023-12-14 04:07:52,711 - __main__ - INFO - station=> Vikas Sadan, result => ['184', 'Vikas Sadan Gurgaon, Gurgaon, India', Timestamp('2023-12-14 09:00:00')]
2023-12-14 04:07:52,712 - __main__ - INFO - The data has been written to data/cron_job_data/vikas_sadan_cron_output.csv with Timestamp: 2023-12-14 09:00:00
2023-12-14 05:04:03,626 - __main__ - INFO - station=> nise gwal, result => ['231', 'NISE Gwal Pahari, Gurugram, India', Timestamp('2023-12-14 10:00:00')]
2023-12-14 05:04:03,626 - __main__ - INFO - The data has been written to data/cron_job_data/nise_cron_output.csv with Timestamp: 2023-12-14 10:00:00
2023-12-14 05:04:04,310 - __main__ - INFO - station=> Sector-51, Gurugram, result => ['169', 'Sector-51, Gurugram, India', Timestamp('2023-12-14 10:00:00')]
2023-12-14 05:04:04,311 - __main__ - INFO - The data has been written to data/cron_job_data/sector_51_cron_output.csv with Timestamp: 2023-12-14 10:00:00
2023-12-14 05:04:04,970 - __main__ - INFO - station=> Teri Gram, result => ['411', 'Teri Gram, Gurugram, India', Timestamp('2023-12-14 10:00:00')]
2023-12-14 05:04:04,971 - __main__ - INFO - The data has been written to data/cron_job_data/teri_gram_cron_output.csv with Timestamp: 2023-12-14 10:00:00
2023-12-14 05:04:05,614 - __main__ - INFO - station=> Vikas Sadan, result => ['186', 'Vikas Sadan Gurgaon, Gurgaon, India', Timestamp('2023-12-14 10:00:00')]
2023-12-14 05:04:05,614 - __main__ - INFO - The data has been written to data/cron_job_data/vikas_sadan_cron_output.csv with Timestamp: 2023-12-14 10:00:00
2023-12-14 06:08:19,649 - __main__ - INFO - station=> nise gwal, result => ['194', 'NISE Gwal Pahari, Gurugram, India', Timestamp('2023-12-14 11:00:00')]
2023-12-14 06:08:19,649 - __main__ - INFO - The data has been written to data/cron_job_data/nise_cron_output.csv with Timestamp: 2023-12-14 11:00:00
2023-12-14 06:08:20,339 - __main__ - INFO - station=> Sector-51, Gurugram, result => ['149', 'Sector-51, Gurugram, India', Timestamp('2023-12-14 11:00:00')]
2023-12-14 06:08:20,340 - __main__ - INFO - The data has been written to data/cron_job_data/sector_51_cron_output.csv with Timestamp: 2023-12-14 11:00:00
2023-12-14 06:08:21,030 - __main__ - INFO - station=> Teri Gram, result => ['411', 'Teri Gram, Gurugram, India', Timestamp('2023-12-14 10:00:00')]
2023-12-14 06:08:21,030 - __main__ - INFO - Timestamp 2023-12-14 10:00:00 already present in data/cron_job_data/teri_gram_cron_output.csv, not appending.
2023-12-14 06:08:21,717 - __main__ - INFO - station=> Vikas Sadan, result => ['183', 'Vikas Sadan Gurgaon, Gurgaon, India', Timestamp('2023-12-14 11:00:00')]
2023-12-14 06:08:21,717 - __main__ - INFO - The data has been written to data/cron_job_data/vikas_sadan_cron_output.csv with Timestamp: 2023-12-14 11:00:00
2023-12-14 07:03:27,577 - __main__ - INFO - station=> nise gwal, result => ['167', 'NISE Gwal Pahari, Gurugram, India', Timestamp('2023-12-14 12:00:00')]
2023-12-14 07:03:27,578 - __main__ - INFO - The data has been written to data/cron_job_data/nise_cron_output.csv with Timestamp: 2023-12-14 12:00:00
2023-12-14 07:03:28,252 - __main__ - INFO - station=> Sector-51, Gurugram, result => ['233', 'Sector-51, Gurugram, India', Timestamp('2023-12-14 12:00:00')]
2023-12-14 07:03:28,252 - __main__ - INFO - The data has been written to data/cron_job_data/sector_51_cron_output.csv with Timestamp: 2023-12-14 12:00:00
2023-12-14 07:03:28,918 - __main__ - INFO - station=> Teri Gram, result => ['11', 'Teri Gram, Gurugram, India', Timestamp('2023-12-14 12:00:00')]
2023-12-14 07:03:28,918 - __main__ - INFO - The data has been written to data/cron_job_data/teri_gram_cron_output.csv with Timestamp: 2023-12-14 12:00:00
2023-12-14 07:03:29,593 - __main__ - INFO - station=> Vikas Sadan, result => ['184', 'Vikas Sadan Gurgaon, Gurgaon, India', Timestamp('2023-12-14 12:00:00')]
2023-12-14 07:03:29,594 - __main__ - INFO - The data has been written to data/cron_job_data/vikas_sadan_cron_output.csv with Timestamp: 2023-12-14 12:00:00
2023-12-14 08:08:16,584 - __main__ - INFO - station=> nise gwal, result => ['130', 'NISE Gwal Pahari, Gurugram, India', Timestamp('2023-12-14 13:00:00')]
2023-12-14 08:08:16,585 - __main__ - INFO - The data has been written to data/cron_job_data/nise_cron_output.csv with Timestamp: 2023-12-14 13:00:00
2023-12-14 08:08:17,270 - __main__ - INFO - station=> Sector-51, Gurugram, result => ['221', 'Sector-51, Gurugram, India', Timestamp('2023-12-14 13:00:00')]
2023-12-14 08:08:17,271 - __main__ - INFO - The data has been written to data/cron_job_data/sector_51_cron_output.csv with Timestamp: 2023-12-14 13:00:00
2023-12-14 08:08:17,945 - __main__ - INFO - station=> Teri Gram, result => ['162', 'Teri Gram, Gurugram, India', Timestamp('2023-12-14 13:00:00')]
2023-12-14 08:08:17,946 - __main__ - INFO - The data has been written to data/cron_job_data/teri_gram_cron_output.csv with Timestamp: 2023-12-14 13:00:00
2023-12-14 08:08:18,633 - __main__ - INFO - station=> Vikas Sadan, result => ['184', 'Vikas Sadan Gurgaon, Gurgaon, India', Timestamp('2023-12-14 13:00:00')]
2023-12-14 08:08:18,634 - __main__ - INFO - The data has been written to data/cron_job_data/vikas_sadan_cron_output.csv with Timestamp: 2023-12-14 13:00:00
2023-12-14 09:05:00,854 - __main__ - INFO - station=> nise gwal, result => ['138', 'NISE Gwal Pahari, Gurugram, India', Timestamp('2023-12-14 14:00:00')]
2023-12-14 09:05:00,855 - __main__ - INFO - The data has been written to data/cron_job_data/nise_cron_output.csv with Timestamp: 2023-12-14 14:00:00
2023-12-14 09:05:01,332 - __main__ - INFO - station=> Sector-51, Gurugram, result => ['191', 'Sector-51, Gurugram, India', Timestamp('2023-12-14 14:00:00')]
2023-12-14 09:05:01,333 - __main__ - INFO - The data has been written to data/cron_job_data/sector_51_cron_output.csv with Timestamp: 2023-12-14 14:00:00
2023-12-14 09:05:01,821 - __main__ - INFO - station=> Teri Gram, result => ['173', 'Teri Gram, Gurugram, India', Timestamp('2023-12-14 14:00:00')]
2023-12-14 09:05:01,821 - __main__ - INFO - The data has been written to data/cron_job_data/teri_gram_cron_output.csv with Timestamp: 2023-12-14 14:00:00
2023-12-14 09:05:02,299 - __main__ - INFO - station=> Vikas Sadan, result => ['89', 'Vikas Sadan Gurgaon, Gurgaon, India', Timestamp('2023-12-14 14:00:00')]
2023-12-14 09:05:02,300 - __main__ - INFO - The data has been written to data/cron_job_data/vikas_sadan_cron_output.csv with Timestamp: 2023-12-14 14:00:00
2023-12-14 10:06:33,939 - __main__ - INFO - station=> nise gwal, result => ['155', 'NISE Gwal Pahari, Gurugram, India', Timestamp('2023-12-14 15:00:00')]
2023-12-14 10:06:33,940 - __main__ - INFO - The data has been written to data/cron_job_data/nise_cron_output.csv with Timestamp: 2023-12-14 15:00:00
2023-12-14 10:06:34,589 - __main__ - INFO - station=> Sector-51, Gurugram, result => ['188', 'Sector-51, Gurugram, India', Timestamp('2023-12-14 15:00:00')]
2023-12-14 10:06:34,589 - __main__ - INFO - The data has been written to data/cron_job_data/sector_51_cron_output.csv with Timestamp: 2023-12-14 15:00:00
2023-12-14 10:06:35,239 - __main__ - INFO - station=> Teri Gram, result => ['172', 'Teri Gram, Gurugram, India', Timestamp('2023-12-14 15:00:00')]
2023-12-14 10:06:35,240 - __main__ - INFO - The data has been written to data/cron_job_data/teri_gram_cron_output.csv with Timestamp: 2023-12-14 15:00:00
2023-12-14 10:06:35,893 - __main__ - INFO - station=> Vikas Sadan, result => ['175', 'Vikas Sadan Gurgaon, Gurgaon, India', Timestamp('2023-12-14 15:00:00')]
2023-12-14 10:06:35,893 - __main__ - INFO - The data has been written to data/cron_job_data/vikas_sadan_cron_output.csv with Timestamp: 2023-12-14 15:00:00
