2024-09-15 01:18:00,322 - __main__ - INFO - station=> Sector-51, Gurugram, result => ['262', 'Sector-51, Gurugram, India', Timestamp('2024-09-15 03:00:00')]
2024-09-15 01:18:00,322 - __main__ - INFO - The hourly data has been written to data/cron_job_data/sector_51_cron_output.csv with Timestamp: 2024-09-15 03:00:00
2024-09-15 01:18:01,050 - __main__ - INFO - station=> Sector-51, Gurugram, result => ['262', 'Sector-51, Gurugram, India', Timestamp('2024-09-15 03:00:00')]
2024-09-15 01:18:01,050 - __main__ - INFO - The hourly data has been written to static/data/sector_51_cron_output.csv with Timestamp: 2024-09-15 03:00:00
2024-09-15 01:18:01,103 - __main__ - INFO - df_api columns Index(['AQI'], dtype='object')
2024-09-15 01:18:01,103 - __main__ - INFO - today=> 2024-09-15 & yesterday=> 2024-09-14
2024-09-15 01:18:01,105 - __main__ - INFO - temp_daily_aqi columns Index(['Unnamed: 0', 'Date', 'AQI'], dtype='object')
2024-09-15 01:18:01,107 - __main__ - INFO - temp_daily_aqi[2024-09-14]=> Empty DataFrame
Columns: [Unnamed: 0, AQI]
Index: []
2024-09-15 01:18:01,108 - __main__ - INFO - Index => 1654, yesterday => 2024-09-14 & AQI => 141.0
2024-09-15 01:18:01,108 - __main__ - INFO - Daily AQI data has been written to data/cleaned_data/Forecasting_time_series/sector_51_daily_aqi.csv
2024-09-15 01:18:01,109 - __main__ - INFO - Index => 1654, yesterday => 2024-09-14 & AQI => 141.0
2024-09-15 01:18:01,109 - __main__ - INFO - Daily AQI data has been written to static/data/sector_51_daily_aqi.csv
2024-09-15 01:18:01,114 - __main__ - INFO - Re-training the model & train_end is 2024-09-09 00:00:00
2024-09-15 01:18:02,517 - __main__ - INFO - Retrained the model & MAPE is 28.96%
2024-09-15 01:18:02,518 - __main__ - INFO - Retrained the model & MAE is 30.039558411657794
2024-09-15 01:18:03,786 - __main__ - INFO - Forecast=> 2024-09-15    122.919930
2024-09-16    137.725208
2024-09-17    140.844028
2024-09-18    146.425342
2024-09-19    151.031273
Freq: D, Name: predicted_mean, dtype: float64
2024-09-15 01:18:03,786 - __main__ - INFO - The forecast data has been written to data/cleaned_data/Forecasting_time_series/forecast_sector_51_daily_aqi.csv
2024-09-15 01:18:03,787 - __main__ - INFO - The forecast data has been written to static/data/forecast_sector_51_daily_aqi.csv
2024-09-15 04:18:44,588 - __main__ - INFO - station=> Sector-51, Gurugram, result => ['62', 'Sector-51, Gurugram, India', Timestamp('2024-09-15 09:00:00')]
2024-09-15 04:18:44,588 - __main__ - INFO - The hourly data has been written to data/cron_job_data/sector_51_cron_output.csv with Timestamp: 2024-09-15 09:00:00
2024-09-15 04:18:45,216 - __main__ - INFO - station=> Sector-51, Gurugram, result => ['62', 'Sector-51, Gurugram, India', Timestamp('2024-09-15 09:00:00')]
2024-09-15 04:18:45,216 - __main__ - INFO - The hourly data has been written to static/data/sector_51_cron_output.csv with Timestamp: 2024-09-15 09:00:00
2024-09-15 08:19:45,331 - __main__ - INFO - station=> Sector-51, Gurugram, result => ['154', 'Sector-51, Gurugram, India', Timestamp('2024-09-15 13:00:00')]
2024-09-15 08:19:45,331 - __main__ - INFO - The hourly data has been written to data/cron_job_data/sector_51_cron_output.csv with Timestamp: 2024-09-15 13:00:00
2024-09-15 08:19:45,958 - __main__ - INFO - station=> Sector-51, Gurugram, result => ['154', 'Sector-51, Gurugram, India', Timestamp('2024-09-15 13:00:00')]
2024-09-15 08:19:45,958 - __main__ - INFO - The hourly data has been written to static/data/sector_51_cron_output.csv with Timestamp: 2024-09-15 13:00:00
