2024-07-15 06:11:44,634 - __main__ - INFO - station=> Sector-51, Gurugram, result => ['116', 'Sector-51, Gurugram, India', Timestamp('2024-07-15 05:00:00')]
2024-07-15 06:11:44,634 - __main__ - INFO - The hourly data has been written to data/cron_job_data/sector_51_cron_output.csv with Timestamp: 2024-07-15 05:00:00
2024-07-15 06:11:45,103 - __main__ - INFO - station=> Sector-51, Gurugram, result => ['116', 'Sector-51, Gurugram, India', Timestamp('2024-07-15 05:00:00')]
2024-07-15 06:11:45,103 - __main__ - INFO - The hourly data has been written to static/data/sector_51_cron_output.csv with Timestamp: 2024-07-15 05:00:00
2024-07-15 19:30:44,206 - __main__ - INFO - df_api columns Index(['AQI'], dtype='object')
2024-07-15 19:30:44,208 - __main__ - INFO - today=> 2024-07-15 & yesterday=> 2024-07-14
2024-07-15 19:30:44,213 - __main__ - INFO - temp_daily_aqi columns Index(['Unnamed: 0', 'Date', 'AQI'], dtype='object')
2024-07-15 19:30:44,235 - __main__ - INFO - temp_daily_aqi[2024-07-14]=>             Unnamed: 0    AQI
Date                         
2024-07-14        1592  205.0
2024-07-15 19:30:44,251 - __main__ - INFO - Re-training the model & train_end is 2024-07-09 00:00:00
2024-07-15 19:31:07,260 - __main__ - INFO - Retrained the model & MAPE is 36.67%
2024-07-15 19:31:07,269 - __main__ - INFO - Retrained the model & MAE is 96.67511169219911
2024-07-15 19:31:23,262 - __main__ - INFO - Forecast=> 2024-07-15    188.990323
2024-07-16    190.949828
2024-07-17    194.792491
2024-07-18    198.431707
2024-07-19    199.684484
Freq: D, Name: predicted_mean, dtype: float64
2024-07-15 19:31:23,361 - __main__ - INFO - The forecast data has been written to data/cleaned_data/Forecasting_time_series/forecast_sector_51_daily_aqi.csv
2024-07-15 19:31:23,362 - __main__ - INFO - The forecast data has been written to static/data/forecast_sector_51_daily_aqi.csv
2024-07-15 19:05:27,790 - __main__ - INFO - station=> Sector-51, Gurugram, result => ['166', 'Sector-51, Gurugram, India', Timestamp('2024-07-16 00:00:00')]
2024-07-15 19:05:27,790 - __main__ - INFO - The hourly data has been written to data/cron_job_data/sector_51_cron_output.csv with Timestamp: 2024-07-16 00:00:00
2024-07-15 19:05:28,254 - __main__ - INFO - station=> Sector-51, Gurugram, result => ['166', 'Sector-51, Gurugram, India', Timestamp('2024-07-16 00:00:00')]
2024-07-15 19:05:28,254 - __main__ - INFO - The hourly data has been written to static/data/sector_51_cron_output.csv with Timestamp: 2024-07-16 00:00:00
2024-07-15 20:08:20,219 - __main__ - INFO - station=> Sector-51, Gurugram, result => ['169', 'Sector-51, Gurugram, India', Timestamp('2024-07-16 01:00:00')]
2024-07-15 20:08:20,219 - __main__ - INFO - The hourly data has been written to data/cron_job_data/sector_51_cron_output.csv with Timestamp: 2024-07-16 01:00:00
2024-07-15 20:08:20,709 - __main__ - INFO - station=> Sector-51, Gurugram, result => ['169', 'Sector-51, Gurugram, India', Timestamp('2024-07-16 01:00:00')]
2024-07-15 20:08:20,710 - __main__ - INFO - The hourly data has been written to static/data/sector_51_cron_output.csv with Timestamp: 2024-07-16 01:00:00
2024-07-15 21:08:11,180 - __main__ - INFO - station=> Sector-51, Gurugram, result => ['185', 'Sector-51, Gurugram, India', Timestamp('2024-07-16 02:00:00')]
2024-07-15 21:08:11,181 - __main__ - INFO - The hourly data has been written to data/cron_job_data/sector_51_cron_output.csv with Timestamp: 2024-07-16 02:00:00
2024-07-15 21:08:11,847 - __main__ - INFO - station=> Sector-51, Gurugram, result => ['185', 'Sector-51, Gurugram, India', Timestamp('2024-07-16 02:00:00')]
2024-07-15 21:08:11,847 - __main__ - INFO - The hourly data has been written to static/data/sector_51_cron_output.csv with Timestamp: 2024-07-16 02:00:00
