2024-06-15 01:53:14,371 - __main__ - INFO - Calling writeData & retrain_model functions.
2024-06-15 01:53:14,380 - __main__ - INFO - df_api columns Index(['AQI'], dtype='object')
2024-06-15 01:53:14,380 - __main__ - INFO - today=> 2024-06-15 & yesterday=> 2024-06-14
2024-06-15 01:53:14,382 - __main__ - INFO - temp_daily_aqi columns Index(['Unnamed: 0', 'Date', 'AQI'], dtype='object')
2024-06-15 01:53:14,384 - __main__ - INFO - temp_daily_aqi[2024-06-14]=> Empty DataFrame
Columns: [Unnamed: 0, AQI]
Index: []
2024-06-15 01:53:14,385 - __main__ - INFO - Index => 1562, yesterday => 2024-06-14 & AQI => 207.0
2024-06-15 01:53:14,385 - __main__ - INFO - Daily AQI data has been written to data/cleaned_data/Forecasting_time_series/sector_51_daily_aqi.csv
2024-06-15 01:53:14,385 - __main__ - INFO - Index => 1562, yesterday => 2024-06-14 & AQI => 207.0
2024-06-15 01:53:14,386 - __main__ - INFO - Daily AQI data has been written to static/data/sector_51_daily_aqi.csv
2024-06-15 01:53:14,390 - __main__ - INFO - Re-training the model & train_end is 2024-06-09 00:00:00
2024-06-15 01:53:15,583 - __main__ - INFO - Retrained the model & MAPE is 15.09%
2024-06-15 01:53:15,583 - __main__ - INFO - Retrained the model & MAE is 38.31179108986781
2024-06-15 01:53:16,821 - __main__ - INFO - Forecast=> 2024-06-15    236.260035
2024-06-16    209.861992
2024-06-17    214.017366
2024-06-18    212.287795
2024-06-19    216.732313
Freq: D, Name: predicted_mean, dtype: float64
2024-06-15 01:53:16,822 - __main__ - INFO - The forecast data has been written to data/cleaned_data/Forecasting_time_series/forecast_sector_51_daily_aqi.csv
2024-06-15 01:53:16,822 - __main__ - INFO - The forecast data has been written to static/data/forecast_sector_51_daily_aqi.csv
2024-06-15 02:25:17,083 - __main__ - INFO - station=> Sector-51, Gurugram, result => ['89', 'Sector-51, Gurugram, India', Timestamp('2024-06-15 07:00:00')]
2024-06-15 02:25:17,084 - __main__ - INFO - The hourly data has been written to data/cron_job_data/sector_51_cron_output.csv with Timestamp: 2024-06-15 07:00:00
2024-06-15 02:25:17,728 - __main__ - INFO - station=> Sector-51, Gurugram, result => ['89', 'Sector-51, Gurugram, India', Timestamp('2024-06-15 07:00:00')]
2024-06-15 02:25:17,728 - __main__ - INFO - The hourly data has been written to static/data/sector_51_cron_output.csv with Timestamp: 2024-06-15 07:00:00
