2024-05-15 01:53:06,866 - __main__ - INFO - Calling writeData & retrain_model functions.
2024-05-15 01:53:06,874 - __main__ - INFO - df_api columns Index(['AQI'], dtype='object')
2024-05-15 01:53:06,874 - __main__ - INFO - today=> 2024-05-15 & yesterday=> 2024-05-14
2024-05-15 01:53:06,876 - __main__ - INFO - temp_daily_aqi columns Index(['Unnamed: 0', 'Date', 'AQI'], dtype='object')
2024-05-15 01:53:06,879 - __main__ - INFO - temp_daily_aqi[2024-05-14]=> Empty DataFrame
Columns: [Unnamed: 0, AQI]
Index: []
2024-05-15 01:53:06,879 - __main__ - INFO - Index => 1531, yesterday => 2024-05-14 & AQI => 170.0
2024-05-15 01:53:06,879 - __main__ - INFO - Daily AQI data has been written to data/cleaned_data/Forecasting_time_series/sector_51_daily_aqi.csv
2024-05-15 01:53:06,880 - __main__ - INFO - Index => 1531, yesterday => 2024-05-14 & AQI => 170.0
2024-05-15 01:53:06,880 - __main__ - INFO - Daily AQI data has been written to static/data/sector_51_daily_aqi.csv
2024-05-15 01:53:06,884 - __main__ - INFO - Re-training the model & train_end is 2024-05-09 00:00:00
2024-05-15 01:53:08,105 - __main__ - INFO - Retrained the model & MAPE is 16.95%
2024-05-15 01:53:08,106 - __main__ - INFO - Retrained the model & MAE is 25.422831287776766
2024-05-15 01:53:09,203 - __main__ - INFO - Forecast=> 2024-05-15    177.211343
2024-05-16    182.803853
2024-05-17    192.078761
2024-05-18    211.711013
2024-05-19    187.020811
Freq: D, Name: predicted_mean, dtype: float64
2024-05-15 01:53:09,203 - __main__ - INFO - The forecast data has been written to data/cleaned_data/Forecasting_time_series/forecast_sector_51_daily_aqi.csv
2024-05-15 01:53:09,204 - __main__ - INFO - The forecast data has been written to static/data/forecast_sector_51_daily_aqi.csv
