2024-02-15 00:27:55,720 - __main__ - INFO - setData function - AQI is not an integer. Exception ValueError has occured for station=> nise gwal
2024-02-15 01:39:26,612 - __main__ - INFO - setData function - AQI is not an integer. Exception ValueError has occured for station=> nise gwal
2024-02-15 01:39:27,080 - __main__ - INFO - station=> Sector-51, Gurugram, result => ['196', 'Sector-51, Gurugram, India', Timestamp('2024-02-15 07:00:00')]
2024-02-15 01:39:27,080 - __main__ - INFO - The hourly data has been written to data/cron_job_data/sector_51_cron_output.csv with Timestamp: 2024-02-15 07:00:00
2024-02-15 01:39:27,552 - __main__ - INFO - station=> Sector-51, Gurugram, result => ['196', 'Sector-51, Gurugram, India', Timestamp('2024-02-15 07:00:00')]
2024-02-15 01:39:27,552 - __main__ - INFO - The hourly data has been written to static/data/sector_51_cron_output.csv with Timestamp: 2024-02-15 07:00:00
2024-02-15 01:39:28,493 - __main__ - INFO - station=> Vikas Sadan, result => ['154', 'Vikas Sadan Gurgaon, Gurgaon, India', Timestamp('2024-02-15 07:00:00')]
2024-02-15 01:39:28,493 - __main__ - INFO - The hourly data has been written to data/cron_job_data/vikas_sadan_cron_output.csv with Timestamp: 2024-02-15 07:00:00
2024-02-15 01:39:28,494 - __main__ - INFO - Calling writeData & retrain_model functions.
2024-02-15 01:39:28,500 - __main__ - INFO - df_api columns Index(['AQI'], dtype='object')
2024-02-15 01:39:28,500 - __main__ - INFO - today=> 2024-02-15 & yesterday=> 2024-02-14
2024-02-15 01:39:28,502 - __main__ - INFO - temp_daily_aqi columns Index(['Unnamed: 0', 'Date', 'AQI'], dtype='object')
2024-02-15 01:39:28,505 - __main__ - INFO - temp_daily_aqi[2024-02-14]=> Empty DataFrame
Columns: [Unnamed: 0, AQI]
Index: []
2024-02-15 01:39:28,505 - __main__ - INFO - Index => 1441, yesterday => 2024-02-14 & AQI => 193.0
2024-02-15 01:39:28,505 - __main__ - INFO - Daily AQI data has been written to data/cleaned_data/Forecasting_time_series/sector_51_daily_aqi.csv
2024-02-15 01:39:28,506 - __main__ - INFO - Index => 1441, yesterday => 2024-02-14 & AQI => 193.0
2024-02-15 01:39:28,506 - __main__ - INFO - Daily AQI data has been written to static/data/sector_51_daily_aqi.csv
2024-02-15 01:39:28,510 - __main__ - INFO - Re-training the model & train_end is 2024-02-09 00:00:00
2024-02-15 01:39:30,080 - __main__ - INFO - Retrained the model & MAPE is 28.19%
2024-02-15 01:39:30,081 - __main__ - INFO - Retrained the model & MAE is 93.26049007334696%
2024-02-15 01:39:31,461 - __main__ - INFO - Forecast=> 2024-02-15    229.058229
2024-02-16    235.339699
2024-02-17    246.515998
2024-02-18    222.223961
2024-02-19    220.743865
Freq: D, Name: predicted_mean, dtype: float64
2024-02-15 01:39:31,462 - __main__ - INFO - The forecast data has been written to data/cleaned_data/Forecasting_time_series/forecast_sector_51_daily_aqi.csv
2024-02-15 01:39:31,462 - __main__ - INFO - The forecast data has been written to static/data/forecast_sector_51_daily_aqi.csv
