2023-12-15 00:29:32,728 - __main__ - INFO - station=> nise gwal, result => ['188', 'NISE Gwal Pahari, Gurugram, India', Timestamp('2023-12-15 05:00:00')]
2023-12-15 00:29:32,729 - __main__ - INFO - The data has been written to data/cron_job_data/nise_cron_output.csv with Timestamp: 2023-12-15 05:00:00
2023-12-15 00:29:33,382 - __main__ - INFO - station=> Sector-51, Gurugram, result => ['189', 'Sector-51, Gurugram, India', Timestamp('2023-12-15 05:00:00')]
2023-12-15 00:29:33,382 - __main__ - INFO - The data has been written to data/cron_job_data/sector_51_cron_output.csv with Timestamp: 2023-12-15 05:00:00
2023-12-15 00:29:34,027 - __main__ - INFO - station=> Teri Gram, result => ['198', 'Teri Gram, Gurugram, India', Timestamp('2023-12-15 05:00:00')]
2023-12-15 00:29:34,028 - __main__ - INFO - The data has been written to data/cron_job_data/teri_gram_cron_output.csv with Timestamp: 2023-12-15 05:00:00
2023-12-15 00:29:34,670 - __main__ - INFO - station=> Vikas Sadan, result => ['184', 'Vikas Sadan Gurgaon, Gurgaon, India', Timestamp('2023-12-15 05:00:00')]
2023-12-15 00:29:34,670 - __main__ - INFO - The data has been written to data/cron_job_data/vikas_sadan_cron_output.csv with Timestamp: 2023-12-15 05:00:00
2023-12-15 01:47:57,027 - __main__ - INFO - station=> nise gwal, result => ['191', 'NISE Gwal Pahari, Gurugram, India', Timestamp('2023-12-15 07:00:00')]
2023-12-15 01:47:57,028 - __main__ - INFO - The data has been written to data/cron_job_data/nise_cron_output.csv with Timestamp: 2023-12-15 07:00:00
2023-12-15 01:47:57,684 - __main__ - INFO - station=> Sector-51, Gurugram, result => ['186', 'Sector-51, Gurugram, India', Timestamp('2023-12-15 07:00:00')]
2023-12-15 01:47:57,685 - __main__ - INFO - The data has been written to data/cron_job_data/sector_51_cron_output.csv with Timestamp: 2023-12-15 07:00:00
2023-12-15 01:47:58,311 - __main__ - INFO - station=> Teri Gram, result => ['209', 'Teri Gram, Gurugram, India', Timestamp('2023-12-15 07:00:00')]
2023-12-15 01:47:58,311 - __main__ - INFO - The data has been written to data/cron_job_data/teri_gram_cron_output.csv with Timestamp: 2023-12-15 07:00:00
2023-12-15 01:47:58,965 - __main__ - INFO - station=> Vikas Sadan, result => ['175', 'Vikas Sadan Gurgaon, Gurgaon, India', Timestamp('2023-12-15 07:00:00')]
2023-12-15 01:47:58,966 - __main__ - INFO - The data has been written to data/cron_job_data/vikas_sadan_cron_output.csv with Timestamp: 2023-12-15 07:00:00
2023-12-15 02:22:05,318 - __main__ - INFO - station=> nise gwal, result => ['191', 'NISE Gwal Pahari, Gurugram, India', Timestamp('2023-12-15 07:00:00')]
2023-12-15 02:22:05,319 - __main__ - INFO - Timestamp 2023-12-15 07:00:00 already present in data/cron_job_data/nise_cron_output.csv, not appending.
2023-12-15 02:22:06,010 - __main__ - INFO - station=> Sector-51, Gurugram, result => ['186', 'Sector-51, Gurugram, India', Timestamp('2023-12-15 07:00:00')]
2023-12-15 02:22:06,011 - __main__ - INFO - Timestamp 2023-12-15 07:00:00 already present in data/cron_job_data/sector_51_cron_output.csv, not appending.
2023-12-15 02:22:06,702 - __main__ - INFO - station=> Teri Gram, result => ['209', 'Teri Gram, Gurugram, India', Timestamp('2023-12-15 07:00:00')]
2023-12-15 02:22:06,703 - __main__ - INFO - Timestamp 2023-12-15 07:00:00 already present in data/cron_job_data/teri_gram_cron_output.csv, not appending.
2023-12-15 02:22:07,387 - __main__ - INFO - station=> Vikas Sadan, result => ['175', 'Vikas Sadan Gurgaon, Gurgaon, India', Timestamp('2023-12-15 07:00:00')]
2023-12-15 02:22:07,388 - __main__ - INFO - Timestamp 2023-12-15 07:00:00 already present in data/cron_job_data/vikas_sadan_cron_output.csv, not appending.
2023-12-15 03:07:03,391 - __main__ - INFO - station=> nise gwal, result => ['195', 'NISE Gwal Pahari, Gurugram, India', Timestamp('2023-12-15 08:00:00')]
2023-12-15 03:07:03,392 - __main__ - INFO - The data has been written to data/cron_job_data/nise_cron_output.csv with Timestamp: 2023-12-15 08:00:00
2023-12-15 03:07:03,959 - __main__ - INFO - station=> Sector-51, Gurugram, result => ['187', 'Sector-51, Gurugram, India', Timestamp('2023-12-15 08:00:00')]
2023-12-15 03:07:03,959 - __main__ - INFO - The data has been written to data/cron_job_data/sector_51_cron_output.csv with Timestamp: 2023-12-15 08:00:00
2023-12-15 03:07:04,509 - __main__ - INFO - station=> Teri Gram, result => ['208', 'Teri Gram, Gurugram, India', Timestamp('2023-12-15 08:00:00')]
2023-12-15 03:07:04,510 - __main__ - INFO - The data has been written to data/cron_job_data/teri_gram_cron_output.csv with Timestamp: 2023-12-15 08:00:00
2023-12-15 03:07:05,057 - __main__ - INFO - station=> Vikas Sadan, result => ['174', 'Vikas Sadan Gurgaon, Gurgaon, India', Timestamp('2023-12-15 08:00:00')]
2023-12-15 03:07:05,058 - __main__ - INFO - The data has been written to data/cron_job_data/vikas_sadan_cron_output.csv with Timestamp: 2023-12-15 08:00:00
2023-12-15 04:07:32,612 - __main__ - INFO - station=> nise gwal, result => ['190', 'NISE Gwal Pahari, Gurugram, India', Timestamp('2023-12-15 09:00:00')]
2023-12-15 04:07:32,612 - __main__ - INFO - The data has been written to data/cron_job_data/nise_cron_output.csv with Timestamp: 2023-12-15 09:00:00
2023-12-15 04:07:33,297 - __main__ - INFO - station=> Sector-51, Gurugram, result => ['190', 'Sector-51, Gurugram, India', Timestamp('2023-12-15 09:00:00')]
2023-12-15 04:07:33,297 - __main__ - INFO - The data has been written to data/cron_job_data/sector_51_cron_output.csv with Timestamp: 2023-12-15 09:00:00
2023-12-15 04:07:33,988 - __main__ - INFO - station=> Teri Gram, result => ['214', 'Teri Gram, Gurugram, India', Timestamp('2023-12-15 09:00:00')]
2023-12-15 04:07:33,988 - __main__ - INFO - The data has been written to data/cron_job_data/teri_gram_cron_output.csv with Timestamp: 2023-12-15 09:00:00
2023-12-15 04:07:34,657 - __main__ - INFO - station=> Vikas Sadan, result => ['181', 'Vikas Sadan Gurgaon, Gurgaon, India', Timestamp('2023-12-15 09:00:00')]
2023-12-15 04:07:34,658 - __main__ - INFO - The data has been written to data/cron_job_data/vikas_sadan_cron_output.csv with Timestamp: 2023-12-15 09:00:00
2023-12-15 05:04:45,426 - __main__ - INFO - station=> nise gwal, result => ['190', 'NISE Gwal Pahari, Gurugram, India', Timestamp('2023-12-15 09:00:00')]
2023-12-15 05:04:45,427 - __main__ - INFO - Timestamp 2023-12-15 09:00:00 already present in data/cron_job_data/nise_cron_output.csv, not appending.
2023-12-15 05:04:46,082 - __main__ - INFO - station=> Sector-51, Gurugram, result => ['190', 'Sector-51, Gurugram, India', Timestamp('2023-12-15 09:00:00')]
2023-12-15 05:04:46,083 - __main__ - INFO - Timestamp 2023-12-15 09:00:00 already present in data/cron_job_data/sector_51_cron_output.csv, not appending.
2023-12-15 05:04:46,712 - __main__ - INFO - station=> Teri Gram, result => ['214', 'Teri Gram, Gurugram, India', Timestamp('2023-12-15 09:00:00')]
2023-12-15 05:04:46,712 - __main__ - INFO - Timestamp 2023-12-15 09:00:00 already present in data/cron_job_data/teri_gram_cron_output.csv, not appending.
2023-12-15 05:04:47,352 - __main__ - INFO - station=> Vikas Sadan, result => ['181', 'Vikas Sadan Gurgaon, Gurgaon, India', Timestamp('2023-12-15 09:00:00')]
2023-12-15 05:04:47,352 - __main__ - INFO - Timestamp 2023-12-15 09:00:00 already present in data/cron_job_data/vikas_sadan_cron_output.csv, not appending.
