2024-10-15 01:15:02,733 - __main__ - INFO - station=> Sector-51, Gurugram, result => ['166', 'Sector-51, Gurugram, India', Timestamp('2024-10-15 06:00:00')]
2024-10-15 01:15:02,733 - __main__ - INFO - The hourly data has been written to data/cron_job_data/sector_51_cron_output.csv with Timestamp: 2024-10-15 06:00:00
2024-10-15 01:15:03,444 - __main__ - INFO - station=> Sector-51, Gurugram, result => ['166', 'Sector-51, Gurugram, India', Timestamp('2024-10-15 06:00:00')]
2024-10-15 01:15:03,444 - __main__ - INFO - The hourly data has been written to static/data/sector_51_cron_output.csv with Timestamp: 2024-10-15 06:00:00
2024-10-15 01:15:03,515 - __main__ - INFO - df_api columns Index(['AQI'], dtype='object')
2024-10-15 01:15:03,515 - __main__ - INFO - today=> 2024-10-15 & yesterday=> 2024-10-14
2024-10-15 01:15:03,517 - __main__ - INFO - temp_daily_aqi columns Index(['Unnamed: 0', 'Date', 'AQI'], dtype='object')
2024-10-15 01:15:03,520 - __main__ - INFO - temp_daily_aqi[2024-10-14]=> Empty DataFrame
Columns: [Unnamed: 0, AQI]
Index: []
2024-10-15 01:15:03,520 - __main__ - INFO - Index => 1684, yesterday => 2024-10-14 & AQI => 359.0
2024-10-15 01:15:03,521 - __main__ - INFO - Daily AQI data has been written to data/cleaned_data/Forecasting_time_series/sector_51_daily_aqi.csv
2024-10-15 01:15:03,521 - __main__ - INFO - Index => 1684, yesterday => 2024-10-14 & AQI => 359.0
2024-10-15 01:15:03,521 - __main__ - INFO - Daily AQI data has been written to static/data/sector_51_daily_aqi.csv
2024-10-15 01:15:03,526 - __main__ - INFO - Re-training the model & train_end is 2024-10-09 00:00:00
2024-10-15 01:15:04,867 - __main__ - INFO - Retrained the model & MAPE is 22.88%
2024-10-15 01:15:04,868 - __main__ - INFO - Retrained the model & MAE is 74.4372658370067
2024-10-15 01:15:06,235 - __main__ - INFO - Forecast=> 2024-10-15    316.497685
2024-10-16    304.377318
2024-10-17    295.586607
2024-10-18    284.640628
2024-10-19    288.056281
Freq: D, Name: predicted_mean, dtype: float64
2024-10-15 01:15:06,235 - __main__ - INFO - The forecast data has been written to data/cleaned_data/Forecasting_time_series/forecast_sector_51_daily_aqi.csv
2024-10-15 01:15:06,236 - __main__ - INFO - The forecast data has been written to static/data/forecast_sector_51_daily_aqi.csv
2024-10-15 08:21:30,688 - __main__ - INFO - station=> Sector-51, Gurugram, result => ['174', 'Sector-51, Gurugram, India', Timestamp('2024-10-15 13:00:00')]
2024-10-15 08:21:30,688 - __main__ - INFO - The hourly data has been written to data/cron_job_data/sector_51_cron_output.csv with Timestamp: 2024-10-15 13:00:00
2024-10-15 08:21:31,151 - __main__ - INFO - station=> Sector-51, Gurugram, result => ['174', 'Sector-51, Gurugram, India', Timestamp('2024-10-15 13:00:00')]
2024-10-15 08:21:31,151 - __main__ - INFO - The hourly data has been written to static/data/sector_51_cron_output.csv with Timestamp: 2024-10-15 13:00:00
