2024-07-16 00:35:12,690 - __main__ - INFO - station=> Sector-51, Gurugram, result => ['165', 'Sector-51, Gurugram, India', Timestamp('2024-07-16 05:00:00')]
2024-07-16 00:35:12,691 - __main__ - INFO - The hourly data has been written to data/cron_job_data/sector_51_cron_output.csv with Timestamp: 2024-07-16 05:00:00
2024-07-16 00:35:13,277 - __main__ - INFO - station=> Sector-51, Gurugram, result => ['165', 'Sector-51, Gurugram, India', Timestamp('2024-07-16 05:00:00')]
2024-07-16 00:35:13,277 - __main__ - INFO - The hourly data has been written to static/data/sector_51_cron_output.csv with Timestamp: 2024-07-16 05:00:00
2024-07-16 01:58:52,286 - __main__ - INFO - Calling writeData & retrain_model functions.
2024-07-16 01:58:52,294 - __main__ - INFO - df_api columns Index(['AQI'], dtype='object')
2024-07-16 01:58:52,295 - __main__ - INFO - today=> 2024-07-16 & yesterday=> 2024-07-15
2024-07-16 01:58:52,296 - __main__ - INFO - temp_daily_aqi columns Index(['Unnamed: 0', 'Date', 'AQI'], dtype='object')
2024-07-16 01:58:52,299 - __main__ - INFO - temp_daily_aqi[2024-07-15]=> Empty DataFrame
Columns: [Unnamed: 0, AQI]
Index: []
2024-07-16 01:58:52,300 - __main__ - INFO - Index => 1593, yesterday => 2024-07-15 & AQI => 417.0
2024-07-16 01:58:52,300 - __main__ - INFO - Daily AQI data has been written to data/cleaned_data/Forecasting_time_series/sector_51_daily_aqi.csv
2024-07-16 01:58:52,300 - __main__ - INFO - Index => 1593, yesterday => 2024-07-15 & AQI => 417.0
2024-07-16 01:58:52,301 - __main__ - INFO - Daily AQI data has been written to static/data/sector_51_daily_aqi.csv
2024-07-16 01:58:52,305 - __main__ - INFO - Re-training the model & train_end is 2024-07-10 00:00:00
2024-07-16 01:58:53,551 - __main__ - INFO - Retrained the model & MAPE is 47.5%
2024-07-16 01:58:53,552 - __main__ - INFO - Retrained the model & MAE is 146.64810468404704
2024-07-16 01:58:54,698 - __main__ - INFO - Forecast=> 2024-07-16    334.720385
2024-07-17    324.124094
2024-07-18    314.829090
2024-07-19    304.490225
2024-07-20    306.451397
Freq: D, Name: predicted_mean, dtype: float64
2024-07-16 01:58:54,704 - __main__ - INFO - The forecast data has been written to data/cleaned_data/Forecasting_time_series/forecast_sector_51_daily_aqi.csv
2024-07-16 01:58:54,704 - __main__ - INFO - The forecast data has been written to static/data/forecast_sector_51_daily_aqi.csv
