2024-01-16 00:29:41,137 - __main__ - INFO - station=> nise gwal, result => ['256', 'NISE Gwal Pahari, Gurugram, India', Timestamp('2024-01-16 05:00:00')]
2024-01-16 00:29:41,137 - __main__ - INFO - The hourly data has been written to data/cron_job_data/nise_cron_output.csv with Timestamp: 2024-01-16 05:00:00
2024-01-16 00:29:41,611 - __main__ - INFO - station=> Sector-51, Gurugram, result => ['233', 'Sector-51, Gurugram, India', Timestamp('2024-01-16 05:00:00')]
2024-01-16 00:29:41,611 - __main__ - INFO - The hourly data has been written to data/cron_job_data/sector_51_cron_output.csv with Timestamp: 2024-01-16 05:00:00
2024-01-16 00:29:42,089 - __main__ - INFO - station=> Sector-51, Gurugram, result => ['233', 'Sector-51, Gurugram, India', Timestamp('2024-01-16 05:00:00')]
2024-01-16 00:29:42,089 - __main__ - INFO - The hourly data has been written to static/data/sector_51_cron_output.csv with Timestamp: 2024-01-16 05:00:00
2024-01-16 00:29:42,577 - __main__ - INFO - station=> Teri Gram, result => ['309', 'Teri Gram, Gurugram, India', Timestamp('2024-01-16 05:00:00')]
2024-01-16 00:29:42,577 - __main__ - INFO - The hourly data has been written to data/cron_job_data/teri_gram_cron_output.csv with Timestamp: 2024-01-16 05:00:00
2024-01-16 00:29:43,051 - __main__ - INFO - station=> Vikas Sadan, result => ['195', 'Vikas Sadan Gurgaon, Gurgaon, India', Timestamp('2024-01-16 05:00:00')]
2024-01-16 00:29:43,051 - __main__ - INFO - The hourly data has been written to data/cron_job_data/vikas_sadan_cron_output.csv with Timestamp: 2024-01-16 05:00:00
2024-01-16 01:48:20,403 - __main__ - INFO - station=> nise gwal, result => ['279', 'NISE Gwal Pahari, Gurugram, India', Timestamp('2024-01-16 07:00:00')]
2024-01-16 01:48:20,403 - __main__ - INFO - The hourly data has been written to data/cron_job_data/nise_cron_output.csv with Timestamp: 2024-01-16 07:00:00
2024-01-16 01:48:21,096 - __main__ - INFO - station=> Sector-51, Gurugram, result => ['266', 'Sector-51, Gurugram, India', Timestamp('2024-01-16 07:00:00')]
2024-01-16 01:48:21,096 - __main__ - INFO - The hourly data has been written to data/cron_job_data/sector_51_cron_output.csv with Timestamp: 2024-01-16 07:00:00
2024-01-16 01:48:21,781 - __main__ - INFO - station=> Sector-51, Gurugram, result => ['266', 'Sector-51, Gurugram, India', Timestamp('2024-01-16 07:00:00')]
2024-01-16 01:48:21,782 - __main__ - INFO - The hourly data has been written to static/data/sector_51_cron_output.csv with Timestamp: 2024-01-16 07:00:00
2024-01-16 01:48:22,469 - __main__ - INFO - station=> Teri Gram, result => ['324', 'Teri Gram, Gurugram, India', Timestamp('2024-01-16 07:00:00')]
2024-01-16 01:48:22,469 - __main__ - INFO - The hourly data has been written to data/cron_job_data/teri_gram_cron_output.csv with Timestamp: 2024-01-16 07:00:00
2024-01-16 01:48:23,146 - __main__ - INFO - station=> Vikas Sadan, result => ['196', 'Vikas Sadan Gurgaon, Gurgaon, India', Timestamp('2024-01-16 07:00:00')]
2024-01-16 01:48:23,146 - __main__ - INFO - The hourly data has been written to data/cron_job_data/vikas_sadan_cron_output.csv with Timestamp: 2024-01-16 07:00:00
2024-01-16 01:48:23,147 - __main__ - INFO - Calling writeData & retrain_model functions.
2024-01-16 01:48:23,153 - __main__ - INFO - df_api columns Index(['AQI'], dtype='object')
2024-01-16 01:48:23,153 - __main__ - INFO - today=> 2024-01-16 & yesterday=> 2024-01-15
2024-01-16 01:48:23,155 - __main__ - INFO - temp_daily_aqi columns Index(['Unnamed: 0', 'Date', 'AQI'], dtype='object')
2024-01-16 01:48:23,158 - __main__ - INFO - temp_daily_aqi[2024-01-15]=> Empty DataFrame
Columns: [Unnamed: 0, AQI]
Index: []
2024-01-16 01:48:23,158 - __main__ - INFO - Index => 1411, yesterday => 2024-01-15 & AQI => 272.0
2024-01-16 01:48:23,159 - __main__ - INFO - Daily AQI data has been written to data/cleaned_data/Forecasting_time_series/sector_51_daily_aqi.csv
2024-01-16 01:48:23,159 - __main__ - INFO - Index => 1411, yesterday => 2024-01-15 & AQI => 272.0
2024-01-16 01:48:23,159 - __main__ - INFO - Daily AQI data has been written to static/data/sector_51_daily_aqi.csv
2024-01-16 01:48:23,164 - __main__ - INFO - Re-training the model & train_end is 2024-01-10 00:00:00
2024-01-16 01:48:24,555 - __main__ - INFO - Retrained the model & MAPE is 31.0%
2024-01-16 01:48:26,115 - __main__ - INFO - Forecast=> 2024-01-16    273.938085
2024-01-17    266.234553
2024-01-18    266.886535
2024-01-19    267.507074
2024-01-20    261.162372
Freq: D, Name: predicted_mean, dtype: float64
2024-01-16 01:48:26,116 - __main__ - INFO - The forecast data has been written to data/cleaned_data/Forecasting_time_series/forecast_sector_51_daily_aqi.csv
2024-01-16 01:48:26,116 - __main__ - INFO - The forecast data has been written to static/data/forecast_sector_51_daily_aqi.csv
