2024-03-16 01:16:00,895 - __main__ - INFO - Calling writeData & retrain_model functions.
2024-03-16 01:16:00,901 - __main__ - INFO - df_api columns Index(['AQI'], dtype='object')
2024-03-16 01:16:00,901 - __main__ - INFO - today=> 2024-03-16 & yesterday=> 2024-03-15
2024-03-16 01:16:00,903 - __main__ - INFO - temp_daily_aqi columns Index(['Unnamed: 0', 'Date', 'AQI'], dtype='object')
2024-03-16 01:16:00,905 - __main__ - INFO - temp_daily_aqi[2024-03-15]=> Empty DataFrame
Columns: [Unnamed: 0, AQI]
Index: []
2024-03-16 01:16:00,906 - __main__ - INFO - writeData function - Exception IndexError has occured for station=> data/cleaned_data/Forecasting_time_series/sector_51_daily_aqi.csv
2024-03-16 01:16:00,910 - __main__ - INFO - Re-training the model & train_end is 2024-03-09 00:00:00
2024-03-16 01:16:01,999 - __main__ - INFO - Retrained the model & MAPE is 13.57%
2024-03-16 01:16:02,000 - __main__ - INFO - Retrained the model & MAE is 28.189841657300263%
2024-03-16 01:16:03,374 - __main__ - INFO - Forecast=> 2024-03-15    210.027115
2024-03-16    221.690719
2024-03-17    201.570644
2024-03-18    202.785319
2024-03-19    205.598885
Freq: D, Name: predicted_mean, dtype: float64
2024-03-16 01:16:03,374 - __main__ - INFO - The forecast data has been written to data/cleaned_data/Forecasting_time_series/forecast_sector_51_daily_aqi.csv
2024-03-16 01:16:03,375 - __main__ - INFO - The forecast data has been written to static/data/forecast_sector_51_daily_aqi.csv
2024-03-16 01:58:58,055 - __main__ - INFO - Calling writeData & retrain_model functions.
2024-03-16 01:58:58,061 - __main__ - INFO - df_api columns Index(['AQI'], dtype='object')
2024-03-16 01:58:58,062 - __main__ - INFO - today=> 2024-03-16 & yesterday=> 2024-03-15
2024-03-16 01:58:58,063 - __main__ - INFO - temp_daily_aqi columns Index(['Unnamed: 0', 'Date', 'AQI'], dtype='object')
2024-03-16 01:58:58,066 - __main__ - INFO - temp_daily_aqi[2024-03-15]=> Empty DataFrame
Columns: [Unnamed: 0, AQI]
Index: []
2024-03-16 01:58:58,066 - __main__ - INFO - writeData function - Exception IndexError has occured for station=> data/cleaned_data/Forecasting_time_series/sector_51_daily_aqi.csv
2024-03-16 01:58:58,070 - __main__ - INFO - Re-training the model & train_end is 2024-03-09 00:00:00
2024-03-16 01:58:59,156 - __main__ - INFO - Retrained the model & MAPE is 13.57%
2024-03-16 01:58:59,157 - __main__ - INFO - Retrained the model & MAE is 28.189841657300263%
2024-03-16 01:59:00,589 - __main__ - INFO - Forecast=> 2024-03-15    210.027115
2024-03-16    221.690719
2024-03-17    201.570644
2024-03-18    202.785319
2024-03-19    205.598885
Freq: D, Name: predicted_mean, dtype: float64
2024-03-16 01:59:00,589 - __main__ - INFO - The forecast data has been written to data/cleaned_data/Forecasting_time_series/forecast_sector_51_daily_aqi.csv
2024-03-16 01:59:00,589 - __main__ - INFO - The forecast data has been written to static/data/forecast_sector_51_daily_aqi.csv
2024-03-16 05:46:39,894 - __main__ - INFO - station=> Sector-51, Gurugram, result => ['191', 'Sector-51, Gurugram, India', Timestamp('2024-03-16 11:00:00')]
2024-03-16 05:46:39,894 - __main__ - INFO - The hourly data has been written to data/cron_job_data/sector_51_cron_output.csv with Timestamp: 2024-03-16 11:00:00
2024-03-16 05:46:40,568 - __main__ - INFO - station=> Sector-51, Gurugram, result => ['191', 'Sector-51, Gurugram, India', Timestamp('2024-03-16 11:00:00')]
2024-03-16 05:46:40,568 - __main__ - INFO - The hourly data has been written to static/data/sector_51_cron_output.csv with Timestamp: 2024-03-16 11:00:00
2024-03-16 07:17:03,633 - __main__ - INFO - station=> Sector-51, Gurugram, result => ['187', 'Sector-51, Gurugram, India', Timestamp('2024-03-16 12:00:00')]
2024-03-16 07:17:03,633 - __main__ - INFO - The hourly data has been written to data/cron_job_data/sector_51_cron_output.csv with Timestamp: 2024-03-16 12:00:00
2024-03-16 07:17:04,301 - __main__ - INFO - station=> Sector-51, Gurugram, result => ['187', 'Sector-51, Gurugram, India', Timestamp('2024-03-16 12:00:00')]
2024-03-16 07:17:04,301 - __main__ - INFO - The hourly data has been written to static/data/sector_51_cron_output.csv with Timestamp: 2024-03-16 12:00:00
2024-03-16 07:46:38,481 - __main__ - INFO - station=> Sector-51, Gurugram, result => ['181', 'Sector-51, Gurugram, India', Timestamp('2024-03-16 13:00:00')]
2024-03-16 07:46:38,481 - __main__ - INFO - The hourly data has been written to data/cron_job_data/sector_51_cron_output.csv with Timestamp: 2024-03-16 13:00:00
2024-03-16 07:46:39,110 - __main__ - INFO - station=> Sector-51, Gurugram, result => ['181', 'Sector-51, Gurugram, India', Timestamp('2024-03-16 13:00:00')]
2024-03-16 07:46:39,111 - __main__ - INFO - The hourly data has been written to static/data/sector_51_cron_output.csv with Timestamp: 2024-03-16 13:00:00
2024-03-16 08:46:14,199 - __main__ - INFO - station=> Sector-51, Gurugram, result => ['173', 'Sector-51, Gurugram, India', Timestamp('2024-03-16 14:00:00')]
2024-03-16 08:46:14,200 - __main__ - INFO - The hourly data has been written to data/cron_job_data/sector_51_cron_output.csv with Timestamp: 2024-03-16 14:00:00
2024-03-16 08:46:14,874 - __main__ - INFO - station=> Sector-51, Gurugram, result => ['173', 'Sector-51, Gurugram, India', Timestamp('2024-03-16 14:00:00')]
2024-03-16 08:46:14,874 - __main__ - INFO - The hourly data has been written to static/data/sector_51_cron_output.csv with Timestamp: 2024-03-16 14:00:00
2024-03-16 09:46:27,349 - __main__ - INFO - station=> Sector-51, Gurugram, result => ['157', 'Sector-51, Gurugram, India', Timestamp('2024-03-16 15:00:00')]
2024-03-16 09:46:27,349 - __main__ - INFO - The hourly data has been written to data/cron_job_data/sector_51_cron_output.csv with Timestamp: 2024-03-16 15:00:00
2024-03-16 09:46:27,828 - __main__ - INFO - station=> Sector-51, Gurugram, result => ['157', 'Sector-51, Gurugram, India', Timestamp('2024-03-16 15:00:00')]
2024-03-16 09:46:27,828 - __main__ - INFO - The hourly data has been written to static/data/sector_51_cron_output.csv with Timestamp: 2024-03-16 15:00:00
2024-03-16 10:46:15,202 - __main__ - INFO - station=> Sector-51, Gurugram, result => ['148', 'Sector-51, Gurugram, India', Timestamp('2024-03-16 16:00:00')]
2024-03-16 10:46:15,202 - __main__ - INFO - The hourly data has been written to data/cron_job_data/sector_51_cron_output.csv with Timestamp: 2024-03-16 16:00:00
2024-03-16 10:46:15,867 - __main__ - INFO - station=> Sector-51, Gurugram, result => ['148', 'Sector-51, Gurugram, India', Timestamp('2024-03-16 16:00:00')]
2024-03-16 10:46:15,867 - __main__ - INFO - The hourly data has been written to static/data/sector_51_cron_output.csv with Timestamp: 2024-03-16 16:00:00
2024-03-16 11:46:19,993 - __main__ - INFO - station=> Sector-51, Gurugram, result => ['151', 'Sector-51, Gurugram, India', Timestamp('2024-03-16 17:00:00')]
2024-03-16 11:46:19,993 - __main__ - INFO - The hourly data has been written to data/cron_job_data/sector_51_cron_output.csv with Timestamp: 2024-03-16 17:00:00
2024-03-16 11:46:20,639 - __main__ - INFO - station=> Sector-51, Gurugram, result => ['151', 'Sector-51, Gurugram, India', Timestamp('2024-03-16 17:00:00')]
2024-03-16 11:46:20,639 - __main__ - INFO - The hourly data has been written to static/data/sector_51_cron_output.csv with Timestamp: 2024-03-16 17:00:00
2024-03-16 12:52:03,740 - __main__ - INFO - station=> Sector-51, Gurugram, result => ['151', 'Sector-51, Gurugram, India', Timestamp('2024-03-16 18:00:00')]
2024-03-16 12:52:03,740 - __main__ - INFO - The hourly data has been written to data/cron_job_data/sector_51_cron_output.csv with Timestamp: 2024-03-16 18:00:00
2024-03-16 12:52:04,203 - __main__ - INFO - station=> Sector-51, Gurugram, result => ['151', 'Sector-51, Gurugram, India', Timestamp('2024-03-16 18:00:00')]
2024-03-16 12:52:04,204 - __main__ - INFO - The hourly data has been written to static/data/sector_51_cron_output.csv with Timestamp: 2024-03-16 18:00:00
2024-03-16 15:16:40,148 - __main__ - INFO - station=> Sector-51, Gurugram, result => ['151', 'Sector-51, Gurugram, India', Timestamp('2024-03-16 19:00:00')]
2024-03-16 15:16:40,148 - __main__ - INFO - The hourly data has been written to data/cron_job_data/sector_51_cron_output.csv with Timestamp: 2024-03-16 19:00:00
2024-03-16 15:16:40,851 - __main__ - INFO - station=> Sector-51, Gurugram, result => ['151', 'Sector-51, Gurugram, India', Timestamp('2024-03-16 19:00:00')]
2024-03-16 15:16:40,851 - __main__ - INFO - The hourly data has been written to static/data/sector_51_cron_output.csv with Timestamp: 2024-03-16 19:00:00
2024-03-16 15:46:26,816 - __main__ - INFO - station=> Sector-51, Gurugram, result => ['155', 'Sector-51, Gurugram, India', Timestamp('2024-03-16 21:00:00')]
2024-03-16 15:46:26,816 - __main__ - INFO - The hourly data has been written to data/cron_job_data/sector_51_cron_output.csv with Timestamp: 2024-03-16 21:00:00
2024-03-16 15:46:27,485 - __main__ - INFO - station=> Sector-51, Gurugram, result => ['155', 'Sector-51, Gurugram, India', Timestamp('2024-03-16 21:00:00')]
2024-03-16 15:46:27,485 - __main__ - INFO - The hourly data has been written to static/data/sector_51_cron_output.csv with Timestamp: 2024-03-16 21:00:00
2024-03-16 16:46:22,936 - __main__ - INFO - station=> Sector-51, Gurugram, result => ['159', 'Sector-51, Gurugram, India', Timestamp('2024-03-16 22:00:00')]
2024-03-16 16:46:22,936 - __main__ - INFO - The hourly data has been written to data/cron_job_data/sector_51_cron_output.csv with Timestamp: 2024-03-16 22:00:00
2024-03-16 16:46:23,609 - __main__ - INFO - station=> Sector-51, Gurugram, result => ['159', 'Sector-51, Gurugram, India', Timestamp('2024-03-16 22:00:00')]
2024-03-16 16:46:23,609 - __main__ - INFO - The hourly data has been written to static/data/sector_51_cron_output.csv with Timestamp: 2024-03-16 22:00:00
