2024-09-16 01:14:54,892 - __main__ - INFO - station=> Sector-51, Gurugram, result => ['153', 'Sector-51, Gurugram, India', Timestamp('2024-09-16 06:00:00')]
2024-09-16 01:14:54,892 - __main__ - INFO - The hourly data has been written to data/cron_job_data/sector_51_cron_output.csv with Timestamp: 2024-09-16 06:00:00
2024-09-16 01:14:55,603 - __main__ - INFO - station=> Sector-51, Gurugram, result => ['153', 'Sector-51, Gurugram, India', Timestamp('2024-09-16 06:00:00')]
2024-09-16 01:14:55,603 - __main__ - INFO - The hourly data has been written to static/data/sector_51_cron_output.csv with Timestamp: 2024-09-16 06:00:00
2024-09-16 01:14:55,669 - __main__ - INFO - df_api columns Index(['AQI'], dtype='object')
2024-09-16 01:14:55,670 - __main__ - INFO - today=> 2024-09-16 & yesterday=> 2024-09-15
2024-09-16 01:14:55,671 - __main__ - INFO - temp_daily_aqi columns Index(['Unnamed: 0', 'Date', 'AQI'], dtype='object')
2024-09-16 01:14:55,674 - __main__ - INFO - temp_daily_aqi[2024-09-15]=> Empty DataFrame
Columns: [Unnamed: 0, AQI]
Index: []
2024-09-16 01:14:55,674 - __main__ - INFO - Index => 1655, yesterday => 2024-09-15 & AQI => 161.0
2024-09-16 01:14:55,675 - __main__ - INFO - Daily AQI data has been written to data/cleaned_data/Forecasting_time_series/sector_51_daily_aqi.csv
2024-09-16 01:14:55,675 - __main__ - INFO - Index => 1655, yesterday => 2024-09-15 & AQI => 161.0
2024-09-16 01:14:55,675 - __main__ - INFO - Daily AQI data has been written to static/data/sector_51_daily_aqi.csv
2024-09-16 01:14:55,680 - __main__ - INFO - Re-training the model & train_end is 2024-09-10 00:00:00
2024-09-16 01:14:57,029 - __main__ - INFO - Retrained the model & MAPE is 28.26%
2024-09-16 01:14:57,029 - __main__ - INFO - Retrained the model & MAE is 29.481347685027696
2024-09-16 01:14:58,352 - __main__ - INFO - Forecast=> 2024-09-16    161.455249
2024-09-17    162.349537
2024-09-18    165.857017
2024-09-19    168.632260
2024-09-20    172.068049
Freq: D, Name: predicted_mean, dtype: float64
2024-09-16 01:14:58,353 - __main__ - INFO - The forecast data has been written to data/cleaned_data/Forecasting_time_series/forecast_sector_51_daily_aqi.csv
2024-09-16 01:14:58,353 - __main__ - INFO - The forecast data has been written to static/data/forecast_sector_51_daily_aqi.csv
2024-09-16 04:19:24,287 - __main__ - INFO - station=> Sector-51, Gurugram, result => ['52', 'Sector-51, Gurugram, India', Timestamp('2024-09-16 09:00:00')]
2024-09-16 04:19:24,287 - __main__ - INFO - The hourly data has been written to data/cron_job_data/sector_51_cron_output.csv with Timestamp: 2024-09-16 09:00:00
2024-09-16 04:19:24,971 - __main__ - INFO - station=> Sector-51, Gurugram, result => ['52', 'Sector-51, Gurugram, India', Timestamp('2024-09-16 09:00:00')]
2024-09-16 04:19:24,971 - __main__ - INFO - The hourly data has been written to static/data/sector_51_cron_output.csv with Timestamp: 2024-09-16 09:00:00
2024-09-16 08:20:57,872 - __main__ - INFO - station=> Sector-51, Gurugram, result => ['96', 'Sector-51, Gurugram, India', Timestamp('2024-09-16 13:00:00')]
2024-09-16 08:20:57,872 - __main__ - INFO - The hourly data has been written to data/cron_job_data/sector_51_cron_output.csv with Timestamp: 2024-09-16 13:00:00
2024-09-16 08:20:58,498 - __main__ - INFO - station=> Sector-51, Gurugram, result => ['96', 'Sector-51, Gurugram, India', Timestamp('2024-09-16 13:00:00')]
2024-09-16 08:20:58,498 - __main__ - INFO - The hourly data has been written to static/data/sector_51_cron_output.csv with Timestamp: 2024-09-16 13:00:00
2024-09-16 12:32:30,625 - __main__ - INFO - station=> Sector-51, Gurugram, result => ['165', 'Sector-51, Gurugram, India', Timestamp('2024-09-16 17:00:00')]
2024-09-16 12:32:30,625 - __main__ - INFO - The hourly data has been written to data/cron_job_data/sector_51_cron_output.csv with Timestamp: 2024-09-16 17:00:00
2024-09-16 12:32:31,256 - __main__ - INFO - station=> Sector-51, Gurugram, result => ['165', 'Sector-51, Gurugram, India', Timestamp('2024-09-16 17:00:00')]
2024-09-16 12:32:31,256 - __main__ - INFO - The hourly data has been written to static/data/sector_51_cron_output.csv with Timestamp: 2024-09-16 17:00:00
2024-09-16 16:19:28,496 - __main__ - INFO - station=> Sector-51, Gurugram, result => ['304', 'Sector-51, Gurugram, India', Timestamp('2024-09-16 21:00:00')]
2024-09-16 16:19:28,496 - __main__ - INFO - The hourly data has been written to data/cron_job_data/sector_51_cron_output.csv with Timestamp: 2024-09-16 21:00:00
2024-09-16 16:19:29,124 - __main__ - INFO - station=> Sector-51, Gurugram, result => ['304', 'Sector-51, Gurugram, India', Timestamp('2024-09-16 21:00:00')]
2024-09-16 16:19:29,124 - __main__ - INFO - The hourly data has been written to static/data/sector_51_cron_output.csv with Timestamp: 2024-09-16 21:00:00
