2024-06-16 00:37:05,380 - __main__ - INFO - station=> Sector-51, Gurugram, result => ['166', 'Sector-51, Gurugram, India', Timestamp('2024-06-16 05:00:00')]
2024-06-16 00:37:05,380 - __main__ - INFO - The hourly data has been written to data/cron_job_data/sector_51_cron_output.csv with Timestamp: 2024-06-16 05:00:00
2024-06-16 00:37:05,999 - __main__ - INFO - station=> Sector-51, Gurugram, result => ['166', 'Sector-51, Gurugram, India', Timestamp('2024-06-16 05:00:00')]
2024-06-16 00:37:05,999 - __main__ - INFO - The hourly data has been written to static/data/sector_51_cron_output.csv with Timestamp: 2024-06-16 05:00:00
2024-06-16 01:59:41,463 - __main__ - INFO - station=> Sector-51, Gurugram, result => ['160', 'Sector-51, Gurugram, India', Timestamp('2024-06-16 06:00:00')]
2024-06-16 01:59:41,463 - __main__ - INFO - The hourly data has been written to data/cron_job_data/sector_51_cron_output.csv with Timestamp: 2024-06-16 06:00:00
2024-06-16 01:59:42,148 - __main__ - INFO - station=> Sector-51, Gurugram, result => ['160', 'Sector-51, Gurugram, India', Timestamp('2024-06-16 06:00:00')]
2024-06-16 01:59:42,148 - __main__ - INFO - The hourly data has been written to static/data/sector_51_cron_output.csv with Timestamp: 2024-06-16 06:00:00
2024-06-16 01:59:42,149 - __main__ - INFO - Calling writeData & retrain_model functions.
2024-06-16 01:59:42,157 - __main__ - INFO - df_api columns Index(['AQI'], dtype='object')
2024-06-16 01:59:42,158 - __main__ - INFO - today=> 2024-06-16 & yesterday=> 2024-06-15
2024-06-16 01:59:42,159 - __main__ - INFO - temp_daily_aqi columns Index(['Unnamed: 0', 'Date', 'AQI'], dtype='object')
2024-06-16 01:59:42,162 - __main__ - INFO - temp_daily_aqi[2024-06-15]=> Empty DataFrame
Columns: [Unnamed: 0, AQI]
Index: []
2024-06-16 01:59:42,162 - __main__ - INFO - Index => 1563, yesterday => 2024-06-15 & AQI => 142.0
2024-06-16 01:59:42,163 - __main__ - INFO - Daily AQI data has been written to data/cleaned_data/Forecasting_time_series/sector_51_daily_aqi.csv
2024-06-16 01:59:42,163 - __main__ - INFO - Index => 1563, yesterday => 2024-06-15 & AQI => 142.0
2024-06-16 01:59:42,163 - __main__ - INFO - Daily AQI data has been written to static/data/sector_51_daily_aqi.csv
2024-06-16 01:59:42,168 - __main__ - INFO - Re-training the model & train_end is 2024-06-10 00:00:00
2024-06-16 01:59:43,407 - __main__ - INFO - Retrained the model & MAPE is 26.43%
2024-06-16 01:59:43,407 - __main__ - INFO - Retrained the model & MAE is 58.60301393240354
2024-06-16 01:59:44,916 - __main__ - INFO - Forecast=> 2024-06-16    149.299971
2024-06-17    159.695507
2024-06-18    163.808733
2024-06-19    173.031480
2024-06-20    171.183316
Freq: D, Name: predicted_mean, dtype: float64
2024-06-16 01:59:44,917 - __main__ - INFO - The forecast data has been written to data/cleaned_data/Forecasting_time_series/forecast_sector_51_daily_aqi.csv
2024-06-16 01:59:44,917 - __main__ - INFO - The forecast data has been written to static/data/forecast_sector_51_daily_aqi.csv
2024-06-16 02:33:36,491 - __main__ - INFO - station=> Sector-51, Gurugram, result => ['171', 'Sector-51, Gurugram, India', Timestamp('2024-06-16 07:00:00')]
2024-06-16 02:33:36,492 - __main__ - INFO - The hourly data has been written to data/cron_job_data/sector_51_cron_output.csv with Timestamp: 2024-06-16 07:00:00
2024-06-16 02:33:36,957 - __main__ - INFO - station=> Sector-51, Gurugram, result => ['171', 'Sector-51, Gurugram, India', Timestamp('2024-06-16 07:00:00')]
2024-06-16 02:33:36,957 - __main__ - INFO - The hourly data has been written to static/data/sector_51_cron_output.csv with Timestamp: 2024-06-16 07:00:00
2024-06-16 03:08:37,240 - __main__ - INFO - station=> Sector-51, Gurugram, result => ['164', 'Sector-51, Gurugram, India', Timestamp('2024-06-16 08:00:00')]
2024-06-16 03:08:37,240 - __main__ - INFO - The hourly data has been written to data/cron_job_data/sector_51_cron_output.csv with Timestamp: 2024-06-16 08:00:00
2024-06-16 03:08:37,889 - __main__ - INFO - station=> Sector-51, Gurugram, result => ['164', 'Sector-51, Gurugram, India', Timestamp('2024-06-16 08:00:00')]
2024-06-16 03:08:37,889 - __main__ - INFO - The hourly data has been written to static/data/sector_51_cron_output.csv with Timestamp: 2024-06-16 08:00:00
