2024-02-16 00:27:38,063 - __main__ - INFO - setData function - AQI is not an integer. Exception ValueError has occured for station=> nise gwal
2024-02-16 00:27:38,544 - __main__ - INFO - station=> Sector-51, Gurugram, result => ['190', 'Sector-51, Gurugram, India', Timestamp('2024-02-16 05:00:00')]
2024-02-16 00:27:38,544 - __main__ - INFO - The hourly data has been written to data/cron_job_data/sector_51_cron_output.csv with Timestamp: 2024-02-16 05:00:00
2024-02-16 00:27:39,016 - __main__ - INFO - station=> Sector-51, Gurugram, result => ['190', 'Sector-51, Gurugram, India', Timestamp('2024-02-16 05:00:00')]
2024-02-16 00:27:39,016 - __main__ - INFO - The hourly data has been written to static/data/sector_51_cron_output.csv with Timestamp: 2024-02-16 05:00:00
2024-02-16 00:27:39,490 - __main__ - INFO - station=> Teri Gram, result => ['227', 'Teri Gram, Gurugram, India', Timestamp('2024-02-16 05:00:00')]
2024-02-16 00:27:39,490 - __main__ - INFO - The hourly data has been written to data/cron_job_data/teri_gram_cron_output.csv with Timestamp: 2024-02-16 05:00:00
2024-02-16 00:27:39,960 - __main__ - INFO - station=> Vikas Sadan, result => ['164', 'Vikas Sadan Gurgaon, Gurgaon, India', Timestamp('2024-02-16 05:00:00')]
2024-02-16 00:27:39,961 - __main__ - INFO - The hourly data has been written to data/cron_job_data/vikas_sadan_cron_output.csv with Timestamp: 2024-02-16 05:00:00
2024-02-16 01:38:39,851 - __main__ - INFO - setData function - AQI is not an integer. Exception ValueError has occured for station=> nise gwal
2024-02-16 01:38:40,319 - __main__ - INFO - station=> Sector-51, Gurugram, result => ['189', 'Sector-51, Gurugram, India', Timestamp('2024-02-16 06:00:00')]
2024-02-16 01:38:40,319 - __main__ - INFO - The hourly data has been written to data/cron_job_data/sector_51_cron_output.csv with Timestamp: 2024-02-16 06:00:00
2024-02-16 01:38:40,784 - __main__ - INFO - station=> Sector-51, Gurugram, result => ['189', 'Sector-51, Gurugram, India', Timestamp('2024-02-16 06:00:00')]
2024-02-16 01:38:40,784 - __main__ - INFO - The hourly data has been written to static/data/sector_51_cron_output.csv with Timestamp: 2024-02-16 06:00:00
2024-02-16 01:38:41,251 - __main__ - INFO - station=> Teri Gram, result => ['211', 'Teri Gram, Gurugram, India', Timestamp('2024-02-16 06:00:00')]
2024-02-16 01:38:41,252 - __main__ - INFO - The hourly data has been written to data/cron_job_data/teri_gram_cron_output.csv with Timestamp: 2024-02-16 06:00:00
2024-02-16 01:38:41,714 - __main__ - INFO - station=> Vikas Sadan, result => ['163', 'Vikas Sadan Gurgaon, Gurgaon, India', Timestamp('2024-02-16 06:00:00')]
2024-02-16 01:38:41,715 - __main__ - INFO - The hourly data has been written to data/cron_job_data/vikas_sadan_cron_output.csv with Timestamp: 2024-02-16 06:00:00
2024-02-16 01:38:41,716 - __main__ - INFO - Calling writeData & retrain_model functions.
2024-02-16 01:38:41,722 - __main__ - INFO - df_api columns Index(['AQI'], dtype='object')
2024-02-16 01:38:41,723 - __main__ - INFO - today=> 2024-02-16 & yesterday=> 2024-02-15
2024-02-16 01:38:41,725 - __main__ - INFO - temp_daily_aqi columns Index(['Unnamed: 0', 'Date', 'AQI'], dtype='object')
2024-02-16 01:38:41,727 - __main__ - INFO - temp_daily_aqi[2024-02-15]=> Empty DataFrame
Columns: [Unnamed: 0, AQI]
Index: []
2024-02-16 01:38:41,728 - __main__ - INFO - Index => 1442, yesterday => 2024-02-15 & AQI => 192.0
2024-02-16 01:38:41,728 - __main__ - INFO - Daily AQI data has been written to data/cleaned_data/Forecasting_time_series/sector_51_daily_aqi.csv
2024-02-16 01:38:41,728 - __main__ - INFO - Index => 1442, yesterday => 2024-02-15 & AQI => 192.0
2024-02-16 01:38:41,729 - __main__ - INFO - Daily AQI data has been written to static/data/sector_51_daily_aqi.csv
2024-02-16 01:38:41,733 - __main__ - INFO - Re-training the model & train_end is 2024-02-10 00:00:00
2024-02-16 01:38:43,062 - __main__ - INFO - Retrained the model & MAPE is 26.77%
2024-02-16 01:38:43,062 - __main__ - INFO - Retrained the model & MAE is 64.6583140253436%
2024-02-16 01:38:44,255 - __main__ - INFO - Forecast=> 2024-02-16    210.107302
2024-02-17    223.974826
2024-02-18    202.070016
2024-02-19    202.729857
2024-02-20    206.713024
Freq: D, Name: predicted_mean, dtype: float64
2024-02-16 01:38:44,256 - __main__ - INFO - The forecast data has been written to data/cleaned_data/Forecasting_time_series/forecast_sector_51_daily_aqi.csv
2024-02-16 01:38:44,256 - __main__ - INFO - The forecast data has been written to static/data/forecast_sector_51_daily_aqi.csv
2024-02-16 02:13:46,544 - __main__ - INFO - setData function - AQI is not an integer. Exception ValueError has occured for station=> nise gwal
2024-02-16 02:13:47,008 - __main__ - INFO - station=> Sector-51, Gurugram, result => ['188', 'Sector-51, Gurugram, India', Timestamp('2024-02-16 07:00:00')]
2024-02-16 02:13:47,009 - __main__ - INFO - The hourly data has been written to data/cron_job_data/sector_51_cron_output.csv with Timestamp: 2024-02-16 07:00:00
2024-02-16 02:13:47,476 - __main__ - INFO - station=> Sector-51, Gurugram, result => ['188', 'Sector-51, Gurugram, India', Timestamp('2024-02-16 07:00:00')]
2024-02-16 02:13:47,476 - __main__ - INFO - The hourly data has been written to static/data/sector_51_cron_output.csv with Timestamp: 2024-02-16 07:00:00
2024-02-16 02:13:47,943 - __main__ - INFO - station=> Teri Gram, result => ['191', 'Teri Gram, Gurugram, India', Timestamp('2024-02-16 07:00:00')]
2024-02-16 02:13:47,943 - __main__ - INFO - The hourly data has been written to data/cron_job_data/teri_gram_cron_output.csv with Timestamp: 2024-02-16 07:00:00
2024-02-16 02:13:48,405 - __main__ - INFO - station=> Vikas Sadan, result => ['164', 'Vikas Sadan Gurgaon, Gurgaon, India', Timestamp('2024-02-16 07:00:00')]
2024-02-16 02:13:48,405 - __main__ - INFO - The hourly data has been written to data/cron_job_data/vikas_sadan_cron_output.csv with Timestamp: 2024-02-16 07:00:00
2024-02-16 03:08:40,573 - __main__ - INFO - setData function - AQI is not an integer. Exception ValueError has occured for station=> nise gwal
2024-02-16 03:08:41,236 - __main__ - INFO - station=> Sector-51, Gurugram, result => ['194', 'Sector-51, Gurugram, India', Timestamp('2024-02-16 08:00:00')]
2024-02-16 03:08:41,236 - __main__ - INFO - The hourly data has been written to data/cron_job_data/sector_51_cron_output.csv with Timestamp: 2024-02-16 08:00:00
2024-02-16 03:08:41,877 - __main__ - INFO - station=> Sector-51, Gurugram, result => ['194', 'Sector-51, Gurugram, India', Timestamp('2024-02-16 08:00:00')]
2024-02-16 03:08:41,877 - __main__ - INFO - The hourly data has been written to static/data/sector_51_cron_output.csv with Timestamp: 2024-02-16 08:00:00
2024-02-16 03:08:42,539 - __main__ - INFO - station=> Teri Gram, result => ['177', 'Teri Gram, Gurugram, India', Timestamp('2024-02-16 08:00:00')]
2024-02-16 03:08:42,539 - __main__ - INFO - The hourly data has been written to data/cron_job_data/teri_gram_cron_output.csv with Timestamp: 2024-02-16 08:00:00
2024-02-16 03:08:43,199 - __main__ - INFO - station=> Vikas Sadan, result => ['160', 'Vikas Sadan Gurgaon, Gurgaon, India', Timestamp('2024-02-16 08:00:00')]
2024-02-16 03:08:43,199 - __main__ - INFO - The hourly data has been written to data/cron_job_data/vikas_sadan_cron_output.csv with Timestamp: 2024-02-16 08:00:00
2024-02-16 04:07:23,149 - __main__ - INFO - setData function - AQI is not an integer. Exception ValueError has occured for station=> nise gwal
2024-02-16 04:07:23,622 - __main__ - INFO - station=> Sector-51, Gurugram, result => ['252', 'Sector-51, Gurugram, India', Timestamp('2024-02-16 09:00:00')]
2024-02-16 04:07:23,622 - __main__ - INFO - The hourly data has been written to data/cron_job_data/sector_51_cron_output.csv with Timestamp: 2024-02-16 09:00:00
2024-02-16 04:07:24,093 - __main__ - INFO - station=> Sector-51, Gurugram, result => ['252', 'Sector-51, Gurugram, India', Timestamp('2024-02-16 09:00:00')]
2024-02-16 04:07:24,093 - __main__ - INFO - The hourly data has been written to static/data/sector_51_cron_output.csv with Timestamp: 2024-02-16 09:00:00
2024-02-16 04:07:24,568 - __main__ - INFO - station=> Teri Gram, result => ['189', 'Teri Gram, Gurugram, India', Timestamp('2024-02-16 09:00:00')]
2024-02-16 04:07:24,568 - __main__ - INFO - The hourly data has been written to data/cron_job_data/teri_gram_cron_output.csv with Timestamp: 2024-02-16 09:00:00
2024-02-16 04:07:25,036 - __main__ - INFO - station=> Vikas Sadan, result => ['168', 'Vikas Sadan Gurgaon, Gurgaon, India', Timestamp('2024-02-16 09:00:00')]
2024-02-16 04:07:25,037 - __main__ - INFO - The hourly data has been written to data/cron_job_data/vikas_sadan_cron_output.csv with Timestamp: 2024-02-16 09:00:00
2024-02-16 05:03:35,637 - __main__ - INFO - setData function - AQI is not an integer. Exception ValueError has occured for station=> nise gwal
2024-02-16 05:03:36,299 - __main__ - INFO - station=> Sector-51, Gurugram, result => ['273', 'Sector-51, Gurugram, India', Timestamp('2024-02-16 10:00:00')]
2024-02-16 05:03:36,299 - __main__ - INFO - The hourly data has been written to data/cron_job_data/sector_51_cron_output.csv with Timestamp: 2024-02-16 10:00:00
2024-02-16 05:03:36,975 - __main__ - INFO - station=> Sector-51, Gurugram, result => ['273', 'Sector-51, Gurugram, India', Timestamp('2024-02-16 10:00:00')]
2024-02-16 05:03:36,975 - __main__ - INFO - The hourly data has been written to static/data/sector_51_cron_output.csv with Timestamp: 2024-02-16 10:00:00
2024-02-16 05:03:37,637 - __main__ - INFO - station=> Teri Gram, result => ['255', 'Teri Gram, Gurugram, India', Timestamp('2024-02-16 10:00:00')]
2024-02-16 05:03:37,637 - __main__ - INFO - The hourly data has been written to data/cron_job_data/teri_gram_cron_output.csv with Timestamp: 2024-02-16 10:00:00
2024-02-16 05:03:38,313 - __main__ - INFO - station=> Vikas Sadan, result => ['174', 'Vikas Sadan Gurgaon, Gurgaon, India', Timestamp('2024-02-16 10:00:00')]
2024-02-16 05:03:38,313 - __main__ - INFO - The hourly data has been written to data/cron_job_data/vikas_sadan_cron_output.csv with Timestamp: 2024-02-16 10:00:00
2024-02-16 06:08:32,805 - __main__ - INFO - setData function - AQI is not an integer. Exception ValueError has occured for station=> nise gwal
2024-02-16 06:08:33,486 - __main__ - INFO - station=> Sector-51, Gurugram, result => ['48', 'Sector-51, Gurugram, India', Timestamp('2024-02-16 11:00:00')]
2024-02-16 06:08:33,486 - __main__ - INFO - The hourly data has been written to data/cron_job_data/sector_51_cron_output.csv with Timestamp: 2024-02-16 11:00:00
2024-02-16 06:08:34,165 - __main__ - INFO - station=> Sector-51, Gurugram, result => ['48', 'Sector-51, Gurugram, India', Timestamp('2024-02-16 11:00:00')]
2024-02-16 06:08:34,165 - __main__ - INFO - The hourly data has been written to static/data/sector_51_cron_output.csv with Timestamp: 2024-02-16 11:00:00
2024-02-16 06:08:34,828 - __main__ - INFO - station=> Teri Gram, result => ['194', 'Teri Gram, Gurugram, India', Timestamp('2024-02-16 11:00:00')]
2024-02-16 06:08:34,828 - __main__ - INFO - The hourly data has been written to data/cron_job_data/teri_gram_cron_output.csv with Timestamp: 2024-02-16 11:00:00
2024-02-16 06:08:35,513 - __main__ - INFO - station=> Vikas Sadan, result => ['173', 'Vikas Sadan Gurgaon, Gurgaon, India', Timestamp('2024-02-16 11:00:00')]
2024-02-16 06:08:35,513 - __main__ - INFO - The hourly data has been written to data/cron_job_data/vikas_sadan_cron_output.csv with Timestamp: 2024-02-16 11:00:00
2024-02-16 07:03:18,054 - __main__ - INFO - setData function - AQI is not an integer. Exception ValueError has occured for station=> nise gwal
2024-02-16 08:08:38,507 - __main__ - INFO - setData function - AQI is not an integer. Exception ValueError has occured for station=> nise gwal
2024-02-16 09:04:20,420 - __main__ - INFO - setData function - AQI is not an integer. Exception ValueError has occured for station=> nise gwal
2024-02-16 10:05:08,800 - __main__ - INFO - setData function - AQI is not an integer. Exception ValueError has occured for station=> nise gwal
2024-02-16 11:03:40,880 - __main__ - INFO - setData function - AQI is not an integer. Exception ValueError has occured for station=> nise gwal
2024-02-16 12:10:22,137 - __main__ - INFO - setData function - AQI is not an integer. Exception ValueError has occured for station=> nise gwal
2024-02-16 12:10:22,613 - __main__ - INFO - station=> Sector-51, Gurugram, result => ['162', 'Sector-51, Gurugram, India', Timestamp('2024-02-16 17:00:00')]
2024-02-16 12:10:22,613 - __main__ - INFO - The hourly data has been written to data/cron_job_data/sector_51_cron_output.csv with Timestamp: 2024-02-16 17:00:00
2024-02-16 12:10:23,083 - __main__ - INFO - station=> Sector-51, Gurugram, result => ['162', 'Sector-51, Gurugram, India', Timestamp('2024-02-16 17:00:00')]
2024-02-16 12:10:23,083 - __main__ - INFO - The hourly data has been written to static/data/sector_51_cron_output.csv with Timestamp: 2024-02-16 17:00:00
2024-02-16 12:10:23,557 - __main__ - INFO - station=> Teri Gram, result => ['166', 'Teri Gram, Gurugram, India', Timestamp('2024-02-16 17:00:00')]
2024-02-16 12:10:23,557 - __main__ - INFO - The hourly data has been written to data/cron_job_data/teri_gram_cron_output.csv with Timestamp: 2024-02-16 17:00:00
2024-02-16 12:10:24,027 - __main__ - INFO - station=> Vikas Sadan, result => ['126', 'Vikas Sadan Gurgaon, Gurgaon, India', Timestamp('2024-02-16 17:00:00')]
2024-02-16 12:10:24,027 - __main__ - INFO - The hourly data has been written to data/cron_job_data/vikas_sadan_cron_output.csv with Timestamp: 2024-02-16 17:00:00
2024-02-16 13:04:36,362 - __main__ - INFO - setData function - AQI is not an integer. Exception ValueError has occured for station=> nise gwal
2024-02-16 13:04:36,825 - __main__ - INFO - station=> Sector-51, Gurugram, result => ['159', 'Sector-51, Gurugram, India', Timestamp('2024-02-16 18:00:00')]
2024-02-16 13:04:36,825 - __main__ - INFO - The hourly data has been written to data/cron_job_data/sector_51_cron_output.csv with Timestamp: 2024-02-16 18:00:00
2024-02-16 13:04:37,288 - __main__ - INFO - station=> Sector-51, Gurugram, result => ['159', 'Sector-51, Gurugram, India', Timestamp('2024-02-16 18:00:00')]
2024-02-16 13:04:37,288 - __main__ - INFO - The hourly data has been written to static/data/sector_51_cron_output.csv with Timestamp: 2024-02-16 18:00:00
2024-02-16 13:04:37,758 - __main__ - INFO - station=> Teri Gram, result => ['166', 'Teri Gram, Gurugram, India', Timestamp('2024-02-16 18:00:00')]
2024-02-16 13:04:37,758 - __main__ - INFO - The hourly data has been written to data/cron_job_data/teri_gram_cron_output.csv with Timestamp: 2024-02-16 18:00:00
2024-02-16 13:04:38,221 - __main__ - INFO - station=> Vikas Sadan, result => ['131', 'Vikas Sadan Gurgaon, Gurgaon, India', Timestamp('2024-02-16 18:00:00')]
2024-02-16 13:04:38,221 - __main__ - INFO - The hourly data has been written to data/cron_job_data/vikas_sadan_cron_output.csv with Timestamp: 2024-02-16 18:00:00
2024-02-16 14:03:40,917 - __main__ - INFO - setData function - AQI is not an integer. Exception ValueError has occured for station=> nise gwal
2024-02-16 14:03:41,598 - __main__ - INFO - station=> Sector-51, Gurugram, result => ['157', 'Sector-51, Gurugram, India', Timestamp('2024-02-16 19:00:00')]
2024-02-16 14:03:41,598 - __main__ - INFO - The hourly data has been written to data/cron_job_data/sector_51_cron_output.csv with Timestamp: 2024-02-16 19:00:00
2024-02-16 14:03:42,282 - __main__ - INFO - station=> Sector-51, Gurugram, result => ['157', 'Sector-51, Gurugram, India', Timestamp('2024-02-16 19:00:00')]
2024-02-16 14:03:42,282 - __main__ - INFO - The hourly data has been written to static/data/sector_51_cron_output.csv with Timestamp: 2024-02-16 19:00:00
2024-02-16 14:03:42,970 - __main__ - INFO - station=> Teri Gram, result => ['166', 'Teri Gram, Gurugram, India', Timestamp('2024-02-16 19:00:00')]
2024-02-16 14:03:42,971 - __main__ - INFO - The hourly data has been written to data/cron_job_data/teri_gram_cron_output.csv with Timestamp: 2024-02-16 19:00:00
2024-02-16 14:03:43,669 - __main__ - INFO - station=> Vikas Sadan, result => ['136', 'Vikas Sadan Gurgaon, Gurgaon, India', Timestamp('2024-02-16 19:00:00')]
2024-02-16 14:03:43,669 - __main__ - INFO - The hourly data has been written to data/cron_job_data/vikas_sadan_cron_output.csv with Timestamp: 2024-02-16 19:00:00
2024-02-16 15:07:22,496 - __main__ - INFO - setData function - AQI is not an integer. Exception ValueError has occured for station=> nise gwal
2024-02-16 15:07:22,959 - __main__ - INFO - station=> Sector-51, Gurugram, result => ['167', 'Sector-51, Gurugram, India', Timestamp('2024-02-16 20:00:00')]
2024-02-16 15:07:22,959 - __main__ - INFO - The hourly data has been written to data/cron_job_data/sector_51_cron_output.csv with Timestamp: 2024-02-16 20:00:00
2024-02-16 15:07:23,427 - __main__ - INFO - station=> Sector-51, Gurugram, result => ['167', 'Sector-51, Gurugram, India', Timestamp('2024-02-16 20:00:00')]
2024-02-16 15:07:23,427 - __main__ - INFO - The hourly data has been written to static/data/sector_51_cron_output.csv with Timestamp: 2024-02-16 20:00:00
2024-02-16 15:07:23,896 - __main__ - INFO - station=> Teri Gram, result => ['165', 'Teri Gram, Gurugram, India', Timestamp('2024-02-16 20:00:00')]
2024-02-16 15:07:23,896 - __main__ - INFO - The hourly data has been written to data/cron_job_data/teri_gram_cron_output.csv with Timestamp: 2024-02-16 20:00:00
2024-02-16 15:07:24,358 - __main__ - INFO - station=> Vikas Sadan, result => ['114', 'Vikas Sadan Gurgaon, Gurgaon, India', Timestamp('2024-02-16 20:00:00')]
2024-02-16 15:07:24,358 - __main__ - INFO - The hourly data has been written to data/cron_job_data/vikas_sadan_cron_output.csv with Timestamp: 2024-02-16 20:00:00
2024-02-16 16:07:48,301 - __main__ - INFO - setData function - AQI is not an integer. Exception ValueError has occured for station=> nise gwal
2024-02-16 16:07:48,777 - __main__ - INFO - station=> Sector-51, Gurugram, result => ['187', 'Sector-51, Gurugram, India', Timestamp('2024-02-16 21:00:00')]
2024-02-16 16:07:48,778 - __main__ - INFO - The hourly data has been written to data/cron_job_data/sector_51_cron_output.csv with Timestamp: 2024-02-16 21:00:00
2024-02-16 16:07:49,250 - __main__ - INFO - station=> Sector-51, Gurugram, result => ['187', 'Sector-51, Gurugram, India', Timestamp('2024-02-16 21:00:00')]
2024-02-16 16:07:49,250 - __main__ - INFO - The hourly data has been written to static/data/sector_51_cron_output.csv with Timestamp: 2024-02-16 21:00:00
2024-02-16 16:07:49,722 - __main__ - INFO - station=> Teri Gram, result => ['193', 'Teri Gram, Gurugram, India', Timestamp('2024-02-16 21:00:00')]
2024-02-16 16:07:49,722 - __main__ - INFO - The hourly data has been written to data/cron_job_data/teri_gram_cron_output.csv with Timestamp: 2024-02-16 21:00:00
2024-02-16 16:07:50,188 - __main__ - INFO - station=> Vikas Sadan, result => ['154', 'Vikas Sadan Gurgaon, Gurgaon, India', Timestamp('2024-02-16 21:00:00')]
2024-02-16 16:07:50,188 - __main__ - INFO - The hourly data has been written to data/cron_job_data/vikas_sadan_cron_output.csv with Timestamp: 2024-02-16 21:00:00
2024-02-16 17:03:00,362 - __main__ - INFO - setData function - AQI is not an integer. Exception ValueError has occured for station=> nise gwal
2024-02-16 17:03:00,835 - __main__ - INFO - station=> Sector-51, Gurugram, result => ['452', 'Sector-51, Gurugram, India', Timestamp('2024-02-16 22:00:00')]
2024-02-16 17:03:00,835 - __main__ - INFO - The hourly data has been written to data/cron_job_data/sector_51_cron_output.csv with Timestamp: 2024-02-16 22:00:00
2024-02-16 17:03:01,304 - __main__ - INFO - station=> Sector-51, Gurugram, result => ['452', 'Sector-51, Gurugram, India', Timestamp('2024-02-16 22:00:00')]
2024-02-16 17:03:01,304 - __main__ - INFO - The hourly data has been written to static/data/sector_51_cron_output.csv with Timestamp: 2024-02-16 22:00:00
2024-02-16 17:03:01,786 - __main__ - INFO - station=> Teri Gram, result => ['227', 'Teri Gram, Gurugram, India', Timestamp('2024-02-16 22:00:00')]
2024-02-16 17:03:01,786 - __main__ - INFO - The hourly data has been written to data/cron_job_data/teri_gram_cron_output.csv with Timestamp: 2024-02-16 22:00:00
2024-02-16 17:03:02,257 - __main__ - INFO - station=> Vikas Sadan, result => ['165', 'Vikas Sadan Gurgaon, Gurgaon, India', Timestamp('2024-02-16 22:00:00')]
2024-02-16 17:03:02,257 - __main__ - INFO - The hourly data has been written to data/cron_job_data/vikas_sadan_cron_output.csv with Timestamp: 2024-02-16 22:00:00
2024-02-16 18:08:17,301 - __main__ - INFO - setData function - AQI is not an integer. Exception ValueError has occured for station=> nise gwal
2024-02-16 18:08:17,949 - __main__ - INFO - station=> Sector-51, Gurugram, result => ['599', 'Sector-51, Gurugram, India', Timestamp('2024-02-16 23:00:00')]
2024-02-16 18:08:17,949 - __main__ - INFO - The hourly data has been written to data/cron_job_data/sector_51_cron_output.csv with Timestamp: 2024-02-16 23:00:00
2024-02-16 18:08:18,615 - __main__ - INFO - station=> Sector-51, Gurugram, result => ['599', 'Sector-51, Gurugram, India', Timestamp('2024-02-16 23:00:00')]
2024-02-16 18:08:18,616 - __main__ - INFO - The hourly data has been written to static/data/sector_51_cron_output.csv with Timestamp: 2024-02-16 23:00:00
2024-02-16 18:08:19,261 - __main__ - INFO - station=> Teri Gram, result => ['261', 'Teri Gram, Gurugram, India', Timestamp('2024-02-16 23:00:00')]
2024-02-16 18:08:19,261 - __main__ - INFO - The hourly data has been written to data/cron_job_data/teri_gram_cron_output.csv with Timestamp: 2024-02-16 23:00:00
2024-02-16 18:08:19,969 - __main__ - INFO - station=> Vikas Sadan, result => ['166', 'Vikas Sadan Gurgaon, Gurgaon, India', Timestamp('2024-02-16 23:00:00')]
2024-02-16 18:08:19,969 - __main__ - INFO - The hourly data has been written to data/cron_job_data/vikas_sadan_cron_output.csv with Timestamp: 2024-02-16 23:00:00
2024-02-16 19:02:09,360 - __main__ - INFO - setData function - AQI is not an integer. Exception ValueError has occured for station=> nise gwal
2024-02-16 20:04:17,414 - __main__ - INFO - setData function - AQI is not an integer. Exception ValueError has occured for station=> nise gwal
