2024-05-17 00:32:29,000 - __main__ - INFO - station=> Sector-51, Gurugram, result => ['171', 'Sector-51, Gurugram, India', Timestamp('2024-05-17 05:00:00')]
2024-05-17 00:32:29,000 - __main__ - INFO - The hourly data has been written to data/cron_job_data/sector_51_cron_output.csv with Timestamp: 2024-05-17 05:00:00
2024-05-17 00:32:29,648 - __main__ - INFO - station=> Sector-51, Gurugram, result => ['171', 'Sector-51, Gurugram, India', Timestamp('2024-05-17 05:00:00')]
2024-05-17 00:32:29,648 - __main__ - INFO - The hourly data has been written to static/data/sector_51_cron_output.csv with Timestamp: 2024-05-17 05:00:00
2024-05-17 01:46:33,264 - __main__ - INFO - station=> Sector-51, Gurugram, result => ['162', 'Sector-51, Gurugram, India', Timestamp('2024-05-17 06:00:00')]
2024-05-17 01:46:33,264 - __main__ - INFO - The hourly data has been written to data/cron_job_data/sector_51_cron_output.csv with Timestamp: 2024-05-17 06:00:00
2024-05-17 01:46:33,733 - __main__ - INFO - station=> Sector-51, Gurugram, result => ['162', 'Sector-51, Gurugram, India', Timestamp('2024-05-17 06:00:00')]
2024-05-17 01:46:33,733 - __main__ - INFO - The hourly data has been written to static/data/sector_51_cron_output.csv with Timestamp: 2024-05-17 06:00:00
2024-05-17 01:46:33,734 - __main__ - INFO - Calling writeData & retrain_model functions.
2024-05-17 01:46:33,742 - __main__ - INFO - df_api columns Index(['AQI'], dtype='object')
2024-05-17 01:46:33,743 - __main__ - INFO - today=> 2024-05-17 & yesterday=> 2024-05-16
2024-05-17 01:46:33,745 - __main__ - INFO - temp_daily_aqi columns Index(['Unnamed: 0', 'Date', 'AQI'], dtype='object')
2024-05-17 01:46:33,747 - __main__ - INFO - temp_daily_aqi[2024-05-16]=> Empty DataFrame
Columns: [Unnamed: 0, AQI]
Index: []
2024-05-17 01:46:33,748 - __main__ - INFO - Index => 1533, yesterday => 2024-05-16 & AQI => 156.0
2024-05-17 01:46:33,748 - __main__ - INFO - Daily AQI data has been written to data/cleaned_data/Forecasting_time_series/sector_51_daily_aqi.csv
2024-05-17 01:46:33,748 - __main__ - INFO - Index => 1533, yesterday => 2024-05-16 & AQI => 156.0
2024-05-17 01:46:33,749 - __main__ - INFO - Daily AQI data has been written to static/data/sector_51_daily_aqi.csv
2024-05-17 01:46:33,753 - __main__ - INFO - Re-training the model & train_end is 2024-05-11 00:00:00
2024-05-17 01:46:34,890 - __main__ - INFO - Retrained the model & MAPE is 23.21%
2024-05-17 01:46:34,890 - __main__ - INFO - Retrained the model & MAE is 80.71657109152575
2024-05-17 01:46:36,016 - __main__ - INFO - Forecast=> 2024-05-17    221.366256
2024-05-18    237.954092
2024-05-19    210.490718
2024-05-20    215.063585
2024-05-21    211.677068
Freq: D, Name: predicted_mean, dtype: float64
2024-05-17 01:46:36,017 - __main__ - INFO - The forecast data has been written to data/cleaned_data/Forecasting_time_series/forecast_sector_51_daily_aqi.csv
2024-05-17 01:46:36,017 - __main__ - INFO - The forecast data has been written to static/data/forecast_sector_51_daily_aqi.csv
2024-05-17 02:21:59,019 - __main__ - INFO - station=> Sector-51, Gurugram, result => ['182', 'Sector-51, Gurugram, India', Timestamp('2024-05-17 07:00:00')]
2024-05-17 02:21:59,019 - __main__ - INFO - The hourly data has been written to data/cron_job_data/sector_51_cron_output.csv with Timestamp: 2024-05-17 07:00:00
2024-05-17 02:21:59,636 - __main__ - INFO - station=> Sector-51, Gurugram, result => ['182', 'Sector-51, Gurugram, India', Timestamp('2024-05-17 07:00:00')]
2024-05-17 02:21:59,636 - __main__ - INFO - The hourly data has been written to static/data/sector_51_cron_output.csv with Timestamp: 2024-05-17 07:00:00
2024-05-17 05:08:50,861 - __main__ - INFO - station=> Sector-51, Gurugram, result => ['180', 'Sector-51, Gurugram, India', Timestamp('2024-05-17 10:00:00')]
2024-05-17 05:08:50,861 - __main__ - INFO - The hourly data has been written to data/cron_job_data/sector_51_cron_output.csv with Timestamp: 2024-05-17 10:00:00
2024-05-17 05:08:51,334 - __main__ - INFO - station=> Sector-51, Gurugram, result => ['180', 'Sector-51, Gurugram, India', Timestamp('2024-05-17 10:00:00')]
2024-05-17 05:08:51,335 - __main__ - INFO - The hourly data has been written to static/data/sector_51_cron_output.csv with Timestamp: 2024-05-17 10:00:00
2024-05-17 06:10:28,120 - __main__ - INFO - station=> Sector-51, Gurugram, result => ['91', 'Sector-51, Gurugram, India', Timestamp('2024-05-17 11:00:00')]
2024-05-17 06:10:28,120 - __main__ - INFO - The hourly data has been written to data/cron_job_data/sector_51_cron_output.csv with Timestamp: 2024-05-17 11:00:00
2024-05-17 06:10:28,783 - __main__ - INFO - station=> Sector-51, Gurugram, result => ['91', 'Sector-51, Gurugram, India', Timestamp('2024-05-17 11:00:00')]
2024-05-17 06:10:28,784 - __main__ - INFO - The hourly data has been written to static/data/sector_51_cron_output.csv with Timestamp: 2024-05-17 11:00:00
2024-05-17 07:07:40,967 - __main__ - INFO - station=> Sector-51, Gurugram, result => ['109', 'Sector-51, Gurugram, India', Timestamp('2024-05-17 12:00:00')]
2024-05-17 07:07:40,967 - __main__ - INFO - The hourly data has been written to data/cron_job_data/sector_51_cron_output.csv with Timestamp: 2024-05-17 12:00:00
2024-05-17 07:07:41,440 - __main__ - INFO - station=> Sector-51, Gurugram, result => ['109', 'Sector-51, Gurugram, India', Timestamp('2024-05-17 12:00:00')]
2024-05-17 07:07:41,440 - __main__ - INFO - The hourly data has been written to static/data/sector_51_cron_output.csv with Timestamp: 2024-05-17 12:00:00
2024-05-17 08:09:58,819 - __main__ - INFO - station=> Sector-51, Gurugram, result => ['152', 'Sector-51, Gurugram, India', Timestamp('2024-05-17 13:00:00')]
2024-05-17 08:09:58,819 - __main__ - INFO - The hourly data has been written to data/cron_job_data/sector_51_cron_output.csv with Timestamp: 2024-05-17 13:00:00
2024-05-17 08:09:59,441 - __main__ - INFO - station=> Sector-51, Gurugram, result => ['152', 'Sector-51, Gurugram, India', Timestamp('2024-05-17 13:00:00')]
2024-05-17 08:09:59,441 - __main__ - INFO - The hourly data has been written to static/data/sector_51_cron_output.csv with Timestamp: 2024-05-17 13:00:00
