2024-09-17 00:59:02,027 - __main__ - INFO - station=> Sector-51, Gurugram, result => ['169', 'Sector-51, Gurugram, India', Timestamp('2024-09-17 06:00:00')]
2024-09-17 00:59:02,027 - __main__ - INFO - The hourly data has been written to data/cron_job_data/sector_51_cron_output.csv with Timestamp: 2024-09-17 06:00:00
2024-09-17 00:59:02,748 - __main__ - INFO - station=> Sector-51, Gurugram, result => ['169', 'Sector-51, Gurugram, India', Timestamp('2024-09-17 06:00:00')]
2024-09-17 00:59:02,749 - __main__ - INFO - The hourly data has been written to static/data/sector_51_cron_output.csv with Timestamp: 2024-09-17 06:00:00
2024-09-17 00:59:02,792 - __main__ - INFO - df_api columns Index(['AQI'], dtype='object')
2024-09-17 00:59:02,793 - __main__ - INFO - today=> 2024-09-17 & yesterday=> 2024-09-16
2024-09-17 00:59:02,795 - __main__ - INFO - temp_daily_aqi columns Index(['Unnamed: 0', 'Date', 'AQI'], dtype='object')
2024-09-17 00:59:02,797 - __main__ - INFO - temp_daily_aqi[2024-09-16]=> Empty DataFrame
Columns: [Unnamed: 0, AQI]
Index: []
2024-09-17 00:59:02,798 - __main__ - INFO - Index => 1656, yesterday => 2024-09-16 & AQI => 156.0
2024-09-17 00:59:02,798 - __main__ - INFO - Daily AQI data has been written to data/cleaned_data/Forecasting_time_series/sector_51_daily_aqi.csv
2024-09-17 00:59:02,799 - __main__ - INFO - Index => 1656, yesterday => 2024-09-16 & AQI => 156.0
2024-09-17 00:59:02,799 - __main__ - INFO - Daily AQI data has been written to static/data/sector_51_daily_aqi.csv
2024-09-17 00:59:02,805 - __main__ - INFO - Re-training the model & train_end is 2024-09-11 00:00:00
2024-09-17 00:59:04,220 - __main__ - INFO - Retrained the model & MAPE is 27.42%
2024-09-17 00:59:04,220 - __main__ - INFO - Retrained the model & MAE is 29.064478549608122
2024-09-17 00:59:05,611 - __main__ - INFO - Forecast=> 2024-09-17    159.037516
2024-09-18    162.881018
2024-09-19    166.003251
2024-09-20    169.760927
2024-09-21    184.976487
Freq: D, Name: predicted_mean, dtype: float64
2024-09-17 00:59:05,611 - __main__ - INFO - The forecast data has been written to data/cleaned_data/Forecasting_time_series/forecast_sector_51_daily_aqi.csv
2024-09-17 00:59:05,611 - __main__ - INFO - The forecast data has been written to static/data/forecast_sector_51_daily_aqi.csv
