2024-06-17 01:57:17,516 - __main__ - INFO - Calling writeData & retrain_model functions.
2024-06-17 01:57:17,524 - __main__ - INFO - df_api columns Index(['AQI'], dtype='object')
2024-06-17 01:57:17,524 - __main__ - INFO - today=> 2024-06-17 & yesterday=> 2024-06-16
2024-06-17 01:57:17,526 - __main__ - INFO - temp_daily_aqi columns Index(['Unnamed: 0', 'Date', 'AQI'], dtype='object')
2024-06-17 01:57:17,528 - __main__ - INFO - temp_daily_aqi[2024-06-16]=> Empty DataFrame
Columns: [Unnamed: 0, AQI]
Index: []
2024-06-17 01:57:17,529 - __main__ - INFO - Index => 1564, yesterday => 2024-06-16 & AQI => 167.0
2024-06-17 01:57:17,529 - __main__ - INFO - Daily AQI data has been written to data/cleaned_data/Forecasting_time_series/sector_51_daily_aqi.csv
2024-06-17 01:57:17,530 - __main__ - INFO - Index => 1564, yesterday => 2024-06-16 & AQI => 167.0
2024-06-17 01:57:17,530 - __main__ - INFO - Daily AQI data has been written to static/data/sector_51_daily_aqi.csv
2024-06-17 01:57:17,534 - __main__ - INFO - Re-training the model & train_end is 2024-06-11 00:00:00
2024-06-17 01:57:18,654 - __main__ - INFO - Retrained the model & MAPE is 26.34%
2024-06-17 01:57:18,655 - __main__ - INFO - Retrained the model & MAE is 55.546373899755
2024-06-17 01:57:19,944 - __main__ - INFO - Forecast=> 2024-06-17    171.142717
2024-06-18    174.101148
2024-06-19    182.224174
2024-06-20    179.478526
2024-06-21    188.272264
Freq: D, Name: predicted_mean, dtype: float64
2024-06-17 01:57:19,944 - __main__ - INFO - The forecast data has been written to data/cleaned_data/Forecasting_time_series/forecast_sector_51_daily_aqi.csv
2024-06-17 01:57:19,945 - __main__ - INFO - The forecast data has been written to static/data/forecast_sector_51_daily_aqi.csv
2024-06-17 11:07:04,114 - __main__ - INFO - station=> Sector-51, Gurugram, result => ['143', 'Sector-51, Gurugram, India', Timestamp('2024-06-17 16:00:00')]
2024-06-17 11:07:04,114 - __main__ - INFO - The hourly data has been written to data/cron_job_data/sector_51_cron_output.csv with Timestamp: 2024-06-17 16:00:00
2024-06-17 11:07:05,463 - __main__ - INFO - station=> Sector-51, Gurugram, result => ['143', 'Sector-51, Gurugram, India', Timestamp('2024-06-17 16:00:00')]
2024-06-17 11:07:05,463 - __main__ - INFO - The hourly data has been written to static/data/sector_51_cron_output.csv with Timestamp: 2024-06-17 16:00:00
2024-06-17 13:11:04,780 - __main__ - INFO - station=> Sector-51, Gurugram, result => ['144', 'Sector-51, Gurugram, India', Timestamp('2024-06-17 18:00:00')]
2024-06-17 13:11:04,781 - __main__ - INFO - The hourly data has been written to data/cron_job_data/sector_51_cron_output.csv with Timestamp: 2024-06-17 18:00:00
2024-06-17 13:11:05,462 - __main__ - INFO - station=> Sector-51, Gurugram, result => ['144', 'Sector-51, Gurugram, India', Timestamp('2024-06-17 18:00:00')]
2024-06-17 13:11:05,462 - __main__ - INFO - The hourly data has been written to static/data/sector_51_cron_output.csv with Timestamp: 2024-06-17 18:00:00
2024-06-17 14:08:04,103 - __main__ - INFO - station=> Sector-51, Gurugram, result => ['141', 'Sector-51, Gurugram, India', Timestamp('2024-06-17 19:00:00')]
2024-06-17 14:08:04,103 - __main__ - INFO - The hourly data has been written to data/cron_job_data/sector_51_cron_output.csv with Timestamp: 2024-06-17 19:00:00
2024-06-17 14:08:04,590 - __main__ - INFO - station=> Sector-51, Gurugram, result => ['141', 'Sector-51, Gurugram, India', Timestamp('2024-06-17 19:00:00')]
2024-06-17 14:08:04,590 - __main__ - INFO - The hourly data has been written to static/data/sector_51_cron_output.csv with Timestamp: 2024-06-17 19:00:00
