2024-07-17 01:58:13,922 - __main__ - INFO - Calling writeData & retrain_model functions.
2024-07-17 01:58:13,931 - __main__ - INFO - df_api columns Index(['AQI'], dtype='object')
2024-07-17 01:58:13,931 - __main__ - INFO - today=> 2024-07-17 & yesterday=> 2024-07-16
2024-07-17 01:58:13,933 - __main__ - INFO - temp_daily_aqi columns Index(['Unnamed: 0', 'Date', 'AQI'], dtype='object')
2024-07-17 01:58:13,936 - __main__ - INFO - temp_daily_aqi[2024-07-16]=> Empty DataFrame
Columns: [Unnamed: 0, AQI]
Index: []
2024-07-17 01:58:13,936 - __main__ - INFO - Index => 1594, yesterday => 2024-07-16 & AQI => 175.0
2024-07-17 01:58:13,937 - __main__ - INFO - Daily AQI data has been written to data/cleaned_data/Forecasting_time_series/sector_51_daily_aqi.csv
2024-07-17 01:58:13,937 - __main__ - INFO - Index => 1594, yesterday => 2024-07-16 & AQI => 175.0
2024-07-17 01:58:13,938 - __main__ - INFO - Daily AQI data has been written to static/data/sector_51_daily_aqi.csv
2024-07-17 01:58:13,942 - __main__ - INFO - Re-training the model & train_end is 2024-07-11 00:00:00
2024-07-17 01:58:15,274 - __main__ - INFO - Retrained the model & MAPE is 112.92%
2024-07-17 01:58:15,274 - __main__ - INFO - Retrained the model & MAE is 170.51536320213157
2024-07-17 01:58:16,584 - __main__ - INFO - Forecast=> 2024-07-17    224.633054
2024-07-18    225.297051
2024-07-19    223.802122
2024-07-20    234.142405
2024-07-21    212.127141
Freq: D, Name: predicted_mean, dtype: float64
2024-07-17 01:58:16,584 - __main__ - INFO - The forecast data has been written to data/cleaned_data/Forecasting_time_series/forecast_sector_51_daily_aqi.csv
2024-07-17 01:58:16,585 - __main__ - INFO - The forecast data has been written to static/data/forecast_sector_51_daily_aqi.csv
2024-07-17 08:10:23,363 - __main__ - INFO - station=> Sector-51, Gurugram, result => ['164', 'Sector-51, Gurugram, India', Timestamp('2024-07-17 13:00:00')]
2024-07-17 08:10:23,363 - __main__ - INFO - The hourly data has been written to data/cron_job_data/sector_51_cron_output.csv with Timestamp: 2024-07-17 13:00:00
2024-07-17 08:10:24,048 - __main__ - INFO - station=> Sector-51, Gurugram, result => ['164', 'Sector-51, Gurugram, India', Timestamp('2024-07-17 13:00:00')]
2024-07-17 08:10:24,048 - __main__ - INFO - The hourly data has been written to static/data/sector_51_cron_output.csv with Timestamp: 2024-07-17 13:00:00
2024-07-17 11:06:57,778 - __main__ - INFO - station=> Sector-51, Gurugram, result => ['166', 'Sector-51, Gurugram, India', Timestamp('2024-07-17 16:00:00')]
2024-07-17 11:06:57,778 - __main__ - INFO - The hourly data has been written to data/cron_job_data/sector_51_cron_output.csv with Timestamp: 2024-07-17 16:00:00
2024-07-17 11:06:58,485 - __main__ - INFO - station=> Sector-51, Gurugram, result => ['166', 'Sector-51, Gurugram, India', Timestamp('2024-07-17 16:00:00')]
2024-07-17 11:06:58,485 - __main__ - INFO - The hourly data has been written to static/data/sector_51_cron_output.csv with Timestamp: 2024-07-17 16:00:00
