2024-10-17 01:14:03,077 - __main__ - INFO - station=> Sector-51, Gurugram, result => ['181', 'Sector-51, Gurugram, India', Timestamp('2024-10-17 06:00:00')]
2024-10-17 01:14:03,077 - __main__ - INFO - The hourly data has been written to data/cron_job_data/sector_51_cron_output.csv with Timestamp: 2024-10-17 06:00:00
2024-10-17 01:14:03,709 - __main__ - INFO - station=> Sector-51, Gurugram, result => ['181', 'Sector-51, Gurugram, India', Timestamp('2024-10-17 06:00:00')]
2024-10-17 01:14:03,709 - __main__ - INFO - The hourly data has been written to static/data/sector_51_cron_output.csv with Timestamp: 2024-10-17 06:00:00
2024-10-17 01:14:03,772 - __main__ - INFO - df_api columns Index(['AQI'], dtype='object')
2024-10-17 01:14:03,772 - __main__ - INFO - today=> 2024-10-17 & yesterday=> 2024-10-16
2024-10-17 01:14:03,774 - __main__ - INFO - temp_daily_aqi columns Index(['Unnamed: 0', 'Date', 'AQI'], dtype='object')
2024-10-17 01:14:03,777 - __main__ - INFO - temp_daily_aqi[2024-10-16]=> Empty DataFrame
Columns: [Unnamed: 0, AQI]
Index: []
2024-10-17 01:14:03,777 - __main__ - INFO - Index => 1686, yesterday => 2024-10-16 & AQI => 174.0
2024-10-17 01:14:03,778 - __main__ - INFO - Daily AQI data has been written to data/cleaned_data/Forecasting_time_series/sector_51_daily_aqi.csv
2024-10-17 01:14:03,778 - __main__ - INFO - Index => 1686, yesterday => 2024-10-16 & AQI => 174.0
2024-10-17 01:14:03,778 - __main__ - INFO - Daily AQI data has been written to static/data/sector_51_daily_aqi.csv
2024-10-17 01:14:03,783 - __main__ - INFO - Re-training the model & train_end is 2024-10-11 00:00:00
2024-10-17 01:14:05,168 - __main__ - INFO - Retrained the model & MAPE is 24.8%
2024-10-17 01:14:05,168 - __main__ - INFO - Retrained the model & MAE is 78.72695581216858
2024-10-17 01:14:06,395 - __main__ - INFO - Forecast=> 2024-10-17    195.341824
2024-10-18    193.866415
2024-10-19    206.455957
2024-10-20    190.960509
2024-10-21    198.597919
Freq: D, Name: predicted_mean, dtype: float64
2024-10-17 01:14:06,396 - __main__ - INFO - The forecast data has been written to data/cleaned_data/Forecasting_time_series/forecast_sector_51_daily_aqi.csv
2024-10-17 01:14:06,396 - __main__ - INFO - The forecast data has been written to static/data/forecast_sector_51_daily_aqi.csv
2024-10-17 04:19:39,053 - __main__ - INFO - station=> Sector-51, Gurugram, result => ['187', 'Sector-51, Gurugram, India', Timestamp('2024-10-17 09:00:00')]
2024-10-17 04:19:39,053 - __main__ - INFO - The hourly data has been written to data/cron_job_data/sector_51_cron_output.csv with Timestamp: 2024-10-17 09:00:00
2024-10-17 04:19:39,738 - __main__ - INFO - station=> Sector-51, Gurugram, result => ['187', 'Sector-51, Gurugram, India', Timestamp('2024-10-17 09:00:00')]
2024-10-17 04:19:39,738 - __main__ - INFO - The hourly data has been written to static/data/sector_51_cron_output.csv with Timestamp: 2024-10-17 09:00:00
2024-10-17 08:21:07,483 - __main__ - INFO - station=> Sector-51, Gurugram, result => ['188', 'Sector-51, Gurugram, India', Timestamp('2024-10-17 13:00:00')]
2024-10-17 08:21:07,483 - __main__ - INFO - The hourly data has been written to data/cron_job_data/sector_51_cron_output.csv with Timestamp: 2024-10-17 13:00:00
2024-10-17 08:21:07,953 - __main__ - INFO - station=> Sector-51, Gurugram, result => ['188', 'Sector-51, Gurugram, India', Timestamp('2024-10-17 13:00:00')]
2024-10-17 08:21:07,953 - __main__ - INFO - The hourly data has been written to static/data/sector_51_cron_output.csv with Timestamp: 2024-10-17 13:00:00
2024-10-17 12:32:04,618 - __main__ - INFO - station=> Sector-51, Gurugram, result => ['160', 'Sector-51, Gurugram, India', Timestamp('2024-10-17 17:00:00')]
2024-10-17 12:32:04,618 - __main__ - INFO - The hourly data has been written to data/cron_job_data/sector_51_cron_output.csv with Timestamp: 2024-10-17 17:00:00
2024-10-17 12:32:05,089 - __main__ - INFO - station=> Sector-51, Gurugram, result => ['160', 'Sector-51, Gurugram, India', Timestamp('2024-10-17 17:00:00')]
2024-10-17 12:32:05,089 - __main__ - INFO - The hourly data has been written to static/data/sector_51_cron_output.csv with Timestamp: 2024-10-17 17:00:00
