2024-07-18 00:34:45,339 - __main__ - INFO - station=> Sector-51, Gurugram, result => ['168', 'Sector-51, Gurugram, India', Timestamp('2024-07-18 06:00:00')]
2024-07-18 00:34:45,339 - __main__ - INFO - The hourly data has been written to data/cron_job_data/sector_51_cron_output.csv with Timestamp: 2024-07-18 06:00:00
2024-07-18 00:34:46,010 - __main__ - INFO - station=> Sector-51, Gurugram, result => ['168', 'Sector-51, Gurugram, India', Timestamp('2024-07-18 06:00:00')]
2024-07-18 00:34:46,010 - __main__ - INFO - The hourly data has been written to static/data/sector_51_cron_output.csv with Timestamp: 2024-07-18 06:00:00
2024-07-18 01:56:50,436 - __main__ - INFO - station=> Sector-51, Gurugram, result => ['171', 'Sector-51, Gurugram, India', Timestamp('2024-07-18 07:00:00')]
2024-07-18 01:56:50,436 - __main__ - INFO - The hourly data has been written to data/cron_job_data/sector_51_cron_output.csv with Timestamp: 2024-07-18 07:00:00
2024-07-18 01:56:51,077 - __main__ - INFO - station=> Sector-51, Gurugram, result => ['171', 'Sector-51, Gurugram, India', Timestamp('2024-07-18 07:00:00')]
2024-07-18 01:56:51,077 - __main__ - INFO - The hourly data has been written to static/data/sector_51_cron_output.csv with Timestamp: 2024-07-18 07:00:00
2024-07-18 01:56:51,078 - __main__ - INFO - Calling writeData & retrain_model functions.
2024-07-18 01:56:51,087 - __main__ - INFO - df_api columns Index(['AQI'], dtype='object')
2024-07-18 01:56:51,087 - __main__ - INFO - today=> 2024-07-18 & yesterday=> 2024-07-17
2024-07-18 01:56:51,089 - __main__ - INFO - temp_daily_aqi columns Index(['Unnamed: 0', 'Date', 'AQI'], dtype='object')
2024-07-18 01:56:51,091 - __main__ - INFO - temp_daily_aqi[2024-07-17]=> Empty DataFrame
Columns: [Unnamed: 0, AQI]
Index: []
2024-07-18 01:56:51,092 - __main__ - INFO - Index => 1595, yesterday => 2024-07-17 & AQI => 158.0
2024-07-18 01:56:51,092 - __main__ - INFO - Daily AQI data has been written to data/cleaned_data/Forecasting_time_series/sector_51_daily_aqi.csv
2024-07-18 01:56:51,093 - __main__ - INFO - Index => 1595, yesterday => 2024-07-17 & AQI => 158.0
2024-07-18 01:56:51,093 - __main__ - INFO - Daily AQI data has been written to static/data/sector_51_daily_aqi.csv
2024-07-18 01:56:51,097 - __main__ - INFO - Re-training the model & train_end is 2024-07-12 00:00:00
2024-07-18 01:56:52,417 - __main__ - INFO - Retrained the model & MAPE is 53.46%
2024-07-18 01:56:52,417 - __main__ - INFO - Retrained the model & MAE is 93.57943193860673
2024-07-18 01:56:53,738 - __main__ - INFO - Forecast=> 2024-07-18    183.737253
2024-07-19    186.361617
2024-07-20    200.382908
2024-07-21    181.723842
2024-07-22    191.691920
Freq: D, Name: predicted_mean, dtype: float64
2024-07-18 01:56:53,739 - __main__ - INFO - The forecast data has been written to data/cleaned_data/Forecasting_time_series/forecast_sector_51_daily_aqi.csv
2024-07-18 01:56:53,739 - __main__ - INFO - The forecast data has been written to static/data/forecast_sector_51_daily_aqi.csv
