2024-06-18 00:34:33,900 - __main__ - INFO - station=> Sector-51, Gurugram, result => ['160', 'Sector-51, Gurugram, India', Timestamp('2024-06-18 05:00:00')]
2024-06-18 00:34:33,900 - __main__ - INFO - The hourly data has been written to data/cron_job_data/sector_51_cron_output.csv with Timestamp: 2024-06-18 05:00:00
2024-06-18 00:34:34,599 - __main__ - INFO - station=> Sector-51, Gurugram, result => ['160', 'Sector-51, Gurugram, India', Timestamp('2024-06-18 05:00:00')]
2024-06-18 00:34:34,599 - __main__ - INFO - The hourly data has been written to static/data/sector_51_cron_output.csv with Timestamp: 2024-06-18 05:00:00
2024-06-18 01:54:52,366 - __main__ - INFO - station=> Sector-51, Gurugram, result => ['168', 'Sector-51, Gurugram, India', Timestamp('2024-06-18 07:00:00')]
2024-06-18 01:54:52,366 - __main__ - INFO - The hourly data has been written to data/cron_job_data/sector_51_cron_output.csv with Timestamp: 2024-06-18 07:00:00
2024-06-18 01:54:53,035 - __main__ - INFO - station=> Sector-51, Gurugram, result => ['168', 'Sector-51, Gurugram, India', Timestamp('2024-06-18 07:00:00')]
2024-06-18 01:54:53,035 - __main__ - INFO - The hourly data has been written to static/data/sector_51_cron_output.csv with Timestamp: 2024-06-18 07:00:00
2024-06-18 01:54:53,036 - __main__ - INFO - Calling writeData & retrain_model functions.
2024-06-18 01:54:53,044 - __main__ - INFO - df_api columns Index(['AQI'], dtype='object')
2024-06-18 01:54:53,044 - __main__ - INFO - today=> 2024-06-18 & yesterday=> 2024-06-17
2024-06-18 01:54:53,046 - __main__ - INFO - temp_daily_aqi columns Index(['Unnamed: 0', 'Date', 'AQI'], dtype='object')
2024-06-18 01:54:53,048 - __main__ - INFO - temp_daily_aqi[2024-06-17]=> Empty DataFrame
Columns: [Unnamed: 0, AQI]
Index: []
2024-06-18 01:54:53,049 - __main__ - INFO - Index => 1565, yesterday => 2024-06-17 & AQI => 143.0
2024-06-18 01:54:53,049 - __main__ - INFO - Daily AQI data has been written to data/cleaned_data/Forecasting_time_series/sector_51_daily_aqi.csv
2024-06-18 01:54:53,050 - __main__ - INFO - Index => 1565, yesterday => 2024-06-17 & AQI => 143.0
2024-06-18 01:54:53,050 - __main__ - INFO - Daily AQI data has been written to static/data/sector_51_daily_aqi.csv
2024-06-18 01:54:53,054 - __main__ - INFO - Re-training the model & train_end is 2024-06-12 00:00:00
2024-06-18 01:54:54,286 - __main__ - INFO - Retrained the model & MAPE is 51.73%
2024-06-18 01:54:54,287 - __main__ - INFO - Retrained the model & MAE is 81.93594440145974
2024-06-18 01:54:55,475 - __main__ - INFO - Forecast=> 2024-06-18    155.913109
2024-06-19    165.910052
2024-06-20    164.831806
2024-06-21    175.127998
2024-06-22    194.651857
Freq: D, Name: predicted_mean, dtype: float64
2024-06-18 01:54:55,479 - __main__ - INFO - The forecast data has been written to data/cleaned_data/Forecasting_time_series/forecast_sector_51_daily_aqi.csv
2024-06-18 01:54:55,480 - __main__ - INFO - The forecast data has been written to static/data/forecast_sector_51_daily_aqi.csv
2024-06-18 03:09:39,376 - __main__ - INFO - station=> Sector-51, Gurugram, result => ['164', 'Sector-51, Gurugram, India', Timestamp('2024-06-18 08:00:00')]
2024-06-18 03:09:39,376 - __main__ - INFO - The hourly data has been written to data/cron_job_data/sector_51_cron_output.csv with Timestamp: 2024-06-18 08:00:00
2024-06-18 03:09:39,841 - __main__ - INFO - station=> Sector-51, Gurugram, result => ['164', 'Sector-51, Gurugram, India', Timestamp('2024-06-18 08:00:00')]
2024-06-18 03:09:39,841 - __main__ - INFO - The hourly data has been written to static/data/sector_51_cron_output.csv with Timestamp: 2024-06-18 08:00:00
