2024-01-18 00:29:43,085 - __main__ - INFO - station=> nise gwal, result => ['116', 'NISE Gwal Pahari, Gurugram, India', Timestamp('2024-01-18 05:00:00')]
2024-01-18 00:29:43,085 - __main__ - INFO - The hourly data has been written to data/cron_job_data/nise_cron_output.csv with Timestamp: 2024-01-18 05:00:00
2024-01-18 00:29:43,774 - __main__ - INFO - station=> Sector-51, Gurugram, result => ['173', 'Sector-51, Gurugram, India', Timestamp('2024-01-18 05:00:00')]
2024-01-18 00:29:43,775 - __main__ - INFO - The hourly data has been written to data/cron_job_data/sector_51_cron_output.csv with Timestamp: 2024-01-18 05:00:00
2024-01-18 00:29:44,463 - __main__ - INFO - station=> Sector-51, Gurugram, result => ['173', 'Sector-51, Gurugram, India', Timestamp('2024-01-18 05:00:00')]
2024-01-18 00:29:44,464 - __main__ - INFO - The hourly data has been written to static/data/sector_51_cron_output.csv with Timestamp: 2024-01-18 05:00:00
2024-01-18 00:29:45,145 - __main__ - INFO - station=> Teri Gram, result => ['101', 'Teri Gram, Gurugram, India', Timestamp('2024-01-18 05:00:00')]
2024-01-18 00:29:45,145 - __main__ - INFO - The hourly data has been written to data/cron_job_data/teri_gram_cron_output.csv with Timestamp: 2024-01-18 05:00:00
2024-01-18 00:29:45,816 - __main__ - INFO - station=> Vikas Sadan, result => ['109', 'Vikas Sadan Gurgaon, Gurgaon, India', Timestamp('2024-01-18 05:00:00')]
2024-01-18 00:29:45,819 - __main__ - INFO - The hourly data has been written to data/cron_job_data/vikas_sadan_cron_output.csv with Timestamp: 2024-01-18 05:00:00
2024-01-18 01:47:10,558 - __main__ - INFO - station=> nise gwal, result => ['121', 'NISE Gwal Pahari, Gurugram, India', Timestamp('2024-01-18 07:00:00')]
2024-01-18 01:47:10,558 - __main__ - INFO - The hourly data has been written to data/cron_job_data/nise_cron_output.csv with Timestamp: 2024-01-18 07:00:00
2024-01-18 01:47:11,051 - __main__ - INFO - station=> Sector-51, Gurugram, result => ['166', 'Sector-51, Gurugram, India', Timestamp('2024-01-18 07:00:00')]
2024-01-18 01:47:11,052 - __main__ - INFO - The hourly data has been written to data/cron_job_data/sector_51_cron_output.csv with Timestamp: 2024-01-18 07:00:00
2024-01-18 01:47:11,531 - __main__ - INFO - station=> Sector-51, Gurugram, result => ['166', 'Sector-51, Gurugram, India', Timestamp('2024-01-18 07:00:00')]
2024-01-18 01:47:11,531 - __main__ - INFO - The hourly data has been written to static/data/sector_51_cron_output.csv with Timestamp: 2024-01-18 07:00:00
2024-01-18 01:47:12,012 - __main__ - INFO - station=> Teri Gram, result => ['136', 'Teri Gram, Gurugram, India', Timestamp('2024-01-18 07:00:00')]
2024-01-18 01:47:12,012 - __main__ - INFO - The hourly data has been written to data/cron_job_data/teri_gram_cron_output.csv with Timestamp: 2024-01-18 07:00:00
2024-01-18 01:47:12,492 - __main__ - INFO - station=> Vikas Sadan, result => ['79', 'Vikas Sadan Gurgaon, Gurgaon, India', Timestamp('2024-01-18 07:00:00')]
2024-01-18 01:47:12,492 - __main__ - INFO - The hourly data has been written to data/cron_job_data/vikas_sadan_cron_output.csv with Timestamp: 2024-01-18 07:00:00
2024-01-18 01:47:12,493 - __main__ - INFO - Calling writeData & retrain_model functions.
2024-01-18 01:47:12,499 - __main__ - INFO - df_api columns Index(['AQI'], dtype='object')
2024-01-18 01:47:12,499 - __main__ - INFO - today=> 2024-01-18 & yesterday=> 2024-01-17
2024-01-18 01:47:12,501 - __main__ - INFO - temp_daily_aqi columns Index(['Unnamed: 0', 'Date', 'AQI'], dtype='object')
2024-01-18 01:47:12,503 - __main__ - INFO - temp_daily_aqi[2024-01-17]=> Empty DataFrame
Columns: [Unnamed: 0, AQI]
Index: []
2024-01-18 01:47:12,504 - __main__ - INFO - Index => 1413, yesterday => 2024-01-17 & AQI => 206.0
2024-01-18 01:47:12,504 - __main__ - INFO - Daily AQI data has been written to data/cleaned_data/Forecasting_time_series/sector_51_daily_aqi.csv
2024-01-18 01:47:12,504 - __main__ - INFO - Index => 1413, yesterday => 2024-01-17 & AQI => 206.0
2024-01-18 01:47:12,505 - __main__ - INFO - Daily AQI data has been written to static/data/sector_51_daily_aqi.csv
2024-01-18 01:47:12,509 - __main__ - INFO - Re-training the model & train_end is 2024-01-12 00:00:00
2024-01-18 01:47:13,810 - __main__ - INFO - Retrained the model & MAPE is 20.43%
2024-01-18 01:47:15,086 - __main__ - INFO - Forecast=> 2024-01-18    215.424116
2024-01-19    221.425364
2024-01-20    219.965288
2024-01-21    207.100681
2024-01-22    210.637295
Freq: D, Name: predicted_mean, dtype: float64
2024-01-18 01:47:15,087 - __main__ - INFO - The forecast data has been written to data/cleaned_data/Forecasting_time_series/forecast_sector_51_daily_aqi.csv
2024-01-18 01:47:15,087 - __main__ - INFO - The forecast data has been written to static/data/forecast_sector_51_daily_aqi.csv
2024-01-18 03:07:25,323 - __main__ - INFO - station=> nise gwal, result => ['120', 'NISE Gwal Pahari, Gurugram, India', Timestamp('2024-01-18 08:00:00')]
2024-01-18 03:07:25,323 - __main__ - INFO - The hourly data has been written to data/cron_job_data/nise_cron_output.csv with Timestamp: 2024-01-18 08:00:00
2024-01-18 03:07:25,897 - __main__ - INFO - station=> Sector-51, Gurugram, result => ['161', 'Sector-51, Gurugram, India', Timestamp('2024-01-18 08:00:00')]
2024-01-18 03:07:25,897 - __main__ - INFO - The hourly data has been written to data/cron_job_data/sector_51_cron_output.csv with Timestamp: 2024-01-18 08:00:00
2024-01-18 03:07:26,448 - __main__ - INFO - station=> Sector-51, Gurugram, result => ['161', 'Sector-51, Gurugram, India', Timestamp('2024-01-18 08:00:00')]
2024-01-18 03:07:26,448 - __main__ - INFO - The hourly data has been written to static/data/sector_51_cron_output.csv with Timestamp: 2024-01-18 08:00:00
2024-01-18 03:07:27,182 - __main__ - INFO - station=> Teri Gram, result => ['156', 'Teri Gram, Gurugram, India', Timestamp('2024-01-18 08:00:00')]
2024-01-18 03:07:27,182 - __main__ - INFO - The hourly data has been written to data/cron_job_data/teri_gram_cron_output.csv with Timestamp: 2024-01-18 08:00:00
2024-01-18 03:07:27,749 - __main__ - INFO - station=> Vikas Sadan, result => ['58', 'Vikas Sadan Gurgaon, Gurgaon, India', Timestamp('2024-01-18 08:00:00')]
2024-01-18 03:07:27,749 - __main__ - INFO - The hourly data has been written to data/cron_job_data/vikas_sadan_cron_output.csv with Timestamp: 2024-01-18 08:00:00
2024-01-18 10:07:41,669 - __main__ - INFO - station=> nise gwal, result => ['175', 'NISE Gwal Pahari, Gurugram, India', Timestamp('2024-01-18 15:00:00')]
2024-01-18 10:07:41,669 - __main__ - INFO - The hourly data has been written to data/cron_job_data/nise_cron_output.csv with Timestamp: 2024-01-18 15:00:00
2024-01-18 10:07:42,150 - __main__ - INFO - station=> Sector-51, Gurugram, result => ['175', 'Sector-51, Gurugram, India', Timestamp('2024-01-18 15:00:00')]
2024-01-18 10:07:42,150 - __main__ - INFO - The hourly data has been written to data/cron_job_data/sector_51_cron_output.csv with Timestamp: 2024-01-18 15:00:00
2024-01-18 10:07:42,636 - __main__ - INFO - station=> Sector-51, Gurugram, result => ['175', 'Sector-51, Gurugram, India', Timestamp('2024-01-18 15:00:00')]
2024-01-18 10:07:42,637 - __main__ - INFO - The hourly data has been written to static/data/sector_51_cron_output.csv with Timestamp: 2024-01-18 15:00:00
2024-01-18 10:07:43,137 - __main__ - INFO - station=> Teri Gram, result => ['170', 'Teri Gram, Gurugram, India', Timestamp('2024-01-18 15:00:00')]
2024-01-18 10:07:43,138 - __main__ - INFO - The hourly data has been written to data/cron_job_data/teri_gram_cron_output.csv with Timestamp: 2024-01-18 15:00:00
2024-01-18 10:07:43,619 - __main__ - INFO - station=> Vikas Sadan, result => ['152', 'Vikas Sadan Gurgaon, Gurgaon, India', Timestamp('2024-01-18 15:00:00')]
2024-01-18 10:07:43,619 - __main__ - INFO - The hourly data has been written to data/cron_job_data/vikas_sadan_cron_output.csv with Timestamp: 2024-01-18 15:00:00
2024-01-18 11:03:10,184 - __main__ - INFO - station=> nise gwal, result => ['179', 'NISE Gwal Pahari, Gurugram, India', Timestamp('2024-01-18 16:00:00')]
2024-01-18 11:03:10,185 - __main__ - INFO - The hourly data has been written to data/cron_job_data/nise_cron_output.csv with Timestamp: 2024-01-18 16:00:00
2024-01-18 11:03:10,659 - __main__ - INFO - station=> Sector-51, Gurugram, result => ['175', 'Sector-51, Gurugram, India', Timestamp('2024-01-18 16:00:00')]
2024-01-18 11:03:10,659 - __main__ - INFO - The hourly data has been written to data/cron_job_data/sector_51_cron_output.csv with Timestamp: 2024-01-18 16:00:00
2024-01-18 11:03:11,151 - __main__ - INFO - station=> Sector-51, Gurugram, result => ['175', 'Sector-51, Gurugram, India', Timestamp('2024-01-18 16:00:00')]
2024-01-18 11:03:11,151 - __main__ - INFO - The hourly data has been written to static/data/sector_51_cron_output.csv with Timestamp: 2024-01-18 16:00:00
2024-01-18 11:03:11,639 - __main__ - INFO - station=> Teri Gram, result => ['174', 'Teri Gram, Gurugram, India', Timestamp('2024-01-18 16:00:00')]
2024-01-18 11:03:11,640 - __main__ - INFO - The hourly data has been written to data/cron_job_data/teri_gram_cron_output.csv with Timestamp: 2024-01-18 16:00:00
2024-01-18 11:03:12,146 - __main__ - INFO - station=> Vikas Sadan, result => ['106', 'Vikas Sadan Gurgaon, Gurgaon, India', Timestamp('2024-01-18 16:00:00')]
2024-01-18 11:03:12,146 - __main__ - INFO - The hourly data has been written to data/cron_job_data/vikas_sadan_cron_output.csv with Timestamp: 2024-01-18 16:00:00
2024-01-18 12:11:27,802 - __main__ - INFO - station=> nise gwal, result => ['179', 'NISE Gwal Pahari, Gurugram, India', Timestamp('2024-01-18 17:00:00')]
2024-01-18 12:11:27,802 - __main__ - INFO - The hourly data has been written to data/cron_job_data/nise_cron_output.csv with Timestamp: 2024-01-18 17:00:00
2024-01-18 12:11:28,457 - __main__ - INFO - station=> Sector-51, Gurugram, result => ['176', 'Sector-51, Gurugram, India', Timestamp('2024-01-18 17:00:00')]
2024-01-18 12:11:28,457 - __main__ - INFO - The hourly data has been written to data/cron_job_data/sector_51_cron_output.csv with Timestamp: 2024-01-18 17:00:00
2024-01-18 12:11:29,104 - __main__ - INFO - station=> Sector-51, Gurugram, result => ['176', 'Sector-51, Gurugram, India', Timestamp('2024-01-18 17:00:00')]
2024-01-18 12:11:29,104 - __main__ - INFO - The hourly data has been written to static/data/sector_51_cron_output.csv with Timestamp: 2024-01-18 17:00:00
2024-01-18 12:11:29,753 - __main__ - INFO - station=> Teri Gram, result => ['181', 'Teri Gram, Gurugram, India', Timestamp('2024-01-18 17:00:00')]
2024-01-18 12:11:29,753 - __main__ - INFO - The hourly data has been written to data/cron_job_data/teri_gram_cron_output.csv with Timestamp: 2024-01-18 17:00:00
2024-01-18 12:11:30,398 - __main__ - INFO - station=> Vikas Sadan, result => ['112', 'Vikas Sadan Gurgaon, Gurgaon, India', Timestamp('2024-01-18 17:00:00')]
2024-01-18 12:11:30,398 - __main__ - INFO - The hourly data has been written to data/cron_job_data/vikas_sadan_cron_output.csv with Timestamp: 2024-01-18 17:00:00
2024-01-18 13:09:41,604 - __main__ - INFO - station=> nise gwal, result => ['171', 'NISE Gwal Pahari, Gurugram, India', Timestamp('2024-01-18 18:00:00')]
2024-01-18 13:09:41,604 - __main__ - INFO - The hourly data has been written to data/cron_job_data/nise_cron_output.csv with Timestamp: 2024-01-18 18:00:00
2024-01-18 13:09:42,290 - __main__ - INFO - station=> Sector-51, Gurugram, result => ['177', 'Sector-51, Gurugram, India', Timestamp('2024-01-18 18:00:00')]
2024-01-18 13:09:42,290 - __main__ - INFO - The hourly data has been written to data/cron_job_data/sector_51_cron_output.csv with Timestamp: 2024-01-18 18:00:00
2024-01-18 13:09:42,982 - __main__ - INFO - station=> Sector-51, Gurugram, result => ['177', 'Sector-51, Gurugram, India', Timestamp('2024-01-18 18:00:00')]
2024-01-18 13:09:42,982 - __main__ - INFO - The hourly data has been written to static/data/sector_51_cron_output.csv with Timestamp: 2024-01-18 18:00:00
2024-01-18 13:09:43,676 - __main__ - INFO - station=> Teri Gram, result => ['185', 'Teri Gram, Gurugram, India', Timestamp('2024-01-18 18:00:00')]
2024-01-18 13:09:43,676 - __main__ - INFO - The hourly data has been written to data/cron_job_data/teri_gram_cron_output.csv with Timestamp: 2024-01-18 18:00:00
2024-01-18 13:09:44,365 - __main__ - INFO - station=> Vikas Sadan, result => ['128', 'Vikas Sadan Gurgaon, Gurgaon, India', Timestamp('2024-01-18 18:00:00')]
2024-01-18 13:09:44,365 - __main__ - INFO - The hourly data has been written to data/cron_job_data/vikas_sadan_cron_output.csv with Timestamp: 2024-01-18 18:00:00
2024-01-18 14:03:46,790 - __main__ - INFO - station=> nise gwal, result => ['163', 'NISE Gwal Pahari, Gurugram, India', Timestamp('2024-01-18 19:00:00')]
2024-01-18 14:03:46,790 - __main__ - INFO - The hourly data has been written to data/cron_job_data/nise_cron_output.csv with Timestamp: 2024-01-18 19:00:00
2024-01-18 14:03:47,493 - __main__ - INFO - station=> Sector-51, Gurugram, result => ['184', 'Sector-51, Gurugram, India', Timestamp('2024-01-18 19:00:00')]
2024-01-18 14:03:47,493 - __main__ - INFO - The hourly data has been written to data/cron_job_data/sector_51_cron_output.csv with Timestamp: 2024-01-18 19:00:00
2024-01-18 14:03:48,181 - __main__ - INFO - station=> Sector-51, Gurugram, result => ['184', 'Sector-51, Gurugram, India', Timestamp('2024-01-18 19:00:00')]
2024-01-18 14:03:48,181 - __main__ - INFO - The hourly data has been written to static/data/sector_51_cron_output.csv with Timestamp: 2024-01-18 19:00:00
2024-01-18 14:03:48,870 - __main__ - INFO - station=> Teri Gram, result => ['189', 'Teri Gram, Gurugram, India', Timestamp('2024-01-18 19:00:00')]
2024-01-18 14:03:48,871 - __main__ - INFO - The hourly data has been written to data/cron_job_data/teri_gram_cron_output.csv with Timestamp: 2024-01-18 19:00:00
2024-01-18 14:03:49,567 - __main__ - INFO - station=> Vikas Sadan, result => ['141', 'Vikas Sadan Gurgaon, Gurgaon, India', Timestamp('2024-01-18 19:00:00')]
2024-01-18 14:03:49,567 - __main__ - INFO - The hourly data has been written to data/cron_job_data/vikas_sadan_cron_output.csv with Timestamp: 2024-01-18 19:00:00
2024-01-18 22:03:34,063 - __main__ - INFO - station=> nise gwal, result => ['159', 'NISE Gwal Pahari, Gurugram, India', Timestamp('2024-01-19 03:00:00')]
2024-01-18 22:03:34,063 - __main__ - INFO - The hourly data has been written to data/cron_job_data/nise_cron_output.csv with Timestamp: 2024-01-19 03:00:00
2024-01-18 22:03:34,734 - __main__ - INFO - station=> Sector-51, Gurugram, result => ['180', 'Sector-51, Gurugram, India', Timestamp('2024-01-19 03:00:00')]
2024-01-18 22:03:34,734 - __main__ - INFO - The hourly data has been written to data/cron_job_data/sector_51_cron_output.csv with Timestamp: 2024-01-19 03:00:00
2024-01-18 22:03:35,405 - __main__ - INFO - station=> Sector-51, Gurugram, result => ['180', 'Sector-51, Gurugram, India', Timestamp('2024-01-19 03:00:00')]
2024-01-18 22:03:35,405 - __main__ - INFO - The hourly data has been written to static/data/sector_51_cron_output.csv with Timestamp: 2024-01-19 03:00:00
2024-01-18 22:03:36,101 - __main__ - INFO - station=> Teri Gram, result => ['168', 'Teri Gram, Gurugram, India', Timestamp('2024-01-19 03:00:00')]
2024-01-18 22:03:36,101 - __main__ - INFO - The hourly data has been written to data/cron_job_data/teri_gram_cron_output.csv with Timestamp: 2024-01-19 03:00:00
2024-01-18 22:03:36,785 - __main__ - INFO - station=> Vikas Sadan, result => ['128', 'Vikas Sadan Gurgaon, Gurgaon, India', Timestamp('2024-01-19 03:00:00')]
2024-01-18 22:03:36,785 - __main__ - INFO - The hourly data has been written to data/cron_job_data/vikas_sadan_cron_output.csv with Timestamp: 2024-01-19 03:00:00
2024-01-18 23:04:16,464 - __main__ - INFO - station=> nise gwal, result => ['161', 'NISE Gwal Pahari, Gurugram, India', Timestamp('2024-01-19 04:00:00')]
2024-01-18 23:04:16,464 - __main__ - INFO - The hourly data has been written to data/cron_job_data/nise_cron_output.csv with Timestamp: 2024-01-19 04:00:00
2024-01-18 23:04:17,151 - __main__ - INFO - station=> Sector-51, Gurugram, result => ['180', 'Sector-51, Gurugram, India', Timestamp('2024-01-19 04:00:00')]
2024-01-18 23:04:17,152 - __main__ - INFO - The hourly data has been written to data/cron_job_data/sector_51_cron_output.csv with Timestamp: 2024-01-19 04:00:00
2024-01-18 23:04:17,824 - __main__ - INFO - station=> Sector-51, Gurugram, result => ['180', 'Sector-51, Gurugram, India', Timestamp('2024-01-19 04:00:00')]
2024-01-18 23:04:17,824 - __main__ - INFO - The hourly data has been written to static/data/sector_51_cron_output.csv with Timestamp: 2024-01-19 04:00:00
2024-01-18 23:04:18,513 - __main__ - INFO - station=> Teri Gram, result => ['168', 'Teri Gram, Gurugram, India', Timestamp('2024-01-19 04:00:00')]
2024-01-18 23:04:18,513 - __main__ - INFO - The hourly data has been written to data/cron_job_data/teri_gram_cron_output.csv with Timestamp: 2024-01-19 04:00:00
2024-01-18 23:04:19,184 - __main__ - INFO - station=> Vikas Sadan, result => ['119', 'Vikas Sadan Gurgaon, Gurgaon, India', Timestamp('2024-01-19 04:00:00')]
2024-01-18 23:04:19,184 - __main__ - INFO - The hourly data has been written to data/cron_job_data/vikas_sadan_cron_output.csv with Timestamp: 2024-01-19 04:00:00
