2024-05-18 00:32:45,413 - __main__ - INFO - station=> Sector-51, Gurugram, result => ['291', 'Sector-51, Gurugram, India', Timestamp('2024-05-18 05:00:00')]
2024-05-18 00:32:45,413 - __main__ - INFO - The hourly data has been written to data/cron_job_data/sector_51_cron_output.csv with Timestamp: 2024-05-18 05:00:00
2024-05-18 00:32:46,099 - __main__ - INFO - station=> Sector-51, Gurugram, result => ['291', 'Sector-51, Gurugram, India', Timestamp('2024-05-18 05:00:00')]
2024-05-18 00:32:46,099 - __main__ - INFO - The hourly data has been written to static/data/sector_51_cron_output.csv with Timestamp: 2024-05-18 05:00:00
2024-05-18 01:44:28,339 - __main__ - INFO - station=> Sector-51, Gurugram, result => ['295', 'Sector-51, Gurugram, India', Timestamp('2024-05-18 07:00:00')]
2024-05-18 01:44:28,339 - __main__ - INFO - The hourly data has been written to data/cron_job_data/sector_51_cron_output.csv with Timestamp: 2024-05-18 07:00:00
2024-05-18 01:44:29,016 - __main__ - INFO - station=> Sector-51, Gurugram, result => ['295', 'Sector-51, Gurugram, India', Timestamp('2024-05-18 07:00:00')]
2024-05-18 01:44:29,016 - __main__ - INFO - The hourly data has been written to static/data/sector_51_cron_output.csv with Timestamp: 2024-05-18 07:00:00
2024-05-18 01:44:29,017 - __main__ - INFO - Calling writeData & retrain_model functions.
2024-05-18 01:44:29,024 - __main__ - INFO - df_api columns Index(['AQI'], dtype='object')
2024-05-18 01:44:29,025 - __main__ - INFO - today=> 2024-05-18 & yesterday=> 2024-05-17
2024-05-18 01:44:29,026 - __main__ - INFO - temp_daily_aqi columns Index(['Unnamed: 0', 'Date', 'AQI'], dtype='object')
2024-05-18 01:44:29,029 - __main__ - INFO - temp_daily_aqi[2024-05-17]=> Empty DataFrame
Columns: [Unnamed: 0, AQI]
Index: []
2024-05-18 01:44:29,029 - __main__ - INFO - Index => 1534, yesterday => 2024-05-17 & AQI => 139.0
2024-05-18 01:44:29,029 - __main__ - INFO - Daily AQI data has been written to data/cleaned_data/Forecasting_time_series/sector_51_daily_aqi.csv
2024-05-18 01:44:29,030 - __main__ - INFO - Index => 1534, yesterday => 2024-05-17 & AQI => 139.0
2024-05-18 01:44:29,030 - __main__ - INFO - Daily AQI data has been written to static/data/sector_51_daily_aqi.csv
2024-05-18 01:44:29,034 - __main__ - INFO - Re-training the model & train_end is 2024-05-12 00:00:00
2024-05-18 01:44:30,356 - __main__ - INFO - Retrained the model & MAPE is 27.39%
2024-05-18 01:44:30,356 - __main__ - INFO - Retrained the model & MAE is 86.1306913475481
2024-05-18 01:44:31,489 - __main__ - INFO - Forecast=> 2024-05-18    184.465733
2024-05-19    162.430926
2024-05-20    171.970559
2024-05-21    172.980725
2024-05-22    181.142927
Freq: D, Name: predicted_mean, dtype: float64
2024-05-18 01:44:31,489 - __main__ - INFO - The forecast data has been written to data/cleaned_data/Forecasting_time_series/forecast_sector_51_daily_aqi.csv
2024-05-18 01:44:31,490 - __main__ - INFO - The forecast data has been written to static/data/forecast_sector_51_daily_aqi.csv
2024-05-18 09:07:21,533 - __main__ - INFO - station=> Sector-51, Gurugram, result => ['177', 'Sector-51, Gurugram, India', Timestamp('2024-05-18 14:00:00')]
2024-05-18 09:07:21,533 - __main__ - INFO - The hourly data has been written to data/cron_job_data/sector_51_cron_output.csv with Timestamp: 2024-05-18 14:00:00
2024-05-18 09:07:22,264 - __main__ - INFO - station=> Sector-51, Gurugram, result => ['177', 'Sector-51, Gurugram, India', Timestamp('2024-05-18 14:00:00')]
2024-05-18 09:07:22,264 - __main__ - INFO - The hourly data has been written to static/data/sector_51_cron_output.csv with Timestamp: 2024-05-18 14:00:00
2024-05-18 12:12:13,592 - __main__ - INFO - station=> Sector-51, Gurugram, result => ['174', 'Sector-51, Gurugram, India', Timestamp('2024-05-18 15:00:00')]
2024-05-18 12:12:13,592 - __main__ - INFO - The hourly data has been written to data/cron_job_data/sector_51_cron_output.csv with Timestamp: 2024-05-18 15:00:00
2024-05-18 12:12:14,213 - __main__ - INFO - station=> Sector-51, Gurugram, result => ['174', 'Sector-51, Gurugram, India', Timestamp('2024-05-18 15:00:00')]
2024-05-18 12:12:14,213 - __main__ - INFO - The hourly data has been written to static/data/sector_51_cron_output.csv with Timestamp: 2024-05-18 15:00:00
2024-05-18 14:06:47,200 - __main__ - INFO - station=> Sector-51, Gurugram, result => ['182', 'Sector-51, Gurugram, India', Timestamp('2024-05-18 19:00:00')]
2024-05-18 14:06:47,200 - __main__ - INFO - The hourly data has been written to data/cron_job_data/sector_51_cron_output.csv with Timestamp: 2024-05-18 19:00:00
2024-05-18 14:06:47,903 - __main__ - INFO - station=> Sector-51, Gurugram, result => ['182', 'Sector-51, Gurugram, India', Timestamp('2024-05-18 19:00:00')]
2024-05-18 14:06:47,903 - __main__ - INFO - The hourly data has been written to static/data/sector_51_cron_output.csv with Timestamp: 2024-05-18 19:00:00
2024-05-18 15:07:22,280 - __main__ - INFO - station=> Sector-51, Gurugram, result => ['188', 'Sector-51, Gurugram, India', Timestamp('2024-05-18 20:00:00')]
2024-05-18 15:07:22,281 - __main__ - INFO - The hourly data has been written to data/cron_job_data/sector_51_cron_output.csv with Timestamp: 2024-05-18 20:00:00
2024-05-18 15:07:22,871 - __main__ - INFO - station=> Sector-51, Gurugram, result => ['188', 'Sector-51, Gurugram, India', Timestamp('2024-05-18 20:00:00')]
2024-05-18 15:07:22,871 - __main__ - INFO - The hourly data has been written to static/data/sector_51_cron_output.csv with Timestamp: 2024-05-18 20:00:00
2024-05-18 18:08:55,668 - __main__ - INFO - station=> Sector-51, Gurugram, result => ['363', 'Sector-51, Gurugram, India', Timestamp('2024-05-18 23:00:00')]
2024-05-18 18:08:55,668 - __main__ - INFO - The hourly data has been written to data/cron_job_data/sector_51_cron_output.csv with Timestamp: 2024-05-18 23:00:00
2024-05-18 18:08:56,289 - __main__ - INFO - station=> Sector-51, Gurugram, result => ['363', 'Sector-51, Gurugram, India', Timestamp('2024-05-18 23:00:00')]
2024-05-18 18:08:56,289 - __main__ - INFO - The hourly data has been written to static/data/sector_51_cron_output.csv with Timestamp: 2024-05-18 23:00:00
2024-05-18 19:03:50,321 - __main__ - INFO - station=> Sector-51, Gurugram, result => ['396', 'Sector-51, Gurugram, India', Timestamp('2024-05-19 00:00:00')]
2024-05-18 19:03:50,321 - __main__ - INFO - The hourly data has been written to data/cron_job_data/sector_51_cron_output.csv with Timestamp: 2024-05-19 00:00:00
2024-05-18 19:03:50,787 - __main__ - INFO - station=> Sector-51, Gurugram, result => ['396', 'Sector-51, Gurugram, India', Timestamp('2024-05-19 00:00:00')]
2024-05-18 19:03:50,787 - __main__ - INFO - The hourly data has been written to static/data/sector_51_cron_output.csv with Timestamp: 2024-05-19 00:00:00
