2024-09-18 01:10:36,028 - __main__ - INFO - station=> Sector-51, Gurugram, result => ['179', 'Sector-51, Gurugram, India', Timestamp('2024-09-18 06:00:00')]
2024-09-18 01:10:36,028 - __main__ - INFO - The hourly data has been written to data/cron_job_data/sector_51_cron_output.csv with Timestamp: 2024-09-18 06:00:00
2024-09-18 01:10:36,737 - __main__ - INFO - station=> Sector-51, Gurugram, result => ['179', 'Sector-51, Gurugram, India', Timestamp('2024-09-18 06:00:00')]
2024-09-18 01:10:36,737 - __main__ - INFO - The hourly data has been written to static/data/sector_51_cron_output.csv with Timestamp: 2024-09-18 06:00:00
2024-09-18 01:10:36,791 - __main__ - INFO - df_api columns Index(['AQI'], dtype='object')
2024-09-18 01:10:36,791 - __main__ - INFO - today=> 2024-09-18 & yesterday=> 2024-09-17
2024-09-18 01:10:36,793 - __main__ - INFO - temp_daily_aqi columns Index(['Unnamed: 0', 'Date', 'AQI'], dtype='object')
2024-09-18 01:10:36,796 - __main__ - INFO - temp_daily_aqi[2024-09-17]=> Empty DataFrame
Columns: [Unnamed: 0, AQI]
Index: []
2024-09-18 01:10:36,796 - __main__ - INFO - Index => 1657, yesterday => 2024-09-17 & AQI => 147.0
2024-09-18 01:10:36,796 - __main__ - INFO - Daily AQI data has been written to data/cleaned_data/Forecasting_time_series/sector_51_daily_aqi.csv
2024-09-18 01:10:36,797 - __main__ - INFO - Index => 1657, yesterday => 2024-09-17 & AQI => 147.0
2024-09-18 01:10:36,797 - __main__ - INFO - Daily AQI data has been written to static/data/sector_51_daily_aqi.csv
2024-09-18 01:10:36,802 - __main__ - INFO - Re-training the model & train_end is 2024-09-12 00:00:00
2024-09-18 01:10:38,200 - __main__ - INFO - Retrained the model & MAPE is 14.87%
2024-09-18 01:10:38,200 - __main__ - INFO - Retrained the model & MAE is 16.970690573468694
2024-09-18 01:10:39,412 - __main__ - INFO - Forecast=> 2024-09-18    155.334005
2024-09-19    159.109774
2024-09-20    163.444984
2024-09-21    179.371784
2024-09-22    163.434568
Freq: D, Name: predicted_mean, dtype: float64
2024-09-18 01:10:39,413 - __main__ - INFO - The forecast data has been written to data/cleaned_data/Forecasting_time_series/forecast_sector_51_daily_aqi.csv
2024-09-18 01:10:39,413 - __main__ - INFO - The forecast data has been written to static/data/forecast_sector_51_daily_aqi.csv
2024-09-18 04:19:38,376 - __main__ - INFO - station=> Sector-51, Gurugram, result => ['165', 'Sector-51, Gurugram, India', Timestamp('2024-09-18 09:00:00')]
2024-09-18 04:19:38,376 - __main__ - INFO - The hourly data has been written to data/cron_job_data/sector_51_cron_output.csv with Timestamp: 2024-09-18 09:00:00
2024-09-18 04:19:39,065 - __main__ - INFO - station=> Sector-51, Gurugram, result => ['165', 'Sector-51, Gurugram, India', Timestamp('2024-09-18 09:00:00')]
2024-09-18 04:19:39,065 - __main__ - INFO - The hourly data has been written to static/data/sector_51_cron_output.csv with Timestamp: 2024-09-18 09:00:00
2024-09-18 08:19:11,908 - __main__ - INFO - station=> Sector-51, Gurugram, result => ['120', 'Sector-51, Gurugram, India', Timestamp('2024-09-18 11:00:00')]
2024-09-18 08:19:11,908 - __main__ - INFO - The hourly data has been written to data/cron_job_data/sector_51_cron_output.csv with Timestamp: 2024-09-18 11:00:00
2024-09-18 08:19:12,521 - __main__ - INFO - station=> Sector-51, Gurugram, result => ['120', 'Sector-51, Gurugram, India', Timestamp('2024-09-18 11:00:00')]
2024-09-18 08:19:12,521 - __main__ - INFO - The hourly data has been written to static/data/sector_51_cron_output.csv with Timestamp: 2024-09-18 11:00:00
2024-09-18 12:30:38,501 - __main__ - INFO - station=> Sector-51, Gurugram, result => ['136', 'Sector-51, Gurugram, India', Timestamp('2024-09-18 16:00:00')]
2024-09-18 12:30:38,502 - __main__ - INFO - The hourly data has been written to data/cron_job_data/sector_51_cron_output.csv with Timestamp: 2024-09-18 16:00:00
2024-09-18 12:30:39,124 - __main__ - INFO - station=> Sector-51, Gurugram, result => ['136', 'Sector-51, Gurugram, India', Timestamp('2024-09-18 16:00:00')]
2024-09-18 12:30:39,124 - __main__ - INFO - The hourly data has been written to static/data/sector_51_cron_output.csv with Timestamp: 2024-09-18 16:00:00
2024-09-18 16:19:20,972 - __main__ - INFO - station=> Sector-51, Gurugram, result => ['131', 'Sector-51, Gurugram, India', Timestamp('2024-09-18 21:00:00')]
2024-09-18 16:19:20,972 - __main__ - INFO - The hourly data has been written to data/cron_job_data/sector_51_cron_output.csv with Timestamp: 2024-09-18 21:00:00
2024-09-18 16:19:21,597 - __main__ - INFO - station=> Sector-51, Gurugram, result => ['131', 'Sector-51, Gurugram, India', Timestamp('2024-09-18 21:00:00')]
2024-09-18 16:19:21,597 - __main__ - INFO - The hourly data has been written to static/data/sector_51_cron_output.csv with Timestamp: 2024-09-18 21:00:00
