2024-08-18 00:38:39,020 - __main__ - INFO - station=> Sector-51, Gurugram, result => ['162', 'Sector-51, Gurugram, India', Timestamp('2024-08-18 05:00:00')]
2024-08-18 00:38:39,020 - __main__ - INFO - The hourly data has been written to data/cron_job_data/sector_51_cron_output.csv with Timestamp: 2024-08-18 05:00:00
2024-08-18 00:38:39,699 - __main__ - INFO - station=> Sector-51, Gurugram, result => ['162', 'Sector-51, Gurugram, India', Timestamp('2024-08-18 05:00:00')]
2024-08-18 00:38:39,699 - __main__ - INFO - The hourly data has been written to static/data/sector_51_cron_output.csv with Timestamp: 2024-08-18 05:00:00
2024-08-18 02:03:22,134 - __main__ - INFO - station=> Sector-51, Gurugram, result => ['148', 'Sector-51, Gurugram, India', Timestamp('2024-08-18 07:00:00')]
2024-08-18 02:03:22,134 - __main__ - INFO - The hourly data has been written to data/cron_job_data/sector_51_cron_output.csv with Timestamp: 2024-08-18 07:00:00
2024-08-18 02:03:22,869 - __main__ - INFO - station=> Sector-51, Gurugram, result => ['148', 'Sector-51, Gurugram, India', Timestamp('2024-08-18 07:00:00')]
2024-08-18 02:03:22,869 - __main__ - INFO - The hourly data has been written to static/data/sector_51_cron_output.csv with Timestamp: 2024-08-18 07:00:00
2024-08-18 08:02:59,885 - __main__ - INFO - df_api columns Index(['AQI'], dtype='object')
2024-08-18 08:02:59,885 - __main__ - INFO - today=> 2024-08-18 & yesterday=> 2024-08-17
2024-08-18 08:02:59,887 - __main__ - INFO - temp_daily_aqi columns Index(['Unnamed: 0', 'Date', 'AQI'], dtype='object')
2024-08-18 08:02:59,891 - __main__ - INFO - temp_daily_aqi[2024-08-17]=> Empty DataFrame
Columns: [Unnamed: 0, AQI]
Index: []
2024-08-18 08:02:59,891 - __main__ - INFO - Index => 1626, yesterday => 2024-08-17 & AQI => 173.0
2024-08-18 08:02:59,891 - __main__ - INFO - Daily AQI data has been written to data/cleaned_data/Forecasting_time_series/sector_51_daily_aqi.csv
2024-08-18 08:02:59,892 - __main__ - INFO - Index => 1626, yesterday => 2024-08-17 & AQI => 173.0
2024-08-18 08:02:59,892 - __main__ - INFO - Daily AQI data has been written to static/data/sector_51_daily_aqi.csv
2024-08-18 08:02:59,897 - __main__ - INFO - Re-training the model & train_end is 2024-08-12 00:00:00
2024-08-18 08:03:01,816 - __main__ - INFO - Retrained the model & MAPE is 8.98%
2024-08-18 08:03:01,820 - __main__ - INFO - Retrained the model & MAE is 13.115664540770126
2024-08-18 08:03:03,734 - __main__ - INFO - Forecast=> 2024-08-18    155.969890
2024-08-19    166.465751
2024-08-20    166.381629
2024-08-21    172.424909
2024-08-22    176.679042
Freq: D, Name: predicted_mean, dtype: float64
2024-08-18 08:03:03,735 - __main__ - INFO - The forecast data has been written to data/cleaned_data/Forecasting_time_series/forecast_sector_51_daily_aqi.csv
2024-08-18 08:03:03,735 - __main__ - INFO - The forecast data has been written to static/data/forecast_sector_51_daily_aqi.csv
2024-08-18 03:08:30,521 - __main__ - INFO - station=> Sector-51, Gurugram, result => ['131', 'Sector-51, Gurugram, India', Timestamp('2024-08-18 08:00:00')]
2024-08-18 03:08:30,521 - __main__ - INFO - The hourly data has been written to data/cron_job_data/sector_51_cron_output.csv with Timestamp: 2024-08-18 08:00:00
2024-08-18 03:08:30,985 - __main__ - INFO - station=> Sector-51, Gurugram, result => ['131', 'Sector-51, Gurugram, India', Timestamp('2024-08-18 08:00:00')]
2024-08-18 03:08:30,986 - __main__ - INFO - The hourly data has been written to static/data/sector_51_cron_output.csv with Timestamp: 2024-08-18 08:00:00
2024-08-18 04:10:27,517 - __main__ - INFO - station=> Sector-51, Gurugram, result => ['93', 'Sector-51, Gurugram, India', Timestamp('2024-08-18 09:00:00')]
2024-08-18 04:10:27,517 - __main__ - INFO - The hourly data has been written to data/cron_job_data/sector_51_cron_output.csv with Timestamp: 2024-08-18 09:00:00
2024-08-18 04:10:27,983 - __main__ - INFO - station=> Sector-51, Gurugram, result => ['93', 'Sector-51, Gurugram, India', Timestamp('2024-08-18 09:00:00')]
2024-08-18 04:10:27,983 - __main__ - INFO - The hourly data has been written to static/data/sector_51_cron_output.csv with Timestamp: 2024-08-18 09:00:00
2024-08-18 05:07:56,891 - __main__ - INFO - station=> Sector-51, Gurugram, result => ['80', 'Sector-51, Gurugram, India', Timestamp('2024-08-18 10:00:00')]
2024-08-18 05:07:56,891 - __main__ - INFO - The hourly data has been written to data/cron_job_data/sector_51_cron_output.csv with Timestamp: 2024-08-18 10:00:00
2024-08-18 05:07:57,510 - __main__ - INFO - station=> Sector-51, Gurugram, result => ['80', 'Sector-51, Gurugram, India', Timestamp('2024-08-18 10:00:00')]
2024-08-18 05:07:57,510 - __main__ - INFO - The hourly data has been written to static/data/sector_51_cron_output.csv with Timestamp: 2024-08-18 10:00:00
2024-08-18 06:10:04,721 - __main__ - INFO - station=> Sector-51, Gurugram, result => ['74', 'Sector-51, Gurugram, India', Timestamp('2024-08-18 11:00:00')]
2024-08-18 06:10:04,721 - __main__ - INFO - The hourly data has been written to data/cron_job_data/sector_51_cron_output.csv with Timestamp: 2024-08-18 11:00:00
2024-08-18 06:10:05,409 - __main__ - INFO - station=> Sector-51, Gurugram, result => ['74', 'Sector-51, Gurugram, India', Timestamp('2024-08-18 11:00:00')]
2024-08-18 06:10:05,409 - __main__ - INFO - The hourly data has been written to static/data/sector_51_cron_output.csv with Timestamp: 2024-08-18 11:00:00
