2024-04-18 00:31:16,643 - __main__ - INFO - station=> Sector-51, Gurugram, result => ['211', 'Sector-51, Gurugram, India', Timestamp('2024-04-18 05:00:00')]
2024-04-18 00:31:16,644 - __main__ - INFO - The hourly data has been written to data/cron_job_data/sector_51_cron_output.csv with Timestamp: 2024-04-18 05:00:00
2024-04-18 00:31:17,319 - __main__ - INFO - station=> Sector-51, Gurugram, result => ['211', 'Sector-51, Gurugram, India', Timestamp('2024-04-18 05:00:00')]
2024-04-18 00:31:17,319 - __main__ - INFO - The hourly data has been written to static/data/sector_51_cron_output.csv with Timestamp: 2024-04-18 05:00:00
2024-04-18 01:41:02,399 - __main__ - INFO - station=> Sector-51, Gurugram, result => ['211', 'Sector-51, Gurugram, India', Timestamp('2024-04-18 06:00:00')]
2024-04-18 01:41:02,399 - __main__ - INFO - The hourly data has been written to data/cron_job_data/sector_51_cron_output.csv with Timestamp: 2024-04-18 06:00:00
2024-04-18 01:41:02,876 - __main__ - INFO - station=> Sector-51, Gurugram, result => ['211', 'Sector-51, Gurugram, India', Timestamp('2024-04-18 06:00:00')]
2024-04-18 01:41:02,876 - __main__ - INFO - The hourly data has been written to static/data/sector_51_cron_output.csv with Timestamp: 2024-04-18 06:00:00
2024-04-18 01:41:02,877 - __main__ - INFO - Calling writeData & retrain_model functions.
2024-04-18 01:41:02,884 - __main__ - INFO - df_api columns Index(['AQI'], dtype='object')
2024-04-18 01:41:02,884 - __main__ - INFO - today=> 2024-04-18 & yesterday=> 2024-04-17
2024-04-18 01:41:02,886 - __main__ - INFO - temp_daily_aqi columns Index(['Unnamed: 0', 'Date', 'AQI'], dtype='object')
2024-04-18 01:41:02,888 - __main__ - INFO - temp_daily_aqi[2024-04-17]=> Empty DataFrame
Columns: [Unnamed: 0, AQI]
Index: []
2024-04-18 01:41:02,889 - __main__ - INFO - Index => 1504, yesterday => 2024-04-17 & AQI => 176.0
2024-04-18 01:41:02,889 - __main__ - INFO - Daily AQI data has been written to data/cleaned_data/Forecasting_time_series/sector_51_daily_aqi.csv
2024-04-18 01:41:02,890 - __main__ - INFO - Index => 1504, yesterday => 2024-04-17 & AQI => 176.0
2024-04-18 01:41:02,890 - __main__ - INFO - Daily AQI data has been written to static/data/sector_51_daily_aqi.csv
2024-04-18 01:41:02,894 - __main__ - INFO - Re-training the model & train_end is 2024-04-12 00:00:00
2024-04-18 01:41:04,425 - __main__ - INFO - Retrained the model & MAPE is 20.59%
2024-04-18 01:41:04,425 - __main__ - INFO - Retrained the model & MAE is 30.20796815007955%
2024-04-18 01:41:05,621 - __main__ - INFO - Forecast=> 2024-04-18    191.692177
2024-04-19    199.862779
2024-04-20    212.771801
2024-04-21    194.435246
2024-04-22    198.530293
Freq: D, Name: predicted_mean, dtype: float64
2024-04-18 01:41:05,622 - __main__ - INFO - The forecast data has been written to data/cleaned_data/Forecasting_time_series/forecast_sector_51_daily_aqi.csv
2024-04-18 01:41:05,622 - __main__ - INFO - The forecast data has been written to static/data/forecast_sector_51_daily_aqi.csv
2024-04-18 02:17:18,271 - __main__ - INFO - station=> Sector-51, Gurugram, result => ['229', 'Sector-51, Gurugram, India', Timestamp('2024-04-18 07:00:00')]
2024-04-18 02:17:18,271 - __main__ - INFO - The hourly data has been written to data/cron_job_data/sector_51_cron_output.csv with Timestamp: 2024-04-18 07:00:00
2024-04-18 02:17:18,737 - __main__ - INFO - station=> Sector-51, Gurugram, result => ['229', 'Sector-51, Gurugram, India', Timestamp('2024-04-18 07:00:00')]
2024-04-18 02:17:18,737 - __main__ - INFO - The hourly data has been written to static/data/sector_51_cron_output.csv with Timestamp: 2024-04-18 07:00:00
2024-04-18 03:08:02,287 - __main__ - INFO - station=> Sector-51, Gurugram, result => ['229', 'Sector-51, Gurugram, India', Timestamp('2024-04-18 08:00:00')]
2024-04-18 03:08:02,287 - __main__ - INFO - The hourly data has been written to data/cron_job_data/sector_51_cron_output.csv with Timestamp: 2024-04-18 08:00:00
2024-04-18 03:08:02,976 - __main__ - INFO - station=> Sector-51, Gurugram, result => ['229', 'Sector-51, Gurugram, India', Timestamp('2024-04-18 08:00:00')]
2024-04-18 03:08:02,976 - __main__ - INFO - The hourly data has been written to static/data/sector_51_cron_output.csv with Timestamp: 2024-04-18 08:00:00
2024-04-18 04:08:29,237 - __main__ - INFO - station=> Sector-51, Gurugram, result => ['226', 'Sector-51, Gurugram, India', Timestamp('2024-04-18 09:00:00')]
2024-04-18 04:08:29,237 - __main__ - INFO - The hourly data has been written to data/cron_job_data/sector_51_cron_output.csv with Timestamp: 2024-04-18 09:00:00
2024-04-18 04:08:29,870 - __main__ - INFO - station=> Sector-51, Gurugram, result => ['226', 'Sector-51, Gurugram, India', Timestamp('2024-04-18 09:00:00')]
2024-04-18 04:08:29,870 - __main__ - INFO - The hourly data has been written to static/data/sector_51_cron_output.csv with Timestamp: 2024-04-18 09:00:00
2024-04-18 05:08:16,482 - __main__ - INFO - station=> Sector-51, Gurugram, result => ['163', 'Sector-51, Gurugram, India', Timestamp('2024-04-18 10:00:00')]
2024-04-18 05:08:16,482 - __main__ - INFO - The hourly data has been written to data/cron_job_data/sector_51_cron_output.csv with Timestamp: 2024-04-18 10:00:00
2024-04-18 05:08:17,167 - __main__ - INFO - station=> Sector-51, Gurugram, result => ['163', 'Sector-51, Gurugram, India', Timestamp('2024-04-18 10:00:00')]
2024-04-18 05:08:17,167 - __main__ - INFO - The hourly data has been written to static/data/sector_51_cron_output.csv with Timestamp: 2024-04-18 10:00:00
2024-04-18 07:07:48,462 - __main__ - INFO - station=> Sector-51, Gurugram, result => ['157', 'Sector-51, Gurugram, India', Timestamp('2024-04-18 12:00:00')]
2024-04-18 07:07:48,462 - __main__ - INFO - The hourly data has been written to data/cron_job_data/sector_51_cron_output.csv with Timestamp: 2024-04-18 12:00:00
2024-04-18 07:07:49,144 - __main__ - INFO - station=> Sector-51, Gurugram, result => ['157', 'Sector-51, Gurugram, India', Timestamp('2024-04-18 12:00:00')]
2024-04-18 07:07:49,144 - __main__ - INFO - The hourly data has been written to static/data/sector_51_cron_output.csv with Timestamp: 2024-04-18 12:00:00
2024-04-18 08:10:30,742 - __main__ - INFO - station=> Sector-51, Gurugram, result => ['158', 'Sector-51, Gurugram, India', Timestamp('2024-04-18 13:00:00')]
2024-04-18 08:10:30,742 - __main__ - INFO - The hourly data has been written to data/cron_job_data/sector_51_cron_output.csv with Timestamp: 2024-04-18 13:00:00
2024-04-18 08:10:31,429 - __main__ - INFO - station=> Sector-51, Gurugram, result => ['158', 'Sector-51, Gurugram, India', Timestamp('2024-04-18 13:00:00')]
2024-04-18 08:10:31,429 - __main__ - INFO - The hourly data has been written to static/data/sector_51_cron_output.csv with Timestamp: 2024-04-18 13:00:00
2024-04-18 09:08:17,340 - __main__ - INFO - station=> Sector-51, Gurugram, result => ['158', 'Sector-51, Gurugram, India', Timestamp('2024-04-18 14:00:00')]
2024-04-18 09:08:17,340 - __main__ - INFO - The hourly data has been written to data/cron_job_data/sector_51_cron_output.csv with Timestamp: 2024-04-18 14:00:00
2024-04-18 09:08:17,816 - __main__ - INFO - station=> Sector-51, Gurugram, result => ['158', 'Sector-51, Gurugram, India', Timestamp('2024-04-18 14:00:00')]
2024-04-18 09:08:17,816 - __main__ - INFO - The hourly data has been written to static/data/sector_51_cron_output.csv with Timestamp: 2024-04-18 14:00:00
2024-04-18 10:07:39,775 - __main__ - INFO - station=> Sector-51, Gurugram, result => ['158', 'Sector-51, Gurugram, India', Timestamp('2024-04-18 15:00:00')]
2024-04-18 10:07:39,775 - __main__ - INFO - The hourly data has been written to data/cron_job_data/sector_51_cron_output.csv with Timestamp: 2024-04-18 15:00:00
2024-04-18 10:07:40,424 - __main__ - INFO - station=> Sector-51, Gurugram, result => ['158', 'Sector-51, Gurugram, India', Timestamp('2024-04-18 15:00:00')]
2024-04-18 10:07:40,424 - __main__ - INFO - The hourly data has been written to static/data/sector_51_cron_output.csv with Timestamp: 2024-04-18 15:00:00
2024-04-18 11:04:54,092 - __main__ - INFO - station=> Sector-51, Gurugram, result => ['152', 'Sector-51, Gurugram, India', Timestamp('2024-04-18 16:00:00')]
2024-04-18 11:04:54,092 - __main__ - INFO - The hourly data has been written to data/cron_job_data/sector_51_cron_output.csv with Timestamp: 2024-04-18 16:00:00
2024-04-18 11:04:54,559 - __main__ - INFO - station=> Sector-51, Gurugram, result => ['152', 'Sector-51, Gurugram, India', Timestamp('2024-04-18 16:00:00')]
2024-04-18 11:04:54,559 - __main__ - INFO - The hourly data has been written to static/data/sector_51_cron_output.csv with Timestamp: 2024-04-18 16:00:00
2024-04-18 12:11:59,285 - __main__ - INFO - station=> Sector-51, Gurugram, result => ['166', 'Sector-51, Gurugram, India', Timestamp('2024-04-18 17:00:00')]
2024-04-18 12:11:59,285 - __main__ - INFO - The hourly data has been written to data/cron_job_data/sector_51_cron_output.csv with Timestamp: 2024-04-18 17:00:00
2024-04-18 12:11:59,935 - __main__ - INFO - station=> Sector-51, Gurugram, result => ['166', 'Sector-51, Gurugram, India', Timestamp('2024-04-18 17:00:00')]
2024-04-18 12:11:59,935 - __main__ - INFO - The hourly data has been written to static/data/sector_51_cron_output.csv with Timestamp: 2024-04-18 17:00:00
