2023-12-18 00:30:05,549 - __main__ - INFO - station=> nise gwal, result => ['207', 'NISE Gwal Pahari, Gurugram, India', Timestamp('2023-12-18 05:00:00')]
2023-12-18 00:30:05,550 - __main__ - INFO - The data has been written to data/cron_job_data/nise_cron_output.csv with Timestamp: 2023-12-18 05:00:00
2023-12-18 00:30:06,243 - __main__ - INFO - station=> Sector-51, Gurugram, result => ['181', 'Sector-51, Gurugram, India', Timestamp('2023-12-18 05:00:00')]
2023-12-18 00:30:06,243 - __main__ - INFO - The data has been written to data/cron_job_data/sector_51_cron_output.csv with Timestamp: 2023-12-18 05:00:00
2023-12-18 00:30:06,931 - __main__ - INFO - station=> Teri Gram, result => ['519', 'Teri Gram, Gurugram, India', Timestamp('2023-12-18 05:00:00')]
2023-12-18 00:30:06,932 - __main__ - INFO - The data has been written to data/cron_job_data/teri_gram_cron_output.csv with Timestamp: 2023-12-18 05:00:00
2023-12-18 00:30:07,645 - __main__ - INFO - station=> Vikas Sadan, result => ['172', 'Vikas Sadan Gurgaon, Gurgaon, India', Timestamp('2023-12-18 05:00:00')]
2023-12-18 00:30:07,646 - __main__ - INFO - The data has been written to data/cron_job_data/vikas_sadan_cron_output.csv with Timestamp: 2023-12-18 05:00:00
2023-12-18 01:47:15,181 - __main__ - INFO - station=> nise gwal, result => ['137', 'NISE Gwal Pahari, Gurugram, India', Timestamp('2023-12-18 07:00:00')]
2023-12-18 01:47:15,182 - __main__ - INFO - The data has been written to data/cron_job_data/nise_cron_output.csv with Timestamp: 2023-12-18 07:00:00
2023-12-18 01:47:15,656 - __main__ - INFO - station=> Sector-51, Gurugram, result => ['172', 'Sector-51, Gurugram, India', Timestamp('2023-12-18 07:00:00')]
2023-12-18 01:47:15,656 - __main__ - INFO - The data has been written to data/cron_job_data/sector_51_cron_output.csv with Timestamp: 2023-12-18 07:00:00
2023-12-18 01:47:16,136 - __main__ - INFO - station=> Teri Gram, result => ['253', 'Teri Gram, Gurugram, India', Timestamp('2023-12-18 07:00:00')]
2023-12-18 01:47:16,137 - __main__ - INFO - The data has been written to data/cron_job_data/teri_gram_cron_output.csv with Timestamp: 2023-12-18 07:00:00
2023-12-18 01:47:16,611 - __main__ - INFO - station=> Vikas Sadan, result => ['160', 'Vikas Sadan Gurgaon, Gurgaon, India', Timestamp('2023-12-18 07:00:00')]
2023-12-18 01:47:16,611 - __main__ - INFO - The data has been written to data/cron_job_data/vikas_sadan_cron_output.csv with Timestamp: 2023-12-18 07:00:00
2023-12-18 02:21:34,184 - __main__ - INFO - station=> nise gwal, result => ['137', 'NISE Gwal Pahari, Gurugram, India', Timestamp('2023-12-18 07:00:00')]
2023-12-18 02:21:34,184 - __main__ - INFO - Timestamp 2023-12-18 07:00:00 already present in data/cron_job_data/nise_cron_output.csv, not appending.
2023-12-18 02:21:34,896 - __main__ - INFO - station=> Sector-51, Gurugram, result => ['172', 'Sector-51, Gurugram, India', Timestamp('2023-12-18 07:00:00')]
2023-12-18 02:21:34,896 - __main__ - INFO - Timestamp 2023-12-18 07:00:00 already present in data/cron_job_data/sector_51_cron_output.csv, not appending.
2023-12-18 02:21:35,605 - __main__ - INFO - station=> Teri Gram, result => ['245', 'Teri Gram, Gurugram, India', Timestamp('2023-12-18 07:00:00')]
2023-12-18 02:21:35,606 - __main__ - INFO - Timestamp 2023-12-18 07:00:00 already present in data/cron_job_data/teri_gram_cron_output.csv, not appending.
2023-12-18 02:21:36,330 - __main__ - INFO - station=> Vikas Sadan, result => ['159', 'Vikas Sadan Gurgaon, Gurgaon, India', Timestamp('2023-12-18 07:00:00')]
2023-12-18 02:21:36,331 - __main__ - INFO - Timestamp 2023-12-18 07:00:00 already present in data/cron_job_data/vikas_sadan_cron_output.csv, not appending.
2023-12-18 03:07:04,029 - __main__ - INFO - station=> nise gwal, result => ['137', 'NISE Gwal Pahari, Gurugram, India', Timestamp('2023-12-18 07:00:00')]
2023-12-18 03:07:04,030 - __main__ - INFO - Timestamp 2023-12-18 07:00:00 already present in data/cron_job_data/nise_cron_output.csv, not appending.
2023-12-18 03:07:04,832 - __main__ - INFO - station=> Sector-51, Gurugram, result => ['172', 'Sector-51, Gurugram, India', Timestamp('2023-12-18 08:00:00')]
2023-12-18 03:07:04,833 - __main__ - INFO - The data has been written to data/cron_job_data/sector_51_cron_output.csv with Timestamp: 2023-12-18 08:00:00
2023-12-18 03:07:05,527 - __main__ - INFO - station=> Teri Gram, result => ['235', 'Teri Gram, Gurugram, India', Timestamp('2023-12-18 08:00:00')]
2023-12-18 03:07:05,528 - __main__ - INFO - The data has been written to data/cron_job_data/teri_gram_cron_output.csv with Timestamp: 2023-12-18 08:00:00
2023-12-18 03:07:06,178 - __main__ - INFO - station=> Vikas Sadan, result => ['158', 'Vikas Sadan Gurgaon, Gurgaon, India', Timestamp('2023-12-18 08:00:00')]
2023-12-18 03:07:06,178 - __main__ - INFO - The data has been written to data/cron_job_data/vikas_sadan_cron_output.csv with Timestamp: 2023-12-18 08:00:00
