2024-07-19 08:06:15,665 - __main__ - INFO - df_api columns Index(['AQI'], dtype='object')
2024-07-19 08:06:15,666 - __main__ - INFO - today=> 2024-07-19 & yesterday=> 2024-07-18
2024-07-19 08:06:15,668 - __main__ - INFO - temp_daily_aqi columns Index(['Unnamed: 0', 'Date', 'AQI'], dtype='object')
2024-07-19 08:06:15,671 - __main__ - INFO - temp_daily_aqi[2024-07-18]=> Empty DataFrame
Columns: [Unnamed: 0, AQI]
Index: []
2024-07-19 08:06:15,672 - __main__ - INFO - Index => 1596, yesterday => 2024-07-18 & AQI => 151.0
2024-07-19 08:06:15,672 - __main__ - INFO - Daily AQI data has been written to data/cleaned_data/Forecasting_time_series/sector_51_daily_aqi.csv
2024-07-19 08:06:15,672 - __main__ - INFO - Index => 1596, yesterday => 2024-07-18 & AQI => 151.0
2024-07-19 08:06:15,673 - __main__ - INFO - Daily AQI data has been written to static/data/sector_51_daily_aqi.csv
2024-07-19 08:06:15,677 - __main__ - INFO - Re-training the model & train_end is 2024-07-13 00:00:00
2024-07-19 08:06:17,235 - __main__ - INFO - Retrained the model & MAPE is 25.62%
2024-07-19 08:06:17,235 - __main__ - INFO - Retrained the model & MAE is 78.6203255590822
2024-07-19 08:06:18,908 - __main__ - INFO - Forecast=> 2024-07-19    165.923034
2024-07-20    181.996660
2024-07-21    165.145906
2024-07-22    176.769032
2024-07-23    176.358733
Freq: D, Name: predicted_mean, dtype: float64
2024-07-19 08:06:18,908 - __main__ - INFO - The forecast data has been written to data/cleaned_data/Forecasting_time_series/forecast_sector_51_daily_aqi.csv
2024-07-19 08:06:18,909 - __main__ - INFO - The forecast data has been written to static/data/forecast_sector_51_daily_aqi.csv
2024-07-19 09:08:13,099 - __main__ - INFO - station=> Sector-51, Gurugram, result => ['154', 'Sector-51, Gurugram, India', Timestamp('2024-07-19 14:00:00')]
2024-07-19 09:08:13,100 - __main__ - INFO - The hourly data has been written to data/cron_job_data/sector_51_cron_output.csv with Timestamp: 2024-07-19 14:00:00
2024-07-19 09:08:13,748 - __main__ - INFO - station=> Sector-51, Gurugram, result => ['154', 'Sector-51, Gurugram, India', Timestamp('2024-07-19 14:00:00')]
2024-07-19 09:08:13,748 - __main__ - INFO - The hourly data has been written to static/data/sector_51_cron_output.csv with Timestamp: 2024-07-19 14:00:00
2024-07-19 10:08:09,721 - __main__ - INFO - station=> Sector-51, Gurugram, result => ['158', 'Sector-51, Gurugram, India', Timestamp('2024-07-19 15:00:00')]
2024-07-19 10:08:09,721 - __main__ - INFO - The hourly data has been written to data/cron_job_data/sector_51_cron_output.csv with Timestamp: 2024-07-19 15:00:00
2024-07-19 10:08:10,365 - __main__ - INFO - station=> Sector-51, Gurugram, result => ['158', 'Sector-51, Gurugram, India', Timestamp('2024-07-19 15:00:00')]
2024-07-19 10:08:10,365 - __main__ - INFO - The hourly data has been written to static/data/sector_51_cron_output.csv with Timestamp: 2024-07-19 15:00:00
2024-07-19 12:13:17,061 - __main__ - INFO - station=> Sector-51, Gurugram, result => ['161', 'Sector-51, Gurugram, India', Timestamp('2024-07-19 17:00:00')]
2024-07-19 12:13:17,061 - __main__ - INFO - The hourly data has been written to data/cron_job_data/sector_51_cron_output.csv with Timestamp: 2024-07-19 17:00:00
2024-07-19 12:13:17,757 - __main__ - INFO - station=> Sector-51, Gurugram, result => ['161', 'Sector-51, Gurugram, India', Timestamp('2024-07-19 17:00:00')]
2024-07-19 12:13:17,757 - __main__ - INFO - The hourly data has been written to static/data/sector_51_cron_output.csv with Timestamp: 2024-07-19 17:00:00
2024-07-19 13:11:17,833 - __main__ - INFO - station=> Sector-51, Gurugram, result => ['158', 'Sector-51, Gurugram, India', Timestamp('2024-07-19 18:00:00')]
2024-07-19 13:11:17,833 - __main__ - INFO - The hourly data has been written to data/cron_job_data/sector_51_cron_output.csv with Timestamp: 2024-07-19 18:00:00
2024-07-19 13:11:18,531 - __main__ - INFO - station=> Sector-51, Gurugram, result => ['158', 'Sector-51, Gurugram, India', Timestamp('2024-07-19 18:00:00')]
2024-07-19 13:11:18,531 - __main__ - INFO - The hourly data has been written to static/data/sector_51_cron_output.csv with Timestamp: 2024-07-19 18:00:00
2024-07-19 14:09:12,514 - __main__ - INFO - station=> Sector-51, Gurugram, result => ['158', 'Sector-51, Gurugram, India', Timestamp('2024-07-19 19:00:00')]
2024-07-19 14:09:12,514 - __main__ - INFO - The hourly data has been written to data/cron_job_data/sector_51_cron_output.csv with Timestamp: 2024-07-19 19:00:00
2024-07-19 14:09:12,980 - __main__ - INFO - station=> Sector-51, Gurugram, result => ['158', 'Sector-51, Gurugram, India', Timestamp('2024-07-19 19:00:00')]
2024-07-19 14:09:12,980 - __main__ - INFO - The hourly data has been written to static/data/sector_51_cron_output.csv with Timestamp: 2024-07-19 19:00:00
2024-07-19 21:06:51,932 - __main__ - INFO - station=> Sector-51, Gurugram, result => ['139', 'Sector-51, Gurugram, India', Timestamp('2024-07-20 02:00:00')]
2024-07-19 21:06:51,932 - __main__ - INFO - The hourly data has been written to data/cron_job_data/sector_51_cron_output.csv with Timestamp: 2024-07-20 02:00:00
2024-07-19 21:06:52,557 - __main__ - INFO - station=> Sector-51, Gurugram, result => ['139', 'Sector-51, Gurugram, India', Timestamp('2024-07-20 02:00:00')]
2024-07-19 21:06:52,557 - __main__ - INFO - The hourly data has been written to static/data/sector_51_cron_output.csv with Timestamp: 2024-07-20 02:00:00
2024-07-19 22:09:23,168 - __main__ - INFO - station=> Sector-51, Gurugram, result => ['119', 'Sector-51, Gurugram, India', Timestamp('2024-07-20 03:00:00')]
2024-07-19 22:09:23,168 - __main__ - INFO - The hourly data has been written to data/cron_job_data/sector_51_cron_output.csv with Timestamp: 2024-07-20 03:00:00
2024-07-19 22:09:23,640 - __main__ - INFO - station=> Sector-51, Gurugram, result => ['119', 'Sector-51, Gurugram, India', Timestamp('2024-07-20 03:00:00')]
2024-07-19 22:09:23,641 - __main__ - INFO - The hourly data has been written to static/data/sector_51_cron_output.csv with Timestamp: 2024-07-20 03:00:00
