2024-04-19 00:31:19,205 - __main__ - INFO - station=> Sector-51, Gurugram, result => ['207', 'Sector-51, Gurugram, India', Timestamp('2024-04-19 05:00:00')]
2024-04-19 00:31:19,205 - __main__ - INFO - The hourly data has been written to data/cron_job_data/sector_51_cron_output.csv with Timestamp: 2024-04-19 05:00:00
2024-04-19 00:31:19,889 - __main__ - INFO - station=> Sector-51, Gurugram, result => ['207', 'Sector-51, Gurugram, India', Timestamp('2024-04-19 05:00:00')]
2024-04-19 00:31:19,889 - __main__ - INFO - The hourly data has been written to static/data/sector_51_cron_output.csv with Timestamp: 2024-04-19 05:00:00
2024-04-19 01:42:24,967 - __main__ - INFO - station=> Sector-51, Gurugram, result => ['201', 'Sector-51, Gurugram, India', Timestamp('2024-04-19 07:00:00')]
2024-04-19 01:42:24,967 - __main__ - INFO - The hourly data has been written to data/cron_job_data/sector_51_cron_output.csv with Timestamp: 2024-04-19 07:00:00
2024-04-19 01:42:25,431 - __main__ - INFO - station=> Sector-51, Gurugram, result => ['201', 'Sector-51, Gurugram, India', Timestamp('2024-04-19 07:00:00')]
2024-04-19 01:42:25,431 - __main__ - INFO - The hourly data has been written to static/data/sector_51_cron_output.csv with Timestamp: 2024-04-19 07:00:00
2024-04-19 01:42:25,432 - __main__ - INFO - Calling writeData & retrain_model functions.
2024-04-19 01:42:25,438 - __main__ - INFO - df_api columns Index(['AQI'], dtype='object')
2024-04-19 01:42:25,439 - __main__ - INFO - today=> 2024-04-19 & yesterday=> 2024-04-18
2024-04-19 01:42:25,440 - __main__ - INFO - temp_daily_aqi columns Index(['Unnamed: 0', 'Date', 'AQI'], dtype='object')
2024-04-19 01:42:25,443 - __main__ - INFO - temp_daily_aqi[2024-04-18]=> Empty DataFrame
Columns: [Unnamed: 0, AQI]
Index: []
2024-04-19 01:42:25,444 - __main__ - INFO - Index => 1505, yesterday => 2024-04-18 & AQI => 184.0
2024-04-19 01:42:25,444 - __main__ - INFO - Daily AQI data has been written to data/cleaned_data/Forecasting_time_series/sector_51_daily_aqi.csv
2024-04-19 01:42:25,444 - __main__ - INFO - Index => 1505, yesterday => 2024-04-18 & AQI => 184.0
2024-04-19 01:42:25,445 - __main__ - INFO - Daily AQI data has been written to static/data/sector_51_daily_aqi.csv
2024-04-19 01:42:25,449 - __main__ - INFO - Re-training the model & train_end is 2024-04-13 00:00:00
2024-04-19 01:42:26,589 - __main__ - INFO - Retrained the model & MAPE is 23.59%
2024-04-19 01:42:26,589 - __main__ - INFO - Retrained the model & MAE is 36.03387650775443%
2024-04-19 01:42:27,984 - __main__ - INFO - Forecast=> 2024-04-19    194.710796
2024-04-20    208.161629
2024-04-21    190.305324
2024-04-22    194.832273
2024-04-23    196.140848
Freq: D, Name: predicted_mean, dtype: float64
2024-04-19 01:42:27,985 - __main__ - INFO - The forecast data has been written to data/cleaned_data/Forecasting_time_series/forecast_sector_51_daily_aqi.csv
2024-04-19 01:42:27,985 - __main__ - INFO - The forecast data has been written to static/data/forecast_sector_51_daily_aqi.csv
