2024-05-19 00:35:18,648 - __main__ - INFO - station=> Sector-51, Gurugram, result => ['226', 'Sector-51, Gurugram, India', Timestamp('2024-05-19 05:00:00')]
2024-05-19 00:35:18,649 - __main__ - INFO - The hourly data has been written to data/cron_job_data/sector_51_cron_output.csv with Timestamp: 2024-05-19 05:00:00
2024-05-19 00:35:19,378 - __main__ - INFO - station=> Sector-51, Gurugram, result => ['226', 'Sector-51, Gurugram, India', Timestamp('2024-05-19 05:00:00')]
2024-05-19 00:35:19,378 - __main__ - INFO - The hourly data has been written to static/data/sector_51_cron_output.csv with Timestamp: 2024-05-19 05:00:00
2024-05-19 01:54:03,883 - __main__ - INFO - station=> Sector-51, Gurugram, result => ['213', 'Sector-51, Gurugram, India', Timestamp('2024-05-19 06:00:00')]
2024-05-19 01:54:03,883 - __main__ - INFO - The hourly data has been written to data/cron_job_data/sector_51_cron_output.csv with Timestamp: 2024-05-19 06:00:00
2024-05-19 01:54:04,347 - __main__ - INFO - station=> Sector-51, Gurugram, result => ['213', 'Sector-51, Gurugram, India', Timestamp('2024-05-19 06:00:00')]
2024-05-19 01:54:04,347 - __main__ - INFO - The hourly data has been written to static/data/sector_51_cron_output.csv with Timestamp: 2024-05-19 06:00:00
2024-05-19 01:54:04,348 - __main__ - INFO - Calling writeData & retrain_model functions.
2024-05-19 01:54:04,356 - __main__ - INFO - df_api columns Index(['AQI'], dtype='object')
2024-05-19 01:54:04,356 - __main__ - INFO - today=> 2024-05-19 & yesterday=> 2024-05-18
2024-05-19 01:54:04,358 - __main__ - INFO - temp_daily_aqi columns Index(['Unnamed: 0', 'Date', 'AQI'], dtype='object')
2024-05-19 01:54:04,361 - __main__ - INFO - temp_daily_aqi[2024-05-18]=> Empty DataFrame
Columns: [Unnamed: 0, AQI]
Index: []
2024-05-19 01:54:04,361 - __main__ - INFO - Index => 1535, yesterday => 2024-05-18 & AQI => 257.0
2024-05-19 01:54:04,362 - __main__ - INFO - Daily AQI data has been written to data/cleaned_data/Forecasting_time_series/sector_51_daily_aqi.csv
2024-05-19 01:54:04,362 - __main__ - INFO - Index => 1535, yesterday => 2024-05-18 & AQI => 257.0
2024-05-19 01:54:04,362 - __main__ - INFO - Daily AQI data has been written to static/data/sector_51_daily_aqi.csv
2024-05-19 01:54:04,367 - __main__ - INFO - Re-training the model & train_end is 2024-05-13 00:00:00
2024-05-19 01:54:05,649 - __main__ - INFO - Retrained the model & MAPE is 30.76%
2024-05-19 01:54:05,650 - __main__ - INFO - Retrained the model & MAE is 86.07190950004674
2024-05-19 01:54:06,755 - __main__ - INFO - Forecast=> 2024-05-19    209.050426
2024-05-20    213.813960
2024-05-21    210.241420
2024-05-22    214.757765
2024-05-23    210.540425
Freq: D, Name: predicted_mean, dtype: float64
2024-05-19 01:54:06,755 - __main__ - INFO - The forecast data has been written to data/cleaned_data/Forecasting_time_series/forecast_sector_51_daily_aqi.csv
2024-05-19 01:54:06,756 - __main__ - INFO - The forecast data has been written to static/data/forecast_sector_51_daily_aqi.csv
2024-05-19 02:24:23,529 - __main__ - INFO - station=> Sector-51, Gurugram, result => ['232', 'Sector-51, Gurugram, India', Timestamp('2024-05-19 07:00:00')]
2024-05-19 02:24:23,529 - __main__ - INFO - The hourly data has been written to data/cron_job_data/sector_51_cron_output.csv with Timestamp: 2024-05-19 07:00:00
2024-05-19 02:24:24,207 - __main__ - INFO - station=> Sector-51, Gurugram, result => ['232', 'Sector-51, Gurugram, India', Timestamp('2024-05-19 07:00:00')]
2024-05-19 02:24:24,207 - __main__ - INFO - The hourly data has been written to static/data/sector_51_cron_output.csv with Timestamp: 2024-05-19 07:00:00
2024-05-19 03:08:47,079 - __main__ - INFO - station=> Sector-51, Gurugram, result => ['221', 'Sector-51, Gurugram, India', Timestamp('2024-05-19 08:00:00')]
2024-05-19 03:08:47,079 - __main__ - INFO - The hourly data has been written to data/cron_job_data/sector_51_cron_output.csv with Timestamp: 2024-05-19 08:00:00
2024-05-19 03:08:47,762 - __main__ - INFO - station=> Sector-51, Gurugram, result => ['221', 'Sector-51, Gurugram, India', Timestamp('2024-05-19 08:00:00')]
2024-05-19 03:08:47,762 - __main__ - INFO - The hourly data has been written to static/data/sector_51_cron_output.csv with Timestamp: 2024-05-19 08:00:00
2024-05-19 04:09:37,021 - __main__ - INFO - station=> Sector-51, Gurugram, result => ['219', 'Sector-51, Gurugram, India', Timestamp('2024-05-19 09:00:00')]
2024-05-19 04:09:37,021 - __main__ - INFO - The hourly data has been written to data/cron_job_data/sector_51_cron_output.csv with Timestamp: 2024-05-19 09:00:00
2024-05-19 04:09:37,716 - __main__ - INFO - station=> Sector-51, Gurugram, result => ['219', 'Sector-51, Gurugram, India', Timestamp('2024-05-19 09:00:00')]
2024-05-19 04:09:37,716 - __main__ - INFO - The hourly data has been written to static/data/sector_51_cron_output.csv with Timestamp: 2024-05-19 09:00:00
2024-05-19 07:05:23,886 - __main__ - INFO - station=> Sector-51, Gurugram, result => ['204', 'Sector-51, Gurugram, India', Timestamp('2024-05-19 12:00:00')]
2024-05-19 07:05:23,886 - __main__ - INFO - The hourly data has been written to data/cron_job_data/sector_51_cron_output.csv with Timestamp: 2024-05-19 12:00:00
2024-05-19 07:05:24,549 - __main__ - INFO - station=> Sector-51, Gurugram, result => ['204', 'Sector-51, Gurugram, India', Timestamp('2024-05-19 12:00:00')]
2024-05-19 07:05:24,549 - __main__ - INFO - The hourly data has been written to static/data/sector_51_cron_output.csv with Timestamp: 2024-05-19 12:00:00
2024-05-19 08:09:02,643 - __main__ - INFO - station=> Sector-51, Gurugram, result => ['195', 'Sector-51, Gurugram, India', Timestamp('2024-05-19 13:00:00')]
2024-05-19 08:09:02,643 - __main__ - INFO - The hourly data has been written to data/cron_job_data/sector_51_cron_output.csv with Timestamp: 2024-05-19 13:00:00
2024-05-19 08:09:03,112 - __main__ - INFO - station=> Sector-51, Gurugram, result => ['195', 'Sector-51, Gurugram, India', Timestamp('2024-05-19 13:00:00')]
2024-05-19 08:09:03,112 - __main__ - INFO - The hourly data has been written to static/data/sector_51_cron_output.csv with Timestamp: 2024-05-19 13:00:00
2024-05-19 09:07:18,696 - __main__ - INFO - station=> Sector-51, Gurugram, result => ['179', 'Sector-51, Gurugram, India', Timestamp('2024-05-19 14:00:00')]
2024-05-19 09:07:18,696 - __main__ - INFO - The hourly data has been written to data/cron_job_data/sector_51_cron_output.csv with Timestamp: 2024-05-19 14:00:00
2024-05-19 09:07:19,586 - __main__ - INFO - station=> Sector-51, Gurugram, result => ['179', 'Sector-51, Gurugram, India', Timestamp('2024-05-19 14:00:00')]
2024-05-19 09:07:19,586 - __main__ - INFO - The hourly data has been written to static/data/sector_51_cron_output.csv with Timestamp: 2024-05-19 14:00:00
2024-05-19 13:06:19,292 - __main__ - INFO - station=> Sector-51, Gurugram, result => ['169', 'Sector-51, Gurugram, India', Timestamp('2024-05-19 18:00:00')]
2024-05-19 13:06:19,292 - __main__ - INFO - The hourly data has been written to data/cron_job_data/sector_51_cron_output.csv with Timestamp: 2024-05-19 18:00:00
2024-05-19 13:06:19,936 - __main__ - INFO - station=> Sector-51, Gurugram, result => ['169', 'Sector-51, Gurugram, India', Timestamp('2024-05-19 18:00:00')]
2024-05-19 13:06:19,936 - __main__ - INFO - The hourly data has been written to static/data/sector_51_cron_output.csv with Timestamp: 2024-05-19 18:00:00
2024-05-19 14:04:37,876 - __main__ - INFO - station=> Sector-51, Gurugram, result => ['172', 'Sector-51, Gurugram, India', Timestamp('2024-05-19 19:00:00')]
2024-05-19 14:04:37,876 - __main__ - INFO - The hourly data has been written to data/cron_job_data/sector_51_cron_output.csv with Timestamp: 2024-05-19 19:00:00
2024-05-19 14:04:38,539 - __main__ - INFO - station=> Sector-51, Gurugram, result => ['172', 'Sector-51, Gurugram, India', Timestamp('2024-05-19 19:00:00')]
2024-05-19 14:04:38,539 - __main__ - INFO - The hourly data has been written to static/data/sector_51_cron_output.csv with Timestamp: 2024-05-19 19:00:00
2024-05-19 15:06:42,480 - __main__ - INFO - station=> Sector-51, Gurugram, result => ['168', 'Sector-51, Gurugram, India', Timestamp('2024-05-19 20:00:00')]
2024-05-19 15:06:42,480 - __main__ - INFO - The hourly data has been written to data/cron_job_data/sector_51_cron_output.csv with Timestamp: 2024-05-19 20:00:00
2024-05-19 15:06:42,945 - __main__ - INFO - station=> Sector-51, Gurugram, result => ['168', 'Sector-51, Gurugram, India', Timestamp('2024-05-19 20:00:00')]
2024-05-19 15:06:42,945 - __main__ - INFO - The hourly data has been written to static/data/sector_51_cron_output.csv with Timestamp: 2024-05-19 20:00:00
2024-05-19 17:06:34,699 - __main__ - INFO - station=> Sector-51, Gurugram, result => ['174', 'Sector-51, Gurugram, India', Timestamp('2024-05-19 21:00:00')]
2024-05-19 17:06:34,699 - __main__ - INFO - The hourly data has been written to data/cron_job_data/sector_51_cron_output.csv with Timestamp: 2024-05-19 21:00:00
2024-05-19 17:06:35,169 - __main__ - INFO - station=> Sector-51, Gurugram, result => ['174', 'Sector-51, Gurugram, India', Timestamp('2024-05-19 21:00:00')]
2024-05-19 17:06:35,170 - __main__ - INFO - The hourly data has been written to static/data/sector_51_cron_output.csv with Timestamp: 2024-05-19 21:00:00
2024-05-19 18:09:07,401 - __main__ - INFO - station=> Sector-51, Gurugram, result => ['225', 'Sector-51, Gurugram, India', Timestamp('2024-05-19 23:00:00')]
2024-05-19 18:09:07,401 - __main__ - INFO - The hourly data has been written to data/cron_job_data/sector_51_cron_output.csv with Timestamp: 2024-05-19 23:00:00
2024-05-19 18:09:07,872 - __main__ - INFO - station=> Sector-51, Gurugram, result => ['225', 'Sector-51, Gurugram, India', Timestamp('2024-05-19 23:00:00')]
2024-05-19 18:09:07,872 - __main__ - INFO - The hourly data has been written to static/data/sector_51_cron_output.csv with Timestamp: 2024-05-19 23:00:00
2024-05-19 19:03:39,160 - __main__ - INFO - station=> Sector-51, Gurugram, result => ['160', 'Sector-51, Gurugram, India', Timestamp('2024-05-20 00:00:00')]
2024-05-19 19:03:39,160 - __main__ - INFO - The hourly data has been written to data/cron_job_data/sector_51_cron_output.csv with Timestamp: 2024-05-20 00:00:00
2024-05-19 19:03:39,844 - __main__ - INFO - station=> Sector-51, Gurugram, result => ['160', 'Sector-51, Gurugram, India', Timestamp('2024-05-20 00:00:00')]
2024-05-19 19:03:39,844 - __main__ - INFO - The hourly data has been written to static/data/sector_51_cron_output.csv with Timestamp: 2024-05-20 00:00:00
2024-05-19 20:08:15,485 - __main__ - INFO - station=> Sector-51, Gurugram, result => ['154', 'Sector-51, Gurugram, India', Timestamp('2024-05-20 01:00:00')]
2024-05-19 20:08:15,485 - __main__ - INFO - The hourly data has been written to data/cron_job_data/sector_51_cron_output.csv with Timestamp: 2024-05-20 01:00:00
2024-05-19 20:08:15,951 - __main__ - INFO - station=> Sector-51, Gurugram, result => ['154', 'Sector-51, Gurugram, India', Timestamp('2024-05-20 01:00:00')]
2024-05-19 20:08:15,951 - __main__ - INFO - The hourly data has been written to static/data/sector_51_cron_output.csv with Timestamp: 2024-05-20 01:00:00
