2024-08-19 00:37:28,604 - __main__ - INFO - station=> Sector-51, Gurugram, result => ['180', 'Sector-51, Gurugram, India', Timestamp('2024-08-19 05:00:00')]
2024-08-19 00:37:28,604 - __main__ - INFO - The hourly data has been written to data/cron_job_data/sector_51_cron_output.csv with Timestamp: 2024-08-19 05:00:00
2024-08-19 00:37:29,296 - __main__ - INFO - station=> Sector-51, Gurugram, result => ['180', 'Sector-51, Gurugram, India', Timestamp('2024-08-19 05:00:00')]
2024-08-19 00:37:29,296 - __main__ - INFO - The hourly data has been written to static/data/sector_51_cron_output.csv with Timestamp: 2024-08-19 05:00:00
2024-08-19 00:37:29,396 - __main__ - INFO - df_api columns Index(['AQI'], dtype='object')
2024-08-19 00:37:29,397 - __main__ - INFO - today=> 2024-08-19 & yesterday=> 2024-08-18
2024-08-19 00:37:29,399 - __main__ - INFO - temp_daily_aqi columns Index(['Unnamed: 0', 'Date', 'AQI'], dtype='object')
2024-08-19 00:37:29,401 - __main__ - INFO - temp_daily_aqi[2024-08-18]=> Empty DataFrame
Columns: [Unnamed: 0, AQI]
Index: []
2024-08-19 00:37:29,402 - __main__ - INFO - Index => 1627, yesterday => 2024-08-18 & AQI => 144.0
2024-08-19 00:37:29,402 - __main__ - INFO - Daily AQI data has been written to data/cleaned_data/Forecasting_time_series/sector_51_daily_aqi.csv
2024-08-19 00:37:29,402 - __main__ - INFO - Index => 1627, yesterday => 2024-08-18 & AQI => 144.0
2024-08-19 00:37:29,403 - __main__ - INFO - Daily AQI data has been written to static/data/sector_51_daily_aqi.csv
2024-08-19 00:37:29,407 - __main__ - INFO - Re-training the model & train_end is 2024-08-13 00:00:00
2024-08-19 00:37:30,805 - __main__ - INFO - Retrained the model & MAPE is 5.96%
2024-08-19 00:37:30,806 - __main__ - INFO - Retrained the model & MAE is 9.040788087447169
2024-08-19 00:37:32,227 - __main__ - INFO - Forecast=> 2024-08-19    159.014357
2024-08-20    159.629966
2024-08-21    166.333031
2024-08-22    171.168610
2024-08-23    174.897201
Freq: D, Name: predicted_mean, dtype: float64
2024-08-19 00:37:32,227 - __main__ - INFO - The forecast data has been written to data/cleaned_data/Forecasting_time_series/forecast_sector_51_daily_aqi.csv
2024-08-19 00:37:32,227 - __main__ - INFO - The forecast data has been written to static/data/forecast_sector_51_daily_aqi.csv
2024-08-19 02:01:41,223 - __main__ - INFO - station=> Sector-51, Gurugram, result => ['157', 'Sector-51, Gurugram, India', Timestamp('2024-08-19 07:00:00')]
2024-08-19 02:01:41,223 - __main__ - INFO - The hourly data has been written to data/cron_job_data/sector_51_cron_output.csv with Timestamp: 2024-08-19 07:00:00
2024-08-19 02:01:41,928 - __main__ - INFO - station=> Sector-51, Gurugram, result => ['157', 'Sector-51, Gurugram, India', Timestamp('2024-08-19 07:00:00')]
2024-08-19 02:01:41,928 - __main__ - INFO - The hourly data has been written to static/data/sector_51_cron_output.csv with Timestamp: 2024-08-19 07:00:00
2024-08-19 03:09:09,053 - __main__ - INFO - station=> Sector-51, Gurugram, result => ['154', 'Sector-51, Gurugram, India', Timestamp('2024-08-19 08:00:00')]
2024-08-19 03:09:09,053 - __main__ - INFO - The hourly data has been written to data/cron_job_data/sector_51_cron_output.csv with Timestamp: 2024-08-19 08:00:00
2024-08-19 03:09:09,728 - __main__ - INFO - station=> Sector-51, Gurugram, result => ['154', 'Sector-51, Gurugram, India', Timestamp('2024-08-19 08:00:00')]
2024-08-19 03:09:09,728 - __main__ - INFO - The hourly data has been written to static/data/sector_51_cron_output.csv with Timestamp: 2024-08-19 08:00:00
2024-08-19 04:09:52,480 - __main__ - INFO - station=> Sector-51, Gurugram, result => ['135', 'Sector-51, Gurugram, India', Timestamp('2024-08-19 09:00:00')]
2024-08-19 04:09:52,481 - __main__ - INFO - The hourly data has been written to data/cron_job_data/sector_51_cron_output.csv with Timestamp: 2024-08-19 09:00:00
2024-08-19 04:09:52,956 - __main__ - INFO - station=> Sector-51, Gurugram, result => ['135', 'Sector-51, Gurugram, India', Timestamp('2024-08-19 09:00:00')]
2024-08-19 04:09:52,956 - __main__ - INFO - The hourly data has been written to static/data/sector_51_cron_output.csv with Timestamp: 2024-08-19 09:00:00
2024-08-19 05:08:31,320 - __main__ - INFO - station=> Sector-51, Gurugram, result => ['114', 'Sector-51, Gurugram, India', Timestamp('2024-08-19 10:00:00')]
2024-08-19 05:08:31,320 - __main__ - INFO - The hourly data has been written to data/cron_job_data/sector_51_cron_output.csv with Timestamp: 2024-08-19 10:00:00
2024-08-19 05:08:31,937 - __main__ - INFO - station=> Sector-51, Gurugram, result => ['114', 'Sector-51, Gurugram, India', Timestamp('2024-08-19 10:00:00')]
2024-08-19 05:08:31,937 - __main__ - INFO - The hourly data has been written to static/data/sector_51_cron_output.csv with Timestamp: 2024-08-19 10:00:00
2024-08-19 06:11:57,412 - __main__ - INFO - station=> Sector-51, Gurugram, result => ['99', 'Sector-51, Gurugram, India', Timestamp('2024-08-19 11:00:00')]
2024-08-19 06:11:57,412 - __main__ - INFO - The hourly data has been written to data/cron_job_data/sector_51_cron_output.csv with Timestamp: 2024-08-19 11:00:00
2024-08-19 06:11:58,100 - __main__ - INFO - station=> Sector-51, Gurugram, result => ['99', 'Sector-51, Gurugram, India', Timestamp('2024-08-19 11:00:00')]
2024-08-19 06:11:58,100 - __main__ - INFO - The hourly data has been written to static/data/sector_51_cron_output.csv with Timestamp: 2024-08-19 11:00:00
2024-08-19 07:10:03,545 - __main__ - INFO - station=> Sector-51, Gurugram, result => ['96', 'Sector-51, Gurugram, India', Timestamp('2024-08-19 12:00:00')]
2024-08-19 07:10:03,545 - __main__ - INFO - The hourly data has been written to data/cron_job_data/sector_51_cron_output.csv with Timestamp: 2024-08-19 12:00:00
2024-08-19 07:10:04,231 - __main__ - INFO - station=> Sector-51, Gurugram, result => ['96', 'Sector-51, Gurugram, India', Timestamp('2024-08-19 12:00:00')]
2024-08-19 07:10:04,231 - __main__ - INFO - The hourly data has been written to static/data/sector_51_cron_output.csv with Timestamp: 2024-08-19 12:00:00
2024-08-19 08:11:38,044 - __main__ - INFO - station=> Sector-51, Gurugram, result => ['105', 'Sector-51, Gurugram, India', Timestamp('2024-08-19 13:00:00')]
2024-08-19 08:11:38,044 - __main__ - INFO - The hourly data has been written to data/cron_job_data/sector_51_cron_output.csv with Timestamp: 2024-08-19 13:00:00
2024-08-19 08:11:38,724 - __main__ - INFO - station=> Sector-51, Gurugram, result => ['105', 'Sector-51, Gurugram, India', Timestamp('2024-08-19 13:00:00')]
2024-08-19 08:11:38,724 - __main__ - INFO - The hourly data has been written to static/data/sector_51_cron_output.csv with Timestamp: 2024-08-19 13:00:00
2024-08-19 09:08:59,926 - __main__ - INFO - station=> Sector-51, Gurugram, result => ['122', 'Sector-51, Gurugram, India', Timestamp('2024-08-19 14:00:00')]
2024-08-19 09:08:59,926 - __main__ - INFO - The hourly data has been written to data/cron_job_data/sector_51_cron_output.csv with Timestamp: 2024-08-19 14:00:00
2024-08-19 09:09:00,606 - __main__ - INFO - station=> Sector-51, Gurugram, result => ['122', 'Sector-51, Gurugram, India', Timestamp('2024-08-19 14:00:00')]
2024-08-19 09:09:00,606 - __main__ - INFO - The hourly data has been written to static/data/sector_51_cron_output.csv with Timestamp: 2024-08-19 14:00:00
2024-08-19 10:10:29,810 - __main__ - INFO - station=> Sector-51, Gurugram, result => ['142', 'Sector-51, Gurugram, India', Timestamp('2024-08-19 15:00:00')]
2024-08-19 10:10:29,810 - __main__ - INFO - The hourly data has been written to data/cron_job_data/sector_51_cron_output.csv with Timestamp: 2024-08-19 15:00:00
2024-08-19 10:10:30,497 - __main__ - INFO - station=> Sector-51, Gurugram, result => ['142', 'Sector-51, Gurugram, India', Timestamp('2024-08-19 15:00:00')]
2024-08-19 10:10:30,497 - __main__ - INFO - The hourly data has been written to static/data/sector_51_cron_output.csv with Timestamp: 2024-08-19 15:00:00
