2024-06-19 01:55:16,732 - __main__ - INFO - station=> Sector-51, Gurugram, result => ['157', 'Sector-51, Gurugram, India', Timestamp('2024-06-19 07:00:00')]
2024-06-19 01:55:16,732 - __main__ - INFO - The hourly data has been written to data/cron_job_data/sector_51_cron_output.csv with Timestamp: 2024-06-19 07:00:00
2024-06-19 01:55:17,358 - __main__ - INFO - station=> Sector-51, Gurugram, result => ['157', 'Sector-51, Gurugram, India', Timestamp('2024-06-19 07:00:00')]
2024-06-19 01:55:17,358 - __main__ - INFO - The hourly data has been written to static/data/sector_51_cron_output.csv with Timestamp: 2024-06-19 07:00:00
2024-06-19 01:55:17,359 - __main__ - INFO - Calling writeData & retrain_model functions.
2024-06-19 01:55:17,367 - __main__ - INFO - df_api columns Index(['AQI'], dtype='object')
2024-06-19 01:55:17,368 - __main__ - INFO - today=> 2024-06-19 & yesterday=> 2024-06-18
2024-06-19 01:55:17,370 - __main__ - INFO - temp_daily_aqi columns Index(['Unnamed: 0', 'Date', 'AQI'], dtype='object')
2024-06-19 01:55:17,372 - __main__ - INFO - temp_daily_aqi[2024-06-18]=> Empty DataFrame
Columns: [Unnamed: 0, AQI]
Index: []
2024-06-19 01:55:17,373 - __main__ - INFO - Index => 1566, yesterday => 2024-06-18 & AQI => 164.0
2024-06-19 01:55:17,373 - __main__ - INFO - Daily AQI data has been written to data/cleaned_data/Forecasting_time_series/sector_51_daily_aqi.csv
2024-06-19 01:55:17,374 - __main__ - INFO - Index => 1566, yesterday => 2024-06-18 & AQI => 164.0
2024-06-19 01:55:17,374 - __main__ - INFO - Daily AQI data has been written to static/data/sector_51_daily_aqi.csv
2024-06-19 01:55:17,379 - __main__ - INFO - Re-training the model & train_end is 2024-06-13 00:00:00
2024-06-19 01:55:18,539 - __main__ - INFO - Retrained the model & MAPE is 50.76%
2024-06-19 01:55:18,540 - __main__ - INFO - Retrained the model & MAE is 78.75538990540163
2024-06-19 01:55:19,844 - __main__ - INFO - Forecast=> 2024-06-19    171.129402
2024-06-20    169.528427
2024-06-21    179.343360
2024-06-22    198.416082
2024-06-23    177.272599
Freq: D, Name: predicted_mean, dtype: float64
2024-06-19 01:55:19,847 - __main__ - INFO - The forecast data has been written to data/cleaned_data/Forecasting_time_series/forecast_sector_51_daily_aqi.csv
2024-06-19 01:55:19,848 - __main__ - INFO - The forecast data has been written to static/data/forecast_sector_51_daily_aqi.csv
2024-06-19 03:08:56,851 - __main__ - INFO - station=> Sector-51, Gurugram, result => ['153', 'Sector-51, Gurugram, India', Timestamp('2024-06-19 08:00:00')]
2024-06-19 03:08:56,851 - __main__ - INFO - The hourly data has been written to data/cron_job_data/sector_51_cron_output.csv with Timestamp: 2024-06-19 08:00:00
2024-06-19 03:08:57,531 - __main__ - INFO - station=> Sector-51, Gurugram, result => ['153', 'Sector-51, Gurugram, India', Timestamp('2024-06-19 08:00:00')]
2024-06-19 03:08:57,531 - __main__ - INFO - The hourly data has been written to static/data/sector_51_cron_output.csv with Timestamp: 2024-06-19 08:00:00
2024-06-19 04:09:34,319 - __main__ - INFO - station=> Sector-51, Gurugram, result => ['156', 'Sector-51, Gurugram, India', Timestamp('2024-06-19 09:00:00')]
2024-06-19 04:09:34,319 - __main__ - INFO - The hourly data has been written to data/cron_job_data/sector_51_cron_output.csv with Timestamp: 2024-06-19 09:00:00
2024-06-19 04:09:34,948 - __main__ - INFO - station=> Sector-51, Gurugram, result => ['156', 'Sector-51, Gurugram, India', Timestamp('2024-06-19 09:00:00')]
2024-06-19 04:09:34,948 - __main__ - INFO - The hourly data has been written to static/data/sector_51_cron_output.csv with Timestamp: 2024-06-19 09:00:00
