2024-01-19 00:30:22,678 - __main__ - INFO - station=> nise gwal, result => ['156', 'NISE Gwal Pahari, Gurugram, India', Timestamp('2024-01-19 05:00:00')]
2024-01-19 00:30:22,678 - __main__ - INFO - The hourly data has been written to data/cron_job_data/nise_cron_output.csv with Timestamp: 2024-01-19 05:00:00
2024-01-19 00:30:23,323 - __main__ - INFO - station=> Sector-51, Gurugram, result => ['179', 'Sector-51, Gurugram, India', Timestamp('2024-01-19 05:00:00')]
2024-01-19 00:30:23,323 - __main__ - INFO - The hourly data has been written to data/cron_job_data/sector_51_cron_output.csv with Timestamp: 2024-01-19 05:00:00
2024-01-19 00:30:23,976 - __main__ - INFO - station=> Sector-51, Gurugram, result => ['179', 'Sector-51, Gurugram, India', Timestamp('2024-01-19 05:00:00')]
2024-01-19 00:30:23,977 - __main__ - INFO - The hourly data has been written to static/data/sector_51_cron_output.csv with Timestamp: 2024-01-19 05:00:00
2024-01-19 00:30:24,633 - __main__ - INFO - station=> Teri Gram, result => ['166', 'Teri Gram, Gurugram, India', Timestamp('2024-01-19 05:00:00')]
2024-01-19 00:30:24,633 - __main__ - INFO - The hourly data has been written to data/cron_job_data/teri_gram_cron_output.csv with Timestamp: 2024-01-19 05:00:00
2024-01-19 00:30:25,276 - __main__ - INFO - station=> Vikas Sadan, result => ['101', 'Vikas Sadan Gurgaon, Gurgaon, India', Timestamp('2024-01-19 05:00:00')]
2024-01-19 00:30:25,276 - __main__ - INFO - The hourly data has been written to data/cron_job_data/vikas_sadan_cron_output.csv with Timestamp: 2024-01-19 05:00:00
2024-01-19 01:50:08,577 - __main__ - INFO - station=> nise gwal, result => ['153', 'NISE Gwal Pahari, Gurugram, India', Timestamp('2024-01-19 06:00:00')]
2024-01-19 01:50:08,577 - __main__ - INFO - The hourly data has been written to data/cron_job_data/nise_cron_output.csv with Timestamp: 2024-01-19 06:00:00
2024-01-19 01:50:09,247 - __main__ - INFO - station=> Sector-51, Gurugram, result => ['179', 'Sector-51, Gurugram, India', Timestamp('2024-01-19 06:00:00')]
2024-01-19 01:50:09,247 - __main__ - INFO - The hourly data has been written to data/cron_job_data/sector_51_cron_output.csv with Timestamp: 2024-01-19 06:00:00
2024-01-19 01:50:09,934 - __main__ - INFO - station=> Sector-51, Gurugram, result => ['179', 'Sector-51, Gurugram, India', Timestamp('2024-01-19 06:00:00')]
2024-01-19 01:50:09,934 - __main__ - INFO - The hourly data has been written to static/data/sector_51_cron_output.csv with Timestamp: 2024-01-19 06:00:00
2024-01-19 01:50:10,624 - __main__ - INFO - station=> Teri Gram, result => ['167', 'Teri Gram, Gurugram, India', Timestamp('2024-01-19 06:00:00')]
2024-01-19 01:50:10,624 - __main__ - INFO - The hourly data has been written to data/cron_job_data/teri_gram_cron_output.csv with Timestamp: 2024-01-19 06:00:00
2024-01-19 01:50:11,307 - __main__ - INFO - station=> Vikas Sadan, result => ['101', 'Vikas Sadan Gurgaon, Gurgaon, India', Timestamp('2024-01-19 06:00:00')]
2024-01-19 01:50:11,307 - __main__ - INFO - The hourly data has been written to data/cron_job_data/vikas_sadan_cron_output.csv with Timestamp: 2024-01-19 06:00:00
2024-01-19 01:50:11,308 - __main__ - INFO - Calling writeData & retrain_model functions.
2024-01-19 01:50:11,313 - __main__ - INFO - df_api columns Index(['AQI'], dtype='object')
2024-01-19 01:50:11,314 - __main__ - INFO - today=> 2024-01-19 & yesterday=> 2024-01-18
2024-01-19 01:50:11,316 - __main__ - INFO - temp_daily_aqi columns Index(['Unnamed: 0', 'Date', 'AQI'], dtype='object')
2024-01-19 01:50:11,318 - __main__ - INFO - temp_daily_aqi[2024-01-18]=> Empty DataFrame
Columns: [Unnamed: 0, AQI]
Index: []
2024-01-19 01:50:11,318 - __main__ - INFO - Index => 1414, yesterday => 2024-01-18 & AQI => 199.0
2024-01-19 01:50:11,319 - __main__ - INFO - Daily AQI data has been written to data/cleaned_data/Forecasting_time_series/sector_51_daily_aqi.csv
2024-01-19 01:50:11,319 - __main__ - INFO - Index => 1414, yesterday => 2024-01-18 & AQI => 199.0
2024-01-19 01:50:11,319 - __main__ - INFO - Daily AQI data has been written to static/data/sector_51_daily_aqi.csv
2024-01-19 01:50:11,324 - __main__ - INFO - Re-training the model & train_end is 2024-01-13 00:00:00
2024-01-19 01:50:12,799 - __main__ - INFO - Retrained the model & MAPE is 41.74%
2024-01-19 01:50:14,297 - __main__ - INFO - Forecast=> 2024-01-19    209.908723
2024-01-20    209.588320
2024-01-21    197.902556
2024-01-22    202.393409
2024-01-23    206.656686
Freq: D, Name: predicted_mean, dtype: float64
2024-01-19 01:50:14,297 - __main__ - INFO - The forecast data has been written to data/cleaned_data/Forecasting_time_series/forecast_sector_51_daily_aqi.csv
2024-01-19 01:50:14,298 - __main__ - INFO - The forecast data has been written to static/data/forecast_sector_51_daily_aqi.csv
2024-01-19 03:07:36,992 - __main__ - INFO - station=> nise gwal, result => ['154', 'NISE Gwal Pahari, Gurugram, India', Timestamp('2024-01-19 08:00:00')]
2024-01-19 03:07:36,992 - __main__ - INFO - The hourly data has been written to data/cron_job_data/nise_cron_output.csv with Timestamp: 2024-01-19 08:00:00
2024-01-19 03:07:37,646 - __main__ - INFO - station=> Sector-51, Gurugram, result => ['178', 'Sector-51, Gurugram, India', Timestamp('2024-01-19 08:00:00')]
2024-01-19 03:07:37,646 - __main__ - INFO - The hourly data has been written to data/cron_job_data/sector_51_cron_output.csv with Timestamp: 2024-01-19 08:00:00
2024-01-19 03:07:38,316 - __main__ - INFO - station=> Sector-51, Gurugram, result => ['178', 'Sector-51, Gurugram, India', Timestamp('2024-01-19 08:00:00')]
2024-01-19 03:07:38,316 - __main__ - INFO - The hourly data has been written to static/data/sector_51_cron_output.csv with Timestamp: 2024-01-19 08:00:00
2024-01-19 03:07:38,954 - __main__ - INFO - station=> Teri Gram, result => ['162', 'Teri Gram, Gurugram, India', Timestamp('2024-01-19 08:00:00')]
2024-01-19 03:07:38,954 - __main__ - INFO - The hourly data has been written to data/cron_job_data/teri_gram_cron_output.csv with Timestamp: 2024-01-19 08:00:00
2024-01-19 03:07:39,589 - __main__ - INFO - station=> Vikas Sadan, result => ['86', 'Vikas Sadan Gurgaon, Gurgaon, India', Timestamp('2024-01-19 08:00:00')]
2024-01-19 03:07:39,589 - __main__ - INFO - The hourly data has been written to data/cron_job_data/vikas_sadan_cron_output.csv with Timestamp: 2024-01-19 08:00:00
