2024-08-20 00:36:01,536 - __main__ - INFO - station=> Sector-51, Gurugram, result => ['177', 'Sector-51, Gurugram, India', Timestamp('2024-08-20 05:00:00')]
2024-08-20 00:36:01,536 - __main__ - INFO - The hourly data has been written to data/cron_job_data/sector_51_cron_output.csv with Timestamp: 2024-08-20 05:00:00
2024-08-20 00:36:02,232 - __main__ - INFO - station=> Sector-51, Gurugram, result => ['177', 'Sector-51, Gurugram, India', Timestamp('2024-08-20 05:00:00')]
2024-08-20 00:36:02,232 - __main__ - INFO - The hourly data has been written to static/data/sector_51_cron_output.csv with Timestamp: 2024-08-20 05:00:00
2024-08-20 00:36:02,640 - __main__ - INFO - df_api columns Index(['AQI'], dtype='object')
2024-08-20 00:36:02,640 - __main__ - INFO - today=> 2024-08-20 & yesterday=> 2024-08-19
2024-08-20 00:36:02,642 - __main__ - INFO - temp_daily_aqi columns Index(['Unnamed: 0', 'Date', 'AQI'], dtype='object')
2024-08-20 00:36:02,644 - __main__ - INFO - temp_daily_aqi[2024-08-19]=> Empty DataFrame
Columns: [Unnamed: 0, AQI]
Index: []
2024-08-20 00:36:02,645 - __main__ - INFO - Index => 1628, yesterday => 2024-08-19 & AQI => 155.0
2024-08-20 00:36:02,645 - __main__ - INFO - Daily AQI data has been written to data/cleaned_data/Forecasting_time_series/sector_51_daily_aqi.csv
2024-08-20 00:36:02,646 - __main__ - INFO - Index => 1628, yesterday => 2024-08-19 & AQI => 155.0
2024-08-20 00:36:02,646 - __main__ - INFO - Daily AQI data has been written to static/data/sector_51_daily_aqi.csv
2024-08-20 00:36:02,650 - __main__ - INFO - Re-training the model & train_end is 2024-08-14 00:00:00
2024-08-20 00:36:04,163 - __main__ - INFO - Retrained the model & MAPE is 3.39%
2024-08-20 00:36:04,163 - __main__ - INFO - Retrained the model & MAE is 5.315529455462785
2024-08-20 00:36:05,799 - __main__ - INFO - Forecast=> 2024-08-20    157.131618
2024-08-21    164.075872
2024-08-22    169.129540
2024-08-23    173.055219
2024-08-24    187.103419
Freq: D, Name: predicted_mean, dtype: float64
2024-08-20 00:36:05,800 - __main__ - INFO - The forecast data has been written to data/cleaned_data/Forecasting_time_series/forecast_sector_51_daily_aqi.csv
2024-08-20 00:36:05,800 - __main__ - INFO - The forecast data has been written to static/data/forecast_sector_51_daily_aqi.csv
2024-08-20 01:59:05,666 - __main__ - INFO - station=> Sector-51, Gurugram, result => ['162', 'Sector-51, Gurugram, India', Timestamp('2024-08-20 07:00:00')]
2024-08-20 01:59:05,666 - __main__ - INFO - The hourly data has been written to data/cron_job_data/sector_51_cron_output.csv with Timestamp: 2024-08-20 07:00:00
2024-08-20 01:59:06,282 - __main__ - INFO - station=> Sector-51, Gurugram, result => ['162', 'Sector-51, Gurugram, India', Timestamp('2024-08-20 07:00:00')]
2024-08-20 01:59:06,282 - __main__ - INFO - The hourly data has been written to static/data/sector_51_cron_output.csv with Timestamp: 2024-08-20 07:00:00
2024-08-20 01:59:06,440 - __main__ - INFO - df_api columns Index(['AQI'], dtype='object')
2024-08-20 01:59:06,441 - __main__ - INFO - today=> 2024-08-20 & yesterday=> 2024-08-19
2024-08-20 01:59:06,443 - __main__ - INFO - temp_daily_aqi columns Index(['Unnamed: 0', 'Date', 'AQI'], dtype='object')
2024-08-20 01:59:06,450 - __main__ - INFO - temp_daily_aqi[2024-08-19]=>             Unnamed: 0    AQI
Date                         
2024-08-19        1628  155.0
2024-08-20 01:59:06,454 - __main__ - INFO - Re-training the model & train_end is 2024-08-14 00:00:00
2024-08-20 01:59:07,837 - __main__ - INFO - Retrained the model & MAPE is 3.39%
2024-08-20 01:59:07,837 - __main__ - INFO - Retrained the model & MAE is 5.315529455462785
2024-08-20 01:59:09,448 - __main__ - INFO - Forecast=> 2024-08-20    157.131618
2024-08-21    164.075872
2024-08-22    169.129540
2024-08-23    173.055219
2024-08-24    187.103419
Freq: D, Name: predicted_mean, dtype: float64
2024-08-20 01:59:09,449 - __main__ - INFO - The forecast data has been written to data/cleaned_data/Forecasting_time_series/forecast_sector_51_daily_aqi.csv
2024-08-20 01:59:09,449 - __main__ - INFO - The forecast data has been written to static/data/forecast_sector_51_daily_aqi.csv
2024-08-20 03:10:21,225 - __main__ - INFO - station=> Sector-51, Gurugram, result => ['155', 'Sector-51, Gurugram, India', Timestamp('2024-08-20 08:00:00')]
2024-08-20 03:10:21,226 - __main__ - INFO - The hourly data has been written to data/cron_job_data/sector_51_cron_output.csv with Timestamp: 2024-08-20 08:00:00
2024-08-20 03:10:21,908 - __main__ - INFO - station=> Sector-51, Gurugram, result => ['155', 'Sector-51, Gurugram, India', Timestamp('2024-08-20 08:00:00')]
2024-08-20 03:10:21,908 - __main__ - INFO - The hourly data has been written to static/data/sector_51_cron_output.csv with Timestamp: 2024-08-20 08:00:00
