2024-09-20 01:11:52,286 - __main__ - INFO - station=> Sector-51, Gurugram, result => ['117', 'Sector-51, Gurugram, India', Timestamp('2024-09-20 06:00:00')]
2024-09-20 01:11:52,286 - __main__ - INFO - The hourly data has been written to data/cron_job_data/sector_51_cron_output.csv with Timestamp: 2024-09-20 06:00:00
2024-09-20 01:11:52,769 - __main__ - INFO - station=> Sector-51, Gurugram, result => ['117', 'Sector-51, Gurugram, India', Timestamp('2024-09-20 06:00:00')]
2024-09-20 01:11:52,769 - __main__ - INFO - The hourly data has been written to static/data/sector_51_cron_output.csv with Timestamp: 2024-09-20 06:00:00
2024-09-20 01:11:52,826 - __main__ - INFO - df_api columns Index(['AQI'], dtype='object')
2024-09-20 01:11:52,826 - __main__ - INFO - today=> 2024-09-20 & yesterday=> 2024-09-19
2024-09-20 01:11:52,828 - __main__ - INFO - temp_daily_aqi columns Index(['Unnamed: 0', 'Date', 'AQI'], dtype='object')
2024-09-20 01:11:52,831 - __main__ - INFO - temp_daily_aqi[2024-09-19]=> Empty DataFrame
Columns: [Unnamed: 0, AQI]
Index: []
2024-09-20 01:11:52,832 - __main__ - INFO - Index => 1659, yesterday => 2024-09-19 & AQI => 109.0
2024-09-20 01:11:52,832 - __main__ - INFO - Daily AQI data has been written to data/cleaned_data/Forecasting_time_series/sector_51_daily_aqi.csv
2024-09-20 01:11:52,832 - __main__ - INFO - Index => 1659, yesterday => 2024-09-19 & AQI => 109.0
2024-09-20 01:11:52,833 - __main__ - INFO - Daily AQI data has been written to static/data/sector_51_daily_aqi.csv
2024-09-20 01:11:52,838 - __main__ - INFO - Re-training the model & train_end is 2024-09-14 00:00:00
2024-09-20 01:11:54,206 - __main__ - INFO - Retrained the model & MAPE is 16.36%
2024-09-20 01:11:54,207 - __main__ - INFO - Retrained the model & MAE is 22.023353091084044
2024-09-20 01:11:55,641 - __main__ - INFO - Forecast=> 2024-09-20    131.586229
2024-09-21    150.661921
2024-09-22    137.440400
2024-09-23    150.560502
2024-09-24    152.232362
Freq: D, Name: predicted_mean, dtype: float64
2024-09-20 01:11:55,641 - __main__ - INFO - The forecast data has been written to data/cleaned_data/Forecasting_time_series/forecast_sector_51_daily_aqi.csv
2024-09-20 01:11:55,642 - __main__ - INFO - The forecast data has been written to static/data/forecast_sector_51_daily_aqi.csv
2024-09-20 04:19:05,662 - __main__ - INFO - station=> Sector-51, Gurugram, result => ['161', 'Sector-51, Gurugram, India', Timestamp('2024-09-20 09:00:00')]
2024-09-20 04:19:05,662 - __main__ - INFO - The hourly data has been written to data/cron_job_data/sector_51_cron_output.csv with Timestamp: 2024-09-20 09:00:00
2024-09-20 04:19:06,145 - __main__ - INFO - station=> Sector-51, Gurugram, result => ['161', 'Sector-51, Gurugram, India', Timestamp('2024-09-20 09:00:00')]
2024-09-20 04:19:06,145 - __main__ - INFO - The hourly data has been written to static/data/sector_51_cron_output.csv with Timestamp: 2024-09-20 09:00:00
2024-09-20 08:20:25,701 - __main__ - INFO - station=> Sector-51, Gurugram, result => ['96', 'Sector-51, Gurugram, India', Timestamp('2024-09-20 13:00:00')]
2024-09-20 08:20:25,701 - __main__ - INFO - The hourly data has been written to data/cron_job_data/sector_51_cron_output.csv with Timestamp: 2024-09-20 13:00:00
2024-09-20 08:20:26,405 - __main__ - INFO - station=> Sector-51, Gurugram, result => ['96', 'Sector-51, Gurugram, India', Timestamp('2024-09-20 13:00:00')]
2024-09-20 08:20:26,405 - __main__ - INFO - The hourly data has been written to static/data/sector_51_cron_output.csv with Timestamp: 2024-09-20 13:00:00
