2024-07-20 00:34:22,118 - __main__ - INFO - station=> Sector-51, Gurugram, result => ['160', 'Sector-51, Gurugram, India', Timestamp('2024-07-20 05:00:00')]
2024-07-20 00:34:22,119 - __main__ - INFO - The hourly data has been written to data/cron_job_data/sector_51_cron_output.csv with Timestamp: 2024-07-20 05:00:00
2024-07-20 00:34:22,774 - __main__ - INFO - station=> Sector-51, Gurugram, result => ['160', 'Sector-51, Gurugram, India', Timestamp('2024-07-20 05:00:00')]
2024-07-20 00:34:22,774 - __main__ - INFO - The hourly data has been written to static/data/sector_51_cron_output.csv with Timestamp: 2024-07-20 05:00:00
2024-07-20 01:54:39,583 - __main__ - INFO - station=> Sector-51, Gurugram, result => ['128', 'Sector-51, Gurugram, India', Timestamp('2024-07-20 07:00:00')]
2024-07-20 01:54:39,583 - __main__ - INFO - The hourly data has been written to data/cron_job_data/sector_51_cron_output.csv with Timestamp: 2024-07-20 07:00:00
2024-07-20 01:54:40,064 - __main__ - INFO - station=> Sector-51, Gurugram, result => ['128', 'Sector-51, Gurugram, India', Timestamp('2024-07-20 07:00:00')]
2024-07-20 01:54:40,064 - __main__ - INFO - The hourly data has been written to static/data/sector_51_cron_output.csv with Timestamp: 2024-07-20 07:00:00
2024-07-20 01:54:40,065 - __main__ - INFO - Calling writeData & retrain_model functions.
2024-07-20 01:54:40,073 - __main__ - INFO - df_api columns Index(['AQI'], dtype='object')
2024-07-20 01:54:40,074 - __main__ - INFO - today=> 2024-07-20 & yesterday=> 2024-07-19
2024-07-20 01:54:40,075 - __main__ - INFO - temp_daily_aqi columns Index(['Unnamed: 0', 'Date', 'AQI'], dtype='object')
2024-07-20 01:54:40,078 - __main__ - INFO - temp_daily_aqi[2024-07-19]=> Empty DataFrame
Columns: [Unnamed: 0, AQI]
Index: []
2024-07-20 01:54:40,078 - __main__ - INFO - Index => 1597, yesterday => 2024-07-19 & AQI => 158.0
2024-07-20 01:54:40,079 - __main__ - INFO - Daily AQI data has been written to data/cleaned_data/Forecasting_time_series/sector_51_daily_aqi.csv
2024-07-20 01:54:40,079 - __main__ - INFO - Index => 1597, yesterday => 2024-07-19 & AQI => 158.0
2024-07-20 01:54:40,079 - __main__ - INFO - Daily AQI data has been written to static/data/sector_51_daily_aqi.csv
2024-07-20 01:54:40,084 - __main__ - INFO - Re-training the model & train_end is 2024-07-14 00:00:00
2024-07-20 01:54:41,270 - __main__ - INFO - Retrained the model & MAPE is 28.98%
2024-07-20 01:54:41,271 - __main__ - INFO - Retrained the model & MAE is 73.97727960828442
2024-07-20 01:54:42,530 - __main__ - INFO - Forecast=> 2024-07-20    177.072605
2024-07-21    160.690643
2024-07-22    172.763432
2024-07-23    172.734136
2024-07-24    178.068832
Freq: D, Name: predicted_mean, dtype: float64
2024-07-20 01:54:42,531 - __main__ - INFO - The forecast data has been written to data/cleaned_data/Forecasting_time_series/forecast_sector_51_daily_aqi.csv
2024-07-20 01:54:42,531 - __main__ - INFO - The forecast data has been written to static/data/forecast_sector_51_daily_aqi.csv
2024-07-20 03:08:26,772 - __main__ - INFO - station=> Sector-51, Gurugram, result => ['90', 'Sector-51, Gurugram, India', Timestamp('2024-07-20 08:00:00')]
2024-07-20 03:08:26,772 - __main__ - INFO - The hourly data has been written to data/cron_job_data/sector_51_cron_output.csv with Timestamp: 2024-07-20 08:00:00
2024-07-20 03:08:27,418 - __main__ - INFO - station=> Sector-51, Gurugram, result => ['90', 'Sector-51, Gurugram, India', Timestamp('2024-07-20 08:00:00')]
2024-07-20 03:08:27,418 - __main__ - INFO - The hourly data has been written to static/data/sector_51_cron_output.csv with Timestamp: 2024-07-20 08:00:00
2024-07-20 04:11:07,290 - __main__ - INFO - station=> Sector-51, Gurugram, result => ['77', 'Sector-51, Gurugram, India', Timestamp('2024-07-20 09:00:00')]
2024-07-20 04:11:07,290 - __main__ - INFO - The hourly data has been written to data/cron_job_data/sector_51_cron_output.csv with Timestamp: 2024-07-20 09:00:00
2024-07-20 04:11:07,765 - __main__ - INFO - station=> Sector-51, Gurugram, result => ['77', 'Sector-51, Gurugram, India', Timestamp('2024-07-20 09:00:00')]
2024-07-20 04:11:07,765 - __main__ - INFO - The hourly data has been written to static/data/sector_51_cron_output.csv with Timestamp: 2024-07-20 09:00:00
2024-07-20 05:08:28,258 - __main__ - INFO - station=> Sector-51, Gurugram, result => ['66', 'Sector-51, Gurugram, India', Timestamp('2024-07-20 10:00:00')]
2024-07-20 05:08:28,258 - __main__ - INFO - The hourly data has been written to data/cron_job_data/sector_51_cron_output.csv with Timestamp: 2024-07-20 10:00:00
2024-07-20 05:08:28,729 - __main__ - INFO - station=> Sector-51, Gurugram, result => ['66', 'Sector-51, Gurugram, India', Timestamp('2024-07-20 10:00:00')]
2024-07-20 05:08:28,729 - __main__ - INFO - The hourly data has been written to static/data/sector_51_cron_output.csv with Timestamp: 2024-07-20 10:00:00
2024-07-20 06:11:51,004 - __main__ - INFO - station=> Sector-51, Gurugram, result => ['49', 'Sector-51, Gurugram, India', Timestamp('2024-07-20 11:00:00')]
2024-07-20 06:11:51,004 - __main__ - INFO - The hourly data has been written to data/cron_job_data/sector_51_cron_output.csv with Timestamp: 2024-07-20 11:00:00
2024-07-20 06:11:51,470 - __main__ - INFO - station=> Sector-51, Gurugram, result => ['49', 'Sector-51, Gurugram, India', Timestamp('2024-07-20 11:00:00')]
2024-07-20 06:11:51,470 - __main__ - INFO - The hourly data has been written to static/data/sector_51_cron_output.csv with Timestamp: 2024-07-20 11:00:00
