2024-06-20 01:52:34,414 - __main__ - INFO - Calling writeData & retrain_model functions.
2024-06-20 01:52:34,422 - __main__ - INFO - df_api columns Index(['AQI'], dtype='object')
2024-06-20 01:52:34,422 - __main__ - INFO - today=> 2024-06-20 & yesterday=> 2024-06-19
2024-06-20 01:52:34,424 - __main__ - INFO - temp_daily_aqi columns Index(['Unnamed: 0', 'Date', 'AQI'], dtype='object')
2024-06-20 01:52:34,427 - __main__ - INFO - temp_daily_aqi[2024-06-19]=> Empty DataFrame
Columns: [Unnamed: 0, AQI]
Index: []
2024-06-20 01:52:34,427 - __main__ - INFO - Index => 1567, yesterday => 2024-06-19 & AQI => 168.0
2024-06-20 01:52:34,427 - __main__ - INFO - Daily AQI data has been written to data/cleaned_data/Forecasting_time_series/sector_51_daily_aqi.csv
2024-06-20 01:52:34,428 - __main__ - INFO - Index => 1567, yesterday => 2024-06-19 & AQI => 168.0
2024-06-20 01:52:34,428 - __main__ - INFO - Daily AQI data has been written to static/data/sector_51_daily_aqi.csv
2024-06-20 01:52:34,432 - __main__ - INFO - Re-training the model & train_end is 2024-06-14 00:00:00
2024-06-20 01:52:35,674 - __main__ - INFO - Retrained the model & MAPE is 40.03%
2024-06-20 01:52:35,674 - __main__ - INFO - Retrained the model & MAE is 61.03190012234866
2024-06-20 01:52:36,815 - __main__ - INFO - Forecast=> 2024-06-20    167.532371
2024-06-21    177.566039
2024-06-22    196.817039
2024-06-23    175.857323
2024-06-24    182.879502
Freq: D, Name: predicted_mean, dtype: float64
2024-06-20 01:52:36,816 - __main__ - INFO - The forecast data has been written to data/cleaned_data/Forecasting_time_series/forecast_sector_51_daily_aqi.csv
2024-06-20 01:52:36,816 - __main__ - INFO - The forecast data has been written to static/data/forecast_sector_51_daily_aqi.csv
2024-06-20 10:08:08,854 - __main__ - INFO - station=> Sector-51, Gurugram, result => ['165', 'Sector-51, Gurugram, India', Timestamp('2024-06-20 15:00:00')]
2024-06-20 10:08:08,854 - __main__ - INFO - The hourly data has been written to data/cron_job_data/sector_51_cron_output.csv with Timestamp: 2024-06-20 15:00:00
2024-06-20 10:08:09,527 - __main__ - INFO - station=> Sector-51, Gurugram, result => ['165', 'Sector-51, Gurugram, India', Timestamp('2024-06-20 15:00:00')]
2024-06-20 10:08:09,527 - __main__ - INFO - The hourly data has been written to static/data/sector_51_cron_output.csv with Timestamp: 2024-06-20 15:00:00
2024-06-20 12:13:17,085 - __main__ - INFO - station=> Sector-51, Gurugram, result => ['162', 'Sector-51, Gurugram, India', Timestamp('2024-06-20 17:00:00')]
2024-06-20 12:13:17,085 - __main__ - INFO - The hourly data has been written to data/cron_job_data/sector_51_cron_output.csv with Timestamp: 2024-06-20 17:00:00
2024-06-20 12:13:17,563 - __main__ - INFO - station=> Sector-51, Gurugram, result => ['162', 'Sector-51, Gurugram, India', Timestamp('2024-06-20 17:00:00')]
2024-06-20 12:13:17,563 - __main__ - INFO - The hourly data has been written to static/data/sector_51_cron_output.csv with Timestamp: 2024-06-20 17:00:00
2024-06-20 13:10:28,962 - __main__ - INFO - station=> Sector-51, Gurugram, result => ['159', 'Sector-51, Gurugram, India', Timestamp('2024-06-20 18:00:00')]
2024-06-20 13:10:28,962 - __main__ - INFO - The hourly data has been written to data/cron_job_data/sector_51_cron_output.csv with Timestamp: 2024-06-20 18:00:00
2024-06-20 13:10:29,428 - __main__ - INFO - station=> Sector-51, Gurugram, result => ['159', 'Sector-51, Gurugram, India', Timestamp('2024-06-20 18:00:00')]
2024-06-20 13:10:29,428 - __main__ - INFO - The hourly data has been written to static/data/sector_51_cron_output.csv with Timestamp: 2024-06-20 18:00:00
2024-06-20 14:07:13,177 - __main__ - INFO - station=> Sector-51, Gurugram, result => ['161', 'Sector-51, Gurugram, India', Timestamp('2024-06-20 19:00:00')]
2024-06-20 14:07:13,177 - __main__ - INFO - The hourly data has been written to data/cron_job_data/sector_51_cron_output.csv with Timestamp: 2024-06-20 19:00:00
2024-06-20 14:07:13,880 - __main__ - INFO - station=> Sector-51, Gurugram, result => ['161', 'Sector-51, Gurugram, India', Timestamp('2024-06-20 19:00:00')]
2024-06-20 14:07:13,880 - __main__ - INFO - The hourly data has been written to static/data/sector_51_cron_output.csv with Timestamp: 2024-06-20 19:00:00
