2024-10-20 01:19:56,604 - __main__ - INFO - station=> Sector-51, Gurugram, result => ['182', 'Sector-51, Gurugram, India', Timestamp('2024-10-20 06:00:00')]
2024-10-20 01:19:56,604 - __main__ - INFO - The hourly data has been written to data/cron_job_data/sector_51_cron_output.csv with Timestamp: 2024-10-20 06:00:00
2024-10-20 01:19:57,099 - __main__ - INFO - station=> Sector-51, Gurugram, result => ['182', 'Sector-51, Gurugram, India', Timestamp('2024-10-20 06:00:00')]
2024-10-20 01:19:57,099 - __main__ - INFO - The hourly data has been written to static/data/sector_51_cron_output.csv with Timestamp: 2024-10-20 06:00:00
2024-10-20 01:19:57,154 - __main__ - INFO - df_api columns Index(['AQI'], dtype='object')
2024-10-20 01:19:57,154 - __main__ - INFO - today=> 2024-10-20 & yesterday=> 2024-10-19
2024-10-20 01:19:57,156 - __main__ - INFO - temp_daily_aqi columns Index(['Unnamed: 0', 'Date', 'AQI'], dtype='object')
2024-10-20 01:19:57,158 - __main__ - INFO - temp_daily_aqi[2024-10-19]=> Empty DataFrame
Columns: [Unnamed: 0, AQI]
Index: []
2024-10-20 01:19:57,159 - __main__ - INFO - Index => 1689, yesterday => 2024-10-19 & AQI => 230.0
2024-10-20 01:19:57,159 - __main__ - INFO - Daily AQI data has been written to data/cleaned_data/Forecasting_time_series/sector_51_daily_aqi.csv
2024-10-20 01:19:57,159 - __main__ - INFO - Index => 1689, yesterday => 2024-10-19 & AQI => 230.0
2024-10-20 01:19:57,160 - __main__ - INFO - Daily AQI data has been written to static/data/sector_51_daily_aqi.csv
2024-10-20 01:19:57,165 - __main__ - INFO - Re-training the model & train_end is 2024-10-14 00:00:00
2024-10-20 01:19:58,543 - __main__ - INFO - Retrained the model & MAPE is 53.02%
2024-10-20 01:19:58,544 - __main__ - INFO - Retrained the model & MAE is 101.03170359768174
2024-10-20 01:19:59,767 - __main__ - INFO - Forecast=> 2024-10-20    204.775595
2024-10-21    211.068334
2024-10-22    204.871076
2024-10-23    203.064464
2024-10-24    204.010749
Freq: D, Name: predicted_mean, dtype: float64
2024-10-20 01:19:59,768 - __main__ - INFO - The forecast data has been written to data/cleaned_data/Forecasting_time_series/forecast_sector_51_daily_aqi.csv
2024-10-20 01:19:59,768 - __main__ - INFO - The forecast data has been written to static/data/forecast_sector_51_daily_aqi.csv
2024-10-20 04:19:31,708 - __main__ - INFO - station=> Sector-51, Gurugram, result => ['203', 'Sector-51, Gurugram, India', Timestamp('2024-10-20 09:00:00')]
2024-10-20 04:19:31,708 - __main__ - INFO - The hourly data has been written to data/cron_job_data/sector_51_cron_output.csv with Timestamp: 2024-10-20 09:00:00
2024-10-20 04:19:32,335 - __main__ - INFO - station=> Sector-51, Gurugram, result => ['203', 'Sector-51, Gurugram, India', Timestamp('2024-10-20 09:00:00')]
2024-10-20 04:19:32,335 - __main__ - INFO - The hourly data has been written to static/data/sector_51_cron_output.csv with Timestamp: 2024-10-20 09:00:00
2024-10-20 08:21:54,257 - __main__ - INFO - station=> Sector-51, Gurugram, result => ['158', 'Sector-51, Gurugram, India', Timestamp('2024-10-20 13:00:00')]
2024-10-20 08:21:54,258 - __main__ - INFO - The hourly data has been written to data/cron_job_data/sector_51_cron_output.csv with Timestamp: 2024-10-20 13:00:00
2024-10-20 08:21:54,884 - __main__ - INFO - station=> Sector-51, Gurugram, result => ['158', 'Sector-51, Gurugram, India', Timestamp('2024-10-20 13:00:00')]
2024-10-20 08:21:54,884 - __main__ - INFO - The hourly data has been written to static/data/sector_51_cron_output.csv with Timestamp: 2024-10-20 13:00:00
2024-10-20 12:30:41,241 - __main__ - INFO - station=> Sector-51, Gurugram, result => ['181', 'Sector-51, Gurugram, India', Timestamp('2024-10-20 17:00:00')]
2024-10-20 12:30:41,241 - __main__ - INFO - The hourly data has been written to data/cron_job_data/sector_51_cron_output.csv with Timestamp: 2024-10-20 17:00:00
2024-10-20 12:30:41,951 - __main__ - INFO - station=> Sector-51, Gurugram, result => ['181', 'Sector-51, Gurugram, India', Timestamp('2024-10-20 17:00:00')]
2024-10-20 12:30:41,951 - __main__ - INFO - The hourly data has been written to static/data/sector_51_cron_output.csv with Timestamp: 2024-10-20 17:00:00
2024-10-20 16:18:41,072 - __main__ - INFO - station=> Sector-51, Gurugram, result => ['462', 'Sector-51, Gurugram, India', Timestamp('2024-10-20 21:00:00')]
2024-10-20 16:18:41,072 - __main__ - INFO - The hourly data has been written to data/cron_job_data/sector_51_cron_output.csv with Timestamp: 2024-10-20 21:00:00
2024-10-20 16:18:41,756 - __main__ - INFO - station=> Sector-51, Gurugram, result => ['462', 'Sector-51, Gurugram, India', Timestamp('2024-10-20 21:00:00')]
2024-10-20 16:18:41,757 - __main__ - INFO - The hourly data has been written to static/data/sector_51_cron_output.csv with Timestamp: 2024-10-20 21:00:00
