2023-12-20 00:23:32,476 - __main__ - INFO - station=> nise gwal, result => ['173', 'NISE Gwal Pahari, Gurugram, India', Timestamp('2023-12-20 05:00:00')]
2023-12-20 00:23:32,476 - __main__ - INFO - The data has been written to data/cron_job_data/nise_cron_output.csv with Timestamp: 2023-12-20 05:00:00
2023-12-20 00:23:32,953 - __main__ - INFO - station=> Sector-51, Gurugram, result => ['157', 'Sector-51, Gurugram, India', Timestamp('2023-12-20 05:00:00')]
2023-12-20 00:23:32,953 - __main__ - INFO - The data has been written to data/cron_job_data/sector_51_cron_output.csv with Timestamp: 2023-12-20 05:00:00
2023-12-20 00:23:33,431 - __main__ - INFO - station=> Teri Gram, result => ['198', 'Teri Gram, Gurugram, India', Timestamp('2023-12-20 05:00:00')]
2023-12-20 00:23:33,432 - __main__ - INFO - The data has been written to data/cron_job_data/teri_gram_cron_output.csv with Timestamp: 2023-12-20 05:00:00
2023-12-20 00:23:33,906 - __main__ - INFO - station=> Vikas Sadan, result => ['138', 'Vikas Sadan Gurgaon, Gurgaon, India', Timestamp('2023-12-20 05:00:00')]
2023-12-20 00:23:33,906 - __main__ - INFO - The data has been written to data/cron_job_data/vikas_sadan_cron_output.csv with Timestamp: 2023-12-20 05:00:00
2023-12-20 01:28:19,502 - __main__ - INFO - station=> nise gwal, result => ['171', 'NISE Gwal Pahari, Gurugram, India', Timestamp('2023-12-20 06:00:00')]
2023-12-20 01:28:19,503 - __main__ - INFO - The data has been written to data/cron_job_data/nise_cron_output.csv with Timestamp: 2023-12-20 06:00:00
2023-12-20 01:28:20,019 - __main__ - INFO - station=> Sector-51, Gurugram, result => ['157', 'Sector-51, Gurugram, India', Timestamp('2023-12-20 06:00:00')]
2023-12-20 01:28:20,020 - __main__ - INFO - The data has been written to data/cron_job_data/sector_51_cron_output.csv with Timestamp: 2023-12-20 06:00:00
2023-12-20 01:28:20,533 - __main__ - INFO - station=> Teri Gram, result => ['194', 'Teri Gram, Gurugram, India', Timestamp('2023-12-20 06:00:00')]
2023-12-20 01:28:20,534 - __main__ - INFO - The data has been written to data/cron_job_data/teri_gram_cron_output.csv with Timestamp: 2023-12-20 06:00:00
2023-12-20 01:28:21,075 - __main__ - INFO - station=> Vikas Sadan, result => ['145', 'Vikas Sadan Gurgaon, Gurgaon, India', Timestamp('2023-12-20 06:00:00')]
2023-12-20 01:28:21,075 - __main__ - INFO - The data has been written to data/cron_job_data/vikas_sadan_cron_output.csv with Timestamp: 2023-12-20 06:00:00
2023-12-20 02:02:08,252 - __main__ - INFO - station=> nise gwal, result => ['174', 'NISE Gwal Pahari, Gurugram, India', Timestamp('2023-12-20 07:00:00')]
2023-12-20 02:02:08,252 - __main__ - INFO - The data has been written to data/cron_job_data/nise_cron_output.csv with Timestamp: 2023-12-20 07:00:00
2023-12-20 02:02:08,943 - __main__ - INFO - station=> Sector-51, Gurugram, result => ['157', 'Sector-51, Gurugram, India', Timestamp('2023-12-20 07:00:00')]
2023-12-20 02:02:08,943 - __main__ - INFO - The data has been written to data/cron_job_data/sector_51_cron_output.csv with Timestamp: 2023-12-20 07:00:00
2023-12-20 02:02:09,654 - __main__ - INFO - station=> Teri Gram, result => ['188', 'Teri Gram, Gurugram, India', Timestamp('2023-12-20 07:00:00')]
2023-12-20 02:02:09,655 - __main__ - INFO - The data has been written to data/cron_job_data/teri_gram_cron_output.csv with Timestamp: 2023-12-20 07:00:00
2023-12-20 02:02:10,362 - __main__ - INFO - station=> Vikas Sadan, result => ['120', 'Vikas Sadan Gurgaon, Gurgaon, India', Timestamp('2023-12-20 07:00:00')]
2023-12-20 02:02:10,362 - __main__ - INFO - The data has been written to data/cron_job_data/vikas_sadan_cron_output.csv with Timestamp: 2023-12-20 07:00:00
