2024-01-21 00:33:09,532 - __main__ - INFO - station=> nise gwal, result => ['193', 'NISE Gwal Pahari, Gurugram, India', Timestamp('2024-01-21 05:00:00')]
2024-01-21 00:33:09,532 - __main__ - INFO - The hourly data has been written to data/cron_job_data/nise_cron_output.csv with Timestamp: 2024-01-21 05:00:00
2024-01-21 00:33:10,186 - __main__ - INFO - station=> Sector-51, Gurugram, result => ['321', 'Sector-51, Gurugram, India', Timestamp('2024-01-21 05:00:00')]
2024-01-21 00:33:10,186 - __main__ - INFO - The hourly data has been written to data/cron_job_data/sector_51_cron_output.csv with Timestamp: 2024-01-21 05:00:00
2024-01-21 00:33:10,845 - __main__ - INFO - station=> Sector-51, Gurugram, result => ['321', 'Sector-51, Gurugram, India', Timestamp('2024-01-21 05:00:00')]
2024-01-21 00:33:10,845 - __main__ - INFO - The hourly data has been written to static/data/sector_51_cron_output.csv with Timestamp: 2024-01-21 05:00:00
2024-01-21 00:33:11,473 - __main__ - INFO - station=> Teri Gram, result => ['152', 'Teri Gram, Gurugram, India', Timestamp('2024-01-21 05:00:00')]
2024-01-21 00:33:11,473 - __main__ - INFO - The hourly data has been written to data/cron_job_data/teri_gram_cron_output.csv with Timestamp: 2024-01-21 05:00:00
2024-01-21 00:33:12,101 - __main__ - INFO - station=> Vikas Sadan, result => ['155', 'Vikas Sadan Gurgaon, Gurgaon, India', Timestamp('2024-01-21 05:00:00')]
2024-01-21 00:33:12,101 - __main__ - INFO - The hourly data has been written to data/cron_job_data/vikas_sadan_cron_output.csv with Timestamp: 2024-01-21 05:00:00
2024-01-21 01:55:35,766 - __main__ - INFO - station=> nise gwal, result => ['175', 'NISE Gwal Pahari, Gurugram, India', Timestamp('2024-01-21 07:00:00')]
2024-01-21 01:55:35,766 - __main__ - INFO - The hourly data has been written to data/cron_job_data/nise_cron_output.csv with Timestamp: 2024-01-21 07:00:00
2024-01-21 01:55:36,398 - __main__ - INFO - station=> Sector-51, Gurugram, result => ['224', 'Sector-51, Gurugram, India', Timestamp('2024-01-21 07:00:00')]
2024-01-21 01:55:36,399 - __main__ - INFO - The hourly data has been written to data/cron_job_data/sector_51_cron_output.csv with Timestamp: 2024-01-21 07:00:00
2024-01-21 01:55:37,065 - __main__ - INFO - station=> Sector-51, Gurugram, result => ['224', 'Sector-51, Gurugram, India', Timestamp('2024-01-21 07:00:00')]
2024-01-21 01:55:37,065 - __main__ - INFO - The hourly data has been written to static/data/sector_51_cron_output.csv with Timestamp: 2024-01-21 07:00:00
2024-01-21 01:55:37,777 - __main__ - INFO - station=> Teri Gram, result => ['172', 'Teri Gram, Gurugram, India', Timestamp('2024-01-21 07:00:00')]
2024-01-21 01:55:37,778 - __main__ - INFO - The hourly data has been written to data/cron_job_data/teri_gram_cron_output.csv with Timestamp: 2024-01-21 07:00:00
2024-01-21 01:55:38,434 - __main__ - INFO - station=> Vikas Sadan, result => ['138', 'Vikas Sadan Gurgaon, Gurgaon, India', Timestamp('2024-01-21 07:00:00')]
2024-01-21 01:55:38,434 - __main__ - INFO - The hourly data has been written to data/cron_job_data/vikas_sadan_cron_output.csv with Timestamp: 2024-01-21 07:00:00
2024-01-21 01:55:38,435 - __main__ - INFO - Calling writeData & retrain_model functions.
2024-01-21 01:55:38,441 - __main__ - INFO - df_api columns Index(['AQI'], dtype='object')
2024-01-21 01:55:38,441 - __main__ - INFO - today=> 2024-01-21 & yesterday=> 2024-01-20
2024-01-21 01:55:38,443 - __main__ - INFO - temp_daily_aqi columns Index(['Unnamed: 0', 'Date', 'AQI'], dtype='object')
2024-01-21 01:55:38,446 - __main__ - INFO - temp_daily_aqi[2024-01-20]=> Empty DataFrame
Columns: [Unnamed: 0, AQI]
Index: []
2024-01-21 01:55:38,446 - __main__ - INFO - Index => 1416, yesterday => 2024-01-20 & AQI => 266.0
2024-01-21 01:55:38,446 - __main__ - INFO - Daily AQI data has been written to data/cleaned_data/Forecasting_time_series/sector_51_daily_aqi.csv
2024-01-21 01:55:38,447 - __main__ - INFO - Index => 1416, yesterday => 2024-01-20 & AQI => 266.0
2024-01-21 01:55:38,447 - __main__ - INFO - Daily AQI data has been written to static/data/sector_51_daily_aqi.csv
2024-01-21 01:55:38,451 - __main__ - INFO - Re-training the model & train_end is 2024-01-15 00:00:00
2024-01-21 01:55:39,993 - __main__ - INFO - Retrained the model & MAPE is 26.79%
2024-01-21 01:55:39,994 - __main__ - INFO - Retrained the model & MAE is 54.280774987809124%
2024-01-21 01:55:41,240 - __main__ - INFO - Forecast=> 2024-01-21    235.242467
2024-01-22    235.864661
2024-01-23    236.547116
2024-01-24    232.818759
2024-01-25    236.843067
Freq: D, Name: predicted_mean, dtype: float64
2024-01-21 01:55:41,241 - __main__ - INFO - The forecast data has been written to data/cleaned_data/Forecasting_time_series/forecast_sector_51_daily_aqi.csv
2024-01-21 01:55:41,241 - __main__ - INFO - The forecast data has been written to static/data/forecast_sector_51_daily_aqi.csv
2024-01-21 03:07:09,775 - __main__ - INFO - station=> nise gwal, result => ['171', 'NISE Gwal Pahari, Gurugram, India', Timestamp('2024-01-21 08:00:00')]
2024-01-21 03:07:09,776 - __main__ - INFO - The hourly data has been written to data/cron_job_data/nise_cron_output.csv with Timestamp: 2024-01-21 08:00:00
2024-01-21 03:07:10,325 - __main__ - INFO - station=> Sector-51, Gurugram, result => ['198', 'Sector-51, Gurugram, India', Timestamp('2024-01-21 08:00:00')]
2024-01-21 03:07:10,325 - __main__ - INFO - The hourly data has been written to data/cron_job_data/sector_51_cron_output.csv with Timestamp: 2024-01-21 08:00:00
2024-01-21 03:07:10,857 - __main__ - INFO - station=> Sector-51, Gurugram, result => ['198', 'Sector-51, Gurugram, India', Timestamp('2024-01-21 08:00:00')]
2024-01-21 03:07:10,857 - __main__ - INFO - The hourly data has been written to static/data/sector_51_cron_output.csv with Timestamp: 2024-01-21 08:00:00
2024-01-21 03:07:11,453 - __main__ - INFO - station=> Teri Gram, result => ['165', 'Teri Gram, Gurugram, India', Timestamp('2024-01-21 08:00:00')]
2024-01-21 03:07:11,454 - __main__ - INFO - The hourly data has been written to data/cron_job_data/teri_gram_cron_output.csv with Timestamp: 2024-01-21 08:00:00
2024-01-21 03:07:11,976 - __main__ - INFO - station=> Vikas Sadan, result => ['149', 'Vikas Sadan Gurgaon, Gurgaon, India', Timestamp('2024-01-21 08:00:00')]
2024-01-21 03:07:11,976 - __main__ - INFO - The hourly data has been written to data/cron_job_data/vikas_sadan_cron_output.csv with Timestamp: 2024-01-21 08:00:00
2024-01-21 04:07:44,559 - __main__ - INFO - station=> Sector-51, Gurugram, result => ['200', 'Sector-51, Gurugram, India', Timestamp('2024-01-21 09:00:00')]
2024-01-21 04:07:44,559 - __main__ - INFO - The hourly data has been written to data/cron_job_data/sector_51_cron_output.csv with Timestamp: 2024-01-21 09:00:00
2024-01-21 04:07:45,045 - __main__ - INFO - station=> Sector-51, Gurugram, result => ['200', 'Sector-51, Gurugram, India', Timestamp('2024-01-21 09:00:00')]
2024-01-21 04:07:45,045 - __main__ - INFO - The hourly data has been written to static/data/sector_51_cron_output.csv with Timestamp: 2024-01-21 09:00:00
2024-01-21 04:07:45,535 - __main__ - INFO - station=> Teri Gram, result => ['164', 'Teri Gram, Gurugram, India', Timestamp('2024-01-21 09:00:00')]
2024-01-21 04:07:45,535 - __main__ - INFO - The hourly data has been written to data/cron_job_data/teri_gram_cron_output.csv with Timestamp: 2024-01-21 09:00:00
2024-01-21 04:07:46,019 - __main__ - INFO - station=> Vikas Sadan, result => ['99', 'Vikas Sadan Gurgaon, Gurgaon, India', Timestamp('2024-01-21 09:00:00')]
2024-01-21 04:07:46,020 - __main__ - INFO - The hourly data has been written to data/cron_job_data/vikas_sadan_cron_output.csv with Timestamp: 2024-01-21 09:00:00
2024-01-21 05:41:28,616 - __main__ - INFO - station=> Sector-51, Gurugram, result => ['212', 'Sector-51, Gurugram, India', Timestamp('2024-01-21 11:00:00')]
2024-01-21 05:41:28,616 - __main__ - INFO - The hourly data has been written to data/cron_job_data/sector_51_cron_output.csv with Timestamp: 2024-01-21 11:00:00
2024-01-21 05:41:29,273 - __main__ - INFO - station=> Sector-51, Gurugram, result => ['212', 'Sector-51, Gurugram, India', Timestamp('2024-01-21 11:00:00')]
2024-01-21 05:41:29,273 - __main__ - INFO - The hourly data has been written to static/data/sector_51_cron_output.csv with Timestamp: 2024-01-21 11:00:00
2024-01-21 05:41:29,904 - __main__ - INFO - station=> Teri Gram, result => ['158', 'Teri Gram, Gurugram, India', Timestamp('2024-01-21 10:00:00')]
2024-01-21 05:41:29,904 - __main__ - INFO - The hourly data has been written to data/cron_job_data/teri_gram_cron_output.csv with Timestamp: 2024-01-21 10:00:00
2024-01-21 05:41:30,562 - __main__ - INFO - station=> Vikas Sadan, result => ['98', 'Vikas Sadan Gurgaon, Gurgaon, India', Timestamp('2024-01-21 10:00:00')]
2024-01-21 05:41:30,562 - __main__ - INFO - The hourly data has been written to data/cron_job_data/vikas_sadan_cron_output.csv with Timestamp: 2024-01-21 10:00:00
2024-01-21 06:08:24,325 - __main__ - INFO - station=> Teri Gram, result => ['172', 'Teri Gram, Gurugram, India', Timestamp('2024-01-21 11:00:00')]
2024-01-21 06:08:24,325 - __main__ - INFO - The hourly data has been written to data/cron_job_data/teri_gram_cron_output.csv with Timestamp: 2024-01-21 11:00:00
2024-01-21 06:08:25,000 - __main__ - INFO - station=> Vikas Sadan, result => ['115', 'Vikas Sadan Gurgaon, Gurgaon, India', Timestamp('2024-01-21 11:00:00')]
2024-01-21 06:08:25,000 - __main__ - INFO - The hourly data has been written to data/cron_job_data/vikas_sadan_cron_output.csv with Timestamp: 2024-01-21 11:00:00
2024-01-21 07:03:42,535 - __main__ - INFO - station=> Sector-51, Gurugram, result => ['239', 'Sector-51, Gurugram, India', Timestamp('2024-01-21 12:00:00')]
2024-01-21 07:03:42,535 - __main__ - INFO - The hourly data has been written to data/cron_job_data/sector_51_cron_output.csv with Timestamp: 2024-01-21 12:00:00
2024-01-21 07:03:43,192 - __main__ - INFO - station=> Sector-51, Gurugram, result => ['239', 'Sector-51, Gurugram, India', Timestamp('2024-01-21 12:00:00')]
2024-01-21 07:03:43,192 - __main__ - INFO - The hourly data has been written to static/data/sector_51_cron_output.csv with Timestamp: 2024-01-21 12:00:00
2024-01-21 07:03:43,833 - __main__ - INFO - station=> Teri Gram, result => ['166', 'Teri Gram, Gurugram, India', Timestamp('2024-01-21 12:00:00')]
2024-01-21 07:03:43,833 - __main__ - INFO - The hourly data has been written to data/cron_job_data/teri_gram_cron_output.csv with Timestamp: 2024-01-21 12:00:00
2024-01-21 07:03:44,457 - __main__ - INFO - station=> Vikas Sadan, result => ['152', 'Vikas Sadan Gurgaon, Gurgaon, India', Timestamp('2024-01-21 12:00:00')]
2024-01-21 07:03:44,457 - __main__ - INFO - The hourly data has been written to data/cron_job_data/vikas_sadan_cron_output.csv with Timestamp: 2024-01-21 12:00:00
