2024-02-21 01:13:41,117 - __main__ - INFO - setData function - AQI is not an integer. Exception ValueError has occured for station=> nise gwal
2024-02-21 01:13:41,589 - __main__ - INFO - station=> Sector-51, Gurugram, result => ['185', 'Sector-51, Gurugram, India', Timestamp('2024-02-21 06:00:00')]
2024-02-21 01:13:41,589 - __main__ - INFO - The hourly data has been written to data/cron_job_data/sector_51_cron_output.csv with Timestamp: 2024-02-21 06:00:00
2024-02-21 01:13:42,062 - __main__ - INFO - station=> Sector-51, Gurugram, result => ['185', 'Sector-51, Gurugram, India', Timestamp('2024-02-21 06:00:00')]
2024-02-21 01:13:42,062 - __main__ - INFO - The hourly data has been written to static/data/sector_51_cron_output.csv with Timestamp: 2024-02-21 06:00:00
2024-02-21 01:13:42,553 - __main__ - INFO - station=> Teri Gram, result => ['159', 'Teri Gram, Gurugram, India', Timestamp('2024-02-21 06:00:00')]
2024-02-21 01:13:42,553 - __main__ - INFO - The hourly data has been written to data/cron_job_data/teri_gram_cron_output.csv with Timestamp: 2024-02-21 06:00:00
2024-02-21 01:13:43,021 - __main__ - INFO - station=> Vikas Sadan, result => ['111', 'Vikas Sadan Gurgaon, Gurgaon, India', Timestamp('2024-02-21 06:00:00')]
2024-02-21 01:13:43,021 - __main__ - INFO - The hourly data has been written to data/cron_job_data/vikas_sadan_cron_output.csv with Timestamp: 2024-02-21 06:00:00
2024-02-21 01:13:43,021 - __main__ - INFO - Calling writeData & retrain_model functions.
2024-02-21 01:13:43,028 - __main__ - INFO - df_api columns Index(['AQI'], dtype='object')
2024-02-21 01:13:43,028 - __main__ - INFO - today=> 2024-02-21 & yesterday=> 2024-02-20
2024-02-21 01:13:43,030 - __main__ - INFO - temp_daily_aqi columns Index(['Unnamed: 0', 'Date', 'AQI'], dtype='object')
2024-02-21 01:13:43,032 - __main__ - INFO - temp_daily_aqi[2024-02-20]=> Empty DataFrame
Columns: [Unnamed: 0, AQI]
Index: []
2024-02-21 01:13:43,033 - __main__ - INFO - Index => 1447, yesterday => 2024-02-20 & AQI => 184.0
2024-02-21 01:13:43,033 - __main__ - INFO - Daily AQI data has been written to data/cleaned_data/Forecasting_time_series/sector_51_daily_aqi.csv
2024-02-21 01:13:43,033 - __main__ - INFO - Index => 1447, yesterday => 2024-02-20 & AQI => 184.0
2024-02-21 01:13:43,034 - __main__ - INFO - Daily AQI data has been written to static/data/sector_51_daily_aqi.csv
2024-02-21 01:13:43,038 - __main__ - INFO - Re-training the model & train_end is 2024-02-15 00:00:00
2024-02-21 01:13:44,105 - __main__ - INFO - Retrained the model & MAPE is 9.66%
2024-02-21 01:13:44,105 - __main__ - INFO - Retrained the model & MAE is 22.686153782735452%
2024-02-21 01:13:45,156 - __main__ - INFO - Forecast=> 2024-02-21    189.760434
2024-02-22    196.667017
2024-02-23    207.088128
2024-02-24    223.121772
2024-02-25    199.171464
Freq: D, Name: predicted_mean, dtype: float64
2024-02-21 01:13:45,156 - __main__ - INFO - The forecast data has been written to data/cleaned_data/Forecasting_time_series/forecast_sector_51_daily_aqi.csv
2024-02-21 01:13:45,157 - __main__ - INFO - The forecast data has been written to static/data/forecast_sector_51_daily_aqi.csv
2024-02-21 04:20:42,357 - __main__ - INFO - setData function - AQI is not an integer. Exception ValueError has occured for station=> nise gwal
2024-02-21 04:20:43,057 - __main__ - INFO - station=> Sector-51, Gurugram, result => ['189', 'Sector-51, Gurugram, India', Timestamp('2024-02-21 09:00:00')]
2024-02-21 04:20:43,057 - __main__ - INFO - The hourly data has been written to data/cron_job_data/sector_51_cron_output.csv with Timestamp: 2024-02-21 09:00:00
2024-02-21 04:20:43,755 - __main__ - INFO - station=> Sector-51, Gurugram, result => ['189', 'Sector-51, Gurugram, India', Timestamp('2024-02-21 09:00:00')]
2024-02-21 04:20:43,759 - __main__ - INFO - The hourly data has been written to static/data/sector_51_cron_output.csv with Timestamp: 2024-02-21 09:00:00
2024-02-21 04:20:44,442 - __main__ - INFO - station=> Teri Gram, result => ['157', 'Teri Gram, Gurugram, India', Timestamp('2024-02-21 09:00:00')]
2024-02-21 04:20:44,442 - __main__ - INFO - The hourly data has been written to data/cron_job_data/teri_gram_cron_output.csv with Timestamp: 2024-02-21 09:00:00
2024-02-21 04:20:45,139 - __main__ - INFO - station=> Vikas Sadan, result => ['86', 'Vikas Sadan Gurgaon, Gurgaon, India', Timestamp('2024-02-21 09:00:00')]
2024-02-21 04:20:45,139 - __main__ - INFO - The hourly data has been written to data/cron_job_data/vikas_sadan_cron_output.csv with Timestamp: 2024-02-21 09:00:00
