2024-06-21 01:53:07,735 - __main__ - INFO - station=> Sector-51, Gurugram, result => ['260', 'Sector-51, Gurugram, India', Timestamp('2024-06-21 07:00:00')]
2024-06-21 01:53:07,735 - __main__ - INFO - The hourly data has been written to data/cron_job_data/sector_51_cron_output.csv with Timestamp: 2024-06-21 07:00:00
2024-06-21 01:53:08,433 - __main__ - INFO - station=> Sector-51, Gurugram, result => ['260', 'Sector-51, Gurugram, India', Timestamp('2024-06-21 07:00:00')]
2024-06-21 01:53:08,433 - __main__ - INFO - The hourly data has been written to static/data/sector_51_cron_output.csv with Timestamp: 2024-06-21 07:00:00
2024-06-21 01:53:08,434 - __main__ - INFO - Calling writeData & retrain_model functions.
2024-06-21 01:53:08,442 - __main__ - INFO - df_api columns Index(['AQI'], dtype='object')
2024-06-21 01:53:08,443 - __main__ - INFO - today=> 2024-06-21 & yesterday=> 2024-06-20
2024-06-21 01:53:08,445 - __main__ - INFO - temp_daily_aqi columns Index(['Unnamed: 0', 'Date', 'AQI'], dtype='object')
2024-06-21 01:53:08,447 - __main__ - INFO - temp_daily_aqi[2024-06-20]=> Empty DataFrame
Columns: [Unnamed: 0, AQI]
Index: []
2024-06-21 01:53:08,448 - __main__ - INFO - Index => 1568, yesterday => 2024-06-20 & AQI => 248.0
2024-06-21 01:53:08,448 - __main__ - INFO - Daily AQI data has been written to data/cleaned_data/Forecasting_time_series/sector_51_daily_aqi.csv
2024-06-21 01:53:08,448 - __main__ - INFO - Index => 1568, yesterday => 2024-06-20 & AQI => 248.0
2024-06-21 01:53:08,449 - __main__ - INFO - Daily AQI data has been written to static/data/sector_51_daily_aqi.csv
2024-06-21 01:53:08,453 - __main__ - INFO - Re-training the model & train_end is 2024-06-15 00:00:00
2024-06-21 01:53:09,951 - __main__ - INFO - Retrained the model & MAPE is 11.27%
2024-06-21 01:53:09,951 - __main__ - INFO - Retrained the model & MAE is 23.286993244069144
2024-06-21 01:53:11,019 - __main__ - INFO - Forecast=> 2024-06-21    229.600548
2024-06-22    243.218372
2024-06-23    217.701144
2024-06-24    220.412982
2024-06-25    218.669777
Freq: D, Name: predicted_mean, dtype: float64
2024-06-21 01:53:11,019 - __main__ - INFO - The forecast data has been written to data/cleaned_data/Forecasting_time_series/forecast_sector_51_daily_aqi.csv
2024-06-21 01:53:11,020 - __main__ - INFO - The forecast data has been written to static/data/forecast_sector_51_daily_aqi.csv
2024-06-21 03:08:27,731 - __main__ - INFO - station=> Sector-51, Gurugram, result => ['160', 'Sector-51, Gurugram, India', Timestamp('2024-06-21 08:00:00')]
2024-06-21 03:08:27,732 - __main__ - INFO - The hourly data has been written to data/cron_job_data/sector_51_cron_output.csv with Timestamp: 2024-06-21 08:00:00
2024-06-21 03:08:28,396 - __main__ - INFO - station=> Sector-51, Gurugram, result => ['160', 'Sector-51, Gurugram, India', Timestamp('2024-06-21 08:00:00')]
2024-06-21 03:08:28,396 - __main__ - INFO - The hourly data has been written to static/data/sector_51_cron_output.csv with Timestamp: 2024-06-21 08:00:00
2024-06-21 04:10:26,109 - __main__ - INFO - station=> Sector-51, Gurugram, result => ['160', 'Sector-51, Gurugram, India', Timestamp('2024-06-21 09:00:00')]
2024-06-21 04:10:26,109 - __main__ - INFO - The hourly data has been written to data/cron_job_data/sector_51_cron_output.csv with Timestamp: 2024-06-21 09:00:00
2024-06-21 04:10:26,793 - __main__ - INFO - station=> Sector-51, Gurugram, result => ['160', 'Sector-51, Gurugram, India', Timestamp('2024-06-21 09:00:00')]
2024-06-21 04:10:26,793 - __main__ - INFO - The hourly data has been written to static/data/sector_51_cron_output.csv with Timestamp: 2024-06-21 09:00:00
2024-06-21 05:08:54,130 - __main__ - INFO - station=> Sector-51, Gurugram, result => ['167', 'Sector-51, Gurugram, India', Timestamp('2024-06-21 10:00:00')]
2024-06-21 05:08:54,130 - __main__ - INFO - The hourly data has been written to data/cron_job_data/sector_51_cron_output.csv with Timestamp: 2024-06-21 10:00:00
2024-06-21 05:08:54,600 - __main__ - INFO - station=> Sector-51, Gurugram, result => ['167', 'Sector-51, Gurugram, India', Timestamp('2024-06-21 10:00:00')]
2024-06-21 05:08:54,600 - __main__ - INFO - The hourly data has been written to static/data/sector_51_cron_output.csv with Timestamp: 2024-06-21 10:00:00
2024-06-21 06:10:52,874 - __main__ - INFO - station=> Sector-51, Gurugram, result => ['175', 'Sector-51, Gurugram, India', Timestamp('2024-06-21 11:00:00')]
2024-06-21 06:10:52,874 - __main__ - INFO - The hourly data has been written to data/cron_job_data/sector_51_cron_output.csv with Timestamp: 2024-06-21 11:00:00
2024-06-21 06:10:53,342 - __main__ - INFO - station=> Sector-51, Gurugram, result => ['175', 'Sector-51, Gurugram, India', Timestamp('2024-06-21 11:00:00')]
2024-06-21 06:10:53,342 - __main__ - INFO - The hourly data has been written to static/data/sector_51_cron_output.csv with Timestamp: 2024-06-21 11:00:00
2024-06-21 07:08:28,879 - __main__ - INFO - station=> Sector-51, Gurugram, result => ['180', 'Sector-51, Gurugram, India', Timestamp('2024-06-21 12:00:00')]
2024-06-21 07:08:28,880 - __main__ - INFO - The hourly data has been written to data/cron_job_data/sector_51_cron_output.csv with Timestamp: 2024-06-21 12:00:00
2024-06-21 07:08:29,543 - __main__ - INFO - station=> Sector-51, Gurugram, result => ['180', 'Sector-51, Gurugram, India', Timestamp('2024-06-21 12:00:00')]
2024-06-21 07:08:29,543 - __main__ - INFO - The hourly data has been written to static/data/sector_51_cron_output.csv with Timestamp: 2024-06-21 12:00:00
2024-06-21 08:10:52,045 - __main__ - INFO - station=> Sector-51, Gurugram, result => ['185', 'Sector-51, Gurugram, India', Timestamp('2024-06-21 13:00:00')]
2024-06-21 08:10:52,045 - __main__ - INFO - The hourly data has been written to data/cron_job_data/sector_51_cron_output.csv with Timestamp: 2024-06-21 13:00:00
2024-06-21 08:10:52,675 - __main__ - INFO - station=> Sector-51, Gurugram, result => ['185', 'Sector-51, Gurugram, India', Timestamp('2024-06-21 13:00:00')]
2024-06-21 08:10:52,675 - __main__ - INFO - The hourly data has been written to static/data/sector_51_cron_output.csv with Timestamp: 2024-06-21 13:00:00
2024-06-21 09:08:14,678 - __main__ - INFO - station=> Sector-51, Gurugram, result => ['186', 'Sector-51, Gurugram, India', Timestamp('2024-06-21 14:00:00')]
2024-06-21 09:08:14,678 - __main__ - INFO - The hourly data has been written to data/cron_job_data/sector_51_cron_output.csv with Timestamp: 2024-06-21 14:00:00
2024-06-21 09:08:15,142 - __main__ - INFO - station=> Sector-51, Gurugram, result => ['186', 'Sector-51, Gurugram, India', Timestamp('2024-06-21 14:00:00')]
2024-06-21 09:08:15,142 - __main__ - INFO - The hourly data has been written to static/data/sector_51_cron_output.csv with Timestamp: 2024-06-21 14:00:00
2024-06-21 11:07:05,207 - __main__ - INFO - station=> Sector-51, Gurugram, result => ['151', 'Sector-51, Gurugram, India', Timestamp('2024-06-21 16:00:00')]
2024-06-21 11:07:05,207 - __main__ - INFO - The hourly data has been written to data/cron_job_data/sector_51_cron_output.csv with Timestamp: 2024-06-21 16:00:00
2024-06-21 11:07:06,062 - __main__ - INFO - station=> Sector-51, Gurugram, result => ['151', 'Sector-51, Gurugram, India', Timestamp('2024-06-21 16:00:00')]
2024-06-21 11:07:06,062 - __main__ - INFO - The hourly data has been written to static/data/sector_51_cron_output.csv with Timestamp: 2024-06-21 16:00:00
2024-06-21 12:12:57,926 - __main__ - INFO - station=> Sector-51, Gurugram, result => ['144', 'Sector-51, Gurugram, India', Timestamp('2024-06-21 17:00:00')]
2024-06-21 12:12:57,926 - __main__ - INFO - The hourly data has been written to data/cron_job_data/sector_51_cron_output.csv with Timestamp: 2024-06-21 17:00:00
2024-06-21 12:12:58,395 - __main__ - INFO - station=> Sector-51, Gurugram, result => ['144', 'Sector-51, Gurugram, India', Timestamp('2024-06-21 17:00:00')]
2024-06-21 12:12:58,395 - __main__ - INFO - The hourly data has been written to static/data/sector_51_cron_output.csv with Timestamp: 2024-06-21 17:00:00
2024-06-21 13:09:49,025 - __main__ - INFO - station=> Sector-51, Gurugram, result => ['130', 'Sector-51, Gurugram, India', Timestamp('2024-06-21 18:00:00')]
2024-06-21 13:09:49,026 - __main__ - INFO - The hourly data has been written to data/cron_job_data/sector_51_cron_output.csv with Timestamp: 2024-06-21 18:00:00
2024-06-21 13:09:49,491 - __main__ - INFO - station=> Sector-51, Gurugram, result => ['130', 'Sector-51, Gurugram, India', Timestamp('2024-06-21 18:00:00')]
2024-06-21 13:09:49,491 - __main__ - INFO - The hourly data has been written to static/data/sector_51_cron_output.csv with Timestamp: 2024-06-21 18:00:00
2024-06-21 15:12:32,380 - __main__ - INFO - station=> Sector-51, Gurugram, result => ['122', 'Sector-51, Gurugram, India', Timestamp('2024-06-21 20:00:00')]
2024-06-21 15:12:32,380 - __main__ - INFO - The hourly data has been written to data/cron_job_data/sector_51_cron_output.csv with Timestamp: 2024-06-21 20:00:00
2024-06-21 15:12:33,007 - __main__ - INFO - station=> Sector-51, Gurugram, result => ['122', 'Sector-51, Gurugram, India', Timestamp('2024-06-21 20:00:00')]
2024-06-21 15:12:33,007 - __main__ - INFO - The hourly data has been written to static/data/sector_51_cron_output.csv with Timestamp: 2024-06-21 20:00:00
2024-06-21 16:08:24,932 - __main__ - INFO - station=> Sector-51, Gurugram, result => ['116', 'Sector-51, Gurugram, India', Timestamp('2024-06-21 21:00:00')]
2024-06-21 16:08:24,932 - __main__ - INFO - The hourly data has been written to data/cron_job_data/sector_51_cron_output.csv with Timestamp: 2024-06-21 21:00:00
2024-06-21 16:08:25,640 - __main__ - INFO - station=> Sector-51, Gurugram, result => ['116', 'Sector-51, Gurugram, India', Timestamp('2024-06-21 21:00:00')]
2024-06-21 16:08:25,640 - __main__ - INFO - The hourly data has been written to static/data/sector_51_cron_output.csv with Timestamp: 2024-06-21 21:00:00
2024-06-21 17:07:46,812 - __main__ - INFO - station=> Sector-51, Gurugram, result => ['117', 'Sector-51, Gurugram, India', Timestamp('2024-06-21 22:00:00')]
2024-06-21 17:07:46,812 - __main__ - INFO - The hourly data has been written to data/cron_job_data/sector_51_cron_output.csv with Timestamp: 2024-06-21 22:00:00
2024-06-21 17:07:47,495 - __main__ - INFO - station=> Sector-51, Gurugram, result => ['117', 'Sector-51, Gurugram, India', Timestamp('2024-06-21 22:00:00')]
2024-06-21 17:07:47,496 - __main__ - INFO - The hourly data has been written to static/data/sector_51_cron_output.csv with Timestamp: 2024-06-21 22:00:00
2024-06-21 19:04:46,790 - __main__ - INFO - station=> Sector-51, Gurugram, result => ['120', 'Sector-51, Gurugram, India', Timestamp('2024-06-21 23:00:00')]
2024-06-21 19:04:46,790 - __main__ - INFO - The hourly data has been written to data/cron_job_data/sector_51_cron_output.csv with Timestamp: 2024-06-21 23:00:00
2024-06-21 19:04:47,256 - __main__ - INFO - station=> Sector-51, Gurugram, result => ['120', 'Sector-51, Gurugram, India', Timestamp('2024-06-21 23:00:00')]
2024-06-21 19:04:47,256 - __main__ - INFO - The hourly data has been written to static/data/sector_51_cron_output.csv with Timestamp: 2024-06-21 23:00:00
2024-06-21 20:09:01,815 - __main__ - INFO - station=> Sector-51, Gurugram, result => ['143', 'Sector-51, Gurugram, India', Timestamp('2024-06-22 01:00:00')]
2024-06-21 20:09:01,815 - __main__ - INFO - The hourly data has been written to data/cron_job_data/sector_51_cron_output.csv with Timestamp: 2024-06-22 01:00:00
2024-06-21 20:09:02,450 - __main__ - INFO - station=> Sector-51, Gurugram, result => ['143', 'Sector-51, Gurugram, India', Timestamp('2024-06-22 01:00:00')]
2024-06-21 20:09:02,450 - __main__ - INFO - The hourly data has been written to static/data/sector_51_cron_output.csv with Timestamp: 2024-06-22 01:00:00
