2024-03-21 00:31:40,454 - __main__ - INFO - station=> Sector-51, Gurugram, result => ['188', 'Sector-51, Gurugram, India', Timestamp('2024-03-21 05:00:00')]
2024-03-21 00:31:40,454 - __main__ - INFO - The hourly data has been written to data/cron_job_data/sector_51_cron_output.csv with Timestamp: 2024-03-21 05:00:00
2024-03-21 00:31:41,089 - __main__ - INFO - station=> Sector-51, Gurugram, result => ['188', 'Sector-51, Gurugram, India', Timestamp('2024-03-21 05:00:00')]
2024-03-21 00:31:41,089 - __main__ - INFO - The hourly data has been written to static/data/sector_51_cron_output.csv with Timestamp: 2024-03-21 05:00:00
2024-03-21 01:40:48,468 - __main__ - INFO - station=> Sector-51, Gurugram, result => ['185', 'Sector-51, Gurugram, India', Timestamp('2024-03-21 07:00:00')]
2024-03-21 01:40:48,468 - __main__ - INFO - The hourly data has been written to data/cron_job_data/sector_51_cron_output.csv with Timestamp: 2024-03-21 07:00:00
2024-03-21 01:40:49,146 - __main__ - INFO - station=> Sector-51, Gurugram, result => ['185', 'Sector-51, Gurugram, India', Timestamp('2024-03-21 07:00:00')]
2024-03-21 01:40:49,146 - __main__ - INFO - The hourly data has been written to static/data/sector_51_cron_output.csv with Timestamp: 2024-03-21 07:00:00
2024-03-21 01:40:49,147 - __main__ - INFO - Calling writeData & retrain_model functions.
2024-03-21 01:40:49,154 - __main__ - INFO - df_api columns Index(['AQI'], dtype='object')
2024-03-21 01:40:49,154 - __main__ - INFO - today=> 2024-03-21 & yesterday=> 2024-03-20
2024-03-21 01:40:49,156 - __main__ - INFO - temp_daily_aqi columns Index(['Unnamed: 0', 'Date', 'AQI'], dtype='object')
2024-03-21 01:40:49,158 - __main__ - INFO - temp_daily_aqi[2024-03-20]=> Empty DataFrame
Columns: [Unnamed: 0, AQI]
Index: []
2024-03-21 01:40:49,159 - __main__ - INFO - Index => 1476, yesterday => 2024-03-20 & AQI => 275.0
2024-03-21 01:40:49,159 - __main__ - INFO - Daily AQI data has been written to data/cleaned_data/Forecasting_time_series/sector_51_daily_aqi.csv
2024-03-21 01:40:49,159 - __main__ - INFO - Index => 1476, yesterday => 2024-03-20 & AQI => 275.0
2024-03-21 01:40:49,160 - __main__ - INFO - Daily AQI data has been written to static/data/sector_51_daily_aqi.csv
2024-03-21 01:40:49,164 - __main__ - INFO - Re-training the model & train_end is 2024-03-15 00:00:00
2024-03-21 01:40:50,588 - __main__ - INFO - Retrained the model & MAPE is 20.55%
2024-03-21 01:40:50,588 - __main__ - INFO - Retrained the model & MAE is 40.57745983326445%
2024-03-21 01:40:52,280 - __main__ - INFO - Forecast=> 2024-03-21    251.950166
2024-03-22    254.913446
2024-03-23    260.283599
2024-03-24    237.167014
2024-03-25    234.618473
Freq: D, Name: predicted_mean, dtype: float64
2024-03-21 01:40:52,280 - __main__ - INFO - The forecast data has been written to data/cleaned_data/Forecasting_time_series/forecast_sector_51_daily_aqi.csv
2024-03-21 01:40:52,653 - __main__ - INFO - The forecast data has been written to static/data/forecast_sector_51_daily_aqi.csv
2024-03-21 03:09:17,782 - __main__ - INFO - station=> Sector-51, Gurugram, result => ['178', 'Sector-51, Gurugram, India', Timestamp('2024-03-21 08:00:00')]
2024-03-21 03:09:17,782 - __main__ - INFO - The hourly data has been written to data/cron_job_data/sector_51_cron_output.csv with Timestamp: 2024-03-21 08:00:00
2024-03-21 03:09:18,479 - __main__ - INFO - station=> Sector-51, Gurugram, result => ['178', 'Sector-51, Gurugram, India', Timestamp('2024-03-21 08:00:00')]
2024-03-21 03:09:18,479 - __main__ - INFO - The hourly data has been written to static/data/sector_51_cron_output.csv with Timestamp: 2024-03-21 08:00:00
2024-03-21 04:09:19,350 - __main__ - INFO - station=> Sector-51, Gurugram, result => ['171', 'Sector-51, Gurugram, India', Timestamp('2024-03-21 09:00:00')]
2024-03-21 04:09:19,350 - __main__ - INFO - The hourly data has been written to data/cron_job_data/sector_51_cron_output.csv with Timestamp: 2024-03-21 09:00:00
2024-03-21 04:09:19,815 - __main__ - INFO - station=> Sector-51, Gurugram, result => ['171', 'Sector-51, Gurugram, India', Timestamp('2024-03-21 09:00:00')]
2024-03-21 04:09:19,816 - __main__ - INFO - The hourly data has been written to static/data/sector_51_cron_output.csv with Timestamp: 2024-03-21 09:00:00
2024-03-21 05:06:55,835 - __main__ - INFO - station=> Sector-51, Gurugram, result => ['165', 'Sector-51, Gurugram, India', Timestamp('2024-03-21 10:00:00')]
2024-03-21 05:06:55,835 - __main__ - INFO - The hourly data has been written to data/cron_job_data/sector_51_cron_output.csv with Timestamp: 2024-03-21 10:00:00
2024-03-21 05:06:56,496 - __main__ - INFO - station=> Sector-51, Gurugram, result => ['165', 'Sector-51, Gurugram, India', Timestamp('2024-03-21 10:00:00')]
2024-03-21 05:06:56,496 - __main__ - INFO - The hourly data has been written to static/data/sector_51_cron_output.csv with Timestamp: 2024-03-21 10:00:00
2024-03-21 06:09:07,749 - __main__ - INFO - station=> Sector-51, Gurugram, result => ['162', 'Sector-51, Gurugram, India', Timestamp('2024-03-21 11:00:00')]
2024-03-21 06:09:07,749 - __main__ - INFO - The hourly data has been written to data/cron_job_data/sector_51_cron_output.csv with Timestamp: 2024-03-21 11:00:00
2024-03-21 06:09:08,379 - __main__ - INFO - station=> Sector-51, Gurugram, result => ['162', 'Sector-51, Gurugram, India', Timestamp('2024-03-21 11:00:00')]
2024-03-21 06:09:08,379 - __main__ - INFO - The hourly data has been written to static/data/sector_51_cron_output.csv with Timestamp: 2024-03-21 11:00:00
2024-03-21 07:07:38,575 - __main__ - INFO - station=> Sector-51, Gurugram, result => ['160', 'Sector-51, Gurugram, India', Timestamp('2024-03-21 12:00:00')]
2024-03-21 07:07:38,575 - __main__ - INFO - The hourly data has been written to data/cron_job_data/sector_51_cron_output.csv with Timestamp: 2024-03-21 12:00:00
2024-03-21 07:07:39,204 - __main__ - INFO - station=> Sector-51, Gurugram, result => ['160', 'Sector-51, Gurugram, India', Timestamp('2024-03-21 12:00:00')]
2024-03-21 07:07:39,204 - __main__ - INFO - The hourly data has been written to static/data/sector_51_cron_output.csv with Timestamp: 2024-03-21 12:00:00
2024-03-21 08:09:11,742 - __main__ - INFO - station=> Sector-51, Gurugram, result => ['162', 'Sector-51, Gurugram, India', Timestamp('2024-03-21 13:00:00')]
2024-03-21 08:09:11,743 - __main__ - INFO - The hourly data has been written to data/cron_job_data/sector_51_cron_output.csv with Timestamp: 2024-03-21 13:00:00
2024-03-21 08:09:12,438 - __main__ - INFO - station=> Sector-51, Gurugram, result => ['162', 'Sector-51, Gurugram, India', Timestamp('2024-03-21 13:00:00')]
2024-03-21 08:09:12,439 - __main__ - INFO - The hourly data has been written to static/data/sector_51_cron_output.csv with Timestamp: 2024-03-21 13:00:00
2024-03-21 09:06:55,221 - __main__ - INFO - station=> Sector-51, Gurugram, result => ['161', 'Sector-51, Gurugram, India', Timestamp('2024-03-21 14:00:00')]
2024-03-21 09:06:55,222 - __main__ - INFO - The hourly data has been written to data/cron_job_data/sector_51_cron_output.csv with Timestamp: 2024-03-21 14:00:00
2024-03-21 09:06:55,854 - __main__ - INFO - station=> Sector-51, Gurugram, result => ['161', 'Sector-51, Gurugram, India', Timestamp('2024-03-21 14:00:00')]
2024-03-21 09:06:55,854 - __main__ - INFO - The hourly data has been written to static/data/sector_51_cron_output.csv with Timestamp: 2024-03-21 14:00:00
2024-03-21 10:07:23,367 - __main__ - INFO - station=> Sector-51, Gurugram, result => ['162', 'Sector-51, Gurugram, India', Timestamp('2024-03-21 15:00:00')]
2024-03-21 10:07:23,367 - __main__ - INFO - The hourly data has been written to data/cron_job_data/sector_51_cron_output.csv with Timestamp: 2024-03-21 15:00:00
2024-03-21 10:07:23,833 - __main__ - INFO - station=> Sector-51, Gurugram, result => ['162', 'Sector-51, Gurugram, India', Timestamp('2024-03-21 15:00:00')]
2024-03-21 10:07:23,833 - __main__ - INFO - The hourly data has been written to static/data/sector_51_cron_output.csv with Timestamp: 2024-03-21 15:00:00
2024-03-21 13:08:05,425 - __main__ - INFO - station=> Sector-51, Gurugram, result => ['162', 'Sector-51, Gurugram, India', Timestamp('2024-03-21 18:00:00')]
2024-03-21 13:08:05,425 - __main__ - INFO - The hourly data has been written to data/cron_job_data/sector_51_cron_output.csv with Timestamp: 2024-03-21 18:00:00
2024-03-21 13:08:05,895 - __main__ - INFO - station=> Sector-51, Gurugram, result => ['162', 'Sector-51, Gurugram, India', Timestamp('2024-03-21 18:00:00')]
2024-03-21 13:08:05,896 - __main__ - INFO - The hourly data has been written to static/data/sector_51_cron_output.csv with Timestamp: 2024-03-21 18:00:00
