2024-10-21 01:16:01,940 - __main__ - INFO - station=> Sector-51, Gurugram, result => ['895', 'Sector-51, Gurugram, India', Timestamp('2024-10-21 06:00:00')]
2024-10-21 01:16:01,940 - __main__ - INFO - The hourly data has been written to data/cron_job_data/sector_51_cron_output.csv with Timestamp: 2024-10-21 06:00:00
2024-10-21 01:16:02,560 - __main__ - INFO - station=> Sector-51, Gurugram, result => ['895', 'Sector-51, Gurugram, India', Timestamp('2024-10-21 06:00:00')]
2024-10-21 01:16:02,560 - __main__ - INFO - The hourly data has been written to static/data/sector_51_cron_output.csv with Timestamp: 2024-10-21 06:00:00
2024-10-21 01:16:02,650 - __main__ - INFO - df_api columns Index(['AQI'], dtype='object')
2024-10-21 01:16:02,650 - __main__ - INFO - today=> 2024-10-21 & yesterday=> 2024-10-20
2024-10-21 01:16:02,652 - __main__ - INFO - temp_daily_aqi columns Index(['Unnamed: 0', 'Date', 'AQI'], dtype='object')
2024-10-21 01:16:02,655 - __main__ - INFO - temp_daily_aqi[2024-10-20]=> Empty DataFrame
Columns: [Unnamed: 0, AQI]
Index: []
2024-10-21 01:16:02,655 - __main__ - INFO - Index => 1690, yesterday => 2024-10-20 & AQI => 231.0
2024-10-21 01:16:02,655 - __main__ - INFO - Daily AQI data has been written to data/cleaned_data/Forecasting_time_series/sector_51_daily_aqi.csv
2024-10-21 01:16:02,656 - __main__ - INFO - Index => 1690, yesterday => 2024-10-20 & AQI => 231.0
2024-10-21 01:16:02,656 - __main__ - INFO - Daily AQI data has been written to static/data/sector_51_daily_aqi.csv
2024-10-21 01:16:02,661 - __main__ - INFO - Re-training the model & train_end is 2024-10-15 00:00:00
2024-10-21 01:16:04,080 - __main__ - INFO - Retrained the model & MAPE is 18.92%
2024-10-21 01:16:04,080 - __main__ - INFO - Retrained the model & MAE is 34.86116613522171
2024-10-21 01:16:05,380 - __main__ - INFO - Forecast=> 2024-10-21    227.395264
2024-10-22    219.616354
2024-10-23    216.363421
2024-10-24    216.009252
2024-10-25    212.709858
Freq: D, Name: predicted_mean, dtype: float64
2024-10-21 01:16:05,380 - __main__ - INFO - The forecast data has been written to data/cleaned_data/Forecasting_time_series/forecast_sector_51_daily_aqi.csv
2024-10-21 01:16:05,383 - __main__ - INFO - The forecast data has been written to static/data/forecast_sector_51_daily_aqi.csv
