2024-01-22 01:54:35,975 - __main__ - INFO - Calling writeData & retrain_model functions.
2024-01-22 01:54:35,980 - __main__ - INFO - df_api columns Index(['AQI'], dtype='object')
2024-01-22 01:54:35,981 - __main__ - INFO - today=> 2024-01-22 & yesterday=> 2024-01-21
2024-01-22 01:54:35,983 - __main__ - INFO - temp_daily_aqi columns Index(['Unnamed: 0', 'Date', 'AQI'], dtype='object')
2024-01-22 01:54:35,985 - __main__ - INFO - temp_daily_aqi[2024-01-21]=> Empty DataFrame
Columns: [Unnamed: 0, AQI]
Index: []
2024-01-22 01:54:35,986 - __main__ - INFO - Index => 1417, yesterday => 2024-01-21 & AQI => 293.0
2024-01-22 01:54:35,986 - __main__ - INFO - Daily AQI data has been written to data/cleaned_data/Forecasting_time_series/sector_51_daily_aqi.csv
2024-01-22 01:54:35,986 - __main__ - INFO - Index => 1417, yesterday => 2024-01-21 & AQI => 293.0
2024-01-22 01:54:35,987 - __main__ - INFO - Daily AQI data has been written to static/data/sector_51_daily_aqi.csv
2024-01-22 01:54:35,991 - __main__ - INFO - Re-training the model & train_end is 2024-01-16 00:00:00
2024-01-22 01:54:37,372 - __main__ - INFO - Retrained the model & MAPE is 15.42%
2024-01-22 01:54:37,372 - __main__ - INFO - Retrained the model & MAE is 37.76540397412228%
2024-01-22 01:54:38,861 - __main__ - INFO - Forecast=> 2024-01-22    276.385281
2024-01-23    272.913528
2024-01-24    265.272706
2024-01-25    265.816803
2024-01-26    266.395815
Freq: D, Name: predicted_mean, dtype: float64
2024-01-22 01:54:38,862 - __main__ - INFO - The forecast data has been written to data/cleaned_data/Forecasting_time_series/forecast_sector_51_daily_aqi.csv
2024-01-22 01:54:38,919 - __main__ - INFO - The forecast data has been written to static/data/forecast_sector_51_daily_aqi.csv
