2024-02-22 01:13:06,571 - __main__ - INFO - setData function - AQI is not an integer. Exception ValueError has occured for station=> nise gwal
2024-02-22 01:13:07,237 - __main__ - INFO - station=> Sector-51, Gurugram, result => ['159', 'Sector-51, Gurugram, India', Timestamp('2024-02-22 06:00:00')]
2024-02-22 01:13:07,237 - __main__ - INFO - The hourly data has been written to data/cron_job_data/sector_51_cron_output.csv with Timestamp: 2024-02-22 06:00:00
2024-02-22 01:13:07,921 - __main__ - INFO - station=> Sector-51, Gurugram, result => ['159', 'Sector-51, Gurugram, India', Timestamp('2024-02-22 06:00:00')]
2024-02-22 01:13:07,922 - __main__ - INFO - The hourly data has been written to static/data/sector_51_cron_output.csv with Timestamp: 2024-02-22 06:00:00
2024-02-22 01:13:08,656 - __main__ - INFO - station=> Teri Gram, result => ['131', 'Teri Gram, Gurugram, India', Timestamp('2024-02-22 06:00:00')]
2024-02-22 01:13:08,656 - __main__ - INFO - The hourly data has been written to data/cron_job_data/teri_gram_cron_output.csv with Timestamp: 2024-02-22 06:00:00
2024-02-22 01:13:09,337 - __main__ - INFO - station=> Vikas Sadan, result => ['64', 'Vikas Sadan Gurgaon, Gurgaon, India', Timestamp('2024-02-22 06:00:00')]
2024-02-22 01:13:09,337 - __main__ - INFO - The hourly data has been written to data/cron_job_data/vikas_sadan_cron_output.csv with Timestamp: 2024-02-22 06:00:00
2024-02-22 01:13:09,338 - __main__ - INFO - Calling writeData & retrain_model functions.
2024-02-22 01:13:09,344 - __main__ - INFO - df_api columns Index(['AQI'], dtype='object')
2024-02-22 01:13:09,345 - __main__ - INFO - today=> 2024-02-22 & yesterday=> 2024-02-21
2024-02-22 01:13:09,347 - __main__ - INFO - temp_daily_aqi columns Index(['Unnamed: 0', 'Date', 'AQI'], dtype='object')
2024-02-22 01:13:09,349 - __main__ - INFO - temp_daily_aqi[2024-02-21]=> Empty DataFrame
Columns: [Unnamed: 0, AQI]
Index: []
2024-02-22 01:13:09,349 - __main__ - INFO - Index => 1448, yesterday => 2024-02-21 & AQI => 204.0
2024-02-22 01:13:09,350 - __main__ - INFO - Daily AQI data has been written to data/cleaned_data/Forecasting_time_series/sector_51_daily_aqi.csv
2024-02-22 01:13:09,350 - __main__ - INFO - Index => 1448, yesterday => 2024-02-21 & AQI => 204.0
2024-02-22 01:13:09,350 - __main__ - INFO - Daily AQI data has been written to static/data/sector_51_daily_aqi.csv
2024-02-22 01:13:09,355 - __main__ - INFO - Re-training the model & train_end is 2024-02-16 00:00:00
2024-02-22 01:13:10,525 - __main__ - INFO - Retrained the model & MAPE is 11.33%
2024-02-22 01:13:10,526 - __main__ - INFO - Retrained the model & MAE is 24.486231583842162%
2024-02-22 01:13:11,903 - __main__ - INFO - Forecast=> 2024-02-22    206.334770
2024-02-23    215.720752
2024-02-24    230.820733
2024-02-25    206.057754
2024-02-26    206.192857
Freq: D, Name: predicted_mean, dtype: float64
2024-02-22 01:13:11,903 - __main__ - INFO - The forecast data has been written to data/cleaned_data/Forecasting_time_series/forecast_sector_51_daily_aqi.csv
2024-02-22 01:13:11,904 - __main__ - INFO - The forecast data has been written to static/data/forecast_sector_51_daily_aqi.csv
