2024-03-22 00:30:06,020 - __main__ - INFO - station=> Sector-51, Gurugram, result => ['161', 'Sector-51, Gurugram, India', Timestamp('2024-03-22 05:00:00')]
2024-03-22 00:30:06,021 - __main__ - INFO - The hourly data has been written to data/cron_job_data/sector_51_cron_output.csv with Timestamp: 2024-03-22 05:00:00
2024-03-22 00:30:06,487 - __main__ - INFO - station=> Sector-51, Gurugram, result => ['161', 'Sector-51, Gurugram, India', Timestamp('2024-03-22 05:00:00')]
2024-03-22 00:30:06,487 - __main__ - INFO - The hourly data has been written to static/data/sector_51_cron_output.csv with Timestamp: 2024-03-22 05:00:00
2024-03-22 01:38:56,752 - __main__ - INFO - station=> Sector-51, Gurugram, result => ['161', 'Sector-51, Gurugram, India', Timestamp('2024-03-22 06:00:00')]
2024-03-22 01:38:56,752 - __main__ - INFO - The hourly data has been written to data/cron_job_data/sector_51_cron_output.csv with Timestamp: 2024-03-22 06:00:00
2024-03-22 01:38:57,369 - __main__ - INFO - station=> Sector-51, Gurugram, result => ['161', 'Sector-51, Gurugram, India', Timestamp('2024-03-22 06:00:00')]
2024-03-22 01:38:57,369 - __main__ - INFO - The hourly data has been written to static/data/sector_51_cron_output.csv with Timestamp: 2024-03-22 06:00:00
2024-03-22 01:38:57,370 - __main__ - INFO - Calling writeData & retrain_model functions.
2024-03-22 01:38:57,376 - __main__ - INFO - df_api columns Index(['AQI'], dtype='object')
2024-03-22 01:38:57,376 - __main__ - INFO - today=> 2024-03-22 & yesterday=> 2024-03-21
2024-03-22 01:38:57,378 - __main__ - INFO - temp_daily_aqi columns Index(['Unnamed: 0', 'Date', 'AQI'], dtype='object')
2024-03-22 01:38:57,381 - __main__ - INFO - temp_daily_aqi[2024-03-21]=> Empty DataFrame
Columns: [Unnamed: 0, AQI]
Index: []
2024-03-22 01:38:57,381 - __main__ - INFO - Index => 1477, yesterday => 2024-03-21 & AQI => 229.0
2024-03-22 01:38:57,382 - __main__ - INFO - Daily AQI data has been written to data/cleaned_data/Forecasting_time_series/sector_51_daily_aqi.csv
2024-03-22 01:38:57,382 - __main__ - INFO - Index => 1477, yesterday => 2024-03-21 & AQI => 229.0
2024-03-22 01:38:57,382 - __main__ - INFO - Daily AQI data has been written to static/data/sector_51_daily_aqi.csv
2024-03-22 01:38:57,386 - __main__ - INFO - Re-training the model & train_end is 2024-03-16 00:00:00
2024-03-22 01:38:58,685 - __main__ - INFO - Retrained the model & MAPE is 13.93%
2024-03-22 01:38:58,685 - __main__ - INFO - Retrained the model & MAE is 33.75365564728519%
2024-03-22 01:38:59,995 - __main__ - INFO - Forecast=> 2024-03-22    239.365590
2024-03-23    246.359439
2024-03-24    224.726461
2024-03-25    223.494409
2024-03-26    224.231222
Freq: D, Name: predicted_mean, dtype: float64
2024-03-22 01:38:59,996 - __main__ - INFO - The forecast data has been written to data/cleaned_data/Forecasting_time_series/forecast_sector_51_daily_aqi.csv
2024-03-22 01:38:59,996 - __main__ - INFO - The forecast data has been written to static/data/forecast_sector_51_daily_aqi.csv
2024-03-22 02:13:52,533 - __main__ - INFO - station=> Sector-51, Gurugram, result => ['159', 'Sector-51, Gurugram, India', Timestamp('2024-03-22 07:00:00')]
2024-03-22 02:13:52,534 - __main__ - INFO - The hourly data has been written to data/cron_job_data/sector_51_cron_output.csv with Timestamp: 2024-03-22 07:00:00
2024-03-22 02:13:52,999 - __main__ - INFO - station=> Sector-51, Gurugram, result => ['159', 'Sector-51, Gurugram, India', Timestamp('2024-03-22 07:00:00')]
2024-03-22 02:13:52,999 - __main__ - INFO - The hourly data has been written to static/data/sector_51_cron_output.csv with Timestamp: 2024-03-22 07:00:00
2024-03-22 03:07:34,569 - __main__ - INFO - station=> Sector-51, Gurugram, result => ['161', 'Sector-51, Gurugram, India', Timestamp('2024-03-22 08:00:00')]
2024-03-22 03:07:34,569 - __main__ - INFO - The hourly data has been written to data/cron_job_data/sector_51_cron_output.csv with Timestamp: 2024-03-22 08:00:00
2024-03-22 03:07:35,038 - __main__ - INFO - station=> Sector-51, Gurugram, result => ['161', 'Sector-51, Gurugram, India', Timestamp('2024-03-22 08:00:00')]
2024-03-22 03:07:35,038 - __main__ - INFO - The hourly data has been written to static/data/sector_51_cron_output.csv with Timestamp: 2024-03-22 08:00:00
2024-03-22 04:08:23,088 - __main__ - INFO - station=> Sector-51, Gurugram, result => ['160', 'Sector-51, Gurugram, India', Timestamp('2024-03-22 09:00:00')]
2024-03-22 04:08:23,089 - __main__ - INFO - The hourly data has been written to data/cron_job_data/sector_51_cron_output.csv with Timestamp: 2024-03-22 09:00:00
2024-03-22 04:08:23,789 - __main__ - INFO - station=> Sector-51, Gurugram, result => ['160', 'Sector-51, Gurugram, India', Timestamp('2024-03-22 09:00:00')]
2024-03-22 04:08:23,789 - __main__ - INFO - The hourly data has been written to static/data/sector_51_cron_output.csv with Timestamp: 2024-03-22 09:00:00
2024-03-22 06:09:49,111 - __main__ - INFO - station=> Sector-51, Gurugram, result => ['159', 'Sector-51, Gurugram, India', Timestamp('2024-03-22 11:00:00')]
2024-03-22 06:09:49,112 - __main__ - INFO - The hourly data has been written to data/cron_job_data/sector_51_cron_output.csv with Timestamp: 2024-03-22 11:00:00
2024-03-22 06:09:49,578 - __main__ - INFO - station=> Sector-51, Gurugram, result => ['159', 'Sector-51, Gurugram, India', Timestamp('2024-03-22 11:00:00')]
2024-03-22 06:09:49,578 - __main__ - INFO - The hourly data has been written to static/data/sector_51_cron_output.csv with Timestamp: 2024-03-22 11:00:00
2024-03-22 08:09:38,198 - __main__ - INFO - station=> Sector-51, Gurugram, result => ['155', 'Sector-51, Gurugram, India', Timestamp('2024-03-22 13:00:00')]
2024-03-22 08:09:38,198 - __main__ - INFO - The hourly data has been written to data/cron_job_data/sector_51_cron_output.csv with Timestamp: 2024-03-22 13:00:00
2024-03-22 08:09:38,879 - __main__ - INFO - station=> Sector-51, Gurugram, result => ['155', 'Sector-51, Gurugram, India', Timestamp('2024-03-22 13:00:00')]
2024-03-22 08:09:38,879 - __main__ - INFO - The hourly data has been written to static/data/sector_51_cron_output.csv with Timestamp: 2024-03-22 13:00:00
2024-03-22 09:09:13,501 - __main__ - INFO - station=> Sector-51, Gurugram, result => ['170', 'Sector-51, Gurugram, India', Timestamp('2024-03-22 14:00:00')]
2024-03-22 09:09:13,502 - __main__ - INFO - The hourly data has been written to data/cron_job_data/sector_51_cron_output.csv with Timestamp: 2024-03-22 14:00:00
2024-03-22 09:09:13,972 - __main__ - INFO - station=> Sector-51, Gurugram, result => ['170', 'Sector-51, Gurugram, India', Timestamp('2024-03-22 14:00:00')]
2024-03-22 09:09:13,972 - __main__ - INFO - The hourly data has been written to static/data/sector_51_cron_output.csv with Timestamp: 2024-03-22 14:00:00
2024-03-22 10:07:24,821 - __main__ - INFO - station=> Sector-51, Gurugram, result => ['169', 'Sector-51, Gurugram, India', Timestamp('2024-03-22 15:00:00')]
2024-03-22 10:07:24,821 - __main__ - INFO - The hourly data has been written to data/cron_job_data/sector_51_cron_output.csv with Timestamp: 2024-03-22 15:00:00
2024-03-22 10:07:25,503 - __main__ - INFO - station=> Sector-51, Gurugram, result => ['169', 'Sector-51, Gurugram, India', Timestamp('2024-03-22 15:00:00')]
2024-03-22 10:07:25,503 - __main__ - INFO - The hourly data has been written to static/data/sector_51_cron_output.csv with Timestamp: 2024-03-22 15:00:00
2024-03-22 11:05:15,961 - __main__ - INFO - station=> Sector-51, Gurugram, result => ['169', 'Sector-51, Gurugram, India', Timestamp('2024-03-22 16:00:00')]
2024-03-22 11:05:15,961 - __main__ - INFO - The hourly data has been written to data/cron_job_data/sector_51_cron_output.csv with Timestamp: 2024-03-22 16:00:00
2024-03-22 11:05:16,594 - __main__ - INFO - station=> Sector-51, Gurugram, result => ['169', 'Sector-51, Gurugram, India', Timestamp('2024-03-22 16:00:00')]
2024-03-22 11:05:16,594 - __main__ - INFO - The hourly data has been written to static/data/sector_51_cron_output.csv with Timestamp: 2024-03-22 16:00:00
2024-03-22 12:12:28,821 - __main__ - INFO - station=> Sector-51, Gurugram, result => ['167', 'Sector-51, Gurugram, India', Timestamp('2024-03-22 17:00:00')]
2024-03-22 12:12:28,821 - __main__ - INFO - The hourly data has been written to data/cron_job_data/sector_51_cron_output.csv with Timestamp: 2024-03-22 17:00:00
2024-03-22 12:12:29,296 - __main__ - INFO - station=> Sector-51, Gurugram, result => ['167', 'Sector-51, Gurugram, India', Timestamp('2024-03-22 17:00:00')]
2024-03-22 12:12:29,296 - __main__ - INFO - The hourly data has been written to static/data/sector_51_cron_output.csv with Timestamp: 2024-03-22 17:00:00
2024-03-22 13:06:16,629 - __main__ - INFO - station=> Sector-51, Gurugram, result => ['164', 'Sector-51, Gurugram, India', Timestamp('2024-03-22 18:00:00')]
2024-03-22 13:06:16,629 - __main__ - INFO - The hourly data has been written to data/cron_job_data/sector_51_cron_output.csv with Timestamp: 2024-03-22 18:00:00
2024-03-22 13:06:17,274 - __main__ - INFO - station=> Sector-51, Gurugram, result => ['164', 'Sector-51, Gurugram, India', Timestamp('2024-03-22 18:00:00')]
2024-03-22 13:06:17,274 - __main__ - INFO - The hourly data has been written to static/data/sector_51_cron_output.csv with Timestamp: 2024-03-22 18:00:00
2024-03-22 14:07:21,092 - __main__ - INFO - station=> Sector-51, Gurugram, result => ['164', 'Sector-51, Gurugram, India', Timestamp('2024-03-22 19:00:00')]
2024-03-22 14:07:21,092 - __main__ - INFO - The hourly data has been written to data/cron_job_data/sector_51_cron_output.csv with Timestamp: 2024-03-22 19:00:00
2024-03-22 14:07:21,772 - __main__ - INFO - station=> Sector-51, Gurugram, result => ['164', 'Sector-51, Gurugram, India', Timestamp('2024-03-22 19:00:00')]
2024-03-22 14:07:21,772 - __main__ - INFO - The hourly data has been written to static/data/sector_51_cron_output.csv with Timestamp: 2024-03-22 19:00:00
2024-03-22 15:07:12,136 - __main__ - INFO - station=> Sector-51, Gurugram, result => ['168', 'Sector-51, Gurugram, India', Timestamp('2024-03-22 20:00:00')]
2024-03-22 15:07:12,136 - __main__ - INFO - The hourly data has been written to data/cron_job_data/sector_51_cron_output.csv with Timestamp: 2024-03-22 20:00:00
2024-03-22 15:07:12,799 - __main__ - INFO - station=> Sector-51, Gurugram, result => ['168', 'Sector-51, Gurugram, India', Timestamp('2024-03-22 20:00:00')]
2024-03-22 15:07:12,799 - __main__ - INFO - The hourly data has been written to static/data/sector_51_cron_output.csv with Timestamp: 2024-03-22 20:00:00
2024-03-22 16:09:25,710 - __main__ - INFO - station=> Sector-51, Gurugram, result => ['172', 'Sector-51, Gurugram, India', Timestamp('2024-03-22 21:00:00')]
2024-03-22 16:09:25,710 - __main__ - INFO - The hourly data has been written to data/cron_job_data/sector_51_cron_output.csv with Timestamp: 2024-03-22 21:00:00
2024-03-22 16:09:26,358 - __main__ - INFO - station=> Sector-51, Gurugram, result => ['172', 'Sector-51, Gurugram, India', Timestamp('2024-03-22 21:00:00')]
2024-03-22 16:09:26,358 - __main__ - INFO - The hourly data has been written to static/data/sector_51_cron_output.csv with Timestamp: 2024-03-22 21:00:00
2024-03-22 17:04:39,966 - __main__ - INFO - station=> Sector-51, Gurugram, result => ['182', 'Sector-51, Gurugram, India', Timestamp('2024-03-22 22:00:00')]
2024-03-22 17:04:39,966 - __main__ - INFO - The hourly data has been written to data/cron_job_data/sector_51_cron_output.csv with Timestamp: 2024-03-22 22:00:00
2024-03-22 17:04:40,592 - __main__ - INFO - station=> Sector-51, Gurugram, result => ['182', 'Sector-51, Gurugram, India', Timestamp('2024-03-22 22:00:00')]
2024-03-22 17:04:40,592 - __main__ - INFO - The hourly data has been written to static/data/sector_51_cron_output.csv with Timestamp: 2024-03-22 22:00:00
2024-03-22 18:08:46,579 - __main__ - INFO - station=> Sector-51, Gurugram, result => ['521', 'Sector-51, Gurugram, India', Timestamp('2024-03-22 23:00:00')]
2024-03-22 18:08:46,579 - __main__ - INFO - The hourly data has been written to data/cron_job_data/sector_51_cron_output.csv with Timestamp: 2024-03-22 23:00:00
2024-03-22 18:08:47,041 - __main__ - INFO - station=> Sector-51, Gurugram, result => ['521', 'Sector-51, Gurugram, India', Timestamp('2024-03-22 23:00:00')]
2024-03-22 18:08:47,041 - __main__ - INFO - The hourly data has been written to static/data/sector_51_cron_output.csv with Timestamp: 2024-03-22 23:00:00
2024-03-22 19:03:45,144 - __main__ - INFO - station=> Sector-51, Gurugram, result => ['548', 'Sector-51, Gurugram, India', Timestamp('2024-03-23 00:00:00')]
2024-03-22 19:03:45,144 - __main__ - INFO - The hourly data has been written to data/cron_job_data/sector_51_cron_output.csv with Timestamp: 2024-03-23 00:00:00
2024-03-22 19:03:45,612 - __main__ - INFO - station=> Sector-51, Gurugram, result => ['548', 'Sector-51, Gurugram, India', Timestamp('2024-03-23 00:00:00')]
2024-03-22 19:03:45,612 - __main__ - INFO - The hourly data has been written to static/data/sector_51_cron_output.csv with Timestamp: 2024-03-23 00:00:00
