2024-09-22 01:18:15,719 - __main__ - INFO - station=> Sector-51, Gurugram, result => ['100', 'Sector-51, Gurugram, India', Timestamp('2024-09-22 06:00:00')]
2024-09-22 01:18:15,720 - __main__ - INFO - The hourly data has been written to data/cron_job_data/sector_51_cron_output.csv with Timestamp: 2024-09-22 06:00:00
2024-09-22 01:18:16,189 - __main__ - INFO - station=> Sector-51, Gurugram, result => ['100', 'Sector-51, Gurugram, India', Timestamp('2024-09-22 06:00:00')]
2024-09-22 01:18:16,189 - __main__ - INFO - The hourly data has been written to static/data/sector_51_cron_output.csv with Timestamp: 2024-09-22 06:00:00
2024-09-22 01:18:16,294 - __main__ - INFO - df_api columns Index(['AQI'], dtype='object')
2024-09-22 01:18:16,294 - __main__ - INFO - today=> 2024-09-22 & yesterday=> 2024-09-21
2024-09-22 01:18:16,296 - __main__ - INFO - temp_daily_aqi columns Index(['Unnamed: 0', 'Date', 'AQI'], dtype='object')
2024-09-22 01:18:16,299 - __main__ - INFO - temp_daily_aqi[2024-09-21]=> Empty DataFrame
Columns: [Unnamed: 0, AQI]
Index: []
2024-09-22 01:18:16,299 - __main__ - INFO - Index => 1661, yesterday => 2024-09-21 & AQI => 176.0
2024-09-22 01:18:16,300 - __main__ - INFO - Daily AQI data has been written to data/cleaned_data/Forecasting_time_series/sector_51_daily_aqi.csv
2024-09-22 01:18:16,300 - __main__ - INFO - Index => 1661, yesterday => 2024-09-21 & AQI => 176.0
2024-09-22 01:18:16,300 - __main__ - INFO - Daily AQI data has been written to static/data/sector_51_daily_aqi.csv
2024-09-22 01:18:16,306 - __main__ - INFO - Re-training the model & train_end is 2024-09-16 00:00:00
2024-09-22 01:18:17,718 - __main__ - INFO - Retrained the model & MAPE is 17.03%
2024-09-22 01:18:17,719 - __main__ - INFO - Retrained the model & MAE is 21.531839931267235
2024-09-22 01:18:19,018 - __main__ - INFO - Forecast=> 2024-09-22    156.619699
2024-09-23    167.893995
2024-09-24    167.893547
2024-09-25    170.842542
2024-09-26    172.304167
Freq: D, Name: predicted_mean, dtype: float64
2024-09-22 01:18:19,018 - __main__ - INFO - The forecast data has been written to data/cleaned_data/Forecasting_time_series/forecast_sector_51_daily_aqi.csv
2024-09-22 01:18:19,019 - __main__ - INFO - The forecast data has been written to static/data/forecast_sector_51_daily_aqi.csv
2024-09-22 04:20:48,920 - __main__ - INFO - station=> Sector-51, Gurugram, result => ['152', 'Sector-51, Gurugram, India', Timestamp('2024-09-22 09:00:00')]
2024-09-22 04:20:48,920 - __main__ - INFO - The hourly data has been written to data/cron_job_data/sector_51_cron_output.csv with Timestamp: 2024-09-22 09:00:00
2024-09-22 04:20:49,594 - __main__ - INFO - station=> Sector-51, Gurugram, result => ['152', 'Sector-51, Gurugram, India', Timestamp('2024-09-22 09:00:00')]
2024-09-22 04:20:49,594 - __main__ - INFO - The hourly data has been written to static/data/sector_51_cron_output.csv with Timestamp: 2024-09-22 09:00:00
2024-09-22 08:18:28,902 - __main__ - INFO - station=> Sector-51, Gurugram, result => ['99', 'Sector-51, Gurugram, India', Timestamp('2024-09-22 13:00:00')]
2024-09-22 08:18:28,902 - __main__ - INFO - The hourly data has been written to data/cron_job_data/sector_51_cron_output.csv with Timestamp: 2024-09-22 13:00:00
2024-09-22 08:18:29,630 - __main__ - INFO - station=> Sector-51, Gurugram, result => ['99', 'Sector-51, Gurugram, India', Timestamp('2024-09-22 13:00:00')]
2024-09-22 08:18:29,631 - __main__ - INFO - The hourly data has been written to static/data/sector_51_cron_output.csv with Timestamp: 2024-09-22 13:00:00
