2024-06-22 01:51:38,367 - __main__ - INFO - station=> Sector-51, Gurugram, result => ['167', 'Sector-51, Gurugram, India', Timestamp('2024-06-22 07:00:00')]
2024-06-22 01:51:38,367 - __main__ - INFO - The hourly data has been written to data/cron_job_data/sector_51_cron_output.csv with Timestamp: 2024-06-22 07:00:00
2024-06-22 01:51:39,015 - __main__ - INFO - station=> Sector-51, Gurugram, result => ['167', 'Sector-51, Gurugram, India', Timestamp('2024-06-22 07:00:00')]
2024-06-22 01:51:39,015 - __main__ - INFO - The hourly data has been written to static/data/sector_51_cron_output.csv with Timestamp: 2024-06-22 07:00:00
2024-06-22 01:51:39,016 - __main__ - INFO - Calling writeData & retrain_model functions.
2024-06-22 01:51:39,024 - __main__ - INFO - df_api columns Index(['AQI'], dtype='object')
2024-06-22 01:51:39,024 - __main__ - INFO - today=> 2024-06-22 & yesterday=> 2024-06-21
2024-06-22 01:51:39,026 - __main__ - INFO - temp_daily_aqi columns Index(['Unnamed: 0', 'Date', 'AQI'], dtype='object')
2024-06-22 01:51:39,029 - __main__ - INFO - temp_daily_aqi[2024-06-21]=> Empty DataFrame
Columns: [Unnamed: 0, AQI]
Index: []
2024-06-22 01:51:39,029 - __main__ - INFO - Index => 1569, yesterday => 2024-06-21 & AQI => 158.0
2024-06-22 01:51:39,029 - __main__ - INFO - Daily AQI data has been written to data/cleaned_data/Forecasting_time_series/sector_51_daily_aqi.csv
2024-06-22 01:51:39,030 - __main__ - INFO - Index => 1569, yesterday => 2024-06-21 & AQI => 158.0
2024-06-22 01:51:39,030 - __main__ - INFO - Daily AQI data has been written to static/data/sector_51_daily_aqi.csv
2024-06-22 01:51:39,034 - __main__ - INFO - Re-training the model & train_end is 2024-06-16 00:00:00
2024-06-22 01:51:40,328 - __main__ - INFO - Retrained the model & MAPE is 16.22%
2024-06-22 01:51:40,328 - __main__ - INFO - Retrained the model & MAE is 30.252355490465373
2024-06-22 01:51:41,477 - __main__ - INFO - Forecast=> 2024-06-22    197.100960
2024-06-23    176.277248
2024-06-24    183.242892
2024-06-25    185.291430
2024-06-26    192.037720
Freq: D, Name: predicted_mean, dtype: float64
2024-06-22 01:51:41,480 - __main__ - INFO - The forecast data has been written to data/cleaned_data/Forecasting_time_series/forecast_sector_51_daily_aqi.csv
2024-06-22 01:51:41,481 - __main__ - INFO - The forecast data has been written to static/data/forecast_sector_51_daily_aqi.csv
2024-06-22 10:08:26,980 - __main__ - INFO - station=> Sector-51, Gurugram, result => ['173', 'Sector-51, Gurugram, India', Timestamp('2024-06-22 08:00:00')]
2024-06-22 10:08:26,980 - __main__ - INFO - The hourly data has been written to data/cron_job_data/sector_51_cron_output.csv with Timestamp: 2024-06-22 08:00:00
2024-06-22 10:08:27,665 - __main__ - INFO - station=> Sector-51, Gurugram, result => ['173', 'Sector-51, Gurugram, India', Timestamp('2024-06-22 08:00:00')]
2024-06-22 10:08:27,665 - __main__ - INFO - The hourly data has been written to static/data/sector_51_cron_output.csv with Timestamp: 2024-06-22 08:00:00
2024-06-22 12:11:36,737 - __main__ - INFO - station=> Sector-51, Gurugram, result => ['153', 'Sector-51, Gurugram, India', Timestamp('2024-06-22 17:00:00')]
2024-06-22 12:11:36,737 - __main__ - INFO - The hourly data has been written to data/cron_job_data/sector_51_cron_output.csv with Timestamp: 2024-06-22 17:00:00
2024-06-22 12:11:37,406 - __main__ - INFO - station=> Sector-51, Gurugram, result => ['153', 'Sector-51, Gurugram, India', Timestamp('2024-06-22 17:00:00')]
2024-06-22 12:11:37,407 - __main__ - INFO - The hourly data has been written to static/data/sector_51_cron_output.csv with Timestamp: 2024-06-22 17:00:00
2024-06-22 13:09:46,060 - __main__ - INFO - station=> Sector-51, Gurugram, result => ['157', 'Sector-51, Gurugram, India', Timestamp('2024-06-22 18:00:00')]
2024-06-22 13:09:46,060 - __main__ - INFO - The hourly data has been written to data/cron_job_data/sector_51_cron_output.csv with Timestamp: 2024-06-22 18:00:00
2024-06-22 13:09:46,526 - __main__ - INFO - station=> Sector-51, Gurugram, result => ['157', 'Sector-51, Gurugram, India', Timestamp('2024-06-22 18:00:00')]
2024-06-22 13:09:46,526 - __main__ - INFO - The hourly data has been written to static/data/sector_51_cron_output.csv with Timestamp: 2024-06-22 18:00:00
