2024-08-22 00:36:12,291 - __main__ - INFO - station=> Sector-51, Gurugram, result => ['64', 'Sector-51, Gurugram, India', Timestamp('2024-08-22 05:00:00')]
2024-08-22 00:36:12,291 - __main__ - INFO - The hourly data has been written to data/cron_job_data/sector_51_cron_output.csv with Timestamp: 2024-08-22 05:00:00
2024-08-22 00:36:12,957 - __main__ - INFO - station=> Sector-51, Gurugram, result => ['64', 'Sector-51, Gurugram, India', Timestamp('2024-08-22 05:00:00')]
2024-08-22 00:36:12,957 - __main__ - INFO - The hourly data has been written to static/data/sector_51_cron_output.csv with Timestamp: 2024-08-22 05:00:00
2024-08-22 00:36:13,085 - __main__ - INFO - df_api columns Index(['AQI'], dtype='object')
2024-08-22 00:36:13,085 - __main__ - INFO - today=> 2024-08-22 & yesterday=> 2024-08-21
2024-08-22 00:36:13,087 - __main__ - INFO - temp_daily_aqi columns Index(['Unnamed: 0', 'Date', 'AQI'], dtype='object')
2024-08-22 00:36:13,090 - __main__ - INFO - temp_daily_aqi[2024-08-21]=> Empty DataFrame
Columns: [Unnamed: 0, AQI]
Index: []
2024-08-22 00:36:13,090 - __main__ - INFO - Index => 1630, yesterday => 2024-08-21 & AQI => 155.0
2024-08-22 00:36:13,090 - __main__ - INFO - Daily AQI data has been written to data/cleaned_data/Forecasting_time_series/sector_51_daily_aqi.csv
2024-08-22 00:36:13,091 - __main__ - INFO - Index => 1630, yesterday => 2024-08-21 & AQI => 155.0
2024-08-22 00:36:13,091 - __main__ - INFO - Daily AQI data has been written to static/data/sector_51_daily_aqi.csv
2024-08-22 00:36:13,096 - __main__ - INFO - Re-training the model & train_end is 2024-08-16 00:00:00
2024-08-22 00:36:14,507 - __main__ - INFO - Retrained the model & MAPE is 6.45%
2024-08-22 00:36:14,508 - __main__ - INFO - Retrained the model & MAE is 9.926629810940796
2024-08-22 00:36:15,803 - __main__ - INFO - Forecast=> 2024-08-22    162.232505
2024-08-23    166.819653
2024-08-24    181.482202
2024-08-25    165.231422
2024-08-26    174.801784
Freq: D, Name: predicted_mean, dtype: float64
2024-08-22 00:36:15,804 - __main__ - INFO - The forecast data has been written to data/cleaned_data/Forecasting_time_series/forecast_sector_51_daily_aqi.csv
2024-08-22 00:36:15,804 - __main__ - INFO - The forecast data has been written to static/data/forecast_sector_51_daily_aqi.csv
2024-08-22 02:01:31,600 - __main__ - INFO - station=> Sector-51, Gurugram, result => ['81', 'Sector-51, Gurugram, India', Timestamp('2024-08-22 07:00:00')]
2024-08-22 02:01:31,600 - __main__ - INFO - The hourly data has been written to data/cron_job_data/sector_51_cron_output.csv with Timestamp: 2024-08-22 07:00:00
2024-08-22 02:01:32,301 - __main__ - INFO - station=> Sector-51, Gurugram, result => ['81', 'Sector-51, Gurugram, India', Timestamp('2024-08-22 07:00:00')]
2024-08-22 02:01:32,301 - __main__ - INFO - The hourly data has been written to static/data/sector_51_cron_output.csv with Timestamp: 2024-08-22 07:00:00
2024-08-22 03:12:43,841 - __main__ - INFO - station=> Sector-51, Gurugram, result => ['90', 'Sector-51, Gurugram, India', Timestamp('2024-08-22 08:00:00')]
2024-08-22 03:12:43,842 - __main__ - INFO - The hourly data has been written to data/cron_job_data/sector_51_cron_output.csv with Timestamp: 2024-08-22 08:00:00
2024-08-22 03:12:44,528 - __main__ - INFO - station=> Sector-51, Gurugram, result => ['90', 'Sector-51, Gurugram, India', Timestamp('2024-08-22 08:00:00')]
2024-08-22 03:12:44,528 - __main__ - INFO - The hourly data has been written to static/data/sector_51_cron_output.csv with Timestamp: 2024-08-22 08:00:00
2024-08-22 04:09:50,090 - __main__ - INFO - station=> Sector-51, Gurugram, result => ['57', 'Sector-51, Gurugram, India', Timestamp('2024-08-22 09:00:00')]
2024-08-22 04:09:50,090 - __main__ - INFO - The hourly data has been written to data/cron_job_data/sector_51_cron_output.csv with Timestamp: 2024-08-22 09:00:00
2024-08-22 04:09:50,781 - __main__ - INFO - station=> Sector-51, Gurugram, result => ['57', 'Sector-51, Gurugram, India', Timestamp('2024-08-22 09:00:00')]
2024-08-22 04:09:50,781 - __main__ - INFO - The hourly data has been written to static/data/sector_51_cron_output.csv with Timestamp: 2024-08-22 09:00:00
2024-08-22 05:08:14,618 - __main__ - INFO - station=> Sector-51, Gurugram, result => ['12', 'Sector-51, Gurugram, India', Timestamp('2024-08-22 10:00:00')]
2024-08-22 05:08:14,618 - __main__ - INFO - The hourly data has been written to data/cron_job_data/sector_51_cron_output.csv with Timestamp: 2024-08-22 10:00:00
2024-08-22 05:08:15,115 - __main__ - INFO - station=> Sector-51, Gurugram, result => ['12', 'Sector-51, Gurugram, India', Timestamp('2024-08-22 10:00:00')]
2024-08-22 05:08:15,115 - __main__ - INFO - The hourly data has been written to static/data/sector_51_cron_output.csv with Timestamp: 2024-08-22 10:00:00
2024-08-22 06:11:04,188 - __main__ - INFO - station=> Sector-51, Gurugram, result => ['13', 'Sector-51, Gurugram, India', Timestamp('2024-08-22 11:00:00')]
2024-08-22 06:11:04,188 - __main__ - INFO - The hourly data has been written to data/cron_job_data/sector_51_cron_output.csv with Timestamp: 2024-08-22 11:00:00
2024-08-22 06:11:04,858 - __main__ - INFO - station=> Sector-51, Gurugram, result => ['13', 'Sector-51, Gurugram, India', Timestamp('2024-08-22 11:00:00')]
2024-08-22 06:11:04,859 - __main__ - INFO - The hourly data has been written to static/data/sector_51_cron_output.csv with Timestamp: 2024-08-22 11:00:00
