2024-05-22 00:32:44,151 - __main__ - INFO - station=> Sector-51, Gurugram, result => ['174', 'Sector-51, Gurugram, India', Timestamp('2024-05-22 05:00:00')]
2024-05-22 00:32:44,151 - __main__ - INFO - The hourly data has been written to data/cron_job_data/sector_51_cron_output.csv with Timestamp: 2024-05-22 05:00:00
2024-05-22 00:32:44,621 - __main__ - INFO - station=> Sector-51, Gurugram, result => ['174', 'Sector-51, Gurugram, India', Timestamp('2024-05-22 05:00:00')]
2024-05-22 00:32:44,621 - __main__ - INFO - The hourly data has been written to static/data/sector_51_cron_output.csv with Timestamp: 2024-05-22 05:00:00
2024-05-22 01:48:58,256 - __main__ - INFO - station=> Sector-51, Gurugram, result => ['169', 'Sector-51, Gurugram, India', Timestamp('2024-05-22 07:00:00')]
2024-05-22 01:48:58,256 - __main__ - INFO - The hourly data has been written to data/cron_job_data/sector_51_cron_output.csv with Timestamp: 2024-05-22 07:00:00
2024-05-22 01:48:58,719 - __main__ - INFO - station=> Sector-51, Gurugram, result => ['169', 'Sector-51, Gurugram, India', Timestamp('2024-05-22 07:00:00')]
2024-05-22 01:48:58,719 - __main__ - INFO - The hourly data has been written to static/data/sector_51_cron_output.csv with Timestamp: 2024-05-22 07:00:00
2024-05-22 01:48:58,720 - __main__ - INFO - Calling writeData & retrain_model functions.
2024-05-22 01:48:58,728 - __main__ - INFO - df_api columns Index(['AQI'], dtype='object')
2024-05-22 01:48:58,729 - __main__ - INFO - today=> 2024-05-22 & yesterday=> 2024-05-21
2024-05-22 01:48:58,730 - __main__ - INFO - temp_daily_aqi columns Index(['Unnamed: 0', 'Date', 'AQI'], dtype='object')
2024-05-22 01:48:58,733 - __main__ - INFO - temp_daily_aqi[2024-05-21]=> Empty DataFrame
Columns: [Unnamed: 0, AQI]
Index: []
2024-05-22 01:48:58,733 - __main__ - INFO - Index => 1538, yesterday => 2024-05-21 & AQI => 199.0
2024-05-22 01:48:58,733 - __main__ - INFO - Daily AQI data has been written to data/cleaned_data/Forecasting_time_series/sector_51_daily_aqi.csv
2024-05-22 01:48:58,734 - __main__ - INFO - Index => 1538, yesterday => 2024-05-21 & AQI => 199.0
2024-05-22 01:48:58,734 - __main__ - INFO - Daily AQI data has been written to static/data/sector_51_daily_aqi.csv
2024-05-22 01:48:58,738 - __main__ - INFO - Re-training the model & train_end is 2024-05-16 00:00:00
2024-05-22 01:48:59,781 - __main__ - INFO - Retrained the model & MAPE is 24.76%
2024-05-22 01:48:59,782 - __main__ - INFO - Retrained the model & MAE is 38.13241959208467
2024-05-22 01:49:01,012 - __main__ - INFO - Forecast=> 2024-05-22    196.824430
2024-05-23    194.514312
2024-05-24    201.903211
2024-05-25    222.822385
2024-05-26    196.274721
Freq: D, Name: predicted_mean, dtype: float64
2024-05-22 01:49:01,013 - __main__ - INFO - The forecast data has been written to data/cleaned_data/Forecasting_time_series/forecast_sector_51_daily_aqi.csv
2024-05-22 01:49:01,013 - __main__ - INFO - The forecast data has been written to static/data/forecast_sector_51_daily_aqi.csv
