2024-10-22 01:14:55,745 - __main__ - INFO - station=> Sector-51, Gurugram, result => ['201', 'Sector-51, Gurugram, India', Timestamp('2024-10-22 06:00:00')]
2024-10-22 01:14:55,745 - __main__ - INFO - The hourly data has been written to data/cron_job_data/sector_51_cron_output.csv with Timestamp: 2024-10-22 06:00:00
2024-10-22 01:14:56,213 - __main__ - INFO - station=> Sector-51, Gurugram, result => ['201', 'Sector-51, Gurugram, India', Timestamp('2024-10-22 06:00:00')]
2024-10-22 01:14:56,213 - __main__ - INFO - The hourly data has been written to static/data/sector_51_cron_output.csv with Timestamp: 2024-10-22 06:00:00
2024-10-22 01:14:56,304 - __main__ - INFO - df_api columns Index(['AQI'], dtype='object')
2024-10-22 01:14:56,305 - __main__ - INFO - today=> 2024-10-22 & yesterday=> 2024-10-21
2024-10-22 01:14:56,307 - __main__ - INFO - temp_daily_aqi columns Index(['Unnamed: 0', 'Date', 'AQI'], dtype='object')
2024-10-22 01:14:56,309 - __main__ - INFO - temp_daily_aqi[2024-10-21]=> Empty DataFrame
Columns: [Unnamed: 0, AQI]
Index: []
2024-10-22 01:14:56,310 - __main__ - INFO - Index => 1691, yesterday => 2024-10-21 & AQI => 443.0
2024-10-22 01:14:56,310 - __main__ - INFO - Daily AQI data has been written to data/cleaned_data/Forecasting_time_series/sector_51_daily_aqi.csv
2024-10-22 01:14:56,310 - __main__ - INFO - Index => 1691, yesterday => 2024-10-21 & AQI => 443.0
2024-10-22 01:14:56,310 - __main__ - INFO - Daily AQI data has been written to static/data/sector_51_daily_aqi.csv
2024-10-22 01:14:56,316 - __main__ - INFO - Re-training the model & train_end is 2024-10-16 00:00:00
2024-10-22 01:14:57,497 - __main__ - INFO - Retrained the model & MAPE is 18.51%
2024-10-22 01:14:57,498 - __main__ - INFO - Retrained the model & MAE is 65.09220486122464
2024-10-22 01:14:58,913 - __main__ - INFO - Forecast=> 2024-10-22    354.138181
2024-10-23    337.569944
2024-10-24    325.208950
2024-10-25    311.042493
2024-10-26    312.527153
Freq: D, Name: predicted_mean, dtype: float64
2024-10-22 01:14:58,914 - __main__ - INFO - The forecast data has been written to data/cleaned_data/Forecasting_time_series/forecast_sector_51_daily_aqi.csv
2024-10-22 01:14:58,914 - __main__ - INFO - The forecast data has been written to static/data/forecast_sector_51_daily_aqi.csv
2024-10-22 04:20:23,938 - __main__ - INFO - station=> Sector-51, Gurugram, result => ['191', 'Sector-51, Gurugram, India', Timestamp('2024-10-22 09:00:00')]
2024-10-22 04:20:23,938 - __main__ - INFO - The hourly data has been written to data/cron_job_data/sector_51_cron_output.csv with Timestamp: 2024-10-22 09:00:00
2024-10-22 04:20:24,450 - __main__ - INFO - station=> Sector-51, Gurugram, result => ['191', 'Sector-51, Gurugram, India', Timestamp('2024-10-22 09:00:00')]
2024-10-22 04:20:24,450 - __main__ - INFO - The hourly data has been written to static/data/sector_51_cron_output.csv with Timestamp: 2024-10-22 09:00:00
2024-10-22 08:21:20,715 - __main__ - INFO - station=> Sector-51, Gurugram, result => ['172', 'Sector-51, Gurugram, India', Timestamp('2024-10-22 13:00:00')]
2024-10-22 08:21:20,715 - __main__ - INFO - The hourly data has been written to data/cron_job_data/sector_51_cron_output.csv with Timestamp: 2024-10-22 13:00:00
2024-10-22 08:21:21,195 - __main__ - INFO - station=> Sector-51, Gurugram, result => ['172', 'Sector-51, Gurugram, India', Timestamp('2024-10-22 13:00:00')]
2024-10-22 08:21:21,195 - __main__ - INFO - The hourly data has been written to static/data/sector_51_cron_output.csv with Timestamp: 2024-10-22 13:00:00
