2024-04-23 00:32:01,879 - __main__ - INFO - station=> Sector-51, Gurugram, result => ['252', 'Sector-51, Gurugram, India', Timestamp('2024-04-23 05:00:00')]
2024-04-23 00:32:01,879 - __main__ - INFO - The hourly data has been written to data/cron_job_data/sector_51_cron_output.csv with Timestamp: 2024-04-23 05:00:00
2024-04-23 00:32:02,581 - __main__ - INFO - station=> Sector-51, Gurugram, result => ['252', 'Sector-51, Gurugram, India', Timestamp('2024-04-23 05:00:00')]
2024-04-23 00:32:02,581 - __main__ - INFO - The hourly data has been written to static/data/sector_51_cron_output.csv with Timestamp: 2024-04-23 05:00:00
2024-04-23 01:43:20,037 - __main__ - INFO - station=> Sector-51, Gurugram, result => ['234', 'Sector-51, Gurugram, India', Timestamp('2024-04-23 06:00:00')]
2024-04-23 01:43:20,037 - __main__ - INFO - The hourly data has been written to data/cron_job_data/sector_51_cron_output.csv with Timestamp: 2024-04-23 06:00:00
2024-04-23 01:43:20,501 - __main__ - INFO - station=> Sector-51, Gurugram, result => ['234', 'Sector-51, Gurugram, India', Timestamp('2024-04-23 06:00:00')]
2024-04-23 01:43:20,501 - __main__ - INFO - The hourly data has been written to static/data/sector_51_cron_output.csv with Timestamp: 2024-04-23 06:00:00
2024-04-23 01:43:20,502 - __main__ - INFO - Calling writeData & retrain_model functions.
2024-04-23 01:43:20,508 - __main__ - INFO - df_api columns Index(['AQI'], dtype='object')
2024-04-23 01:43:20,508 - __main__ - INFO - today=> 2024-04-23 & yesterday=> 2024-04-22
2024-04-23 01:43:20,510 - __main__ - INFO - temp_daily_aqi columns Index(['Unnamed: 0', 'Date', 'AQI'], dtype='object')
2024-04-23 01:43:20,513 - __main__ - INFO - temp_daily_aqi[2024-04-22]=> Empty DataFrame
Columns: [Unnamed: 0, AQI]
Index: []
2024-04-23 01:43:20,513 - __main__ - INFO - Index => 1509, yesterday => 2024-04-22 & AQI => 177.0
2024-04-23 01:43:20,513 - __main__ - INFO - Daily AQI data has been written to data/cleaned_data/Forecasting_time_series/sector_51_daily_aqi.csv
2024-04-23 01:43:20,514 - __main__ - INFO - Index => 1509, yesterday => 2024-04-22 & AQI => 177.0
2024-04-23 01:43:20,514 - __main__ - INFO - Daily AQI data has been written to static/data/sector_51_daily_aqi.csv
2024-04-23 01:43:20,518 - __main__ - INFO - Re-training the model & train_end is 2024-04-17 00:00:00
2024-04-23 01:43:21,734 - __main__ - INFO - Retrained the model & MAPE is 16.28%
2024-04-23 01:43:21,734 - __main__ - INFO - Retrained the model & MAE is 59.00462726281419%
2024-04-23 01:43:22,940 - __main__ - INFO - Forecast=> 2024-04-23    189.919875
2024-04-24    192.034346
2024-04-25    196.009824
2024-04-26    203.927187
2024-04-27    223.726244
Freq: D, Name: predicted_mean, dtype: float64
2024-04-23 01:43:22,941 - __main__ - INFO - The forecast data has been written to data/cleaned_data/Forecasting_time_series/forecast_sector_51_daily_aqi.csv
2024-04-23 01:43:22,941 - __main__ - INFO - The forecast data has been written to static/data/forecast_sector_51_daily_aqi.csv
2024-04-23 02:19:38,773 - __main__ - INFO - station=> Sector-51, Gurugram, result => ['247', 'Sector-51, Gurugram, India', Timestamp('2024-04-23 07:00:00')]
2024-04-23 02:19:38,774 - __main__ - INFO - The hourly data has been written to data/cron_job_data/sector_51_cron_output.csv with Timestamp: 2024-04-23 07:00:00
2024-04-23 02:19:39,561 - __main__ - INFO - station=> Sector-51, Gurugram, result => ['247', 'Sector-51, Gurugram, India', Timestamp('2024-04-23 07:00:00')]
2024-04-23 02:19:39,561 - __main__ - INFO - The hourly data has been written to static/data/sector_51_cron_output.csv with Timestamp: 2024-04-23 07:00:00
2024-04-23 03:08:08,957 - __main__ - INFO - station=> Sector-51, Gurugram, result => ['399', 'Sector-51, Gurugram, India', Timestamp('2024-04-23 08:00:00')]
2024-04-23 03:08:08,957 - __main__ - INFO - The hourly data has been written to data/cron_job_data/sector_51_cron_output.csv with Timestamp: 2024-04-23 08:00:00
2024-04-23 03:08:09,634 - __main__ - INFO - station=> Sector-51, Gurugram, result => ['399', 'Sector-51, Gurugram, India', Timestamp('2024-04-23 08:00:00')]
2024-04-23 03:08:09,634 - __main__ - INFO - The hourly data has been written to static/data/sector_51_cron_output.csv with Timestamp: 2024-04-23 08:00:00
2024-04-23 04:08:33,424 - __main__ - INFO - station=> Sector-51, Gurugram, result => ['219', 'Sector-51, Gurugram, India', Timestamp('2024-04-23 09:00:00')]
2024-04-23 04:08:33,424 - __main__ - INFO - The hourly data has been written to data/cron_job_data/sector_51_cron_output.csv with Timestamp: 2024-04-23 09:00:00
2024-04-23 04:08:33,893 - __main__ - INFO - station=> Sector-51, Gurugram, result => ['219', 'Sector-51, Gurugram, India', Timestamp('2024-04-23 09:00:00')]
2024-04-23 04:08:33,893 - __main__ - INFO - The hourly data has been written to static/data/sector_51_cron_output.csv with Timestamp: 2024-04-23 09:00:00
2024-04-23 05:07:12,230 - __main__ - INFO - station=> Sector-51, Gurugram, result => ['193', 'Sector-51, Gurugram, India', Timestamp('2024-04-23 10:00:00')]
2024-04-23 05:07:12,230 - __main__ - INFO - The hourly data has been written to data/cron_job_data/sector_51_cron_output.csv with Timestamp: 2024-04-23 10:00:00
2024-04-23 05:07:12,923 - __main__ - INFO - station=> Sector-51, Gurugram, result => ['193', 'Sector-51, Gurugram, India', Timestamp('2024-04-23 10:00:00')]
2024-04-23 05:07:12,923 - __main__ - INFO - The hourly data has been written to static/data/sector_51_cron_output.csv with Timestamp: 2024-04-23 10:00:00
2024-04-23 06:09:37,269 - __main__ - INFO - station=> Sector-51, Gurugram, result => ['181', 'Sector-51, Gurugram, India', Timestamp('2024-04-23 11:00:00')]
2024-04-23 06:09:37,269 - __main__ - INFO - The hourly data has been written to data/cron_job_data/sector_51_cron_output.csv with Timestamp: 2024-04-23 11:00:00
2024-04-23 06:09:37,902 - __main__ - INFO - station=> Sector-51, Gurugram, result => ['181', 'Sector-51, Gurugram, India', Timestamp('2024-04-23 11:00:00')]
2024-04-23 06:09:37,902 - __main__ - INFO - The hourly data has been written to static/data/sector_51_cron_output.csv with Timestamp: 2024-04-23 11:00:00
2024-04-23 07:07:29,179 - __main__ - INFO - station=> Sector-51, Gurugram, result => ['178', 'Sector-51, Gurugram, India', Timestamp('2024-04-23 12:00:00')]
2024-04-23 07:07:29,179 - __main__ - INFO - The hourly data has been written to data/cron_job_data/sector_51_cron_output.csv with Timestamp: 2024-04-23 12:00:00
2024-04-23 07:07:29,820 - __main__ - INFO - station=> Sector-51, Gurugram, result => ['178', 'Sector-51, Gurugram, India', Timestamp('2024-04-23 12:00:00')]
2024-04-23 07:07:29,820 - __main__ - INFO - The hourly data has been written to static/data/sector_51_cron_output.csv with Timestamp: 2024-04-23 12:00:00
2024-04-23 08:09:58,536 - __main__ - INFO - station=> Sector-51, Gurugram, result => ['196', 'Sector-51, Gurugram, India', Timestamp('2024-04-23 13:00:00')]
2024-04-23 08:09:58,537 - __main__ - INFO - The hourly data has been written to data/cron_job_data/sector_51_cron_output.csv with Timestamp: 2024-04-23 13:00:00
2024-04-23 08:09:59,000 - __main__ - INFO - station=> Sector-51, Gurugram, result => ['196', 'Sector-51, Gurugram, India', Timestamp('2024-04-23 13:00:00')]
2024-04-23 08:09:59,000 - __main__ - INFO - The hourly data has been written to static/data/sector_51_cron_output.csv with Timestamp: 2024-04-23 13:00:00
2024-04-23 09:09:52,318 - __main__ - INFO - station=> Sector-51, Gurugram, result => ['196', 'Sector-51, Gurugram, India', Timestamp('2024-04-23 14:00:00')]
2024-04-23 09:09:52,318 - __main__ - INFO - The hourly data has been written to data/cron_job_data/sector_51_cron_output.csv with Timestamp: 2024-04-23 14:00:00
2024-04-23 09:09:52,997 - __main__ - INFO - station=> Sector-51, Gurugram, result => ['196', 'Sector-51, Gurugram, India', Timestamp('2024-04-23 14:00:00')]
2024-04-23 09:09:52,997 - __main__ - INFO - The hourly data has been written to static/data/sector_51_cron_output.csv with Timestamp: 2024-04-23 14:00:00
2024-04-23 10:07:27,966 - __main__ - INFO - station=> Sector-51, Gurugram, result => ['187', 'Sector-51, Gurugram, India', Timestamp('2024-04-23 15:00:00')]
2024-04-23 10:07:27,966 - __main__ - INFO - The hourly data has been written to data/cron_job_data/sector_51_cron_output.csv with Timestamp: 2024-04-23 15:00:00
2024-04-23 10:07:28,662 - __main__ - INFO - station=> Sector-51, Gurugram, result => ['187', 'Sector-51, Gurugram, India', Timestamp('2024-04-23 15:00:00')]
2024-04-23 10:07:28,662 - __main__ - INFO - The hourly data has been written to static/data/sector_51_cron_output.csv with Timestamp: 2024-04-23 15:00:00
2024-04-23 11:06:48,184 - __main__ - INFO - station=> Sector-51, Gurugram, result => ['180', 'Sector-51, Gurugram, India', Timestamp('2024-04-23 16:00:00')]
2024-04-23 11:06:48,184 - __main__ - INFO - The hourly data has been written to data/cron_job_data/sector_51_cron_output.csv with Timestamp: 2024-04-23 16:00:00
2024-04-23 11:06:48,647 - __main__ - INFO - station=> Sector-51, Gurugram, result => ['180', 'Sector-51, Gurugram, India', Timestamp('2024-04-23 16:00:00')]
2024-04-23 11:06:48,647 - __main__ - INFO - The hourly data has been written to static/data/sector_51_cron_output.csv with Timestamp: 2024-04-23 16:00:00
2024-04-23 12:13:37,037 - __main__ - INFO - station=> Sector-51, Gurugram, result => ['183', 'Sector-51, Gurugram, India', Timestamp('2024-04-23 17:00:00')]
2024-04-23 12:13:37,037 - __main__ - INFO - The hourly data has been written to data/cron_job_data/sector_51_cron_output.csv with Timestamp: 2024-04-23 17:00:00
2024-04-23 12:13:37,517 - __main__ - INFO - station=> Sector-51, Gurugram, result => ['183', 'Sector-51, Gurugram, India', Timestamp('2024-04-23 17:00:00')]
2024-04-23 12:13:37,517 - __main__ - INFO - The hourly data has been written to static/data/sector_51_cron_output.csv with Timestamp: 2024-04-23 17:00:00
2024-04-23 13:08:16,397 - __main__ - INFO - station=> Sector-51, Gurugram, result => ['216', 'Sector-51, Gurugram, India', Timestamp('2024-04-23 18:00:00')]
2024-04-23 13:08:16,397 - __main__ - INFO - The hourly data has been written to data/cron_job_data/sector_51_cron_output.csv with Timestamp: 2024-04-23 18:00:00
2024-04-23 13:08:17,027 - __main__ - INFO - station=> Sector-51, Gurugram, result => ['216', 'Sector-51, Gurugram, India', Timestamp('2024-04-23 18:00:00')]
2024-04-23 13:08:17,028 - __main__ - INFO - The hourly data has been written to static/data/sector_51_cron_output.csv with Timestamp: 2024-04-23 18:00:00
2024-04-23 14:06:26,162 - __main__ - INFO - station=> Sector-51, Gurugram, result => ['221', 'Sector-51, Gurugram, India', Timestamp('2024-04-23 19:00:00')]
2024-04-23 14:06:26,162 - __main__ - INFO - The hourly data has been written to data/cron_job_data/sector_51_cron_output.csv with Timestamp: 2024-04-23 19:00:00
2024-04-23 14:06:26,639 - __main__ - INFO - station=> Sector-51, Gurugram, result => ['221', 'Sector-51, Gurugram, India', Timestamp('2024-04-23 19:00:00')]
2024-04-23 14:06:26,639 - __main__ - INFO - The hourly data has been written to static/data/sector_51_cron_output.csv with Timestamp: 2024-04-23 19:00:00
2024-04-23 15:07:28,155 - __main__ - INFO - station=> Sector-51, Gurugram, result => ['170', 'Sector-51, Gurugram, India', Timestamp('2024-04-23 20:00:00')]
2024-04-23 15:07:28,156 - __main__ - INFO - The hourly data has been written to data/cron_job_data/sector_51_cron_output.csv with Timestamp: 2024-04-23 20:00:00
2024-04-23 15:07:28,793 - __main__ - INFO - station=> Sector-51, Gurugram, result => ['170', 'Sector-51, Gurugram, India', Timestamp('2024-04-23 20:00:00')]
2024-04-23 15:07:28,793 - __main__ - INFO - The hourly data has been written to static/data/sector_51_cron_output.csv with Timestamp: 2024-04-23 20:00:00
2024-04-23 16:08:24,918 - __main__ - INFO - station=> Sector-51, Gurugram, result => ['159', 'Sector-51, Gurugram, India', Timestamp('2024-04-23 21:00:00')]
2024-04-23 16:08:24,918 - __main__ - INFO - The hourly data has been written to data/cron_job_data/sector_51_cron_output.csv with Timestamp: 2024-04-23 21:00:00
2024-04-23 16:08:25,563 - __main__ - INFO - station=> Sector-51, Gurugram, result => ['159', 'Sector-51, Gurugram, India', Timestamp('2024-04-23 21:00:00')]
2024-04-23 16:08:25,563 - __main__ - INFO - The hourly data has been written to static/data/sector_51_cron_output.csv with Timestamp: 2024-04-23 21:00:00
2024-04-23 17:05:50,212 - __main__ - INFO - station=> Sector-51, Gurugram, result => ['165', 'Sector-51, Gurugram, India', Timestamp('2024-04-23 22:00:00')]
2024-04-23 17:05:50,212 - __main__ - INFO - The hourly data has been written to data/cron_job_data/sector_51_cron_output.csv with Timestamp: 2024-04-23 22:00:00
2024-04-23 17:05:50,679 - __main__ - INFO - station=> Sector-51, Gurugram, result => ['165', 'Sector-51, Gurugram, India', Timestamp('2024-04-23 22:00:00')]
2024-04-23 17:05:50,680 - __main__ - INFO - The hourly data has been written to static/data/sector_51_cron_output.csv with Timestamp: 2024-04-23 22:00:00
2024-04-23 18:08:47,268 - __main__ - INFO - station=> Sector-51, Gurugram, result => ['171', 'Sector-51, Gurugram, India', Timestamp('2024-04-23 23:00:00')]
2024-04-23 18:08:47,268 - __main__ - INFO - The hourly data has been written to data/cron_job_data/sector_51_cron_output.csv with Timestamp: 2024-04-23 23:00:00
2024-04-23 18:08:47,740 - __main__ - INFO - station=> Sector-51, Gurugram, result => ['171', 'Sector-51, Gurugram, India', Timestamp('2024-04-23 23:00:00')]
2024-04-23 18:08:47,740 - __main__ - INFO - The hourly data has been written to static/data/sector_51_cron_output.csv with Timestamp: 2024-04-23 23:00:00
2024-04-23 19:04:11,975 - __main__ - INFO - station=> Sector-51, Gurugram, result => ['179', 'Sector-51, Gurugram, India', Timestamp('2024-04-24 00:00:00')]
2024-04-23 19:04:11,976 - __main__ - INFO - The hourly data has been written to data/cron_job_data/sector_51_cron_output.csv with Timestamp: 2024-04-24 00:00:00
2024-04-23 19:04:12,439 - __main__ - INFO - station=> Sector-51, Gurugram, result => ['179', 'Sector-51, Gurugram, India', Timestamp('2024-04-24 00:00:00')]
2024-04-23 19:04:12,439 - __main__ - INFO - The hourly data has been written to static/data/sector_51_cron_output.csv with Timestamp: 2024-04-24 00:00:00
2024-04-23 20:07:38,072 - __main__ - INFO - station=> Sector-51, Gurugram, result => ['169', 'Sector-51, Gurugram, India', Timestamp('2024-04-24 01:00:00')]
2024-04-23 20:07:38,072 - __main__ - INFO - The hourly data has been written to data/cron_job_data/sector_51_cron_output.csv with Timestamp: 2024-04-24 01:00:00
2024-04-23 20:07:38,696 - __main__ - INFO - station=> Sector-51, Gurugram, result => ['169', 'Sector-51, Gurugram, India', Timestamp('2024-04-24 01:00:00')]
2024-04-23 20:07:38,696 - __main__ - INFO - The hourly data has been written to static/data/sector_51_cron_output.csv with Timestamp: 2024-04-24 01:00:00
2024-04-23 21:06:52,978 - __main__ - INFO - station=> Sector-51, Gurugram, result => ['170', 'Sector-51, Gurugram, India', Timestamp('2024-04-24 02:00:00')]
2024-04-23 21:06:52,978 - __main__ - INFO - The hourly data has been written to data/cron_job_data/sector_51_cron_output.csv with Timestamp: 2024-04-24 02:00:00
2024-04-23 21:06:53,664 - __main__ - INFO - station=> Sector-51, Gurugram, result => ['170', 'Sector-51, Gurugram, India', Timestamp('2024-04-24 02:00:00')]
2024-04-23 21:06:53,665 - __main__ - INFO - The hourly data has been written to static/data/sector_51_cron_output.csv with Timestamp: 2024-04-24 02:00:00
2024-04-23 22:07:43,067 - __main__ - INFO - station=> Sector-51, Gurugram, result => ['176', 'Sector-51, Gurugram, India', Timestamp('2024-04-24 03:00:00')]
2024-04-23 22:07:43,067 - __main__ - INFO - The hourly data has been written to data/cron_job_data/sector_51_cron_output.csv with Timestamp: 2024-04-24 03:00:00
2024-04-23 22:07:43,748 - __main__ - INFO - station=> Sector-51, Gurugram, result => ['176', 'Sector-51, Gurugram, India', Timestamp('2024-04-24 03:00:00')]
2024-04-23 22:07:43,748 - __main__ - INFO - The hourly data has been written to static/data/sector_51_cron_output.csv with Timestamp: 2024-04-24 03:00:00
2024-04-23 23:07:16,032 - __main__ - INFO - station=> Sector-51, Gurugram, result => ['185', 'Sector-51, Gurugram, India', Timestamp('2024-04-24 04:00:00')]
2024-04-23 23:07:16,033 - __main__ - INFO - The hourly data has been written to data/cron_job_data/sector_51_cron_output.csv with Timestamp: 2024-04-24 04:00:00
2024-04-23 23:07:16,511 - __main__ - INFO - station=> Sector-51, Gurugram, result => ['185', 'Sector-51, Gurugram, India', Timestamp('2024-04-24 04:00:00')]
2024-04-23 23:07:16,511 - __main__ - INFO - The hourly data has been written to static/data/sector_51_cron_output.csv with Timestamp: 2024-04-24 04:00:00
