2024-06-23 00:36:50,286 - __main__ - INFO - station=> Sector-51, Gurugram, result => ['130', 'Sector-51, Gurugram, India', Timestamp('2024-06-23 05:00:00')]
2024-06-23 00:36:50,287 - __main__ - INFO - The hourly data has been written to data/cron_job_data/sector_51_cron_output.csv with Timestamp: 2024-06-23 05:00:00
2024-06-23 00:36:50,931 - __main__ - INFO - station=> Sector-51, Gurugram, result => ['130', 'Sector-51, Gurugram, India', Timestamp('2024-06-23 05:00:00')]
2024-06-23 00:36:50,931 - __main__ - INFO - The hourly data has been written to static/data/sector_51_cron_output.csv with Timestamp: 2024-06-23 05:00:00
2024-06-23 01:58:31,712 - __main__ - INFO - Calling writeData & retrain_model functions.
2024-06-23 01:58:31,720 - __main__ - INFO - df_api columns Index(['AQI'], dtype='object')
2024-06-23 01:58:31,721 - __main__ - INFO - today=> 2024-06-23 & yesterday=> 2024-06-22
2024-06-23 01:58:31,723 - __main__ - INFO - temp_daily_aqi columns Index(['Unnamed: 0', 'Date', 'AQI'], dtype='object')
2024-06-23 01:58:31,725 - __main__ - INFO - temp_daily_aqi[2024-06-22]=> Empty DataFrame
Columns: [Unnamed: 0, AQI]
Index: []
2024-06-23 01:58:31,725 - __main__ - INFO - Index => 1570, yesterday => 2024-06-22 & AQI => 156.0
2024-06-23 01:58:31,726 - __main__ - INFO - Daily AQI data has been written to data/cleaned_data/Forecasting_time_series/sector_51_daily_aqi.csv
2024-06-23 01:58:31,726 - __main__ - INFO - Index => 1570, yesterday => 2024-06-22 & AQI => 156.0
2024-06-23 01:58:31,726 - __main__ - INFO - Daily AQI data has been written to static/data/sector_51_daily_aqi.csv
2024-06-23 01:58:31,731 - __main__ - INFO - Re-training the model & train_end is 2024-06-17 00:00:00
2024-06-23 01:58:32,905 - __main__ - INFO - Retrained the model & MAPE is 15.07%
2024-06-23 01:58:32,906 - __main__ - INFO - Retrained the model & MAE is 29.82497762857609
2024-06-23 01:58:34,160 - __main__ - INFO - Forecast=> 2024-06-23    149.915215
2024-06-24    159.584579
2024-06-25    164.145115
2024-06-26    172.966607
2024-06-27    172.909899
Freq: D, Name: predicted_mean, dtype: float64
2024-06-23 01:58:34,160 - __main__ - INFO - The forecast data has been written to data/cleaned_data/Forecasting_time_series/forecast_sector_51_daily_aqi.csv
2024-06-23 01:58:34,161 - __main__ - INFO - The forecast data has been written to static/data/forecast_sector_51_daily_aqi.csv
2024-06-23 02:30:22,702 - __main__ - INFO - station=> Sector-51, Gurugram, result => ['128', 'Sector-51, Gurugram, India', Timestamp('2024-06-23 06:00:00')]
2024-06-23 02:30:22,702 - __main__ - INFO - The hourly data has been written to data/cron_job_data/sector_51_cron_output.csv with Timestamp: 2024-06-23 06:00:00
2024-06-23 02:30:23,400 - __main__ - INFO - station=> Sector-51, Gurugram, result => ['128', 'Sector-51, Gurugram, India', Timestamp('2024-06-23 06:00:00')]
2024-06-23 02:30:23,400 - __main__ - INFO - The hourly data has been written to static/data/sector_51_cron_output.csv with Timestamp: 2024-06-23 06:00:00
2024-06-23 03:08:40,699 - __main__ - INFO - station=> Sector-51, Gurugram, result => ['135', 'Sector-51, Gurugram, India', Timestamp('2024-06-23 08:00:00')]
2024-06-23 03:08:40,699 - __main__ - INFO - The hourly data has been written to data/cron_job_data/sector_51_cron_output.csv with Timestamp: 2024-06-23 08:00:00
2024-06-23 03:08:41,178 - __main__ - INFO - station=> Sector-51, Gurugram, result => ['135', 'Sector-51, Gurugram, India', Timestamp('2024-06-23 08:00:00')]
2024-06-23 03:08:41,178 - __main__ - INFO - The hourly data has been written to static/data/sector_51_cron_output.csv with Timestamp: 2024-06-23 08:00:00
2024-06-23 04:08:51,568 - __main__ - INFO - station=> Sector-51, Gurugram, result => ['160', 'Sector-51, Gurugram, India', Timestamp('2024-06-23 09:00:00')]
2024-06-23 04:08:51,568 - __main__ - INFO - The hourly data has been written to data/cron_job_data/sector_51_cron_output.csv with Timestamp: 2024-06-23 09:00:00
2024-06-23 04:08:52,267 - __main__ - INFO - station=> Sector-51, Gurugram, result => ['160', 'Sector-51, Gurugram, India', Timestamp('2024-06-23 09:00:00')]
2024-06-23 04:08:52,267 - __main__ - INFO - The hourly data has been written to static/data/sector_51_cron_output.csv with Timestamp: 2024-06-23 09:00:00
