2024-03-23 01:37:06,165 - __main__ - INFO - station=> Sector-51, Gurugram, result => ['211', 'Sector-51, Gurugram, India', Timestamp('2024-03-23 06:00:00')]
2024-03-23 01:37:06,166 - __main__ - INFO - The hourly data has been written to data/cron_job_data/sector_51_cron_output.csv with Timestamp: 2024-03-23 06:00:00
2024-03-23 01:37:06,830 - __main__ - INFO - station=> Sector-51, Gurugram, result => ['211', 'Sector-51, Gurugram, India', Timestamp('2024-03-23 06:00:00')]
2024-03-23 01:37:06,830 - __main__ - INFO - The hourly data has been written to static/data/sector_51_cron_output.csv with Timestamp: 2024-03-23 06:00:00
2024-03-23 01:37:06,831 - __main__ - INFO - Calling writeData & retrain_model functions.
2024-03-23 01:37:06,837 - __main__ - INFO - df_api columns Index(['AQI'], dtype='object')
2024-03-23 01:37:06,837 - __main__ - INFO - today=> 2024-03-23 & yesterday=> 2024-03-22
2024-03-23 01:37:06,839 - __main__ - INFO - temp_daily_aqi columns Index(['Unnamed: 0', 'Date', 'AQI'], dtype='object')
2024-03-23 01:37:06,842 - __main__ - INFO - temp_daily_aqi[2024-03-22]=> Empty DataFrame
Columns: [Unnamed: 0, AQI]
Index: []
2024-03-23 01:37:06,842 - __main__ - INFO - Index => 1478, yesterday => 2024-03-22 & AQI => 184.0
2024-03-23 01:37:06,842 - __main__ - INFO - Daily AQI data has been written to data/cleaned_data/Forecasting_time_series/sector_51_daily_aqi.csv
2024-03-23 01:37:06,843 - __main__ - INFO - Index => 1478, yesterday => 2024-03-22 & AQI => 184.0
2024-03-23 01:37:06,843 - __main__ - INFO - Daily AQI data has been written to static/data/sector_51_daily_aqi.csv
2024-03-23 01:37:06,847 - __main__ - INFO - Re-training the model & train_end is 2024-03-17 00:00:00
2024-03-23 01:37:08,189 - __main__ - INFO - Retrained the model & MAPE is 13.32%
2024-03-23 01:37:08,189 - __main__ - INFO - Retrained the model & MAE is 31.664400573837366%
2024-03-23 01:37:09,532 - __main__ - INFO - Forecast=> 2024-03-23    208.811183
2024-03-24    191.159257
2024-03-25    193.455985
2024-03-26    197.351229
2024-03-27    198.270683
Freq: D, Name: predicted_mean, dtype: float64
2024-03-23 01:37:09,532 - __main__ - INFO - The forecast data has been written to data/cleaned_data/Forecasting_time_series/forecast_sector_51_daily_aqi.csv
2024-03-23 01:37:09,532 - __main__ - INFO - The forecast data has been written to static/data/forecast_sector_51_daily_aqi.csv
2024-03-23 06:12:19,270 - __main__ - INFO - station=> Sector-51, Gurugram, result => ['180', 'Sector-51, Gurugram, India', Timestamp('2024-03-23 11:00:00')]
2024-03-23 06:12:19,270 - __main__ - INFO - The hourly data has been written to data/cron_job_data/sector_51_cron_output.csv with Timestamp: 2024-03-23 11:00:00
2024-03-23 06:12:19,950 - __main__ - INFO - station=> Sector-51, Gurugram, result => ['180', 'Sector-51, Gurugram, India', Timestamp('2024-03-23 11:00:00')]
2024-03-23 06:12:19,951 - __main__ - INFO - The hourly data has been written to static/data/sector_51_cron_output.csv with Timestamp: 2024-03-23 11:00:00
2024-03-23 07:08:16,581 - __main__ - INFO - station=> Sector-51, Gurugram, result => ['178', 'Sector-51, Gurugram, India', Timestamp('2024-03-23 12:00:00')]
2024-03-23 07:08:16,581 - __main__ - INFO - The hourly data has been written to data/cron_job_data/sector_51_cron_output.csv with Timestamp: 2024-03-23 12:00:00
2024-03-23 07:08:17,240 - __main__ - INFO - station=> Sector-51, Gurugram, result => ['178', 'Sector-51, Gurugram, India', Timestamp('2024-03-23 12:00:00')]
2024-03-23 07:08:17,240 - __main__ - INFO - The hourly data has been written to static/data/sector_51_cron_output.csv with Timestamp: 2024-03-23 12:00:00
