2024-05-23 00:32:10,219 - __main__ - INFO - station=> Sector-51, Gurugram, result => ['151', 'Sector-51, Gurugram, India', Timestamp('2024-05-23 05:00:00')]
2024-05-23 00:32:10,219 - __main__ - INFO - The hourly data has been written to data/cron_job_data/sector_51_cron_output.csv with Timestamp: 2024-05-23 05:00:00
2024-05-23 00:32:10,923 - __main__ - INFO - station=> Sector-51, Gurugram, result => ['151', 'Sector-51, Gurugram, India', Timestamp('2024-05-23 05:00:00')]
2024-05-23 00:32:10,923 - __main__ - INFO - The hourly data has been written to static/data/sector_51_cron_output.csv with Timestamp: 2024-05-23 05:00:00
2024-05-23 01:46:57,479 - __main__ - INFO - station=> Sector-51, Gurugram, result => ['151', 'Sector-51, Gurugram, India', Timestamp('2024-05-23 07:00:00')]
2024-05-23 01:46:57,479 - __main__ - INFO - The hourly data has been written to data/cron_job_data/sector_51_cron_output.csv with Timestamp: 2024-05-23 07:00:00
2024-05-23 01:46:58,119 - __main__ - INFO - station=> Sector-51, Gurugram, result => ['151', 'Sector-51, Gurugram, India', Timestamp('2024-05-23 07:00:00')]
2024-05-23 01:46:58,119 - __main__ - INFO - The hourly data has been written to static/data/sector_51_cron_output.csv with Timestamp: 2024-05-23 07:00:00
2024-05-23 01:46:58,121 - __main__ - INFO - Calling writeData & retrain_model functions.
2024-05-23 01:46:58,129 - __main__ - INFO - df_api columns Index(['AQI'], dtype='object')
2024-05-23 01:46:58,129 - __main__ - INFO - today=> 2024-05-23 & yesterday=> 2024-05-22
2024-05-23 01:46:58,131 - __main__ - INFO - temp_daily_aqi columns Index(['Unnamed: 0', 'Date', 'AQI'], dtype='object')
2024-05-23 01:46:58,133 - __main__ - INFO - temp_daily_aqi[2024-05-22]=> Empty DataFrame
Columns: [Unnamed: 0, AQI]
Index: []
2024-05-23 01:46:58,134 - __main__ - INFO - Index => 1539, yesterday => 2024-05-22 & AQI => 215.0
2024-05-23 01:46:58,134 - __main__ - INFO - Daily AQI data has been written to data/cleaned_data/Forecasting_time_series/sector_51_daily_aqi.csv
2024-05-23 01:46:58,134 - __main__ - INFO - Index => 1539, yesterday => 2024-05-22 & AQI => 215.0
2024-05-23 01:46:58,135 - __main__ - INFO - Daily AQI data has been written to static/data/sector_51_daily_aqi.csv
2024-05-23 01:46:58,139 - __main__ - INFO - Re-training the model & train_end is 2024-05-17 00:00:00
2024-05-23 01:46:59,284 - __main__ - INFO - Retrained the model & MAPE is 20.06%
2024-05-23 01:46:59,284 - __main__ - INFO - Retrained the model & MAE is 42.790049720053894
2024-05-23 01:47:00,360 - __main__ - INFO - Forecast=> 2024-05-23    206.249672
2024-05-24    212.435271
2024-05-25    232.316768
2024-05-26    204.761111
2024-05-27    208.405866
Freq: D, Name: predicted_mean, dtype: float64
2024-05-23 01:47:00,361 - __main__ - INFO - The forecast data has been written to data/cleaned_data/Forecasting_time_series/forecast_sector_51_daily_aqi.csv
2024-05-23 01:47:00,361 - __main__ - INFO - The forecast data has been written to static/data/forecast_sector_51_daily_aqi.csv
2024-05-23 04:09:09,314 - __main__ - INFO - station=> Sector-51, Gurugram, result => ['151', 'Sector-51, Gurugram, India', Timestamp('2024-05-23 09:00:00')]
2024-05-23 04:09:09,314 - __main__ - INFO - The hourly data has been written to data/cron_job_data/sector_51_cron_output.csv with Timestamp: 2024-05-23 09:00:00
2024-05-23 04:09:09,783 - __main__ - INFO - station=> Sector-51, Gurugram, result => ['151', 'Sector-51, Gurugram, India', Timestamp('2024-05-23 09:00:00')]
2024-05-23 04:09:09,783 - __main__ - INFO - The hourly data has been written to static/data/sector_51_cron_output.csv with Timestamp: 2024-05-23 09:00:00
2024-05-23 05:09:41,188 - __main__ - INFO - station=> Sector-51, Gurugram, result => ['151', 'Sector-51, Gurugram, India', Timestamp('2024-05-23 10:00:00')]
2024-05-23 05:09:41,188 - __main__ - INFO - The hourly data has been written to data/cron_job_data/sector_51_cron_output.csv with Timestamp: 2024-05-23 10:00:00
2024-05-23 05:09:41,829 - __main__ - INFO - station=> Sector-51, Gurugram, result => ['151', 'Sector-51, Gurugram, India', Timestamp('2024-05-23 10:00:00')]
2024-05-23 05:09:41,829 - __main__ - INFO - The hourly data has been written to static/data/sector_51_cron_output.csv with Timestamp: 2024-05-23 10:00:00
2024-05-23 06:10:25,701 - __main__ - INFO - station=> Sector-51, Gurugram, result => ['153', 'Sector-51, Gurugram, India', Timestamp('2024-05-23 11:00:00')]
2024-05-23 06:10:25,701 - __main__ - INFO - The hourly data has been written to data/cron_job_data/sector_51_cron_output.csv with Timestamp: 2024-05-23 11:00:00
2024-05-23 06:10:26,388 - __main__ - INFO - station=> Sector-51, Gurugram, result => ['153', 'Sector-51, Gurugram, India', Timestamp('2024-05-23 11:00:00')]
2024-05-23 06:10:26,388 - __main__ - INFO - The hourly data has been written to static/data/sector_51_cron_output.csv with Timestamp: 2024-05-23 11:00:00
2024-05-23 07:07:32,557 - __main__ - INFO - station=> Sector-51, Gurugram, result => ['155', 'Sector-51, Gurugram, India', Timestamp('2024-05-23 12:00:00')]
2024-05-23 07:07:32,557 - __main__ - INFO - The hourly data has been written to data/cron_job_data/sector_51_cron_output.csv with Timestamp: 2024-05-23 12:00:00
2024-05-23 07:07:33,244 - __main__ - INFO - station=> Sector-51, Gurugram, result => ['155', 'Sector-51, Gurugram, India', Timestamp('2024-05-23 12:00:00')]
2024-05-23 07:07:33,244 - __main__ - INFO - The hourly data has been written to static/data/sector_51_cron_output.csv with Timestamp: 2024-05-23 12:00:00
2024-05-23 08:10:14,950 - __main__ - INFO - station=> Sector-51, Gurugram, result => ['174', 'Sector-51, Gurugram, India', Timestamp('2024-05-23 13:00:00')]
2024-05-23 08:10:14,951 - __main__ - INFO - The hourly data has been written to data/cron_job_data/sector_51_cron_output.csv with Timestamp: 2024-05-23 13:00:00
2024-05-23 08:10:15,610 - __main__ - INFO - station=> Sector-51, Gurugram, result => ['174', 'Sector-51, Gurugram, India', Timestamp('2024-05-23 13:00:00')]
2024-05-23 08:10:15,611 - __main__ - INFO - The hourly data has been written to static/data/sector_51_cron_output.csv with Timestamp: 2024-05-23 13:00:00
2024-05-23 11:08:29,603 - __main__ - INFO - station=> Sector-51, Gurugram, result => ['177', 'Sector-51, Gurugram, India', Timestamp('2024-05-23 14:00:00')]
2024-05-23 11:08:29,603 - __main__ - INFO - The hourly data has been written to data/cron_job_data/sector_51_cron_output.csv with Timestamp: 2024-05-23 14:00:00
2024-05-23 11:08:30,073 - __main__ - INFO - station=> Sector-51, Gurugram, result => ['177', 'Sector-51, Gurugram, India', Timestamp('2024-05-23 14:00:00')]
2024-05-23 11:08:30,073 - __main__ - INFO - The hourly data has been written to static/data/sector_51_cron_output.csv with Timestamp: 2024-05-23 14:00:00
