2024-09-23 01:13:41,687 - __main__ - INFO - station=> Sector-51, Gurugram, result => ['163', 'Sector-51, Gurugram, India', Timestamp('2024-09-23 06:00:00')]
2024-09-23 01:13:41,687 - __main__ - INFO - The hourly data has been written to data/cron_job_data/sector_51_cron_output.csv with Timestamp: 2024-09-23 06:00:00
2024-09-23 01:13:42,302 - __main__ - INFO - station=> Sector-51, Gurugram, result => ['163', 'Sector-51, Gurugram, India', Timestamp('2024-09-23 06:00:00')]
2024-09-23 01:13:42,302 - __main__ - INFO - The hourly data has been written to static/data/sector_51_cron_output.csv with Timestamp: 2024-09-23 06:00:00
2024-09-23 01:13:42,392 - __main__ - INFO - df_api columns Index(['AQI'], dtype='object')
2024-09-23 01:13:42,393 - __main__ - INFO - today=> 2024-09-23 & yesterday=> 2024-09-22
2024-09-23 01:13:42,394 - __main__ - INFO - temp_daily_aqi columns Index(['Unnamed: 0', 'Date', 'AQI'], dtype='object')
2024-09-23 01:13:42,397 - __main__ - INFO - temp_daily_aqi[2024-09-22]=> Empty DataFrame
Columns: [Unnamed: 0, AQI]
Index: []
2024-09-23 01:13:42,397 - __main__ - INFO - Index => 1662, yesterday => 2024-09-22 & AQI => 157.0
2024-09-23 01:13:42,398 - __main__ - INFO - Daily AQI data has been written to data/cleaned_data/Forecasting_time_series/sector_51_daily_aqi.csv
2024-09-23 01:13:42,398 - __main__ - INFO - Index => 1662, yesterday => 2024-09-22 & AQI => 157.0
2024-09-23 01:13:42,398 - __main__ - INFO - Daily AQI data has been written to static/data/sector_51_daily_aqi.csv
2024-09-23 01:13:42,403 - __main__ - INFO - Re-training the model & train_end is 2024-09-17 00:00:00
2024-09-23 01:13:43,629 - __main__ - INFO - Retrained the model & MAPE is 12.48%
2024-09-23 01:13:43,629 - __main__ - INFO - Retrained the model & MAE is 15.139023049173664
2024-09-23 01:13:45,089 - __main__ - INFO - Forecast=> 2024-09-23    168.126739
2024-09-24    168.133501
2024-09-25    171.059740
2024-09-26    172.522735
2024-09-27    176.040401
Freq: D, Name: predicted_mean, dtype: float64
2024-09-23 01:13:45,090 - __main__ - INFO - The forecast data has been written to data/cleaned_data/Forecasting_time_series/forecast_sector_51_daily_aqi.csv
2024-09-23 01:13:45,109 - __main__ - INFO - The forecast data has been written to static/data/forecast_sector_51_daily_aqi.csv
2024-09-23 04:19:20,124 - __main__ - INFO - station=> Sector-51, Gurugram, result => ['52', 'Sector-51, Gurugram, India', Timestamp('2024-09-23 09:00:00')]
2024-09-23 04:19:20,124 - __main__ - INFO - The hourly data has been written to data/cron_job_data/sector_51_cron_output.csv with Timestamp: 2024-09-23 09:00:00
2024-09-23 04:19:20,588 - __main__ - INFO - station=> Sector-51, Gurugram, result => ['52', 'Sector-51, Gurugram, India', Timestamp('2024-09-23 09:00:00')]
2024-09-23 04:19:20,588 - __main__ - INFO - The hourly data has been written to static/data/sector_51_cron_output.csv with Timestamp: 2024-09-23 09:00:00
2024-09-23 08:21:22,919 - __main__ - INFO - station=> Sector-51, Gurugram, result => ['56', 'Sector-51, Gurugram, India', Timestamp('2024-09-23 13:00:00')]
2024-09-23 08:21:22,919 - __main__ - INFO - The hourly data has been written to data/cron_job_data/sector_51_cron_output.csv with Timestamp: 2024-09-23 13:00:00
2024-09-23 08:21:23,419 - __main__ - INFO - station=> Sector-51, Gurugram, result => ['56', 'Sector-51, Gurugram, India', Timestamp('2024-09-23 13:00:00')]
2024-09-23 08:21:23,419 - __main__ - INFO - The hourly data has been written to static/data/sector_51_cron_output.csv with Timestamp: 2024-09-23 13:00:00
2024-09-23 12:31:59,919 - __main__ - INFO - station=> Sector-51, Gurugram, result => ['162', 'Sector-51, Gurugram, India', Timestamp('2024-09-23 17:00:00')]
2024-09-23 12:31:59,919 - __main__ - INFO - The hourly data has been written to data/cron_job_data/sector_51_cron_output.csv with Timestamp: 2024-09-23 17:00:00
2024-09-23 12:32:00,545 - __main__ - INFO - station=> Sector-51, Gurugram, result => ['162', 'Sector-51, Gurugram, India', Timestamp('2024-09-23 17:00:00')]
2024-09-23 12:32:00,546 - __main__ - INFO - The hourly data has been written to static/data/sector_51_cron_output.csv with Timestamp: 2024-09-23 17:00:00
