2024-01-23 00:30:30,162 - __main__ - INFO - station=> Sector-51, Gurugram, result => ['203', 'Sector-51, Gurugram, India', Timestamp('2024-01-23 05:00:00')]
2024-01-23 00:30:30,162 - __main__ - INFO - The hourly data has been written to data/cron_job_data/sector_51_cron_output.csv with Timestamp: 2024-01-23 05:00:00
2024-01-23 00:30:30,636 - __main__ - INFO - station=> Sector-51, Gurugram, result => ['203', 'Sector-51, Gurugram, India', Timestamp('2024-01-23 05:00:00')]
2024-01-23 00:30:30,636 - __main__ - INFO - The hourly data has been written to static/data/sector_51_cron_output.csv with Timestamp: 2024-01-23 05:00:00
2024-01-23 00:30:31,113 - __main__ - INFO - station=> Teri Gram, result => ['176', 'Teri Gram, Gurugram, India', Timestamp('2024-01-23 05:00:00')]
2024-01-23 00:30:31,114 - __main__ - INFO - The hourly data has been written to data/cron_job_data/teri_gram_cron_output.csv with Timestamp: 2024-01-23 05:00:00
2024-01-23 00:30:31,587 - __main__ - INFO - station=> Vikas Sadan, result => ['151', 'Vikas Sadan Gurgaon, Gurgaon, India', Timestamp('2024-01-23 05:00:00')]
2024-01-23 00:30:31,587 - __main__ - INFO - The hourly data has been written to data/cron_job_data/vikas_sadan_cron_output.csv with Timestamp: 2024-01-23 05:00:00
2024-01-23 01:52:37,955 - __main__ - INFO - station=> Sector-51, Gurugram, result => ['192', 'Sector-51, Gurugram, India', Timestamp('2024-01-23 07:00:00')]
2024-01-23 01:52:37,955 - __main__ - INFO - The hourly data has been written to data/cron_job_data/sector_51_cron_output.csv with Timestamp: 2024-01-23 07:00:00
2024-01-23 01:52:38,631 - __main__ - INFO - station=> Sector-51, Gurugram, result => ['192', 'Sector-51, Gurugram, India', Timestamp('2024-01-23 07:00:00')]
2024-01-23 01:52:38,631 - __main__ - INFO - The hourly data has been written to static/data/sector_51_cron_output.csv with Timestamp: 2024-01-23 07:00:00
2024-01-23 01:52:39,324 - __main__ - INFO - station=> Teri Gram, result => ['165', 'Teri Gram, Gurugram, India', Timestamp('2024-01-23 07:00:00')]
2024-01-23 01:52:39,324 - __main__ - INFO - The hourly data has been written to data/cron_job_data/teri_gram_cron_output.csv with Timestamp: 2024-01-23 07:00:00
2024-01-23 01:52:40,012 - __main__ - INFO - station=> Vikas Sadan, result => ['152', 'Vikas Sadan Gurgaon, Gurgaon, India', Timestamp('2024-01-23 07:00:00')]
2024-01-23 01:52:40,013 - __main__ - INFO - The hourly data has been written to data/cron_job_data/vikas_sadan_cron_output.csv with Timestamp: 2024-01-23 07:00:00
2024-01-23 01:52:40,014 - __main__ - INFO - Calling writeData & retrain_model functions.
2024-01-23 01:52:40,020 - __main__ - INFO - df_api columns Index(['AQI'], dtype='object')
2024-01-23 01:52:40,020 - __main__ - INFO - today=> 2024-01-23 & yesterday=> 2024-01-22
2024-01-23 01:52:40,022 - __main__ - INFO - temp_daily_aqi columns Index(['Unnamed: 0', 'Date', 'AQI'], dtype='object')
2024-01-23 01:52:40,025 - __main__ - INFO - temp_daily_aqi[2024-01-22]=> Empty DataFrame
Columns: [Unnamed: 0, AQI]
Index: []
2024-01-23 01:52:40,025 - __main__ - INFO - Index => 1418, yesterday => 2024-01-22 & AQI => 295.0
2024-01-23 01:52:40,025 - __main__ - INFO - Daily AQI data has been written to data/cleaned_data/Forecasting_time_series/sector_51_daily_aqi.csv
2024-01-23 01:52:40,026 - __main__ - INFO - Index => 1418, yesterday => 2024-01-22 & AQI => 295.0
2024-01-23 01:52:40,026 - __main__ - INFO - Daily AQI data has been written to static/data/sector_51_daily_aqi.csv
2024-01-23 01:52:40,030 - __main__ - INFO - Re-training the model & train_end is 2024-01-17 00:00:00
2024-01-23 01:52:41,349 - __main__ - INFO - Retrained the model & MAPE is 19.17%
2024-01-23 01:52:41,349 - __main__ - INFO - Retrained the model & MAE is 51.4292431391706%
2024-01-23 01:52:42,860 - __main__ - INFO - Forecast=> 2024-01-23    285.959655
2024-01-24    276.954161
2024-01-25    276.275672
2024-01-26    275.760866
2024-01-27    269.322600
Freq: D, Name: predicted_mean, dtype: float64
2024-01-23 01:52:42,861 - __main__ - INFO - The forecast data has been written to data/cleaned_data/Forecasting_time_series/forecast_sector_51_daily_aqi.csv
2024-01-23 01:52:42,861 - __main__ - INFO - The forecast data has been written to static/data/forecast_sector_51_daily_aqi.csv
2024-01-23 03:07:24,946 - __main__ - INFO - station=> nise gwal, result => ['157', 'NISE Gwal Pahari, Gurugram, India', Timestamp('2024-01-23 07:00:00')]
2024-01-23 03:07:24,946 - __main__ - INFO - The hourly data has been written to data/cron_job_data/nise_cron_output.csv with Timestamp: 2024-01-23 07:00:00
2024-01-23 03:07:25,704 - __main__ - INFO - station=> Sector-51, Gurugram, result => ['179', 'Sector-51, Gurugram, India', Timestamp('2024-01-23 08:00:00')]
2024-01-23 03:07:25,704 - __main__ - INFO - The hourly data has been written to data/cron_job_data/sector_51_cron_output.csv with Timestamp: 2024-01-23 08:00:00
2024-01-23 03:07:26,432 - __main__ - INFO - station=> Sector-51, Gurugram, result => ['179', 'Sector-51, Gurugram, India', Timestamp('2024-01-23 08:00:00')]
2024-01-23 03:07:26,432 - __main__ - INFO - The hourly data has been written to static/data/sector_51_cron_output.csv with Timestamp: 2024-01-23 08:00:00
2024-01-23 03:07:27,157 - __main__ - INFO - station=> Teri Gram, result => ['183', 'Teri Gram, Gurugram, India', Timestamp('2024-01-23 08:00:00')]
2024-01-23 03:07:27,157 - __main__ - INFO - The hourly data has been written to data/cron_job_data/teri_gram_cron_output.csv with Timestamp: 2024-01-23 08:00:00
2024-01-23 03:07:27,894 - __main__ - INFO - station=> Vikas Sadan, result => ['140', 'Vikas Sadan Gurgaon, Gurgaon, India', Timestamp('2024-01-23 08:00:00')]
2024-01-23 03:07:27,894 - __main__ - INFO - The hourly data has been written to data/cron_job_data/vikas_sadan_cron_output.csv with Timestamp: 2024-01-23 08:00:00
