2024-08-23 00:35:55,504 - __main__ - INFO - station=> Sector-51, Gurugram, result => ['132', 'Sector-51, Gurugram, India', Timestamp('2024-08-23 05:00:00')]
2024-08-23 00:35:55,504 - __main__ - INFO - The hourly data has been written to data/cron_job_data/sector_51_cron_output.csv with Timestamp: 2024-08-23 05:00:00
2024-08-23 00:35:56,161 - __main__ - INFO - station=> Sector-51, Gurugram, result => ['132', 'Sector-51, Gurugram, India', Timestamp('2024-08-23 05:00:00')]
2024-08-23 00:35:56,161 - __main__ - INFO - The hourly data has been written to static/data/sector_51_cron_output.csv with Timestamp: 2024-08-23 05:00:00
2024-08-23 00:35:56,257 - __main__ - INFO - df_api columns Index(['AQI'], dtype='object')
2024-08-23 00:35:56,257 - __main__ - INFO - today=> 2024-08-23 & yesterday=> 2024-08-22
2024-08-23 00:35:56,259 - __main__ - INFO - temp_daily_aqi columns Index(['Unnamed: 0', 'Date', 'AQI'], dtype='object')
2024-08-23 00:35:56,261 - __main__ - INFO - temp_daily_aqi[2024-08-22]=> Empty DataFrame
Columns: [Unnamed: 0, AQI]
Index: []
2024-08-23 00:35:56,262 - __main__ - INFO - Index => 1631, yesterday => 2024-08-22 & AQI => 79.0
2024-08-23 00:35:56,262 - __main__ - INFO - Daily AQI data has been written to data/cleaned_data/Forecasting_time_series/sector_51_daily_aqi.csv
2024-08-23 00:35:56,263 - __main__ - INFO - Index => 1631, yesterday => 2024-08-22 & AQI => 79.0
2024-08-23 00:35:56,263 - __main__ - INFO - Daily AQI data has been written to static/data/sector_51_daily_aqi.csv
2024-08-23 00:35:56,267 - __main__ - INFO - Re-training the model & train_end is 2024-08-17 00:00:00
2024-08-23 00:35:57,643 - __main__ - INFO - Retrained the model & MAPE is 32.3%
2024-08-23 00:35:57,644 - __main__ - INFO - Retrained the model & MAE is 30.985279309666293
2024-08-23 00:35:58,844 - __main__ - INFO - Forecast=> 2024-08-23    114.940614
2024-08-24    134.674210
2024-08-25    122.848700
2024-08-26    136.506995
2024-08-27    139.076226
Freq: D, Name: predicted_mean, dtype: float64
2024-08-23 00:35:58,844 - __main__ - INFO - The forecast data has been written to data/cleaned_data/Forecasting_time_series/forecast_sector_51_daily_aqi.csv
2024-08-23 00:35:58,845 - __main__ - INFO - The forecast data has been written to static/data/forecast_sector_51_daily_aqi.csv
2024-08-23 02:00:17,198 - __main__ - INFO - station=> Sector-51, Gurugram, result => ['152', 'Sector-51, Gurugram, India', Timestamp('2024-08-23 07:00:00')]
2024-08-23 02:00:17,198 - __main__ - INFO - The hourly data has been written to data/cron_job_data/sector_51_cron_output.csv with Timestamp: 2024-08-23 07:00:00
2024-08-23 02:00:17,662 - __main__ - INFO - station=> Sector-51, Gurugram, result => ['152', 'Sector-51, Gurugram, India', Timestamp('2024-08-23 07:00:00')]
2024-08-23 02:00:17,662 - __main__ - INFO - The hourly data has been written to static/data/sector_51_cron_output.csv with Timestamp: 2024-08-23 07:00:00
2024-08-23 03:08:56,528 - __main__ - INFO - station=> Sector-51, Gurugram, result => ['117', 'Sector-51, Gurugram, India', Timestamp('2024-08-23 08:00:00')]
2024-08-23 03:08:56,528 - __main__ - INFO - The hourly data has been written to data/cron_job_data/sector_51_cron_output.csv with Timestamp: 2024-08-23 08:00:00
2024-08-23 03:08:56,994 - __main__ - INFO - station=> Sector-51, Gurugram, result => ['117', 'Sector-51, Gurugram, India', Timestamp('2024-08-23 08:00:00')]
2024-08-23 03:08:56,994 - __main__ - INFO - The hourly data has been written to static/data/sector_51_cron_output.csv with Timestamp: 2024-08-23 08:00:00
2024-08-23 04:10:37,807 - __main__ - INFO - station=> Sector-51, Gurugram, result => ['75', 'Sector-51, Gurugram, India', Timestamp('2024-08-23 09:00:00')]
2024-08-23 04:10:37,807 - __main__ - INFO - The hourly data has been written to data/cron_job_data/sector_51_cron_output.csv with Timestamp: 2024-08-23 09:00:00
2024-08-23 04:10:38,289 - __main__ - INFO - station=> Sector-51, Gurugram, result => ['75', 'Sector-51, Gurugram, India', Timestamp('2024-08-23 09:00:00')]
2024-08-23 04:10:38,290 - __main__ - INFO - The hourly data has been written to static/data/sector_51_cron_output.csv with Timestamp: 2024-08-23 09:00:00
2024-08-23 05:08:39,555 - __main__ - INFO - station=> Sector-51, Gurugram, result => ['56', 'Sector-51, Gurugram, India', Timestamp('2024-08-23 10:00:00')]
2024-08-23 05:08:39,555 - __main__ - INFO - The hourly data has been written to data/cron_job_data/sector_51_cron_output.csv with Timestamp: 2024-08-23 10:00:00
2024-08-23 05:08:40,179 - __main__ - INFO - station=> Sector-51, Gurugram, result => ['56', 'Sector-51, Gurugram, India', Timestamp('2024-08-23 10:00:00')]
2024-08-23 05:08:40,179 - __main__ - INFO - The hourly data has been written to static/data/sector_51_cron_output.csv with Timestamp: 2024-08-23 10:00:00
2024-08-23 06:11:41,443 - __main__ - INFO - station=> Sector-51, Gurugram, result => ['33', 'Sector-51, Gurugram, India', Timestamp('2024-08-23 11:00:00')]
2024-08-23 06:11:41,443 - __main__ - INFO - The hourly data has been written to data/cron_job_data/sector_51_cron_output.csv with Timestamp: 2024-08-23 11:00:00
2024-08-23 06:11:41,923 - __main__ - INFO - station=> Sector-51, Gurugram, result => ['33', 'Sector-51, Gurugram, India', Timestamp('2024-08-23 11:00:00')]
2024-08-23 06:11:41,923 - __main__ - INFO - The hourly data has been written to static/data/sector_51_cron_output.csv with Timestamp: 2024-08-23 11:00:00
2024-08-23 07:08:45,589 - __main__ - INFO - station=> Sector-51, Gurugram, result => ['58', 'Sector-51, Gurugram, India', Timestamp('2024-08-23 12:00:00')]
2024-08-23 07:08:45,590 - __main__ - INFO - The hourly data has been written to data/cron_job_data/sector_51_cron_output.csv with Timestamp: 2024-08-23 12:00:00
2024-08-23 07:08:46,271 - __main__ - INFO - station=> Sector-51, Gurugram, result => ['58', 'Sector-51, Gurugram, India', Timestamp('2024-08-23 12:00:00')]
2024-08-23 07:08:46,271 - __main__ - INFO - The hourly data has been written to static/data/sector_51_cron_output.csv with Timestamp: 2024-08-23 12:00:00
2024-08-23 08:11:55,717 - __main__ - INFO - station=> Sector-51, Gurugram, result => ['87', 'Sector-51, Gurugram, India', Timestamp('2024-08-23 13:00:00')]
2024-08-23 08:11:55,717 - __main__ - INFO - The hourly data has been written to data/cron_job_data/sector_51_cron_output.csv with Timestamp: 2024-08-23 13:00:00
2024-08-23 08:11:56,372 - __main__ - INFO - station=> Sector-51, Gurugram, result => ['87', 'Sector-51, Gurugram, India', Timestamp('2024-08-23 13:00:00')]
2024-08-23 08:11:56,372 - __main__ - INFO - The hourly data has been written to static/data/sector_51_cron_output.csv with Timestamp: 2024-08-23 13:00:00
2024-08-23 09:08:29,213 - __main__ - INFO - station=> Sector-51, Gurugram, result => ['81', 'Sector-51, Gurugram, India', Timestamp('2024-08-23 14:00:00')]
2024-08-23 09:08:29,213 - __main__ - INFO - The hourly data has been written to data/cron_job_data/sector_51_cron_output.csv with Timestamp: 2024-08-23 14:00:00
2024-08-23 09:08:29,696 - __main__ - INFO - station=> Sector-51, Gurugram, result => ['81', 'Sector-51, Gurugram, India', Timestamp('2024-08-23 14:00:00')]
2024-08-23 09:08:29,696 - __main__ - INFO - The hourly data has been written to static/data/sector_51_cron_output.csv with Timestamp: 2024-08-23 14:00:00
2024-08-23 10:08:45,345 - __main__ - INFO - station=> Sector-51, Gurugram, result => ['91', 'Sector-51, Gurugram, India', Timestamp('2024-08-23 15:00:00')]
2024-08-23 10:08:45,346 - __main__ - INFO - The hourly data has been written to data/cron_job_data/sector_51_cron_output.csv with Timestamp: 2024-08-23 15:00:00
2024-08-23 10:08:46,005 - __main__ - INFO - station=> Sector-51, Gurugram, result => ['91', 'Sector-51, Gurugram, India', Timestamp('2024-08-23 15:00:00')]
2024-08-23 10:08:46,005 - __main__ - INFO - The hourly data has been written to static/data/sector_51_cron_output.csv with Timestamp: 2024-08-23 15:00:00
2024-08-23 11:06:06,696 - __main__ - INFO - station=> Sector-51, Gurugram, result => ['97', 'Sector-51, Gurugram, India', Timestamp('2024-08-23 16:00:00')]
2024-08-23 11:06:06,696 - __main__ - INFO - The hourly data has been written to data/cron_job_data/sector_51_cron_output.csv with Timestamp: 2024-08-23 16:00:00
2024-08-23 11:06:07,333 - __main__ - INFO - station=> Sector-51, Gurugram, result => ['97', 'Sector-51, Gurugram, India', Timestamp('2024-08-23 16:00:00')]
2024-08-23 11:06:07,333 - __main__ - INFO - The hourly data has been written to static/data/sector_51_cron_output.csv with Timestamp: 2024-08-23 16:00:00
2024-08-23 12:14:09,805 - __main__ - INFO - station=> Sector-51, Gurugram, result => ['88', 'Sector-51, Gurugram, India', Timestamp('2024-08-23 17:00:00')]
2024-08-23 12:14:09,805 - __main__ - INFO - The hourly data has been written to data/cron_job_data/sector_51_cron_output.csv with Timestamp: 2024-08-23 17:00:00
2024-08-23 12:14:10,484 - __main__ - INFO - station=> Sector-51, Gurugram, result => ['88', 'Sector-51, Gurugram, India', Timestamp('2024-08-23 17:00:00')]
2024-08-23 12:14:10,484 - __main__ - INFO - The hourly data has been written to static/data/sector_51_cron_output.csv with Timestamp: 2024-08-23 17:00:00
2024-08-23 13:12:57,970 - __main__ - INFO - station=> Sector-51, Gurugram, result => ['81', 'Sector-51, Gurugram, India', Timestamp('2024-08-23 18:00:00')]
2024-08-23 13:12:57,970 - __main__ - INFO - The hourly data has been written to data/cron_job_data/sector_51_cron_output.csv with Timestamp: 2024-08-23 18:00:00
2024-08-23 13:12:58,453 - __main__ - INFO - station=> Sector-51, Gurugram, result => ['81', 'Sector-51, Gurugram, India', Timestamp('2024-08-23 18:00:00')]
2024-08-23 13:12:58,453 - __main__ - INFO - The hourly data has been written to static/data/sector_51_cron_output.csv with Timestamp: 2024-08-23 18:00:00
2024-08-23 14:07:53,686 - __main__ - INFO - station=> Sector-51, Gurugram, result => ['107', 'Sector-51, Gurugram, India', Timestamp('2024-08-23 19:00:00')]
2024-08-23 14:07:53,686 - __main__ - INFO - The hourly data has been written to data/cron_job_data/sector_51_cron_output.csv with Timestamp: 2024-08-23 19:00:00
2024-08-23 14:07:54,165 - __main__ - INFO - station=> Sector-51, Gurugram, result => ['107', 'Sector-51, Gurugram, India', Timestamp('2024-08-23 19:00:00')]
2024-08-23 14:07:54,165 - __main__ - INFO - The hourly data has been written to static/data/sector_51_cron_output.csv with Timestamp: 2024-08-23 19:00:00
