2024-09-24 01:13:55,496 - __main__ - INFO - df_api columns Index(['AQI'], dtype='object')
2024-09-24 01:13:55,496 - __main__ - INFO - today=> 2024-09-24 & yesterday=> 2024-09-23
2024-09-24 01:13:55,498 - __main__ - INFO - temp_daily_aqi columns Index(['Unnamed: 0', 'Date', 'AQI'], dtype='object')
2024-09-24 01:13:55,500 - __main__ - INFO - temp_daily_aqi[2024-09-23]=> Empty DataFrame
Columns: [Unnamed: 0, AQI]
Index: []
2024-09-24 01:13:55,501 - __main__ - INFO - Index => 1663, yesterday => 2024-09-23 & AQI => 134.0
2024-09-24 01:13:55,501 - __main__ - INFO - Daily AQI data has been written to data/cleaned_data/Forecasting_time_series/sector_51_daily_aqi.csv
2024-09-24 01:13:55,502 - __main__ - INFO - Index => 1663, yesterday => 2024-09-23 & AQI => 134.0
2024-09-24 01:13:55,502 - __main__ - INFO - Daily AQI data has been written to static/data/sector_51_daily_aqi.csv
2024-09-24 01:13:55,507 - __main__ - INFO - Re-training the model & train_end is 2024-09-18 00:00:00
2024-09-24 01:13:56,959 - __main__ - INFO - Retrained the model & MAPE is 16.81%
2024-09-24 01:13:56,959 - __main__ - INFO - Retrained the model & MAE is 20.786330989415138
2024-09-24 01:13:58,422 - __main__ - INFO - Forecast=> 2024-09-24    146.882307
2024-09-25    151.862649
2024-09-26    155.182284
2024-09-27    160.376152
2024-09-28    176.725721
Freq: D, Name: predicted_mean, dtype: float64
2024-09-24 01:13:58,423 - __main__ - INFO - The forecast data has been written to data/cleaned_data/Forecasting_time_series/forecast_sector_51_daily_aqi.csv
2024-09-24 01:13:58,444 - __main__ - INFO - The forecast data has been written to static/data/forecast_sector_51_daily_aqi.csv
2024-09-24 08:21:53,108 - __main__ - INFO - station=> Sector-51, Gurugram, result => ['78', 'Sector-51, Gurugram, India', Timestamp('2024-09-24 13:00:00')]
2024-09-24 08:21:53,108 - __main__ - INFO - The hourly data has been written to data/cron_job_data/sector_51_cron_output.csv with Timestamp: 2024-09-24 13:00:00
2024-09-24 08:21:53,796 - __main__ - INFO - station=> Sector-51, Gurugram, result => ['78', 'Sector-51, Gurugram, India', Timestamp('2024-09-24 13:00:00')]
2024-09-24 08:21:53,797 - __main__ - INFO - The hourly data has been written to static/data/sector_51_cron_output.csv with Timestamp: 2024-09-24 13:00:00
2024-09-24 12:33:25,650 - __main__ - INFO - setData function - Exception IndexError has occured for station=> Sector-51, Gurugram
2024-09-24 12:33:26,352 - __main__ - INFO - setData function - Exception IndexError has occured for station=> Sector-51, Gurugram
