2024-01-24 00:30:31,398 - __main__ - INFO - station=> nise gwal, result => ['335', 'NISE Gwal Pahari, Gurugram, India', Timestamp('2024-01-24 05:00:00')]
2024-01-24 00:30:31,398 - __main__ - INFO - The hourly data has been written to data/cron_job_data/nise_cron_output.csv with Timestamp: 2024-01-24 05:00:00
2024-01-24 00:30:31,879 - __main__ - INFO - station=> Sector-51, Gurugram, result => ['335', 'Sector-51, Gurugram, India', Timestamp('2024-01-24 05:00:00')]
2024-01-24 00:30:31,879 - __main__ - INFO - The hourly data has been written to data/cron_job_data/sector_51_cron_output.csv with Timestamp: 2024-01-24 05:00:00
2024-01-24 00:30:32,354 - __main__ - INFO - station=> Sector-51, Gurugram, result => ['335', 'Sector-51, Gurugram, India', Timestamp('2024-01-24 05:00:00')]
2024-01-24 00:30:32,354 - __main__ - INFO - The hourly data has been written to static/data/sector_51_cron_output.csv with Timestamp: 2024-01-24 05:00:00
2024-01-24 00:30:32,839 - __main__ - INFO - station=> Teri Gram, result => ['252', 'Teri Gram, Gurugram, India', Timestamp('2024-01-24 05:00:00')]
2024-01-24 00:30:32,839 - __main__ - INFO - The hourly data has been written to data/cron_job_data/teri_gram_cron_output.csv with Timestamp: 2024-01-24 05:00:00
2024-01-24 00:30:33,321 - __main__ - INFO - station=> Vikas Sadan, result => ['192', 'Vikas Sadan Gurgaon, Gurgaon, India', Timestamp('2024-01-24 05:00:00')]
2024-01-24 00:30:33,321 - __main__ - INFO - The hourly data has been written to data/cron_job_data/vikas_sadan_cron_output.csv with Timestamp: 2024-01-24 05:00:00
2024-01-24 01:52:16,385 - __main__ - INFO - station=> Sector-51, Gurugram, result => ['370', 'Sector-51, Gurugram, India', Timestamp('2024-01-24 07:00:00')]
2024-01-24 01:52:16,386 - __main__ - INFO - The hourly data has been written to data/cron_job_data/sector_51_cron_output.csv with Timestamp: 2024-01-24 07:00:00
2024-01-24 01:52:16,864 - __main__ - INFO - station=> Sector-51, Gurugram, result => ['370', 'Sector-51, Gurugram, India', Timestamp('2024-01-24 07:00:00')]
2024-01-24 01:52:16,865 - __main__ - INFO - The hourly data has been written to static/data/sector_51_cron_output.csv with Timestamp: 2024-01-24 07:00:00
2024-01-24 01:52:17,345 - __main__ - INFO - station=> Teri Gram, result => ['263', 'Teri Gram, Gurugram, India', Timestamp('2024-01-24 07:00:00')]
2024-01-24 01:52:17,346 - __main__ - INFO - The hourly data has been written to data/cron_job_data/teri_gram_cron_output.csv with Timestamp: 2024-01-24 07:00:00
2024-01-24 01:52:17,821 - __main__ - INFO - station=> Vikas Sadan, result => ['194', 'Vikas Sadan Gurgaon, Gurgaon, India', Timestamp('2024-01-24 07:00:00')]
2024-01-24 01:52:17,821 - __main__ - INFO - The hourly data has been written to data/cron_job_data/vikas_sadan_cron_output.csv with Timestamp: 2024-01-24 07:00:00
2024-01-24 01:52:17,822 - __main__ - INFO - Calling writeData & retrain_model functions.
2024-01-24 01:52:17,828 - __main__ - INFO - df_api columns Index(['AQI'], dtype='object')
2024-01-24 01:52:17,828 - __main__ - INFO - today=> 2024-01-24 & yesterday=> 2024-01-23
2024-01-24 01:52:17,830 - __main__ - INFO - temp_daily_aqi columns Index(['Unnamed: 0', 'Date', 'AQI'], dtype='object')
2024-01-24 01:52:17,833 - __main__ - INFO - temp_daily_aqi[2024-01-23]=> Empty DataFrame
Columns: [Unnamed: 0, AQI]
Index: []
2024-01-24 01:52:17,833 - __main__ - INFO - Index => 1419, yesterday => 2024-01-23 & AQI => 242.0
2024-01-24 01:52:17,834 - __main__ - INFO - Daily AQI data has been written to data/cleaned_data/Forecasting_time_series/sector_51_daily_aqi.csv
2024-01-24 01:52:17,834 - __main__ - INFO - Index => 1419, yesterday => 2024-01-23 & AQI => 242.0
2024-01-24 01:52:17,834 - __main__ - INFO - Daily AQI data has been written to static/data/sector_51_daily_aqi.csv
2024-01-24 01:52:17,839 - __main__ - INFO - Re-training the model & train_end is 2024-01-18 00:00:00
2024-01-24 01:52:19,339 - __main__ - INFO - Retrained the model & MAPE is 21.24%
2024-01-24 01:52:19,339 - __main__ - INFO - Retrained the model & MAE is 58.473550294691314%
2024-01-24 01:52:20,637 - __main__ - INFO - Forecast=> 2024-01-24    246.145914
2024-01-25    248.694361
2024-01-26    251.067883
2024-01-27    247.205370
2024-01-28    232.141265
Freq: D, Name: predicted_mean, dtype: float64
2024-01-24 01:52:20,637 - __main__ - INFO - The forecast data has been written to data/cleaned_data/Forecasting_time_series/forecast_sector_51_daily_aqi.csv
2024-01-24 01:52:20,811 - __main__ - INFO - The forecast data has been written to static/data/forecast_sector_51_daily_aqi.csv
2024-01-24 03:07:28,934 - __main__ - INFO - station=> nise gwal, result => ['326', 'NISE Gwal Pahari, Gurugram, India', Timestamp('2024-01-24 08:00:00')]
2024-01-24 03:07:28,934 - __main__ - INFO - The hourly data has been written to data/cron_job_data/nise_cron_output.csv with Timestamp: 2024-01-24 08:00:00
2024-01-24 03:07:29,667 - __main__ - INFO - station=> Sector-51, Gurugram, result => ['354', 'Sector-51, Gurugram, India', Timestamp('2024-01-24 08:00:00')]
2024-01-24 03:07:29,667 - __main__ - INFO - The hourly data has been written to data/cron_job_data/sector_51_cron_output.csv with Timestamp: 2024-01-24 08:00:00
2024-01-24 03:07:30,369 - __main__ - INFO - station=> Sector-51, Gurugram, result => ['354', 'Sector-51, Gurugram, India', Timestamp('2024-01-24 08:00:00')]
2024-01-24 03:07:30,369 - __main__ - INFO - The hourly data has been written to static/data/sector_51_cron_output.csv with Timestamp: 2024-01-24 08:00:00
2024-01-24 03:07:31,029 - __main__ - INFO - station=> Teri Gram, result => ['259', 'Teri Gram, Gurugram, India', Timestamp('2024-01-24 08:00:00')]
2024-01-24 03:07:31,029 - __main__ - INFO - The hourly data has been written to data/cron_job_data/teri_gram_cron_output.csv with Timestamp: 2024-01-24 08:00:00
2024-01-24 03:07:31,714 - __main__ - INFO - station=> Vikas Sadan, result => ['199', 'Vikas Sadan Gurgaon, Gurgaon, India', Timestamp('2024-01-24 08:00:00')]
2024-01-24 03:07:31,714 - __main__ - INFO - The hourly data has been written to data/cron_job_data/vikas_sadan_cron_output.csv with Timestamp: 2024-01-24 08:00:00
2024-01-24 04:08:24,367 - __main__ - INFO - station=> nise gwal, result => ['323', 'NISE Gwal Pahari, Gurugram, India', Timestamp('2024-01-24 09:00:00')]
2024-01-24 04:08:24,368 - __main__ - INFO - The hourly data has been written to data/cron_job_data/nise_cron_output.csv with Timestamp: 2024-01-24 09:00:00
2024-01-24 04:08:24,843 - __main__ - INFO - station=> Sector-51, Gurugram, result => ['346', 'Sector-51, Gurugram, India', Timestamp('2024-01-24 09:00:00')]
2024-01-24 04:08:24,843 - __main__ - INFO - The hourly data has been written to data/cron_job_data/sector_51_cron_output.csv with Timestamp: 2024-01-24 09:00:00
2024-01-24 04:08:25,319 - __main__ - INFO - station=> Sector-51, Gurugram, result => ['346', 'Sector-51, Gurugram, India', Timestamp('2024-01-24 09:00:00')]
2024-01-24 04:08:25,319 - __main__ - INFO - The hourly data has been written to static/data/sector_51_cron_output.csv with Timestamp: 2024-01-24 09:00:00
2024-01-24 04:08:25,796 - __main__ - INFO - station=> Teri Gram, result => ['262', 'Teri Gram, Gurugram, India', Timestamp('2024-01-24 09:00:00')]
2024-01-24 04:08:25,796 - __main__ - INFO - The hourly data has been written to data/cron_job_data/teri_gram_cron_output.csv with Timestamp: 2024-01-24 09:00:00
2024-01-24 04:08:26,270 - __main__ - INFO - station=> Vikas Sadan, result => ['193', 'Vikas Sadan Gurgaon, Gurgaon, India', Timestamp('2024-01-24 09:00:00')]
2024-01-24 04:08:26,271 - __main__ - INFO - The hourly data has been written to data/cron_job_data/vikas_sadan_cron_output.csv with Timestamp: 2024-01-24 09:00:00
