2024-04-24 00:31:49,069 - __main__ - INFO - station=> Sector-51, Gurugram, result => ['189', 'Sector-51, Gurugram, India', Timestamp('2024-04-24 05:00:00')]
2024-04-24 00:31:49,069 - __main__ - INFO - The hourly data has been written to data/cron_job_data/sector_51_cron_output.csv with Timestamp: 2024-04-24 05:00:00
2024-04-24 00:31:49,734 - __main__ - INFO - station=> Sector-51, Gurugram, result => ['189', 'Sector-51, Gurugram, India', Timestamp('2024-04-24 05:00:00')]
2024-04-24 00:31:49,734 - __main__ - INFO - The hourly data has been written to static/data/sector_51_cron_output.csv with Timestamp: 2024-04-24 05:00:00
2024-04-24 01:44:24,452 - __main__ - INFO - station=> Sector-51, Gurugram, result => ['233', 'Sector-51, Gurugram, India', Timestamp('2024-04-24 07:00:00')]
2024-04-24 01:44:24,452 - __main__ - INFO - The hourly data has been written to data/cron_job_data/sector_51_cron_output.csv with Timestamp: 2024-04-24 07:00:00
2024-04-24 01:44:24,920 - __main__ - INFO - station=> Sector-51, Gurugram, result => ['233', 'Sector-51, Gurugram, India', Timestamp('2024-04-24 07:00:00')]
2024-04-24 01:44:24,920 - __main__ - INFO - The hourly data has been written to static/data/sector_51_cron_output.csv with Timestamp: 2024-04-24 07:00:00
2024-04-24 01:44:24,922 - __main__ - INFO - Calling writeData & retrain_model functions.
2024-04-24 01:44:24,928 - __main__ - INFO - df_api columns Index(['AQI'], dtype='object')
2024-04-24 01:44:24,929 - __main__ - INFO - today=> 2024-04-24 & yesterday=> 2024-04-23
2024-04-24 01:44:24,931 - __main__ - INFO - temp_daily_aqi columns Index(['Unnamed: 0', 'Date', 'AQI'], dtype='object')
2024-04-24 01:44:24,933 - __main__ - INFO - temp_daily_aqi[2024-04-23]=> Empty DataFrame
Columns: [Unnamed: 0, AQI]
Index: []
2024-04-24 01:44:24,934 - __main__ - INFO - Index => 1510, yesterday => 2024-04-23 & AQI => 211.0
2024-04-24 01:44:24,934 - __main__ - INFO - Daily AQI data has been written to data/cleaned_data/Forecasting_time_series/sector_51_daily_aqi.csv
2024-04-24 01:44:24,935 - __main__ - INFO - Index => 1510, yesterday => 2024-04-23 & AQI => 211.0
2024-04-24 01:44:24,935 - __main__ - INFO - Daily AQI data has been written to static/data/sector_51_daily_aqi.csv
2024-04-24 01:44:24,939 - __main__ - INFO - Re-training the model & train_end is 2024-04-18 00:00:00
2024-04-24 01:44:26,273 - __main__ - INFO - Retrained the model & MAPE is 16.68%
2024-04-24 01:44:26,273 - __main__ - INFO - Retrained the model & MAE is 60.82486484005038%
2024-04-24 01:44:27,402 - __main__ - INFO - Forecast=> 2024-04-24    205.979298
2024-04-25    208.506877
2024-04-26    215.114251
2024-04-27    233.634262
2024-04-28    206.475031
Freq: D, Name: predicted_mean, dtype: float64
2024-04-24 01:44:27,403 - __main__ - INFO - The forecast data has been written to data/cleaned_data/Forecasting_time_series/forecast_sector_51_daily_aqi.csv
2024-04-24 01:44:27,403 - __main__ - INFO - The forecast data has been written to static/data/forecast_sector_51_daily_aqi.csv
2024-04-24 03:08:09,256 - __main__ - INFO - station=> Sector-51, Gurugram, result => ['217', 'Sector-51, Gurugram, India', Timestamp('2024-04-24 08:00:00')]
2024-04-24 03:08:09,256 - __main__ - INFO - The hourly data has been written to data/cron_job_data/sector_51_cron_output.csv with Timestamp: 2024-04-24 08:00:00
2024-04-24 03:08:09,938 - __main__ - INFO - station=> Sector-51, Gurugram, result => ['217', 'Sector-51, Gurugram, India', Timestamp('2024-04-24 08:00:00')]
2024-04-24 03:08:09,938 - __main__ - INFO - The hourly data has been written to static/data/sector_51_cron_output.csv with Timestamp: 2024-04-24 08:00:00
2024-04-24 05:08:33,363 - __main__ - INFO - station=> Sector-51, Gurugram, result => ['210', 'Sector-51, Gurugram, India', Timestamp('2024-04-24 10:00:00')]
2024-04-24 05:08:33,364 - __main__ - INFO - The hourly data has been written to data/cron_job_data/sector_51_cron_output.csv with Timestamp: 2024-04-24 10:00:00
2024-04-24 05:08:33,834 - __main__ - INFO - station=> Sector-51, Gurugram, result => ['210', 'Sector-51, Gurugram, India', Timestamp('2024-04-24 10:00:00')]
2024-04-24 05:08:33,834 - __main__ - INFO - The hourly data has been written to static/data/sector_51_cron_output.csv with Timestamp: 2024-04-24 10:00:00
2024-04-24 07:07:34,862 - __main__ - INFO - station=> Sector-51, Gurugram, result => ['149', 'Sector-51, Gurugram, India', Timestamp('2024-04-24 12:00:00')]
2024-04-24 07:07:34,863 - __main__ - INFO - The hourly data has been written to data/cron_job_data/sector_51_cron_output.csv with Timestamp: 2024-04-24 12:00:00
2024-04-24 07:07:35,339 - __main__ - INFO - station=> Sector-51, Gurugram, result => ['149', 'Sector-51, Gurugram, India', Timestamp('2024-04-24 12:00:00')]
2024-04-24 07:07:35,339 - __main__ - INFO - The hourly data has been written to static/data/sector_51_cron_output.csv with Timestamp: 2024-04-24 12:00:00
2024-04-24 12:13:50,631 - __main__ - INFO - station=> Sector-51, Gurugram, result => ['156', 'Sector-51, Gurugram, India', Timestamp('2024-04-24 17:00:00')]
2024-04-24 12:13:50,631 - __main__ - INFO - The hourly data has been written to data/cron_job_data/sector_51_cron_output.csv with Timestamp: 2024-04-24 17:00:00
2024-04-24 12:13:51,293 - __main__ - INFO - station=> Sector-51, Gurugram, result => ['156', 'Sector-51, Gurugram, India', Timestamp('2024-04-24 17:00:00')]
2024-04-24 12:13:51,294 - __main__ - INFO - The hourly data has been written to static/data/sector_51_cron_output.csv with Timestamp: 2024-04-24 17:00:00
