2024-03-24 00:34:54,858 - __main__ - INFO - station=> Sector-51, Gurugram, result => ['174', 'Sector-51, Gurugram, India', Timestamp('2024-03-24 05:00:00')]
2024-03-24 00:34:54,858 - __main__ - INFO - The hourly data has been written to data/cron_job_data/sector_51_cron_output.csv with Timestamp: 2024-03-24 05:00:00
2024-03-24 00:34:55,544 - __main__ - INFO - station=> Sector-51, Gurugram, result => ['174', 'Sector-51, Gurugram, India', Timestamp('2024-03-24 05:00:00')]
2024-03-24 00:34:55,544 - __main__ - INFO - The hourly data has been written to static/data/sector_51_cron_output.csv with Timestamp: 2024-03-24 05:00:00
2024-03-24 01:44:49,810 - __main__ - INFO - Calling writeData & retrain_model functions.
2024-03-24 01:44:49,817 - __main__ - INFO - df_api columns Index(['AQI'], dtype='object')
2024-03-24 01:44:49,817 - __main__ - INFO - today=> 2024-03-24 & yesterday=> 2024-03-23
2024-03-24 01:44:49,819 - __main__ - INFO - temp_daily_aqi columns Index(['Unnamed: 0', 'Date', 'AQI'], dtype='object')
2024-03-24 01:44:49,821 - __main__ - INFO - temp_daily_aqi[2024-03-23]=> Empty DataFrame
Columns: [Unnamed: 0, AQI]
Index: []
2024-03-24 01:44:49,822 - __main__ - INFO - Index => 1479, yesterday => 2024-03-23 & AQI => 243.0
2024-03-24 01:44:49,822 - __main__ - INFO - Daily AQI data has been written to data/cleaned_data/Forecasting_time_series/sector_51_daily_aqi.csv
2024-03-24 01:44:49,822 - __main__ - INFO - Index => 1479, yesterday => 2024-03-23 & AQI => 243.0
2024-03-24 01:44:49,823 - __main__ - INFO - Daily AQI data has been written to static/data/sector_51_daily_aqi.csv
2024-03-24 01:44:49,827 - __main__ - INFO - Re-training the model & train_end is 2024-03-18 00:00:00
2024-03-24 01:44:51,417 - __main__ - INFO - Retrained the model & MAPE is 15.09%
2024-03-24 01:44:51,418 - __main__ - INFO - Retrained the model & MAE is 36.97494466308564%
2024-03-24 01:44:52,747 - __main__ - INFO - Forecast=> 2024-03-24    214.123832
2024-03-25    213.946349
2024-03-26    215.619952
2024-03-27    214.660472
2024-03-28    218.104673
Freq: D, Name: predicted_mean, dtype: float64
2024-03-24 01:44:52,748 - __main__ - INFO - The forecast data has been written to data/cleaned_data/Forecasting_time_series/forecast_sector_51_daily_aqi.csv
2024-03-24 01:44:52,748 - __main__ - INFO - The forecast data has been written to static/data/forecast_sector_51_daily_aqi.csv
2024-03-24 03:07:21,049 - __main__ - INFO - station=> Sector-51, Gurugram, result => ['188', 'Sector-51, Gurugram, India', Timestamp('2024-03-24 08:00:00')]
2024-03-24 03:07:21,049 - __main__ - INFO - The hourly data has been written to data/cron_job_data/sector_51_cron_output.csv with Timestamp: 2024-03-24 08:00:00
2024-03-24 03:07:21,510 - __main__ - INFO - station=> Sector-51, Gurugram, result => ['188', 'Sector-51, Gurugram, India', Timestamp('2024-03-24 08:00:00')]
2024-03-24 03:07:21,511 - __main__ - INFO - The hourly data has been written to static/data/sector_51_cron_output.csv with Timestamp: 2024-03-24 08:00:00
2024-03-24 04:08:15,649 - __main__ - INFO - station=> Sector-51, Gurugram, result => ['193', 'Sector-51, Gurugram, India', Timestamp('2024-03-24 09:00:00')]
2024-03-24 04:08:15,649 - __main__ - INFO - The hourly data has been written to data/cron_job_data/sector_51_cron_output.csv with Timestamp: 2024-03-24 09:00:00
2024-03-24 04:08:16,309 - __main__ - INFO - station=> Sector-51, Gurugram, result => ['193', 'Sector-51, Gurugram, India', Timestamp('2024-03-24 09:00:00')]
2024-03-24 04:08:16,309 - __main__ - INFO - The hourly data has been written to static/data/sector_51_cron_output.csv with Timestamp: 2024-03-24 09:00:00
