2024-05-24 00:32:57,187 - __main__ - INFO - station=> Sector-51, Gurugram, result => ['119', 'Sector-51, Gurugram, India', Timestamp('2024-05-24 05:00:00')]
2024-05-24 00:32:57,187 - __main__ - INFO - The hourly data has been written to data/cron_job_data/sector_51_cron_output.csv with Timestamp: 2024-05-24 05:00:00
2024-05-24 00:32:57,868 - __main__ - INFO - station=> Sector-51, Gurugram, result => ['119', 'Sector-51, Gurugram, India', Timestamp('2024-05-24 05:00:00')]
2024-05-24 00:32:57,868 - __main__ - INFO - The hourly data has been written to static/data/sector_51_cron_output.csv with Timestamp: 2024-05-24 05:00:00
2024-05-24 01:49:50,714 - __main__ - INFO - station=> Sector-51, Gurugram, result => ['141', 'Sector-51, Gurugram, India', Timestamp('2024-05-24 07:00:00')]
2024-05-24 01:49:50,714 - __main__ - INFO - The hourly data has been written to data/cron_job_data/sector_51_cron_output.csv with Timestamp: 2024-05-24 07:00:00
2024-05-24 01:49:51,348 - __main__ - INFO - station=> Sector-51, Gurugram, result => ['141', 'Sector-51, Gurugram, India', Timestamp('2024-05-24 07:00:00')]
2024-05-24 01:49:51,348 - __main__ - INFO - The hourly data has been written to static/data/sector_51_cron_output.csv with Timestamp: 2024-05-24 07:00:00
2024-05-24 01:49:51,349 - __main__ - INFO - Calling writeData & retrain_model functions.
2024-05-24 01:49:51,357 - __main__ - INFO - df_api columns Index(['AQI'], dtype='object')
2024-05-24 01:49:51,357 - __main__ - INFO - today=> 2024-05-24 & yesterday=> 2024-05-23
2024-05-24 01:49:51,359 - __main__ - INFO - temp_daily_aqi columns Index(['Unnamed: 0', 'Date', 'AQI'], dtype='object')
2024-05-24 01:49:51,361 - __main__ - INFO - temp_daily_aqi[2024-05-23]=> Empty DataFrame
Columns: [Unnamed: 0, AQI]
Index: []
2024-05-24 01:49:51,362 - __main__ - INFO - Index => 1540, yesterday => 2024-05-23 & AQI => 157.0
2024-05-24 01:49:51,362 - __main__ - INFO - Daily AQI data has been written to data/cleaned_data/Forecasting_time_series/sector_51_daily_aqi.csv
2024-05-24 01:49:51,362 - __main__ - INFO - Index => 1540, yesterday => 2024-05-23 & AQI => 157.0
2024-05-24 01:49:51,363 - __main__ - INFO - Daily AQI data has been written to static/data/sector_51_daily_aqi.csv
2024-05-24 01:49:51,367 - __main__ - INFO - Re-training the model & train_end is 2024-05-18 00:00:00
2024-05-24 01:49:52,457 - __main__ - INFO - Retrained the model & MAPE is 18.08%
2024-05-24 01:49:52,458 - __main__ - INFO - Retrained the model & MAE is 28.357522783052723
2024-05-24 01:49:53,674 - __main__ - INFO - Forecast=> 2024-05-24    180.590205
2024-05-25    203.911895
2024-05-26    179.135520
2024-05-27    185.400664
2024-05-28    185.699587
Freq: D, Name: predicted_mean, dtype: float64
2024-05-24 01:49:53,675 - __main__ - INFO - The forecast data has been written to data/cleaned_data/Forecasting_time_series/forecast_sector_51_daily_aqi.csv
2024-05-24 01:49:53,675 - __main__ - INFO - The forecast data has been written to static/data/forecast_sector_51_daily_aqi.csv
2024-05-24 03:08:31,043 - __main__ - INFO - station=> Sector-51, Gurugram, result => ['132', 'Sector-51, Gurugram, India', Timestamp('2024-05-24 08:00:00')]
2024-05-24 03:08:31,043 - __main__ - INFO - The hourly data has been written to data/cron_job_data/sector_51_cron_output.csv with Timestamp: 2024-05-24 08:00:00
2024-05-24 03:08:31,507 - __main__ - INFO - station=> Sector-51, Gurugram, result => ['132', 'Sector-51, Gurugram, India', Timestamp('2024-05-24 08:00:00')]
2024-05-24 03:08:31,507 - __main__ - INFO - The hourly data has been written to static/data/sector_51_cron_output.csv with Timestamp: 2024-05-24 08:00:00
2024-05-24 04:08:57,801 - __main__ - INFO - station=> Sector-51, Gurugram, result => ['106', 'Sector-51, Gurugram, India', Timestamp('2024-05-24 09:00:00')]
2024-05-24 04:08:57,802 - __main__ - INFO - The hourly data has been written to data/cron_job_data/sector_51_cron_output.csv with Timestamp: 2024-05-24 09:00:00
2024-05-24 04:08:58,276 - __main__ - INFO - station=> Sector-51, Gurugram, result => ['106', 'Sector-51, Gurugram, India', Timestamp('2024-05-24 09:00:00')]
2024-05-24 04:08:58,276 - __main__ - INFO - The hourly data has been written to static/data/sector_51_cron_output.csv with Timestamp: 2024-05-24 09:00:00
2024-05-24 05:07:54,768 - __main__ - INFO - station=> Sector-51, Gurugram, result => ['112', 'Sector-51, Gurugram, India', Timestamp('2024-05-24 10:00:00')]
2024-05-24 05:07:54,769 - __main__ - INFO - The hourly data has been written to data/cron_job_data/sector_51_cron_output.csv with Timestamp: 2024-05-24 10:00:00
2024-05-24 05:07:55,436 - __main__ - INFO - station=> Sector-51, Gurugram, result => ['112', 'Sector-51, Gurugram, India', Timestamp('2024-05-24 10:00:00')]
2024-05-24 05:07:55,436 - __main__ - INFO - The hourly data has been written to static/data/sector_51_cron_output.csv with Timestamp: 2024-05-24 10:00:00
2024-05-24 08:09:57,501 - __main__ - INFO - station=> Sector-51, Gurugram, result => ['128', 'Sector-51, Gurugram, India', Timestamp('2024-05-24 13:00:00')]
2024-05-24 08:09:57,502 - __main__ - INFO - The hourly data has been written to data/cron_job_data/sector_51_cron_output.csv with Timestamp: 2024-05-24 13:00:00
2024-05-24 08:09:58,126 - __main__ - INFO - station=> Sector-51, Gurugram, result => ['128', 'Sector-51, Gurugram, India', Timestamp('2024-05-24 13:00:00')]
2024-05-24 08:09:58,126 - __main__ - INFO - The hourly data has been written to static/data/sector_51_cron_output.csv with Timestamp: 2024-05-24 13:00:00
2024-05-24 09:08:29,676 - __main__ - INFO - station=> Sector-51, Gurugram, result => ['142', 'Sector-51, Gurugram, India', Timestamp('2024-05-24 14:00:00')]
2024-05-24 09:08:29,676 - __main__ - INFO - The hourly data has been written to data/cron_job_data/sector_51_cron_output.csv with Timestamp: 2024-05-24 14:00:00
2024-05-24 09:08:30,352 - __main__ - INFO - station=> Sector-51, Gurugram, result => ['142', 'Sector-51, Gurugram, India', Timestamp('2024-05-24 14:00:00')]
2024-05-24 09:08:30,352 - __main__ - INFO - The hourly data has been written to static/data/sector_51_cron_output.csv with Timestamp: 2024-05-24 14:00:00
2024-05-24 10:07:48,774 - __main__ - INFO - station=> Sector-51, Gurugram, result => ['152', 'Sector-51, Gurugram, India', Timestamp('2024-05-24 15:00:00')]
2024-05-24 10:07:48,774 - __main__ - INFO - The hourly data has been written to data/cron_job_data/sector_51_cron_output.csv with Timestamp: 2024-05-24 15:00:00
2024-05-24 10:07:49,239 - __main__ - INFO - station=> Sector-51, Gurugram, result => ['152', 'Sector-51, Gurugram, India', Timestamp('2024-05-24 15:00:00')]
2024-05-24 10:07:49,239 - __main__ - INFO - The hourly data has been written to static/data/sector_51_cron_output.csv with Timestamp: 2024-05-24 15:00:00
2024-05-24 14:06:51,869 - __main__ - INFO - station=> Sector-51, Gurugram, result => ['153', 'Sector-51, Gurugram, India', Timestamp('2024-05-24 19:00:00')]
2024-05-24 14:06:51,869 - __main__ - INFO - The hourly data has been written to data/cron_job_data/sector_51_cron_output.csv with Timestamp: 2024-05-24 19:00:00
2024-05-24 14:06:52,349 - __main__ - INFO - station=> Sector-51, Gurugram, result => ['153', 'Sector-51, Gurugram, India', Timestamp('2024-05-24 19:00:00')]
2024-05-24 14:06:52,349 - __main__ - INFO - The hourly data has been written to static/data/sector_51_cron_output.csv with Timestamp: 2024-05-24 19:00:00
2024-05-24 15:08:02,863 - __main__ - INFO - station=> Sector-51, Gurugram, result => ['154', 'Sector-51, Gurugram, India', Timestamp('2024-05-24 20:00:00')]
2024-05-24 15:08:02,863 - __main__ - INFO - The hourly data has been written to data/cron_job_data/sector_51_cron_output.csv with Timestamp: 2024-05-24 20:00:00
2024-05-24 15:08:03,540 - __main__ - INFO - station=> Sector-51, Gurugram, result => ['154', 'Sector-51, Gurugram, India', Timestamp('2024-05-24 20:00:00')]
2024-05-24 15:08:03,540 - __main__ - INFO - The hourly data has been written to static/data/sector_51_cron_output.csv with Timestamp: 2024-05-24 20:00:00
2024-05-24 17:07:20,147 - __main__ - INFO - station=> Sector-51, Gurugram, result => ['157', 'Sector-51, Gurugram, India', Timestamp('2024-05-24 22:00:00')]
2024-05-24 17:07:20,147 - __main__ - INFO - The hourly data has been written to data/cron_job_data/sector_51_cron_output.csv with Timestamp: 2024-05-24 22:00:00
2024-05-24 17:07:20,824 - __main__ - INFO - station=> Sector-51, Gurugram, result => ['157', 'Sector-51, Gurugram, India', Timestamp('2024-05-24 22:00:00')]
2024-05-24 17:07:20,824 - __main__ - INFO - The hourly data has been written to static/data/sector_51_cron_output.csv with Timestamp: 2024-05-24 22:00:00
2024-05-24 18:09:44,226 - __main__ - INFO - station=> Sector-51, Gurugram, result => ['157', 'Sector-51, Gurugram, India', Timestamp('2024-05-24 23:00:00')]
2024-05-24 18:09:44,227 - __main__ - INFO - The hourly data has been written to data/cron_job_data/sector_51_cron_output.csv with Timestamp: 2024-05-24 23:00:00
2024-05-24 18:09:44,922 - __main__ - INFO - station=> Sector-51, Gurugram, result => ['157', 'Sector-51, Gurugram, India', Timestamp('2024-05-24 23:00:00')]
2024-05-24 18:09:44,922 - __main__ - INFO - The hourly data has been written to static/data/sector_51_cron_output.csv with Timestamp: 2024-05-24 23:00:00
2024-05-24 19:05:24,282 - __main__ - INFO - station=> Sector-51, Gurugram, result => ['159', 'Sector-51, Gurugram, India', Timestamp('2024-05-25 00:00:00')]
2024-05-24 19:05:24,282 - __main__ - INFO - The hourly data has been written to data/cron_job_data/sector_51_cron_output.csv with Timestamp: 2024-05-25 00:00:00
2024-05-24 19:05:24,944 - __main__ - INFO - station=> Sector-51, Gurugram, result => ['159', 'Sector-51, Gurugram, India', Timestamp('2024-05-25 00:00:00')]
2024-05-24 19:05:24,944 - __main__ - INFO - The hourly data has been written to static/data/sector_51_cron_output.csv with Timestamp: 2024-05-25 00:00:00
