2024-06-24 00:35:37,580 - __main__ - INFO - station=> Sector-51, Gurugram, result => ['89', 'Sector-51, Gurugram, India', Timestamp('2024-06-24 05:00:00')]
2024-06-24 00:35:37,581 - __main__ - INFO - The hourly data has been written to data/cron_job_data/sector_51_cron_output.csv with Timestamp: 2024-06-24 05:00:00
2024-06-24 00:35:38,273 - __main__ - INFO - station=> Sector-51, Gurugram, result => ['89', 'Sector-51, Gurugram, India', Timestamp('2024-06-24 05:00:00')]
2024-06-24 00:35:38,273 - __main__ - INFO - The hourly data has been written to static/data/sector_51_cron_output.csv with Timestamp: 2024-06-24 05:00:00
2024-06-24 01:56:13,467 - __main__ - INFO - station=> Sector-51, Gurugram, result => ['172', 'Sector-51, Gurugram, India', Timestamp('2024-06-24 07:00:00')]
2024-06-24 01:56:13,467 - __main__ - INFO - The hourly data has been written to data/cron_job_data/sector_51_cron_output.csv with Timestamp: 2024-06-24 07:00:00
2024-06-24 01:56:14,119 - __main__ - INFO - station=> Sector-51, Gurugram, result => ['172', 'Sector-51, Gurugram, India', Timestamp('2024-06-24 07:00:00')]
2024-06-24 01:56:14,119 - __main__ - INFO - The hourly data has been written to static/data/sector_51_cron_output.csv with Timestamp: 2024-06-24 07:00:00
2024-06-24 01:56:14,120 - __main__ - INFO - Calling writeData & retrain_model functions.
2024-06-24 01:56:14,128 - __main__ - INFO - df_api columns Index(['AQI'], dtype='object')
2024-06-24 01:56:14,128 - __main__ - INFO - today=> 2024-06-24 & yesterday=> 2024-06-23
2024-06-24 01:56:14,130 - __main__ - INFO - temp_daily_aqi columns Index(['Unnamed: 0', 'Date', 'AQI'], dtype='object')
2024-06-24 01:56:14,133 - __main__ - INFO - temp_daily_aqi[2024-06-23]=> Empty DataFrame
Columns: [Unnamed: 0, AQI]
Index: []
2024-06-24 01:56:14,133 - __main__ - INFO - Index => 1571, yesterday => 2024-06-23 & AQI => 146.0
2024-06-24 01:56:14,134 - __main__ - INFO - Daily AQI data has been written to data/cleaned_data/Forecasting_time_series/sector_51_daily_aqi.csv
2024-06-24 01:56:14,134 - __main__ - INFO - Index => 1571, yesterday => 2024-06-23 & AQI => 146.0
2024-06-24 01:56:14,134 - __main__ - INFO - Daily AQI data has been written to static/data/sector_51_daily_aqi.csv
2024-06-24 01:56:14,139 - __main__ - INFO - Re-training the model & train_end is 2024-06-18 00:00:00
2024-06-24 01:56:15,418 - __main__ - INFO - Retrained the model & MAPE is 19.12%
2024-06-24 01:56:15,419 - __main__ - INFO - Retrained the model & MAE is 35.32660325676476
2024-06-24 01:56:16,735 - __main__ - INFO - Forecast=> 2024-06-24    157.060624
2024-06-25    161.878862
2024-06-26    170.938455
2024-06-27    171.086500
2024-06-28    179.077916
Freq: D, Name: predicted_mean, dtype: float64
2024-06-24 01:56:16,736 - __main__ - INFO - The forecast data has been written to data/cleaned_data/Forecasting_time_series/forecast_sector_51_daily_aqi.csv
2024-06-24 01:56:16,736 - __main__ - INFO - The forecast data has been written to static/data/forecast_sector_51_daily_aqi.csv
2024-06-24 03:09:06,470 - __main__ - INFO - station=> Sector-51, Gurugram, result => ['185', 'Sector-51, Gurugram, India', Timestamp('2024-06-24 08:00:00')]
2024-06-24 03:09:06,470 - __main__ - INFO - The hourly data has been written to data/cron_job_data/sector_51_cron_output.csv with Timestamp: 2024-06-24 08:00:00
2024-06-24 03:09:07,151 - __main__ - INFO - station=> Sector-51, Gurugram, result => ['185', 'Sector-51, Gurugram, India', Timestamp('2024-06-24 08:00:00')]
2024-06-24 03:09:07,152 - __main__ - INFO - The hourly data has been written to static/data/sector_51_cron_output.csv with Timestamp: 2024-06-24 08:00:00
2024-06-24 04:09:46,012 - __main__ - INFO - station=> Sector-51, Gurugram, result => ['180', 'Sector-51, Gurugram, India', Timestamp('2024-06-24 09:00:00')]
2024-06-24 04:09:46,012 - __main__ - INFO - The hourly data has been written to data/cron_job_data/sector_51_cron_output.csv with Timestamp: 2024-06-24 09:00:00
2024-06-24 04:09:46,661 - __main__ - INFO - station=> Sector-51, Gurugram, result => ['180', 'Sector-51, Gurugram, India', Timestamp('2024-06-24 09:00:00')]
2024-06-24 04:09:46,661 - __main__ - INFO - The hourly data has been written to static/data/sector_51_cron_output.csv with Timestamp: 2024-06-24 09:00:00
