2024-08-24 00:35:17,402 - __main__ - INFO - station=> Sector-51, Gurugram, result => ['156', 'Sector-51, Gurugram, India', Timestamp('2024-08-24 06:00:00')]
2024-08-24 00:35:17,402 - __main__ - INFO - The hourly data has been written to data/cron_job_data/sector_51_cron_output.csv with Timestamp: 2024-08-24 06:00:00
2024-08-24 00:35:17,884 - __main__ - INFO - station=> Sector-51, Gurugram, result => ['156', 'Sector-51, Gurugram, India', Timestamp('2024-08-24 06:00:00')]
2024-08-24 00:35:17,884 - __main__ - INFO - The hourly data has been written to static/data/sector_51_cron_output.csv with Timestamp: 2024-08-24 06:00:00
2024-08-24 00:35:17,944 - __main__ - INFO - df_api columns Index(['AQI'], dtype='object')
2024-08-24 00:35:17,945 - __main__ - INFO - today=> 2024-08-24 & yesterday=> 2024-08-23
2024-08-24 00:35:17,946 - __main__ - INFO - temp_daily_aqi columns Index(['Unnamed: 0', 'Date', 'AQI'], dtype='object')
2024-08-24 00:35:17,949 - __main__ - INFO - temp_daily_aqi[2024-08-23]=> Empty DataFrame
Columns: [Unnamed: 0, AQI]
Index: []
2024-08-24 00:35:17,949 - __main__ - INFO - Index => 1632, yesterday => 2024-08-23 & AQI => 110.0
2024-08-24 00:35:17,950 - __main__ - INFO - Daily AQI data has been written to data/cleaned_data/Forecasting_time_series/sector_51_daily_aqi.csv
2024-08-24 00:35:17,950 - __main__ - INFO - Index => 1632, yesterday => 2024-08-23 & AQI => 110.0
2024-08-24 00:35:17,950 - __main__ - INFO - Daily AQI data has been written to static/data/sector_51_daily_aqi.csv
2024-08-24 00:35:17,955 - __main__ - INFO - Re-training the model & train_end is 2024-08-18 00:00:00
2024-08-24 00:35:19,346 - __main__ - INFO - Retrained the model & MAPE is 38.4%
2024-08-24 00:35:19,346 - __main__ - INFO - Retrained the model & MAE is 36.408633107497266
2024-08-24 00:35:20,984 - __main__ - INFO - Forecast=> 2024-08-24    131.593287
2024-08-25    120.064802
2024-08-26    133.985390
2024-08-27    136.796419
2024-08-28    145.647422
Freq: D, Name: predicted_mean, dtype: float64
2024-08-24 00:35:20,985 - __main__ - INFO - The forecast data has been written to data/cleaned_data/Forecasting_time_series/forecast_sector_51_daily_aqi.csv
2024-08-24 00:35:21,027 - __main__ - INFO - The forecast data has been written to static/data/forecast_sector_51_daily_aqi.csv
2024-08-24 01:59:04,826 - __main__ - INFO - station=> Sector-51, Gurugram, result => ['156', 'Sector-51, Gurugram, India', Timestamp('2024-08-24 07:00:00')]
2024-08-24 01:59:04,826 - __main__ - INFO - The hourly data has been written to data/cron_job_data/sector_51_cron_output.csv with Timestamp: 2024-08-24 07:00:00
2024-08-24 01:59:05,481 - __main__ - INFO - station=> Sector-51, Gurugram, result => ['156', 'Sector-51, Gurugram, India', Timestamp('2024-08-24 07:00:00')]
2024-08-24 01:59:05,481 - __main__ - INFO - The hourly data has been written to static/data/sector_51_cron_output.csv with Timestamp: 2024-08-24 07:00:00
2024-08-24 01:59:05,554 - __main__ - INFO - df_api columns Index(['AQI'], dtype='object')
2024-08-24 01:59:05,554 - __main__ - INFO - today=> 2024-08-24 & yesterday=> 2024-08-23
2024-08-24 01:59:05,556 - __main__ - INFO - temp_daily_aqi columns Index(['Unnamed: 0', 'Date', 'AQI'], dtype='object')
2024-08-24 01:59:05,564 - __main__ - INFO - temp_daily_aqi[2024-08-23]=>             Unnamed: 0    AQI
Date                         
2024-08-23        1632  110.0
2024-08-24 01:59:05,568 - __main__ - INFO - Re-training the model & train_end is 2024-08-18 00:00:00
2024-08-24 01:59:07,037 - __main__ - INFO - Retrained the model & MAPE is 38.4%
2024-08-24 01:59:07,038 - __main__ - INFO - Retrained the model & MAE is 36.408633107497266
2024-08-24 01:59:08,429 - __main__ - INFO - Forecast=> 2024-08-24    131.593287
2024-08-25    120.064802
2024-08-26    133.985390
2024-08-27    136.796419
2024-08-28    145.647422
Freq: D, Name: predicted_mean, dtype: float64
2024-08-24 01:59:08,429 - __main__ - INFO - The forecast data has been written to data/cleaned_data/Forecasting_time_series/forecast_sector_51_daily_aqi.csv
2024-08-24 01:59:08,430 - __main__ - INFO - The forecast data has been written to static/data/forecast_sector_51_daily_aqi.csv
2024-08-24 03:08:41,024 - __main__ - INFO - station=> Sector-51, Gurugram, result => ['90', 'Sector-51, Gurugram, India', Timestamp('2024-08-24 08:00:00')]
2024-08-24 03:08:41,024 - __main__ - INFO - The hourly data has been written to data/cron_job_data/sector_51_cron_output.csv with Timestamp: 2024-08-24 08:00:00
2024-08-24 03:08:41,711 - __main__ - INFO - station=> Sector-51, Gurugram, result => ['90', 'Sector-51, Gurugram, India', Timestamp('2024-08-24 08:00:00')]
2024-08-24 03:08:41,711 - __main__ - INFO - The hourly data has been written to static/data/sector_51_cron_output.csv with Timestamp: 2024-08-24 08:00:00
2024-08-24 04:09:52,225 - __main__ - INFO - station=> Sector-51, Gurugram, result => ['86', 'Sector-51, Gurugram, India', Timestamp('2024-08-24 09:00:00')]
2024-08-24 04:09:52,225 - __main__ - INFO - The hourly data has been written to data/cron_job_data/sector_51_cron_output.csv with Timestamp: 2024-08-24 09:00:00
2024-08-24 04:09:52,887 - __main__ - INFO - station=> Sector-51, Gurugram, result => ['86', 'Sector-51, Gurugram, India', Timestamp('2024-08-24 09:00:00')]
2024-08-24 04:09:52,888 - __main__ - INFO - The hourly data has been written to static/data/sector_51_cron_output.csv with Timestamp: 2024-08-24 09:00:00
2024-08-24 05:07:25,260 - __main__ - INFO - station=> Sector-51, Gurugram, result => ['80', 'Sector-51, Gurugram, India', Timestamp('2024-08-24 10:00:00')]
2024-08-24 05:07:25,260 - __main__ - INFO - The hourly data has been written to data/cron_job_data/sector_51_cron_output.csv with Timestamp: 2024-08-24 10:00:00
2024-08-24 05:07:26,102 - __main__ - INFO - station=> Sector-51, Gurugram, result => ['80', 'Sector-51, Gurugram, India', Timestamp('2024-08-24 10:00:00')]
2024-08-24 05:07:26,102 - __main__ - INFO - The hourly data has been written to static/data/sector_51_cron_output.csv with Timestamp: 2024-08-24 10:00:00
2024-08-24 06:10:22,827 - __main__ - INFO - station=> Sector-51, Gurugram, result => ['118', 'Sector-51, Gurugram, India', Timestamp('2024-08-24 11:00:00')]
2024-08-24 06:10:22,827 - __main__ - INFO - The hourly data has been written to data/cron_job_data/sector_51_cron_output.csv with Timestamp: 2024-08-24 11:00:00
2024-08-24 06:10:23,481 - __main__ - INFO - station=> Sector-51, Gurugram, result => ['118', 'Sector-51, Gurugram, India', Timestamp('2024-08-24 11:00:00')]
2024-08-24 06:10:23,481 - __main__ - INFO - The hourly data has been written to static/data/sector_51_cron_output.csv with Timestamp: 2024-08-24 11:00:00
2024-08-24 08:09:35,458 - __main__ - INFO - station=> Sector-51, Gurugram, result => ['180', 'Sector-51, Gurugram, India', Timestamp('2024-08-24 13:00:00')]
2024-08-24 08:09:35,459 - __main__ - INFO - The hourly data has been written to data/cron_job_data/sector_51_cron_output.csv with Timestamp: 2024-08-24 13:00:00
2024-08-24 08:09:36,126 - __main__ - INFO - station=> Sector-51, Gurugram, result => ['180', 'Sector-51, Gurugram, India', Timestamp('2024-08-24 13:00:00')]
2024-08-24 08:09:36,126 - __main__ - INFO - The hourly data has been written to static/data/sector_51_cron_output.csv with Timestamp: 2024-08-24 13:00:00
2024-08-24 09:07:15,393 - __main__ - INFO - station=> Sector-51, Gurugram, result => ['93', 'Sector-51, Gurugram, India', Timestamp('2024-08-24 14:00:00')]
2024-08-24 09:07:15,393 - __main__ - INFO - The hourly data has been written to data/cron_job_data/sector_51_cron_output.csv with Timestamp: 2024-08-24 14:00:00
2024-08-24 09:07:16,119 - __main__ - INFO - station=> Sector-51, Gurugram, result => ['93', 'Sector-51, Gurugram, India', Timestamp('2024-08-24 14:00:00')]
2024-08-24 09:07:16,119 - __main__ - INFO - The hourly data has been written to static/data/sector_51_cron_output.csv with Timestamp: 2024-08-24 14:00:00
2024-08-24 10:07:35,880 - __main__ - INFO - station=> Sector-51, Gurugram, result => ['91', 'Sector-51, Gurugram, India', Timestamp('2024-08-24 15:00:00')]
2024-08-24 10:07:35,880 - __main__ - INFO - The hourly data has been written to data/cron_job_data/sector_51_cron_output.csv with Timestamp: 2024-08-24 15:00:00
2024-08-24 10:07:36,362 - __main__ - INFO - station=> Sector-51, Gurugram, result => ['91', 'Sector-51, Gurugram, India', Timestamp('2024-08-24 15:00:00')]
2024-08-24 10:07:36,362 - __main__ - INFO - The hourly data has been written to static/data/sector_51_cron_output.csv with Timestamp: 2024-08-24 15:00:00
2024-08-24 11:04:48,966 - __main__ - INFO - station=> Sector-51, Gurugram, result => ['184', 'Sector-51, Gurugram, India', Timestamp('2024-08-24 16:00:00')]
2024-08-24 11:04:48,966 - __main__ - INFO - The hourly data has been written to data/cron_job_data/sector_51_cron_output.csv with Timestamp: 2024-08-24 16:00:00
2024-08-24 11:04:49,432 - __main__ - INFO - station=> Sector-51, Gurugram, result => ['184', 'Sector-51, Gurugram, India', Timestamp('2024-08-24 16:00:00')]
2024-08-24 11:04:49,432 - __main__ - INFO - The hourly data has been written to static/data/sector_51_cron_output.csv with Timestamp: 2024-08-24 16:00:00
2024-08-24 12:12:28,289 - __main__ - INFO - station=> Sector-51, Gurugram, result => ['106', 'Sector-51, Gurugram, India', Timestamp('2024-08-24 17:00:00')]
2024-08-24 12:12:28,290 - __main__ - INFO - The hourly data has been written to data/cron_job_data/sector_51_cron_output.csv with Timestamp: 2024-08-24 17:00:00
2024-08-24 12:12:28,758 - __main__ - INFO - station=> Sector-51, Gurugram, result => ['106', 'Sector-51, Gurugram, India', Timestamp('2024-08-24 17:00:00')]
2024-08-24 12:12:28,758 - __main__ - INFO - The hourly data has been written to static/data/sector_51_cron_output.csv with Timestamp: 2024-08-24 17:00:00
2024-08-24 13:10:29,920 - __main__ - INFO - station=> Sector-51, Gurugram, result => ['210', 'Sector-51, Gurugram, India', Timestamp('2024-08-24 18:00:00')]
2024-08-24 13:10:29,920 - __main__ - INFO - The hourly data has been written to data/cron_job_data/sector_51_cron_output.csv with Timestamp: 2024-08-24 18:00:00
2024-08-24 13:10:30,401 - __main__ - INFO - station=> Sector-51, Gurugram, result => ['210', 'Sector-51, Gurugram, India', Timestamp('2024-08-24 18:00:00')]
2024-08-24 13:10:30,401 - __main__ - INFO - The hourly data has been written to static/data/sector_51_cron_output.csv with Timestamp: 2024-08-24 18:00:00
2024-08-24 14:08:06,593 - __main__ - INFO - station=> Sector-51, Gurugram, result => ['469', 'Sector-51, Gurugram, India', Timestamp('2024-08-24 19:00:00')]
2024-08-24 14:08:06,593 - __main__ - INFO - The hourly data has been written to data/cron_job_data/sector_51_cron_output.csv with Timestamp: 2024-08-24 19:00:00
2024-08-24 14:08:07,060 - __main__ - INFO - station=> Sector-51, Gurugram, result => ['469', 'Sector-51, Gurugram, India', Timestamp('2024-08-24 19:00:00')]
2024-08-24 14:08:07,060 - __main__ - INFO - The hourly data has been written to static/data/sector_51_cron_output.csv with Timestamp: 2024-08-24 19:00:00
2024-08-24 15:07:57,151 - __main__ - INFO - station=> Sector-51, Gurugram, result => ['405', 'Sector-51, Gurugram, India', Timestamp('2024-08-24 20:00:00')]
2024-08-24 15:07:57,151 - __main__ - INFO - The hourly data has been written to data/cron_job_data/sector_51_cron_output.csv with Timestamp: 2024-08-24 20:00:00
2024-08-24 15:07:57,616 - __main__ - INFO - station=> Sector-51, Gurugram, result => ['405', 'Sector-51, Gurugram, India', Timestamp('2024-08-24 20:00:00')]
2024-08-24 15:07:57,617 - __main__ - INFO - The hourly data has been written to static/data/sector_51_cron_output.csv with Timestamp: 2024-08-24 20:00:00
2024-08-24 16:08:22,038 - __main__ - INFO - station=> Sector-51, Gurugram, result => ['21', 'Sector-51, Gurugram, India', Timestamp('2024-08-24 21:00:00')]
2024-08-24 16:08:22,038 - __main__ - INFO - The hourly data has been written to data/cron_job_data/sector_51_cron_output.csv with Timestamp: 2024-08-24 21:00:00
2024-08-24 16:08:22,719 - __main__ - INFO - station=> Sector-51, Gurugram, result => ['21', 'Sector-51, Gurugram, India', Timestamp('2024-08-24 21:00:00')]
2024-08-24 16:08:22,719 - __main__ - INFO - The hourly data has been written to static/data/sector_51_cron_output.csv with Timestamp: 2024-08-24 21:00:00
2024-08-24 17:07:41,036 - __main__ - INFO - station=> Sector-51, Gurugram, result => ['13', 'Sector-51, Gurugram, India', Timestamp('2024-08-24 22:00:00')]
2024-08-24 17:07:41,036 - __main__ - INFO - The hourly data has been written to data/cron_job_data/sector_51_cron_output.csv with Timestamp: 2024-08-24 22:00:00
2024-08-24 17:07:41,664 - __main__ - INFO - station=> Sector-51, Gurugram, result => ['13', 'Sector-51, Gurugram, India', Timestamp('2024-08-24 22:00:00')]
2024-08-24 17:07:41,664 - __main__ - INFO - The hourly data has been written to static/data/sector_51_cron_output.csv with Timestamp: 2024-08-24 22:00:00
2024-08-24 18:09:01,390 - __main__ - INFO - station=> Sector-51, Gurugram, result => ['198', 'Sector-51, Gurugram, India', Timestamp('2024-08-24 23:00:00')]
2024-08-24 18:09:01,390 - __main__ - INFO - The hourly data has been written to data/cron_job_data/sector_51_cron_output.csv with Timestamp: 2024-08-24 23:00:00
2024-08-24 18:09:02,072 - __main__ - INFO - station=> Sector-51, Gurugram, result => ['198', 'Sector-51, Gurugram, India', Timestamp('2024-08-24 23:00:00')]
2024-08-24 18:09:02,073 - __main__ - INFO - The hourly data has been written to static/data/sector_51_cron_output.csv with Timestamp: 2024-08-24 23:00:00
2024-08-24 19:04:02,294 - __main__ - INFO - station=> Sector-51, Gurugram, result => ['177', 'Sector-51, Gurugram, India', Timestamp('2024-08-25 00:00:00')]
2024-08-24 19:04:02,294 - __main__ - INFO - The hourly data has been written to data/cron_job_data/sector_51_cron_output.csv with Timestamp: 2024-08-25 00:00:00
2024-08-24 19:04:02,963 - __main__ - INFO - station=> Sector-51, Gurugram, result => ['177', 'Sector-51, Gurugram, India', Timestamp('2024-08-25 00:00:00')]
2024-08-24 19:04:02,963 - __main__ - INFO - The hourly data has been written to static/data/sector_51_cron_output.csv with Timestamp: 2024-08-25 00:00:00
