2023-12-24 00:31:06,033 - __main__ - INFO - station=> nise gwal, result => ['257', 'NISE Gwal Pahari, Gurugram, India', Timestamp('2023-12-24 05:00:00')]
2023-12-24 00:31:06,033 - __main__ - INFO - The data has been written to data/cron_job_data/nise_cron_output.csv with Timestamp: 2023-12-24 05:00:00
2023-12-24 00:31:06,703 - __main__ - INFO - station=> Sector-51, Gurugram, result => ['212', 'Sector-51, Gurugram, India', Timestamp('2023-12-24 05:00:00')]
2023-12-24 00:31:06,704 - __main__ - INFO - The data has been written to data/cron_job_data/sector_51_cron_output.csv with Timestamp: 2023-12-24 05:00:00
2023-12-24 00:31:07,376 - __main__ - INFO - station=> Teri Gram, result => ['179', 'Teri Gram, Gurugram, India', Timestamp('2023-12-24 05:00:00')]
2023-12-24 00:31:07,377 - __main__ - INFO - The data has been written to data/cron_job_data/teri_gram_cron_output.csv with Timestamp: 2023-12-24 05:00:00
2023-12-24 00:31:08,047 - __main__ - INFO - station=> Vikas Sadan, result => ['234', 'Vikas Sadan Gurgaon, Gurgaon, India', Timestamp('2023-12-24 05:00:00')]
2023-12-24 00:31:08,047 - __main__ - INFO - The data has been written to data/cron_job_data/vikas_sadan_cron_output.csv with Timestamp: 2023-12-24 05:00:00
2023-12-24 01:48:42,427 - __main__ - INFO - station=> nise gwal, result => ['224', 'NISE Gwal Pahari, Gurugram, India', Timestamp('2023-12-24 07:00:00')]
2023-12-24 01:48:42,427 - __main__ - INFO - The data has been written to data/cron_job_data/nise_cron_output.csv with Timestamp: 2023-12-24 07:00:00
2023-12-24 01:48:42,917 - __main__ - INFO - station=> Sector-51, Gurugram, result => ['219', 'Sector-51, Gurugram, India', Timestamp('2023-12-24 07:00:00')]
2023-12-24 01:48:42,918 - __main__ - INFO - The data has been written to data/cron_job_data/sector_51_cron_output.csv with Timestamp: 2023-12-24 07:00:00
2023-12-24 01:48:43,402 - __main__ - INFO - station=> Teri Gram, result => ['179', 'Teri Gram, Gurugram, India', Timestamp('2023-12-24 07:00:00')]
2023-12-24 01:48:43,402 - __main__ - INFO - The data has been written to data/cron_job_data/teri_gram_cron_output.csv with Timestamp: 2023-12-24 07:00:00
2023-12-24 01:48:43,883 - __main__ - INFO - station=> Vikas Sadan, result => ['226', 'Vikas Sadan Gurgaon, Gurgaon, India', Timestamp('2023-12-24 07:00:00')]
2023-12-24 01:48:43,884 - __main__ - INFO - The data has been written to data/cron_job_data/vikas_sadan_cron_output.csv with Timestamp: 2023-12-24 07:00:00
2023-12-24 02:20:46,537 - __main__ - INFO - station=> nise gwal, result => ['224', 'NISE Gwal Pahari, Gurugram, India', Timestamp('2023-12-24 07:00:00')]
2023-12-24 02:20:46,538 - __main__ - INFO - Timestamp 2023-12-24 07:00:00 already present in data/cron_job_data/nise_cron_output.csv, not appending.
2023-12-24 02:20:47,016 - __main__ - INFO - station=> Sector-51, Gurugram, result => ['220', 'Sector-51, Gurugram, India', Timestamp('2023-12-24 07:00:00')]
2023-12-24 02:20:47,016 - __main__ - INFO - Timestamp 2023-12-24 07:00:00 already present in data/cron_job_data/sector_51_cron_output.csv, not appending.
2023-12-24 02:20:47,492 - __main__ - INFO - station=> Teri Gram, result => ['179', 'Teri Gram, Gurugram, India', Timestamp('2023-12-24 07:00:00')]
2023-12-24 02:20:47,493 - __main__ - INFO - Timestamp 2023-12-24 07:00:00 already present in data/cron_job_data/teri_gram_cron_output.csv, not appending.
2023-12-24 02:20:47,965 - __main__ - INFO - station=> Vikas Sadan, result => ['226', 'Vikas Sadan Gurgaon, Gurgaon, India', Timestamp('2023-12-24 07:00:00')]
2023-12-24 02:20:47,966 - __main__ - INFO - Timestamp 2023-12-24 07:00:00 already present in data/cron_job_data/vikas_sadan_cron_output.csv, not appending.
2023-12-24 03:05:35,490 - __main__ - INFO - station=> nise gwal, result => ['264', 'NISE Gwal Pahari, Gurugram, India', Timestamp('2023-12-24 08:00:00')]
2023-12-24 03:05:35,491 - __main__ - INFO - The data has been written to data/cron_job_data/nise_cron_output.csv with Timestamp: 2023-12-24 08:00:00
2023-12-24 03:05:35,968 - __main__ - INFO - station=> Sector-51, Gurugram, result => ['222', 'Sector-51, Gurugram, India', Timestamp('2023-12-24 08:00:00')]
2023-12-24 03:05:35,968 - __main__ - INFO - The data has been written to data/cron_job_data/sector_51_cron_output.csv with Timestamp: 2023-12-24 08:00:00
2023-12-24 03:05:36,445 - __main__ - INFO - station=> Teri Gram, result => ['179', 'Teri Gram, Gurugram, India', Timestamp('2023-12-24 08:00:00')]
2023-12-24 03:05:36,446 - __main__ - INFO - The data has been written to data/cron_job_data/teri_gram_cron_output.csv with Timestamp: 2023-12-24 08:00:00
2023-12-24 03:05:36,918 - __main__ - INFO - station=> Vikas Sadan, result => ['229', 'Vikas Sadan Gurgaon, Gurgaon, India', Timestamp('2023-12-24 08:00:00')]
2023-12-24 03:05:36,918 - __main__ - INFO - The data has been written to data/cron_job_data/vikas_sadan_cron_output.csv with Timestamp: 2023-12-24 08:00:00
2023-12-24 04:07:08,734 - __main__ - INFO - station=> nise gwal, result => ['268', 'NISE Gwal Pahari, Gurugram, India', Timestamp('2023-12-24 09:00:00')]
2023-12-24 04:07:08,734 - __main__ - INFO - The data has been written to data/cron_job_data/nise_cron_output.csv with Timestamp: 2023-12-24 09:00:00
2023-12-24 04:07:09,254 - __main__ - INFO - station=> Sector-51, Gurugram, result => ['242', 'Sector-51, Gurugram, India', Timestamp('2023-12-24 09:00:00')]
2023-12-24 04:07:09,255 - __main__ - INFO - The data has been written to data/cron_job_data/sector_51_cron_output.csv with Timestamp: 2023-12-24 09:00:00
2023-12-24 04:07:09,796 - __main__ - INFO - station=> Teri Gram, result => ['188', 'Teri Gram, Gurugram, India', Timestamp('2023-12-24 09:00:00')]
2023-12-24 04:07:09,796 - __main__ - INFO - The data has been written to data/cron_job_data/teri_gram_cron_output.csv with Timestamp: 2023-12-24 09:00:00
2023-12-24 04:07:10,338 - __main__ - INFO - station=> Vikas Sadan, result => ['236', 'Vikas Sadan Gurgaon, Gurgaon, India', Timestamp('2023-12-24 09:00:00')]
2023-12-24 04:07:10,338 - __main__ - INFO - The data has been written to data/cron_job_data/vikas_sadan_cron_output.csv with Timestamp: 2023-12-24 09:00:00
2023-12-24 05:02:43,426 - __main__ - INFO - station=> nise gwal, result => ['249', 'NISE Gwal Pahari, Gurugram, India', Timestamp('2023-12-24 10:00:00')]
2023-12-24 05:02:43,427 - __main__ - INFO - The data has been written to data/cron_job_data/nise_cron_output.csv with Timestamp: 2023-12-24 10:00:00
2023-12-24 05:02:43,904 - __main__ - INFO - station=> Sector-51, Gurugram, result => ['309', 'Sector-51, Gurugram, India', Timestamp('2023-12-24 10:00:00')]
2023-12-24 05:02:43,904 - __main__ - INFO - The data has been written to data/cron_job_data/sector_51_cron_output.csv with Timestamp: 2023-12-24 10:00:00
2023-12-24 05:02:44,388 - __main__ - INFO - station=> Teri Gram, result => ['188', 'Teri Gram, Gurugram, India', Timestamp('2023-12-24 10:00:00')]
2023-12-24 05:02:44,389 - __main__ - INFO - The data has been written to data/cron_job_data/teri_gram_cron_output.csv with Timestamp: 2023-12-24 10:00:00
2023-12-24 05:02:44,863 - __main__ - INFO - station=> Vikas Sadan, result => ['255', 'Vikas Sadan Gurgaon, Gurgaon, India', Timestamp('2023-12-24 10:00:00')]
2023-12-24 05:02:44,864 - __main__ - INFO - The data has been written to data/cron_job_data/vikas_sadan_cron_output.csv with Timestamp: 2023-12-24 10:00:00
2023-12-24 06:07:20,429 - __main__ - INFO - station=> nise gwal, result => ['269', 'NISE Gwal Pahari, Gurugram, India', Timestamp('2023-12-24 11:00:00')]
2023-12-24 06:07:20,429 - __main__ - INFO - The data has been written to data/cron_job_data/nise_cron_output.csv with Timestamp: 2023-12-24 11:00:00
2023-12-24 06:07:21,171 - __main__ - INFO - station=> Sector-51, Gurugram, result => ['350', 'Sector-51, Gurugram, India', Timestamp('2023-12-24 11:00:00')]
2023-12-24 06:07:21,172 - __main__ - INFO - The data has been written to data/cron_job_data/sector_51_cron_output.csv with Timestamp: 2023-12-24 11:00:00
2023-12-24 06:07:22,052 - __main__ - INFO - station=> Teri Gram, result => ['188', 'Teri Gram, Gurugram, India', Timestamp('2023-12-24 11:00:00')]
2023-12-24 06:07:22,053 - __main__ - INFO - The data has been written to data/cron_job_data/teri_gram_cron_output.csv with Timestamp: 2023-12-24 11:00:00
2023-12-24 06:07:22,790 - __main__ - INFO - station=> Vikas Sadan, result => ['269', 'Vikas Sadan Gurgaon, Gurgaon, India', Timestamp('2023-12-24 11:00:00')]
2023-12-24 06:07:22,791 - __main__ - INFO - The data has been written to data/cron_job_data/vikas_sadan_cron_output.csv with Timestamp: 2023-12-24 11:00:00
2023-12-24 07:02:34,334 - __main__ - INFO - station=> nise gwal, result => ['192', 'NISE Gwal Pahari, Gurugram, India', Timestamp('2023-12-24 12:00:00')]
2023-12-24 07:02:34,334 - __main__ - INFO - The data has been written to data/cron_job_data/nise_cron_output.csv with Timestamp: 2023-12-24 12:00:00
2023-12-24 07:02:34,809 - __main__ - INFO - station=> Sector-51, Gurugram, result => ['209', 'Sector-51, Gurugram, India', Timestamp('2023-12-24 12:00:00')]
2023-12-24 07:02:34,809 - __main__ - INFO - The data has been written to data/cron_job_data/sector_51_cron_output.csv with Timestamp: 2023-12-24 12:00:00
2023-12-24 07:02:35,287 - __main__ - INFO - station=> Teri Gram, result => ['188', 'Teri Gram, Gurugram, India', Timestamp('2023-12-24 12:00:00')]
2023-12-24 07:02:35,287 - __main__ - INFO - The data has been written to data/cron_job_data/teri_gram_cron_output.csv with Timestamp: 2023-12-24 12:00:00
2023-12-24 07:02:35,762 - __main__ - INFO - station=> Vikas Sadan, result => ['260', 'Vikas Sadan Gurgaon, Gurgaon, India', Timestamp('2023-12-24 12:00:00')]
2023-12-24 07:02:35,762 - __main__ - INFO - The data has been written to data/cron_job_data/vikas_sadan_cron_output.csv with Timestamp: 2023-12-24 12:00:00
2023-12-24 08:08:09,120 - __main__ - INFO - station=> nise gwal, result => ['192', 'NISE Gwal Pahari, Gurugram, India', Timestamp('2023-12-24 12:00:00')]
2023-12-24 08:08:09,120 - __main__ - INFO - Timestamp 2023-12-24 12:00:00 already present in data/cron_job_data/nise_cron_output.csv, not appending.
2023-12-24 08:08:09,601 - __main__ - INFO - station=> Sector-51, Gurugram, result => ['229', 'Sector-51, Gurugram, India', Timestamp('2023-12-24 13:00:00')]
2023-12-24 08:08:09,602 - __main__ - INFO - The data has been written to data/cron_job_data/sector_51_cron_output.csv with Timestamp: 2023-12-24 13:00:00
2023-12-24 08:08:10,088 - __main__ - INFO - station=> Teri Gram, result => ['305', 'Teri Gram, Gurugram, India', Timestamp('2023-12-24 13:00:00')]
2023-12-24 08:08:10,089 - __main__ - INFO - The data has been written to data/cron_job_data/teri_gram_cron_output.csv with Timestamp: 2023-12-24 13:00:00
2023-12-24 08:08:10,570 - __main__ - INFO - station=> Vikas Sadan, result => ['233', 'Vikas Sadan Gurgaon, Gurgaon, India', Timestamp('2023-12-24 13:00:00')]
2023-12-24 08:08:10,570 - __main__ - INFO - The data has been written to data/cron_job_data/vikas_sadan_cron_output.csv with Timestamp: 2023-12-24 13:00:00
2023-12-24 09:02:42,043 - __main__ - INFO - station=> nise gwal, result => ['192', 'NISE Gwal Pahari, Gurugram, India', Timestamp('2023-12-24 12:00:00')]
2023-12-24 09:02:42,043 - __main__ - INFO - Timestamp 2023-12-24 12:00:00 already present in data/cron_job_data/nise_cron_output.csv, not appending.
2023-12-24 09:02:42,519 - __main__ - INFO - station=> Sector-51, Gurugram, result => ['224', 'Sector-51, Gurugram, India', Timestamp('2023-12-24 14:00:00')]
2023-12-24 09:02:42,519 - __main__ - INFO - The data has been written to data/cron_job_data/sector_51_cron_output.csv with Timestamp: 2023-12-24 14:00:00
2023-12-24 09:02:43,000 - __main__ - INFO - station=> Teri Gram, result => ['188', 'Teri Gram, Gurugram, India', Timestamp('2023-12-24 14:00:00')]
2023-12-24 09:02:43,000 - __main__ - INFO - The data has been written to data/cron_job_data/teri_gram_cron_output.csv with Timestamp: 2023-12-24 14:00:00
2023-12-24 09:02:43,474 - __main__ - INFO - station=> Vikas Sadan, result => ['210', 'Vikas Sadan Gurgaon, Gurgaon, India', Timestamp('2023-12-24 14:00:00')]
2023-12-24 09:02:43,475 - __main__ - INFO - The data has been written to data/cron_job_data/vikas_sadan_cron_output.csv with Timestamp: 2023-12-24 14:00:00
