2024-08-25 00:39:42,365 - __main__ - INFO - station=> Sector-51, Gurugram, result => ['98', 'Sector-51, Gurugram, India', Timestamp('2024-08-25 05:00:00')]
2024-08-25 00:39:42,365 - __main__ - INFO - The hourly data has been written to data/cron_job_data/sector_51_cron_output.csv with Timestamp: 2024-08-25 05:00:00
2024-08-25 00:39:42,828 - __main__ - INFO - station=> Sector-51, Gurugram, result => ['98', 'Sector-51, Gurugram, India', Timestamp('2024-08-25 05:00:00')]
2024-08-25 00:39:42,828 - __main__ - INFO - The hourly data has been written to static/data/sector_51_cron_output.csv with Timestamp: 2024-08-25 05:00:00
2024-08-25 00:39:42,888 - __main__ - INFO - df_api columns Index(['AQI'], dtype='object')
2024-08-25 00:39:42,888 - __main__ - INFO - today=> 2024-08-25 & yesterday=> 2024-08-24
2024-08-25 00:39:42,890 - __main__ - INFO - temp_daily_aqi columns Index(['Unnamed: 0', 'Date', 'AQI'], dtype='object')
2024-08-25 00:39:42,892 - __main__ - INFO - temp_daily_aqi[2024-08-24]=> Empty DataFrame
Columns: [Unnamed: 0, AQI]
Index: []
2024-08-25 00:39:42,893 - __main__ - INFO - Index => 1633, yesterday => 2024-08-24 & AQI => 161.0
2024-08-25 00:39:42,893 - __main__ - INFO - Daily AQI data has been written to data/cleaned_data/Forecasting_time_series/sector_51_daily_aqi.csv
2024-08-25 00:39:42,894 - __main__ - INFO - Index => 1633, yesterday => 2024-08-24 & AQI => 161.0
2024-08-25 00:39:42,894 - __main__ - INFO - Daily AQI data has been written to static/data/sector_51_daily_aqi.csv
2024-08-25 00:39:42,898 - __main__ - INFO - Re-training the model & train_end is 2024-08-19 00:00:00
2024-08-25 00:39:44,490 - __main__ - INFO - Retrained the model & MAPE is 39.65%
2024-08-25 00:39:44,490 - __main__ - INFO - Retrained the model & MAE is 39.09913377693664
2024-08-25 00:39:46,002 - __main__ - INFO - Forecast=> 2024-08-25    138.331825
2024-08-26    150.524839
2024-08-27    151.685927
2024-08-28    159.141845
2024-08-29    163.292606
Freq: D, Name: predicted_mean, dtype: float64
2024-08-25 00:39:46,003 - __main__ - INFO - The forecast data has been written to data/cleaned_data/Forecasting_time_series/forecast_sector_51_daily_aqi.csv
2024-08-25 00:39:46,003 - __main__ - INFO - The forecast data has been written to static/data/forecast_sector_51_daily_aqi.csv
2024-08-25 02:06:07,151 - __main__ - INFO - station=> Sector-51, Gurugram, result => ['157', 'Sector-51, Gurugram, India', Timestamp('2024-08-25 07:00:00')]
2024-08-25 02:06:07,151 - __main__ - INFO - The hourly data has been written to data/cron_job_data/sector_51_cron_output.csv with Timestamp: 2024-08-25 07:00:00
2024-08-25 02:06:07,618 - __main__ - INFO - station=> Sector-51, Gurugram, result => ['157', 'Sector-51, Gurugram, India', Timestamp('2024-08-25 07:00:00')]
2024-08-25 02:06:07,618 - __main__ - INFO - The hourly data has been written to static/data/sector_51_cron_output.csv with Timestamp: 2024-08-25 07:00:00
2024-08-25 03:08:33,825 - __main__ - INFO - station=> Sector-51, Gurugram, result => ['139', 'Sector-51, Gurugram, India', Timestamp('2024-08-25 08:00:00')]
2024-08-25 03:08:33,825 - __main__ - INFO - The hourly data has been written to data/cron_job_data/sector_51_cron_output.csv with Timestamp: 2024-08-25 08:00:00
2024-08-25 03:08:34,504 - __main__ - INFO - station=> Sector-51, Gurugram, result => ['139', 'Sector-51, Gurugram, India', Timestamp('2024-08-25 08:00:00')]
2024-08-25 03:08:34,504 - __main__ - INFO - The hourly data has been written to static/data/sector_51_cron_output.csv with Timestamp: 2024-08-25 08:00:00
2024-08-25 04:09:24,563 - __main__ - INFO - station=> Sector-51, Gurugram, result => ['92', 'Sector-51, Gurugram, India', Timestamp('2024-08-25 09:00:00')]
2024-08-25 04:09:24,563 - __main__ - INFO - The hourly data has been written to data/cron_job_data/sector_51_cron_output.csv with Timestamp: 2024-08-25 09:00:00
2024-08-25 04:09:25,243 - __main__ - INFO - station=> Sector-51, Gurugram, result => ['92', 'Sector-51, Gurugram, India', Timestamp('2024-08-25 09:00:00')]
2024-08-25 04:09:25,243 - __main__ - INFO - The hourly data has been written to static/data/sector_51_cron_output.csv with Timestamp: 2024-08-25 09:00:00
2024-08-25 05:08:52,415 - __main__ - INFO - station=> Sector-51, Gurugram, result => ['54', 'Sector-51, Gurugram, India', Timestamp('2024-08-25 10:00:00')]
2024-08-25 05:08:52,415 - __main__ - INFO - The hourly data has been written to data/cron_job_data/sector_51_cron_output.csv with Timestamp: 2024-08-25 10:00:00
2024-08-25 05:08:53,126 - __main__ - INFO - station=> Sector-51, Gurugram, result => ['54', 'Sector-51, Gurugram, India', Timestamp('2024-08-25 10:00:00')]
2024-08-25 05:08:53,126 - __main__ - INFO - The hourly data has been written to static/data/sector_51_cron_output.csv with Timestamp: 2024-08-25 10:00:00
2024-08-25 06:10:47,674 - __main__ - INFO - station=> Sector-51, Gurugram, result => ['64', 'Sector-51, Gurugram, India', Timestamp('2024-08-25 11:00:00')]
2024-08-25 06:10:47,674 - __main__ - INFO - The hourly data has been written to data/cron_job_data/sector_51_cron_output.csv with Timestamp: 2024-08-25 11:00:00
2024-08-25 06:10:48,368 - __main__ - INFO - station=> Sector-51, Gurugram, result => ['64', 'Sector-51, Gurugram, India', Timestamp('2024-08-25 11:00:00')]
2024-08-25 06:10:48,368 - __main__ - INFO - The hourly data has been written to static/data/sector_51_cron_output.csv with Timestamp: 2024-08-25 11:00:00
2024-08-25 09:07:50,777 - __main__ - INFO - station=> Sector-51, Gurugram, result => ['45', 'Sector-51, Gurugram, India', Timestamp('2024-08-25 14:00:00')]
2024-08-25 09:07:50,777 - __main__ - INFO - The hourly data has been written to data/cron_job_data/sector_51_cron_output.csv with Timestamp: 2024-08-25 14:00:00
2024-08-25 09:07:51,440 - __main__ - INFO - station=> Sector-51, Gurugram, result => ['45', 'Sector-51, Gurugram, India', Timestamp('2024-08-25 14:00:00')]
2024-08-25 09:07:51,440 - __main__ - INFO - The hourly data has been written to static/data/sector_51_cron_output.csv with Timestamp: 2024-08-25 14:00:00
2024-08-25 12:12:40,638 - __main__ - INFO - station=> Sector-51, Gurugram, result => ['71', 'Sector-51, Gurugram, India', Timestamp('2024-08-25 17:00:00')]
2024-08-25 12:12:40,638 - __main__ - INFO - The hourly data has been written to data/cron_job_data/sector_51_cron_output.csv with Timestamp: 2024-08-25 17:00:00
2024-08-25 12:12:41,104 - __main__ - INFO - station=> Sector-51, Gurugram, result => ['71', 'Sector-51, Gurugram, India', Timestamp('2024-08-25 17:00:00')]
2024-08-25 12:12:41,104 - __main__ - INFO - The hourly data has been written to static/data/sector_51_cron_output.csv with Timestamp: 2024-08-25 17:00:00
2024-08-25 13:09:31,690 - __main__ - INFO - station=> Sector-51, Gurugram, result => ['95', 'Sector-51, Gurugram, India', Timestamp('2024-08-25 18:00:00')]
2024-08-25 13:09:31,690 - __main__ - INFO - The hourly data has been written to data/cron_job_data/sector_51_cron_output.csv with Timestamp: 2024-08-25 18:00:00
2024-08-25 13:09:32,366 - __main__ - INFO - station=> Sector-51, Gurugram, result => ['95', 'Sector-51, Gurugram, India', Timestamp('2024-08-25 18:00:00')]
2024-08-25 13:09:32,366 - __main__ - INFO - The hourly data has been written to static/data/sector_51_cron_output.csv with Timestamp: 2024-08-25 18:00:00
2024-08-25 14:06:51,097 - __main__ - INFO - station=> Sector-51, Gurugram, result => ['120', 'Sector-51, Gurugram, India', Timestamp('2024-08-25 19:00:00')]
2024-08-25 14:06:51,097 - __main__ - INFO - The hourly data has been written to data/cron_job_data/sector_51_cron_output.csv with Timestamp: 2024-08-25 19:00:00
2024-08-25 14:06:51,723 - __main__ - INFO - station=> Sector-51, Gurugram, result => ['120', 'Sector-51, Gurugram, India', Timestamp('2024-08-25 19:00:00')]
2024-08-25 14:06:51,723 - __main__ - INFO - The hourly data has been written to static/data/sector_51_cron_output.csv with Timestamp: 2024-08-25 19:00:00
2024-08-25 15:07:16,247 - __main__ - INFO - station=> Sector-51, Gurugram, result => ['332', 'Sector-51, Gurugram, India', Timestamp('2024-08-25 20:00:00')]
2024-08-25 15:07:16,247 - __main__ - INFO - The hourly data has been written to data/cron_job_data/sector_51_cron_output.csv with Timestamp: 2024-08-25 20:00:00
2024-08-25 15:07:16,914 - __main__ - INFO - station=> Sector-51, Gurugram, result => ['332', 'Sector-51, Gurugram, India', Timestamp('2024-08-25 20:00:00')]
2024-08-25 15:07:16,915 - __main__ - INFO - The hourly data has been written to static/data/sector_51_cron_output.csv with Timestamp: 2024-08-25 20:00:00
2024-08-25 16:07:45,848 - __main__ - INFO - station=> Sector-51, Gurugram, result => ['316', 'Sector-51, Gurugram, India', Timestamp('2024-08-25 21:00:00')]
2024-08-25 16:07:45,848 - __main__ - INFO - The hourly data has been written to data/cron_job_data/sector_51_cron_output.csv with Timestamp: 2024-08-25 21:00:00
2024-08-25 16:07:46,310 - __main__ - INFO - station=> Sector-51, Gurugram, result => ['316', 'Sector-51, Gurugram, India', Timestamp('2024-08-25 21:00:00')]
2024-08-25 16:07:46,310 - __main__ - INFO - The hourly data has been written to static/data/sector_51_cron_output.csv with Timestamp: 2024-08-25 21:00:00
2024-08-25 17:08:54,339 - __main__ - INFO - station=> Sector-51, Gurugram, result => ['187', 'Sector-51, Gurugram, India', Timestamp('2024-08-25 22:00:00')]
2024-08-25 17:08:54,340 - __main__ - INFO - The hourly data has been written to data/cron_job_data/sector_51_cron_output.csv with Timestamp: 2024-08-25 22:00:00
2024-08-25 17:08:55,028 - __main__ - INFO - station=> Sector-51, Gurugram, result => ['187', 'Sector-51, Gurugram, India', Timestamp('2024-08-25 22:00:00')]
2024-08-25 17:08:55,028 - __main__ - INFO - The hourly data has been written to static/data/sector_51_cron_output.csv with Timestamp: 2024-08-25 22:00:00
2024-08-25 18:08:56,825 - __main__ - INFO - station=> Sector-51, Gurugram, result => ['184', 'Sector-51, Gurugram, India', Timestamp('2024-08-25 23:00:00')]
2024-08-25 18:08:56,825 - __main__ - INFO - The hourly data has been written to data/cron_job_data/sector_51_cron_output.csv with Timestamp: 2024-08-25 23:00:00
2024-08-25 18:08:57,509 - __main__ - INFO - station=> Sector-51, Gurugram, result => ['184', 'Sector-51, Gurugram, India', Timestamp('2024-08-25 23:00:00')]
2024-08-25 18:08:57,510 - __main__ - INFO - The hourly data has been written to static/data/sector_51_cron_output.csv with Timestamp: 2024-08-25 23:00:00
2024-08-25 19:07:44,067 - __main__ - INFO - station=> Sector-51, Gurugram, result => ['117', 'Sector-51, Gurugram, India', Timestamp('2024-08-26 00:00:00')]
2024-08-25 19:07:44,067 - __main__ - INFO - The hourly data has been written to data/cron_job_data/sector_51_cron_output.csv with Timestamp: 2024-08-26 00:00:00
2024-08-25 19:07:44,545 - __main__ - INFO - station=> Sector-51, Gurugram, result => ['117', 'Sector-51, Gurugram, India', Timestamp('2024-08-26 00:00:00')]
2024-08-25 19:07:44,545 - __main__ - INFO - The hourly data has been written to static/data/sector_51_cron_output.csv with Timestamp: 2024-08-26 00:00:00
2024-08-25 20:09:18,953 - __main__ - INFO - station=> Sector-51, Gurugram, result => ['82', 'Sector-51, Gurugram, India', Timestamp('2024-08-26 01:00:00')]
2024-08-25 20:09:18,953 - __main__ - INFO - The hourly data has been written to data/cron_job_data/sector_51_cron_output.csv with Timestamp: 2024-08-26 01:00:00
2024-08-25 20:09:19,640 - __main__ - INFO - station=> Sector-51, Gurugram, result => ['82', 'Sector-51, Gurugram, India', Timestamp('2024-08-26 01:00:00')]
2024-08-25 20:09:19,640 - __main__ - INFO - The hourly data has been written to static/data/sector_51_cron_output.csv with Timestamp: 2024-08-26 01:00:00
2024-08-25 21:06:18,434 - __main__ - INFO - station=> Sector-51, Gurugram, result => ['159', 'Sector-51, Gurugram, India', Timestamp('2024-08-26 02:00:00')]
2024-08-25 21:06:18,434 - __main__ - INFO - The hourly data has been written to data/cron_job_data/sector_51_cron_output.csv with Timestamp: 2024-08-26 02:00:00
2024-08-25 21:06:19,051 - __main__ - INFO - station=> Sector-51, Gurugram, result => ['159', 'Sector-51, Gurugram, India', Timestamp('2024-08-26 02:00:00')]
2024-08-25 21:06:19,051 - __main__ - INFO - The hourly data has been written to static/data/sector_51_cron_output.csv with Timestamp: 2024-08-26 02:00:00
2024-08-25 22:07:18,907 - __main__ - INFO - station=> Sector-51, Gurugram, result => ['172', 'Sector-51, Gurugram, India', Timestamp('2024-08-26 03:00:00')]
2024-08-25 22:07:18,907 - __main__ - INFO - The hourly data has been written to data/cron_job_data/sector_51_cron_output.csv with Timestamp: 2024-08-26 03:00:00
2024-08-25 22:07:19,588 - __main__ - INFO - station=> Sector-51, Gurugram, result => ['172', 'Sector-51, Gurugram, India', Timestamp('2024-08-26 03:00:00')]
2024-08-25 22:07:19,588 - __main__ - INFO - The hourly data has been written to static/data/sector_51_cron_output.csv with Timestamp: 2024-08-26 03:00:00
2024-08-25 23:08:31,821 - __main__ - INFO - station=> Sector-51, Gurugram, result => ['96', 'Sector-51, Gurugram, India', Timestamp('2024-08-26 04:00:00')]
2024-08-25 23:08:31,821 - __main__ - INFO - The hourly data has been written to data/cron_job_data/sector_51_cron_output.csv with Timestamp: 2024-08-26 04:00:00
2024-08-25 23:08:32,451 - __main__ - INFO - station=> Sector-51, Gurugram, result => ['96', 'Sector-51, Gurugram, India', Timestamp('2024-08-26 04:00:00')]
2024-08-25 23:08:32,451 - __main__ - INFO - The hourly data has been written to static/data/sector_51_cron_output.csv with Timestamp: 2024-08-26 04:00:00
