2024-01-25 01:52:49,583 - __main__ - INFO - station=> nise gwal, result => ['163', 'NISE Gwal Pahari, Gurugram, India', Timestamp('2024-01-25 07:00:00')]
2024-01-25 01:52:49,584 - __main__ - INFO - The hourly data has been written to data/cron_job_data/nise_cron_output.csv with Timestamp: 2024-01-25 07:00:00
2024-01-25 01:52:50,259 - __main__ - INFO - station=> Sector-51, Gurugram, result => ['167', 'Sector-51, Gurugram, India', Timestamp('2024-01-25 07:00:00')]
2024-01-25 01:52:50,259 - __main__ - INFO - The hourly data has been written to data/cron_job_data/sector_51_cron_output.csv with Timestamp: 2024-01-25 07:00:00
2024-01-25 01:52:50,936 - __main__ - INFO - station=> Sector-51, Gurugram, result => ['167', 'Sector-51, Gurugram, India', Timestamp('2024-01-25 07:00:00')]
2024-01-25 01:52:50,936 - __main__ - INFO - The hourly data has been written to static/data/sector_51_cron_output.csv with Timestamp: 2024-01-25 07:00:00
2024-01-25 01:52:51,595 - __main__ - INFO - station=> Teri Gram, result => ['174', 'Teri Gram, Gurugram, India', Timestamp('2024-01-25 07:00:00')]
2024-01-25 01:52:51,595 - __main__ - INFO - The hourly data has been written to data/cron_job_data/teri_gram_cron_output.csv with Timestamp: 2024-01-25 07:00:00
2024-01-25 01:52:52,222 - __main__ - INFO - station=> Vikas Sadan, result => ['82', 'Vikas Sadan Gurgaon, Gurgaon, India', Timestamp('2024-01-25 07:00:00')]
2024-01-25 01:52:52,222 - __main__ - INFO - The hourly data has been written to data/cron_job_data/vikas_sadan_cron_output.csv with Timestamp: 2024-01-25 07:00:00
2024-01-25 01:52:52,223 - __main__ - INFO - Calling writeData & retrain_model functions.
2024-01-25 01:52:52,229 - __main__ - INFO - df_api columns Index(['AQI'], dtype='object')
2024-01-25 01:52:52,230 - __main__ - INFO - today=> 2024-01-25 & yesterday=> 2024-01-24
2024-01-25 01:52:52,232 - __main__ - INFO - temp_daily_aqi columns Index(['Unnamed: 0', 'Date', 'AQI'], dtype='object')
2024-01-25 01:52:52,234 - __main__ - INFO - temp_daily_aqi[2024-01-24]=> Empty DataFrame
Columns: [Unnamed: 0, AQI]
Index: []
2024-01-25 01:52:52,235 - __main__ - INFO - Index => 1420, yesterday => 2024-01-24 & AQI => 326.0
2024-01-25 01:52:52,235 - __main__ - INFO - Daily AQI data has been written to data/cleaned_data/Forecasting_time_series/sector_51_daily_aqi.csv
2024-01-25 01:52:52,235 - __main__ - INFO - Index => 1420, yesterday => 2024-01-24 & AQI => 326.0
2024-01-25 01:52:52,236 - __main__ - INFO - Daily AQI data has been written to static/data/sector_51_daily_aqi.csv
2024-01-25 01:52:52,240 - __main__ - INFO - Re-training the model & train_end is 2024-01-19 00:00:00
2024-01-25 01:52:53,800 - __main__ - INFO - Retrained the model & MAPE is 29.91%
2024-01-25 01:52:53,800 - __main__ - INFO - Retrained the model & MAE is 87.23193173817444%
2024-01-25 01:52:55,370 - __main__ - INFO - Forecast=> 2024-01-25    304.617107
2024-01-26    301.193829
2024-01-27    292.240372
2024-01-28    272.298338
2024-01-29    269.113901
Freq: D, Name: predicted_mean, dtype: float64
2024-01-25 01:52:55,370 - __main__ - INFO - The forecast data has been written to data/cleaned_data/Forecasting_time_series/forecast_sector_51_daily_aqi.csv
2024-01-25 01:52:55,371 - __main__ - INFO - The forecast data has been written to static/data/forecast_sector_51_daily_aqi.csv
2024-01-25 03:07:15,909 - __main__ - INFO - station=> nise gwal, result => ['159', 'NISE Gwal Pahari, Gurugram, India', Timestamp('2024-01-25 08:00:00')]
2024-01-25 03:07:15,909 - __main__ - INFO - The hourly data has been written to data/cron_job_data/nise_cron_output.csv with Timestamp: 2024-01-25 08:00:00
2024-01-25 03:07:16,612 - __main__ - INFO - station=> Sector-51, Gurugram, result => ['164', 'Sector-51, Gurugram, India', Timestamp('2024-01-25 08:00:00')]
2024-01-25 03:07:16,613 - __main__ - INFO - The hourly data has been written to data/cron_job_data/sector_51_cron_output.csv with Timestamp: 2024-01-25 08:00:00
2024-01-25 03:07:17,299 - __main__ - INFO - station=> Sector-51, Gurugram, result => ['164', 'Sector-51, Gurugram, India', Timestamp('2024-01-25 08:00:00')]
2024-01-25 03:07:17,299 - __main__ - INFO - The hourly data has been written to static/data/sector_51_cron_output.csv with Timestamp: 2024-01-25 08:00:00
2024-01-25 03:07:18,026 - __main__ - INFO - station=> Teri Gram, result => ['163', 'Teri Gram, Gurugram, India', Timestamp('2024-01-25 08:00:00')]
2024-01-25 03:07:18,027 - __main__ - INFO - The hourly data has been written to data/cron_job_data/teri_gram_cron_output.csv with Timestamp: 2024-01-25 08:00:00
2024-01-25 03:07:18,711 - __main__ - INFO - station=> Vikas Sadan, result => ['92', 'Vikas Sadan Gurgaon, Gurgaon, India', Timestamp('2024-01-25 08:00:00')]
2024-01-25 03:07:18,711 - __main__ - INFO - The hourly data has been written to data/cron_job_data/vikas_sadan_cron_output.csv with Timestamp: 2024-01-25 08:00:00
2024-01-25 04:08:17,634 - __main__ - INFO - station=> Sector-51, Gurugram, result => ['167', 'Sector-51, Gurugram, India', Timestamp('2024-01-25 09:00:00')]
2024-01-25 04:08:17,634 - __main__ - INFO - The hourly data has been written to data/cron_job_data/sector_51_cron_output.csv with Timestamp: 2024-01-25 09:00:00
2024-01-25 04:08:18,288 - __main__ - INFO - station=> Sector-51, Gurugram, result => ['167', 'Sector-51, Gurugram, India', Timestamp('2024-01-25 09:00:00')]
2024-01-25 04:08:18,288 - __main__ - INFO - The hourly data has been written to static/data/sector_51_cron_output.csv with Timestamp: 2024-01-25 09:00:00
2024-01-25 04:08:18,935 - __main__ - INFO - station=> Teri Gram, result => ['157', 'Teri Gram, Gurugram, India', Timestamp('2024-01-25 09:00:00')]
2024-01-25 04:08:18,935 - __main__ - INFO - The hourly data has been written to data/cron_job_data/teri_gram_cron_output.csv with Timestamp: 2024-01-25 09:00:00
2024-01-25 04:08:19,605 - __main__ - INFO - station=> Vikas Sadan, result => ['72', 'Vikas Sadan Gurgaon, Gurgaon, India', Timestamp('2024-01-25 09:00:00')]
2024-01-25 04:08:19,605 - __main__ - INFO - The hourly data has been written to data/cron_job_data/vikas_sadan_cron_output.csv with Timestamp: 2024-01-25 09:00:00
2024-01-25 05:05:23,250 - __main__ - INFO - station=> Sector-51, Gurugram, result => ['172', 'Sector-51, Gurugram, India', Timestamp('2024-01-25 10:00:00')]
2024-01-25 05:05:23,251 - __main__ - INFO - The hourly data has been written to data/cron_job_data/sector_51_cron_output.csv with Timestamp: 2024-01-25 10:00:00
2024-01-25 05:05:23,725 - __main__ - INFO - station=> Sector-51, Gurugram, result => ['172', 'Sector-51, Gurugram, India', Timestamp('2024-01-25 10:00:00')]
2024-01-25 05:05:23,725 - __main__ - INFO - The hourly data has been written to static/data/sector_51_cron_output.csv with Timestamp: 2024-01-25 10:00:00
2024-01-25 05:05:24,205 - __main__ - INFO - station=> Teri Gram, result => ['159', 'Teri Gram, Gurugram, India', Timestamp('2024-01-25 10:00:00')]
2024-01-25 05:05:24,205 - __main__ - INFO - The hourly data has been written to data/cron_job_data/teri_gram_cron_output.csv with Timestamp: 2024-01-25 10:00:00
2024-01-25 05:05:24,678 - __main__ - INFO - station=> Vikas Sadan, result => ['60', 'Vikas Sadan Gurgaon, Gurgaon, India', Timestamp('2024-01-25 10:00:00')]
2024-01-25 05:05:24,678 - __main__ - INFO - The hourly data has been written to data/cron_job_data/vikas_sadan_cron_output.csv with Timestamp: 2024-01-25 10:00:00
2024-01-25 06:09:01,217 - __main__ - INFO - station=> nise gwal, result => ['154', 'NISE Gwal Pahari, Gurugram, India', Timestamp('2024-01-25 09:00:00')]
2024-01-25 06:09:01,217 - __main__ - INFO - The hourly data has been written to data/cron_job_data/nise_cron_output.csv with Timestamp: 2024-01-25 09:00:00
2024-01-25 06:09:02,650 - __main__ - INFO - station=> Teri Gram, result => ['174', 'Teri Gram, Gurugram, India', Timestamp('2024-01-25 11:00:00')]
2024-01-25 06:09:02,651 - __main__ - INFO - The hourly data has been written to data/cron_job_data/teri_gram_cron_output.csv with Timestamp: 2024-01-25 11:00:00
2024-01-25 07:04:27,588 - __main__ - INFO - station=> Sector-51, Gurugram, result => ['196', 'Sector-51, Gurugram, India', Timestamp('2024-01-25 12:00:00')]
2024-01-25 07:04:27,588 - __main__ - INFO - The hourly data has been written to data/cron_job_data/sector_51_cron_output.csv with Timestamp: 2024-01-25 12:00:00
2024-01-25 07:04:28,063 - __main__ - INFO - station=> Sector-51, Gurugram, result => ['196', 'Sector-51, Gurugram, India', Timestamp('2024-01-25 12:00:00')]
2024-01-25 07:04:28,063 - __main__ - INFO - The hourly data has been written to static/data/sector_51_cron_output.csv with Timestamp: 2024-01-25 12:00:00
2024-01-25 07:04:28,540 - __main__ - INFO - station=> Teri Gram, result => ['187', 'Teri Gram, Gurugram, India', Timestamp('2024-01-25 12:00:00')]
2024-01-25 07:04:28,540 - __main__ - INFO - The hourly data has been written to data/cron_job_data/teri_gram_cron_output.csv with Timestamp: 2024-01-25 12:00:00
2024-01-25 07:04:29,028 - __main__ - INFO - station=> Vikas Sadan, result => ['138', 'Vikas Sadan Gurgaon, Gurgaon, India', Timestamp('2024-01-25 12:00:00')]
2024-01-25 07:04:29,028 - __main__ - INFO - The hourly data has been written to data/cron_job_data/vikas_sadan_cron_output.csv with Timestamp: 2024-01-25 12:00:00
2024-01-25 08:09:00,794 - __main__ - INFO - station=> Sector-51, Gurugram, result => ['269', 'Sector-51, Gurugram, India', Timestamp('2024-01-25 13:00:00')]
2024-01-25 08:09:00,795 - __main__ - INFO - The hourly data has been written to data/cron_job_data/sector_51_cron_output.csv with Timestamp: 2024-01-25 13:00:00
2024-01-25 08:09:01,489 - __main__ - INFO - station=> Sector-51, Gurugram, result => ['269', 'Sector-51, Gurugram, India', Timestamp('2024-01-25 13:00:00')]
2024-01-25 08:09:01,489 - __main__ - INFO - The hourly data has been written to static/data/sector_51_cron_output.csv with Timestamp: 2024-01-25 13:00:00
2024-01-25 08:09:02,203 - __main__ - INFO - station=> Teri Gram, result => ['200', 'Teri Gram, Gurugram, India', Timestamp('2024-01-25 13:00:00')]
2024-01-25 08:09:02,203 - __main__ - INFO - The hourly data has been written to data/cron_job_data/teri_gram_cron_output.csv with Timestamp: 2024-01-25 13:00:00
2024-01-25 08:09:02,893 - __main__ - INFO - station=> Vikas Sadan, result => ['152', 'Vikas Sadan Gurgaon, Gurgaon, India', Timestamp('2024-01-25 13:00:00')]
2024-01-25 08:09:02,893 - __main__ - INFO - The hourly data has been written to data/cron_job_data/vikas_sadan_cron_output.csv with Timestamp: 2024-01-25 13:00:00
2024-01-25 09:05:12,383 - __main__ - INFO - station=> Sector-51, Gurugram, result => ['354', 'Sector-51, Gurugram, India', Timestamp('2024-01-25 14:00:00')]
2024-01-25 09:05:12,383 - __main__ - INFO - The hourly data has been written to data/cron_job_data/sector_51_cron_output.csv with Timestamp: 2024-01-25 14:00:00
2024-01-25 09:05:13,057 - __main__ - INFO - station=> Sector-51, Gurugram, result => ['354', 'Sector-51, Gurugram, India', Timestamp('2024-01-25 14:00:00')]
2024-01-25 09:05:13,057 - __main__ - INFO - The hourly data has been written to static/data/sector_51_cron_output.csv with Timestamp: 2024-01-25 14:00:00
2024-01-25 09:05:13,705 - __main__ - INFO - station=> Teri Gram, result => ['208', 'Teri Gram, Gurugram, India', Timestamp('2024-01-25 14:00:00')]
2024-01-25 09:05:13,705 - __main__ - INFO - The hourly data has been written to data/cron_job_data/teri_gram_cron_output.csv with Timestamp: 2024-01-25 14:00:00
2024-01-25 09:05:14,363 - __main__ - INFO - station=> Vikas Sadan, result => ['160', 'Vikas Sadan Gurgaon, Gurgaon, India', Timestamp('2024-01-25 14:00:00')]
2024-01-25 09:05:14,364 - __main__ - INFO - The hourly data has been written to data/cron_job_data/vikas_sadan_cron_output.csv with Timestamp: 2024-01-25 14:00:00
2024-01-25 10:06:56,858 - __main__ - INFO - station=> Sector-51, Gurugram, result => ['234', 'Sector-51, Gurugram, India', Timestamp('2024-01-25 15:00:00')]
2024-01-25 10:06:56,858 - __main__ - INFO - The hourly data has been written to data/cron_job_data/sector_51_cron_output.csv with Timestamp: 2024-01-25 15:00:00
2024-01-25 10:06:57,550 - __main__ - INFO - station=> Sector-51, Gurugram, result => ['234', 'Sector-51, Gurugram, India', Timestamp('2024-01-25 15:00:00')]
2024-01-25 10:06:57,550 - __main__ - INFO - The hourly data has been written to static/data/sector_51_cron_output.csv with Timestamp: 2024-01-25 15:00:00
2024-01-25 10:06:58,228 - __main__ - INFO - station=> Teri Gram, result => ['204', 'Teri Gram, Gurugram, India', Timestamp('2024-01-25 15:00:00')]
2024-01-25 10:06:58,228 - __main__ - INFO - The hourly data has been written to data/cron_job_data/teri_gram_cron_output.csv with Timestamp: 2024-01-25 15:00:00
2024-01-25 10:06:58,913 - __main__ - INFO - station=> Vikas Sadan, result => ['183', 'Vikas Sadan Gurgaon, Gurgaon, India', Timestamp('2024-01-25 15:00:00')]
2024-01-25 10:06:58,913 - __main__ - INFO - The hourly data has been written to data/cron_job_data/vikas_sadan_cron_output.csv with Timestamp: 2024-01-25 15:00:00
2024-01-25 12:11:15,832 - __main__ - INFO - station=> nise gwal, result => ['183', 'NISE Gwal Pahari, Gurugram, India', Timestamp('2024-01-25 12:00:00')]
2024-01-25 12:11:15,833 - __main__ - INFO - The hourly data has been written to data/cron_job_data/nise_cron_output.csv with Timestamp: 2024-01-25 12:00:00
2024-01-25 12:11:16,524 - __main__ - INFO - station=> Sector-51, Gurugram, result => ['193', 'Sector-51, Gurugram, India', Timestamp('2024-01-25 17:00:00')]
2024-01-25 12:11:16,524 - __main__ - INFO - The hourly data has been written to data/cron_job_data/sector_51_cron_output.csv with Timestamp: 2024-01-25 17:00:00
2024-01-25 12:11:17,213 - __main__ - INFO - station=> Sector-51, Gurugram, result => ['193', 'Sector-51, Gurugram, India', Timestamp('2024-01-25 17:00:00')]
2024-01-25 12:11:17,213 - __main__ - INFO - The hourly data has been written to static/data/sector_51_cron_output.csv with Timestamp: 2024-01-25 17:00:00
2024-01-25 12:11:17,906 - __main__ - INFO - station=> Teri Gram, result => ['185', 'Teri Gram, Gurugram, India', Timestamp('2024-01-25 17:00:00')]
2024-01-25 12:11:17,906 - __main__ - INFO - The hourly data has been written to data/cron_job_data/teri_gram_cron_output.csv with Timestamp: 2024-01-25 17:00:00
2024-01-25 12:11:18,723 - __main__ - INFO - station=> Vikas Sadan, result => ['163', 'Vikas Sadan Gurgaon, Gurgaon, India', Timestamp('2024-01-25 17:00:00')]
2024-01-25 12:11:18,723 - __main__ - INFO - The hourly data has been written to data/cron_job_data/vikas_sadan_cron_output.csv with Timestamp: 2024-01-25 17:00:00
2024-01-25 13:10:10,473 - __main__ - INFO - station=> Sector-51, Gurugram, result => ['192', 'Sector-51, Gurugram, India', Timestamp('2024-01-25 18:00:00')]
2024-01-25 13:10:10,473 - __main__ - INFO - The hourly data has been written to data/cron_job_data/sector_51_cron_output.csv with Timestamp: 2024-01-25 18:00:00
2024-01-25 13:10:11,179 - __main__ - INFO - station=> Sector-51, Gurugram, result => ['192', 'Sector-51, Gurugram, India', Timestamp('2024-01-25 18:00:00')]
2024-01-25 13:10:11,179 - __main__ - INFO - The hourly data has been written to static/data/sector_51_cron_output.csv with Timestamp: 2024-01-25 18:00:00
2024-01-25 13:10:11,894 - __main__ - INFO - station=> Teri Gram, result => ['183', 'Teri Gram, Gurugram, India', Timestamp('2024-01-25 18:00:00')]
2024-01-25 13:10:11,894 - __main__ - INFO - The hourly data has been written to data/cron_job_data/teri_gram_cron_output.csv with Timestamp: 2024-01-25 18:00:00
2024-01-25 13:10:12,601 - __main__ - INFO - station=> Vikas Sadan, result => ['168', 'Vikas Sadan Gurgaon, Gurgaon, India', Timestamp('2024-01-25 18:00:00')]
2024-01-25 13:10:12,601 - __main__ - INFO - The hourly data has been written to data/cron_job_data/vikas_sadan_cron_output.csv with Timestamp: 2024-01-25 18:00:00
2024-01-25 15:05:37,776 - __main__ - INFO - station=> Sector-51, Gurugram, result => ['372', 'Sector-51, Gurugram, India', Timestamp('2024-01-25 20:00:00')]
2024-01-25 15:05:37,776 - __main__ - INFO - The hourly data has been written to data/cron_job_data/sector_51_cron_output.csv with Timestamp: 2024-01-25 20:00:00
2024-01-25 15:05:38,405 - __main__ - INFO - station=> Sector-51, Gurugram, result => ['372', 'Sector-51, Gurugram, India', Timestamp('2024-01-25 20:00:00')]
2024-01-25 15:05:38,405 - __main__ - INFO - The hourly data has been written to static/data/sector_51_cron_output.csv with Timestamp: 2024-01-25 20:00:00
2024-01-25 15:05:39,036 - __main__ - INFO - station=> Teri Gram, result => ['188', 'Teri Gram, Gurugram, India', Timestamp('2024-01-25 20:00:00')]
2024-01-25 15:05:39,036 - __main__ - INFO - The hourly data has been written to data/cron_job_data/teri_gram_cron_output.csv with Timestamp: 2024-01-25 20:00:00
2024-01-25 15:05:39,679 - __main__ - INFO - station=> Vikas Sadan, result => ['169', 'Vikas Sadan Gurgaon, Gurgaon, India', Timestamp('2024-01-25 20:00:00')]
2024-01-25 15:05:39,679 - __main__ - INFO - The hourly data has been written to data/cron_job_data/vikas_sadan_cron_output.csv with Timestamp: 2024-01-25 20:00:00
2024-01-25 17:04:09,597 - __main__ - INFO - station=> nise gwal, result => ['199', 'NISE Gwal Pahari, Gurugram, India', Timestamp('2024-01-25 17:00:00')]
2024-01-25 17:04:09,598 - __main__ - INFO - The hourly data has been written to data/cron_job_data/nise_cron_output.csv with Timestamp: 2024-01-25 17:00:00
2024-01-25 17:04:10,075 - __main__ - INFO - station=> Sector-51, Gurugram, result => ['418', 'Sector-51, Gurugram, India', Timestamp('2024-01-25 22:00:00')]
2024-01-25 17:04:10,075 - __main__ - INFO - The hourly data has been written to data/cron_job_data/sector_51_cron_output.csv with Timestamp: 2024-01-25 22:00:00
2024-01-25 17:04:10,552 - __main__ - INFO - station=> Sector-51, Gurugram, result => ['418', 'Sector-51, Gurugram, India', Timestamp('2024-01-25 22:00:00')]
2024-01-25 17:04:10,552 - __main__ - INFO - The hourly data has been written to static/data/sector_51_cron_output.csv with Timestamp: 2024-01-25 22:00:00
2024-01-25 17:04:11,501 - __main__ - INFO - station=> Vikas Sadan, result => ['194', 'Vikas Sadan Gurgaon, Gurgaon, India', Timestamp('2024-01-25 22:00:00')]
2024-01-25 17:04:11,502 - __main__ - INFO - The hourly data has been written to data/cron_job_data/vikas_sadan_cron_output.csv with Timestamp: 2024-01-25 22:00:00
2024-01-25 18:08:35,286 - __main__ - INFO - station=> nise gwal, result => ['312', 'NISE Gwal Pahari, Gurugram, India', Timestamp('2024-01-25 23:00:00')]
2024-01-25 18:08:35,287 - __main__ - INFO - The hourly data has been written to data/cron_job_data/nise_cron_output.csv with Timestamp: 2024-01-25 23:00:00
2024-01-25 18:08:35,973 - __main__ - INFO - station=> Sector-51, Gurugram, result => ['410', 'Sector-51, Gurugram, India', Timestamp('2024-01-25 23:00:00')]
2024-01-25 18:08:35,973 - __main__ - INFO - The hourly data has been written to data/cron_job_data/sector_51_cron_output.csv with Timestamp: 2024-01-25 23:00:00
2024-01-25 18:08:36,657 - __main__ - INFO - station=> Sector-51, Gurugram, result => ['410', 'Sector-51, Gurugram, India', Timestamp('2024-01-25 23:00:00')]
2024-01-25 18:08:36,657 - __main__ - INFO - The hourly data has been written to static/data/sector_51_cron_output.csv with Timestamp: 2024-01-25 23:00:00
2024-01-25 18:08:38,028 - __main__ - INFO - station=> Vikas Sadan, result => ['198', 'Vikas Sadan Gurgaon, Gurgaon, India', Timestamp('2024-01-25 23:00:00')]
2024-01-25 18:08:38,028 - __main__ - INFO - The hourly data has been written to data/cron_job_data/vikas_sadan_cron_output.csv with Timestamp: 2024-01-25 23:00:00
2024-01-25 19:02:47,817 - __main__ - INFO - station=> nise gwal, result => ['317', 'NISE Gwal Pahari, Gurugram, India', Timestamp('2024-01-26 00:00:00')]
2024-01-25 19:02:47,817 - __main__ - INFO - The hourly data has been written to data/cron_job_data/nise_cron_output.csv with Timestamp: 2024-01-26 00:00:00
2024-01-25 19:02:48,295 - __main__ - INFO - station=> Sector-51, Gurugram, result => ['395', 'Sector-51, Gurugram, India', Timestamp('2024-01-26 00:00:00')]
2024-01-25 19:02:48,295 - __main__ - INFO - The hourly data has been written to data/cron_job_data/sector_51_cron_output.csv with Timestamp: 2024-01-26 00:00:00
2024-01-25 19:02:48,771 - __main__ - INFO - station=> Sector-51, Gurugram, result => ['395', 'Sector-51, Gurugram, India', Timestamp('2024-01-26 00:00:00')]
2024-01-25 19:02:48,771 - __main__ - INFO - The hourly data has been written to static/data/sector_51_cron_output.csv with Timestamp: 2024-01-26 00:00:00
2024-01-25 19:02:49,727 - __main__ - INFO - station=> Vikas Sadan, result => ['203', 'Vikas Sadan Gurgaon, Gurgaon, India', Timestamp('2024-01-26 00:00:00')]
2024-01-25 19:02:49,727 - __main__ - INFO - The hourly data has been written to data/cron_job_data/vikas_sadan_cron_output.csv with Timestamp: 2024-01-26 00:00:00
2024-01-25 20:06:05,133 - __main__ - INFO - station=> nise gwal, result => ['370', 'NISE Gwal Pahari, Gurugram, India', Timestamp('2024-01-26 01:00:00')]
2024-01-25 20:06:05,133 - __main__ - INFO - The hourly data has been written to data/cron_job_data/nise_cron_output.csv with Timestamp: 2024-01-26 01:00:00
2024-01-25 20:06:05,807 - __main__ - INFO - station=> Sector-51, Gurugram, result => ['320', 'Sector-51, Gurugram, India', Timestamp('2024-01-26 01:00:00')]
2024-01-25 20:06:05,807 - __main__ - INFO - The hourly data has been written to data/cron_job_data/sector_51_cron_output.csv with Timestamp: 2024-01-26 01:00:00
2024-01-25 20:06:06,492 - __main__ - INFO - station=> Sector-51, Gurugram, result => ['320', 'Sector-51, Gurugram, India', Timestamp('2024-01-26 01:00:00')]
2024-01-25 20:06:06,493 - __main__ - INFO - The hourly data has been written to static/data/sector_51_cron_output.csv with Timestamp: 2024-01-26 01:00:00
2024-01-25 20:06:07,851 - __main__ - INFO - station=> Vikas Sadan, result => ['204', 'Vikas Sadan Gurgaon, Gurgaon, India', Timestamp('2024-01-26 01:00:00')]
2024-01-25 20:06:07,851 - __main__ - INFO - The hourly data has been written to data/cron_job_data/vikas_sadan_cron_output.csv with Timestamp: 2024-01-26 01:00:00
2024-01-25 21:02:56,193 - __main__ - INFO - station=> nise gwal, result => ['388', 'NISE Gwal Pahari, Gurugram, India', Timestamp('2024-01-26 02:00:00')]
2024-01-25 21:02:56,193 - __main__ - INFO - The hourly data has been written to data/cron_job_data/nise_cron_output.csv with Timestamp: 2024-01-26 02:00:00
2024-01-25 21:02:56,668 - __main__ - INFO - station=> Sector-51, Gurugram, result => ['264', 'Sector-51, Gurugram, India', Timestamp('2024-01-26 02:00:00')]
2024-01-25 21:02:56,668 - __main__ - INFO - The hourly data has been written to data/cron_job_data/sector_51_cron_output.csv with Timestamp: 2024-01-26 02:00:00
2024-01-25 21:02:57,149 - __main__ - INFO - station=> Sector-51, Gurugram, result => ['264', 'Sector-51, Gurugram, India', Timestamp('2024-01-26 02:00:00')]
2024-01-25 21:02:57,149 - __main__ - INFO - The hourly data has been written to static/data/sector_51_cron_output.csv with Timestamp: 2024-01-26 02:00:00
2024-01-25 21:02:58,120 - __main__ - INFO - station=> Vikas Sadan, result => ['200', 'Vikas Sadan Gurgaon, Gurgaon, India', Timestamp('2024-01-26 02:00:00')]
2024-01-25 21:02:58,121 - __main__ - INFO - The hourly data has been written to data/cron_job_data/vikas_sadan_cron_output.csv with Timestamp: 2024-01-26 02:00:00
