2024-03-25 00:31:54,735 - __main__ - INFO - station=> Sector-51, Gurugram, result => ['205', 'Sector-51, Gurugram, India', Timestamp('2024-03-25 05:00:00')]
2024-03-25 00:31:54,735 - __main__ - INFO - The hourly data has been written to data/cron_job_data/sector_51_cron_output.csv with Timestamp: 2024-03-25 05:00:00
2024-03-25 00:31:55,397 - __main__ - INFO - station=> Sector-51, Gurugram, result => ['205', 'Sector-51, Gurugram, India', Timestamp('2024-03-25 05:00:00')]
2024-03-25 00:31:55,397 - __main__ - INFO - The hourly data has been written to static/data/sector_51_cron_output.csv with Timestamp: 2024-03-25 05:00:00
2024-03-25 01:41:40,507 - __main__ - INFO - Calling writeData & retrain_model functions.
2024-03-25 01:41:40,513 - __main__ - INFO - df_api columns Index(['AQI'], dtype='object')
2024-03-25 01:41:40,514 - __main__ - INFO - today=> 2024-03-25 & yesterday=> 2024-03-24
2024-03-25 01:41:40,516 - __main__ - INFO - temp_daily_aqi columns Index(['Unnamed: 0', 'Date', 'AQI'], dtype='object')
2024-03-25 01:41:40,518 - __main__ - INFO - temp_daily_aqi[2024-03-24]=> Empty DataFrame
Columns: [Unnamed: 0, AQI]
Index: []
2024-03-25 01:41:40,519 - __main__ - INFO - Index => 1480, yesterday => 2024-03-24 & AQI => 167.0
2024-03-25 01:41:40,519 - __main__ - INFO - Daily AQI data has been written to data/cleaned_data/Forecasting_time_series/sector_51_daily_aqi.csv
2024-03-25 01:41:40,519 - __main__ - INFO - Index => 1480, yesterday => 2024-03-24 & AQI => 167.0
2024-03-25 01:41:40,520 - __main__ - INFO - Daily AQI data has been written to static/data/sector_51_daily_aqi.csv
2024-03-25 01:41:40,524 - __main__ - INFO - Re-training the model & train_end is 2024-03-19 00:00:00
2024-03-25 01:41:42,122 - __main__ - INFO - Retrained the model & MAPE is 17.73%
2024-03-25 01:41:42,123 - __main__ - INFO - Retrained the model & MAE is 41.885085897861295%
2024-03-25 01:41:43,409 - __main__ - INFO - Forecast=> 2024-03-25    181.970147
2024-03-26    186.933402
2024-03-27    189.015596
2024-03-28    195.135619
2024-03-29    203.252245
Freq: D, Name: predicted_mean, dtype: float64
2024-03-25 01:41:43,412 - __main__ - INFO - The forecast data has been written to data/cleaned_data/Forecasting_time_series/forecast_sector_51_daily_aqi.csv
2024-03-25 01:41:43,412 - __main__ - INFO - The forecast data has been written to static/data/forecast_sector_51_daily_aqi.csv
2024-03-25 06:10:13,254 - __main__ - INFO - station=> Sector-51, Gurugram, result => ['205', 'Sector-51, Gurugram, India', Timestamp('2024-03-25 06:00:00')]
2024-03-25 06:10:13,255 - __main__ - INFO - The hourly data has been written to data/cron_job_data/sector_51_cron_output.csv with Timestamp: 2024-03-25 06:00:00
2024-03-25 06:10:13,720 - __main__ - INFO - station=> Sector-51, Gurugram, result => ['205', 'Sector-51, Gurugram, India', Timestamp('2024-03-25 06:00:00')]
2024-03-25 06:10:13,721 - __main__ - INFO - The hourly data has been written to static/data/sector_51_cron_output.csv with Timestamp: 2024-03-25 06:00:00
