2024-04-25 01:44:37,676 - __main__ - INFO - Calling writeData & retrain_model functions.
2024-04-25 01:44:37,683 - __main__ - INFO - df_api columns Index(['AQI'], dtype='object')
2024-04-25 01:44:37,683 - __main__ - INFO - today=> 2024-04-25 & yesterday=> 2024-04-24
2024-04-25 01:44:37,685 - __main__ - INFO - temp_daily_aqi columns Index(['Unnamed: 0', 'Date', 'AQI'], dtype='object')
2024-04-25 01:44:37,687 - __main__ - INFO - temp_daily_aqi[2024-04-24]=> Empty DataFrame
Columns: [Unnamed: 0, AQI]
Index: []
2024-04-25 01:44:37,688 - __main__ - INFO - Index => 1511, yesterday => 2024-04-24 & AQI => 182.0
2024-04-25 01:44:37,688 - __main__ - INFO - Daily AQI data has been written to data/cleaned_data/Forecasting_time_series/sector_51_daily_aqi.csv
2024-04-25 01:44:37,689 - __main__ - INFO - Index => 1511, yesterday => 2024-04-24 & AQI => 182.0
2024-04-25 01:44:37,689 - __main__ - INFO - Daily AQI data has been written to static/data/sector_51_daily_aqi.csv
2024-04-25 01:44:37,693 - __main__ - INFO - Re-training the model & train_end is 2024-04-19 00:00:00
2024-04-25 01:44:38,835 - __main__ - INFO - Retrained the model & MAPE is 18.38%
2024-04-25 01:44:38,835 - __main__ - INFO - Retrained the model & MAE is 63.03897766469663%
2024-04-25 01:44:40,112 - __main__ - INFO - Forecast=> 2024-04-25    192.660234
2024-04-26    200.927426
2024-04-27    220.913658
2024-04-28    195.103810
2024-04-29    198.803281
Freq: D, Name: predicted_mean, dtype: float64
2024-04-25 01:44:40,113 - __main__ - INFO - The forecast data has been written to data/cleaned_data/Forecasting_time_series/forecast_sector_51_daily_aqi.csv
2024-04-25 01:44:40,113 - __main__ - INFO - The forecast data has been written to static/data/forecast_sector_51_daily_aqi.csv
2024-04-25 04:09:07,815 - __main__ - INFO - station=> Sector-51, Gurugram, result => ['433', 'Sector-51, Gurugram, India', Timestamp('2024-04-25 09:00:00')]
2024-04-25 04:09:07,815 - __main__ - INFO - The hourly data has been written to data/cron_job_data/sector_51_cron_output.csv with Timestamp: 2024-04-25 09:00:00
2024-04-25 04:09:08,496 - __main__ - INFO - station=> Sector-51, Gurugram, result => ['433', 'Sector-51, Gurugram, India', Timestamp('2024-04-25 09:00:00')]
2024-04-25 04:09:08,496 - __main__ - INFO - The hourly data has been written to static/data/sector_51_cron_output.csv with Timestamp: 2024-04-25 09:00:00
2024-04-25 08:09:27,675 - __main__ - INFO - station=> Sector-51, Gurugram, result => ['188', 'Sector-51, Gurugram, India', Timestamp('2024-04-25 13:00:00')]
2024-04-25 08:09:27,675 - __main__ - INFO - The hourly data has been written to data/cron_job_data/sector_51_cron_output.csv with Timestamp: 2024-04-25 13:00:00
2024-04-25 08:09:28,367 - __main__ - INFO - station=> Sector-51, Gurugram, result => ['188', 'Sector-51, Gurugram, India', Timestamp('2024-04-25 13:00:00')]
2024-04-25 08:09:28,367 - __main__ - INFO - The hourly data has been written to static/data/sector_51_cron_output.csv with Timestamp: 2024-04-25 13:00:00
