2024-05-25 00:31:29,428 - __main__ - INFO - station=> Sector-51, Gurugram, result => ['161', 'Sector-51, Gurugram, India', Timestamp('2024-05-25 05:00:00')]
2024-05-25 00:31:29,428 - __main__ - INFO - The hourly data has been written to data/cron_job_data/sector_51_cron_output.csv with Timestamp: 2024-05-25 05:00:00
2024-05-25 00:31:29,931 - __main__ - INFO - station=> Sector-51, Gurugram, result => ['161', 'Sector-51, Gurugram, India', Timestamp('2024-05-25 05:00:00')]
2024-05-25 00:31:29,931 - __main__ - INFO - The hourly data has been written to static/data/sector_51_cron_output.csv with Timestamp: 2024-05-25 05:00:00
2024-05-25 01:45:19,392 - __main__ - INFO - station=> Sector-51, Gurugram, result => ['160', 'Sector-51, Gurugram, India', Timestamp('2024-05-25 06:00:00')]
2024-05-25 01:45:19,392 - __main__ - INFO - The hourly data has been written to data/cron_job_data/sector_51_cron_output.csv with Timestamp: 2024-05-25 06:00:00
2024-05-25 01:45:20,026 - __main__ - INFO - station=> Sector-51, Gurugram, result => ['160', 'Sector-51, Gurugram, India', Timestamp('2024-05-25 06:00:00')]
2024-05-25 01:45:20,026 - __main__ - INFO - The hourly data has been written to static/data/sector_51_cron_output.csv with Timestamp: 2024-05-25 06:00:00
2024-05-25 01:45:20,026 - __main__ - INFO - Calling writeData & retrain_model functions.
2024-05-25 01:45:20,034 - __main__ - INFO - df_api columns Index(['AQI'], dtype='object')
2024-05-25 01:45:20,034 - __main__ - INFO - today=> 2024-05-25 & yesterday=> 2024-05-24
2024-05-25 01:45:20,036 - __main__ - INFO - temp_daily_aqi columns Index(['Unnamed: 0', 'Date', 'AQI'], dtype='object')
2024-05-25 01:45:20,038 - __main__ - INFO - temp_daily_aqi[2024-05-24]=> Empty DataFrame
Columns: [Unnamed: 0, AQI]
Index: []
2024-05-25 01:45:20,039 - __main__ - INFO - Index => 1541, yesterday => 2024-05-24 & AQI => 138.0
2024-05-25 01:45:20,039 - __main__ - INFO - Daily AQI data has been written to data/cleaned_data/Forecasting_time_series/sector_51_daily_aqi.csv
2024-05-25 01:45:20,040 - __main__ - INFO - Index => 1541, yesterday => 2024-05-24 & AQI => 138.0
2024-05-25 01:45:20,040 - __main__ - INFO - Daily AQI data has been written to static/data/sector_51_daily_aqi.csv
2024-05-25 01:45:20,044 - __main__ - INFO - Re-training the model & train_end is 2024-05-19 00:00:00
2024-05-25 01:45:21,217 - __main__ - INFO - Retrained the model & MAPE is 31.4%
2024-05-25 01:45:21,218 - __main__ - INFO - Retrained the model & MAE is 46.86481952206131
2024-05-25 01:45:22,515 - __main__ - INFO - Forecast=> 2024-05-25    176.441307
2024-05-26    154.439268
2024-05-27    163.238794
2024-05-28    165.787979
2024-05-29    175.096386
Freq: D, Name: predicted_mean, dtype: float64
2024-05-25 01:45:22,516 - __main__ - INFO - The forecast data has been written to data/cleaned_data/Forecasting_time_series/forecast_sector_51_daily_aqi.csv
2024-05-25 01:45:22,538 - __main__ - INFO - The forecast data has been written to static/data/forecast_sector_51_daily_aqi.csv
2024-05-25 03:09:31,179 - __main__ - INFO - station=> Sector-51, Gurugram, result => ['163', 'Sector-51, Gurugram, India', Timestamp('2024-05-25 07:00:00')]
2024-05-25 03:09:31,179 - __main__ - INFO - The hourly data has been written to data/cron_job_data/sector_51_cron_output.csv with Timestamp: 2024-05-25 07:00:00
2024-05-25 03:09:31,827 - __main__ - INFO - station=> Sector-51, Gurugram, result => ['163', 'Sector-51, Gurugram, India', Timestamp('2024-05-25 07:00:00')]
2024-05-25 03:09:31,827 - __main__ - INFO - The hourly data has been written to static/data/sector_51_cron_output.csv with Timestamp: 2024-05-25 07:00:00
2024-05-25 04:09:00,526 - __main__ - INFO - station=> Sector-51, Gurugram, result => ['173', 'Sector-51, Gurugram, India', Timestamp('2024-05-25 09:00:00')]
2024-05-25 04:09:00,527 - __main__ - INFO - The hourly data has been written to data/cron_job_data/sector_51_cron_output.csv with Timestamp: 2024-05-25 09:00:00
2024-05-25 04:09:01,210 - __main__ - INFO - station=> Sector-51, Gurugram, result => ['173', 'Sector-51, Gurugram, India', Timestamp('2024-05-25 09:00:00')]
2024-05-25 04:09:01,210 - __main__ - INFO - The hourly data has been written to static/data/sector_51_cron_output.csv with Timestamp: 2024-05-25 09:00:00
2024-05-25 05:07:27,823 - __main__ - INFO - station=> Sector-51, Gurugram, result => ['177', 'Sector-51, Gurugram, India', Timestamp('2024-05-25 10:00:00')]
2024-05-25 05:07:27,823 - __main__ - INFO - The hourly data has been written to data/cron_job_data/sector_51_cron_output.csv with Timestamp: 2024-05-25 10:00:00
2024-05-25 05:07:28,286 - __main__ - INFO - station=> Sector-51, Gurugram, result => ['177', 'Sector-51, Gurugram, India', Timestamp('2024-05-25 10:00:00')]
2024-05-25 05:07:28,287 - __main__ - INFO - The hourly data has been written to static/data/sector_51_cron_output.csv with Timestamp: 2024-05-25 10:00:00
2024-05-25 06:10:22,252 - __main__ - INFO - station=> Sector-51, Gurugram, result => ['170', 'Sector-51, Gurugram, India', Timestamp('2024-05-25 11:00:00')]
2024-05-25 06:10:22,252 - __main__ - INFO - The hourly data has been written to data/cron_job_data/sector_51_cron_output.csv with Timestamp: 2024-05-25 11:00:00
2024-05-25 06:10:22,924 - __main__ - INFO - station=> Sector-51, Gurugram, result => ['170', 'Sector-51, Gurugram, India', Timestamp('2024-05-25 11:00:00')]
2024-05-25 06:10:22,924 - __main__ - INFO - The hourly data has been written to static/data/sector_51_cron_output.csv with Timestamp: 2024-05-25 11:00:00
2024-05-25 07:05:18,906 - __main__ - INFO - station=> Sector-51, Gurugram, result => ['166', 'Sector-51, Gurugram, India', Timestamp('2024-05-25 12:00:00')]
2024-05-25 07:05:18,906 - __main__ - INFO - The hourly data has been written to data/cron_job_data/sector_51_cron_output.csv with Timestamp: 2024-05-25 12:00:00
2024-05-25 07:05:19,539 - __main__ - INFO - station=> Sector-51, Gurugram, result => ['166', 'Sector-51, Gurugram, India', Timestamp('2024-05-25 12:00:00')]
2024-05-25 07:05:19,539 - __main__ - INFO - The hourly data has been written to static/data/sector_51_cron_output.csv with Timestamp: 2024-05-25 12:00:00
2024-05-25 08:08:57,887 - __main__ - INFO - station=> Sector-51, Gurugram, result => ['152', 'Sector-51, Gurugram, India', Timestamp('2024-05-25 13:00:00')]
2024-05-25 08:08:57,887 - __main__ - INFO - The hourly data has been written to data/cron_job_data/sector_51_cron_output.csv with Timestamp: 2024-05-25 13:00:00
2024-05-25 08:08:58,552 - __main__ - INFO - station=> Sector-51, Gurugram, result => ['152', 'Sector-51, Gurugram, India', Timestamp('2024-05-25 13:00:00')]
2024-05-25 08:08:58,552 - __main__ - INFO - The hourly data has been written to static/data/sector_51_cron_output.csv with Timestamp: 2024-05-25 13:00:00
2024-05-25 09:07:35,373 - __main__ - INFO - station=> Sector-51, Gurugram, result => ['155', 'Sector-51, Gurugram, India', Timestamp('2024-05-25 14:00:00')]
2024-05-25 09:07:35,373 - __main__ - INFO - The hourly data has been written to data/cron_job_data/sector_51_cron_output.csv with Timestamp: 2024-05-25 14:00:00
2024-05-25 09:07:36,057 - __main__ - INFO - station=> Sector-51, Gurugram, result => ['155', 'Sector-51, Gurugram, India', Timestamp('2024-05-25 14:00:00')]
2024-05-25 09:07:36,057 - __main__ - INFO - The hourly data has been written to static/data/sector_51_cron_output.csv with Timestamp: 2024-05-25 14:00:00
2024-05-25 10:08:11,636 - __main__ - INFO - station=> Sector-51, Gurugram, result => ['149', 'Sector-51, Gurugram, India', Timestamp('2024-05-25 15:00:00')]
2024-05-25 10:08:11,636 - __main__ - INFO - The hourly data has been written to data/cron_job_data/sector_51_cron_output.csv with Timestamp: 2024-05-25 15:00:00
2024-05-25 10:08:12,315 - __main__ - INFO - station=> Sector-51, Gurugram, result => ['149', 'Sector-51, Gurugram, India', Timestamp('2024-05-25 15:00:00')]
2024-05-25 10:08:12,315 - __main__ - INFO - The hourly data has been written to static/data/sector_51_cron_output.csv with Timestamp: 2024-05-25 15:00:00
2024-05-25 11:06:51,254 - __main__ - INFO - station=> Sector-51, Gurugram, result => ['151', 'Sector-51, Gurugram, India', Timestamp('2024-05-25 16:00:00')]
2024-05-25 11:06:51,254 - __main__ - INFO - The hourly data has been written to data/cron_job_data/sector_51_cron_output.csv with Timestamp: 2024-05-25 16:00:00
2024-05-25 11:06:51,720 - __main__ - INFO - station=> Sector-51, Gurugram, result => ['151', 'Sector-51, Gurugram, India', Timestamp('2024-05-25 16:00:00')]
2024-05-25 11:06:51,720 - __main__ - INFO - The hourly data has been written to static/data/sector_51_cron_output.csv with Timestamp: 2024-05-25 16:00:00
2024-05-25 12:11:36,153 - __main__ - INFO - station=> Sector-51, Gurugram, result => ['153', 'Sector-51, Gurugram, India', Timestamp('2024-05-25 17:00:00')]
2024-05-25 12:11:36,153 - __main__ - INFO - The hourly data has been written to data/cron_job_data/sector_51_cron_output.csv with Timestamp: 2024-05-25 17:00:00
2024-05-25 12:11:36,816 - __main__ - INFO - station=> Sector-51, Gurugram, result => ['153', 'Sector-51, Gurugram, India', Timestamp('2024-05-25 17:00:00')]
2024-05-25 12:11:36,816 - __main__ - INFO - The hourly data has been written to static/data/sector_51_cron_output.csv with Timestamp: 2024-05-25 17:00:00
2024-05-25 13:06:51,075 - __main__ - INFO - station=> Sector-51, Gurugram, result => ['152', 'Sector-51, Gurugram, India', Timestamp('2024-05-25 18:00:00')]
2024-05-25 13:06:51,075 - __main__ - INFO - The hourly data has been written to data/cron_job_data/sector_51_cron_output.csv with Timestamp: 2024-05-25 18:00:00
2024-05-25 13:06:51,744 - __main__ - INFO - station=> Sector-51, Gurugram, result => ['152', 'Sector-51, Gurugram, India', Timestamp('2024-05-25 18:00:00')]
2024-05-25 13:06:51,744 - __main__ - INFO - The hourly data has been written to static/data/sector_51_cron_output.csv with Timestamp: 2024-05-25 18:00:00
2024-05-25 14:04:54,561 - __main__ - INFO - station=> Sector-51, Gurugram, result => ['152', 'Sector-51, Gurugram, India', Timestamp('2024-05-25 19:00:00')]
2024-05-25 14:04:54,561 - __main__ - INFO - The hourly data has been written to data/cron_job_data/sector_51_cron_output.csv with Timestamp: 2024-05-25 19:00:00
2024-05-25 14:04:55,034 - __main__ - INFO - station=> Sector-51, Gurugram, result => ['152', 'Sector-51, Gurugram, India', Timestamp('2024-05-25 19:00:00')]
2024-05-25 14:04:55,034 - __main__ - INFO - The hourly data has been written to static/data/sector_51_cron_output.csv with Timestamp: 2024-05-25 19:00:00
2024-05-25 15:06:57,775 - __main__ - INFO - station=> Sector-51, Gurugram, result => ['153', 'Sector-51, Gurugram, India', Timestamp('2024-05-25 20:00:00')]
2024-05-25 15:06:57,775 - __main__ - INFO - The hourly data has been written to data/cron_job_data/sector_51_cron_output.csv with Timestamp: 2024-05-25 20:00:00
2024-05-25 15:06:58,454 - __main__ - INFO - station=> Sector-51, Gurugram, result => ['153', 'Sector-51, Gurugram, India', Timestamp('2024-05-25 20:00:00')]
2024-05-25 15:06:58,454 - __main__ - INFO - The hourly data has been written to static/data/sector_51_cron_output.csv with Timestamp: 2024-05-25 20:00:00
2024-05-25 16:07:55,001 - __main__ - INFO - station=> Sector-51, Gurugram, result => ['152', 'Sector-51, Gurugram, India', Timestamp('2024-05-25 21:00:00')]
2024-05-25 16:07:55,001 - __main__ - INFO - The hourly data has been written to data/cron_job_data/sector_51_cron_output.csv with Timestamp: 2024-05-25 21:00:00
2024-05-25 16:07:55,666 - __main__ - INFO - station=> Sector-51, Gurugram, result => ['152', 'Sector-51, Gurugram, India', Timestamp('2024-05-25 21:00:00')]
2024-05-25 16:07:55,666 - __main__ - INFO - The hourly data has been written to static/data/sector_51_cron_output.csv with Timestamp: 2024-05-25 21:00:00
2024-05-25 19:04:01,593 - __main__ - INFO - station=> Sector-51, Gurugram, result => ['157', 'Sector-51, Gurugram, India', Timestamp('2024-05-25 22:00:00')]
2024-05-25 19:04:01,593 - __main__ - INFO - The hourly data has been written to data/cron_job_data/sector_51_cron_output.csv with Timestamp: 2024-05-25 22:00:00
2024-05-25 19:04:02,221 - __main__ - INFO - station=> Sector-51, Gurugram, result => ['157', 'Sector-51, Gurugram, India', Timestamp('2024-05-25 22:00:00')]
2024-05-25 19:04:02,221 - __main__ - INFO - The hourly data has been written to static/data/sector_51_cron_output.csv with Timestamp: 2024-05-25 22:00:00
