2024-09-25 01:14:51,638 - __main__ - INFO - station=> Sector-51, Gurugram, result => ['121', 'Sector-51, Gurugram, India', Timestamp('2024-09-25 06:00:00')]
2024-09-25 01:14:51,638 - __main__ - INFO - The hourly data has been written to data/cron_job_data/sector_51_cron_output.csv with Timestamp: 2024-09-25 06:00:00
2024-09-25 01:14:52,257 - __main__ - INFO - station=> Sector-51, Gurugram, result => ['121', 'Sector-51, Gurugram, India', Timestamp('2024-09-25 06:00:00')]
2024-09-25 01:14:52,257 - __main__ - INFO - The hourly data has been written to static/data/sector_51_cron_output.csv with Timestamp: 2024-09-25 06:00:00
2024-09-25 01:14:52,347 - __main__ - INFO - df_api columns Index(['AQI'], dtype='object')
2024-09-25 01:14:52,348 - __main__ - INFO - today=> 2024-09-25 & yesterday=> 2024-09-24
2024-09-25 01:14:52,350 - __main__ - INFO - temp_daily_aqi columns Index(['Unnamed: 0', 'Date', 'AQI'], dtype='object')
2024-09-25 01:14:52,352 - __main__ - INFO - temp_daily_aqi[2024-09-24]=> Empty DataFrame
Columns: [Unnamed: 0, AQI]
Index: []
2024-09-25 01:14:52,353 - __main__ - INFO - Index => 1664, yesterday => 2024-09-24 & AQI => 130.0
2024-09-25 01:14:52,353 - __main__ - INFO - Daily AQI data has been written to data/cleaned_data/Forecasting_time_series/sector_51_daily_aqi.csv
2024-09-25 01:14:52,353 - __main__ - INFO - Index => 1664, yesterday => 2024-09-24 & AQI => 130.0
2024-09-25 01:14:52,354 - __main__ - INFO - Daily AQI data has been written to static/data/sector_51_daily_aqi.csv
2024-09-25 01:14:52,359 - __main__ - INFO - Re-training the model & train_end is 2024-09-19 00:00:00
2024-09-25 01:14:53,858 - __main__ - INFO - Retrained the model & MAPE is 13.83%
2024-09-25 01:14:53,859 - __main__ - INFO - Retrained the model & MAE is 20.620862778291205
2024-09-25 01:14:55,253 - __main__ - INFO - Forecast=> 2024-09-25    141.326656
2024-09-26    145.624785
2024-09-27    151.704352
2024-09-28    168.942022
2024-09-29    153.870427
Freq: D, Name: predicted_mean, dtype: float64
2024-09-25 01:14:55,253 - __main__ - INFO - The forecast data has been written to data/cleaned_data/Forecasting_time_series/forecast_sector_51_daily_aqi.csv
2024-09-25 01:14:55,254 - __main__ - INFO - The forecast data has been written to static/data/forecast_sector_51_daily_aqi.csv
