2024-06-25 00:33:32,413 - __main__ - INFO - station=> Sector-51, Gurugram, result => ['153', 'Sector-51, Gurugram, India', Timestamp('2024-06-25 05:00:00')]
2024-06-25 00:33:32,413 - __main__ - INFO - The hourly data has been written to data/cron_job_data/sector_51_cron_output.csv with Timestamp: 2024-06-25 05:00:00
2024-06-25 00:33:32,887 - __main__ - INFO - station=> Sector-51, Gurugram, result => ['153', 'Sector-51, Gurugram, India', Timestamp('2024-06-25 05:00:00')]
2024-06-25 00:33:32,887 - __main__ - INFO - The hourly data has been written to static/data/sector_51_cron_output.csv with Timestamp: 2024-06-25 05:00:00
2024-06-25 01:54:46,507 - __main__ - INFO - station=> Sector-51, Gurugram, result => ['162', 'Sector-51, Gurugram, India', Timestamp('2024-06-25 07:00:00')]
2024-06-25 01:54:46,508 - __main__ - INFO - The hourly data has been written to data/cron_job_data/sector_51_cron_output.csv with Timestamp: 2024-06-25 07:00:00
2024-06-25 01:54:47,195 - __main__ - INFO - station=> Sector-51, Gurugram, result => ['162', 'Sector-51, Gurugram, India', Timestamp('2024-06-25 07:00:00')]
2024-06-25 01:54:47,195 - __main__ - INFO - The hourly data has been written to static/data/sector_51_cron_output.csv with Timestamp: 2024-06-25 07:00:00
2024-06-25 01:54:47,196 - __main__ - INFO - Calling writeData & retrain_model functions.
2024-06-25 01:54:47,205 - __main__ - INFO - df_api columns Index(['AQI'], dtype='object')
2024-06-25 01:54:47,205 - __main__ - INFO - today=> 2024-06-25 & yesterday=> 2024-06-24
2024-06-25 01:54:47,207 - __main__ - INFO - temp_daily_aqi columns Index(['Unnamed: 0', 'Date', 'AQI'], dtype='object')
2024-06-25 01:54:47,209 - __main__ - INFO - temp_daily_aqi[2024-06-24]=> Empty DataFrame
Columns: [Unnamed: 0, AQI]
Index: []
2024-06-25 01:54:47,210 - __main__ - INFO - Index => 1572, yesterday => 2024-06-24 & AQI => 152.0
2024-06-25 01:54:47,210 - __main__ - INFO - Daily AQI data has been written to data/cleaned_data/Forecasting_time_series/sector_51_daily_aqi.csv
2024-06-25 01:54:47,211 - __main__ - INFO - Index => 1572, yesterday => 2024-06-24 & AQI => 152.0
2024-06-25 01:54:47,211 - __main__ - INFO - Daily AQI data has been written to static/data/sector_51_daily_aqi.csv
2024-06-25 01:54:47,215 - __main__ - INFO - Re-training the model & train_end is 2024-06-19 00:00:00
2024-06-25 01:54:48,381 - __main__ - INFO - Retrained the model & MAPE is 22.35%
2024-06-25 01:54:48,381 - __main__ - INFO - Retrained the model & MAE is 40.317506203650396
2024-06-25 01:54:49,435 - __main__ - INFO - Forecast=> 2024-06-25    158.620647
2024-06-26    168.012319
2024-06-27    168.466685
2024-06-28    176.729531
2024-06-29    195.168190
Freq: D, Name: predicted_mean, dtype: float64
2024-06-25 01:54:49,435 - __main__ - INFO - The forecast data has been written to data/cleaned_data/Forecasting_time_series/forecast_sector_51_daily_aqi.csv
2024-06-25 01:54:49,435 - __main__ - INFO - The forecast data has been written to static/data/forecast_sector_51_daily_aqi.csv
2024-06-25 03:08:39,290 - __main__ - INFO - station=> Sector-51, Gurugram, result => ['172', 'Sector-51, Gurugram, India', Timestamp('2024-06-25 08:00:00')]
2024-06-25 03:08:39,290 - __main__ - INFO - The hourly data has been written to data/cron_job_data/sector_51_cron_output.csv with Timestamp: 2024-06-25 08:00:00
2024-06-25 03:08:39,982 - __main__ - INFO - station=> Sector-51, Gurugram, result => ['172', 'Sector-51, Gurugram, India', Timestamp('2024-06-25 08:00:00')]
2024-06-25 03:08:39,982 - __main__ - INFO - The hourly data has been written to static/data/sector_51_cron_output.csv with Timestamp: 2024-06-25 08:00:00
2024-06-25 04:09:38,976 - __main__ - INFO - station=> Sector-51, Gurugram, result => ['169', 'Sector-51, Gurugram, India', Timestamp('2024-06-25 09:00:00')]
2024-06-25 04:09:38,976 - __main__ - INFO - The hourly data has been written to data/cron_job_data/sector_51_cron_output.csv with Timestamp: 2024-06-25 09:00:00
2024-06-25 04:09:39,640 - __main__ - INFO - station=> Sector-51, Gurugram, result => ['169', 'Sector-51, Gurugram, India', Timestamp('2024-06-25 09:00:00')]
2024-06-25 04:09:39,640 - __main__ - INFO - The hourly data has been written to static/data/sector_51_cron_output.csv with Timestamp: 2024-06-25 09:00:00
2024-06-25 06:10:46,124 - __main__ - INFO - station=> Sector-51, Gurugram, result => ['160', 'Sector-51, Gurugram, India', Timestamp('2024-06-25 11:00:00')]
2024-06-25 06:10:46,124 - __main__ - INFO - The hourly data has been written to data/cron_job_data/sector_51_cron_output.csv with Timestamp: 2024-06-25 11:00:00
2024-06-25 06:10:46,768 - __main__ - INFO - station=> Sector-51, Gurugram, result => ['160', 'Sector-51, Gurugram, India', Timestamp('2024-06-25 11:00:00')]
2024-06-25 06:10:46,768 - __main__ - INFO - The hourly data has been written to static/data/sector_51_cron_output.csv with Timestamp: 2024-06-25 11:00:00
2024-06-25 07:07:37,448 - __main__ - INFO - station=> Sector-51, Gurugram, result => ['158', 'Sector-51, Gurugram, India', Timestamp('2024-06-25 12:00:00')]
2024-06-25 07:07:37,448 - __main__ - INFO - The hourly data has been written to data/cron_job_data/sector_51_cron_output.csv with Timestamp: 2024-06-25 12:00:00
2024-06-25 07:07:38,091 - __main__ - INFO - station=> Sector-51, Gurugram, result => ['158', 'Sector-51, Gurugram, India', Timestamp('2024-06-25 12:00:00')]
2024-06-25 07:07:38,092 - __main__ - INFO - The hourly data has been written to static/data/sector_51_cron_output.csv with Timestamp: 2024-06-25 12:00:00
2024-06-25 08:11:17,181 - __main__ - INFO - station=> Sector-51, Gurugram, result => ['170', 'Sector-51, Gurugram, India', Timestamp('2024-06-25 13:00:00')]
2024-06-25 08:11:17,181 - __main__ - INFO - The hourly data has been written to data/cron_job_data/sector_51_cron_output.csv with Timestamp: 2024-06-25 13:00:00
2024-06-25 08:11:17,650 - __main__ - INFO - station=> Sector-51, Gurugram, result => ['170', 'Sector-51, Gurugram, India', Timestamp('2024-06-25 13:00:00')]
2024-06-25 08:11:17,651 - __main__ - INFO - The hourly data has been written to static/data/sector_51_cron_output.csv with Timestamp: 2024-06-25 13:00:00
2024-06-25 09:08:17,839 - __main__ - INFO - station=> Sector-51, Gurugram, result => ['164', 'Sector-51, Gurugram, India', Timestamp('2024-06-25 14:00:00')]
2024-06-25 09:08:17,839 - __main__ - INFO - The hourly data has been written to data/cron_job_data/sector_51_cron_output.csv with Timestamp: 2024-06-25 14:00:00
2024-06-25 09:08:18,503 - __main__ - INFO - station=> Sector-51, Gurugram, result => ['164', 'Sector-51, Gurugram, India', Timestamp('2024-06-25 14:00:00')]
2024-06-25 09:08:18,503 - __main__ - INFO - The hourly data has been written to static/data/sector_51_cron_output.csv with Timestamp: 2024-06-25 14:00:00
2024-06-25 10:08:20,466 - __main__ - INFO - station=> Sector-51, Gurugram, result => ['159', 'Sector-51, Gurugram, India', Timestamp('2024-06-25 15:00:00')]
2024-06-25 10:08:20,466 - __main__ - INFO - The hourly data has been written to data/cron_job_data/sector_51_cron_output.csv with Timestamp: 2024-06-25 15:00:00
2024-06-25 10:08:21,132 - __main__ - INFO - station=> Sector-51, Gurugram, result => ['159', 'Sector-51, Gurugram, India', Timestamp('2024-06-25 15:00:00')]
2024-06-25 10:08:21,132 - __main__ - INFO - The hourly data has been written to static/data/sector_51_cron_output.csv with Timestamp: 2024-06-25 15:00:00
2024-06-25 12:13:17,385 - __main__ - INFO - station=> Sector-51, Gurugram, result => ['161', 'Sector-51, Gurugram, India', Timestamp('2024-06-25 17:00:00')]
2024-06-25 12:13:17,385 - __main__ - INFO - The hourly data has been written to data/cron_job_data/sector_51_cron_output.csv with Timestamp: 2024-06-25 17:00:00
2024-06-25 12:13:18,083 - __main__ - INFO - station=> Sector-51, Gurugram, result => ['161', 'Sector-51, Gurugram, India', Timestamp('2024-06-25 17:00:00')]
2024-06-25 12:13:18,083 - __main__ - INFO - The hourly data has been written to static/data/sector_51_cron_output.csv with Timestamp: 2024-06-25 17:00:00
2024-06-25 13:10:33,111 - __main__ - INFO - station=> Sector-51, Gurugram, result => ['160', 'Sector-51, Gurugram, India', Timestamp('2024-06-25 18:00:00')]
2024-06-25 13:10:33,112 - __main__ - INFO - The hourly data has been written to data/cron_job_data/sector_51_cron_output.csv with Timestamp: 2024-06-25 18:00:00
2024-06-25 13:10:33,588 - __main__ - INFO - station=> Sector-51, Gurugram, result => ['160', 'Sector-51, Gurugram, India', Timestamp('2024-06-25 18:00:00')]
2024-06-25 13:10:33,588 - __main__ - INFO - The hourly data has been written to static/data/sector_51_cron_output.csv with Timestamp: 2024-06-25 18:00:00
