2024-07-25 00:35:40,776 - __main__ - INFO - station=> Sector-51, Gurugram, result => ['152', 'Sector-51, Gurugram, India', Timestamp('2024-07-25 06:00:00')]
2024-07-25 00:35:40,776 - __main__ - INFO - The hourly data has been written to data/cron_job_data/sector_51_cron_output.csv with Timestamp: 2024-07-25 06:00:00
2024-07-25 00:35:41,325 - __main__ - INFO - station=> Sector-51, Gurugram, result => ['152', 'Sector-51, Gurugram, India', Timestamp('2024-07-25 06:00:00')]
2024-07-25 00:35:41,325 - __main__ - INFO - The hourly data has been written to static/data/sector_51_cron_output.csv with Timestamp: 2024-07-25 06:00:00
2024-07-25 01:57:49,174 - __main__ - INFO - station=> Sector-51, Gurugram, result => ['155', 'Sector-51, Gurugram, India', Timestamp('2024-07-25 07:00:00')]
2024-07-25 01:57:49,174 - __main__ - INFO - The hourly data has been written to data/cron_job_data/sector_51_cron_output.csv with Timestamp: 2024-07-25 07:00:00
2024-07-25 01:57:49,841 - __main__ - INFO - station=> Sector-51, Gurugram, result => ['155', 'Sector-51, Gurugram, India', Timestamp('2024-07-25 07:00:00')]
2024-07-25 01:57:49,841 - __main__ - INFO - The hourly data has been written to static/data/sector_51_cron_output.csv with Timestamp: 2024-07-25 07:00:00
2024-07-25 01:57:49,843 - __main__ - INFO - Calling writeData & retrain_model functions.
2024-07-25 01:57:49,851 - __main__ - INFO - df_api columns Index(['AQI'], dtype='object')
2024-07-25 01:57:49,851 - __main__ - INFO - today=> 2024-07-25 & yesterday=> 2024-07-24
2024-07-25 01:57:49,853 - __main__ - INFO - temp_daily_aqi columns Index(['Unnamed: 0', 'Date', 'AQI'], dtype='object')
2024-07-25 01:57:49,855 - __main__ - INFO - temp_daily_aqi[2024-07-24]=> Empty DataFrame
Columns: [Unnamed: 0, AQI]
Index: []
2024-07-25 01:57:49,856 - __main__ - INFO - Index => 1602, yesterday => 2024-07-24 & AQI => 186.0
2024-07-25 01:57:49,856 - __main__ - INFO - Daily AQI data has been written to data/cleaned_data/Forecasting_time_series/sector_51_daily_aqi.csv
2024-07-25 01:57:49,857 - __main__ - INFO - Index => 1602, yesterday => 2024-07-24 & AQI => 186.0
2024-07-25 01:57:49,857 - __main__ - INFO - Daily AQI data has been written to static/data/sector_51_daily_aqi.csv
2024-07-25 01:57:49,861 - __main__ - INFO - Re-training the model & train_end is 2024-07-19 00:00:00
2024-07-25 01:57:51,140 - __main__ - INFO - Retrained the model & MAPE is 13.4%
2024-07-25 01:57:51,140 - __main__ - INFO - Retrained the model & MAE is 23.962139898875535
2024-07-25 01:57:52,589 - __main__ - INFO - Forecast=> 2024-07-25    184.381540
2024-07-26    187.062175
2024-07-27    200.391124
2024-07-28    183.162725
2024-07-29    191.995736
Freq: D, Name: predicted_mean, dtype: float64
2024-07-25 01:57:52,590 - __main__ - INFO - The forecast data has been written to data/cleaned_data/Forecasting_time_series/forecast_sector_51_daily_aqi.csv
2024-07-25 01:57:52,616 - __main__ - INFO - The forecast data has been written to static/data/forecast_sector_51_daily_aqi.csv
2024-07-25 03:08:43,714 - __main__ - INFO - station=> Sector-51, Gurugram, result => ['117', 'Sector-51, Gurugram, India', Timestamp('2024-07-25 08:00:00')]
2024-07-25 03:08:43,715 - __main__ - INFO - The hourly data has been written to data/cron_job_data/sector_51_cron_output.csv with Timestamp: 2024-07-25 08:00:00
2024-07-25 03:08:44,401 - __main__ - INFO - station=> Sector-51, Gurugram, result => ['117', 'Sector-51, Gurugram, India', Timestamp('2024-07-25 08:00:00')]
2024-07-25 03:08:44,401 - __main__ - INFO - The hourly data has been written to static/data/sector_51_cron_output.csv with Timestamp: 2024-07-25 08:00:00
2024-07-25 05:08:15,322 - __main__ - INFO - station=> Sector-51, Gurugram, result => ['184', 'Sector-51, Gurugram, India', Timestamp('2024-07-25 09:00:00')]
2024-07-25 05:08:15,322 - __main__ - INFO - The hourly data has been written to data/cron_job_data/sector_51_cron_output.csv with Timestamp: 2024-07-25 09:00:00
2024-07-25 05:08:15,981 - __main__ - INFO - station=> Sector-51, Gurugram, result => ['184', 'Sector-51, Gurugram, India', Timestamp('2024-07-25 09:00:00')]
2024-07-25 05:08:15,981 - __main__ - INFO - The hourly data has been written to static/data/sector_51_cron_output.csv with Timestamp: 2024-07-25 09:00:00
2024-07-25 09:08:34,153 - __main__ - INFO - station=> Sector-51, Gurugram, result => ['54', 'Sector-51, Gurugram, India', Timestamp('2024-07-25 11:00:00')]
2024-07-25 09:08:34,153 - __main__ - INFO - The hourly data has been written to data/cron_job_data/sector_51_cron_output.csv with Timestamp: 2024-07-25 11:00:00
2024-07-25 09:08:34,821 - __main__ - INFO - station=> Sector-51, Gurugram, result => ['54', 'Sector-51, Gurugram, India', Timestamp('2024-07-25 11:00:00')]
2024-07-25 09:08:34,821 - __main__ - INFO - The hourly data has been written to static/data/sector_51_cron_output.csv with Timestamp: 2024-07-25 11:00:00
2024-07-25 15:07:49,238 - __main__ - INFO - station=> Sector-51, Gurugram, result => ['92', 'Sector-51, Gurugram, India', Timestamp('2024-07-25 19:00:00')]
2024-07-25 15:07:49,238 - __main__ - INFO - The hourly data has been written to data/cron_job_data/sector_51_cron_output.csv with Timestamp: 2024-07-25 19:00:00
2024-07-25 15:07:49,701 - __main__ - INFO - station=> Sector-51, Gurugram, result => ['92', 'Sector-51, Gurugram, India', Timestamp('2024-07-25 19:00:00')]
2024-07-25 15:07:49,701 - __main__ - INFO - The hourly data has been written to static/data/sector_51_cron_output.csv with Timestamp: 2024-07-25 19:00:00
