2024-10-25 01:14:51,847 - __main__ - INFO - station=> Sector-51, Gurugram, result => ['145', 'Sector-51, Gurugram, India', Timestamp('2024-10-25 06:00:00')]
2024-10-25 01:14:51,847 - __main__ - INFO - The hourly data has been written to data/cron_job_data/sector_51_cron_output.csv with Timestamp: 2024-10-25 06:00:00
2024-10-25 01:14:52,326 - __main__ - INFO - station=> Sector-51, Gurugram, result => ['145', 'Sector-51, Gurugram, India', Timestamp('2024-10-25 06:00:00')]
2024-10-25 01:14:52,326 - __main__ - INFO - The hourly data has been written to static/data/sector_51_cron_output.csv with Timestamp: 2024-10-25 06:00:00
2024-10-25 01:14:52,391 - __main__ - INFO - df_api columns Index(['AQI'], dtype='object')
2024-10-25 01:14:52,392 - __main__ - INFO - today=> 2024-10-25 & yesterday=> 2024-10-24
2024-10-25 01:14:52,393 - __main__ - INFO - temp_daily_aqi columns Index(['Unnamed: 0', 'Date', 'AQI'], dtype='object')
2024-10-25 01:14:52,396 - __main__ - INFO - temp_daily_aqi[2024-10-24]=> Empty DataFrame
Columns: [Unnamed: 0, AQI]
Index: []
2024-10-25 01:14:52,396 - __main__ - INFO - Index => 1694, yesterday => 2024-10-24 & AQI => 173.0
2024-10-25 01:14:52,397 - __main__ - INFO - Daily AQI data has been written to data/cleaned_data/Forecasting_time_series/sector_51_daily_aqi.csv
2024-10-25 01:14:52,397 - __main__ - INFO - Index => 1694, yesterday => 2024-10-24 & AQI => 173.0
2024-10-25 01:14:52,397 - __main__ - INFO - Daily AQI data has been written to static/data/sector_51_daily_aqi.csv
2024-10-25 01:14:52,402 - __main__ - INFO - Re-training the model & train_end is 2024-10-19 00:00:00
2024-10-25 01:14:53,628 - __main__ - INFO - Retrained the model & MAPE is 24.75%
2024-10-25 01:14:53,628 - __main__ - INFO - Retrained the model & MAE is 72.02047207181951
2024-10-25 01:14:54,913 - __main__ - INFO - Forecast=> 2024-10-25    177.084970
2024-10-26    192.383790
2024-10-27    178.214805
2024-10-28    190.860902
2024-10-29    181.568735
Freq: D, Name: predicted_mean, dtype: float64
2024-10-25 01:14:54,913 - __main__ - INFO - The forecast data has been written to data/cleaned_data/Forecasting_time_series/forecast_sector_51_daily_aqi.csv
2024-10-25 01:14:54,923 - __main__ - INFO - The forecast data has been written to static/data/forecast_sector_51_daily_aqi.csv
