2024-05-26 00:36:05,295 - __main__ - INFO - station=> Sector-51, Gurugram, result => ['162', 'Sector-51, Gurugram, India', Timestamp('2024-05-26 05:00:00')]
2024-05-26 00:36:05,295 - __main__ - INFO - The hourly data has been written to data/cron_job_data/sector_51_cron_output.csv with Timestamp: 2024-05-26 05:00:00
2024-05-26 00:36:05,974 - __main__ - INFO - station=> Sector-51, Gurugram, result => ['162', 'Sector-51, Gurugram, India', Timestamp('2024-05-26 05:00:00')]
2024-05-26 00:36:05,974 - __main__ - INFO - The hourly data has been written to static/data/sector_51_cron_output.csv with Timestamp: 2024-05-26 05:00:00
2024-05-26 01:55:19,625 - __main__ - INFO - station=> Sector-51, Gurugram, result => ['171', 'Sector-51, Gurugram, India', Timestamp('2024-05-26 07:00:00')]
2024-05-26 01:55:19,625 - __main__ - INFO - The hourly data has been written to data/cron_job_data/sector_51_cron_output.csv with Timestamp: 2024-05-26 07:00:00
2024-05-26 01:55:20,092 - __main__ - INFO - station=> Sector-51, Gurugram, result => ['171', 'Sector-51, Gurugram, India', Timestamp('2024-05-26 07:00:00')]
2024-05-26 01:55:20,092 - __main__ - INFO - The hourly data has been written to static/data/sector_51_cron_output.csv with Timestamp: 2024-05-26 07:00:00
2024-05-26 01:55:20,093 - __main__ - INFO - Calling writeData & retrain_model functions.
2024-05-26 01:55:20,101 - __main__ - INFO - df_api columns Index(['AQI'], dtype='object')
2024-05-26 01:55:20,102 - __main__ - INFO - today=> 2024-05-26 & yesterday=> 2024-05-25
2024-05-26 01:55:20,103 - __main__ - INFO - temp_daily_aqi columns Index(['Unnamed: 0', 'Date', 'AQI'], dtype='object')
2024-05-26 01:55:20,106 - __main__ - INFO - temp_daily_aqi[2024-05-25]=> Empty DataFrame
Columns: [Unnamed: 0, AQI]
Index: []
2024-05-26 01:55:20,106 - __main__ - INFO - Index => 1542, yesterday => 2024-05-25 & AQI => 159.0
2024-05-26 01:55:20,107 - __main__ - INFO - Daily AQI data has been written to data/cleaned_data/Forecasting_time_series/sector_51_daily_aqi.csv
2024-05-26 01:55:20,107 - __main__ - INFO - Index => 1542, yesterday => 2024-05-25 & AQI => 159.0
2024-05-26 01:55:20,107 - __main__ - INFO - Daily AQI data has been written to static/data/sector_51_daily_aqi.csv
2024-05-26 01:55:20,112 - __main__ - INFO - Re-training the model & train_end is 2024-05-20 00:00:00
2024-05-26 01:55:21,158 - __main__ - INFO - Retrained the model & MAPE is 22.28%
2024-05-26 01:55:21,158 - __main__ - INFO - Retrained the model & MAE is 37.181496743186884
2024-05-26 01:55:22,498 - __main__ - INFO - Forecast=> 2024-05-26    143.244900
2024-05-27    153.191763
2024-05-28    156.828026
2024-05-29    166.994622
2024-05-30    166.572696
Freq: D, Name: predicted_mean, dtype: float64
2024-05-26 01:55:22,499 - __main__ - INFO - The forecast data has been written to data/cleaned_data/Forecasting_time_series/forecast_sector_51_daily_aqi.csv
2024-05-26 01:55:22,499 - __main__ - INFO - The forecast data has been written to static/data/forecast_sector_51_daily_aqi.csv
2024-05-26 03:07:57,653 - __main__ - INFO - station=> Sector-51, Gurugram, result => ['177', 'Sector-51, Gurugram, India', Timestamp('2024-05-26 08:00:00')]
2024-05-26 03:07:57,653 - __main__ - INFO - The hourly data has been written to data/cron_job_data/sector_51_cron_output.csv with Timestamp: 2024-05-26 08:00:00
2024-05-26 03:07:58,334 - __main__ - INFO - station=> Sector-51, Gurugram, result => ['177', 'Sector-51, Gurugram, India', Timestamp('2024-05-26 08:00:00')]
2024-05-26 03:07:58,334 - __main__ - INFO - The hourly data has been written to static/data/sector_51_cron_output.csv with Timestamp: 2024-05-26 08:00:00
2024-05-26 04:08:44,648 - __main__ - INFO - station=> Sector-51, Gurugram, result => ['172', 'Sector-51, Gurugram, India', Timestamp('2024-05-26 09:00:00')]
2024-05-26 04:08:44,648 - __main__ - INFO - The hourly data has been written to data/cron_job_data/sector_51_cron_output.csv with Timestamp: 2024-05-26 09:00:00
2024-05-26 04:08:45,305 - __main__ - INFO - station=> Sector-51, Gurugram, result => ['172', 'Sector-51, Gurugram, India', Timestamp('2024-05-26 09:00:00')]
2024-05-26 04:08:45,306 - __main__ - INFO - The hourly data has been written to static/data/sector_51_cron_output.csv with Timestamp: 2024-05-26 09:00:00
