2024-01-26 00:28:06,853 - __main__ - INFO - station=> nise gwal, result => ['196', 'NISE Gwal Pahari, Gurugram, India', Timestamp('2024-01-26 05:00:00')]
2024-01-26 00:28:06,853 - __main__ - INFO - The hourly data has been written to data/cron_job_data/nise_cron_output.csv with Timestamp: 2024-01-26 05:00:00
2024-01-26 00:28:07,352 - __main__ - INFO - station=> Sector-51, Gurugram, result => ['185', 'Sector-51, Gurugram, India', Timestamp('2024-01-26 05:00:00')]
2024-01-26 00:28:07,352 - __main__ - INFO - The hourly data has been written to data/cron_job_data/sector_51_cron_output.csv with Timestamp: 2024-01-26 05:00:00
2024-01-26 00:28:07,878 - __main__ - INFO - station=> Sector-51, Gurugram, result => ['185', 'Sector-51, Gurugram, India', Timestamp('2024-01-26 05:00:00')]
2024-01-26 00:28:07,878 - __main__ - INFO - The hourly data has been written to static/data/sector_51_cron_output.csv with Timestamp: 2024-01-26 05:00:00
2024-01-26 00:28:08,921 - __main__ - INFO - station=> Vikas Sadan, result => ['183', 'Vikas Sadan Gurgaon, Gurgaon, India', Timestamp('2024-01-26 05:00:00')]
2024-01-26 00:28:08,921 - __main__ - INFO - The hourly data has been written to data/cron_job_data/vikas_sadan_cron_output.csv with Timestamp: 2024-01-26 05:00:00
2024-01-26 01:41:00,745 - __main__ - INFO - station=> nise gwal, result => ['193', 'NISE Gwal Pahari, Gurugram, India', Timestamp('2024-01-26 07:00:00')]
2024-01-26 01:41:00,745 - __main__ - INFO - The hourly data has been written to data/cron_job_data/nise_cron_output.csv with Timestamp: 2024-01-26 07:00:00
2024-01-26 01:41:01,436 - __main__ - INFO - station=> Sector-51, Gurugram, result => ['189', 'Sector-51, Gurugram, India', Timestamp('2024-01-26 07:00:00')]
2024-01-26 01:41:01,436 - __main__ - INFO - The hourly data has been written to data/cron_job_data/sector_51_cron_output.csv with Timestamp: 2024-01-26 07:00:00
2024-01-26 01:41:02,129 - __main__ - INFO - station=> Sector-51, Gurugram, result => ['189', 'Sector-51, Gurugram, India', Timestamp('2024-01-26 07:00:00')]
2024-01-26 01:41:02,129 - __main__ - INFO - The hourly data has been written to static/data/sector_51_cron_output.csv with Timestamp: 2024-01-26 07:00:00
2024-01-26 01:41:03,503 - __main__ - INFO - station=> Vikas Sadan, result => ['181', 'Vikas Sadan Gurgaon, Gurgaon, India', Timestamp('2024-01-26 06:00:00')]
2024-01-26 01:41:03,503 - __main__ - INFO - The hourly data has been written to data/cron_job_data/vikas_sadan_cron_output.csv with Timestamp: 2024-01-26 06:00:00
2024-01-26 01:41:03,504 - __main__ - INFO - Calling writeData & retrain_model functions.
2024-01-26 01:41:03,510 - __main__ - INFO - df_api columns Index(['AQI'], dtype='object')
2024-01-26 01:41:03,511 - __main__ - INFO - today=> 2024-01-26 & yesterday=> 2024-01-25
2024-01-26 01:41:03,513 - __main__ - INFO - temp_daily_aqi columns Index(['Unnamed: 0', 'Date', 'AQI'], dtype='object')
2024-01-26 01:41:03,515 - __main__ - INFO - temp_daily_aqi[2024-01-25]=> Empty DataFrame
Columns: [Unnamed: 0, AQI]
Index: []
2024-01-26 01:41:03,516 - __main__ - INFO - Index => 1421, yesterday => 2024-01-25 & AQI => 254.0
2024-01-26 01:41:03,516 - __main__ - INFO - Daily AQI data has been written to data/cleaned_data/Forecasting_time_series/sector_51_daily_aqi.csv
2024-01-26 01:41:03,517 - __main__ - INFO - Index => 1421, yesterday => 2024-01-25 & AQI => 254.0
2024-01-26 01:41:03,517 - __main__ - INFO - Daily AQI data has been written to static/data/sector_51_daily_aqi.csv
2024-01-26 01:41:03,521 - __main__ - INFO - Re-training the model & train_end is 2024-01-20 00:00:00
2024-01-26 01:41:04,813 - __main__ - INFO - Retrained the model & MAPE is 15.47%
2024-01-26 01:41:04,813 - __main__ - INFO - Retrained the model & MAE is 46.536785920818076%
2024-01-26 01:41:06,059 - __main__ - INFO - Forecast=> 2024-01-26    265.791085
2024-01-27    260.460810
2024-01-28    243.941185
2024-01-29    243.712606
2024-01-30    243.090368
Freq: D, Name: predicted_mean, dtype: float64
2024-01-26 01:41:06,060 - __main__ - INFO - The forecast data has been written to data/cleaned_data/Forecasting_time_series/forecast_sector_51_daily_aqi.csv
2024-01-26 01:41:06,060 - __main__ - INFO - The forecast data has been written to static/data/forecast_sector_51_daily_aqi.csv
2024-01-26 02:15:42,316 - __main__ - INFO - station=> Vikas Sadan, result => ['181', 'Vikas Sadan Gurgaon, Gurgaon, India', Timestamp('2024-01-26 07:00:00')]
2024-01-26 02:15:42,317 - __main__ - INFO - The hourly data has been written to data/cron_job_data/vikas_sadan_cron_output.csv with Timestamp: 2024-01-26 07:00:00
2024-01-26 03:07:03,636 - __main__ - INFO - station=> nise gwal, result => ['211', 'NISE Gwal Pahari, Gurugram, India', Timestamp('2024-01-26 08:00:00')]
2024-01-26 03:07:03,636 - __main__ - INFO - The hourly data has been written to data/cron_job_data/nise_cron_output.csv with Timestamp: 2024-01-26 08:00:00
2024-01-26 03:07:04,322 - __main__ - INFO - station=> Sector-51, Gurugram, result => ['197', 'Sector-51, Gurugram, India', Timestamp('2024-01-26 08:00:00')]
2024-01-26 03:07:04,322 - __main__ - INFO - The hourly data has been written to data/cron_job_data/sector_51_cron_output.csv with Timestamp: 2024-01-26 08:00:00
2024-01-26 03:07:05,064 - __main__ - INFO - station=> Sector-51, Gurugram, result => ['197', 'Sector-51, Gurugram, India', Timestamp('2024-01-26 08:00:00')]
2024-01-26 03:07:05,064 - __main__ - INFO - The hourly data has been written to static/data/sector_51_cron_output.csv with Timestamp: 2024-01-26 08:00:00
2024-01-26 03:07:06,537 - __main__ - INFO - station=> Vikas Sadan, result => ['182', 'Vikas Sadan Gurgaon, Gurgaon, India', Timestamp('2024-01-26 08:00:00')]
2024-01-26 03:07:06,537 - __main__ - INFO - The hourly data has been written to data/cron_job_data/vikas_sadan_cron_output.csv with Timestamp: 2024-01-26 08:00:00
2024-01-26 04:08:39,747 - __main__ - INFO - station=> nise gwal, result => ['194', 'NISE Gwal Pahari, Gurugram, India', Timestamp('2024-01-26 09:00:00')]
2024-01-26 04:08:39,747 - __main__ - INFO - The hourly data has been written to data/cron_job_data/nise_cron_output.csv with Timestamp: 2024-01-26 09:00:00
2024-01-26 04:08:40,229 - __main__ - INFO - station=> Sector-51, Gurugram, result => ['214', 'Sector-51, Gurugram, India', Timestamp('2024-01-26 09:00:00')]
2024-01-26 04:08:40,229 - __main__ - INFO - The hourly data has been written to data/cron_job_data/sector_51_cron_output.csv with Timestamp: 2024-01-26 09:00:00
2024-01-26 04:08:40,708 - __main__ - INFO - station=> Sector-51, Gurugram, result => ['214', 'Sector-51, Gurugram, India', Timestamp('2024-01-26 09:00:00')]
2024-01-26 04:08:40,709 - __main__ - INFO - The hourly data has been written to static/data/sector_51_cron_output.csv with Timestamp: 2024-01-26 09:00:00
2024-01-26 04:08:41,192 - __main__ - INFO - station=> Teri Gram, result => ['199', 'Teri Gram, Gurugram, India', Timestamp('2024-01-26 07:00:00')]
2024-01-26 04:08:41,192 - __main__ - INFO - The hourly data has been written to data/cron_job_data/teri_gram_cron_output.csv with Timestamp: 2024-01-26 07:00:00
2024-01-26 04:08:41,672 - __main__ - INFO - station=> Vikas Sadan, result => ['176', 'Vikas Sadan Gurgaon, Gurgaon, India', Timestamp('2024-01-26 09:00:00')]
2024-01-26 04:08:41,672 - __main__ - INFO - The hourly data has been written to data/cron_job_data/vikas_sadan_cron_output.csv with Timestamp: 2024-01-26 09:00:00
2024-01-26 05:03:41,281 - __main__ - INFO - station=> nise gwal, result => ['185', 'NISE Gwal Pahari, Gurugram, India', Timestamp('2024-01-26 10:00:00')]
2024-01-26 05:03:41,281 - __main__ - INFO - The hourly data has been written to data/cron_job_data/nise_cron_output.csv with Timestamp: 2024-01-26 10:00:00
2024-01-26 05:03:41,972 - __main__ - INFO - station=> Sector-51, Gurugram, result => ['294', 'Sector-51, Gurugram, India', Timestamp('2024-01-26 10:00:00')]
2024-01-26 05:03:41,972 - __main__ - INFO - The hourly data has been written to data/cron_job_data/sector_51_cron_output.csv with Timestamp: 2024-01-26 10:00:00
2024-01-26 05:03:42,660 - __main__ - INFO - station=> Sector-51, Gurugram, result => ['294', 'Sector-51, Gurugram, India', Timestamp('2024-01-26 10:00:00')]
2024-01-26 05:03:42,661 - __main__ - INFO - The hourly data has been written to static/data/sector_51_cron_output.csv with Timestamp: 2024-01-26 10:00:00
2024-01-26 05:03:43,364 - __main__ - INFO - station=> Teri Gram, result => ['185', 'Teri Gram, Gurugram, India', Timestamp('2024-01-26 10:00:00')]
2024-01-26 05:03:43,364 - __main__ - INFO - The hourly data has been written to data/cron_job_data/teri_gram_cron_output.csv with Timestamp: 2024-01-26 10:00:00
2024-01-26 05:03:44,034 - __main__ - INFO - station=> Vikas Sadan, result => ['181', 'Vikas Sadan Gurgaon, Gurgaon, India', Timestamp('2024-01-26 10:00:00')]
2024-01-26 05:03:44,035 - __main__ - INFO - The hourly data has been written to data/cron_job_data/vikas_sadan_cron_output.csv with Timestamp: 2024-01-26 10:00:00
2024-01-26 06:08:11,474 - __main__ - INFO - station=> nise gwal, result => ['220', 'NISE Gwal Pahari, Gurugram, India', Timestamp('2024-01-26 11:00:00')]
2024-01-26 06:08:11,475 - __main__ - INFO - The hourly data has been written to data/cron_job_data/nise_cron_output.csv with Timestamp: 2024-01-26 11:00:00
2024-01-26 06:08:12,162 - __main__ - INFO - station=> Sector-51, Gurugram, result => ['306', 'Sector-51, Gurugram, India', Timestamp('2024-01-26 11:00:00')]
2024-01-26 06:08:12,162 - __main__ - INFO - The hourly data has been written to data/cron_job_data/sector_51_cron_output.csv with Timestamp: 2024-01-26 11:00:00
2024-01-26 06:08:12,851 - __main__ - INFO - station=> Sector-51, Gurugram, result => ['306', 'Sector-51, Gurugram, India', Timestamp('2024-01-26 11:00:00')]
2024-01-26 06:08:12,851 - __main__ - INFO - The hourly data has been written to static/data/sector_51_cron_output.csv with Timestamp: 2024-01-26 11:00:00
2024-01-26 06:08:13,526 - __main__ - INFO - station=> Teri Gram, result => ['262', 'Teri Gram, Gurugram, India', Timestamp('2024-01-26 11:00:00')]
2024-01-26 06:08:13,526 - __main__ - INFO - The hourly data has been written to data/cron_job_data/teri_gram_cron_output.csv with Timestamp: 2024-01-26 11:00:00
2024-01-26 06:08:14,196 - __main__ - INFO - station=> Vikas Sadan, result => ['195', 'Vikas Sadan Gurgaon, Gurgaon, India', Timestamp('2024-01-26 11:00:00')]
2024-01-26 06:08:14,196 - __main__ - INFO - The hourly data has been written to data/cron_job_data/vikas_sadan_cron_output.csv with Timestamp: 2024-01-26 11:00:00
