2024-08-26 00:36:54,135 - __main__ - INFO - station=> Sector-51, Gurugram, result => ['149', 'Sector-51, Gurugram, India', Timestamp('2024-08-26 05:00:00')]
2024-08-26 00:36:54,135 - __main__ - INFO - The hourly data has been written to data/cron_job_data/sector_51_cron_output.csv with Timestamp: 2024-08-26 05:00:00
2024-08-26 00:36:54,599 - __main__ - INFO - station=> Sector-51, Gurugram, result => ['149', 'Sector-51, Gurugram, India', Timestamp('2024-08-26 05:00:00')]
2024-08-26 00:36:54,599 - __main__ - INFO - The hourly data has been written to static/data/sector_51_cron_output.csv with Timestamp: 2024-08-26 05:00:00
2024-08-26 00:36:54,671 - __main__ - INFO - df_api columns Index(['AQI'], dtype='object')
2024-08-26 00:36:54,671 - __main__ - INFO - today=> 2024-08-26 & yesterday=> 2024-08-25
2024-08-26 00:36:54,673 - __main__ - INFO - temp_daily_aqi columns Index(['Unnamed: 0', 'Date', 'AQI'], dtype='object')
2024-08-26 00:36:54,675 - __main__ - INFO - temp_daily_aqi[2024-08-25]=> Empty DataFrame
Columns: [Unnamed: 0, AQI]
Index: []
2024-08-26 00:36:54,676 - __main__ - INFO - Index => 1634, yesterday => 2024-08-25 & AQI => 128.0
2024-08-26 00:36:54,676 - __main__ - INFO - Daily AQI data has been written to data/cleaned_data/Forecasting_time_series/sector_51_daily_aqi.csv
2024-08-26 00:36:54,676 - __main__ - INFO - Index => 1634, yesterday => 2024-08-25 & AQI => 128.0
2024-08-26 00:36:54,677 - __main__ - INFO - Daily AQI data has been written to static/data/sector_51_daily_aqi.csv
2024-08-26 00:36:54,681 - __main__ - INFO - Re-training the model & train_end is 2024-08-20 00:00:00
2024-08-26 00:36:55,982 - __main__ - INFO - Retrained the model & MAPE is 42.19%
2024-08-26 00:36:55,982 - __main__ - INFO - Retrained the model & MAE is 42.468836026293
2024-08-26 00:36:57,209 - __main__ - INFO - Forecast=> 2024-08-26    144.088941
2024-08-27    145.846796
2024-08-28    153.871000
2024-08-29    158.517087
2024-08-30    163.613021
Freq: D, Name: predicted_mean, dtype: float64
2024-08-26 00:36:57,209 - __main__ - INFO - The forecast data has been written to data/cleaned_data/Forecasting_time_series/forecast_sector_51_daily_aqi.csv
2024-08-26 00:36:57,210 - __main__ - INFO - The forecast data has been written to static/data/forecast_sector_51_daily_aqi.csv
2024-08-26 02:01:30,590 - __main__ - INFO - station=> Sector-51, Gurugram, result => ['156', 'Sector-51, Gurugram, India', Timestamp('2024-08-26 07:00:00')]
2024-08-26 02:01:30,590 - __main__ - INFO - The hourly data has been written to data/cron_job_data/sector_51_cron_output.csv with Timestamp: 2024-08-26 07:00:00
2024-08-26 02:01:31,075 - __main__ - INFO - station=> Sector-51, Gurugram, result => ['156', 'Sector-51, Gurugram, India', Timestamp('2024-08-26 07:00:00')]
2024-08-26 02:01:31,075 - __main__ - INFO - The hourly data has been written to static/data/sector_51_cron_output.csv with Timestamp: 2024-08-26 07:00:00
2024-08-26 03:11:06,118 - __main__ - INFO - station=> Sector-51, Gurugram, result => ['164', 'Sector-51, Gurugram, India', Timestamp('2024-08-26 08:00:00')]
2024-08-26 03:11:06,118 - __main__ - INFO - The hourly data has been written to data/cron_job_data/sector_51_cron_output.csv with Timestamp: 2024-08-26 08:00:00
2024-08-26 03:11:06,734 - __main__ - INFO - station=> Sector-51, Gurugram, result => ['164', 'Sector-51, Gurugram, India', Timestamp('2024-08-26 08:00:00')]
2024-08-26 03:11:06,735 - __main__ - INFO - The hourly data has been written to static/data/sector_51_cron_output.csv with Timestamp: 2024-08-26 08:00:00
2024-08-26 04:10:25,665 - __main__ - INFO - station=> Sector-51, Gurugram, result => ['158', 'Sector-51, Gurugram, India', Timestamp('2024-08-26 09:00:00')]
2024-08-26 04:10:25,665 - __main__ - INFO - The hourly data has been written to data/cron_job_data/sector_51_cron_output.csv with Timestamp: 2024-08-26 09:00:00
2024-08-26 04:10:26,347 - __main__ - INFO - station=> Sector-51, Gurugram, result => ['158', 'Sector-51, Gurugram, India', Timestamp('2024-08-26 09:00:00')]
2024-08-26 04:10:26,347 - __main__ - INFO - The hourly data has been written to static/data/sector_51_cron_output.csv with Timestamp: 2024-08-26 09:00:00
2024-08-26 05:08:37,302 - __main__ - INFO - station=> Sector-51, Gurugram, result => ['153', 'Sector-51, Gurugram, India', Timestamp('2024-08-26 10:00:00')]
2024-08-26 05:08:37,302 - __main__ - INFO - The hourly data has been written to data/cron_job_data/sector_51_cron_output.csv with Timestamp: 2024-08-26 10:00:00
2024-08-26 05:08:37,781 - __main__ - INFO - station=> Sector-51, Gurugram, result => ['153', 'Sector-51, Gurugram, India', Timestamp('2024-08-26 10:00:00')]
2024-08-26 05:08:37,781 - __main__ - INFO - The hourly data has been written to static/data/sector_51_cron_output.csv with Timestamp: 2024-08-26 10:00:00
2024-08-26 06:12:12,639 - __main__ - INFO - station=> Sector-51, Gurugram, result => ['125', 'Sector-51, Gurugram, India', Timestamp('2024-08-26 11:00:00')]
2024-08-26 06:12:12,639 - __main__ - INFO - The hourly data has been written to data/cron_job_data/sector_51_cron_output.csv with Timestamp: 2024-08-26 11:00:00
2024-08-26 06:12:13,261 - __main__ - INFO - station=> Sector-51, Gurugram, result => ['125', 'Sector-51, Gurugram, India', Timestamp('2024-08-26 11:00:00')]
2024-08-26 06:12:13,261 - __main__ - INFO - The hourly data has been written to static/data/sector_51_cron_output.csv with Timestamp: 2024-08-26 11:00:00
2024-08-26 07:08:36,612 - __main__ - INFO - station=> Sector-51, Gurugram, result => ['100', 'Sector-51, Gurugram, India', Timestamp('2024-08-26 12:00:00')]
2024-08-26 07:08:36,612 - __main__ - INFO - The hourly data has been written to data/cron_job_data/sector_51_cron_output.csv with Timestamp: 2024-08-26 12:00:00
2024-08-26 07:08:37,304 - __main__ - INFO - station=> Sector-51, Gurugram, result => ['100', 'Sector-51, Gurugram, India', Timestamp('2024-08-26 12:00:00')]
2024-08-26 07:08:37,304 - __main__ - INFO - The hourly data has been written to static/data/sector_51_cron_output.csv with Timestamp: 2024-08-26 12:00:00
2024-08-26 08:12:17,023 - __main__ - INFO - station=> Sector-51, Gurugram, result => ['96', 'Sector-51, Gurugram, India', Timestamp('2024-08-26 13:00:00')]
2024-08-26 08:12:17,023 - __main__ - INFO - The hourly data has been written to data/cron_job_data/sector_51_cron_output.csv with Timestamp: 2024-08-26 13:00:00
2024-08-26 08:12:17,693 - __main__ - INFO - station=> Sector-51, Gurugram, result => ['96', 'Sector-51, Gurugram, India', Timestamp('2024-08-26 13:00:00')]
2024-08-26 08:12:17,693 - __main__ - INFO - The hourly data has been written to static/data/sector_51_cron_output.csv with Timestamp: 2024-08-26 13:00:00
2024-08-26 09:08:50,978 - __main__ - INFO - station=> Sector-51, Gurugram, result => ['101', 'Sector-51, Gurugram, India', Timestamp('2024-08-26 14:00:00')]
2024-08-26 09:08:50,978 - __main__ - INFO - The hourly data has been written to data/cron_job_data/sector_51_cron_output.csv with Timestamp: 2024-08-26 14:00:00
2024-08-26 09:08:51,646 - __main__ - INFO - station=> Sector-51, Gurugram, result => ['101', 'Sector-51, Gurugram, India', Timestamp('2024-08-26 14:00:00')]
2024-08-26 09:08:51,646 - __main__ - INFO - The hourly data has been written to static/data/sector_51_cron_output.csv with Timestamp: 2024-08-26 14:00:00
2024-08-26 10:09:47,203 - __main__ - INFO - station=> Sector-51, Gurugram, result => ['173', 'Sector-51, Gurugram, India', Timestamp('2024-08-26 15:00:00')]
2024-08-26 10:09:47,203 - __main__ - INFO - The hourly data has been written to data/cron_job_data/sector_51_cron_output.csv with Timestamp: 2024-08-26 15:00:00
2024-08-26 10:09:47,894 - __main__ - INFO - station=> Sector-51, Gurugram, result => ['173', 'Sector-51, Gurugram, India', Timestamp('2024-08-26 15:00:00')]
2024-08-26 10:09:47,895 - __main__ - INFO - The hourly data has been written to static/data/sector_51_cron_output.csv with Timestamp: 2024-08-26 15:00:00
2024-08-26 12:14:30,047 - __main__ - INFO - station=> Sector-51, Gurugram, result => ['266', 'Sector-51, Gurugram, India', Timestamp('2024-08-26 16:00:00')]
2024-08-26 12:14:30,047 - __main__ - INFO - The hourly data has been written to data/cron_job_data/sector_51_cron_output.csv with Timestamp: 2024-08-26 16:00:00
2024-08-26 12:14:30,530 - __main__ - INFO - station=> Sector-51, Gurugram, result => ['266', 'Sector-51, Gurugram, India', Timestamp('2024-08-26 16:00:00')]
2024-08-26 12:14:30,530 - __main__ - INFO - The hourly data has been written to static/data/sector_51_cron_output.csv with Timestamp: 2024-08-26 16:00:00
2024-08-26 14:08:38,174 - __main__ - INFO - station=> Sector-51, Gurugram, result => ['895', 'Sector-51, Gurugram, India', Timestamp('2024-08-26 19:00:00')]
2024-08-26 14:08:38,175 - __main__ - INFO - The hourly data has been written to data/cron_job_data/sector_51_cron_output.csv with Timestamp: 2024-08-26 19:00:00
2024-08-26 14:08:38,662 - __main__ - INFO - station=> Sector-51, Gurugram, result => ['895', 'Sector-51, Gurugram, India', Timestamp('2024-08-26 19:00:00')]
2024-08-26 14:08:38,662 - __main__ - INFO - The hourly data has been written to static/data/sector_51_cron_output.csv with Timestamp: 2024-08-26 19:00:00
2024-08-26 15:27:55,017 - __main__ - INFO - station=> Sector-51, Gurugram, result => ['895', 'Sector-51, Gurugram, India', Timestamp('2024-08-26 20:00:00')]
2024-08-26 15:27:55,017 - __main__ - INFO - The hourly data has been written to data/cron_job_data/sector_51_cron_output.csv with Timestamp: 2024-08-26 20:00:00
2024-08-26 15:27:55,707 - __main__ - INFO - station=> Sector-51, Gurugram, result => ['895', 'Sector-51, Gurugram, India', Timestamp('2024-08-26 20:00:00')]
2024-08-26 15:27:55,707 - __main__ - INFO - The hourly data has been written to static/data/sector_51_cron_output.csv with Timestamp: 2024-08-26 20:00:00
2024-08-26 16:09:34,717 - __main__ - INFO - station=> Sector-51, Gurugram, result => ['616', 'Sector-51, Gurugram, India', Timestamp('2024-08-26 21:00:00')]
2024-08-26 16:09:34,717 - __main__ - INFO - The hourly data has been written to data/cron_job_data/sector_51_cron_output.csv with Timestamp: 2024-08-26 21:00:00
2024-08-26 16:09:35,398 - __main__ - INFO - station=> Sector-51, Gurugram, result => ['616', 'Sector-51, Gurugram, India', Timestamp('2024-08-26 21:00:00')]
2024-08-26 16:09:35,398 - __main__ - INFO - The hourly data has been written to static/data/sector_51_cron_output.csv with Timestamp: 2024-08-26 21:00:00
2024-08-26 17:08:11,573 - __main__ - INFO - station=> Sector-51, Gurugram, result => ['105', 'Sector-51, Gurugram, India', Timestamp('2024-08-26 22:00:00')]
2024-08-26 17:08:11,574 - __main__ - INFO - The hourly data has been written to data/cron_job_data/sector_51_cron_output.csv with Timestamp: 2024-08-26 22:00:00
2024-08-26 17:08:12,038 - __main__ - INFO - station=> Sector-51, Gurugram, result => ['105', 'Sector-51, Gurugram, India', Timestamp('2024-08-26 22:00:00')]
2024-08-26 17:08:12,038 - __main__ - INFO - The hourly data has been written to static/data/sector_51_cron_output.csv with Timestamp: 2024-08-26 22:00:00
2024-08-26 18:12:39,647 - __main__ - INFO - station=> Sector-51, Gurugram, result => ['134', 'Sector-51, Gurugram, India', Timestamp('2024-08-26 23:00:00')]
2024-08-26 18:12:39,647 - __main__ - INFO - The hourly data has been written to data/cron_job_data/sector_51_cron_output.csv with Timestamp: 2024-08-26 23:00:00
2024-08-26 18:12:40,334 - __main__ - INFO - station=> Sector-51, Gurugram, result => ['134', 'Sector-51, Gurugram, India', Timestamp('2024-08-26 23:00:00')]
2024-08-26 18:12:40,334 - __main__ - INFO - The hourly data has been written to static/data/sector_51_cron_output.csv with Timestamp: 2024-08-26 23:00:00
2024-08-26 20:09:58,714 - __main__ - INFO - station=> Sector-51, Gurugram, result => ['133', 'Sector-51, Gurugram, India', Timestamp('2024-08-27 01:00:00')]
2024-08-26 20:09:58,715 - __main__ - INFO - The hourly data has been written to data/cron_job_data/sector_51_cron_output.csv with Timestamp: 2024-08-27 01:00:00
2024-08-26 20:09:59,177 - __main__ - INFO - station=> Sector-51, Gurugram, result => ['133', 'Sector-51, Gurugram, India', Timestamp('2024-08-27 01:00:00')]
2024-08-26 20:09:59,177 - __main__ - INFO - The hourly data has been written to static/data/sector_51_cron_output.csv with Timestamp: 2024-08-27 01:00:00
2024-08-26 21:07:12,288 - __main__ - INFO - station=> Sector-51, Gurugram, result => ['802', 'Sector-51, Gurugram, India', Timestamp('2024-08-27 02:00:00')]
2024-08-26 21:07:12,288 - __main__ - INFO - The hourly data has been written to data/cron_job_data/sector_51_cron_output.csv with Timestamp: 2024-08-27 02:00:00
2024-08-26 21:07:12,757 - __main__ - INFO - station=> Sector-51, Gurugram, result => ['802', 'Sector-51, Gurugram, India', Timestamp('2024-08-27 02:00:00')]
2024-08-26 21:07:12,757 - __main__ - INFO - The hourly data has been written to static/data/sector_51_cron_output.csv with Timestamp: 2024-08-27 02:00:00
2024-08-26 22:08:36,816 - __main__ - INFO - station=> Sector-51, Gurugram, result => ['895', 'Sector-51, Gurugram, India', Timestamp('2024-08-27 03:00:00')]
2024-08-26 22:08:36,816 - __main__ - INFO - The hourly data has been written to data/cron_job_data/sector_51_cron_output.csv with Timestamp: 2024-08-27 03:00:00
2024-08-26 22:08:37,443 - __main__ - INFO - station=> Sector-51, Gurugram, result => ['895', 'Sector-51, Gurugram, India', Timestamp('2024-08-27 03:00:00')]
2024-08-26 22:08:37,443 - __main__ - INFO - The hourly data has been written to static/data/sector_51_cron_output.csv with Timestamp: 2024-08-27 03:00:00
2024-08-26 23:08:46,439 - __main__ - INFO - station=> Sector-51, Gurugram, result => ['895', 'Sector-51, Gurugram, India', Timestamp('2024-08-27 04:00:00')]
2024-08-26 23:08:46,439 - __main__ - INFO - The hourly data has been written to data/cron_job_data/sector_51_cron_output.csv with Timestamp: 2024-08-27 04:00:00
2024-08-26 23:08:46,910 - __main__ - INFO - station=> Sector-51, Gurugram, result => ['895', 'Sector-51, Gurugram, India', Timestamp('2024-08-27 04:00:00')]
2024-08-26 23:08:46,910 - __main__ - INFO - The hourly data has been written to static/data/sector_51_cron_output.csv with Timestamp: 2024-08-27 04:00:00
