2024-07-26 01:57:26,059 - __main__ - INFO - station=> Sector-51, Gurugram, result => ['95', 'Sector-51, Gurugram, India', Timestamp('2024-07-26 06:00:00')]
2024-07-26 01:57:26,059 - __main__ - INFO - The hourly data has been written to data/cron_job_data/sector_51_cron_output.csv with Timestamp: 2024-07-26 06:00:00
2024-07-26 01:57:26,729 - __main__ - INFO - station=> Sector-51, Gurugram, result => ['95', 'Sector-51, Gurugram, India', Timestamp('2024-07-26 06:00:00')]
2024-07-26 01:57:26,729 - __main__ - INFO - The hourly data has been written to static/data/sector_51_cron_output.csv with Timestamp: 2024-07-26 06:00:00
2024-07-26 01:57:26,730 - __main__ - INFO - Calling writeData & retrain_model functions.
2024-07-26 01:57:26,738 - __main__ - INFO - df_api columns Index(['AQI'], dtype='object')
2024-07-26 01:57:26,739 - __main__ - INFO - today=> 2024-07-26 & yesterday=> 2024-07-25
2024-07-26 01:57:26,741 - __main__ - INFO - temp_daily_aqi columns Index(['Unnamed: 0', 'Date', 'AQI'], dtype='object')
2024-07-26 01:57:26,743 - __main__ - INFO - temp_daily_aqi[2024-07-25]=> Empty DataFrame
Columns: [Unnamed: 0, AQI]
Index: []
2024-07-26 01:57:26,744 - __main__ - INFO - Index => 1603, yesterday => 2024-07-25 & AQI => 165.0
2024-07-26 01:57:26,744 - __main__ - INFO - Daily AQI data has been written to data/cleaned_data/Forecasting_time_series/sector_51_daily_aqi.csv
2024-07-26 01:57:26,744 - __main__ - INFO - Index => 1603, yesterday => 2024-07-25 & AQI => 165.0
2024-07-26 01:57:26,745 - __main__ - INFO - Daily AQI data has been written to static/data/sector_51_daily_aqi.csv
2024-07-26 01:57:26,749 - __main__ - INFO - Re-training the model & train_end is 2024-07-20 00:00:00
2024-07-26 01:57:27,995 - __main__ - INFO - Retrained the model & MAPE is 11.76%
2024-07-26 01:57:27,996 - __main__ - INFO - Retrained the model & MAE is 23.04096100013022
2024-07-26 01:57:29,221 - __main__ - INFO - Forecast=> 2024-07-26    175.085952
2024-07-27    189.502097
2024-07-28    173.456006
2024-07-29    183.232011
2024-07-30    182.207535
Freq: D, Name: predicted_mean, dtype: float64
2024-07-26 01:57:29,222 - __main__ - INFO - The forecast data has been written to data/cleaned_data/Forecasting_time_series/forecast_sector_51_daily_aqi.csv
2024-07-26 01:57:29,222 - __main__ - INFO - The forecast data has been written to static/data/forecast_sector_51_daily_aqi.csv
2024-07-26 02:30:46,462 - __main__ - INFO - station=> Sector-51, Gurugram, result => ['126', 'Sector-51, Gurugram, India', Timestamp('2024-07-26 07:00:00')]
2024-07-26 02:30:46,463 - __main__ - INFO - The hourly data has been written to data/cron_job_data/sector_51_cron_output.csv with Timestamp: 2024-07-26 07:00:00
2024-07-26 02:30:47,147 - __main__ - INFO - station=> Sector-51, Gurugram, result => ['126', 'Sector-51, Gurugram, India', Timestamp('2024-07-26 07:00:00')]
2024-07-26 02:30:47,148 - __main__ - INFO - The hourly data has been written to static/data/sector_51_cron_output.csv with Timestamp: 2024-07-26 07:00:00
2024-07-26 03:09:39,530 - __main__ - INFO - station=> Sector-51, Gurugram, result => ['76', 'Sector-51, Gurugram, India', Timestamp('2024-07-26 08:00:00')]
2024-07-26 03:09:39,530 - __main__ - INFO - The hourly data has been written to data/cron_job_data/sector_51_cron_output.csv with Timestamp: 2024-07-26 08:00:00
2024-07-26 03:09:39,995 - __main__ - INFO - station=> Sector-51, Gurugram, result => ['76', 'Sector-51, Gurugram, India', Timestamp('2024-07-26 08:00:00')]
2024-07-26 03:09:39,995 - __main__ - INFO - The hourly data has been written to static/data/sector_51_cron_output.csv with Timestamp: 2024-07-26 08:00:00
