2024-06-26 00:33:53,466 - __main__ - INFO - station=> Sector-51, Gurugram, result => ['75', 'Sector-51, Gurugram, India', Timestamp('2024-06-26 05:00:00')]
2024-06-26 00:33:53,467 - __main__ - INFO - The hourly data has been written to data/cron_job_data/sector_51_cron_output.csv with Timestamp: 2024-06-26 05:00:00
2024-06-26 00:33:53,962 - __main__ - INFO - station=> Sector-51, Gurugram, result => ['75', 'Sector-51, Gurugram, India', Timestamp('2024-06-26 05:00:00')]
2024-06-26 00:33:53,962 - __main__ - INFO - The hourly data has been written to static/data/sector_51_cron_output.csv with Timestamp: 2024-06-26 05:00:00
2024-06-26 01:54:10,326 - __main__ - INFO - station=> Sector-51, Gurugram, result => ['81', 'Sector-51, Gurugram, India', Timestamp('2024-06-26 07:00:00')]
2024-06-26 01:54:10,326 - __main__ - INFO - The hourly data has been written to data/cron_job_data/sector_51_cron_output.csv with Timestamp: 2024-06-26 07:00:00
2024-06-26 01:54:10,790 - __main__ - INFO - station=> Sector-51, Gurugram, result => ['81', 'Sector-51, Gurugram, India', Timestamp('2024-06-26 07:00:00')]
2024-06-26 01:54:10,790 - __main__ - INFO - The hourly data has been written to static/data/sector_51_cron_output.csv with Timestamp: 2024-06-26 07:00:00
2024-06-26 01:54:10,791 - __main__ - INFO - Calling writeData & retrain_model functions.
2024-06-26 01:54:10,800 - __main__ - INFO - df_api columns Index(['AQI'], dtype='object')
2024-06-26 01:54:10,801 - __main__ - INFO - today=> 2024-06-26 & yesterday=> 2024-06-25
2024-06-26 01:54:10,803 - __main__ - INFO - temp_daily_aqi columns Index(['Unnamed: 0', 'Date', 'AQI'], dtype='object')
2024-06-26 01:54:10,805 - __main__ - INFO - temp_daily_aqi[2024-06-25]=> Empty DataFrame
Columns: [Unnamed: 0, AQI]
Index: []
2024-06-26 01:54:10,805 - __main__ - INFO - Index => 1573, yesterday => 2024-06-25 & AQI => 155.0
2024-06-26 01:54:10,806 - __main__ - INFO - Daily AQI data has been written to data/cleaned_data/Forecasting_time_series/sector_51_daily_aqi.csv
2024-06-26 01:54:10,806 - __main__ - INFO - Index => 1573, yesterday => 2024-06-25 & AQI => 155.0
2024-06-26 01:54:10,807 - __main__ - INFO - Daily AQI data has been written to static/data/sector_51_daily_aqi.csv
2024-06-26 01:54:10,811 - __main__ - INFO - Re-training the model & train_end is 2024-06-20 00:00:00
2024-06-26 01:54:11,915 - __main__ - INFO - Retrained the model & MAPE is 47.28%
2024-06-26 01:54:11,915 - __main__ - INFO - Retrained the model & MAE is 72.52056458783306
2024-06-26 01:54:13,216 - __main__ - INFO - Forecast=> 2024-06-26    165.680108
2024-06-27    166.364703
2024-06-28    174.839780
2024-06-29    193.484359
2024-06-30    173.329384
Freq: D, Name: predicted_mean, dtype: float64
2024-06-26 01:54:13,217 - __main__ - INFO - The forecast data has been written to data/cleaned_data/Forecasting_time_series/forecast_sector_51_daily_aqi.csv
2024-06-26 01:54:13,217 - __main__ - INFO - The forecast data has been written to static/data/forecast_sector_51_daily_aqi.csv
2024-06-26 03:09:29,634 - __main__ - INFO - station=> Sector-51, Gurugram, result => ['87', 'Sector-51, Gurugram, India', Timestamp('2024-06-26 08:00:00')]
2024-06-26 03:09:29,634 - __main__ - INFO - The hourly data has been written to data/cron_job_data/sector_51_cron_output.csv with Timestamp: 2024-06-26 08:00:00
2024-06-26 03:09:30,314 - __main__ - INFO - station=> Sector-51, Gurugram, result => ['87', 'Sector-51, Gurugram, India', Timestamp('2024-06-26 08:00:00')]
2024-06-26 03:09:30,314 - __main__ - INFO - The hourly data has been written to static/data/sector_51_cron_output.csv with Timestamp: 2024-06-26 08:00:00
2024-06-26 04:09:43,076 - __main__ - INFO - station=> Sector-51, Gurugram, result => ['89', 'Sector-51, Gurugram, India', Timestamp('2024-06-26 09:00:00')]
2024-06-26 04:09:43,076 - __main__ - INFO - The hourly data has been written to data/cron_job_data/sector_51_cron_output.csv with Timestamp: 2024-06-26 09:00:00
2024-06-26 04:09:43,760 - __main__ - INFO - station=> Sector-51, Gurugram, result => ['89', 'Sector-51, Gurugram, India', Timestamp('2024-06-26 09:00:00')]
2024-06-26 04:09:43,760 - __main__ - INFO - The hourly data has been written to static/data/sector_51_cron_output.csv with Timestamp: 2024-06-26 09:00:00
2024-06-26 05:07:44,768 - __main__ - INFO - station=> Sector-51, Gurugram, result => ['82', 'Sector-51, Gurugram, India', Timestamp('2024-06-26 10:00:00')]
2024-06-26 05:07:44,768 - __main__ - INFO - The hourly data has been written to data/cron_job_data/sector_51_cron_output.csv with Timestamp: 2024-06-26 10:00:00
2024-06-26 05:07:45,444 - __main__ - INFO - station=> Sector-51, Gurugram, result => ['82', 'Sector-51, Gurugram, India', Timestamp('2024-06-26 10:00:00')]
2024-06-26 05:07:45,444 - __main__ - INFO - The hourly data has been written to static/data/sector_51_cron_output.csv with Timestamp: 2024-06-26 10:00:00
2024-06-26 06:10:54,762 - __main__ - INFO - station=> Sector-51, Gurugram, result => ['70', 'Sector-51, Gurugram, India', Timestamp('2024-06-26 11:00:00')]
2024-06-26 06:10:54,762 - __main__ - INFO - The hourly data has been written to data/cron_job_data/sector_51_cron_output.csv with Timestamp: 2024-06-26 11:00:00
2024-06-26 06:10:55,444 - __main__ - INFO - station=> Sector-51, Gurugram, result => ['70', 'Sector-51, Gurugram, India', Timestamp('2024-06-26 11:00:00')]
2024-06-26 06:10:55,444 - __main__ - INFO - The hourly data has been written to static/data/sector_51_cron_output.csv with Timestamp: 2024-06-26 11:00:00
2024-06-26 07:07:57,011 - __main__ - INFO - station=> Sector-51, Gurugram, result => ['81', 'Sector-51, Gurugram, India', Timestamp('2024-06-26 12:00:00')]
2024-06-26 07:07:57,011 - __main__ - INFO - The hourly data has been written to data/cron_job_data/sector_51_cron_output.csv with Timestamp: 2024-06-26 12:00:00
2024-06-26 07:07:57,644 - __main__ - INFO - station=> Sector-51, Gurugram, result => ['81', 'Sector-51, Gurugram, India', Timestamp('2024-06-26 12:00:00')]
2024-06-26 07:07:57,644 - __main__ - INFO - The hourly data has been written to static/data/sector_51_cron_output.csv with Timestamp: 2024-06-26 12:00:00
2024-06-26 08:10:21,693 - __main__ - INFO - station=> Sector-51, Gurugram, result => ['93', 'Sector-51, Gurugram, India', Timestamp('2024-06-26 13:00:00')]
2024-06-26 08:10:21,693 - __main__ - INFO - The hourly data has been written to data/cron_job_data/sector_51_cron_output.csv with Timestamp: 2024-06-26 13:00:00
2024-06-26 08:10:22,358 - __main__ - INFO - station=> Sector-51, Gurugram, result => ['93', 'Sector-51, Gurugram, India', Timestamp('2024-06-26 13:00:00')]
2024-06-26 08:10:22,359 - __main__ - INFO - The hourly data has been written to static/data/sector_51_cron_output.csv with Timestamp: 2024-06-26 13:00:00
2024-06-26 09:09:35,117 - __main__ - INFO - station=> Sector-51, Gurugram, result => ['170', 'Sector-51, Gurugram, India', Timestamp('2024-06-26 14:00:00')]
2024-06-26 09:09:35,117 - __main__ - INFO - The hourly data has been written to data/cron_job_data/sector_51_cron_output.csv with Timestamp: 2024-06-26 14:00:00
2024-06-26 09:09:35,800 - __main__ - INFO - station=> Sector-51, Gurugram, result => ['170', 'Sector-51, Gurugram, India', Timestamp('2024-06-26 14:00:00')]
2024-06-26 09:09:35,800 - __main__ - INFO - The hourly data has been written to static/data/sector_51_cron_output.csv with Timestamp: 2024-06-26 14:00:00
2024-06-26 10:08:10,507 - __main__ - INFO - station=> Sector-51, Gurugram, result => ['173', 'Sector-51, Gurugram, India', Timestamp('2024-06-26 15:00:00')]
2024-06-26 10:08:10,507 - __main__ - INFO - The hourly data has been written to data/cron_job_data/sector_51_cron_output.csv with Timestamp: 2024-06-26 15:00:00
2024-06-26 10:08:11,233 - __main__ - INFO - station=> Sector-51, Gurugram, result => ['173', 'Sector-51, Gurugram, India', Timestamp('2024-06-26 15:00:00')]
2024-06-26 10:08:11,233 - __main__ - INFO - The hourly data has been written to static/data/sector_51_cron_output.csv with Timestamp: 2024-06-26 15:00:00
2024-06-26 11:07:30,289 - __main__ - INFO - station=> Sector-51, Gurugram, result => ['173', 'Sector-51, Gurugram, India', Timestamp('2024-06-26 16:00:00')]
2024-06-26 11:07:30,289 - __main__ - INFO - The hourly data has been written to data/cron_job_data/sector_51_cron_output.csv with Timestamp: 2024-06-26 16:00:00
2024-06-26 11:07:30,962 - __main__ - INFO - station=> Sector-51, Gurugram, result => ['173', 'Sector-51, Gurugram, India', Timestamp('2024-06-26 16:00:00')]
2024-06-26 11:07:30,962 - __main__ - INFO - The hourly data has been written to static/data/sector_51_cron_output.csv with Timestamp: 2024-06-26 16:00:00
