2023-12-26 00:27:45,799 - __main__ - INFO - station=> nise gwal, result => ['194', 'NISE Gwal Pahari, Gurugram, India', Timestamp('2023-12-26 05:00:00')]
2023-12-26 00:27:45,799 - __main__ - INFO - The data has been written to data/cron_job_data/nise_cron_output.csv with Timestamp: 2023-12-26 05:00:00
2023-12-26 00:27:46,273 - __main__ - INFO - station=> Sector-51, Gurugram, result => ['188', 'Sector-51, Gurugram, India', Timestamp('2023-12-26 05:00:00')]
2023-12-26 00:27:46,274 - __main__ - INFO - The data has been written to data/cron_job_data/sector_51_cron_output.csv with Timestamp: 2023-12-26 05:00:00
2023-12-26 00:27:46,749 - __main__ - INFO - station=> Teri Gram, result => ['188', 'Teri Gram, Gurugram, India', Timestamp('2023-12-26 05:00:00')]
2023-12-26 00:27:46,749 - __main__ - INFO - The data has been written to data/cron_job_data/teri_gram_cron_output.csv with Timestamp: 2023-12-26 05:00:00
2023-12-26 00:27:47,221 - __main__ - INFO - station=> Vikas Sadan, result => ['171', 'Vikas Sadan Gurgaon, Gurgaon, India', Timestamp('2023-12-26 05:00:00')]
2023-12-26 00:27:47,221 - __main__ - INFO - The data has been written to data/cron_job_data/vikas_sadan_cron_output.csv with Timestamp: 2023-12-26 05:00:00
2023-12-26 01:41:54,958 - __main__ - INFO - station=> nise gwal, result => ['216', 'NISE Gwal Pahari, Gurugram, India', Timestamp('2023-12-26 07:00:00')]
2023-12-26 01:41:54,959 - __main__ - INFO - The data has been written to data/cron_job_data/nise_cron_output.csv with Timestamp: 2023-12-26 07:00:00
2023-12-26 01:41:55,454 - __main__ - INFO - station=> Sector-51, Gurugram, result => ['191', 'Sector-51, Gurugram, India', Timestamp('2023-12-26 07:00:00')]
2023-12-26 01:41:55,455 - __main__ - INFO - The data has been written to data/cron_job_data/sector_51_cron_output.csv with Timestamp: 2023-12-26 07:00:00
2023-12-26 01:41:55,944 - __main__ - INFO - station=> Teri Gram, result => ['188', 'Teri Gram, Gurugram, India', Timestamp('2023-12-26 07:00:00')]
2023-12-26 01:41:55,944 - __main__ - INFO - The data has been written to data/cron_job_data/teri_gram_cron_output.csv with Timestamp: 2023-12-26 07:00:00
2023-12-26 01:41:56,428 - __main__ - INFO - station=> Vikas Sadan, result => ['162', 'Vikas Sadan Gurgaon, Gurgaon, India', Timestamp('2023-12-26 07:00:00')]
2023-12-26 01:41:56,428 - __main__ - INFO - The data has been written to data/cron_job_data/vikas_sadan_cron_output.csv with Timestamp: 2023-12-26 07:00:00
2023-12-26 02:16:55,199 - __main__ - INFO - station=> nise gwal, result => ['216', 'NISE Gwal Pahari, Gurugram, India', Timestamp('2023-12-26 07:00:00')]
2023-12-26 02:16:55,200 - __main__ - INFO - Timestamp 2023-12-26 07:00:00 already present in data/cron_job_data/nise_cron_output.csv, not appending.
2023-12-26 02:16:55,681 - __main__ - INFO - station=> Sector-51, Gurugram, result => ['191', 'Sector-51, Gurugram, India', Timestamp('2023-12-26 07:00:00')]
2023-12-26 02:16:55,681 - __main__ - INFO - Timestamp 2023-12-26 07:00:00 already present in data/cron_job_data/sector_51_cron_output.csv, not appending.
2023-12-26 02:16:56,160 - __main__ - INFO - station=> Teri Gram, result => ['188', 'Teri Gram, Gurugram, India', Timestamp('2023-12-26 07:00:00')]
2023-12-26 02:16:56,160 - __main__ - INFO - Timestamp 2023-12-26 07:00:00 already present in data/cron_job_data/teri_gram_cron_output.csv, not appending.
2023-12-26 02:16:56,635 - __main__ - INFO - station=> Vikas Sadan, result => ['162', 'Vikas Sadan Gurgaon, Gurgaon, India', Timestamp('2023-12-26 07:00:00')]
2023-12-26 02:16:56,635 - __main__ - INFO - Timestamp 2023-12-26 07:00:00 already present in data/cron_job_data/vikas_sadan_cron_output.csv, not appending.
2023-12-26 03:06:48,316 - __main__ - INFO - station=> nise gwal, result => ['229', 'NISE Gwal Pahari, Gurugram, India', Timestamp('2023-12-26 08:00:00')]
2023-12-26 03:06:48,316 - __main__ - INFO - The data has been written to data/cron_job_data/nise_cron_output.csv with Timestamp: 2023-12-26 08:00:00
2023-12-26 03:06:48,985 - __main__ - INFO - station=> Sector-51, Gurugram, result => ['194', 'Sector-51, Gurugram, India', Timestamp('2023-12-26 08:00:00')]
2023-12-26 03:06:48,986 - __main__ - INFO - The data has been written to data/cron_job_data/sector_51_cron_output.csv with Timestamp: 2023-12-26 08:00:00
2023-12-26 03:06:49,658 - __main__ - INFO - station=> Teri Gram, result => ['188', 'Teri Gram, Gurugram, India', Timestamp('2023-12-26 08:00:00')]
2023-12-26 03:06:49,658 - __main__ - INFO - The data has been written to data/cron_job_data/teri_gram_cron_output.csv with Timestamp: 2023-12-26 08:00:00
2023-12-26 03:06:50,342 - __main__ - INFO - station=> Vikas Sadan, result => ['171', 'Vikas Sadan Gurgaon, Gurgaon, India', Timestamp('2023-12-26 08:00:00')]
2023-12-26 03:06:50,343 - __main__ - INFO - The data has been written to data/cron_job_data/vikas_sadan_cron_output.csv with Timestamp: 2023-12-26 08:00:00
2023-12-26 04:07:47,518 - __main__ - INFO - station=> nise gwal, result => ['209', 'NISE Gwal Pahari, Gurugram, India', Timestamp('2023-12-26 09:00:00')]
2023-12-26 04:07:47,519 - __main__ - INFO - The data has been written to data/cron_job_data/nise_cron_output.csv with Timestamp: 2023-12-26 09:00:00
2023-12-26 04:07:48,160 - __main__ - INFO - station=> Sector-51, Gurugram, result => ['196', 'Sector-51, Gurugram, India', Timestamp('2023-12-26 09:00:00')]
2023-12-26 04:07:48,161 - __main__ - INFO - The data has been written to data/cron_job_data/sector_51_cron_output.csv with Timestamp: 2023-12-26 09:00:00
2023-12-26 04:07:48,820 - __main__ - INFO - station=> Teri Gram, result => ['188', 'Teri Gram, Gurugram, India', Timestamp('2023-12-26 09:00:00')]
2023-12-26 04:07:48,820 - __main__ - INFO - The data has been written to data/cron_job_data/teri_gram_cron_output.csv with Timestamp: 2023-12-26 09:00:00
2023-12-26 04:07:49,465 - __main__ - INFO - station=> Vikas Sadan, result => ['173', 'Vikas Sadan Gurgaon, Gurgaon, India', Timestamp('2023-12-26 09:00:00')]
2023-12-26 04:07:49,465 - __main__ - INFO - The data has been written to data/cron_job_data/vikas_sadan_cron_output.csv with Timestamp: 2023-12-26 09:00:00
2023-12-26 05:03:12,440 - __main__ - INFO - station=> nise gwal, result => ['190', 'NISE Gwal Pahari, Gurugram, India', Timestamp('2023-12-26 10:00:00')]
2023-12-26 05:03:12,440 - __main__ - INFO - The data has been written to data/cron_job_data/nise_cron_output.csv with Timestamp: 2023-12-26 10:00:00
2023-12-26 05:03:13,113 - __main__ - INFO - station=> Sector-51, Gurugram, result => ['200', 'Sector-51, Gurugram, India', Timestamp('2023-12-26 10:00:00')]
2023-12-26 05:03:13,113 - __main__ - INFO - The data has been written to data/cron_job_data/sector_51_cron_output.csv with Timestamp: 2023-12-26 10:00:00
2023-12-26 05:03:13,774 - __main__ - INFO - station=> Teri Gram, result => ['241', 'Teri Gram, Gurugram, India', Timestamp('2023-12-26 10:00:00')]
2023-12-26 05:03:13,774 - __main__ - INFO - The data has been written to data/cron_job_data/teri_gram_cron_output.csv with Timestamp: 2023-12-26 10:00:00
2023-12-26 05:03:14,445 - __main__ - INFO - station=> Vikas Sadan, result => ['179', 'Vikas Sadan Gurgaon, Gurgaon, India', Timestamp('2023-12-26 10:00:00')]
2023-12-26 05:03:14,445 - __main__ - INFO - The data has been written to data/cron_job_data/vikas_sadan_cron_output.csv with Timestamp: 2023-12-26 10:00:00
2023-12-26 06:08:04,179 - __main__ - INFO - station=> nise gwal, result => ['277', 'NISE Gwal Pahari, Gurugram, India', Timestamp('2023-12-26 11:00:00')]
2023-12-26 06:08:04,180 - __main__ - INFO - The data has been written to data/cron_job_data/nise_cron_output.csv with Timestamp: 2023-12-26 11:00:00
2023-12-26 06:08:04,658 - __main__ - INFO - station=> Sector-51, Gurugram, result => ['200', 'Sector-51, Gurugram, India', Timestamp('2023-12-26 10:00:00')]
2023-12-26 06:08:04,658 - __main__ - INFO - Timestamp 2023-12-26 10:00:00 already present in data/cron_job_data/sector_51_cron_output.csv, not appending.
2023-12-26 06:08:05,135 - __main__ - INFO - station=> Teri Gram, result => ['241', 'Teri Gram, Gurugram, India', Timestamp('2023-12-26 10:00:00')]
2023-12-26 06:08:05,136 - __main__ - INFO - Timestamp 2023-12-26 10:00:00 already present in data/cron_job_data/teri_gram_cron_output.csv, not appending.
2023-12-26 06:08:05,609 - __main__ - INFO - station=> Vikas Sadan, result => ['151', 'Vikas Sadan Gurgaon, Gurgaon, India', Timestamp('2023-12-26 11:00:00')]
2023-12-26 06:08:05,610 - __main__ - INFO - The data has been written to data/cron_job_data/vikas_sadan_cron_output.csv with Timestamp: 2023-12-26 11:00:00
2023-12-26 07:03:10,409 - __main__ - INFO - station=> nise gwal, result => ['277', 'NISE Gwal Pahari, Gurugram, India', Timestamp('2023-12-26 11:00:00')]
2023-12-26 07:03:10,410 - __main__ - INFO - Timestamp 2023-12-26 11:00:00 already present in data/cron_job_data/nise_cron_output.csv, not appending.
2023-12-26 07:03:10,893 - __main__ - INFO - station=> Sector-51, Gurugram, result => ['195', 'Sector-51, Gurugram, India', Timestamp('2023-12-26 11:00:00')]
2023-12-26 07:03:10,893 - __main__ - INFO - The data has been written to data/cron_job_data/sector_51_cron_output.csv with Timestamp: 2023-12-26 11:00:00
2023-12-26 07:03:11,382 - __main__ - INFO - station=> Teri Gram, result => ['241', 'Teri Gram, Gurugram, India', Timestamp('2023-12-26 10:00:00')]
2023-12-26 07:03:11,382 - __main__ - INFO - Timestamp 2023-12-26 10:00:00 already present in data/cron_job_data/teri_gram_cron_output.csv, not appending.
2023-12-26 07:03:11,864 - __main__ - INFO - station=> Vikas Sadan, result => ['151', 'Vikas Sadan Gurgaon, Gurgaon, India', Timestamp('2023-12-26 11:00:00')]
2023-12-26 07:03:11,864 - __main__ - INFO - Timestamp 2023-12-26 11:00:00 already present in data/cron_job_data/vikas_sadan_cron_output.csv, not appending.
2023-12-26 08:08:04,046 - __main__ - INFO - station=> nise gwal, result => ['185', 'NISE Gwal Pahari, Gurugram, India', Timestamp('2023-12-26 13:00:00')]
2023-12-26 08:08:04,046 - __main__ - INFO - The data has been written to data/cron_job_data/nise_cron_output.csv with Timestamp: 2023-12-26 13:00:00
2023-12-26 08:08:04,738 - __main__ - INFO - station=> Sector-51, Gurugram, result => ['374', 'Sector-51, Gurugram, India', Timestamp('2023-12-26 13:00:00')]
2023-12-26 08:08:04,738 - __main__ - INFO - The data has been written to data/cron_job_data/sector_51_cron_output.csv with Timestamp: 2023-12-26 13:00:00
2023-12-26 08:08:05,442 - __main__ - INFO - station=> Teri Gram, result => ['190', 'Teri Gram, Gurugram, India', Timestamp('2023-12-26 13:00:00')]
2023-12-26 08:08:05,443 - __main__ - INFO - The data has been written to data/cron_job_data/teri_gram_cron_output.csv with Timestamp: 2023-12-26 13:00:00
2023-12-26 08:08:06,131 - __main__ - INFO - station=> Vikas Sadan, result => ['223', 'Vikas Sadan Gurgaon, Gurgaon, India', Timestamp('2023-12-26 13:00:00')]
2023-12-26 08:08:06,131 - __main__ - INFO - The data has been written to data/cron_job_data/vikas_sadan_cron_output.csv with Timestamp: 2023-12-26 13:00:00
2023-12-26 09:04:12,695 - __main__ - INFO - station=> nise gwal, result => ['171', 'NISE Gwal Pahari, Gurugram, India', Timestamp('2023-12-26 14:00:00')]
2023-12-26 09:04:12,695 - __main__ - INFO - The data has been written to data/cron_job_data/nise_cron_output.csv with Timestamp: 2023-12-26 14:00:00
2023-12-26 09:04:13,386 - __main__ - INFO - station=> Sector-51, Gurugram, result => ['292', 'Sector-51, Gurugram, India', Timestamp('2023-12-26 14:00:00')]
2023-12-26 09:04:13,386 - __main__ - INFO - The data has been written to data/cron_job_data/sector_51_cron_output.csv with Timestamp: 2023-12-26 14:00:00
2023-12-26 09:04:14,101 - __main__ - INFO - station=> Teri Gram, result => ['179', 'Teri Gram, Gurugram, India', Timestamp('2023-12-26 14:00:00')]
2023-12-26 09:04:14,101 - __main__ - INFO - The data has been written to data/cron_job_data/teri_gram_cron_output.csv with Timestamp: 2023-12-26 14:00:00
2023-12-26 09:04:14,770 - __main__ - INFO - station=> Vikas Sadan, result => ['189', 'Vikas Sadan Gurgaon, Gurgaon, India', Timestamp('2023-12-26 14:00:00')]
2023-12-26 09:04:14,771 - __main__ - INFO - The data has been written to data/cron_job_data/vikas_sadan_cron_output.csv with Timestamp: 2023-12-26 14:00:00
2023-12-26 10:04:49,277 - __main__ - INFO - station=> nise gwal, result => ['155', 'NISE Gwal Pahari, Gurugram, India', Timestamp('2023-12-26 15:00:00')]
2023-12-26 10:04:49,278 - __main__ - INFO - The data has been written to data/cron_job_data/nise_cron_output.csv with Timestamp: 2023-12-26 15:00:00
2023-12-26 10:04:49,974 - __main__ - INFO - station=> Sector-51, Gurugram, result => ['262', 'Sector-51, Gurugram, India', Timestamp('2023-12-26 15:00:00')]
2023-12-26 10:04:49,974 - __main__ - INFO - The data has been written to data/cron_job_data/sector_51_cron_output.csv with Timestamp: 2023-12-26 15:00:00
2023-12-26 10:04:50,662 - __main__ - INFO - station=> Teri Gram, result => ['166', 'Teri Gram, Gurugram, India', Timestamp('2023-12-26 15:00:00')]
2023-12-26 10:04:50,662 - __main__ - INFO - The data has been written to data/cron_job_data/teri_gram_cron_output.csv with Timestamp: 2023-12-26 15:00:00
2023-12-26 10:04:51,350 - __main__ - INFO - station=> Vikas Sadan, result => ['163', 'Vikas Sadan Gurgaon, Gurgaon, India', Timestamp('2023-12-26 15:00:00')]
2023-12-26 10:04:51,351 - __main__ - INFO - The data has been written to data/cron_job_data/vikas_sadan_cron_output.csv with Timestamp: 2023-12-26 15:00:00
2023-12-26 11:02:32,328 - __main__ - INFO - station=> nise gwal, result => ['151', 'NISE Gwal Pahari, Gurugram, India', Timestamp('2023-12-26 16:00:00')]
2023-12-26 11:02:32,329 - __main__ - INFO - The data has been written to data/cron_job_data/nise_cron_output.csv with Timestamp: 2023-12-26 16:00:00
2023-12-26 11:02:33,037 - __main__ - INFO - station=> Sector-51, Gurugram, result => ['217', 'Sector-51, Gurugram, India', Timestamp('2023-12-26 16:00:00')]
2023-12-26 11:02:33,037 - __main__ - INFO - The data has been written to data/cron_job_data/sector_51_cron_output.csv with Timestamp: 2023-12-26 16:00:00
2023-12-26 11:02:33,737 - __main__ - INFO - station=> Teri Gram, result => ['159', 'Teri Gram, Gurugram, India', Timestamp('2023-12-26 16:00:00')]
2023-12-26 11:02:33,738 - __main__ - INFO - The data has been written to data/cron_job_data/teri_gram_cron_output.csv with Timestamp: 2023-12-26 16:00:00
2023-12-26 11:02:34,409 - __main__ - INFO - station=> Vikas Sadan, result => ['139', 'Vikas Sadan Gurgaon, Gurgaon, India', Timestamp('2023-12-26 16:00:00')]
2023-12-26 11:02:34,409 - __main__ - INFO - The data has been written to data/cron_job_data/vikas_sadan_cron_output.csv with Timestamp: 2023-12-26 16:00:00
2023-12-26 12:09:58,688 - __main__ - INFO - station=> nise gwal, result => ['159', 'NISE Gwal Pahari, Gurugram, India', Timestamp('2023-12-26 17:00:00')]
2023-12-26 12:09:58,689 - __main__ - INFO - The data has been written to data/cron_job_data/nise_cron_output.csv with Timestamp: 2023-12-26 17:00:00
2023-12-26 12:09:59,172 - __main__ - INFO - station=> Sector-51, Gurugram, result => ['190', 'Sector-51, Gurugram, India', Timestamp('2023-12-26 17:00:00')]
2023-12-26 12:09:59,172 - __main__ - INFO - The data has been written to data/cron_job_data/sector_51_cron_output.csv with Timestamp: 2023-12-26 17:00:00
2023-12-26 12:09:59,656 - __main__ - INFO - station=> Teri Gram, result => ['160', 'Teri Gram, Gurugram, India', Timestamp('2023-12-26 16:00:00')]
2023-12-26 12:09:59,656 - __main__ - INFO - Timestamp 2023-12-26 16:00:00 already present in data/cron_job_data/teri_gram_cron_output.csv, not appending.
2023-12-26 12:10:00,138 - __main__ - INFO - station=> Vikas Sadan, result => ['154', 'Vikas Sadan Gurgaon, Gurgaon, India', Timestamp('2023-12-26 17:00:00')]
2023-12-26 12:10:00,139 - __main__ - INFO - The data has been written to data/cron_job_data/vikas_sadan_cron_output.csv with Timestamp: 2023-12-26 17:00:00
2023-12-26 13:06:32,544 - __main__ - INFO - station=> nise gwal, result => ['163', 'NISE Gwal Pahari, Gurugram, India', Timestamp('2023-12-26 18:00:00')]
2023-12-26 13:06:32,545 - __main__ - INFO - The data has been written to data/cron_job_data/nise_cron_output.csv with Timestamp: 2023-12-26 18:00:00
2023-12-26 13:06:33,019 - __main__ - INFO - station=> Sector-51, Gurugram, result => ['193', 'Sector-51, Gurugram, India', Timestamp('2023-12-26 18:00:00')]
2023-12-26 13:06:33,019 - __main__ - INFO - The data has been written to data/cron_job_data/sector_51_cron_output.csv with Timestamp: 2023-12-26 18:00:00
2023-12-26 13:06:33,494 - __main__ - INFO - station=> Teri Gram, result => ['160', 'Teri Gram, Gurugram, India', Timestamp('2023-12-26 16:00:00')]
2023-12-26 13:06:33,494 - __main__ - INFO - Timestamp 2023-12-26 16:00:00 already present in data/cron_job_data/teri_gram_cron_output.csv, not appending.
2023-12-26 13:06:33,972 - __main__ - INFO - station=> Vikas Sadan, result => ['156', 'Vikas Sadan Gurgaon, Gurgaon, India', Timestamp('2023-12-26 18:00:00')]
2023-12-26 13:06:33,973 - __main__ - INFO - The data has been written to data/cron_job_data/vikas_sadan_cron_output.csv with Timestamp: 2023-12-26 18:00:00
