2024-03-27 01:40:13,921 - __main__ - INFO - station=> Sector-51, Gurugram, result => ['895', 'Sector-51, Gurugram, India', Timestamp('2024-03-27 07:00:00')]
2024-03-27 01:40:13,921 - __main__ - INFO - The hourly data has been written to data/cron_job_data/sector_51_cron_output.csv with Timestamp: 2024-03-27 07:00:00
2024-03-27 01:40:14,584 - __main__ - INFO - station=> Sector-51, Gurugram, result => ['895', 'Sector-51, Gurugram, India', Timestamp('2024-03-27 07:00:00')]
2024-03-27 01:40:14,584 - __main__ - INFO - The hourly data has been written to static/data/sector_51_cron_output.csv with Timestamp: 2024-03-27 07:00:00
2024-03-27 01:40:14,585 - __main__ - INFO - Calling writeData & retrain_model functions.
2024-03-27 01:40:14,591 - __main__ - INFO - df_api columns Index(['AQI'], dtype='object')
2024-03-27 01:40:14,591 - __main__ - INFO - today=> 2024-03-27 & yesterday=> 2024-03-26
2024-03-27 01:40:14,593 - __main__ - INFO - temp_daily_aqi columns Index(['Unnamed: 0', 'Date', 'AQI'], dtype='object')
2024-03-27 01:40:14,595 - __main__ - INFO - temp_daily_aqi[2024-03-26]=> Empty DataFrame
Columns: [Unnamed: 0, AQI]
Index: []
2024-03-27 01:40:14,596 - __main__ - INFO - Index => 1482, yesterday => 2024-03-26 & AQI => 155.0
2024-03-27 01:40:14,596 - __main__ - INFO - Daily AQI data has been written to data/cleaned_data/Forecasting_time_series/sector_51_daily_aqi.csv
2024-03-27 01:40:14,597 - __main__ - INFO - Index => 1482, yesterday => 2024-03-26 & AQI => 155.0
2024-03-27 01:40:14,597 - __main__ - INFO - Daily AQI data has been written to static/data/sector_51_daily_aqi.csv
2024-03-27 01:40:14,601 - __main__ - INFO - Re-training the model & train_end is 2024-03-21 00:00:00
2024-03-27 01:40:15,912 - __main__ - INFO - Retrained the model & MAPE is 23.9%
2024-03-27 01:40:15,913 - __main__ - INFO - Retrained the model & MAE is 41.43766051969242%
2024-03-27 01:40:17,100 - __main__ - INFO - Forecast=> 2024-03-27    176.840012
2024-03-28    184.220474
2024-03-29    193.468037
2024-03-30    206.466589
2024-03-31    187.672493
Freq: D, Name: predicted_mean, dtype: float64
2024-03-27 01:40:17,101 - __main__ - INFO - The forecast data has been written to data/cleaned_data/Forecasting_time_series/forecast_sector_51_daily_aqi.csv
2024-03-27 01:40:17,101 - __main__ - INFO - The forecast data has been written to static/data/forecast_sector_51_daily_aqi.csv
