2024-04-27 00:30:58,716 - __main__ - INFO - station=> Sector-51, Gurugram, result => ['166', 'Sector-51, Gurugram, India', Timestamp('2024-04-27 05:00:00')]
2024-04-27 00:30:58,716 - __main__ - INFO - The hourly data has been written to data/cron_job_data/sector_51_cron_output.csv with Timestamp: 2024-04-27 05:00:00
2024-04-27 00:30:59,204 - __main__ - INFO - station=> Sector-51, Gurugram, result => ['166', 'Sector-51, Gurugram, India', Timestamp('2024-04-27 05:00:00')]
2024-04-27 00:30:59,204 - __main__ - INFO - The hourly data has been written to static/data/sector_51_cron_output.csv with Timestamp: 2024-04-27 05:00:00
2024-04-27 01:41:35,602 - __main__ - INFO - station=> Sector-51, Gurugram, result => ['163', 'Sector-51, Gurugram, India', Timestamp('2024-04-27 07:00:00')]
2024-04-27 01:41:35,603 - __main__ - INFO - The hourly data has been written to data/cron_job_data/sector_51_cron_output.csv with Timestamp: 2024-04-27 07:00:00
2024-04-27 01:41:36,282 - __main__ - INFO - station=> Sector-51, Gurugram, result => ['163', 'Sector-51, Gurugram, India', Timestamp('2024-04-27 07:00:00')]
2024-04-27 01:41:36,282 - __main__ - INFO - The hourly data has been written to static/data/sector_51_cron_output.csv with Timestamp: 2024-04-27 07:00:00
2024-04-27 01:41:36,283 - __main__ - INFO - Calling writeData & retrain_model functions.
2024-04-27 01:41:36,289 - __main__ - INFO - df_api columns Index(['AQI'], dtype='object')
2024-04-27 01:41:36,289 - __main__ - INFO - today=> 2024-04-27 & yesterday=> 2024-04-26
2024-04-27 01:41:36,291 - __main__ - INFO - temp_daily_aqi columns Index(['Unnamed: 0', 'Date', 'AQI'], dtype='object')
2024-04-27 01:41:36,294 - __main__ - INFO - temp_daily_aqi[2024-04-26]=> Empty DataFrame
Columns: [Unnamed: 0, AQI]
Index: []
2024-04-27 01:41:36,294 - __main__ - INFO - Index => 1513, yesterday => 2024-04-26 & AQI => nan
2024-04-27 01:41:36,294 - __main__ - INFO - writeData function - Exception IndexError has occured for station=> data/cleaned_data/Forecasting_time_series/sector_51_daily_aqi.csv
2024-04-27 01:41:36,299 - __main__ - INFO - Re-training the model & train_end is 2024-04-20 00:00:00
2024-04-27 01:41:37,468 - __main__ - INFO - Retrained the model & MAPE is 75.43%
2024-04-27 01:41:37,469 - __main__ - INFO - Retrained the model & MAE is 140.71171584259872%
2024-04-27 01:41:38,807 - __main__ - INFO - Forecast=> 2024-04-26    209.745820
2024-04-27    228.803791
2024-04-28    202.172009
2024-04-29    205.132374
2024-04-30    204.854814
Freq: D, Name: predicted_mean, dtype: float64
2024-04-27 01:41:38,807 - __main__ - INFO - The forecast data has been written to data/cleaned_data/Forecasting_time_series/forecast_sector_51_daily_aqi.csv
2024-04-27 01:41:38,808 - __main__ - INFO - The forecast data has been written to static/data/forecast_sector_51_daily_aqi.csv
2024-04-27 03:08:44,621 - __main__ - INFO - station=> Sector-51, Gurugram, result => ['177', 'Sector-51, Gurugram, India', Timestamp('2024-04-27 08:00:00')]
2024-04-27 03:08:44,621 - __main__ - INFO - The hourly data has been written to data/cron_job_data/sector_51_cron_output.csv with Timestamp: 2024-04-27 08:00:00
2024-04-27 03:08:45,306 - __main__ - INFO - station=> Sector-51, Gurugram, result => ['177', 'Sector-51, Gurugram, India', Timestamp('2024-04-27 08:00:00')]
2024-04-27 03:08:45,306 - __main__ - INFO - The hourly data has been written to static/data/sector_51_cron_output.csv with Timestamp: 2024-04-27 08:00:00
2024-04-27 04:08:29,730 - __main__ - INFO - station=> Sector-51, Gurugram, result => ['186', 'Sector-51, Gurugram, India', Timestamp('2024-04-27 09:00:00')]
2024-04-27 04:08:29,730 - __main__ - INFO - The hourly data has been written to data/cron_job_data/sector_51_cron_output.csv with Timestamp: 2024-04-27 09:00:00
2024-04-27 04:08:30,379 - __main__ - INFO - station=> Sector-51, Gurugram, result => ['186', 'Sector-51, Gurugram, India', Timestamp('2024-04-27 09:00:00')]
2024-04-27 04:08:30,379 - __main__ - INFO - The hourly data has been written to static/data/sector_51_cron_output.csv with Timestamp: 2024-04-27 09:00:00
2024-04-27 05:07:14,969 - __main__ - INFO - station=> Sector-51, Gurugram, result => ['216', 'Sector-51, Gurugram, India', Timestamp('2024-04-27 10:00:00')]
2024-04-27 05:07:14,969 - __main__ - INFO - The hourly data has been written to data/cron_job_data/sector_51_cron_output.csv with Timestamp: 2024-04-27 10:00:00
2024-04-27 05:07:15,434 - __main__ - INFO - station=> Sector-51, Gurugram, result => ['216', 'Sector-51, Gurugram, India', Timestamp('2024-04-27 10:00:00')]
2024-04-27 05:07:15,434 - __main__ - INFO - The hourly data has been written to static/data/sector_51_cron_output.csv with Timestamp: 2024-04-27 10:00:00
2024-04-27 06:09:23,198 - __main__ - INFO - station=> Sector-51, Gurugram, result => ['275', 'Sector-51, Gurugram, India', Timestamp('2024-04-27 11:00:00')]
2024-04-27 06:09:23,198 - __main__ - INFO - The hourly data has been written to data/cron_job_data/sector_51_cron_output.csv with Timestamp: 2024-04-27 11:00:00
2024-04-27 06:09:23,673 - __main__ - INFO - station=> Sector-51, Gurugram, result => ['275', 'Sector-51, Gurugram, India', Timestamp('2024-04-27 11:00:00')]
2024-04-27 06:09:23,673 - __main__ - INFO - The hourly data has been written to static/data/sector_51_cron_output.csv with Timestamp: 2024-04-27 11:00:00
2024-04-27 07:18:28,538 - __main__ - INFO - station=> Sector-51, Gurugram, result => ['278', 'Sector-51, Gurugram, India', Timestamp('2024-04-27 12:00:00')]
2024-04-27 07:18:28,538 - __main__ - INFO - The hourly data has been written to data/cron_job_data/sector_51_cron_output.csv with Timestamp: 2024-04-27 12:00:00
2024-04-27 07:18:29,008 - __main__ - INFO - station=> Sector-51, Gurugram, result => ['278', 'Sector-51, Gurugram, India', Timestamp('2024-04-27 12:00:00')]
2024-04-27 07:18:29,008 - __main__ - INFO - The hourly data has been written to static/data/sector_51_cron_output.csv with Timestamp: 2024-04-27 12:00:00
2024-04-27 08:09:10,348 - __main__ - INFO - station=> Sector-51, Gurugram, result => ['261', 'Sector-51, Gurugram, India', Timestamp('2024-04-27 13:00:00')]
2024-04-27 08:09:10,348 - __main__ - INFO - The hourly data has been written to data/cron_job_data/sector_51_cron_output.csv with Timestamp: 2024-04-27 13:00:00
2024-04-27 08:09:10,840 - __main__ - INFO - station=> Sector-51, Gurugram, result => ['261', 'Sector-51, Gurugram, India', Timestamp('2024-04-27 13:00:00')]
2024-04-27 08:09:10,840 - __main__ - INFO - The hourly data has been written to static/data/sector_51_cron_output.csv with Timestamp: 2024-04-27 13:00:00
2024-04-27 09:06:06,654 - __main__ - INFO - station=> Sector-51, Gurugram, result => ['237', 'Sector-51, Gurugram, India', Timestamp('2024-04-27 14:00:00')]
2024-04-27 09:06:06,655 - __main__ - INFO - The hourly data has been written to data/cron_job_data/sector_51_cron_output.csv with Timestamp: 2024-04-27 14:00:00
2024-04-27 09:06:07,359 - __main__ - INFO - station=> Sector-51, Gurugram, result => ['237', 'Sector-51, Gurugram, India', Timestamp('2024-04-27 14:00:00')]
2024-04-27 09:06:07,359 - __main__ - INFO - The hourly data has been written to static/data/sector_51_cron_output.csv with Timestamp: 2024-04-27 14:00:00
2024-04-27 10:07:33,439 - __main__ - INFO - station=> Sector-51, Gurugram, result => ['223', 'Sector-51, Gurugram, India', Timestamp('2024-04-27 15:00:00')]
2024-04-27 10:07:33,439 - __main__ - INFO - The hourly data has been written to data/cron_job_data/sector_51_cron_output.csv with Timestamp: 2024-04-27 15:00:00
2024-04-27 10:07:34,056 - __main__ - INFO - station=> Sector-51, Gurugram, result => ['223', 'Sector-51, Gurugram, India', Timestamp('2024-04-27 15:00:00')]
2024-04-27 10:07:34,056 - __main__ - INFO - The hourly data has been written to static/data/sector_51_cron_output.csv with Timestamp: 2024-04-27 15:00:00
2024-04-27 12:10:27,201 - __main__ - INFO - station=> Sector-51, Gurugram, result => ['247', 'Sector-51, Gurugram, India', Timestamp('2024-04-27 17:00:00')]
2024-04-27 12:10:27,201 - __main__ - INFO - The hourly data has been written to data/cron_job_data/sector_51_cron_output.csv with Timestamp: 2024-04-27 17:00:00
2024-04-27 12:10:27,839 - __main__ - INFO - station=> Sector-51, Gurugram, result => ['247', 'Sector-51, Gurugram, India', Timestamp('2024-04-27 17:00:00')]
2024-04-27 12:10:27,840 - __main__ - INFO - The hourly data has been written to static/data/sector_51_cron_output.csv with Timestamp: 2024-04-27 17:00:00
2024-04-27 13:07:49,101 - __main__ - INFO - station=> Sector-51, Gurugram, result => ['271', 'Sector-51, Gurugram, India', Timestamp('2024-04-27 18:00:00')]
2024-04-27 13:07:49,101 - __main__ - INFO - The hourly data has been written to data/cron_job_data/sector_51_cron_output.csv with Timestamp: 2024-04-27 18:00:00
2024-04-27 13:07:49,748 - __main__ - INFO - station=> Sector-51, Gurugram, result => ['271', 'Sector-51, Gurugram, India', Timestamp('2024-04-27 18:00:00')]
2024-04-27 13:07:49,748 - __main__ - INFO - The hourly data has been written to static/data/sector_51_cron_output.csv with Timestamp: 2024-04-27 18:00:00
2024-04-27 14:03:56,326 - __main__ - INFO - station=> Sector-51, Gurugram, result => ['267', 'Sector-51, Gurugram, India', Timestamp('2024-04-27 19:00:00')]
2024-04-27 14:03:56,326 - __main__ - INFO - The hourly data has been written to data/cron_job_data/sector_51_cron_output.csv with Timestamp: 2024-04-27 19:00:00
2024-04-27 14:03:56,801 - __main__ - INFO - station=> Sector-51, Gurugram, result => ['267', 'Sector-51, Gurugram, India', Timestamp('2024-04-27 19:00:00')]
2024-04-27 14:03:56,801 - __main__ - INFO - The hourly data has been written to static/data/sector_51_cron_output.csv with Timestamp: 2024-04-27 19:00:00
2024-04-27 15:05:08,928 - __main__ - INFO - station=> Sector-51, Gurugram, result => ['257', 'Sector-51, Gurugram, India', Timestamp('2024-04-27 20:00:00')]
2024-04-27 15:05:08,928 - __main__ - INFO - The hourly data has been written to data/cron_job_data/sector_51_cron_output.csv with Timestamp: 2024-04-27 20:00:00
2024-04-27 15:05:09,593 - __main__ - INFO - station=> Sector-51, Gurugram, result => ['257', 'Sector-51, Gurugram, India', Timestamp('2024-04-27 20:00:00')]
2024-04-27 15:05:09,594 - __main__ - INFO - The hourly data has been written to static/data/sector_51_cron_output.csv with Timestamp: 2024-04-27 20:00:00
2024-04-27 16:07:14,405 - __main__ - INFO - station=> Sector-51, Gurugram, result => ['247', 'Sector-51, Gurugram, India', Timestamp('2024-04-27 21:00:00')]
2024-04-27 16:07:14,405 - __main__ - INFO - The hourly data has been written to data/cron_job_data/sector_51_cron_output.csv with Timestamp: 2024-04-27 21:00:00
2024-04-27 16:07:15,055 - __main__ - INFO - station=> Sector-51, Gurugram, result => ['247', 'Sector-51, Gurugram, India', Timestamp('2024-04-27 21:00:00')]
2024-04-27 16:07:15,056 - __main__ - INFO - The hourly data has been written to static/data/sector_51_cron_output.csv with Timestamp: 2024-04-27 21:00:00
2024-04-27 17:04:09,669 - __main__ - INFO - station=> Sector-51, Gurugram, result => ['247', 'Sector-51, Gurugram, India', Timestamp('2024-04-27 22:00:00')]
2024-04-27 17:04:09,669 - __main__ - INFO - The hourly data has been written to data/cron_job_data/sector_51_cron_output.csv with Timestamp: 2024-04-27 22:00:00
2024-04-27 17:04:10,319 - __main__ - INFO - station=> Sector-51, Gurugram, result => ['247', 'Sector-51, Gurugram, India', Timestamp('2024-04-27 22:00:00')]
2024-04-27 17:04:10,319 - __main__ - INFO - The hourly data has been written to static/data/sector_51_cron_output.csv with Timestamp: 2024-04-27 22:00:00
2024-04-27 18:07:58,929 - __main__ - INFO - station=> Sector-51, Gurugram, result => ['258', 'Sector-51, Gurugram, India', Timestamp('2024-04-27 23:00:00')]
2024-04-27 18:07:58,929 - __main__ - INFO - The hourly data has been written to data/cron_job_data/sector_51_cron_output.csv with Timestamp: 2024-04-27 23:00:00
2024-04-27 18:07:59,413 - __main__ - INFO - station=> Sector-51, Gurugram, result => ['258', 'Sector-51, Gurugram, India', Timestamp('2024-04-27 23:00:00')]
2024-04-27 18:07:59,414 - __main__ - INFO - The hourly data has been written to static/data/sector_51_cron_output.csv with Timestamp: 2024-04-27 23:00:00
2024-04-27 21:04:42,713 - __main__ - INFO - station=> Sector-51, Gurugram, result => ['198', 'Sector-51, Gurugram, India', Timestamp('2024-04-28 02:00:00')]
2024-04-27 21:04:42,713 - __main__ - INFO - The hourly data has been written to data/cron_job_data/sector_51_cron_output.csv with Timestamp: 2024-04-28 02:00:00
2024-04-27 21:04:43,379 - __main__ - INFO - station=> Sector-51, Gurugram, result => ['198', 'Sector-51, Gurugram, India', Timestamp('2024-04-28 02:00:00')]
2024-04-27 21:04:43,379 - __main__ - INFO - The hourly data has been written to static/data/sector_51_cron_output.csv with Timestamp: 2024-04-28 02:00:00
