2024-01-27 00:27:34,083 - __main__ - INFO - station=> nise gwal, result => ['237', 'NISE Gwal Pahari, Gurugram, India', Timestamp('2024-01-27 05:00:00')]
2024-01-27 00:27:34,083 - __main__ - INFO - The hourly data has been written to data/cron_job_data/nise_cron_output.csv with Timestamp: 2024-01-27 05:00:00
2024-01-27 00:27:34,773 - __main__ - INFO - station=> Sector-51, Gurugram, result => ['319', 'Sector-51, Gurugram, India', Timestamp('2024-01-27 05:00:00')]
2024-01-27 00:27:34,773 - __main__ - INFO - The hourly data has been written to data/cron_job_data/sector_51_cron_output.csv with Timestamp: 2024-01-27 05:00:00
2024-01-27 00:27:35,445 - __main__ - INFO - station=> Sector-51, Gurugram, result => ['319', 'Sector-51, Gurugram, India', Timestamp('2024-01-27 05:00:00')]
2024-01-27 00:27:35,445 - __main__ - INFO - The hourly data has been written to static/data/sector_51_cron_output.csv with Timestamp: 2024-01-27 05:00:00
2024-01-27 00:27:36,135 - __main__ - INFO - station=> Teri Gram, result => ['205', 'Teri Gram, Gurugram, India', Timestamp('2024-01-27 05:00:00')]
2024-01-27 00:27:36,135 - __main__ - INFO - The hourly data has been written to data/cron_job_data/teri_gram_cron_output.csv with Timestamp: 2024-01-27 05:00:00
2024-01-27 00:27:36,823 - __main__ - INFO - station=> Vikas Sadan, result => ['197', 'Vikas Sadan Gurgaon, Gurgaon, India', Timestamp('2024-01-27 05:00:00')]
2024-01-27 00:27:36,823 - __main__ - INFO - The hourly data has been written to data/cron_job_data/vikas_sadan_cron_output.csv with Timestamp: 2024-01-27 05:00:00
2024-01-27 01:37:27,885 - __main__ - INFO - station=> nise gwal, result => ['218', 'NISE Gwal Pahari, Gurugram, India', Timestamp('2024-01-27 07:00:00')]
2024-01-27 01:37:27,885 - __main__ - INFO - The hourly data has been written to data/cron_job_data/nise_cron_output.csv with Timestamp: 2024-01-27 07:00:00
2024-01-27 01:37:28,512 - __main__ - INFO - station=> Sector-51, Gurugram, result => ['262', 'Sector-51, Gurugram, India', Timestamp('2024-01-27 07:00:00')]
2024-01-27 01:37:28,512 - __main__ - INFO - The hourly data has been written to data/cron_job_data/sector_51_cron_output.csv with Timestamp: 2024-01-27 07:00:00
2024-01-27 01:37:29,189 - __main__ - INFO - station=> Sector-51, Gurugram, result => ['262', 'Sector-51, Gurugram, India', Timestamp('2024-01-27 07:00:00')]
2024-01-27 01:37:29,189 - __main__ - INFO - The hourly data has been written to static/data/sector_51_cron_output.csv with Timestamp: 2024-01-27 07:00:00
2024-01-27 01:37:29,839 - __main__ - INFO - station=> Teri Gram, result => ['222', 'Teri Gram, Gurugram, India', Timestamp('2024-01-27 06:00:00')]
2024-01-27 01:37:29,839 - __main__ - INFO - The hourly data has been written to data/cron_job_data/teri_gram_cron_output.csv with Timestamp: 2024-01-27 06:00:00
2024-01-27 01:37:30,464 - __main__ - INFO - station=> Vikas Sadan, result => ['198', 'Vikas Sadan Gurgaon, Gurgaon, India', Timestamp('2024-01-27 06:00:00')]
2024-01-27 01:37:30,464 - __main__ - INFO - The hourly data has been written to data/cron_job_data/vikas_sadan_cron_output.csv with Timestamp: 2024-01-27 06:00:00
2024-01-27 01:37:30,465 - __main__ - INFO - Calling writeData & retrain_model functions.
2024-01-27 01:37:30,471 - __main__ - INFO - df_api columns Index(['AQI'], dtype='object')
2024-01-27 01:37:30,471 - __main__ - INFO - today=> 2024-01-27 & yesterday=> 2024-01-26
2024-01-27 01:37:30,473 - __main__ - INFO - temp_daily_aqi columns Index(['Unnamed: 0', 'Date', 'AQI'], dtype='object')
2024-01-27 01:37:30,475 - __main__ - INFO - temp_daily_aqi[2024-01-26]=> Empty DataFrame
Columns: [Unnamed: 0, AQI]
Index: []
2024-01-27 01:37:30,476 - __main__ - INFO - Index => 1422, yesterday => 2024-01-26 & AQI => 259.0
2024-01-27 01:37:30,476 - __main__ - INFO - Daily AQI data has been written to data/cleaned_data/Forecasting_time_series/sector_51_daily_aqi.csv
2024-01-27 01:37:30,477 - __main__ - INFO - Index => 1422, yesterday => 2024-01-26 & AQI => 259.0
2024-01-27 01:37:30,477 - __main__ - INFO - Daily AQI data has been written to static/data/sector_51_daily_aqi.csv
2024-01-27 01:37:30,481 - __main__ - INFO - Re-training the model & train_end is 2024-01-21 00:00:00
2024-01-27 01:37:31,946 - __main__ - INFO - Retrained the model & MAPE is 9.04%
2024-01-27 01:37:31,947 - __main__ - INFO - Retrained the model & MAE is 25.893631767323633%
2024-01-27 01:37:33,340 - __main__ - INFO - Forecast=> 2024-01-27    255.693386
2024-01-28    239.689397
2024-01-29    239.901277
2024-01-30    239.680711
2024-01-31    236.571559
Freq: D, Name: predicted_mean, dtype: float64
2024-01-27 01:37:33,341 - __main__ - INFO - The forecast data has been written to data/cleaned_data/Forecasting_time_series/forecast_sector_51_daily_aqi.csv
2024-01-27 01:37:33,341 - __main__ - INFO - The forecast data has been written to static/data/forecast_sector_51_daily_aqi.csv
2024-01-27 02:11:26,823 - __main__ - INFO - station=> Teri Gram, result => ['248', 'Teri Gram, Gurugram, India', Timestamp('2024-01-27 07:00:00')]
2024-01-27 02:11:26,823 - __main__ - INFO - The hourly data has been written to data/cron_job_data/teri_gram_cron_output.csv with Timestamp: 2024-01-27 07:00:00
2024-01-27 02:11:27,296 - __main__ - INFO - station=> Vikas Sadan, result => ['196', 'Vikas Sadan Gurgaon, Gurgaon, India', Timestamp('2024-01-27 07:00:00')]
2024-01-27 02:11:27,296 - __main__ - INFO - The hourly data has been written to data/cron_job_data/vikas_sadan_cron_output.csv with Timestamp: 2024-01-27 07:00:00
2024-01-27 03:04:11,864 - __main__ - INFO - station=> nise gwal, result => ['202', 'NISE Gwal Pahari, Gurugram, India', Timestamp('2024-01-27 08:00:00')]
2024-01-27 03:04:11,865 - __main__ - INFO - The hourly data has been written to data/cron_job_data/nise_cron_output.csv with Timestamp: 2024-01-27 08:00:00
2024-01-27 03:04:12,347 - __main__ - INFO - station=> Sector-51, Gurugram, result => ['231', 'Sector-51, Gurugram, India', Timestamp('2024-01-27 08:00:00')]
2024-01-27 03:04:12,347 - __main__ - INFO - The hourly data has been written to data/cron_job_data/sector_51_cron_output.csv with Timestamp: 2024-01-27 08:00:00
2024-01-27 03:04:12,830 - __main__ - INFO - station=> Sector-51, Gurugram, result => ['231', 'Sector-51, Gurugram, India', Timestamp('2024-01-27 08:00:00')]
2024-01-27 03:04:12,830 - __main__ - INFO - The hourly data has been written to static/data/sector_51_cron_output.csv with Timestamp: 2024-01-27 08:00:00
2024-01-27 03:04:13,317 - __main__ - INFO - station=> Teri Gram, result => ['268', 'Teri Gram, Gurugram, India', Timestamp('2024-01-27 08:00:00')]
2024-01-27 03:04:13,317 - __main__ - INFO - The hourly data has been written to data/cron_job_data/teri_gram_cron_output.csv with Timestamp: 2024-01-27 08:00:00
2024-01-27 03:04:13,798 - __main__ - INFO - station=> Vikas Sadan, result => ['189', 'Vikas Sadan Gurgaon, Gurgaon, India', Timestamp('2024-01-27 08:00:00')]
2024-01-27 03:04:13,798 - __main__ - INFO - The hourly data has been written to data/cron_job_data/vikas_sadan_cron_output.csv with Timestamp: 2024-01-27 08:00:00
2024-01-27 04:07:07,974 - __main__ - INFO - station=> nise gwal, result => ['200', 'NISE Gwal Pahari, Gurugram, India', Timestamp('2024-01-27 09:00:00')]
2024-01-27 04:07:07,974 - __main__ - INFO - The hourly data has been written to data/cron_job_data/nise_cron_output.csv with Timestamp: 2024-01-27 09:00:00
2024-01-27 04:07:08,533 - __main__ - INFO - station=> Sector-51, Gurugram, result => ['220', 'Sector-51, Gurugram, India', Timestamp('2024-01-27 09:00:00')]
2024-01-27 04:07:08,533 - __main__ - INFO - The hourly data has been written to data/cron_job_data/sector_51_cron_output.csv with Timestamp: 2024-01-27 09:00:00
2024-01-27 04:07:09,063 - __main__ - INFO - station=> Sector-51, Gurugram, result => ['220', 'Sector-51, Gurugram, India', Timestamp('2024-01-27 09:00:00')]
2024-01-27 04:07:09,063 - __main__ - INFO - The hourly data has been written to static/data/sector_51_cron_output.csv with Timestamp: 2024-01-27 09:00:00
2024-01-27 04:07:09,595 - __main__ - INFO - station=> Teri Gram, result => ['263', 'Teri Gram, Gurugram, India', Timestamp('2024-01-27 09:00:00')]
2024-01-27 04:07:09,595 - __main__ - INFO - The hourly data has been written to data/cron_job_data/teri_gram_cron_output.csv with Timestamp: 2024-01-27 09:00:00
2024-01-27 04:07:10,123 - __main__ - INFO - station=> Vikas Sadan, result => ['178', 'Vikas Sadan Gurgaon, Gurgaon, India', Timestamp('2024-01-27 09:00:00')]
2024-01-27 04:07:10,123 - __main__ - INFO - The hourly data has been written to data/cron_job_data/vikas_sadan_cron_output.csv with Timestamp: 2024-01-27 09:00:00
2024-01-27 06:07:20,001 - __main__ - INFO - station=> nise gwal, result => ['208', 'NISE Gwal Pahari, Gurugram, India', Timestamp('2024-01-27 10:00:00')]
2024-01-27 06:07:20,001 - __main__ - INFO - The hourly data has been written to data/cron_job_data/nise_cron_output.csv with Timestamp: 2024-01-27 10:00:00
2024-01-27 06:07:20,481 - __main__ - INFO - station=> Sector-51, Gurugram, result => ['195', 'Sector-51, Gurugram, India', Timestamp('2024-01-27 11:00:00')]
2024-01-27 06:07:20,481 - __main__ - INFO - The hourly data has been written to data/cron_job_data/sector_51_cron_output.csv with Timestamp: 2024-01-27 11:00:00
2024-01-27 06:07:20,982 - __main__ - INFO - station=> Sector-51, Gurugram, result => ['195', 'Sector-51, Gurugram, India', Timestamp('2024-01-27 11:00:00')]
2024-01-27 06:07:20,982 - __main__ - INFO - The hourly data has been written to static/data/sector_51_cron_output.csv with Timestamp: 2024-01-27 11:00:00
2024-01-27 06:07:21,468 - __main__ - INFO - station=> Teri Gram, result => ['638', 'Teri Gram, Gurugram, India', Timestamp('2024-01-27 11:00:00')]
2024-01-27 06:07:21,469 - __main__ - INFO - The hourly data has been written to data/cron_job_data/teri_gram_cron_output.csv with Timestamp: 2024-01-27 11:00:00
2024-01-27 06:07:21,950 - __main__ - INFO - station=> Vikas Sadan, result => ['176', 'Vikas Sadan Gurgaon, Gurgaon, India', Timestamp('2024-01-27 11:00:00')]
2024-01-27 06:07:21,950 - __main__ - INFO - The hourly data has been written to data/cron_job_data/vikas_sadan_cron_output.csv with Timestamp: 2024-01-27 11:00:00
2024-01-27 13:03:04,566 - __main__ - INFO - station=> nise gwal, result => ['161', 'NISE Gwal Pahari, Gurugram, India', Timestamp('2024-01-27 12:00:00')]
2024-01-27 13:03:04,566 - __main__ - INFO - The hourly data has been written to data/cron_job_data/nise_cron_output.csv with Timestamp: 2024-01-27 12:00:00
2024-01-27 13:03:05,240 - __main__ - INFO - station=> Sector-51, Gurugram, result => ['195', 'Sector-51, Gurugram, India', Timestamp('2024-01-27 12:00:00')]
2024-01-27 13:03:05,240 - __main__ - INFO - The hourly data has been written to data/cron_job_data/sector_51_cron_output.csv with Timestamp: 2024-01-27 12:00:00
2024-01-27 13:03:05,929 - __main__ - INFO - station=> Sector-51, Gurugram, result => ['195', 'Sector-51, Gurugram, India', Timestamp('2024-01-27 12:00:00')]
2024-01-27 13:03:05,929 - __main__ - INFO - The hourly data has been written to static/data/sector_51_cron_output.csv with Timestamp: 2024-01-27 12:00:00
2024-01-27 18:05:03,308 - __main__ - INFO - station=> nise gwal, result => ['83', 'NISE Gwal Pahari, Gurugram, India', Timestamp('2024-01-27 18:00:00')]
2024-01-27 18:05:03,308 - __main__ - INFO - The hourly data has been written to data/cron_job_data/nise_cron_output.csv with Timestamp: 2024-01-27 18:00:00
2024-01-27 18:05:03,936 - __main__ - INFO - station=> Sector-51, Gurugram, result => ['433', 'Sector-51, Gurugram, India', Timestamp('2024-01-27 23:00:00')]
2024-01-27 18:05:03,936 - __main__ - INFO - The hourly data has been written to data/cron_job_data/sector_51_cron_output.csv with Timestamp: 2024-01-27 23:00:00
2024-01-27 18:05:04,574 - __main__ - INFO - station=> Sector-51, Gurugram, result => ['433', 'Sector-51, Gurugram, India', Timestamp('2024-01-27 23:00:00')]
2024-01-27 18:05:04,574 - __main__ - INFO - The hourly data has been written to static/data/sector_51_cron_output.csv with Timestamp: 2024-01-27 23:00:00
2024-01-27 18:05:05,213 - __main__ - INFO - station=> Teri Gram, result => ['267', 'Teri Gram, Gurugram, India', Timestamp('2024-01-27 23:00:00')]
2024-01-27 18:05:05,213 - __main__ - INFO - The hourly data has been written to data/cron_job_data/teri_gram_cron_output.csv with Timestamp: 2024-01-27 23:00:00
2024-01-27 18:05:05,869 - __main__ - INFO - station=> Vikas Sadan, result => ['179', 'Vikas Sadan Gurgaon, Gurgaon, India', Timestamp('2024-01-27 23:00:00')]
2024-01-27 18:05:05,869 - __main__ - INFO - The hourly data has been written to data/cron_job_data/vikas_sadan_cron_output.csv with Timestamp: 2024-01-27 23:00:00
2024-01-27 19:04:16,031 - __main__ - INFO - station=> nise gwal, result => ['184', 'NISE Gwal Pahari, Gurugram, India', Timestamp('2024-01-28 00:00:00')]
2024-01-27 19:04:16,031 - __main__ - INFO - The hourly data has been written to data/cron_job_data/nise_cron_output.csv with Timestamp: 2024-01-28 00:00:00
2024-01-27 19:04:16,515 - __main__ - INFO - station=> Sector-51, Gurugram, result => ['444', 'Sector-51, Gurugram, India', Timestamp('2024-01-28 00:00:00')]
2024-01-27 19:04:16,515 - __main__ - INFO - The hourly data has been written to data/cron_job_data/sector_51_cron_output.csv with Timestamp: 2024-01-28 00:00:00
2024-01-27 19:04:17,003 - __main__ - INFO - station=> Sector-51, Gurugram, result => ['444', 'Sector-51, Gurugram, India', Timestamp('2024-01-28 00:00:00')]
2024-01-27 19:04:17,003 - __main__ - INFO - The hourly data has been written to static/data/sector_51_cron_output.csv with Timestamp: 2024-01-28 00:00:00
2024-01-27 19:04:17,488 - __main__ - INFO - station=> Teri Gram, result => ['239', 'Teri Gram, Gurugram, India', Timestamp('2024-01-28 00:00:00')]
2024-01-27 19:04:17,488 - __main__ - INFO - The hourly data has been written to data/cron_job_data/teri_gram_cron_output.csv with Timestamp: 2024-01-28 00:00:00
2024-01-27 19:04:17,967 - __main__ - INFO - station=> Vikas Sadan, result => ['180', 'Vikas Sadan Gurgaon, Gurgaon, India', Timestamp('2024-01-28 00:00:00')]
2024-01-27 19:04:17,967 - __main__ - INFO - The hourly data has been written to data/cron_job_data/vikas_sadan_cron_output.csv with Timestamp: 2024-01-28 00:00:00
