2024-07-27 00:35:29,502 - __main__ - INFO - station=> Sector-51, Gurugram, result => ['156', 'Sector-51, Gurugram, India', Timestamp('2024-07-27 05:00:00')]
2024-07-27 00:35:29,502 - __main__ - INFO - The hourly data has been written to data/cron_job_data/sector_51_cron_output.csv with Timestamp: 2024-07-27 05:00:00
2024-07-27 00:35:29,968 - __main__ - INFO - station=> Sector-51, Gurugram, result => ['156', 'Sector-51, Gurugram, India', Timestamp('2024-07-27 05:00:00')]
2024-07-27 00:35:29,968 - __main__ - INFO - The hourly data has been written to static/data/sector_51_cron_output.csv with Timestamp: 2024-07-27 05:00:00
2024-07-27 01:55:48,328 - __main__ - INFO - station=> Sector-51, Gurugram, result => ['98', 'Sector-51, Gurugram, India', Timestamp('2024-07-27 07:00:00')]
2024-07-27 01:55:48,328 - __main__ - INFO - The hourly data has been written to data/cron_job_data/sector_51_cron_output.csv with Timestamp: 2024-07-27 07:00:00
2024-07-27 01:55:48,796 - __main__ - INFO - station=> Sector-51, Gurugram, result => ['98', 'Sector-51, Gurugram, India', Timestamp('2024-07-27 07:00:00')]
2024-07-27 01:55:48,797 - __main__ - INFO - The hourly data has been written to static/data/sector_51_cron_output.csv with Timestamp: 2024-07-27 07:00:00
2024-07-27 01:55:48,798 - __main__ - INFO - Calling writeData & retrain_model functions.
2024-07-27 01:55:48,806 - __main__ - INFO - df_api columns Index(['AQI'], dtype='object')
2024-07-27 01:55:48,806 - __main__ - INFO - today=> 2024-07-27 & yesterday=> 2024-07-26
2024-07-27 01:55:48,808 - __main__ - INFO - temp_daily_aqi columns Index(['Unnamed: 0', 'Date', 'AQI'], dtype='object')
2024-07-27 01:55:48,811 - __main__ - INFO - temp_daily_aqi[2024-07-26]=> Empty DataFrame
Columns: [Unnamed: 0, AQI]
Index: []
2024-07-27 01:55:48,811 - __main__ - INFO - Index => 1604, yesterday => 2024-07-26 & AQI => 136.0
2024-07-27 01:55:48,812 - __main__ - INFO - Daily AQI data has been written to data/cleaned_data/Forecasting_time_series/sector_51_daily_aqi.csv
2024-07-27 01:55:48,812 - __main__ - INFO - Index => 1604, yesterday => 2024-07-26 & AQI => 136.0
2024-07-27 01:55:48,812 - __main__ - INFO - Daily AQI data has been written to static/data/sector_51_daily_aqi.csv
2024-07-27 01:55:48,817 - __main__ - INFO - Re-training the model & train_end is 2024-07-21 00:00:00
2024-07-27 01:55:50,180 - __main__ - INFO - Retrained the model & MAPE is 28.13%
2024-07-27 01:55:50,181 - __main__ - INFO - Retrained the model & MAE is 42.81543305674945
2024-07-27 01:55:51,585 - __main__ - INFO - Forecast=> 2024-07-27    165.300711
2024-07-28    151.459456
2024-07-29    163.435220
2024-07-30    164.187493
2024-07-31    170.718383
Freq: D, Name: predicted_mean, dtype: float64
2024-07-27 01:55:51,585 - __main__ - INFO - The forecast data has been written to data/cleaned_data/Forecasting_time_series/forecast_sector_51_daily_aqi.csv
2024-07-27 01:55:51,586 - __main__ - INFO - The forecast data has been written to static/data/forecast_sector_51_daily_aqi.csv
2024-07-27 03:10:18,632 - __main__ - INFO - station=> Sector-51, Gurugram, result => ['84', 'Sector-51, Gurugram, India', Timestamp('2024-07-27 08:00:00')]
2024-07-27 03:10:18,632 - __main__ - INFO - The hourly data has been written to data/cron_job_data/sector_51_cron_output.csv with Timestamp: 2024-07-27 08:00:00
2024-07-27 03:10:19,338 - __main__ - INFO - station=> Sector-51, Gurugram, result => ['84', 'Sector-51, Gurugram, India', Timestamp('2024-07-27 08:00:00')]
2024-07-27 03:10:19,338 - __main__ - INFO - The hourly data has been written to static/data/sector_51_cron_output.csv with Timestamp: 2024-07-27 08:00:00
2024-07-27 04:09:17,304 - __main__ - INFO - station=> Sector-51, Gurugram, result => ['77', 'Sector-51, Gurugram, India', Timestamp('2024-07-27 09:00:00')]
2024-07-27 04:09:17,304 - __main__ - INFO - The hourly data has been written to data/cron_job_data/sector_51_cron_output.csv with Timestamp: 2024-07-27 09:00:00
2024-07-27 04:09:17,987 - __main__ - INFO - station=> Sector-51, Gurugram, result => ['77', 'Sector-51, Gurugram, India', Timestamp('2024-07-27 09:00:00')]
2024-07-27 04:09:17,987 - __main__ - INFO - The hourly data has been written to static/data/sector_51_cron_output.csv with Timestamp: 2024-07-27 09:00:00
