2024-05-27 01:52:33,741 - __main__ - INFO - Calling writeData & retrain_model functions.
2024-05-27 01:52:33,749 - __main__ - INFO - df_api columns Index(['AQI'], dtype='object')
2024-05-27 01:52:33,749 - __main__ - INFO - today=> 2024-05-27 & yesterday=> 2024-05-26
2024-05-27 01:52:33,751 - __main__ - INFO - temp_daily_aqi columns Index(['Unnamed: 0', 'Date', 'AQI'], dtype='object')
2024-05-27 01:52:33,754 - __main__ - INFO - temp_daily_aqi[2024-05-26]=> Empty DataFrame
Columns: [Unnamed: 0, AQI]
Index: []
2024-05-27 01:52:33,754 - __main__ - INFO - Index => 1543, yesterday => 2024-05-26 & AQI => 220.0
2024-05-27 01:52:33,754 - __main__ - INFO - Daily AQI data has been written to data/cleaned_data/Forecasting_time_series/sector_51_daily_aqi.csv
2024-05-27 01:52:33,755 - __main__ - INFO - Index => 1543, yesterday => 2024-05-26 & AQI => 220.0
2024-05-27 01:52:33,755 - __main__ - INFO - Daily AQI data has been written to static/data/sector_51_daily_aqi.csv
2024-05-27 01:52:33,759 - __main__ - INFO - Re-training the model & train_end is 2024-05-21 00:00:00
2024-05-27 01:52:34,961 - __main__ - INFO - Retrained the model & MAPE is 25.92%
2024-05-27 01:52:34,961 - __main__ - INFO - Retrained the model & MAE is 41.42815145278289
2024-05-27 01:52:36,284 - __main__ - INFO - Forecast=> 2024-05-27    202.866435
2024-05-28    201.560270
2024-05-29    207.006850
2024-05-30    202.685836
2024-05-31    208.614305
Freq: D, Name: predicted_mean, dtype: float64
2024-05-27 01:52:36,284 - __main__ - INFO - The forecast data has been written to data/cleaned_data/Forecasting_time_series/forecast_sector_51_daily_aqi.csv
2024-05-27 01:52:36,286 - __main__ - INFO - The forecast data has been written to static/data/forecast_sector_51_daily_aqi.csv
2024-05-27 04:10:16,106 - __main__ - INFO - station=> Sector-51, Gurugram, result => ['179', 'Sector-51, Gurugram, India', Timestamp('2024-05-27 08:00:00')]
2024-05-27 04:10:16,106 - __main__ - INFO - The hourly data has been written to data/cron_job_data/sector_51_cron_output.csv with Timestamp: 2024-05-27 08:00:00
2024-05-27 04:10:16,584 - __main__ - INFO - station=> Sector-51, Gurugram, result => ['179', 'Sector-51, Gurugram, India', Timestamp('2024-05-27 08:00:00')]
2024-05-27 04:10:16,584 - __main__ - INFO - The hourly data has been written to static/data/sector_51_cron_output.csv with Timestamp: 2024-05-27 08:00:00
2024-05-27 06:11:36,750 - __main__ - INFO - station=> Sector-51, Gurugram, result => ['15', 'Sector-51, Gurugram, India', Timestamp('2024-05-27 11:00:00')]
2024-05-27 06:11:36,750 - __main__ - INFO - The hourly data has been written to data/cron_job_data/sector_51_cron_output.csv with Timestamp: 2024-05-27 11:00:00
2024-05-27 06:11:37,390 - __main__ - INFO - station=> Sector-51, Gurugram, result => ['15', 'Sector-51, Gurugram, India', Timestamp('2024-05-27 11:00:00')]
2024-05-27 06:11:37,390 - __main__ - INFO - The hourly data has been written to static/data/sector_51_cron_output.csv with Timestamp: 2024-05-27 11:00:00
2024-05-27 15:08:37,604 - __main__ - INFO - station=> Sector-51, Gurugram, result => ['141', 'Sector-51, Gurugram, India', Timestamp('2024-05-27 20:00:00')]
2024-05-27 15:08:37,604 - __main__ - INFO - The hourly data has been written to data/cron_job_data/sector_51_cron_output.csv with Timestamp: 2024-05-27 20:00:00
2024-05-27 15:08:38,290 - __main__ - INFO - station=> Sector-51, Gurugram, result => ['141', 'Sector-51, Gurugram, India', Timestamp('2024-05-27 20:00:00')]
2024-05-27 15:08:38,290 - __main__ - INFO - The hourly data has been written to static/data/sector_51_cron_output.csv with Timestamp: 2024-05-27 20:00:00
2024-05-27 18:09:31,780 - __main__ - INFO - station=> Sector-51, Gurugram, result => ['543', 'Sector-51, Gurugram, India', Timestamp('2024-05-27 23:00:00')]
2024-05-27 18:09:31,780 - __main__ - INFO - The hourly data has been written to data/cron_job_data/sector_51_cron_output.csv with Timestamp: 2024-05-27 23:00:00
2024-05-27 18:09:32,466 - __main__ - INFO - station=> Sector-51, Gurugram, result => ['543', 'Sector-51, Gurugram, India', Timestamp('2024-05-27 23:00:00')]
2024-05-27 18:09:32,466 - __main__ - INFO - The hourly data has been written to static/data/sector_51_cron_output.csv with Timestamp: 2024-05-27 23:00:00
2024-05-27 19:06:43,743 - __main__ - INFO - station=> Sector-51, Gurugram, result => ['419', 'Sector-51, Gurugram, India', Timestamp('2024-05-28 00:00:00')]
2024-05-27 19:06:43,743 - __main__ - INFO - The hourly data has been written to data/cron_job_data/sector_51_cron_output.csv with Timestamp: 2024-05-28 00:00:00
2024-05-27 19:06:44,423 - __main__ - INFO - station=> Sector-51, Gurugram, result => ['419', 'Sector-51, Gurugram, India', Timestamp('2024-05-28 00:00:00')]
2024-05-27 19:06:44,423 - __main__ - INFO - The hourly data has been written to static/data/sector_51_cron_output.csv with Timestamp: 2024-05-28 00:00:00
2024-05-27 20:07:34,523 - __main__ - INFO - station=> Sector-51, Gurugram, result => ['185', 'Sector-51, Gurugram, India', Timestamp('2024-05-28 01:00:00')]
2024-05-27 20:07:34,524 - __main__ - INFO - The hourly data has been written to data/cron_job_data/sector_51_cron_output.csv with Timestamp: 2024-05-28 01:00:00
2024-05-27 20:07:35,159 - __main__ - INFO - station=> Sector-51, Gurugram, result => ['185', 'Sector-51, Gurugram, India', Timestamp('2024-05-28 01:00:00')]
2024-05-27 20:07:35,159 - __main__ - INFO - The hourly data has been written to static/data/sector_51_cron_output.csv with Timestamp: 2024-05-28 01:00:00
