2024-08-27 00:36:55,065 - __main__ - INFO - station=> Sector-51, Gurugram, result => ['895', 'Sector-51, Gurugram, India', Timestamp('2024-08-27 05:00:00')]
2024-08-27 00:36:55,065 - __main__ - INFO - The hourly data has been written to data/cron_job_data/sector_51_cron_output.csv with Timestamp: 2024-08-27 05:00:00
2024-08-27 00:36:55,535 - __main__ - INFO - station=> Sector-51, Gurugram, result => ['895', 'Sector-51, Gurugram, India', Timestamp('2024-08-27 05:00:00')]
2024-08-27 00:36:55,535 - __main__ - INFO - The hourly data has been written to static/data/sector_51_cron_output.csv with Timestamp: 2024-08-27 05:00:00
2024-08-27 00:36:55,604 - __main__ - INFO - df_api columns Index(['AQI'], dtype='object')
2024-08-27 00:36:55,604 - __main__ - INFO - today=> 2024-08-27 & yesterday=> 2024-08-26
2024-08-27 00:36:55,606 - __main__ - INFO - temp_daily_aqi columns Index(['Unnamed: 0', 'Date', 'AQI'], dtype='object')
2024-08-27 00:36:55,608 - __main__ - INFO - temp_daily_aqi[2024-08-26]=> Empty DataFrame
Columns: [Unnamed: 0, AQI]
Index: []
2024-08-27 00:36:55,608 - __main__ - INFO - Index => 1635, yesterday => 2024-08-26 & AQI => 234.0
2024-08-27 00:36:55,609 - __main__ - INFO - Daily AQI data has been written to data/cleaned_data/Forecasting_time_series/sector_51_daily_aqi.csv
2024-08-27 00:36:55,609 - __main__ - INFO - Index => 1635, yesterday => 2024-08-26 & AQI => 234.0
2024-08-27 00:36:55,609 - __main__ - INFO - Daily AQI data has been written to static/data/sector_51_daily_aqi.csv
2024-08-27 00:36:55,614 - __main__ - INFO - Re-training the model & train_end is 2024-08-21 00:00:00
2024-08-27 00:36:56,936 - __main__ - INFO - Retrained the model & MAPE is 44.82%
2024-08-27 00:36:56,936 - __main__ - INFO - Retrained the model & MAE is 51.39279953056634
2024-08-27 00:36:58,266 - __main__ - INFO - Forecast=> 2024-08-27    201.861978
2024-08-28    204.475733
2024-08-29    204.233636
2024-08-30    204.915587
2024-08-31    216.532114
Freq: D, Name: predicted_mean, dtype: float64
2024-08-27 00:36:58,267 - __main__ - INFO - The forecast data has been written to data/cleaned_data/Forecasting_time_series/forecast_sector_51_daily_aqi.csv
2024-08-27 00:36:58,309 - __main__ - INFO - The forecast data has been written to static/data/forecast_sector_51_daily_aqi.csv
2024-08-27 02:02:04,308 - __main__ - INFO - station=> Sector-51, Gurugram, result => ['165', 'Sector-51, Gurugram, India', Timestamp('2024-08-27 07:00:00')]
2024-08-27 02:02:04,308 - __main__ - INFO - The hourly data has been written to data/cron_job_data/sector_51_cron_output.csv with Timestamp: 2024-08-27 07:00:00
2024-08-27 02:02:04,945 - __main__ - INFO - station=> Sector-51, Gurugram, result => ['165', 'Sector-51, Gurugram, India', Timestamp('2024-08-27 07:00:00')]
2024-08-27 02:02:04,945 - __main__ - INFO - The hourly data has been written to static/data/sector_51_cron_output.csv with Timestamp: 2024-08-27 07:00:00
2024-08-27 03:09:12,173 - __main__ - INFO - station=> Sector-51, Gurugram, result => ['213', 'Sector-51, Gurugram, India', Timestamp('2024-08-27 08:00:00')]
2024-08-27 03:09:12,173 - __main__ - INFO - The hourly data has been written to data/cron_job_data/sector_51_cron_output.csv with Timestamp: 2024-08-27 08:00:00
2024-08-27 03:09:12,639 - __main__ - INFO - station=> Sector-51, Gurugram, result => ['213', 'Sector-51, Gurugram, India', Timestamp('2024-08-27 08:00:00')]
2024-08-27 03:09:12,639 - __main__ - INFO - The hourly data has been written to static/data/sector_51_cron_output.csv with Timestamp: 2024-08-27 08:00:00
2024-08-27 04:11:51,136 - __main__ - INFO - station=> Sector-51, Gurugram, result => ['145', 'Sector-51, Gurugram, India', Timestamp('2024-08-27 09:00:00')]
2024-08-27 04:11:51,136 - __main__ - INFO - The hourly data has been written to data/cron_job_data/sector_51_cron_output.csv with Timestamp: 2024-08-27 09:00:00
2024-08-27 04:11:51,762 - __main__ - INFO - station=> Sector-51, Gurugram, result => ['145', 'Sector-51, Gurugram, India', Timestamp('2024-08-27 09:00:00')]
2024-08-27 04:11:51,762 - __main__ - INFO - The hourly data has been written to static/data/sector_51_cron_output.csv with Timestamp: 2024-08-27 09:00:00
2024-08-27 05:08:17,333 - __main__ - INFO - station=> Sector-51, Gurugram, result => ['96', 'Sector-51, Gurugram, India', Timestamp('2024-08-27 10:00:00')]
2024-08-27 05:08:17,333 - __main__ - INFO - The hourly data has been written to data/cron_job_data/sector_51_cron_output.csv with Timestamp: 2024-08-27 10:00:00
2024-08-27 05:08:17,949 - __main__ - INFO - station=> Sector-51, Gurugram, result => ['96', 'Sector-51, Gurugram, India', Timestamp('2024-08-27 10:00:00')]
2024-08-27 05:08:17,949 - __main__ - INFO - The hourly data has been written to static/data/sector_51_cron_output.csv with Timestamp: 2024-08-27 10:00:00
2024-08-27 06:12:04,389 - __main__ - INFO - station=> Sector-51, Gurugram, result => ['81', 'Sector-51, Gurugram, India', Timestamp('2024-08-27 11:00:00')]
2024-08-27 06:12:04,389 - __main__ - INFO - The hourly data has been written to data/cron_job_data/sector_51_cron_output.csv with Timestamp: 2024-08-27 11:00:00
2024-08-27 06:12:05,095 - __main__ - INFO - station=> Sector-51, Gurugram, result => ['81', 'Sector-51, Gurugram, India', Timestamp('2024-08-27 11:00:00')]
2024-08-27 06:12:05,095 - __main__ - INFO - The hourly data has been written to static/data/sector_51_cron_output.csv with Timestamp: 2024-08-27 11:00:00
2024-08-27 07:07:55,015 - __main__ - INFO - station=> Sector-51, Gurugram, result => ['147', 'Sector-51, Gurugram, India', Timestamp('2024-08-27 12:00:00')]
2024-08-27 07:07:55,015 - __main__ - INFO - The hourly data has been written to data/cron_job_data/sector_51_cron_output.csv with Timestamp: 2024-08-27 12:00:00
2024-08-27 07:07:55,722 - __main__ - INFO - station=> Sector-51, Gurugram, result => ['147', 'Sector-51, Gurugram, India', Timestamp('2024-08-27 12:00:00')]
2024-08-27 07:07:55,722 - __main__ - INFO - The hourly data has been written to static/data/sector_51_cron_output.csv with Timestamp: 2024-08-27 12:00:00
2024-08-27 08:11:14,332 - __main__ - INFO - station=> Sector-51, Gurugram, result => ['81', 'Sector-51, Gurugram, India', Timestamp('2024-08-27 13:00:00')]
2024-08-27 08:11:14,333 - __main__ - INFO - The hourly data has been written to data/cron_job_data/sector_51_cron_output.csv with Timestamp: 2024-08-27 13:00:00
2024-08-27 08:11:15,039 - __main__ - INFO - station=> Sector-51, Gurugram, result => ['81', 'Sector-51, Gurugram, India', Timestamp('2024-08-27 13:00:00')]
2024-08-27 08:11:15,039 - __main__ - INFO - The hourly data has been written to static/data/sector_51_cron_output.csv with Timestamp: 2024-08-27 13:00:00
2024-08-27 09:08:58,480 - __main__ - INFO - station=> Sector-51, Gurugram, result => ['288', 'Sector-51, Gurugram, India', Timestamp('2024-08-27 14:00:00')]
2024-08-27 09:08:58,480 - __main__ - INFO - The hourly data has been written to data/cron_job_data/sector_51_cron_output.csv with Timestamp: 2024-08-27 14:00:00
2024-08-27 09:08:59,097 - __main__ - INFO - station=> Sector-51, Gurugram, result => ['288', 'Sector-51, Gurugram, India', Timestamp('2024-08-27 14:00:00')]
2024-08-27 09:08:59,097 - __main__ - INFO - The hourly data has been written to static/data/sector_51_cron_output.csv with Timestamp: 2024-08-27 14:00:00
2024-08-27 10:08:24,237 - __main__ - INFO - station=> Sector-51, Gurugram, result => ['205', 'Sector-51, Gurugram, India', Timestamp('2024-08-27 15:00:00')]
2024-08-27 10:08:24,238 - __main__ - INFO - The hourly data has been written to data/cron_job_data/sector_51_cron_output.csv with Timestamp: 2024-08-27 15:00:00
2024-08-27 10:08:24,720 - __main__ - INFO - station=> Sector-51, Gurugram, result => ['205', 'Sector-51, Gurugram, India', Timestamp('2024-08-27 15:00:00')]
2024-08-27 10:08:24,720 - __main__ - INFO - The hourly data has been written to static/data/sector_51_cron_output.csv with Timestamp: 2024-08-27 15:00:00
2024-08-27 11:07:18,211 - __main__ - INFO - station=> Sector-51, Gurugram, result => ['157', 'Sector-51, Gurugram, India', Timestamp('2024-08-27 16:00:00')]
2024-08-27 11:07:18,211 - __main__ - INFO - The hourly data has been written to data/cron_job_data/sector_51_cron_output.csv with Timestamp: 2024-08-27 16:00:00
2024-08-27 11:07:18,837 - __main__ - INFO - station=> Sector-51, Gurugram, result => ['157', 'Sector-51, Gurugram, India', Timestamp('2024-08-27 16:00:00')]
2024-08-27 11:07:18,837 - __main__ - INFO - The hourly data has been written to static/data/sector_51_cron_output.csv with Timestamp: 2024-08-27 16:00:00
2024-08-27 12:14:19,317 - __main__ - INFO - station=> Sector-51, Gurugram, result => ['151', 'Sector-51, Gurugram, India', Timestamp('2024-08-27 17:00:00')]
2024-08-27 12:14:19,317 - __main__ - INFO - The hourly data has been written to data/cron_job_data/sector_51_cron_output.csv with Timestamp: 2024-08-27 17:00:00
2024-08-27 12:14:19,799 - __main__ - INFO - station=> Sector-51, Gurugram, result => ['151', 'Sector-51, Gurugram, India', Timestamp('2024-08-27 17:00:00')]
2024-08-27 12:14:19,799 - __main__ - INFO - The hourly data has been written to static/data/sector_51_cron_output.csv with Timestamp: 2024-08-27 17:00:00
2024-08-27 13:13:49,902 - __main__ - INFO - station=> Sector-51, Gurugram, result => ['131', 'Sector-51, Gurugram, India', Timestamp('2024-08-27 18:00:00')]
2024-08-27 13:13:49,903 - __main__ - INFO - The hourly data has been written to data/cron_job_data/sector_51_cron_output.csv with Timestamp: 2024-08-27 18:00:00
2024-08-27 13:13:50,373 - __main__ - INFO - station=> Sector-51, Gurugram, result => ['131', 'Sector-51, Gurugram, India', Timestamp('2024-08-27 18:00:00')]
2024-08-27 13:13:50,373 - __main__ - INFO - The hourly data has been written to static/data/sector_51_cron_output.csv with Timestamp: 2024-08-27 18:00:00
2024-08-27 14:07:57,350 - __main__ - INFO - station=> Sector-51, Gurugram, result => ['223', 'Sector-51, Gurugram, India', Timestamp('2024-08-27 19:00:00')]
2024-08-27 14:07:57,350 - __main__ - INFO - The hourly data has been written to data/cron_job_data/sector_51_cron_output.csv with Timestamp: 2024-08-27 19:00:00
2024-08-27 14:07:57,981 - __main__ - INFO - station=> Sector-51, Gurugram, result => ['223', 'Sector-51, Gurugram, India', Timestamp('2024-08-27 19:00:00')]
2024-08-27 14:07:57,981 - __main__ - INFO - The hourly data has been written to static/data/sector_51_cron_output.csv with Timestamp: 2024-08-27 19:00:00
2024-08-27 15:08:19,037 - __main__ - INFO - station=> Sector-51, Gurugram, result => ['389', 'Sector-51, Gurugram, India', Timestamp('2024-08-27 20:00:00')]
2024-08-27 15:08:19,037 - __main__ - INFO - The hourly data has been written to data/cron_job_data/sector_51_cron_output.csv with Timestamp: 2024-08-27 20:00:00
2024-08-27 15:08:19,515 - __main__ - INFO - station=> Sector-51, Gurugram, result => ['389', 'Sector-51, Gurugram, India', Timestamp('2024-08-27 20:00:00')]
2024-08-27 15:08:19,515 - __main__ - INFO - The hourly data has been written to static/data/sector_51_cron_output.csv with Timestamp: 2024-08-27 20:00:00
2024-08-27 16:09:21,100 - __main__ - INFO - station=> Sector-51, Gurugram, result => ['189', 'Sector-51, Gurugram, India', Timestamp('2024-08-27 21:00:00')]
2024-08-27 16:09:21,100 - __main__ - INFO - The hourly data has been written to data/cron_job_data/sector_51_cron_output.csv with Timestamp: 2024-08-27 21:00:00
2024-08-27 16:09:21,771 - __main__ - INFO - station=> Sector-51, Gurugram, result => ['189', 'Sector-51, Gurugram, India', Timestamp('2024-08-27 21:00:00')]
2024-08-27 16:09:21,771 - __main__ - INFO - The hourly data has been written to static/data/sector_51_cron_output.csv with Timestamp: 2024-08-27 21:00:00
