2024-09-27 01:13:59,383 - __main__ - INFO - station=> Sector-51, Gurugram, result => ['106', 'Sector-51, Gurugram, India', Timestamp('2024-09-27 06:00:00')]
2024-09-27 01:13:59,384 - __main__ - INFO - The hourly data has been written to data/cron_job_data/sector_51_cron_output.csv with Timestamp: 2024-09-27 06:00:00
2024-09-27 01:14:00,093 - __main__ - INFO - station=> Sector-51, Gurugram, result => ['106', 'Sector-51, Gurugram, India', Timestamp('2024-09-27 06:00:00')]
2024-09-27 01:14:00,093 - __main__ - INFO - The hourly data has been written to static/data/sector_51_cron_output.csv with Timestamp: 2024-09-27 06:00:00
2024-09-27 01:14:00,219 - __main__ - INFO - df_api columns Index(['AQI'], dtype='object')
2024-09-27 01:14:00,220 - __main__ - INFO - today=> 2024-09-27 & yesterday=> 2024-09-26
2024-09-27 01:14:00,221 - __main__ - INFO - temp_daily_aqi columns Index(['Unnamed: 0', 'Date', 'AQI'], dtype='object')
2024-09-27 01:14:00,224 - __main__ - INFO - temp_daily_aqi[2024-09-26]=> Empty DataFrame
Columns: [Unnamed: 0, AQI]
Index: []
2024-09-27 01:14:00,224 - __main__ - INFO - Index => 1666, yesterday => 2024-09-26 & AQI => 125.0
2024-09-27 01:14:00,225 - __main__ - INFO - Daily AQI data has been written to data/cleaned_data/Forecasting_time_series/sector_51_daily_aqi.csv
2024-09-27 01:14:00,225 - __main__ - INFO - Index => 1666, yesterday => 2024-09-26 & AQI => 125.0
2024-09-27 01:14:00,225 - __main__ - INFO - Daily AQI data has been written to static/data/sector_51_daily_aqi.csv
2024-09-27 01:14:00,230 - __main__ - INFO - Re-training the model & train_end is 2024-09-21 00:00:00
2024-09-27 01:14:01,458 - __main__ - INFO - Retrained the model & MAPE is 29.57%
2024-09-27 01:14:01,458 - __main__ - INFO - Retrained the model & MAE is 36.06291037097171
2024-09-27 01:14:02,948 - __main__ - INFO - Forecast=> 2024-09-27    133.386155
2024-09-28    152.399363
2024-09-29    138.927051
2024-09-30    151.329425
2024-10-01    152.770159
Freq: D, Name: predicted_mean, dtype: float64
2024-09-27 01:14:02,949 - __main__ - INFO - The forecast data has been written to data/cleaned_data/Forecasting_time_series/forecast_sector_51_daily_aqi.csv
2024-09-27 01:14:02,949 - __main__ - INFO - The forecast data has been written to static/data/forecast_sector_51_daily_aqi.csv
2024-09-27 04:19:39,950 - __main__ - INFO - station=> Sector-51, Gurugram, result => ['91', 'Sector-51, Gurugram, India', Timestamp('2024-09-27 09:00:00')]
2024-09-27 04:19:39,950 - __main__ - INFO - The hourly data has been written to data/cron_job_data/sector_51_cron_output.csv with Timestamp: 2024-09-27 09:00:00
2024-09-27 04:19:40,413 - __main__ - INFO - station=> Sector-51, Gurugram, result => ['91', 'Sector-51, Gurugram, India', Timestamp('2024-09-27 09:00:00')]
2024-09-27 04:19:40,413 - __main__ - INFO - The hourly data has been written to static/data/sector_51_cron_output.csv with Timestamp: 2024-09-27 09:00:00
2024-09-27 08:20:37,119 - __main__ - INFO - station=> Sector-51, Gurugram, result => ['93', 'Sector-51, Gurugram, India', Timestamp('2024-09-27 13:00:00')]
2024-09-27 08:20:37,120 - __main__ - INFO - The hourly data has been written to data/cron_job_data/sector_51_cron_output.csv with Timestamp: 2024-09-27 13:00:00
2024-09-27 08:20:37,846 - __main__ - INFO - station=> Sector-51, Gurugram, result => ['93', 'Sector-51, Gurugram, India', Timestamp('2024-09-27 13:00:00')]
2024-09-27 08:20:37,846 - __main__ - INFO - The hourly data has been written to static/data/sector_51_cron_output.csv with Timestamp: 2024-09-27 13:00:00
2024-09-27 12:31:57,762 - __main__ - INFO - station=> Sector-51, Gurugram, result => ['109', 'Sector-51, Gurugram, India', Timestamp('2024-09-27 17:00:00')]
2024-09-27 12:31:57,762 - __main__ - INFO - The hourly data has been written to data/cron_job_data/sector_51_cron_output.csv with Timestamp: 2024-09-27 17:00:00
2024-09-27 12:31:58,227 - __main__ - INFO - station=> Sector-51, Gurugram, result => ['109', 'Sector-51, Gurugram, India', Timestamp('2024-09-27 17:00:00')]
2024-09-27 12:31:58,227 - __main__ - INFO - The hourly data has been written to static/data/sector_51_cron_output.csv with Timestamp: 2024-09-27 17:00:00
2024-09-27 16:20:05,567 - __main__ - INFO - station=> Sector-51, Gurugram, result => ['157', 'Sector-51, Gurugram, India', Timestamp('2024-09-27 21:00:00')]
2024-09-27 16:20:05,567 - __main__ - INFO - The hourly data has been written to data/cron_job_data/sector_51_cron_output.csv with Timestamp: 2024-09-27 21:00:00
2024-09-27 16:20:06,313 - __main__ - INFO - station=> Sector-51, Gurugram, result => ['157', 'Sector-51, Gurugram, India', Timestamp('2024-09-27 21:00:00')]
2024-09-27 16:20:06,313 - __main__ - INFO - The hourly data has been written to static/data/sector_51_cron_output.csv with Timestamp: 2024-09-27 21:00:00
2024-09-27 20:17:49,104 - __main__ - INFO - station=> Sector-51, Gurugram, result => ['96', 'Sector-51, Gurugram, India', Timestamp('2024-09-28 01:00:00')]
2024-09-27 20:17:49,104 - __main__ - INFO - The hourly data has been written to data/cron_job_data/sector_51_cron_output.csv with Timestamp: 2024-09-28 01:00:00
2024-09-27 20:17:49,849 - __main__ - INFO - station=> Sector-51, Gurugram, result => ['96', 'Sector-51, Gurugram, India', Timestamp('2024-09-28 01:00:00')]
2024-09-27 20:17:49,849 - __main__ - INFO - The hourly data has been written to static/data/sector_51_cron_output.csv with Timestamp: 2024-09-28 01:00:00
