2023-12-27 00:27:42,011 - __main__ - INFO - station=> nise gwal, result => ['292', 'NISE Gwal Pahari, Gurugram, India', Timestamp('2023-12-27 05:00:00')]
2023-12-27 00:27:42,012 - __main__ - INFO - The data has been written to data/cron_job_data/nise_cron_output.csv with Timestamp: 2023-12-27 05:00:00
2023-12-27 00:27:42,681 - __main__ - INFO - station=> Sector-51, Gurugram, result => ['216', 'Sector-51, Gurugram, India', Timestamp('2023-12-27 05:00:00')]
2023-12-27 00:27:42,681 - __main__ - INFO - The data has been written to data/cron_job_data/sector_51_cron_output.csv with Timestamp: 2023-12-27 05:00:00
2023-12-27 00:27:43,338 - __main__ - INFO - station=> Teri Gram, result => ['215', 'Teri Gram, Gurugram, India', Timestamp('2023-12-27 05:00:00')]
2023-12-27 00:27:43,338 - __main__ - INFO - The data has been written to data/cron_job_data/teri_gram_cron_output.csv with Timestamp: 2023-12-27 05:00:00
2023-12-27 00:27:44,022 - __main__ - INFO - station=> Vikas Sadan, result => ['211', 'Vikas Sadan Gurgaon, Gurgaon, India', Timestamp('2023-12-27 05:00:00')]
2023-12-27 00:27:44,023 - __main__ - INFO - The data has been written to data/cron_job_data/vikas_sadan_cron_output.csv with Timestamp: 2023-12-27 05:00:00
2023-12-27 01:42:22,353 - __main__ - INFO - station=> nise gwal, result => ['352', 'NISE Gwal Pahari, Gurugram, India', Timestamp('2023-12-27 07:00:00')]
2023-12-27 01:42:22,353 - __main__ - INFO - The data has been written to data/cron_job_data/nise_cron_output.csv with Timestamp: 2023-12-27 07:00:00
2023-12-27 01:42:23,087 - __main__ - INFO - station=> Sector-51, Gurugram, result => ['214', 'Sector-51, Gurugram, India', Timestamp('2023-12-27 06:00:00')]
2023-12-27 01:42:23,087 - __main__ - INFO - The data has been written to data/cron_job_data/sector_51_cron_output.csv with Timestamp: 2023-12-27 06:00:00
2023-12-27 01:42:23,839 - __main__ - INFO - station=> Teri Gram, result => ['226', 'Teri Gram, Gurugram, India', Timestamp('2023-12-27 07:00:00')]
2023-12-27 01:42:23,840 - __main__ - INFO - The data has been written to data/cron_job_data/teri_gram_cron_output.csv with Timestamp: 2023-12-27 07:00:00
2023-12-27 01:42:24,515 - __main__ - INFO - station=> Vikas Sadan, result => ['211', 'Vikas Sadan Gurgaon, Gurgaon, India', Timestamp('2023-12-27 06:00:00')]
2023-12-27 01:42:24,516 - __main__ - INFO - The data has been written to data/cron_job_data/vikas_sadan_cron_output.csv with Timestamp: 2023-12-27 06:00:00
2023-12-27 02:17:03,638 - __main__ - INFO - station=> nise gwal, result => ['352', 'NISE Gwal Pahari, Gurugram, India', Timestamp('2023-12-27 07:00:00')]
2023-12-27 02:17:03,639 - __main__ - INFO - Timestamp 2023-12-27 07:00:00 already present in data/cron_job_data/nise_cron_output.csv, not appending.
2023-12-27 02:17:04,312 - __main__ - INFO - station=> Sector-51, Gurugram, result => ['230', 'Sector-51, Gurugram, India', Timestamp('2023-12-27 07:00:00')]
2023-12-27 02:17:04,313 - __main__ - INFO - The data has been written to data/cron_job_data/sector_51_cron_output.csv with Timestamp: 2023-12-27 07:00:00
2023-12-27 02:17:05,005 - __main__ - INFO - station=> Teri Gram, result => ['227', 'Teri Gram, Gurugram, India', Timestamp('2023-12-27 07:00:00')]
2023-12-27 02:17:05,005 - __main__ - INFO - Timestamp 2023-12-27 07:00:00 already present in data/cron_job_data/teri_gram_cron_output.csv, not appending.
2023-12-27 02:17:05,689 - __main__ - INFO - station=> Vikas Sadan, result => ['194', 'Vikas Sadan Gurgaon, Gurgaon, India', Timestamp('2023-12-27 07:00:00')]
2023-12-27 02:17:05,689 - __main__ - INFO - The data has been written to data/cron_job_data/vikas_sadan_cron_output.csv with Timestamp: 2023-12-27 07:00:00
