2024-05-28 00:32:44,179 - __main__ - INFO - station=> Sector-51, Gurugram, result => ['164', 'Sector-51, Gurugram, India', Timestamp('2024-05-28 05:00:00')]
2024-05-28 00:32:44,179 - __main__ - INFO - The hourly data has been written to data/cron_job_data/sector_51_cron_output.csv with Timestamp: 2024-05-28 05:00:00
2024-05-28 00:32:44,650 - __main__ - INFO - station=> Sector-51, Gurugram, result => ['164', 'Sector-51, Gurugram, India', Timestamp('2024-05-28 05:00:00')]
2024-05-28 00:32:44,650 - __main__ - INFO - The hourly data has been written to static/data/sector_51_cron_output.csv with Timestamp: 2024-05-28 05:00:00
2024-05-28 01:51:59,065 - __main__ - INFO - station=> Sector-51, Gurugram, result => ['167', 'Sector-51, Gurugram, India', Timestamp('2024-05-28 07:00:00')]
2024-05-28 01:51:59,065 - __main__ - INFO - The hourly data has been written to data/cron_job_data/sector_51_cron_output.csv with Timestamp: 2024-05-28 07:00:00
2024-05-28 01:51:59,744 - __main__ - INFO - station=> Sector-51, Gurugram, result => ['167', 'Sector-51, Gurugram, India', Timestamp('2024-05-28 07:00:00')]
2024-05-28 01:51:59,745 - __main__ - INFO - The hourly data has been written to static/data/sector_51_cron_output.csv with Timestamp: 2024-05-28 07:00:00
2024-05-28 01:51:59,746 - __main__ - INFO - Calling writeData & retrain_model functions.
2024-05-28 01:51:59,754 - __main__ - INFO - df_api columns Index(['AQI'], dtype='object')
2024-05-28 01:51:59,754 - __main__ - INFO - today=> 2024-05-28 & yesterday=> 2024-05-27
2024-05-28 01:51:59,756 - __main__ - INFO - temp_daily_aqi columns Index(['Unnamed: 0', 'Date', 'AQI'], dtype='object')
2024-05-28 01:51:59,758 - __main__ - INFO - temp_daily_aqi[2024-05-27]=> Empty DataFrame
Columns: [Unnamed: 0, AQI]
Index: []
2024-05-28 01:51:59,759 - __main__ - INFO - Index => 1544, yesterday => 2024-05-27 & AQI => 214.0
2024-05-28 01:51:59,759 - __main__ - INFO - Daily AQI data has been written to data/cleaned_data/Forecasting_time_series/sector_51_daily_aqi.csv
2024-05-28 01:51:59,759 - __main__ - INFO - Index => 1544, yesterday => 2024-05-27 & AQI => 214.0
2024-05-28 01:51:59,759 - __main__ - INFO - Daily AQI data has been written to static/data/sector_51_daily_aqi.csv
2024-05-28 01:51:59,764 - __main__ - INFO - Re-training the model & train_end is 2024-05-22 00:00:00
2024-05-28 01:52:00,775 - __main__ - INFO - Retrained the model & MAPE is 28.19%
2024-05-28 01:52:00,775 - __main__ - INFO - Retrained the model & MAE is 43.56694676767608
2024-05-28 01:52:01,938 - __main__ - INFO - Forecast=> 2024-05-28    208.774960
2024-05-29    213.478279
2024-05-30    208.506163
2024-05-31    213.843731
2024-06-01    233.084747
Freq: D, Name: predicted_mean, dtype: float64
2024-05-28 01:52:01,938 - __main__ - INFO - The forecast data has been written to data/cleaned_data/Forecasting_time_series/forecast_sector_51_daily_aqi.csv
2024-05-28 01:52:01,939 - __main__ - INFO - The forecast data has been written to static/data/forecast_sector_51_daily_aqi.csv
