2024-09-28 01:13:09,463 - __main__ - INFO - station=> Sector-51, Gurugram, result => ['77', 'Sector-51, Gurugram, India', Timestamp('2024-09-28 06:00:00')]
2024-09-28 01:13:09,463 - __main__ - INFO - The hourly data has been written to data/cron_job_data/sector_51_cron_output.csv with Timestamp: 2024-09-28 06:00:00
2024-09-28 01:13:10,207 - __main__ - INFO - station=> Sector-51, Gurugram, result => ['77', 'Sector-51, Gurugram, India', Timestamp('2024-09-28 06:00:00')]
2024-09-28 01:13:10,207 - __main__ - INFO - The hourly data has been written to static/data/sector_51_cron_output.csv with Timestamp: 2024-09-28 06:00:00
2024-09-28 01:13:10,274 - __main__ - INFO - df_api columns Index(['AQI'], dtype='object')
2024-09-28 01:13:10,275 - __main__ - INFO - today=> 2024-09-28 & yesterday=> 2024-09-27
2024-09-28 01:13:10,276 - __main__ - INFO - temp_daily_aqi columns Index(['Unnamed: 0', 'Date', 'AQI'], dtype='object')
2024-09-28 01:13:10,279 - __main__ - INFO - temp_daily_aqi[2024-09-27]=> Empty DataFrame
Columns: [Unnamed: 0, AQI]
Index: []
2024-09-28 01:13:10,279 - __main__ - INFO - Index => 1667, yesterday => 2024-09-27 & AQI => 116.0
2024-09-28 01:13:10,280 - __main__ - INFO - Daily AQI data has been written to data/cleaned_data/Forecasting_time_series/sector_51_daily_aqi.csv
2024-09-28 01:13:10,280 - __main__ - INFO - Index => 1667, yesterday => 2024-09-27 & AQI => 116.0
2024-09-28 01:13:10,280 - __main__ - INFO - Daily AQI data has been written to static/data/sector_51_daily_aqi.csv
2024-09-28 01:13:10,285 - __main__ - INFO - Re-training the model & train_end is 2024-09-22 00:00:00
2024-09-28 01:13:11,629 - __main__ - INFO - Retrained the model & MAPE is 40.02%
2024-09-28 01:13:11,629 - __main__ - INFO - Retrained the model & MAE is 48.176623119574074
2024-09-28 01:13:13,050 - __main__ - INFO - Forecast=> 2024-09-28    141.587590
2024-09-29    129.126482
2024-09-30    142.476572
2024-10-01    144.739005
2024-10-02    149.462291
Freq: D, Name: predicted_mean, dtype: float64
2024-09-28 01:13:13,051 - __main__ - INFO - The forecast data has been written to data/cleaned_data/Forecasting_time_series/forecast_sector_51_daily_aqi.csv
2024-09-28 01:13:13,051 - __main__ - INFO - The forecast data has been written to static/data/forecast_sector_51_daily_aqi.csv
2024-09-28 04:18:51,297 - __main__ - INFO - station=> Sector-51, Gurugram, result => ['130', 'Sector-51, Gurugram, India', Timestamp('2024-09-28 09:00:00')]
2024-09-28 04:18:51,297 - __main__ - INFO - The hourly data has been written to data/cron_job_data/sector_51_cron_output.csv with Timestamp: 2024-09-28 09:00:00
2024-09-28 04:18:52,008 - __main__ - INFO - station=> Sector-51, Gurugram, result => ['130', 'Sector-51, Gurugram, India', Timestamp('2024-09-28 09:00:00')]
2024-09-28 04:18:52,008 - __main__ - INFO - The hourly data has been written to static/data/sector_51_cron_output.csv with Timestamp: 2024-09-28 09:00:00
2024-09-28 08:19:31,835 - __main__ - INFO - station=> Sector-51, Gurugram, result => ['144', 'Sector-51, Gurugram, India', Timestamp('2024-09-28 13:00:00')]
2024-09-28 08:19:31,835 - __main__ - INFO - The hourly data has been written to data/cron_job_data/sector_51_cron_output.csv with Timestamp: 2024-09-28 13:00:00
2024-09-28 08:19:32,534 - __main__ - INFO - station=> Sector-51, Gurugram, result => ['144', 'Sector-51, Gurugram, India', Timestamp('2024-09-28 13:00:00')]
2024-09-28 08:19:32,535 - __main__ - INFO - The hourly data has been written to static/data/sector_51_cron_output.csv with Timestamp: 2024-09-28 13:00:00
2024-09-28 12:29:02,098 - __main__ - INFO - station=> Sector-51, Gurugram, result => ['153', 'Sector-51, Gurugram, India', Timestamp('2024-09-28 17:00:00')]
2024-09-28 12:29:02,099 - __main__ - INFO - The hourly data has been written to data/cron_job_data/sector_51_cron_output.csv with Timestamp: 2024-09-28 17:00:00
2024-09-28 12:29:02,567 - __main__ - INFO - station=> Sector-51, Gurugram, result => ['153', 'Sector-51, Gurugram, India', Timestamp('2024-09-28 17:00:00')]
2024-09-28 12:29:02,567 - __main__ - INFO - The hourly data has been written to static/data/sector_51_cron_output.csv with Timestamp: 2024-09-28 17:00:00
2024-09-28 16:18:43,054 - __main__ - INFO - station=> Sector-51, Gurugram, result => ['171', 'Sector-51, Gurugram, India', Timestamp('2024-09-28 21:00:00')]
2024-09-28 16:18:43,055 - __main__ - INFO - The hourly data has been written to data/cron_job_data/sector_51_cron_output.csv with Timestamp: 2024-09-28 21:00:00
2024-09-28 16:18:44,031 - __main__ - INFO - station=> Sector-51, Gurugram, result => ['171', 'Sector-51, Gurugram, India', Timestamp('2024-09-28 21:00:00')]
2024-09-28 16:18:44,031 - __main__ - INFO - The hourly data has been written to static/data/sector_51_cron_output.csv with Timestamp: 2024-09-28 21:00:00
