2024-01-28 00:30:15,584 - __main__ - INFO - station=> nise gwal, result => ['176', 'NISE Gwal Pahari, Gurugram, India', Timestamp('2024-01-28 04:00:00')]
2024-01-28 00:30:15,584 - __main__ - INFO - The hourly data has been written to data/cron_job_data/nise_cron_output.csv with Timestamp: 2024-01-28 04:00:00
2024-01-28 00:30:16,229 - __main__ - INFO - station=> Sector-51, Gurugram, result => ['372', 'Sector-51, Gurugram, India', Timestamp('2024-01-28 04:00:00')]
2024-01-28 00:30:16,229 - __main__ - INFO - The hourly data has been written to data/cron_job_data/sector_51_cron_output.csv with Timestamp: 2024-01-28 04:00:00
2024-01-28 00:30:16,868 - __main__ - INFO - station=> Sector-51, Gurugram, result => ['372', 'Sector-51, Gurugram, India', Timestamp('2024-01-28 04:00:00')]
2024-01-28 00:30:16,868 - __main__ - INFO - The hourly data has been written to static/data/sector_51_cron_output.csv with Timestamp: 2024-01-28 04:00:00
2024-01-28 00:30:17,507 - __main__ - INFO - station=> Teri Gram, result => ['192', 'Teri Gram, Gurugram, India', Timestamp('2024-01-28 04:00:00')]
2024-01-28 00:30:17,507 - __main__ - INFO - The hourly data has been written to data/cron_job_data/teri_gram_cron_output.csv with Timestamp: 2024-01-28 04:00:00
2024-01-28 00:30:18,160 - __main__ - INFO - station=> Vikas Sadan, result => ['180', 'Vikas Sadan Gurgaon, Gurgaon, India', Timestamp('2024-01-28 04:00:00')]
2024-01-28 00:30:18,160 - __main__ - INFO - The hourly data has been written to data/cron_job_data/vikas_sadan_cron_output.csv with Timestamp: 2024-01-28 04:00:00
2024-01-28 01:42:59,206 - __main__ - INFO - station=> nise gwal, result => ['166', 'NISE Gwal Pahari, Gurugram, India', Timestamp('2024-01-28 07:00:00')]
2024-01-28 01:42:59,206 - __main__ - INFO - The hourly data has been written to data/cron_job_data/nise_cron_output.csv with Timestamp: 2024-01-28 07:00:00
2024-01-28 01:42:59,913 - __main__ - INFO - station=> Sector-51, Gurugram, result => ['300', 'Sector-51, Gurugram, India', Timestamp('2024-01-28 07:00:00')]
2024-01-28 01:42:59,913 - __main__ - INFO - The hourly data has been written to data/cron_job_data/sector_51_cron_output.csv with Timestamp: 2024-01-28 07:00:00
2024-01-28 01:43:00,619 - __main__ - INFO - station=> Sector-51, Gurugram, result => ['300', 'Sector-51, Gurugram, India', Timestamp('2024-01-28 07:00:00')]
2024-01-28 01:43:00,620 - __main__ - INFO - The hourly data has been written to static/data/sector_51_cron_output.csv with Timestamp: 2024-01-28 07:00:00
2024-01-28 01:43:01,325 - __main__ - INFO - station=> Teri Gram, result => ['193', 'Teri Gram, Gurugram, India', Timestamp('2024-01-28 07:00:00')]
2024-01-28 01:43:01,325 - __main__ - INFO - The hourly data has been written to data/cron_job_data/teri_gram_cron_output.csv with Timestamp: 2024-01-28 07:00:00
2024-01-28 01:43:02,029 - __main__ - INFO - station=> Vikas Sadan, result => ['173', 'Vikas Sadan Gurgaon, Gurgaon, India', Timestamp('2024-01-28 07:00:00')]
2024-01-28 01:43:02,029 - __main__ - INFO - The hourly data has been written to data/cron_job_data/vikas_sadan_cron_output.csv with Timestamp: 2024-01-28 07:00:00
2024-01-28 01:43:02,030 - __main__ - INFO - Calling writeData & retrain_model functions.
2024-01-28 01:43:02,036 - __main__ - INFO - df_api columns Index(['AQI'], dtype='object')
2024-01-28 01:43:02,036 - __main__ - INFO - today=> 2024-01-28 & yesterday=> 2024-01-27
2024-01-28 01:43:02,038 - __main__ - INFO - temp_daily_aqi columns Index(['Unnamed: 0', 'Date', 'AQI'], dtype='object')
2024-01-28 01:43:02,040 - __main__ - INFO - temp_daily_aqi[2024-01-27]=> Empty DataFrame
Columns: [Unnamed: 0, AQI]
Index: []
2024-01-28 01:43:02,041 - __main__ - INFO - Index => 1423, yesterday => 2024-01-27 & AQI => 301.0
2024-01-28 01:43:02,041 - __main__ - INFO - Daily AQI data has been written to data/cleaned_data/Forecasting_time_series/sector_51_daily_aqi.csv
2024-01-28 01:43:02,041 - __main__ - INFO - Index => 1423, yesterday => 2024-01-27 & AQI => 301.0
2024-01-28 01:43:02,042 - __main__ - INFO - Daily AQI data has been written to static/data/sector_51_daily_aqi.csv
2024-01-28 01:43:02,046 - __main__ - INFO - Re-training the model & train_end is 2024-01-22 00:00:00
2024-01-28 01:43:03,528 - __main__ - INFO - Retrained the model & MAPE is 11.8%
2024-01-28 01:43:03,529 - __main__ - INFO - Retrained the model & MAE is 32.74388645025216%
2024-01-28 01:43:04,830 - __main__ - INFO - Forecast=> 2024-01-28    271.096528
2024-01-29    268.054706
2024-01-30    264.813876
2024-01-31    259.181399
2024-02-01    259.630105
Freq: D, Name: predicted_mean, dtype: float64
2024-01-28 01:43:04,831 - __main__ - INFO - The forecast data has been written to data/cleaned_data/Forecasting_time_series/forecast_sector_51_daily_aqi.csv
2024-01-28 01:43:04,879 - __main__ - INFO - The forecast data has been written to static/data/forecast_sector_51_daily_aqi.csv
2024-01-28 03:04:48,274 - __main__ - INFO - station=> nise gwal, result => ['172', 'NISE Gwal Pahari, Gurugram, India', Timestamp('2024-01-28 08:00:00')]
2024-01-28 03:04:48,274 - __main__ - INFO - The hourly data has been written to data/cron_job_data/nise_cron_output.csv with Timestamp: 2024-01-28 08:00:00
2024-01-28 03:04:48,748 - __main__ - INFO - station=> Sector-51, Gurugram, result => ['315', 'Sector-51, Gurugram, India', Timestamp('2024-01-28 08:00:00')]
2024-01-28 03:04:48,748 - __main__ - INFO - The hourly data has been written to data/cron_job_data/sector_51_cron_output.csv with Timestamp: 2024-01-28 08:00:00
2024-01-28 03:04:49,223 - __main__ - INFO - station=> Sector-51, Gurugram, result => ['315', 'Sector-51, Gurugram, India', Timestamp('2024-01-28 08:00:00')]
2024-01-28 03:04:49,223 - __main__ - INFO - The hourly data has been written to static/data/sector_51_cron_output.csv with Timestamp: 2024-01-28 08:00:00
2024-01-28 03:04:49,712 - __main__ - INFO - station=> Teri Gram, result => ['194', 'Teri Gram, Gurugram, India', Timestamp('2024-01-28 08:00:00')]
2024-01-28 03:04:49,712 - __main__ - INFO - The hourly data has been written to data/cron_job_data/teri_gram_cron_output.csv with Timestamp: 2024-01-28 08:00:00
2024-01-28 03:04:50,185 - __main__ - INFO - station=> Vikas Sadan, result => ['173', 'Vikas Sadan Gurgaon, Gurgaon, India', Timestamp('2024-01-28 08:00:00')]
2024-01-28 03:04:50,185 - __main__ - INFO - The hourly data has been written to data/cron_job_data/vikas_sadan_cron_output.csv with Timestamp: 2024-01-28 08:00:00
2024-01-28 04:07:45,908 - __main__ - INFO - station=> nise gwal, result => ['179', 'NISE Gwal Pahari, Gurugram, India', Timestamp('2024-01-28 09:00:00')]
2024-01-28 04:07:45,908 - __main__ - INFO - The hourly data has been written to data/cron_job_data/nise_cron_output.csv with Timestamp: 2024-01-28 09:00:00
2024-01-28 04:07:46,553 - __main__ - INFO - station=> Sector-51, Gurugram, result => ['353', 'Sector-51, Gurugram, India', Timestamp('2024-01-28 09:00:00')]
2024-01-28 04:07:46,553 - __main__ - INFO - The hourly data has been written to data/cron_job_data/sector_51_cron_output.csv with Timestamp: 2024-01-28 09:00:00
2024-01-28 04:07:47,197 - __main__ - INFO - station=> Sector-51, Gurugram, result => ['353', 'Sector-51, Gurugram, India', Timestamp('2024-01-28 09:00:00')]
2024-01-28 04:07:47,197 - __main__ - INFO - The hourly data has been written to static/data/sector_51_cron_output.csv with Timestamp: 2024-01-28 09:00:00
2024-01-28 04:07:47,827 - __main__ - INFO - station=> Teri Gram, result => ['191', 'Teri Gram, Gurugram, India', Timestamp('2024-01-28 09:00:00')]
2024-01-28 04:07:47,828 - __main__ - INFO - The hourly data has been written to data/cron_job_data/teri_gram_cron_output.csv with Timestamp: 2024-01-28 09:00:00
2024-01-28 04:07:48,472 - __main__ - INFO - station=> Vikas Sadan, result => ['173', 'Vikas Sadan Gurgaon, Gurgaon, India', Timestamp('2024-01-28 09:00:00')]
2024-01-28 04:07:48,472 - __main__ - INFO - The hourly data has been written to data/cron_job_data/vikas_sadan_cron_output.csv with Timestamp: 2024-01-28 09:00:00
2024-01-28 05:02:30,580 - __main__ - INFO - station=> nise gwal, result => ['193', 'NISE Gwal Pahari, Gurugram, India', Timestamp('2024-01-28 10:00:00')]
2024-01-28 05:02:30,580 - __main__ - INFO - The hourly data has been written to data/cron_job_data/nise_cron_output.csv with Timestamp: 2024-01-28 10:00:00
2024-01-28 05:02:31,266 - __main__ - INFO - station=> Sector-51, Gurugram, result => ['343', 'Sector-51, Gurugram, India', Timestamp('2024-01-28 10:00:00')]
2024-01-28 05:02:31,266 - __main__ - INFO - The hourly data has been written to data/cron_job_data/sector_51_cron_output.csv with Timestamp: 2024-01-28 10:00:00
2024-01-28 05:02:31,963 - __main__ - INFO - station=> Sector-51, Gurugram, result => ['343', 'Sector-51, Gurugram, India', Timestamp('2024-01-28 10:00:00')]
2024-01-28 05:02:31,963 - __main__ - INFO - The hourly data has been written to static/data/sector_51_cron_output.csv with Timestamp: 2024-01-28 10:00:00
2024-01-28 05:02:32,654 - __main__ - INFO - station=> Teri Gram, result => ['240', 'Teri Gram, Gurugram, India', Timestamp('2024-01-28 10:00:00')]
2024-01-28 05:02:32,654 - __main__ - INFO - The hourly data has been written to data/cron_job_data/teri_gram_cron_output.csv with Timestamp: 2024-01-28 10:00:00
2024-01-28 05:02:33,341 - __main__ - INFO - station=> Vikas Sadan, result => ['179', 'Vikas Sadan Gurgaon, Gurgaon, India', Timestamp('2024-01-28 10:00:00')]
2024-01-28 05:02:33,341 - __main__ - INFO - The hourly data has been written to data/cron_job_data/vikas_sadan_cron_output.csv with Timestamp: 2024-01-28 10:00:00
2024-01-28 06:07:13,548 - __main__ - INFO - station=> nise gwal, result => ['187', 'NISE Gwal Pahari, Gurugram, India', Timestamp('2024-01-28 11:00:00')]
2024-01-28 06:07:13,549 - __main__ - INFO - The hourly data has been written to data/cron_job_data/nise_cron_output.csv with Timestamp: 2024-01-28 11:00:00
2024-01-28 06:07:14,032 - __main__ - INFO - station=> Sector-51, Gurugram, result => ['308', 'Sector-51, Gurugram, India', Timestamp('2024-01-28 11:00:00')]
2024-01-28 06:07:14,032 - __main__ - INFO - The hourly data has been written to data/cron_job_data/sector_51_cron_output.csv with Timestamp: 2024-01-28 11:00:00
2024-01-28 06:07:14,516 - __main__ - INFO - station=> Sector-51, Gurugram, result => ['308', 'Sector-51, Gurugram, India', Timestamp('2024-01-28 11:00:00')]
2024-01-28 06:07:14,516 - __main__ - INFO - The hourly data has been written to static/data/sector_51_cron_output.csv with Timestamp: 2024-01-28 11:00:00
2024-01-28 06:07:15,003 - __main__ - INFO - station=> Teri Gram, result => ['286', 'Teri Gram, Gurugram, India', Timestamp('2024-01-28 11:00:00')]
2024-01-28 06:07:15,003 - __main__ - INFO - The hourly data has been written to data/cron_job_data/teri_gram_cron_output.csv with Timestamp: 2024-01-28 11:00:00
2024-01-28 06:07:15,485 - __main__ - INFO - station=> Vikas Sadan, result => ['187', 'Vikas Sadan Gurgaon, Gurgaon, India', Timestamp('2024-01-28 11:00:00')]
2024-01-28 06:07:15,486 - __main__ - INFO - The hourly data has been written to data/cron_job_data/vikas_sadan_cron_output.csv with Timestamp: 2024-01-28 11:00:00
2024-01-28 07:02:41,129 - __main__ - INFO - station=> nise gwal, result => ['197', 'NISE Gwal Pahari, Gurugram, India', Timestamp('2024-01-28 12:00:00')]
2024-01-28 07:02:41,129 - __main__ - INFO - The hourly data has been written to data/cron_job_data/nise_cron_output.csv with Timestamp: 2024-01-28 12:00:00
2024-01-28 07:02:41,613 - __main__ - INFO - station=> Sector-51, Gurugram, result => ['312', 'Sector-51, Gurugram, India', Timestamp('2024-01-28 12:00:00')]
2024-01-28 07:02:41,613 - __main__ - INFO - The hourly data has been written to data/cron_job_data/sector_51_cron_output.csv with Timestamp: 2024-01-28 12:00:00
2024-01-28 07:02:42,097 - __main__ - INFO - station=> Sector-51, Gurugram, result => ['312', 'Sector-51, Gurugram, India', Timestamp('2024-01-28 12:00:00')]
2024-01-28 07:02:42,097 - __main__ - INFO - The hourly data has been written to static/data/sector_51_cron_output.csv with Timestamp: 2024-01-28 12:00:00
2024-01-28 07:02:42,617 - __main__ - INFO - station=> Teri Gram, result => ['354', 'Teri Gram, Gurugram, India', Timestamp('2024-01-28 12:00:00')]
2024-01-28 07:02:42,617 - __main__ - INFO - The hourly data has been written to data/cron_job_data/teri_gram_cron_output.csv with Timestamp: 2024-01-28 12:00:00
2024-01-28 07:02:43,096 - __main__ - INFO - station=> Vikas Sadan, result => ['175', 'Vikas Sadan Gurgaon, Gurgaon, India', Timestamp('2024-01-28 12:00:00')]
2024-01-28 07:02:43,096 - __main__ - INFO - The hourly data has been written to data/cron_job_data/vikas_sadan_cron_output.csv with Timestamp: 2024-01-28 12:00:00
2024-01-28 08:08:30,331 - __main__ - INFO - station=> nise gwal, result => ['466', 'NISE Gwal Pahari, Gurugram, India', Timestamp('2024-01-28 13:00:00')]
2024-01-28 08:08:30,332 - __main__ - INFO - The hourly data has been written to data/cron_job_data/nise_cron_output.csv with Timestamp: 2024-01-28 13:00:00
2024-01-28 08:08:30,815 - __main__ - INFO - station=> Sector-51, Gurugram, result => ['320', 'Sector-51, Gurugram, India', Timestamp('2024-01-28 13:00:00')]
2024-01-28 08:08:30,815 - __main__ - INFO - The hourly data has been written to data/cron_job_data/sector_51_cron_output.csv with Timestamp: 2024-01-28 13:00:00
2024-01-28 08:08:31,294 - __main__ - INFO - station=> Sector-51, Gurugram, result => ['320', 'Sector-51, Gurugram, India', Timestamp('2024-01-28 13:00:00')]
2024-01-28 08:08:31,295 - __main__ - INFO - The hourly data has been written to static/data/sector_51_cron_output.csv with Timestamp: 2024-01-28 13:00:00
2024-01-28 08:08:31,777 - __main__ - INFO - station=> Teri Gram, result => ['249', 'Teri Gram, Gurugram, India', Timestamp('2024-01-28 13:00:00')]
2024-01-28 08:08:31,777 - __main__ - INFO - The hourly data has been written to data/cron_job_data/teri_gram_cron_output.csv with Timestamp: 2024-01-28 13:00:00
2024-01-28 08:08:32,252 - __main__ - INFO - station=> Vikas Sadan, result => ['178', 'Vikas Sadan Gurgaon, Gurgaon, India', Timestamp('2024-01-28 13:00:00')]
2024-01-28 08:08:32,252 - __main__ - INFO - The hourly data has been written to data/cron_job_data/vikas_sadan_cron_output.csv with Timestamp: 2024-01-28 13:00:00
2024-01-28 09:03:42,611 - __main__ - INFO - station=> nise gwal, result => ['392', 'NISE Gwal Pahari, Gurugram, India', Timestamp('2024-01-28 14:00:00')]
2024-01-28 09:03:42,611 - __main__ - INFO - The hourly data has been written to data/cron_job_data/nise_cron_output.csv with Timestamp: 2024-01-28 14:00:00
2024-01-28 09:03:43,092 - __main__ - INFO - station=> Sector-51, Gurugram, result => ['272', 'Sector-51, Gurugram, India', Timestamp('2024-01-28 14:00:00')]
2024-01-28 09:03:43,092 - __main__ - INFO - The hourly data has been written to data/cron_job_data/sector_51_cron_output.csv with Timestamp: 2024-01-28 14:00:00
2024-01-28 09:03:43,567 - __main__ - INFO - station=> Sector-51, Gurugram, result => ['272', 'Sector-51, Gurugram, India', Timestamp('2024-01-28 14:00:00')]
2024-01-28 09:03:43,567 - __main__ - INFO - The hourly data has been written to static/data/sector_51_cron_output.csv with Timestamp: 2024-01-28 14:00:00
2024-01-28 09:03:44,046 - __main__ - INFO - station=> Teri Gram, result => ['234', 'Teri Gram, Gurugram, India', Timestamp('2024-01-28 14:00:00')]
2024-01-28 09:03:44,046 - __main__ - INFO - The hourly data has been written to data/cron_job_data/teri_gram_cron_output.csv with Timestamp: 2024-01-28 14:00:00
2024-01-28 09:03:44,518 - __main__ - INFO - station=> Vikas Sadan, result => ['184', 'Vikas Sadan Gurgaon, Gurgaon, India', Timestamp('2024-01-28 14:00:00')]
2024-01-28 09:03:44,518 - __main__ - INFO - The hourly data has been written to data/cron_job_data/vikas_sadan_cron_output.csv with Timestamp: 2024-01-28 14:00:00
