2024-03-28 00:30:30,825 - __main__ - INFO - station=> Sector-51, Gurugram, result => ['159', 'Sector-51, Gurugram, India', Timestamp('2024-03-28 05:00:00')]
2024-03-28 00:30:30,825 - __main__ - INFO - The hourly data has been written to data/cron_job_data/sector_51_cron_output.csv with Timestamp: 2024-03-28 05:00:00
2024-03-28 00:30:31,291 - __main__ - INFO - station=> Sector-51, Gurugram, result => ['159', 'Sector-51, Gurugram, India', Timestamp('2024-03-28 05:00:00')]
2024-03-28 00:30:31,291 - __main__ - INFO - The hourly data has been written to static/data/sector_51_cron_output.csv with Timestamp: 2024-03-28 05:00:00
2024-03-28 01:40:12,665 - __main__ - INFO - station=> Sector-51, Gurugram, result => ['173', 'Sector-51, Gurugram, India', Timestamp('2024-03-28 06:00:00')]
2024-03-28 01:40:12,666 - __main__ - INFO - The hourly data has been written to data/cron_job_data/sector_51_cron_output.csv with Timestamp: 2024-03-28 06:00:00
2024-03-28 01:40:13,298 - __main__ - INFO - station=> Sector-51, Gurugram, result => ['173', 'Sector-51, Gurugram, India', Timestamp('2024-03-28 06:00:00')]
2024-03-28 01:40:13,298 - __main__ - INFO - The hourly data has been written to static/data/sector_51_cron_output.csv with Timestamp: 2024-03-28 06:00:00
2024-03-28 01:40:13,298 - __main__ - INFO - Calling writeData & retrain_model functions.
2024-03-28 01:40:13,304 - __main__ - INFO - df_api columns Index(['AQI'], dtype='object')
2024-03-28 01:40:13,305 - __main__ - INFO - today=> 2024-03-28 & yesterday=> 2024-03-27
2024-03-28 01:40:13,306 - __main__ - INFO - temp_daily_aqi columns Index(['Unnamed: 0', 'Date', 'AQI'], dtype='object')
2024-03-28 01:40:13,309 - __main__ - INFO - temp_daily_aqi[2024-03-27]=> Empty DataFrame
Columns: [Unnamed: 0, AQI]
Index: []
2024-03-28 01:40:13,309 - __main__ - INFO - Index => 1483, yesterday => 2024-03-27 & AQI => 270.0
2024-03-28 01:40:13,310 - __main__ - INFO - Daily AQI data has been written to data/cleaned_data/Forecasting_time_series/sector_51_daily_aqi.csv
2024-03-28 01:40:13,310 - __main__ - INFO - Index => 1483, yesterday => 2024-03-27 & AQI => 270.0
2024-03-28 01:40:13,310 - __main__ - INFO - Daily AQI data has been written to static/data/sector_51_daily_aqi.csv
2024-03-28 01:40:13,314 - __main__ - INFO - Re-training the model & train_end is 2024-03-22 00:00:00
2024-03-28 01:40:14,633 - __main__ - INFO - Retrained the model & MAPE is 20.69%
2024-03-28 01:40:14,633 - __main__ - INFO - Retrained the model & MAE is 44.79452690009485%
2024-03-28 01:40:16,007 - __main__ - INFO - Forecast=> 2024-03-28    246.960744
2024-03-29    249.655947
2024-03-30    256.815882
2024-03-31    232.729870
2024-04-01    231.757145
Freq: D, Name: predicted_mean, dtype: float64
2024-03-28 01:40:16,007 - __main__ - INFO - The forecast data has been written to data/cleaned_data/Forecasting_time_series/forecast_sector_51_daily_aqi.csv
2024-03-28 01:40:16,008 - __main__ - INFO - The forecast data has been written to static/data/forecast_sector_51_daily_aqi.csv
2024-03-28 05:08:19,743 - __main__ - INFO - station=> Sector-51, Gurugram, result => ['168', 'Sector-51, Gurugram, India', Timestamp('2024-03-28 10:00:00')]
2024-03-28 05:08:19,743 - __main__ - INFO - The hourly data has been written to data/cron_job_data/sector_51_cron_output.csv with Timestamp: 2024-03-28 10:00:00
2024-03-28 05:08:20,423 - __main__ - INFO - station=> Sector-51, Gurugram, result => ['168', 'Sector-51, Gurugram, India', Timestamp('2024-03-28 10:00:00')]
2024-03-28 05:08:20,423 - __main__ - INFO - The hourly data has been written to static/data/sector_51_cron_output.csv with Timestamp: 2024-03-28 10:00:00
2024-03-28 06:09:45,297 - __main__ - INFO - station=> Sector-51, Gurugram, result => ['191', 'Sector-51, Gurugram, India', Timestamp('2024-03-28 11:00:00')]
2024-03-28 06:09:45,297 - __main__ - INFO - The hourly data has been written to data/cron_job_data/sector_51_cron_output.csv with Timestamp: 2024-03-28 11:00:00
2024-03-28 06:09:45,976 - __main__ - INFO - station=> Sector-51, Gurugram, result => ['191', 'Sector-51, Gurugram, India', Timestamp('2024-03-28 11:00:00')]
2024-03-28 06:09:45,976 - __main__ - INFO - The hourly data has been written to static/data/sector_51_cron_output.csv with Timestamp: 2024-03-28 11:00:00
2024-03-28 07:06:04,201 - __main__ - INFO - station=> Sector-51, Gurugram, result => ['187', 'Sector-51, Gurugram, India', Timestamp('2024-03-28 12:00:00')]
2024-03-28 07:06:04,201 - __main__ - INFO - The hourly data has been written to data/cron_job_data/sector_51_cron_output.csv with Timestamp: 2024-03-28 12:00:00
2024-03-28 07:06:04,669 - __main__ - INFO - station=> Sector-51, Gurugram, result => ['187', 'Sector-51, Gurugram, India', Timestamp('2024-03-28 12:00:00')]
2024-03-28 07:06:04,669 - __main__ - INFO - The hourly data has been written to static/data/sector_51_cron_output.csv with Timestamp: 2024-03-28 12:00:00
