2024-06-28 00:33:54,149 - __main__ - INFO - station=> Sector-51, Gurugram, result => ['180', 'Sector-51, Gurugram, India', Timestamp('2024-06-28 05:00:00')]
2024-06-28 00:33:54,149 - __main__ - INFO - The hourly data has been written to data/cron_job_data/sector_51_cron_output.csv with Timestamp: 2024-06-28 05:00:00
2024-06-28 00:33:54,848 - __main__ - INFO - station=> Sector-51, Gurugram, result => ['180', 'Sector-51, Gurugram, India', Timestamp('2024-06-28 05:00:00')]
2024-06-28 00:33:54,848 - __main__ - INFO - The hourly data has been written to static/data/sector_51_cron_output.csv with Timestamp: 2024-06-28 05:00:00
2024-06-28 01:55:19,980 - __main__ - INFO - station=> Sector-51, Gurugram, result => ['41', 'Sector-51, Gurugram, India', Timestamp('2024-06-28 07:00:00')]
2024-06-28 01:55:19,980 - __main__ - INFO - The hourly data has been written to data/cron_job_data/sector_51_cron_output.csv with Timestamp: 2024-06-28 07:00:00
2024-06-28 01:55:20,646 - __main__ - INFO - station=> Sector-51, Gurugram, result => ['41', 'Sector-51, Gurugram, India', Timestamp('2024-06-28 07:00:00')]
2024-06-28 01:55:20,646 - __main__ - INFO - The hourly data has been written to static/data/sector_51_cron_output.csv with Timestamp: 2024-06-28 07:00:00
2024-06-28 01:55:20,647 - __main__ - INFO - Calling writeData & retrain_model functions.
2024-06-28 01:55:20,655 - __main__ - INFO - df_api columns Index(['AQI'], dtype='object')
2024-06-28 01:55:20,656 - __main__ - INFO - today=> 2024-06-28 & yesterday=> 2024-06-27
2024-06-28 01:55:20,658 - __main__ - INFO - temp_daily_aqi columns Index(['Unnamed: 0', 'Date', 'AQI'], dtype='object')
2024-06-28 01:55:20,660 - __main__ - INFO - temp_daily_aqi[2024-06-27]=> Empty DataFrame
Columns: [Unnamed: 0, AQI]
Index: []
2024-06-28 01:55:20,661 - __main__ - INFO - Index => 1575, yesterday => 2024-06-27 & AQI => 133.0
2024-06-28 01:55:20,661 - __main__ - INFO - Daily AQI data has been written to data/cleaned_data/Forecasting_time_series/sector_51_daily_aqi.csv
2024-06-28 01:55:20,662 - __main__ - INFO - Index => 1575, yesterday => 2024-06-27 & AQI => 133.0
2024-06-28 01:55:20,662 - __main__ - INFO - Daily AQI data has been written to static/data/sector_51_daily_aqi.csv
2024-06-28 01:55:20,666 - __main__ - INFO - Re-training the model & train_end is 2024-06-22 00:00:00
2024-06-28 01:55:21,923 - __main__ - INFO - Retrained the model & MAPE is 16.17%
2024-06-28 01:55:21,924 - __main__ - INFO - Retrained the model & MAE is 21.50428284796738
2024-06-28 01:55:23,343 - __main__ - INFO - Forecast=> 2024-06-28    146.851080
2024-06-29    168.289461
2024-06-30    150.752663
2024-07-01    160.218254
2024-07-02    164.647828
Freq: D, Name: predicted_mean, dtype: float64
2024-06-28 01:55:23,344 - __main__ - INFO - The forecast data has been written to data/cleaned_data/Forecasting_time_series/forecast_sector_51_daily_aqi.csv
2024-06-28 01:55:23,344 - __main__ - INFO - The forecast data has been written to static/data/forecast_sector_51_daily_aqi.csv
2024-06-28 03:09:35,399 - __main__ - INFO - station=> Sector-51, Gurugram, result => ['80', 'Sector-51, Gurugram, India', Timestamp('2024-06-28 08:00:00')]
2024-06-28 03:09:35,399 - __main__ - INFO - The hourly data has been written to data/cron_job_data/sector_51_cron_output.csv with Timestamp: 2024-06-28 08:00:00
2024-06-28 03:09:36,081 - __main__ - INFO - station=> Sector-51, Gurugram, result => ['80', 'Sector-51, Gurugram, India', Timestamp('2024-06-28 08:00:00')]
2024-06-28 03:09:36,081 - __main__ - INFO - The hourly data has been written to static/data/sector_51_cron_output.csv with Timestamp: 2024-06-28 08:00:00
2024-06-28 04:09:16,384 - __main__ - INFO - station=> Sector-51, Gurugram, result => ['164', 'Sector-51, Gurugram, India', Timestamp('2024-06-28 09:00:00')]
2024-06-28 04:09:16,384 - __main__ - INFO - The hourly data has been written to data/cron_job_data/sector_51_cron_output.csv with Timestamp: 2024-06-28 09:00:00
2024-06-28 04:09:17,096 - __main__ - INFO - station=> Sector-51, Gurugram, result => ['164', 'Sector-51, Gurugram, India', Timestamp('2024-06-28 09:00:00')]
2024-06-28 04:09:17,096 - __main__ - INFO - The hourly data has been written to static/data/sector_51_cron_output.csv with Timestamp: 2024-06-28 09:00:00
2024-06-28 06:10:49,454 - __main__ - INFO - station=> Sector-51, Gurugram, result => ['165', 'Sector-51, Gurugram, India', Timestamp('2024-06-28 11:00:00')]
2024-06-28 06:10:49,454 - __main__ - INFO - The hourly data has been written to data/cron_job_data/sector_51_cron_output.csv with Timestamp: 2024-06-28 11:00:00
2024-06-28 06:10:50,107 - __main__ - INFO - station=> Sector-51, Gurugram, result => ['165', 'Sector-51, Gurugram, India', Timestamp('2024-06-28 11:00:00')]
2024-06-28 06:10:50,107 - __main__ - INFO - The hourly data has been written to static/data/sector_51_cron_output.csv with Timestamp: 2024-06-28 11:00:00
2024-06-28 08:10:22,562 - __main__ - INFO - station=> Sector-51, Gurugram, result => ['178', 'Sector-51, Gurugram, India', Timestamp('2024-06-28 13:00:00')]
2024-06-28 08:10:22,562 - __main__ - INFO - The hourly data has been written to data/cron_job_data/sector_51_cron_output.csv with Timestamp: 2024-06-28 13:00:00
2024-06-28 08:10:23,027 - __main__ - INFO - station=> Sector-51, Gurugram, result => ['178', 'Sector-51, Gurugram, India', Timestamp('2024-06-28 13:00:00')]
2024-06-28 08:10:23,027 - __main__ - INFO - The hourly data has been written to static/data/sector_51_cron_output.csv with Timestamp: 2024-06-28 13:00:00
2024-06-28 09:08:26,639 - __main__ - INFO - station=> Sector-51, Gurugram, result => ['178', 'Sector-51, Gurugram, India', Timestamp('2024-06-28 14:00:00')]
2024-06-28 09:08:26,639 - __main__ - INFO - The hourly data has been written to data/cron_job_data/sector_51_cron_output.csv with Timestamp: 2024-06-28 14:00:00
2024-06-28 09:08:27,341 - __main__ - INFO - station=> Sector-51, Gurugram, result => ['178', 'Sector-51, Gurugram, India', Timestamp('2024-06-28 14:00:00')]
2024-06-28 09:08:27,341 - __main__ - INFO - The hourly data has been written to static/data/sector_51_cron_output.csv with Timestamp: 2024-06-28 14:00:00
2024-06-28 10:08:15,743 - __main__ - INFO - station=> Sector-51, Gurugram, result => ['143', 'Sector-51, Gurugram, India', Timestamp('2024-06-28 15:00:00')]
2024-06-28 10:08:15,743 - __main__ - INFO - The hourly data has been written to data/cron_job_data/sector_51_cron_output.csv with Timestamp: 2024-06-28 15:00:00
2024-06-28 10:08:16,207 - __main__ - INFO - station=> Sector-51, Gurugram, result => ['143', 'Sector-51, Gurugram, India', Timestamp('2024-06-28 15:00:00')]
2024-06-28 10:08:16,208 - __main__ - INFO - The hourly data has been written to static/data/sector_51_cron_output.csv with Timestamp: 2024-06-28 15:00:00
2024-06-28 11:06:04,420 - __main__ - INFO - station=> Sector-51, Gurugram, result => ['138', 'Sector-51, Gurugram, India', Timestamp('2024-06-28 16:00:00')]
2024-06-28 11:06:04,420 - __main__ - INFO - The hourly data has been written to data/cron_job_data/sector_51_cron_output.csv with Timestamp: 2024-06-28 16:00:00
2024-06-28 11:06:04,888 - __main__ - INFO - station=> Sector-51, Gurugram, result => ['138', 'Sector-51, Gurugram, India', Timestamp('2024-06-28 16:00:00')]
2024-06-28 11:06:04,888 - __main__ - INFO - The hourly data has been written to static/data/sector_51_cron_output.csv with Timestamp: 2024-06-28 16:00:00
2024-06-28 12:13:28,613 - __main__ - INFO - station=> Sector-51, Gurugram, result => ['141', 'Sector-51, Gurugram, India', Timestamp('2024-06-28 17:00:00')]
2024-06-28 12:13:28,614 - __main__ - INFO - The hourly data has been written to data/cron_job_data/sector_51_cron_output.csv with Timestamp: 2024-06-28 17:00:00
2024-06-28 12:13:29,094 - __main__ - INFO - station=> Sector-51, Gurugram, result => ['141', 'Sector-51, Gurugram, India', Timestamp('2024-06-28 17:00:00')]
2024-06-28 12:13:29,094 - __main__ - INFO - The hourly data has been written to static/data/sector_51_cron_output.csv with Timestamp: 2024-06-28 17:00:00
2024-06-28 13:09:47,425 - __main__ - INFO - station=> Sector-51, Gurugram, result => ['139', 'Sector-51, Gurugram, India', Timestamp('2024-06-28 18:00:00')]
2024-06-28 13:09:47,425 - __main__ - INFO - The hourly data has been written to data/cron_job_data/sector_51_cron_output.csv with Timestamp: 2024-06-28 18:00:00
2024-06-28 13:09:48,065 - __main__ - INFO - station=> Sector-51, Gurugram, result => ['139', 'Sector-51, Gurugram, India', Timestamp('2024-06-28 18:00:00')]
2024-06-28 13:09:48,065 - __main__ - INFO - The hourly data has been written to static/data/sector_51_cron_output.csv with Timestamp: 2024-06-28 18:00:00
2024-06-28 14:07:28,623 - __main__ - INFO - station=> Sector-51, Gurugram, result => ['138', 'Sector-51, Gurugram, India', Timestamp('2024-06-28 19:00:00')]
2024-06-28 14:07:28,623 - __main__ - INFO - The hourly data has been written to data/cron_job_data/sector_51_cron_output.csv with Timestamp: 2024-06-28 19:00:00
2024-06-28 14:07:29,089 - __main__ - INFO - station=> Sector-51, Gurugram, result => ['138', 'Sector-51, Gurugram, India', Timestamp('2024-06-28 19:00:00')]
2024-06-28 14:07:29,089 - __main__ - INFO - The hourly data has been written to static/data/sector_51_cron_output.csv with Timestamp: 2024-06-28 19:00:00
2024-06-28 15:07:39,593 - __main__ - INFO - station=> Sector-51, Gurugram, result => ['139', 'Sector-51, Gurugram, India', Timestamp('2024-06-28 20:00:00')]
2024-06-28 15:07:39,593 - __main__ - INFO - The hourly data has been written to data/cron_job_data/sector_51_cron_output.csv with Timestamp: 2024-06-28 20:00:00
2024-06-28 15:07:40,258 - __main__ - INFO - station=> Sector-51, Gurugram, result => ['139', 'Sector-51, Gurugram, India', Timestamp('2024-06-28 20:00:00')]
2024-06-28 15:07:40,258 - __main__ - INFO - The hourly data has been written to static/data/sector_51_cron_output.csv with Timestamp: 2024-06-28 20:00:00
2024-06-28 16:08:45,934 - __main__ - INFO - station=> Sector-51, Gurugram, result => ['139', 'Sector-51, Gurugram, India', Timestamp('2024-06-28 21:00:00')]
2024-06-28 16:08:45,935 - __main__ - INFO - The hourly data has been written to data/cron_job_data/sector_51_cron_output.csv with Timestamp: 2024-06-28 21:00:00
2024-06-28 16:08:46,598 - __main__ - INFO - station=> Sector-51, Gurugram, result => ['139', 'Sector-51, Gurugram, India', Timestamp('2024-06-28 21:00:00')]
2024-06-28 16:08:46,599 - __main__ - INFO - The hourly data has been written to static/data/sector_51_cron_output.csv with Timestamp: 2024-06-28 21:00:00
2024-06-28 17:07:31,319 - __main__ - INFO - station=> Sector-51, Gurugram, result => ['144', 'Sector-51, Gurugram, India', Timestamp('2024-06-28 22:00:00')]
2024-06-28 17:07:31,319 - __main__ - INFO - The hourly data has been written to data/cron_job_data/sector_51_cron_output.csv with Timestamp: 2024-06-28 22:00:00
2024-06-28 17:07:32,028 - __main__ - INFO - station=> Sector-51, Gurugram, result => ['144', 'Sector-51, Gurugram, India', Timestamp('2024-06-28 22:00:00')]
2024-06-28 17:07:32,028 - __main__ - INFO - The hourly data has been written to static/data/sector_51_cron_output.csv with Timestamp: 2024-06-28 22:00:00
2024-06-28 18:09:52,703 - __main__ - INFO - station=> Sector-51, Gurugram, result => ['141', 'Sector-51, Gurugram, India', Timestamp('2024-06-28 23:00:00')]
2024-06-28 18:09:52,704 - __main__ - INFO - The hourly data has been written to data/cron_job_data/sector_51_cron_output.csv with Timestamp: 2024-06-28 23:00:00
2024-06-28 18:09:53,180 - __main__ - INFO - station=> Sector-51, Gurugram, result => ['141', 'Sector-51, Gurugram, India', Timestamp('2024-06-28 23:00:00')]
2024-06-28 18:09:53,180 - __main__ - INFO - The hourly data has been written to static/data/sector_51_cron_output.csv with Timestamp: 2024-06-28 23:00:00
2024-06-28 19:04:48,089 - __main__ - INFO - station=> Sector-51, Gurugram, result => ['157', 'Sector-51, Gurugram, India', Timestamp('2024-06-29 00:00:00')]
2024-06-28 19:04:48,089 - __main__ - INFO - The hourly data has been written to data/cron_job_data/sector_51_cron_output.csv with Timestamp: 2024-06-29 00:00:00
2024-06-28 19:04:48,555 - __main__ - INFO - station=> Sector-51, Gurugram, result => ['157', 'Sector-51, Gurugram, India', Timestamp('2024-06-29 00:00:00')]
2024-06-28 19:04:48,555 - __main__ - INFO - The hourly data has been written to static/data/sector_51_cron_output.csv with Timestamp: 2024-06-29 00:00:00
2024-06-28 20:08:09,650 - __main__ - INFO - station=> Sector-51, Gurugram, result => ['171', 'Sector-51, Gurugram, India', Timestamp('2024-06-29 01:00:00')]
2024-06-28 20:08:09,650 - __main__ - INFO - The hourly data has been written to data/cron_job_data/sector_51_cron_output.csv with Timestamp: 2024-06-29 01:00:00
2024-06-28 20:08:10,299 - __main__ - INFO - station=> Sector-51, Gurugram, result => ['171', 'Sector-51, Gurugram, India', Timestamp('2024-06-29 01:00:00')]
2024-06-28 20:08:10,299 - __main__ - INFO - The hourly data has been written to static/data/sector_51_cron_output.csv with Timestamp: 2024-06-29 01:00:00
2024-06-28 21:07:11,269 - __main__ - INFO - station=> Sector-51, Gurugram, result => ['163', 'Sector-51, Gurugram, India', Timestamp('2024-06-29 02:00:00')]
2024-06-28 21:07:11,270 - __main__ - INFO - The hourly data has been written to data/cron_job_data/sector_51_cron_output.csv with Timestamp: 2024-06-29 02:00:00
2024-06-28 21:07:11,999 - __main__ - INFO - station=> Sector-51, Gurugram, result => ['163', 'Sector-51, Gurugram, India', Timestamp('2024-06-29 02:00:00')]
2024-06-28 21:07:11,999 - __main__ - INFO - The hourly data has been written to static/data/sector_51_cron_output.csv with Timestamp: 2024-06-29 02:00:00
2024-06-28 22:07:23,056 - __main__ - INFO - station=> Sector-51, Gurugram, result => ['161', 'Sector-51, Gurugram, India', Timestamp('2024-06-29 03:00:00')]
2024-06-28 22:07:23,057 - __main__ - INFO - The hourly data has been written to data/cron_job_data/sector_51_cron_output.csv with Timestamp: 2024-06-29 03:00:00
2024-06-28 22:07:23,783 - __main__ - INFO - station=> Sector-51, Gurugram, result => ['161', 'Sector-51, Gurugram, India', Timestamp('2024-06-29 03:00:00')]
2024-06-28 22:07:23,783 - __main__ - INFO - The hourly data has been written to static/data/sector_51_cron_output.csv with Timestamp: 2024-06-29 03:00:00
2024-06-28 23:08:19,671 - __main__ - INFO - station=> Sector-51, Gurugram, result => ['157', 'Sector-51, Gurugram, India', Timestamp('2024-06-29 04:00:00')]
2024-06-28 23:08:19,671 - __main__ - INFO - The hourly data has been written to data/cron_job_data/sector_51_cron_output.csv with Timestamp: 2024-06-29 04:00:00
2024-06-28 23:08:20,395 - __main__ - INFO - station=> Sector-51, Gurugram, result => ['157', 'Sector-51, Gurugram, India', Timestamp('2024-06-29 04:00:00')]
2024-06-28 23:08:20,395 - __main__ - INFO - The hourly data has been written to static/data/sector_51_cron_output.csv with Timestamp: 2024-06-29 04:00:00
