2024-08-28 00:36:48,123 - __main__ - INFO - station=> Sector-51, Gurugram, result => ['114', 'Sector-51, Gurugram, India', Timestamp('2024-08-28 06:00:00')]
2024-08-28 00:36:48,123 - __main__ - INFO - The hourly data has been written to data/cron_job_data/sector_51_cron_output.csv with Timestamp: 2024-08-28 06:00:00
2024-08-28 00:36:48,798 - __main__ - INFO - station=> Sector-51, Gurugram, result => ['114', 'Sector-51, Gurugram, India', Timestamp('2024-08-28 06:00:00')]
2024-08-28 00:36:48,798 - __main__ - INFO - The hourly data has been written to static/data/sector_51_cron_output.csv with Timestamp: 2024-08-28 06:00:00
2024-08-28 00:36:48,851 - __main__ - INFO - df_api columns Index(['AQI'], dtype='object')
2024-08-28 00:36:48,851 - __main__ - INFO - today=> 2024-08-28 & yesterday=> 2024-08-27
2024-08-28 00:36:48,853 - __main__ - INFO - temp_daily_aqi columns Index(['Unnamed: 0', 'Date', 'AQI'], dtype='object')
2024-08-28 00:36:48,856 - __main__ - INFO - temp_daily_aqi[2024-08-27]=> Empty DataFrame
Columns: [Unnamed: 0, AQI]
Index: []
2024-08-28 00:36:48,856 - __main__ - INFO - Index => 1636, yesterday => 2024-08-27 & AQI => 301.0
2024-08-28 00:36:48,856 - __main__ - INFO - Daily AQI data has been written to data/cleaned_data/Forecasting_time_series/sector_51_daily_aqi.csv
2024-08-28 00:36:48,857 - __main__ - INFO - Index => 1636, yesterday => 2024-08-27 & AQI => 301.0
2024-08-28 00:36:48,857 - __main__ - INFO - Daily AQI data has been written to static/data/sector_51_daily_aqi.csv
2024-08-28 00:36:48,861 - __main__ - INFO - Re-training the model & train_end is 2024-08-22 00:00:00
2024-08-28 00:36:50,015 - __main__ - INFO - Retrained the model & MAPE is 24.07%
2024-08-28 00:36:50,015 - __main__ - INFO - Retrained the model & MAE is 59.166896633762555
2024-08-28 00:36:51,236 - __main__ - INFO - Forecast=> 2024-08-28    266.484731
2024-08-29    260.295401
2024-08-30    255.642358
2024-08-31    262.037861
2024-09-01    237.711691
Freq: D, Name: predicted_mean, dtype: float64
2024-08-28 00:36:51,237 - __main__ - INFO - The forecast data has been written to data/cleaned_data/Forecasting_time_series/forecast_sector_51_daily_aqi.csv
2024-08-28 00:36:51,237 - __main__ - INFO - The forecast data has been written to static/data/forecast_sector_51_daily_aqi.csv
2024-08-28 02:03:08,652 - __main__ - INFO - station=> Sector-51, Gurugram, result => ['141', 'Sector-51, Gurugram, India', Timestamp('2024-08-28 07:00:00')]
2024-08-28 02:03:08,653 - __main__ - INFO - The hourly data has been written to data/cron_job_data/sector_51_cron_output.csv with Timestamp: 2024-08-28 07:00:00
2024-08-28 02:03:09,360 - __main__ - INFO - station=> Sector-51, Gurugram, result => ['141', 'Sector-51, Gurugram, India', Timestamp('2024-08-28 07:00:00')]
2024-08-28 02:03:09,360 - __main__ - INFO - The hourly data has been written to static/data/sector_51_cron_output.csv with Timestamp: 2024-08-28 07:00:00
2024-08-28 03:09:18,647 - __main__ - INFO - station=> Sector-51, Gurugram, result => ['134', 'Sector-51, Gurugram, India', Timestamp('2024-08-28 08:00:00')]
2024-08-28 03:09:18,648 - __main__ - INFO - The hourly data has been written to data/cron_job_data/sector_51_cron_output.csv with Timestamp: 2024-08-28 08:00:00
2024-08-28 03:09:19,348 - __main__ - INFO - station=> Sector-51, Gurugram, result => ['134', 'Sector-51, Gurugram, India', Timestamp('2024-08-28 08:00:00')]
2024-08-28 03:09:19,348 - __main__ - INFO - The hourly data has been written to static/data/sector_51_cron_output.csv with Timestamp: 2024-08-28 08:00:00
2024-08-28 04:10:50,968 - __main__ - INFO - station=> Sector-51, Gurugram, result => ['115', 'Sector-51, Gurugram, India', Timestamp('2024-08-28 09:00:00')]
2024-08-28 04:10:50,968 - __main__ - INFO - The hourly data has been written to data/cron_job_data/sector_51_cron_output.csv with Timestamp: 2024-08-28 09:00:00
2024-08-28 04:10:51,459 - __main__ - INFO - station=> Sector-51, Gurugram, result => ['115', 'Sector-51, Gurugram, India', Timestamp('2024-08-28 09:00:00')]
2024-08-28 04:10:51,460 - __main__ - INFO - The hourly data has been written to static/data/sector_51_cron_output.csv with Timestamp: 2024-08-28 09:00:00
2024-08-28 05:08:19,740 - __main__ - INFO - station=> Sector-51, Gurugram, result => ['123', 'Sector-51, Gurugram, India', Timestamp('2024-08-28 10:00:00')]
2024-08-28 05:08:19,740 - __main__ - INFO - The hourly data has been written to data/cron_job_data/sector_51_cron_output.csv with Timestamp: 2024-08-28 10:00:00
2024-08-28 05:08:20,429 - __main__ - INFO - station=> Sector-51, Gurugram, result => ['123', 'Sector-51, Gurugram, India', Timestamp('2024-08-28 10:00:00')]
2024-08-28 05:08:20,429 - __main__ - INFO - The hourly data has been written to static/data/sector_51_cron_output.csv with Timestamp: 2024-08-28 10:00:00
2024-08-28 06:11:45,285 - __main__ - INFO - station=> Sector-51, Gurugram, result => ['81', 'Sector-51, Gurugram, India', Timestamp('2024-08-28 11:00:00')]
2024-08-28 06:11:45,285 - __main__ - INFO - The hourly data has been written to data/cron_job_data/sector_51_cron_output.csv with Timestamp: 2024-08-28 11:00:00
2024-08-28 06:11:45,754 - __main__ - INFO - station=> Sector-51, Gurugram, result => ['81', 'Sector-51, Gurugram, India', Timestamp('2024-08-28 11:00:00')]
2024-08-28 06:11:45,754 - __main__ - INFO - The hourly data has been written to static/data/sector_51_cron_output.csv with Timestamp: 2024-08-28 11:00:00
2024-08-28 07:08:18,362 - __main__ - INFO - station=> Sector-51, Gurugram, result => ['138', 'Sector-51, Gurugram, India', Timestamp('2024-08-28 12:00:00')]
2024-08-28 07:08:18,362 - __main__ - INFO - The hourly data has been written to data/cron_job_data/sector_51_cron_output.csv with Timestamp: 2024-08-28 12:00:00
2024-08-28 07:08:19,032 - __main__ - INFO - station=> Sector-51, Gurugram, result => ['138', 'Sector-51, Gurugram, India', Timestamp('2024-08-28 12:00:00')]
2024-08-28 07:08:19,032 - __main__ - INFO - The hourly data has been written to static/data/sector_51_cron_output.csv with Timestamp: 2024-08-28 12:00:00
2024-08-28 08:10:55,606 - __main__ - INFO - station=> Sector-51, Gurugram, result => ['129', 'Sector-51, Gurugram, India', Timestamp('2024-08-28 13:00:00')]
2024-08-28 08:10:55,607 - __main__ - INFO - The hourly data has been written to data/cron_job_data/sector_51_cron_output.csv with Timestamp: 2024-08-28 13:00:00
2024-08-28 08:10:56,086 - __main__ - INFO - station=> Sector-51, Gurugram, result => ['129', 'Sector-51, Gurugram, India', Timestamp('2024-08-28 13:00:00')]
2024-08-28 08:10:56,086 - __main__ - INFO - The hourly data has been written to static/data/sector_51_cron_output.csv with Timestamp: 2024-08-28 13:00:00
2024-08-28 09:09:19,418 - __main__ - INFO - station=> Sector-51, Gurugram, result => ['148', 'Sector-51, Gurugram, India', Timestamp('2024-08-28 14:00:00')]
2024-08-28 09:09:19,419 - __main__ - INFO - The hourly data has been written to data/cron_job_data/sector_51_cron_output.csv with Timestamp: 2024-08-28 14:00:00
2024-08-28 09:09:20,107 - __main__ - INFO - station=> Sector-51, Gurugram, result => ['148', 'Sector-51, Gurugram, India', Timestamp('2024-08-28 14:00:00')]
2024-08-28 09:09:20,107 - __main__ - INFO - The hourly data has been written to static/data/sector_51_cron_output.csv with Timestamp: 2024-08-28 14:00:00
2024-08-28 10:08:39,830 - __main__ - INFO - station=> Sector-51, Gurugram, result => ['155', 'Sector-51, Gurugram, India', Timestamp('2024-08-28 15:00:00')]
2024-08-28 10:08:39,830 - __main__ - INFO - The hourly data has been written to data/cron_job_data/sector_51_cron_output.csv with Timestamp: 2024-08-28 15:00:00
2024-08-28 10:08:40,447 - __main__ - INFO - station=> Sector-51, Gurugram, result => ['155', 'Sector-51, Gurugram, India', Timestamp('2024-08-28 15:00:00')]
2024-08-28 10:08:40,447 - __main__ - INFO - The hourly data has been written to static/data/sector_51_cron_output.csv with Timestamp: 2024-08-28 15:00:00
2024-08-28 11:07:13,664 - __main__ - INFO - station=> Sector-51, Gurugram, result => ['154', 'Sector-51, Gurugram, India', Timestamp('2024-08-28 16:00:00')]
2024-08-28 11:07:13,664 - __main__ - INFO - The hourly data has been written to data/cron_job_data/sector_51_cron_output.csv with Timestamp: 2024-08-28 16:00:00
2024-08-28 11:07:14,352 - __main__ - INFO - station=> Sector-51, Gurugram, result => ['154', 'Sector-51, Gurugram, India', Timestamp('2024-08-28 16:00:00')]
2024-08-28 11:07:14,352 - __main__ - INFO - The hourly data has been written to static/data/sector_51_cron_output.csv with Timestamp: 2024-08-28 16:00:00
2024-08-28 12:15:11,968 - __main__ - INFO - station=> Sector-51, Gurugram, result => ['154', 'Sector-51, Gurugram, India', Timestamp('2024-08-28 17:00:00')]
2024-08-28 12:15:11,968 - __main__ - INFO - The hourly data has been written to data/cron_job_data/sector_51_cron_output.csv with Timestamp: 2024-08-28 17:00:00
2024-08-28 12:15:12,600 - __main__ - INFO - station=> Sector-51, Gurugram, result => ['154', 'Sector-51, Gurugram, India', Timestamp('2024-08-28 17:00:00')]
2024-08-28 12:15:12,600 - __main__ - INFO - The hourly data has been written to static/data/sector_51_cron_output.csv with Timestamp: 2024-08-28 17:00:00
2024-08-28 13:14:01,965 - __main__ - INFO - station=> Sector-51, Gurugram, result => ['157', 'Sector-51, Gurugram, India', Timestamp('2024-08-28 18:00:00')]
2024-08-28 13:14:01,965 - __main__ - INFO - The hourly data has been written to data/cron_job_data/sector_51_cron_output.csv with Timestamp: 2024-08-28 18:00:00
2024-08-28 13:14:02,437 - __main__ - INFO - station=> Sector-51, Gurugram, result => ['157', 'Sector-51, Gurugram, India', Timestamp('2024-08-28 18:00:00')]
2024-08-28 13:14:02,437 - __main__ - INFO - The hourly data has been written to static/data/sector_51_cron_output.csv with Timestamp: 2024-08-28 18:00:00
