2023-12-28 00:28:18,098 - __main__ - INFO - station=> nise gwal, result => ['165', 'NISE Gwal Pahari, Gurugram, India', Timestamp('2023-12-28 05:00:00')]
2023-12-28 00:28:18,099 - __main__ - INFO - The data has been written to data/cron_job_data/nise_cron_output.csv with Timestamp: 2023-12-28 05:00:00
2023-12-28 00:28:18,602 - __main__ - INFO - station=> Sector-51, Gurugram, result => ['129', 'Sector-51, Gurugram, India', Timestamp('2023-12-28 05:00:00')]
2023-12-28 00:28:18,603 - __main__ - INFO - The data has been written to data/cron_job_data/sector_51_cron_output.csv with Timestamp: 2023-12-28 05:00:00
2023-12-28 00:28:19,095 - __main__ - INFO - station=> Teri Gram, result => ['167', 'Teri Gram, Gurugram, India', Timestamp('2023-12-28 05:00:00')]
2023-12-28 00:28:19,095 - __main__ - INFO - The data has been written to data/cron_job_data/teri_gram_cron_output.csv with Timestamp: 2023-12-28 05:00:00
2023-12-28 00:28:19,580 - __main__ - INFO - station=> Vikas Sadan, result => ['81', 'Vikas Sadan Gurgaon, Gurgaon, India', Timestamp('2023-12-28 05:00:00')]
2023-12-28 00:28:19,580 - __main__ - INFO - The data has been written to data/cron_job_data/vikas_sadan_cron_output.csv with Timestamp: 2023-12-28 05:00:00
2023-12-28 01:42:21,317 - __main__ - INFO - station=> nise gwal, result => ['160', 'NISE Gwal Pahari, Gurugram, India', Timestamp('2023-12-28 07:00:00')]
2023-12-28 01:42:21,318 - __main__ - INFO - The data has been written to data/cron_job_data/nise_cron_output.csv with Timestamp: 2023-12-28 07:00:00
2023-12-28 01:42:22,025 - __main__ - INFO - station=> Sector-51, Gurugram, result => ['152', 'Sector-51, Gurugram, India', Timestamp('2023-12-28 07:00:00')]
2023-12-28 01:42:22,026 - __main__ - INFO - The data has been written to data/cron_job_data/sector_51_cron_output.csv with Timestamp: 2023-12-28 07:00:00
2023-12-28 01:42:22,713 - __main__ - INFO - station=> Teri Gram, result => ['157', 'Teri Gram, Gurugram, India', Timestamp('2023-12-28 07:00:00')]
2023-12-28 01:42:22,713 - __main__ - INFO - The data has been written to data/cron_job_data/teri_gram_cron_output.csv with Timestamp: 2023-12-28 07:00:00
2023-12-28 01:42:23,415 - __main__ - INFO - station=> Vikas Sadan, result => ['91', 'Vikas Sadan Gurgaon, Gurgaon, India', Timestamp('2023-12-28 07:00:00')]
2023-12-28 01:42:23,416 - __main__ - INFO - The data has been written to data/cron_job_data/vikas_sadan_cron_output.csv with Timestamp: 2023-12-28 07:00:00
2023-12-28 02:17:23,364 - __main__ - INFO - station=> nise gwal, result => ['160', 'NISE Gwal Pahari, Gurugram, India', Timestamp('2023-12-28 07:00:00')]
2023-12-28 02:17:23,364 - __main__ - INFO - Timestamp 2023-12-28 07:00:00 already present in data/cron_job_data/nise_cron_output.csv, not appending.
2023-12-28 02:17:23,839 - __main__ - INFO - station=> Sector-51, Gurugram, result => ['152', 'Sector-51, Gurugram, India', Timestamp('2023-12-28 07:00:00')]
2023-12-28 02:17:23,840 - __main__ - INFO - Timestamp 2023-12-28 07:00:00 already present in data/cron_job_data/sector_51_cron_output.csv, not appending.
2023-12-28 02:17:24,318 - __main__ - INFO - station=> Teri Gram, result => ['157', 'Teri Gram, Gurugram, India', Timestamp('2023-12-28 07:00:00')]
2023-12-28 02:17:24,318 - __main__ - INFO - Timestamp 2023-12-28 07:00:00 already present in data/cron_job_data/teri_gram_cron_output.csv, not appending.
2023-12-28 02:17:24,788 - __main__ - INFO - station=> Vikas Sadan, result => ['92', 'Vikas Sadan Gurgaon, Gurgaon, India', Timestamp('2023-12-28 07:00:00')]
2023-12-28 02:17:24,788 - __main__ - INFO - Timestamp 2023-12-28 07:00:00 already present in data/cron_job_data/vikas_sadan_cron_output.csv, not appending.
