2024-03-29 00:30:36,798 - __main__ - INFO - station=> Sector-51, Gurugram, result => ['176', 'Sector-51, Gurugram, India', Timestamp('2024-03-29 05:00:00')]
2024-03-29 00:30:36,798 - __main__ - INFO - The hourly data has been written to data/cron_job_data/sector_51_cron_output.csv with Timestamp: 2024-03-29 05:00:00
2024-03-29 00:30:37,436 - __main__ - INFO - station=> Sector-51, Gurugram, result => ['176', 'Sector-51, Gurugram, India', Timestamp('2024-03-29 05:00:00')]
2024-03-29 00:30:37,437 - __main__ - INFO - The hourly data has been written to static/data/sector_51_cron_output.csv with Timestamp: 2024-03-29 05:00:00
2024-03-29 01:39:43,796 - __main__ - INFO - station=> Sector-51, Gurugram, result => ['177', 'Sector-51, Gurugram, India', Timestamp('2024-03-29 06:00:00')]
2024-03-29 01:39:43,796 - __main__ - INFO - The hourly data has been written to data/cron_job_data/sector_51_cron_output.csv with Timestamp: 2024-03-29 06:00:00
2024-03-29 01:39:44,431 - __main__ - INFO - station=> Sector-51, Gurugram, result => ['177', 'Sector-51, Gurugram, India', Timestamp('2024-03-29 06:00:00')]
2024-03-29 01:39:44,431 - __main__ - INFO - The hourly data has been written to static/data/sector_51_cron_output.csv with Timestamp: 2024-03-29 06:00:00
2024-03-29 01:39:44,431 - __main__ - INFO - Calling writeData & retrain_model functions.
2024-03-29 01:39:44,438 - __main__ - INFO - df_api columns Index(['AQI'], dtype='object')
2024-03-29 01:39:44,438 - __main__ - INFO - today=> 2024-03-29 & yesterday=> 2024-03-28
2024-03-29 01:39:44,440 - __main__ - INFO - temp_daily_aqi columns Index(['Unnamed: 0', 'Date', 'AQI'], dtype='object')
2024-03-29 01:39:44,442 - __main__ - INFO - temp_daily_aqi[2024-03-28]=> Empty DataFrame
Columns: [Unnamed: 0, AQI]
Index: []
2024-03-29 01:39:44,443 - __main__ - INFO - Index => 1484, yesterday => 2024-03-28 & AQI => 161.0
2024-03-29 01:39:44,443 - __main__ - INFO - Daily AQI data has been written to data/cleaned_data/Forecasting_time_series/sector_51_daily_aqi.csv
2024-03-29 01:39:44,443 - __main__ - INFO - Index => 1484, yesterday => 2024-03-28 & AQI => 161.0
2024-03-29 01:39:44,444 - __main__ - INFO - Daily AQI data has been written to static/data/sector_51_daily_aqi.csv
2024-03-29 01:39:44,448 - __main__ - INFO - Re-training the model & train_end is 2024-03-23 00:00:00
2024-03-29 01:39:45,876 - __main__ - INFO - Retrained the model & MAPE is 27.19%
2024-03-29 01:39:45,876 - __main__ - INFO - Retrained the model & MAE is 50.24832734846957%
2024-03-29 01:39:47,456 - __main__ - INFO - Forecast=> 2024-03-29    191.896836
2024-03-30    205.083607
2024-03-31    186.357275
2024-04-01    190.195643
2024-04-02    192.725016
Freq: D, Name: predicted_mean, dtype: float64
2024-03-29 01:39:47,457 - __main__ - INFO - The forecast data has been written to data/cleaned_data/Forecasting_time_series/forecast_sector_51_daily_aqi.csv
2024-03-29 01:39:47,457 - __main__ - INFO - The forecast data has been written to static/data/forecast_sector_51_daily_aqi.csv
2024-03-29 02:14:27,415 - __main__ - INFO - station=> Sector-51, Gurugram, result => ['181', 'Sector-51, Gurugram, India', Timestamp('2024-03-29 07:00:00')]
2024-03-29 02:14:27,415 - __main__ - INFO - The hourly data has been written to data/cron_job_data/sector_51_cron_output.csv with Timestamp: 2024-03-29 07:00:00
2024-03-29 02:14:28,080 - __main__ - INFO - station=> Sector-51, Gurugram, result => ['181', 'Sector-51, Gurugram, India', Timestamp('2024-03-29 07:00:00')]
2024-03-29 02:14:28,080 - __main__ - INFO - The hourly data has been written to static/data/sector_51_cron_output.csv with Timestamp: 2024-03-29 07:00:00
