2024-06-29 00:33:20,712 - __main__ - INFO - station=> Sector-51, Gurugram, result => ['158', 'Sector-51, Gurugram, India', Timestamp('2024-06-29 05:00:00')]
2024-06-29 00:33:20,712 - __main__ - INFO - The hourly data has been written to data/cron_job_data/sector_51_cron_output.csv with Timestamp: 2024-06-29 05:00:00
2024-06-29 00:33:21,180 - __main__ - INFO - station=> Sector-51, Gurugram, result => ['158', 'Sector-51, Gurugram, India', Timestamp('2024-06-29 05:00:00')]
2024-06-29 00:33:21,180 - __main__ - INFO - The hourly data has been written to static/data/sector_51_cron_output.csv with Timestamp: 2024-06-29 05:00:00
2024-06-29 01:53:05,379 - __main__ - INFO - station=> Sector-51, Gurugram, result => ['167', 'Sector-51, Gurugram, India', Timestamp('2024-06-29 07:00:00')]
2024-06-29 01:53:05,380 - __main__ - INFO - The hourly data has been written to data/cron_job_data/sector_51_cron_output.csv with Timestamp: 2024-06-29 07:00:00
2024-06-29 01:53:06,063 - __main__ - INFO - station=> Sector-51, Gurugram, result => ['167', 'Sector-51, Gurugram, India', Timestamp('2024-06-29 07:00:00')]
2024-06-29 01:53:06,063 - __main__ - INFO - The hourly data has been written to static/data/sector_51_cron_output.csv with Timestamp: 2024-06-29 07:00:00
2024-06-29 01:53:06,064 - __main__ - INFO - Calling writeData & retrain_model functions.
2024-06-29 01:53:06,072 - __main__ - INFO - df_api columns Index(['AQI'], dtype='object')
2024-06-29 01:53:06,072 - __main__ - INFO - today=> 2024-06-29 & yesterday=> 2024-06-28
2024-06-29 01:53:06,074 - __main__ - INFO - temp_daily_aqi columns Index(['Unnamed: 0', 'Date', 'AQI'], dtype='object')
2024-06-29 01:53:06,076 - __main__ - INFO - temp_daily_aqi[2024-06-28]=> Empty DataFrame
Columns: [Unnamed: 0, AQI]
Index: []
2024-06-29 01:53:06,077 - __main__ - INFO - Index => 1576, yesterday => 2024-06-28 & AQI => 147.0
2024-06-29 01:53:06,077 - __main__ - INFO - Daily AQI data has been written to data/cleaned_data/Forecasting_time_series/sector_51_daily_aqi.csv
2024-06-29 01:53:06,078 - __main__ - INFO - Index => 1576, yesterday => 2024-06-28 & AQI => 147.0
2024-06-29 01:53:06,078 - __main__ - INFO - Daily AQI data has been written to static/data/sector_51_daily_aqi.csv
2024-06-29 01:53:06,082 - __main__ - INFO - Re-training the model & train_end is 2024-06-23 00:00:00
2024-06-29 01:53:07,366 - __main__ - INFO - Retrained the model & MAPE is 18.78%
2024-06-29 01:53:07,367 - __main__ - INFO - Retrained the model & MAE is 25.40847150505659
2024-06-29 01:53:08,600 - __main__ - INFO - Forecast=> 2024-06-29    168.364942
2024-06-30    150.838716
2024-07-01    160.294997
2024-07-02    164.724270
2024-07-03    172.728824
Freq: D, Name: predicted_mean, dtype: float64
2024-06-29 01:53:08,603 - __main__ - INFO - The forecast data has been written to data/cleaned_data/Forecasting_time_series/forecast_sector_51_daily_aqi.csv
2024-06-29 01:53:08,604 - __main__ - INFO - The forecast data has been written to static/data/forecast_sector_51_daily_aqi.csv
2024-06-29 03:09:19,811 - __main__ - INFO - station=> Sector-51, Gurugram, result => ['164', 'Sector-51, Gurugram, India', Timestamp('2024-06-29 08:00:00')]
2024-06-29 03:09:19,811 - __main__ - INFO - The hourly data has been written to data/cron_job_data/sector_51_cron_output.csv with Timestamp: 2024-06-29 08:00:00
2024-06-29 03:09:20,275 - __main__ - INFO - station=> Sector-51, Gurugram, result => ['164', 'Sector-51, Gurugram, India', Timestamp('2024-06-29 08:00:00')]
2024-06-29 03:09:20,275 - __main__ - INFO - The hourly data has been written to static/data/sector_51_cron_output.csv with Timestamp: 2024-06-29 08:00:00
2024-06-29 04:10:03,554 - __main__ - INFO - station=> Sector-51, Gurugram, result => ['165', 'Sector-51, Gurugram, India', Timestamp('2024-06-29 09:00:00')]
2024-06-29 04:10:03,554 - __main__ - INFO - The hourly data has been written to data/cron_job_data/sector_51_cron_output.csv with Timestamp: 2024-06-29 09:00:00
2024-06-29 04:10:04,256 - __main__ - INFO - station=> Sector-51, Gurugram, result => ['165', 'Sector-51, Gurugram, India', Timestamp('2024-06-29 09:00:00')]
2024-06-29 04:10:04,256 - __main__ - INFO - The hourly data has been written to static/data/sector_51_cron_output.csv with Timestamp: 2024-06-29 09:00:00
