2024-08-29 00:37:16,058 - __main__ - INFO - station=> Sector-51, Gurugram, result => ['87', 'Sector-51, Gurugram, India', Timestamp('2024-08-29 06:00:00')]
2024-08-29 00:37:16,058 - __main__ - INFO - The hourly data has been written to data/cron_job_data/sector_51_cron_output.csv with Timestamp: 2024-08-29 06:00:00
2024-08-29 00:37:16,672 - __main__ - INFO - station=> Sector-51, Gurugram, result => ['87', 'Sector-51, Gurugram, India', Timestamp('2024-08-29 06:00:00')]
2024-08-29 00:37:16,672 - __main__ - INFO - The hourly data has been written to static/data/sector_51_cron_output.csv with Timestamp: 2024-08-29 06:00:00
2024-08-29 00:37:16,744 - __main__ - INFO - df_api columns Index(['AQI'], dtype='object')
2024-08-29 00:37:16,744 - __main__ - INFO - today=> 2024-08-29 & yesterday=> 2024-08-28
2024-08-29 00:37:16,746 - __main__ - INFO - temp_daily_aqi columns Index(['Unnamed: 0', 'Date', 'AQI'], dtype='object')
2024-08-29 00:37:16,749 - __main__ - INFO - temp_daily_aqi[2024-08-28]=> Empty DataFrame
Columns: [Unnamed: 0, AQI]
Index: []
2024-08-29 00:37:16,749 - __main__ - INFO - Index => 1637, yesterday => 2024-08-28 & AQI => 144.0
2024-08-29 00:37:16,749 - __main__ - INFO - Daily AQI data has been written to data/cleaned_data/Forecasting_time_series/sector_51_daily_aqi.csv
2024-08-29 00:37:16,750 - __main__ - INFO - Index => 1637, yesterday => 2024-08-28 & AQI => 144.0
2024-08-29 00:37:16,750 - __main__ - INFO - Daily AQI data has been written to static/data/sector_51_daily_aqi.csv
2024-08-29 00:37:16,755 - __main__ - INFO - Re-training the model & train_end is 2024-08-23 00:00:00
2024-08-29 00:37:18,129 - __main__ - INFO - Retrained the model & MAPE is 24.58%
2024-08-29 00:37:18,130 - __main__ - INFO - Retrained the model & MAE is 60.641504805467704
2024-08-29 00:37:19,522 - __main__ - INFO - Forecast=> 2024-08-29    184.172110
2024-08-30    186.979880
2024-08-31    200.039953
2024-09-01    181.823644
2024-09-02    191.182877
Freq: D, Name: predicted_mean, dtype: float64
2024-08-29 00:37:19,523 - __main__ - INFO - The forecast data has been written to data/cleaned_data/Forecasting_time_series/forecast_sector_51_daily_aqi.csv
2024-08-29 00:37:19,523 - __main__ - INFO - The forecast data has been written to static/data/forecast_sector_51_daily_aqi.csv
