2024-01-29 00:28:21,594 - __main__ - INFO - station=> nise gwal, result => ['180', 'NISE Gwal Pahari, Gurugram, India', Timestamp('2024-01-29 05:00:00')]
2024-01-29 00:28:21,594 - __main__ - INFO - The hourly data has been written to data/cron_job_data/nise_cron_output.csv with Timestamp: 2024-01-29 05:00:00
2024-01-29 00:28:22,251 - __main__ - INFO - station=> Sector-51, Gurugram, result => ['228', 'Sector-51, Gurugram, India', Timestamp('2024-01-29 05:00:00')]
2024-01-29 00:28:22,252 - __main__ - INFO - The hourly data has been written to data/cron_job_data/sector_51_cron_output.csv with Timestamp: 2024-01-29 05:00:00
2024-01-29 00:28:22,906 - __main__ - INFO - station=> Sector-51, Gurugram, result => ['228', 'Sector-51, Gurugram, India', Timestamp('2024-01-29 05:00:00')]
2024-01-29 00:28:22,906 - __main__ - INFO - The hourly data has been written to static/data/sector_51_cron_output.csv with Timestamp: 2024-01-29 05:00:00
2024-01-29 00:28:23,558 - __main__ - INFO - station=> Teri Gram, result => ['120', 'Teri Gram, Gurugram, India', Timestamp('2024-01-29 05:00:00')]
2024-01-29 00:28:23,558 - __main__ - INFO - The hourly data has been written to data/cron_job_data/teri_gram_cron_output.csv with Timestamp: 2024-01-29 05:00:00
2024-01-29 00:28:24,201 - __main__ - INFO - station=> Vikas Sadan, result => ['155', 'Vikas Sadan Gurgaon, Gurgaon, India', Timestamp('2024-01-29 05:00:00')]
2024-01-29 00:28:24,201 - __main__ - INFO - The hourly data has been written to data/cron_job_data/vikas_sadan_cron_output.csv with Timestamp: 2024-01-29 05:00:00
2024-01-29 01:39:45,152 - __main__ - INFO - station=> nise gwal, result => ['184', 'NISE Gwal Pahari, Gurugram, India', Timestamp('2024-01-29 07:00:00')]
2024-01-29 01:39:45,152 - __main__ - INFO - The hourly data has been written to data/cron_job_data/nise_cron_output.csv with Timestamp: 2024-01-29 07:00:00
2024-01-29 01:39:45,629 - __main__ - INFO - station=> Sector-51, Gurugram, result => ['200', 'Sector-51, Gurugram, India', Timestamp('2024-01-29 07:00:00')]
2024-01-29 01:39:45,629 - __main__ - INFO - The hourly data has been written to data/cron_job_data/sector_51_cron_output.csv with Timestamp: 2024-01-29 07:00:00
2024-01-29 01:39:46,104 - __main__ - INFO - station=> Sector-51, Gurugram, result => ['200', 'Sector-51, Gurugram, India', Timestamp('2024-01-29 07:00:00')]
2024-01-29 01:39:46,104 - __main__ - INFO - The hourly data has been written to static/data/sector_51_cron_output.csv with Timestamp: 2024-01-29 07:00:00
2024-01-29 01:39:46,581 - __main__ - INFO - station=> Teri Gram, result => ['113', 'Teri Gram, Gurugram, India', Timestamp('2024-01-29 07:00:00')]
2024-01-29 01:39:46,582 - __main__ - INFO - The hourly data has been written to data/cron_job_data/teri_gram_cron_output.csv with Timestamp: 2024-01-29 07:00:00
2024-01-29 01:39:47,058 - __main__ - INFO - station=> Vikas Sadan, result => ['157', 'Vikas Sadan Gurgaon, Gurgaon, India', Timestamp('2024-01-29 07:00:00')]
2024-01-29 01:39:47,058 - __main__ - INFO - The hourly data has been written to data/cron_job_data/vikas_sadan_cron_output.csv with Timestamp: 2024-01-29 07:00:00
2024-01-29 01:39:47,059 - __main__ - INFO - Calling writeData & retrain_model functions.
2024-01-29 01:39:47,066 - __main__ - INFO - df_api columns Index(['AQI'], dtype='object')
2024-01-29 01:39:47,066 - __main__ - INFO - today=> 2024-01-29 & yesterday=> 2024-01-28
2024-01-29 01:39:47,068 - __main__ - INFO - temp_daily_aqi columns Index(['Unnamed: 0', 'Date', 'AQI'], dtype='object')
2024-01-29 01:39:47,071 - __main__ - INFO - temp_daily_aqi[2024-01-28]=> Empty DataFrame
Columns: [Unnamed: 0, AQI]
Index: []
2024-01-29 01:39:47,071 - __main__ - INFO - Index => 1424, yesterday => 2024-01-28 & AQI => 318.0
2024-01-29 01:39:47,072 - __main__ - INFO - Daily AQI data has been written to data/cleaned_data/Forecasting_time_series/sector_51_daily_aqi.csv
2024-01-29 01:39:47,072 - __main__ - INFO - Index => 1424, yesterday => 2024-01-28 & AQI => 318.0
2024-01-29 01:39:47,072 - __main__ - INFO - Daily AQI data has been written to static/data/sector_51_daily_aqi.csv
2024-01-29 01:39:47,077 - __main__ - INFO - Re-training the model & train_end is 2024-01-23 00:00:00
2024-01-29 01:39:48,295 - __main__ - INFO - Retrained the model & MAPE is 14.9%
2024-01-29 01:39:48,295 - __main__ - INFO - Retrained the model & MAE is 46.549041618097505%
2024-01-29 01:39:49,796 - __main__ - INFO - Forecast=> 2024-01-29    300.878992
2024-01-30    294.311381
2024-01-31    285.498525
2024-02-01    283.177629
2024-02-02    282.001312
Freq: D, Name: predicted_mean, dtype: float64
2024-01-29 01:39:49,796 - __main__ - INFO - The forecast data has been written to data/cleaned_data/Forecasting_time_series/forecast_sector_51_daily_aqi.csv
2024-01-29 01:39:49,797 - __main__ - INFO - The forecast data has been written to static/data/forecast_sector_51_daily_aqi.csv
2024-01-29 03:06:02,986 - __main__ - INFO - station=> nise gwal, result => ['172', 'NISE Gwal Pahari, Gurugram, India', Timestamp('2024-01-29 08:00:00')]
2024-01-29 03:06:02,986 - __main__ - INFO - The hourly data has been written to data/cron_job_data/nise_cron_output.csv with Timestamp: 2024-01-29 08:00:00
2024-01-29 03:06:03,674 - __main__ - INFO - station=> Sector-51, Gurugram, result => ['203', 'Sector-51, Gurugram, India', Timestamp('2024-01-29 08:00:00')]
2024-01-29 03:06:03,674 - __main__ - INFO - The hourly data has been written to data/cron_job_data/sector_51_cron_output.csv with Timestamp: 2024-01-29 08:00:00
2024-01-29 03:06:04,359 - __main__ - INFO - station=> Sector-51, Gurugram, result => ['203', 'Sector-51, Gurugram, India', Timestamp('2024-01-29 08:00:00')]
2024-01-29 03:06:04,359 - __main__ - INFO - The hourly data has been written to static/data/sector_51_cron_output.csv with Timestamp: 2024-01-29 08:00:00
2024-01-29 03:06:05,046 - __main__ - INFO - station=> Teri Gram, result => ['107', 'Teri Gram, Gurugram, India', Timestamp('2024-01-29 08:00:00')]
2024-01-29 03:06:05,046 - __main__ - INFO - The hourly data has been written to data/cron_job_data/teri_gram_cron_output.csv with Timestamp: 2024-01-29 08:00:00
2024-01-29 03:06:05,730 - __main__ - INFO - station=> Vikas Sadan, result => ['156', 'Vikas Sadan Gurgaon, Gurgaon, India', Timestamp('2024-01-29 08:00:00')]
2024-01-29 03:06:05,731 - __main__ - INFO - The hourly data has been written to data/cron_job_data/vikas_sadan_cron_output.csv with Timestamp: 2024-01-29 08:00:00
2024-01-29 04:07:25,212 - __main__ - INFO - station=> nise gwal, result => ['171', 'NISE Gwal Pahari, Gurugram, India', Timestamp('2024-01-29 09:00:00')]
2024-01-29 04:07:25,212 - __main__ - INFO - The hourly data has been written to data/cron_job_data/nise_cron_output.csv with Timestamp: 2024-01-29 09:00:00
2024-01-29 04:07:25,910 - __main__ - INFO - station=> Sector-51, Gurugram, result => ['191', 'Sector-51, Gurugram, India', Timestamp('2024-01-29 09:00:00')]
2024-01-29 04:07:25,911 - __main__ - INFO - The hourly data has been written to data/cron_job_data/sector_51_cron_output.csv with Timestamp: 2024-01-29 09:00:00
2024-01-29 04:07:26,619 - __main__ - INFO - station=> Sector-51, Gurugram, result => ['191', 'Sector-51, Gurugram, India', Timestamp('2024-01-29 09:00:00')]
2024-01-29 04:07:26,619 - __main__ - INFO - The hourly data has been written to static/data/sector_51_cron_output.csv with Timestamp: 2024-01-29 09:00:00
2024-01-29 04:07:27,320 - __main__ - INFO - station=> Teri Gram, result => ['106', 'Teri Gram, Gurugram, India', Timestamp('2024-01-29 09:00:00')]
2024-01-29 04:07:27,320 - __main__ - INFO - The hourly data has been written to data/cron_job_data/teri_gram_cron_output.csv with Timestamp: 2024-01-29 09:00:00
2024-01-29 04:07:28,011 - __main__ - INFO - station=> Vikas Sadan, result => ['142', 'Vikas Sadan Gurgaon, Gurgaon, India', Timestamp('2024-01-29 09:00:00')]
2024-01-29 04:07:28,011 - __main__ - INFO - The hourly data has been written to data/cron_job_data/vikas_sadan_cron_output.csv with Timestamp: 2024-01-29 09:00:00
2024-01-29 05:05:15,006 - __main__ - INFO - station=> nise gwal, result => ['176', 'NISE Gwal Pahari, Gurugram, India', Timestamp('2024-01-29 10:00:00')]
2024-01-29 05:05:15,006 - __main__ - INFO - The hourly data has been written to data/cron_job_data/nise_cron_output.csv with Timestamp: 2024-01-29 10:00:00
2024-01-29 05:05:15,484 - __main__ - INFO - station=> Sector-51, Gurugram, result => ['195', 'Sector-51, Gurugram, India', Timestamp('2024-01-29 10:00:00')]
2024-01-29 05:05:15,485 - __main__ - INFO - The hourly data has been written to data/cron_job_data/sector_51_cron_output.csv with Timestamp: 2024-01-29 10:00:00
2024-01-29 05:05:15,960 - __main__ - INFO - station=> Sector-51, Gurugram, result => ['195', 'Sector-51, Gurugram, India', Timestamp('2024-01-29 10:00:00')]
2024-01-29 05:05:15,960 - __main__ - INFO - The hourly data has been written to static/data/sector_51_cron_output.csv with Timestamp: 2024-01-29 10:00:00
2024-01-29 05:05:16,438 - __main__ - INFO - station=> Teri Gram, result => ['104', 'Teri Gram, Gurugram, India', Timestamp('2024-01-29 10:00:00')]
2024-01-29 05:05:16,438 - __main__ - INFO - The hourly data has been written to data/cron_job_data/teri_gram_cron_output.csv with Timestamp: 2024-01-29 10:00:00
2024-01-29 05:05:16,911 - __main__ - INFO - station=> Vikas Sadan, result => ['152', 'Vikas Sadan Gurgaon, Gurgaon, India', Timestamp('2024-01-29 10:00:00')]
2024-01-29 05:05:16,911 - __main__ - INFO - The hourly data has been written to data/cron_job_data/vikas_sadan_cron_output.csv with Timestamp: 2024-01-29 10:00:00
2024-01-29 09:07:16,546 - __main__ - INFO - station=> nise gwal, result => ['193', 'NISE Gwal Pahari, Gurugram, India', Timestamp('2024-01-29 13:00:00')]
2024-01-29 09:07:16,547 - __main__ - INFO - The hourly data has been written to data/cron_job_data/nise_cron_output.csv with Timestamp: 2024-01-29 13:00:00
2024-01-29 09:07:17,173 - __main__ - INFO - station=> Sector-51, Gurugram, result => ['217', 'Sector-51, Gurugram, India', Timestamp('2024-01-29 14:00:00')]
2024-01-29 09:07:17,173 - __main__ - INFO - The hourly data has been written to data/cron_job_data/sector_51_cron_output.csv with Timestamp: 2024-01-29 14:00:00
2024-01-29 09:07:18,052 - __main__ - INFO - station=> Sector-51, Gurugram, result => ['217', 'Sector-51, Gurugram, India', Timestamp('2024-01-29 14:00:00')]
2024-01-29 09:07:18,052 - __main__ - INFO - The hourly data has been written to static/data/sector_51_cron_output.csv with Timestamp: 2024-01-29 14:00:00
2024-01-29 09:07:19,231 - __main__ - INFO - station=> Teri Gram, result => ['188', 'Teri Gram, Gurugram, India', Timestamp('2024-01-29 14:00:00')]
2024-01-29 09:07:19,231 - __main__ - INFO - The hourly data has been written to data/cron_job_data/teri_gram_cron_output.csv with Timestamp: 2024-01-29 14:00:00
2024-01-29 09:07:19,743 - __main__ - INFO - station=> Vikas Sadan, result => ['164', 'Vikas Sadan Gurgaon, Gurgaon, India', Timestamp('2024-01-29 14:00:00')]
2024-01-29 09:07:19,743 - __main__ - INFO - The hourly data has been written to data/cron_job_data/vikas_sadan_cron_output.csv with Timestamp: 2024-01-29 14:00:00
2024-01-29 14:03:32,388 - __main__ - INFO - station=> nise gwal, result => ['174', 'NISE Gwal Pahari, Gurugram, India', Timestamp('2024-01-29 19:00:00')]
2024-01-29 14:03:32,388 - __main__ - INFO - The hourly data has been written to data/cron_job_data/nise_cron_output.csv with Timestamp: 2024-01-29 19:00:00
2024-01-29 14:03:33,080 - __main__ - INFO - station=> Sector-51, Gurugram, result => ['229', 'Sector-51, Gurugram, India', Timestamp('2024-01-29 19:00:00')]
2024-01-29 14:03:33,080 - __main__ - INFO - The hourly data has been written to data/cron_job_data/sector_51_cron_output.csv with Timestamp: 2024-01-29 19:00:00
2024-01-29 14:03:33,771 - __main__ - INFO - station=> Sector-51, Gurugram, result => ['229', 'Sector-51, Gurugram, India', Timestamp('2024-01-29 19:00:00')]
2024-01-29 14:03:33,771 - __main__ - INFO - The hourly data has been written to static/data/sector_51_cron_output.csv with Timestamp: 2024-01-29 19:00:00
2024-01-29 14:03:34,462 - __main__ - INFO - station=> Teri Gram, result => ['188', 'Teri Gram, Gurugram, India', Timestamp('2024-01-29 19:00:00')]
2024-01-29 14:03:34,462 - __main__ - INFO - The hourly data has been written to data/cron_job_data/teri_gram_cron_output.csv with Timestamp: 2024-01-29 19:00:00
2024-01-29 14:03:35,148 - __main__ - INFO - station=> Vikas Sadan, result => ['173', 'Vikas Sadan Gurgaon, Gurgaon, India', Timestamp('2024-01-29 19:00:00')]
2024-01-29 14:03:35,148 - __main__ - INFO - The hourly data has been written to data/cron_job_data/vikas_sadan_cron_output.csv with Timestamp: 2024-01-29 19:00:00
2024-01-29 15:04:02,005 - __main__ - INFO - station=> Sector-51, Gurugram, result => ['233', 'Sector-51, Gurugram, India', Timestamp('2024-01-29 20:00:00')]
2024-01-29 15:04:02,005 - __main__ - INFO - The hourly data has been written to data/cron_job_data/sector_51_cron_output.csv with Timestamp: 2024-01-29 20:00:00
2024-01-29 15:04:02,488 - __main__ - INFO - station=> Sector-51, Gurugram, result => ['233', 'Sector-51, Gurugram, India', Timestamp('2024-01-29 20:00:00')]
2024-01-29 15:04:02,488 - __main__ - INFO - The hourly data has been written to static/data/sector_51_cron_output.csv with Timestamp: 2024-01-29 20:00:00
2024-01-29 15:04:02,965 - __main__ - INFO - station=> Teri Gram, result => ['188', 'Teri Gram, Gurugram, India', Timestamp('2024-01-29 20:00:00')]
2024-01-29 15:04:02,965 - __main__ - INFO - The hourly data has been written to data/cron_job_data/teri_gram_cron_output.csv with Timestamp: 2024-01-29 20:00:00
2024-01-29 15:04:03,440 - __main__ - INFO - station=> Vikas Sadan, result => ['171', 'Vikas Sadan Gurgaon, Gurgaon, India', Timestamp('2024-01-29 20:00:00')]
2024-01-29 15:04:03,440 - __main__ - INFO - The hourly data has been written to data/cron_job_data/vikas_sadan_cron_output.csv with Timestamp: 2024-01-29 20:00:00
