2024-05-29 01:54:26,166 - __main__ - INFO - Calling writeData & retrain_model functions.
2024-05-29 01:54:26,174 - __main__ - INFO - df_api columns Index(['AQI'], dtype='object')
2024-05-29 01:54:26,175 - __main__ - INFO - today=> 2024-05-29 & yesterday=> 2024-05-28
2024-05-29 01:54:26,176 - __main__ - INFO - temp_daily_aqi columns Index(['Unnamed: 0', 'Date', 'AQI'], dtype='object')
2024-05-29 01:54:26,179 - __main__ - INFO - temp_daily_aqi[2024-05-28]=> Empty DataFrame
Columns: [Unnamed: 0, AQI]
Index: []
2024-05-29 01:54:26,179 - __main__ - INFO - Index => 1545, yesterday => 2024-05-28 & AQI => 184.0
2024-05-29 01:54:26,180 - __main__ - INFO - Daily AQI data has been written to data/cleaned_data/Forecasting_time_series/sector_51_daily_aqi.csv
2024-05-29 01:54:26,180 - __main__ - INFO - Index => 1545, yesterday => 2024-05-28 & AQI => 184.0
2024-05-29 01:54:26,180 - __main__ - INFO - Daily AQI data has been written to static/data/sector_51_daily_aqi.csv
2024-05-29 01:54:26,184 - __main__ - INFO - Re-training the model & train_end is 2024-05-23 00:00:00
2024-05-29 01:54:27,408 - __main__ - INFO - Retrained the model & MAPE is 18.39%
2024-05-29 01:54:27,409 - __main__ - INFO - Retrained the model & MAE is 31.7331005643154
2024-05-29 01:54:28,616 - __main__ - INFO - Forecast=> 2024-05-29    197.487248
2024-05-30    194.103269
2024-05-31    200.908134
2024-06-01    221.568631
2024-06-02    196.913191
Freq: D, Name: predicted_mean, dtype: float64
2024-05-29 01:54:28,619 - __main__ - INFO - The forecast data has been written to data/cleaned_data/Forecasting_time_series/forecast_sector_51_daily_aqi.csv
2024-05-29 01:54:28,620 - __main__ - INFO - The forecast data has been written to static/data/forecast_sector_51_daily_aqi.csv
