2023-12-29 00:23:34,299 - __main__ - INFO - station=> nise gwal, result => ['180', 'NISE Gwal Pahari, Gurugram, India', Timestamp('2023-12-29 05:00:00')]
2023-12-29 00:23:34,300 - __main__ - INFO - The data has been written to data/cron_job_data/nise_cron_output.csv with Timestamp: 2023-12-29 05:00:00
2023-12-29 00:23:35,006 - __main__ - INFO - station=> Sector-51, Gurugram, result => ['172', 'Sector-51, Gurugram, India', Timestamp('2023-12-29 05:00:00')]
2023-12-29 00:23:35,006 - __main__ - INFO - The data has been written to data/cron_job_data/sector_51_cron_output.csv with Timestamp: 2023-12-29 05:00:00
2023-12-29 00:23:35,716 - __main__ - INFO - station=> Teri Gram, result => ['174', 'Teri Gram, Gurugram, India', Timestamp('2023-12-29 05:00:00')]
2023-12-29 00:23:35,717 - __main__ - INFO - The data has been written to data/cron_job_data/teri_gram_cron_output.csv with Timestamp: 2023-12-29 05:00:00
2023-12-29 00:23:36,422 - __main__ - INFO - station=> Vikas Sadan, result => ['162', 'Vikas Sadan Gurgaon, Gurgaon, India', Timestamp('2023-12-29 05:00:00')]
2023-12-29 00:23:36,423 - __main__ - INFO - The data has been written to data/cron_job_data/vikas_sadan_cron_output.csv with Timestamp: 2023-12-29 05:00:00
2023-12-29 01:35:19,964 - __main__ - INFO - station=> nise gwal, result => ['127', 'NISE Gwal Pahari, Gurugram, India', Timestamp('2023-12-29 07:00:00')]
2023-12-29 01:35:19,964 - __main__ - INFO - The data has been written to data/cron_job_data/nise_cron_output.csv with Timestamp: 2023-12-29 07:00:00
2023-12-29 01:35:20,445 - __main__ - INFO - station=> Sector-51, Gurugram, result => ['182', 'Sector-51, Gurugram, India', Timestamp('2023-12-29 07:00:00')]
2023-12-29 01:35:20,446 - __main__ - INFO - The data has been written to data/cron_job_data/sector_51_cron_output.csv with Timestamp: 2023-12-29 07:00:00
2023-12-29 01:35:20,930 - __main__ - INFO - station=> Teri Gram, result => ['170', 'Teri Gram, Gurugram, India', Timestamp('2023-12-29 06:00:00')]
2023-12-29 01:35:20,930 - __main__ - INFO - The data has been written to data/cron_job_data/teri_gram_cron_output.csv with Timestamp: 2023-12-29 06:00:00
2023-12-29 01:35:21,410 - __main__ - INFO - station=> Vikas Sadan, result => ['164', 'Vikas Sadan Gurgaon, Gurgaon, India', Timestamp('2023-12-29 07:00:00')]
2023-12-29 01:35:21,411 - __main__ - INFO - The data has been written to data/cron_job_data/vikas_sadan_cron_output.csv with Timestamp: 2023-12-29 07:00:00
2023-12-29 02:13:26,486 - __main__ - INFO - station=> nise gwal, result => ['127', 'NISE Gwal Pahari, Gurugram, India', Timestamp('2023-12-29 07:00:00')]
2023-12-29 02:13:26,487 - __main__ - INFO - Timestamp 2023-12-29 07:00:00 already present in data/cron_job_data/nise_cron_output.csv, not appending.
2023-12-29 02:13:27,178 - __main__ - INFO - station=> Sector-51, Gurugram, result => ['181', 'Sector-51, Gurugram, India', Timestamp('2023-12-29 07:00:00')]
2023-12-29 02:13:27,179 - __main__ - INFO - Timestamp 2023-12-29 07:00:00 already present in data/cron_job_data/sector_51_cron_output.csv, not appending.
2023-12-29 02:13:27,896 - __main__ - INFO - station=> Teri Gram, result => ['163', 'Teri Gram, Gurugram, India', Timestamp('2023-12-29 07:00:00')]
2023-12-29 02:13:27,897 - __main__ - INFO - The data has been written to data/cron_job_data/teri_gram_cron_output.csv with Timestamp: 2023-12-29 07:00:00
2023-12-29 02:13:28,597 - __main__ - INFO - station=> Vikas Sadan, result => ['164', 'Vikas Sadan Gurgaon, Gurgaon, India', Timestamp('2023-12-29 07:00:00')]
2023-12-29 02:13:28,597 - __main__ - INFO - Timestamp 2023-12-29 07:00:00 already present in data/cron_job_data/vikas_sadan_cron_output.csv, not appending.
2023-12-29 03:06:40,145 - __main__ - INFO - station=> nise gwal, result => ['115', 'NISE Gwal Pahari, Gurugram, India', Timestamp('2023-12-29 08:00:00')]
2023-12-29 03:06:40,145 - __main__ - INFO - The data has been written to data/cron_job_data/nise_cron_output.csv with Timestamp: 2023-12-29 08:00:00
2023-12-29 03:06:40,620 - __main__ - INFO - station=> Sector-51, Gurugram, result => ['183', 'Sector-51, Gurugram, India', Timestamp('2023-12-29 08:00:00')]
2023-12-29 03:06:40,621 - __main__ - INFO - The data has been written to data/cron_job_data/sector_51_cron_output.csv with Timestamp: 2023-12-29 08:00:00
2023-12-29 03:06:41,103 - __main__ - INFO - station=> Teri Gram, result => ['164', 'Teri Gram, Gurugram, India', Timestamp('2023-12-29 08:00:00')]
2023-12-29 03:06:41,104 - __main__ - INFO - The data has been written to data/cron_job_data/teri_gram_cron_output.csv with Timestamp: 2023-12-29 08:00:00
2023-12-29 03:06:41,578 - __main__ - INFO - station=> Vikas Sadan, result => ['155', 'Vikas Sadan Gurgaon, Gurgaon, India', Timestamp('2023-12-29 08:00:00')]
2023-12-29 03:06:41,578 - __main__ - INFO - The data has been written to data/cron_job_data/vikas_sadan_cron_output.csv with Timestamp: 2023-12-29 08:00:00
2023-12-29 04:07:56,312 - __main__ - INFO - station=> nise gwal, result => ['113', 'NISE Gwal Pahari, Gurugram, India', Timestamp('2023-12-29 09:00:00')]
2023-12-29 04:07:56,312 - __main__ - INFO - The data has been written to data/cron_job_data/nise_cron_output.csv with Timestamp: 2023-12-29 09:00:00
2023-12-29 04:07:56,960 - __main__ - INFO - station=> Sector-51, Gurugram, result => ['189', 'Sector-51, Gurugram, India', Timestamp('2023-12-29 09:00:00')]
2023-12-29 04:07:56,960 - __main__ - INFO - The data has been written to data/cron_job_data/sector_51_cron_output.csv with Timestamp: 2023-12-29 09:00:00
2023-12-29 04:07:57,618 - __main__ - INFO - station=> Teri Gram, result => ['158', 'Teri Gram, Gurugram, India', Timestamp('2023-12-29 09:00:00')]
2023-12-29 04:07:57,619 - __main__ - INFO - The data has been written to data/cron_job_data/teri_gram_cron_output.csv with Timestamp: 2023-12-29 09:00:00
2023-12-29 04:07:58,273 - __main__ - INFO - station=> Vikas Sadan, result => ['154', 'Vikas Sadan Gurgaon, Gurgaon, India', Timestamp('2023-12-29 09:00:00')]
2023-12-29 04:07:58,274 - __main__ - INFO - The data has been written to data/cron_job_data/vikas_sadan_cron_output.csv with Timestamp: 2023-12-29 09:00:00
2023-12-29 05:04:19,749 - __main__ - INFO - station=> nise gwal, result => ['116', 'NISE Gwal Pahari, Gurugram, India', Timestamp('2023-12-29 10:00:00')]
2023-12-29 05:04:19,749 - __main__ - INFO - The data has been written to data/cron_job_data/nise_cron_output.csv with Timestamp: 2023-12-29 10:00:00
2023-12-29 05:04:20,238 - __main__ - INFO - station=> Sector-51, Gurugram, result => ['190', 'Sector-51, Gurugram, India', Timestamp('2023-12-29 10:00:00')]
2023-12-29 05:04:20,239 - __main__ - INFO - The data has been written to data/cron_job_data/sector_51_cron_output.csv with Timestamp: 2023-12-29 10:00:00
2023-12-29 05:04:20,745 - __main__ - INFO - station=> Teri Gram, result => ['156', 'Teri Gram, Gurugram, India', Timestamp('2023-12-29 10:00:00')]
2023-12-29 05:04:20,746 - __main__ - INFO - The data has been written to data/cron_job_data/teri_gram_cron_output.csv with Timestamp: 2023-12-29 10:00:00
2023-12-29 05:04:21,227 - __main__ - INFO - station=> Vikas Sadan, result => ['164', 'Vikas Sadan Gurgaon, Gurgaon, India', Timestamp('2023-12-29 10:00:00')]
2023-12-29 05:04:21,228 - __main__ - INFO - The data has been written to data/cron_job_data/vikas_sadan_cron_output.csv with Timestamp: 2023-12-29 10:00:00
