2024-05-30 00:33:33,980 - __main__ - INFO - station=> Sector-51, Gurugram, result => ['158', 'Sector-51, Gurugram, India', Timestamp('2024-05-30 05:00:00')]
2024-05-30 00:33:33,981 - __main__ - INFO - The hourly data has been written to data/cron_job_data/sector_51_cron_output.csv with Timestamp: 2024-05-30 05:00:00
2024-05-30 00:33:34,628 - __main__ - INFO - station=> Sector-51, Gurugram, result => ['158', 'Sector-51, Gurugram, India', Timestamp('2024-05-30 05:00:00')]
2024-05-30 00:33:34,628 - __main__ - INFO - The hourly data has been written to static/data/sector_51_cron_output.csv with Timestamp: 2024-05-30 05:00:00
2024-05-30 01:52:58,164 - __main__ - INFO - station=> Sector-51, Gurugram, result => ['159', 'Sector-51, Gurugram, India', Timestamp('2024-05-30 07:00:00')]
2024-05-30 01:52:58,164 - __main__ - INFO - The hourly data has been written to data/cron_job_data/sector_51_cron_output.csv with Timestamp: 2024-05-30 07:00:00
2024-05-30 01:52:58,831 - __main__ - INFO - station=> Sector-51, Gurugram, result => ['159', 'Sector-51, Gurugram, India', Timestamp('2024-05-30 07:00:00')]
2024-05-30 01:52:58,832 - __main__ - INFO - The hourly data has been written to static/data/sector_51_cron_output.csv with Timestamp: 2024-05-30 07:00:00
2024-05-30 01:52:58,833 - __main__ - INFO - Calling writeData & retrain_model functions.
2024-05-30 01:52:58,840 - __main__ - INFO - df_api columns Index(['AQI'], dtype='object')
2024-05-30 01:52:58,840 - __main__ - INFO - today=> 2024-05-30 & yesterday=> 2024-05-29
2024-05-30 01:52:58,842 - __main__ - INFO - temp_daily_aqi columns Index(['Unnamed: 0', 'Date', 'AQI'], dtype='object')
2024-05-30 01:52:58,844 - __main__ - INFO - temp_daily_aqi[2024-05-29]=> Empty DataFrame
Columns: [Unnamed: 0, AQI]
Index: []
2024-05-30 01:52:58,845 - __main__ - INFO - Index => 1546, yesterday => 2024-05-29 & AQI => 163.0
2024-05-30 01:52:58,845 - __main__ - INFO - Daily AQI data has been written to data/cleaned_data/Forecasting_time_series/sector_51_daily_aqi.csv
2024-05-30 01:52:58,845 - __main__ - INFO - Index => 1546, yesterday => 2024-05-29 & AQI => 163.0
2024-05-30 01:52:58,846 - __main__ - INFO - Daily AQI data has been written to static/data/sector_51_daily_aqi.csv
2024-05-30 01:52:58,850 - __main__ - INFO - Re-training the model & train_end is 2024-05-24 00:00:00
2024-05-30 01:53:00,128 - __main__ - INFO - Retrained the model & MAPE is 16.36%
2024-05-30 01:53:00,128 - __main__ - INFO - Retrained the model & MAE is 32.81433049792425
2024-05-30 01:53:01,342 - __main__ - INFO - Forecast=> 2024-05-30    171.853228
2024-05-31    180.948185
2024-06-01    203.577153
2024-06-02    180.829064
2024-06-03    186.749185
Freq: D, Name: predicted_mean, dtype: float64
2024-05-30 01:53:01,345 - __main__ - INFO - The forecast data has been written to data/cleaned_data/Forecasting_time_series/forecast_sector_51_daily_aqi.csv
2024-05-30 01:53:01,346 - __main__ - INFO - The forecast data has been written to static/data/forecast_sector_51_daily_aqi.csv
2024-05-30 03:08:17,490 - __main__ - INFO - station=> Sector-51, Gurugram, result => ['156', 'Sector-51, Gurugram, India', Timestamp('2024-05-30 08:00:00')]
2024-05-30 03:08:17,490 - __main__ - INFO - The hourly data has been written to data/cron_job_data/sector_51_cron_output.csv with Timestamp: 2024-05-30 08:00:00
2024-05-30 03:08:18,185 - __main__ - INFO - station=> Sector-51, Gurugram, result => ['156', 'Sector-51, Gurugram, India', Timestamp('2024-05-30 08:00:00')]
2024-05-30 03:08:18,185 - __main__ - INFO - The hourly data has been written to static/data/sector_51_cron_output.csv with Timestamp: 2024-05-30 08:00:00
2024-05-30 04:10:35,672 - __main__ - INFO - station=> Sector-51, Gurugram, result => ['161', 'Sector-51, Gurugram, India', Timestamp('2024-05-30 09:00:00')]
2024-05-30 04:10:35,672 - __main__ - INFO - The hourly data has been written to data/cron_job_data/sector_51_cron_output.csv with Timestamp: 2024-05-30 09:00:00
2024-05-30 04:10:36,403 - __main__ - INFO - station=> Sector-51, Gurugram, result => ['161', 'Sector-51, Gurugram, India', Timestamp('2024-05-30 09:00:00')]
2024-05-30 04:10:36,404 - __main__ - INFO - The hourly data has been written to static/data/sector_51_cron_output.csv with Timestamp: 2024-05-30 09:00:00
2024-05-30 05:07:40,405 - __main__ - INFO - station=> Sector-51, Gurugram, result => ['162', 'Sector-51, Gurugram, India', Timestamp('2024-05-30 10:00:00')]
2024-05-30 05:07:40,405 - __main__ - INFO - The hourly data has been written to data/cron_job_data/sector_51_cron_output.csv with Timestamp: 2024-05-30 10:00:00
2024-05-30 05:07:41,125 - __main__ - INFO - station=> Sector-51, Gurugram, result => ['162', 'Sector-51, Gurugram, India', Timestamp('2024-05-30 10:00:00')]
2024-05-30 05:07:41,125 - __main__ - INFO - The hourly data has been written to static/data/sector_51_cron_output.csv with Timestamp: 2024-05-30 10:00:00
2024-05-30 06:10:43,727 - __main__ - INFO - station=> Sector-51, Gurugram, result => ['163', 'Sector-51, Gurugram, India', Timestamp('2024-05-30 11:00:00')]
2024-05-30 06:10:43,727 - __main__ - INFO - The hourly data has been written to data/cron_job_data/sector_51_cron_output.csv with Timestamp: 2024-05-30 11:00:00
2024-05-30 06:10:44,448 - __main__ - INFO - station=> Sector-51, Gurugram, result => ['163', 'Sector-51, Gurugram, India', Timestamp('2024-05-30 11:00:00')]
2024-05-30 06:10:44,448 - __main__ - INFO - The hourly data has been written to static/data/sector_51_cron_output.csv with Timestamp: 2024-05-30 11:00:00
2024-05-30 07:08:28,193 - __main__ - INFO - station=> Sector-51, Gurugram, result => ['157', 'Sector-51, Gurugram, India', Timestamp('2024-05-30 12:00:00')]
2024-05-30 07:08:28,193 - __main__ - INFO - The hourly data has been written to data/cron_job_data/sector_51_cron_output.csv with Timestamp: 2024-05-30 12:00:00
2024-05-30 07:08:28,864 - __main__ - INFO - station=> Sector-51, Gurugram, result => ['157', 'Sector-51, Gurugram, India', Timestamp('2024-05-30 12:00:00')]
2024-05-30 07:08:28,864 - __main__ - INFO - The hourly data has been written to static/data/sector_51_cron_output.csv with Timestamp: 2024-05-30 12:00:00
2024-05-30 08:10:31,004 - __main__ - INFO - station=> Sector-51, Gurugram, result => ['156', 'Sector-51, Gurugram, India', Timestamp('2024-05-30 13:00:00')]
2024-05-30 08:10:31,004 - __main__ - INFO - The hourly data has been written to data/cron_job_data/sector_51_cron_output.csv with Timestamp: 2024-05-30 13:00:00
2024-05-30 08:10:31,701 - __main__ - INFO - station=> Sector-51, Gurugram, result => ['156', 'Sector-51, Gurugram, India', Timestamp('2024-05-30 13:00:00')]
2024-05-30 08:10:31,701 - __main__ - INFO - The hourly data has been written to static/data/sector_51_cron_output.csv with Timestamp: 2024-05-30 13:00:00
2024-05-30 09:08:59,698 - __main__ - INFO - station=> Sector-51, Gurugram, result => ['157', 'Sector-51, Gurugram, India', Timestamp('2024-05-30 14:00:00')]
2024-05-30 09:08:59,698 - __main__ - INFO - The hourly data has been written to data/cron_job_data/sector_51_cron_output.csv with Timestamp: 2024-05-30 14:00:00
2024-05-30 09:09:00,380 - __main__ - INFO - station=> Sector-51, Gurugram, result => ['157', 'Sector-51, Gurugram, India', Timestamp('2024-05-30 14:00:00')]
2024-05-30 09:09:00,380 - __main__ - INFO - The hourly data has been written to static/data/sector_51_cron_output.csv with Timestamp: 2024-05-30 14:00:00
2024-05-30 10:08:40,997 - __main__ - INFO - station=> Sector-51, Gurugram, result => ['156', 'Sector-51, Gurugram, India', Timestamp('2024-05-30 15:00:00')]
2024-05-30 10:08:40,997 - __main__ - INFO - The hourly data has been written to data/cron_job_data/sector_51_cron_output.csv with Timestamp: 2024-05-30 15:00:00
2024-05-30 10:08:41,615 - __main__ - INFO - station=> Sector-51, Gurugram, result => ['156', 'Sector-51, Gurugram, India', Timestamp('2024-05-30 15:00:00')]
2024-05-30 10:08:41,616 - __main__ - INFO - The hourly data has been written to static/data/sector_51_cron_output.csv with Timestamp: 2024-05-30 15:00:00
