2024-07-30 07:40:08,296 - __main__ - INFO - df_api columns Index(['AQI'], dtype='object')
2024-07-30 07:40:08,296 - __main__ - INFO - today=> 2024-07-30 & yesterday=> 2024-07-29
2024-07-30 07:40:08,298 - __main__ - INFO - temp_daily_aqi columns Index(['Unnamed: 0', 'Date', 'AQI'], dtype='object')
2024-07-30 07:40:08,304 - __main__ - INFO - temp_daily_aqi[2024-07-29]=>             Unnamed: 0    AQI
Date                         
2024-07-29        1607  113.0
2024-07-30 07:40:08,309 - __main__ - INFO - Re-training the model & train_end is 2024-07-24 00:00:00
2024-07-30 07:40:10,109 - __main__ - INFO - Retrained the model & MAPE is 38.06%
2024-07-30 07:40:10,109 - __main__ - INFO - Retrained the model & MAE is 49.19829839720851
2024-07-30 07:40:11,777 - __main__ - INFO - Forecast=> 2024-07-30    127.725543
2024-07-31    137.849509
2024-08-01    146.416286
2024-08-02    152.205955
2024-08-03    169.199841
Freq: D, Name: predicted_mean, dtype: float64
2024-07-30 07:40:11,778 - __main__ - INFO - The forecast data has been written to data/cleaned_data/Forecasting_time_series/forecast_sector_51_daily_aqi.csv
2024-07-30 07:40:11,779 - __main__ - INFO - The forecast data has been written to static/data/forecast_sector_51_daily_aqi.csv
2024-07-30 06:11:22,222 - __main__ - INFO - station=> Sector-51, Gurugram, result => ['83', 'Sector-51, Gurugram, India', Timestamp('2024-07-30 11:00:00')]
2024-07-30 06:11:22,222 - __main__ - INFO - The hourly data has been written to data/cron_job_data/sector_51_cron_output.csv with Timestamp: 2024-07-30 11:00:00
2024-07-30 06:11:22,689 - __main__ - INFO - station=> Sector-51, Gurugram, result => ['83', 'Sector-51, Gurugram, India', Timestamp('2024-07-30 11:00:00')]
2024-07-30 06:11:22,689 - __main__ - INFO - The hourly data has been written to static/data/sector_51_cron_output.csv with Timestamp: 2024-07-30 11:00:00
2024-07-30 07:08:10,428 - __main__ - INFO - station=> Sector-51, Gurugram, result => ['80', 'Sector-51, Gurugram, India', Timestamp('2024-07-30 12:00:00')]
2024-07-30 07:08:10,428 - __main__ - INFO - The hourly data has been written to data/cron_job_data/sector_51_cron_output.csv with Timestamp: 2024-07-30 12:00:00
2024-07-30 07:08:10,906 - __main__ - INFO - station=> Sector-51, Gurugram, result => ['80', 'Sector-51, Gurugram, India', Timestamp('2024-07-30 12:00:00')]
2024-07-30 07:08:10,906 - __main__ - INFO - The hourly data has been written to static/data/sector_51_cron_output.csv with Timestamp: 2024-07-30 12:00:00
2024-07-30 08:10:45,951 - __main__ - INFO - station=> Sector-51, Gurugram, result => ['77', 'Sector-51, Gurugram, India', Timestamp('2024-07-30 13:00:00')]
2024-07-30 08:10:45,952 - __main__ - INFO - The hourly data has been written to data/cron_job_data/sector_51_cron_output.csv with Timestamp: 2024-07-30 13:00:00
2024-07-30 08:10:46,652 - __main__ - INFO - station=> Sector-51, Gurugram, result => ['77', 'Sector-51, Gurugram, India', Timestamp('2024-07-30 13:00:00')]
2024-07-30 08:10:46,653 - __main__ - INFO - The hourly data has been written to static/data/sector_51_cron_output.csv with Timestamp: 2024-07-30 13:00:00
2024-07-30 09:08:08,934 - __main__ - INFO - station=> Sector-51, Gurugram, result => ['79', 'Sector-51, Gurugram, India', Timestamp('2024-07-30 14:00:00')]
2024-07-30 09:08:08,934 - __main__ - INFO - The hourly data has been written to data/cron_job_data/sector_51_cron_output.csv with Timestamp: 2024-07-30 14:00:00
2024-07-30 09:08:09,619 - __main__ - INFO - station=> Sector-51, Gurugram, result => ['79', 'Sector-51, Gurugram, India', Timestamp('2024-07-30 14:00:00')]
2024-07-30 09:08:09,619 - __main__ - INFO - The hourly data has been written to static/data/sector_51_cron_output.csv with Timestamp: 2024-07-30 14:00:00
