2024-01-30 00:27:51,712 - __main__ - INFO - station=> nise gwal, result => ['187', 'NISE Gwal Pahari, Gurugram, India', Timestamp('2024-01-30 05:00:00')]
2024-01-30 00:27:51,712 - __main__ - INFO - The hourly data has been written to data/cron_job_data/nise_cron_output.csv with Timestamp: 2024-01-30 05:00:00
2024-01-30 00:27:52,398 - __main__ - INFO - station=> Sector-51, Gurugram, result => ['157', 'Sector-51, Gurugram, India', Timestamp('2024-01-30 05:00:00')]
2024-01-30 00:27:52,399 - __main__ - INFO - The hourly data has been written to data/cron_job_data/sector_51_cron_output.csv with Timestamp: 2024-01-30 05:00:00
2024-01-30 00:27:53,085 - __main__ - INFO - station=> Sector-51, Gurugram, result => ['157', 'Sector-51, Gurugram, India', Timestamp('2024-01-30 05:00:00')]
2024-01-30 00:27:53,085 - __main__ - INFO - The hourly data has been written to static/data/sector_51_cron_output.csv with Timestamp: 2024-01-30 05:00:00
2024-01-30 00:27:53,762 - __main__ - INFO - station=> Teri Gram, result => ['188', 'Teri Gram, Gurugram, India', Timestamp('2024-01-30 05:00:00')]
2024-01-30 00:27:53,762 - __main__ - INFO - The hourly data has been written to data/cron_job_data/teri_gram_cron_output.csv with Timestamp: 2024-01-30 05:00:00
2024-01-30 00:27:54,452 - __main__ - INFO - station=> Vikas Sadan, result => ['120', 'Vikas Sadan Gurgaon, Gurgaon, India', Timestamp('2024-01-30 05:00:00')]
2024-01-30 00:27:54,452 - __main__ - INFO - The hourly data has been written to data/cron_job_data/vikas_sadan_cron_output.csv with Timestamp: 2024-01-30 05:00:00
2024-01-30 01:39:13,993 - __main__ - INFO - station=> nise gwal, result => ['172', 'NISE Gwal Pahari, Gurugram, India', Timestamp('2024-01-30 06:00:00')]
2024-01-30 01:39:13,993 - __main__ - INFO - The hourly data has been written to data/cron_job_data/nise_cron_output.csv with Timestamp: 2024-01-30 06:00:00
2024-01-30 01:39:14,723 - __main__ - INFO - station=> Sector-51, Gurugram, result => ['152', 'Sector-51, Gurugram, India', Timestamp('2024-01-30 06:00:00')]
2024-01-30 01:39:14,724 - __main__ - INFO - The hourly data has been written to data/cron_job_data/sector_51_cron_output.csv with Timestamp: 2024-01-30 06:00:00
2024-01-30 01:39:15,435 - __main__ - INFO - station=> Sector-51, Gurugram, result => ['152', 'Sector-51, Gurugram, India', Timestamp('2024-01-30 06:00:00')]
2024-01-30 01:39:15,435 - __main__ - INFO - The hourly data has been written to static/data/sector_51_cron_output.csv with Timestamp: 2024-01-30 06:00:00
2024-01-30 01:39:16,165 - __main__ - INFO - station=> Teri Gram, result => ['165', 'Teri Gram, Gurugram, India', Timestamp('2024-01-30 06:00:00')]
2024-01-30 01:39:16,166 - __main__ - INFO - The hourly data has been written to data/cron_job_data/teri_gram_cron_output.csv with Timestamp: 2024-01-30 06:00:00
2024-01-30 01:39:16,918 - __main__ - INFO - station=> Vikas Sadan, result => ['95', 'Vikas Sadan Gurgaon, Gurgaon, India', Timestamp('2024-01-30 06:00:00')]
2024-01-30 01:39:16,918 - __main__ - INFO - The hourly data has been written to data/cron_job_data/vikas_sadan_cron_output.csv with Timestamp: 2024-01-30 06:00:00
2024-01-30 01:39:16,919 - __main__ - INFO - Calling writeData & retrain_model functions.
2024-01-30 01:39:16,925 - __main__ - INFO - df_api columns Index(['AQI'], dtype='object')
2024-01-30 01:39:16,925 - __main__ - INFO - today=> 2024-01-30 & yesterday=> 2024-01-29
2024-01-30 01:39:16,927 - __main__ - INFO - temp_daily_aqi columns Index(['Unnamed: 0', 'Date', 'AQI'], dtype='object')
2024-01-30 01:39:16,929 - __main__ - INFO - temp_daily_aqi[2024-01-29]=> Empty DataFrame
Columns: [Unnamed: 0, AQI]
Index: []
2024-01-30 01:39:16,930 - __main__ - INFO - Index => 1425, yesterday => 2024-01-29 & AQI => 222.0
2024-01-30 01:39:16,930 - __main__ - INFO - Daily AQI data has been written to data/cleaned_data/Forecasting_time_series/sector_51_daily_aqi.csv
2024-01-30 01:39:16,930 - __main__ - INFO - Index => 1425, yesterday => 2024-01-29 & AQI => 222.0
2024-01-30 01:39:16,931 - __main__ - INFO - Daily AQI data has been written to static/data/sector_51_daily_aqi.csv
2024-01-30 01:39:16,935 - __main__ - INFO - Re-training the model & train_end is 2024-01-24 00:00:00
2024-01-30 01:39:18,593 - __main__ - INFO - Retrained the model & MAPE is 14.94%
2024-01-30 01:39:18,594 - __main__ - INFO - Retrained the model & MAE is 38.8772251193044%
2024-01-30 01:39:19,913 - __main__ - INFO - Forecast=> 2024-01-30    239.204068
2024-01-31    236.164684
2024-02-01    238.996215
2024-02-02    242.445088
2024-02-03    240.118934
Freq: D, Name: predicted_mean, dtype: float64
2024-01-30 01:39:19,913 - __main__ - INFO - The forecast data has been written to data/cleaned_data/Forecasting_time_series/forecast_sector_51_daily_aqi.csv
2024-01-30 01:39:19,913 - __main__ - INFO - The forecast data has been written to static/data/forecast_sector_51_daily_aqi.csv
2024-01-30 02:13:11,471 - __main__ - INFO - station=> Sector-51, Gurugram, result => ['169', 'Sector-51, Gurugram, India', Timestamp('2024-01-30 07:00:00')]
2024-01-30 02:13:11,471 - __main__ - INFO - The hourly data has been written to data/cron_job_data/sector_51_cron_output.csv with Timestamp: 2024-01-30 07:00:00
2024-01-30 02:13:11,958 - __main__ - INFO - station=> Sector-51, Gurugram, result => ['169', 'Sector-51, Gurugram, India', Timestamp('2024-01-30 07:00:00')]
2024-01-30 02:13:11,958 - __main__ - INFO - The hourly data has been written to static/data/sector_51_cron_output.csv with Timestamp: 2024-01-30 07:00:00
2024-01-30 02:13:12,445 - __main__ - INFO - station=> Teri Gram, result => ['188', 'Teri Gram, Gurugram, India', Timestamp('2024-01-30 07:00:00')]
2024-01-30 02:13:12,445 - __main__ - INFO - The hourly data has been written to data/cron_job_data/teri_gram_cron_output.csv with Timestamp: 2024-01-30 07:00:00
2024-01-30 02:13:12,924 - __main__ - INFO - station=> Vikas Sadan, result => ['89', 'Vikas Sadan Gurgaon, Gurgaon, India', Timestamp('2024-01-30 07:00:00')]
2024-01-30 02:13:12,924 - __main__ - INFO - The hourly data has been written to data/cron_job_data/vikas_sadan_cron_output.csv with Timestamp: 2024-01-30 07:00:00
2024-01-30 03:05:53,153 - __main__ - INFO - station=> nise gwal, result => ['55', 'NISE Gwal Pahari, Gurugram, India', Timestamp('2024-01-30 08:00:00')]
2024-01-30 03:05:53,153 - __main__ - INFO - The hourly data has been written to data/cron_job_data/nise_cron_output.csv with Timestamp: 2024-01-30 08:00:00
2024-01-30 03:05:53,826 - __main__ - INFO - station=> Sector-51, Gurugram, result => ['157', 'Sector-51, Gurugram, India', Timestamp('2024-01-30 08:00:00')]
2024-01-30 03:05:53,826 - __main__ - INFO - The hourly data has been written to data/cron_job_data/sector_51_cron_output.csv with Timestamp: 2024-01-30 08:00:00
2024-01-30 03:05:54,497 - __main__ - INFO - station=> Sector-51, Gurugram, result => ['157', 'Sector-51, Gurugram, India', Timestamp('2024-01-30 08:00:00')]
2024-01-30 03:05:54,497 - __main__ - INFO - The hourly data has been written to static/data/sector_51_cron_output.csv with Timestamp: 2024-01-30 08:00:00
2024-01-30 03:05:55,187 - __main__ - INFO - station=> Teri Gram, result => ['188', 'Teri Gram, Gurugram, India', Timestamp('2024-01-30 08:00:00')]
2024-01-30 03:05:55,187 - __main__ - INFO - The hourly data has been written to data/cron_job_data/teri_gram_cron_output.csv with Timestamp: 2024-01-30 08:00:00
2024-01-30 03:05:55,856 - __main__ - INFO - station=> Vikas Sadan, result => ['81', 'Vikas Sadan Gurgaon, Gurgaon, India', Timestamp('2024-01-30 08:00:00')]
2024-01-30 03:05:55,856 - __main__ - INFO - The hourly data has been written to data/cron_job_data/vikas_sadan_cron_output.csv with Timestamp: 2024-01-30 08:00:00
2024-01-30 04:07:20,647 - __main__ - INFO - station=> nise gwal, result => ['70', 'NISE Gwal Pahari, Gurugram, India', Timestamp('2024-01-30 09:00:00')]
2024-01-30 04:07:20,647 - __main__ - INFO - The hourly data has been written to data/cron_job_data/nise_cron_output.csv with Timestamp: 2024-01-30 09:00:00
2024-01-30 04:07:21,363 - __main__ - INFO - station=> Sector-51, Gurugram, result => ['158', 'Sector-51, Gurugram, India', Timestamp('2024-01-30 09:00:00')]
2024-01-30 04:07:21,363 - __main__ - INFO - The hourly data has been written to data/cron_job_data/sector_51_cron_output.csv with Timestamp: 2024-01-30 09:00:00
2024-01-30 04:07:22,054 - __main__ - INFO - station=> Sector-51, Gurugram, result => ['158', 'Sector-51, Gurugram, India', Timestamp('2024-01-30 09:00:00')]
2024-01-30 04:07:22,055 - __main__ - INFO - The hourly data has been written to static/data/sector_51_cron_output.csv with Timestamp: 2024-01-30 09:00:00
2024-01-30 04:07:22,764 - __main__ - INFO - station=> Teri Gram, result => ['188', 'Teri Gram, Gurugram, India', Timestamp('2024-01-30 09:00:00')]
2024-01-30 04:07:22,764 - __main__ - INFO - The hourly data has been written to data/cron_job_data/teri_gram_cron_output.csv with Timestamp: 2024-01-30 09:00:00
2024-01-30 04:07:23,472 - __main__ - INFO - station=> Vikas Sadan, result => ['67', 'Vikas Sadan Gurgaon, Gurgaon, India', Timestamp('2024-01-30 09:00:00')]
2024-01-30 04:07:23,472 - __main__ - INFO - The hourly data has been written to data/cron_job_data/vikas_sadan_cron_output.csv with Timestamp: 2024-01-30 09:00:00
