2024-08-30 00:58:58,864 - __main__ - INFO - station=> Sector-51, Gurugram, result => ['151', 'Sector-51, Gurugram, India', Timestamp('2024-08-30 06:00:00')]
2024-08-30 00:58:58,864 - __main__ - INFO - The hourly data has been written to data/cron_job_data/sector_51_cron_output.csv with Timestamp: 2024-08-30 06:00:00
2024-08-30 00:58:59,329 - __main__ - INFO - station=> Sector-51, Gurugram, result => ['151', 'Sector-51, Gurugram, India', Timestamp('2024-08-30 06:00:00')]
2024-08-30 00:58:59,330 - __main__ - INFO - The hourly data has been written to static/data/sector_51_cron_output.csv with Timestamp: 2024-08-30 06:00:00
2024-08-30 00:58:59,399 - __main__ - INFO - df_api columns Index(['AQI'], dtype='object')
2024-08-30 00:58:59,400 - __main__ - INFO - today=> 2024-08-30 & yesterday=> 2024-08-29
2024-08-30 00:58:59,401 - __main__ - INFO - temp_daily_aqi columns Index(['Unnamed: 0', 'Date', 'AQI'], dtype='object')
2024-08-30 00:58:59,404 - __main__ - INFO - temp_daily_aqi[2024-08-29]=> Empty DataFrame
Columns: [Unnamed: 0, AQI]
Index: []
2024-08-30 00:58:59,404 - __main__ - INFO - Index => 1638, yesterday => 2024-08-29 & AQI => 132.0
2024-08-30 00:58:59,404 - __main__ - INFO - Daily AQI data has been written to data/cleaned_data/Forecasting_time_series/sector_51_daily_aqi.csv
2024-08-30 00:58:59,405 - __main__ - INFO - Index => 1638, yesterday => 2024-08-29 & AQI => 132.0
2024-08-30 00:58:59,405 - __main__ - INFO - Daily AQI data has been written to static/data/sector_51_daily_aqi.csv
2024-08-30 00:58:59,409 - __main__ - INFO - Re-training the model & train_end is 2024-08-24 00:00:00
2024-08-30 00:59:00,896 - __main__ - INFO - Retrained the model & MAPE is 25.51%
2024-08-30 00:59:00,896 - __main__ - INFO - Retrained the model & MAE is 57.91110181138193
2024-08-30 00:59:02,340 - __main__ - INFO - Forecast=> 2024-08-30    154.415513
2024-08-31    170.737011
2024-09-01    155.302537
2024-09-02    167.277896
2024-09-03    168.165925
Freq: D, Name: predicted_mean, dtype: float64
2024-08-30 00:59:02,340 - __main__ - INFO - The forecast data has been written to data/cleaned_data/Forecasting_time_series/forecast_sector_51_daily_aqi.csv
2024-08-30 00:59:02,341 - __main__ - INFO - The forecast data has been written to static/data/forecast_sector_51_daily_aqi.csv
2024-08-30 02:11:36,685 - __main__ - INFO - station=> Sector-51, Gurugram, result => ['178', 'Sector-51, Gurugram, India', Timestamp('2024-08-30 07:00:00')]
2024-08-30 02:11:36,685 - __main__ - INFO - The hourly data has been written to data/cron_job_data/sector_51_cron_output.csv with Timestamp: 2024-08-30 07:00:00
2024-08-30 02:11:37,375 - __main__ - INFO - station=> Sector-51, Gurugram, result => ['178', 'Sector-51, Gurugram, India', Timestamp('2024-08-30 07:00:00')]
2024-08-30 02:11:37,375 - __main__ - INFO - The hourly data has been written to static/data/sector_51_cron_output.csv with Timestamp: 2024-08-30 07:00:00
2024-08-30 03:14:02,283 - __main__ - INFO - station=> Sector-51, Gurugram, result => ['34', 'Sector-51, Gurugram, India', Timestamp('2024-08-30 08:00:00')]
2024-08-30 03:14:02,283 - __main__ - INFO - The hourly data has been written to data/cron_job_data/sector_51_cron_output.csv with Timestamp: 2024-08-30 08:00:00
2024-08-30 03:14:02,970 - __main__ - INFO - station=> Sector-51, Gurugram, result => ['34', 'Sector-51, Gurugram, India', Timestamp('2024-08-30 08:00:00')]
2024-08-30 03:14:02,971 - __main__ - INFO - The hourly data has been written to static/data/sector_51_cron_output.csv with Timestamp: 2024-08-30 08:00:00
2024-08-30 04:15:52,855 - __main__ - INFO - station=> Sector-51, Gurugram, result => ['59', 'Sector-51, Gurugram, India', Timestamp('2024-08-30 09:00:00')]
2024-08-30 04:15:52,855 - __main__ - INFO - The hourly data has been written to data/cron_job_data/sector_51_cron_output.csv with Timestamp: 2024-08-30 09:00:00
2024-08-30 04:15:53,541 - __main__ - INFO - station=> Sector-51, Gurugram, result => ['59', 'Sector-51, Gurugram, India', Timestamp('2024-08-30 09:00:00')]
2024-08-30 04:15:53,542 - __main__ - INFO - The hourly data has been written to static/data/sector_51_cron_output.csv with Timestamp: 2024-08-30 09:00:00
2024-08-30 05:13:01,099 - __main__ - INFO - station=> Sector-51, Gurugram, result => ['59', 'Sector-51, Gurugram, India', Timestamp('2024-08-30 10:00:00')]
2024-08-30 05:13:01,099 - __main__ - INFO - The hourly data has been written to data/cron_job_data/sector_51_cron_output.csv with Timestamp: 2024-08-30 10:00:00
2024-08-30 05:13:01,588 - __main__ - INFO - station=> Sector-51, Gurugram, result => ['59', 'Sector-51, Gurugram, India', Timestamp('2024-08-30 10:00:00')]
2024-08-30 05:13:01,588 - __main__ - INFO - The hourly data has been written to static/data/sector_51_cron_output.csv with Timestamp: 2024-08-30 10:00:00
2024-08-30 06:18:15,304 - __main__ - INFO - station=> Sector-51, Gurugram, result => ['59', 'Sector-51, Gurugram, India', Timestamp('2024-08-30 11:00:00')]
2024-08-30 06:18:15,304 - __main__ - INFO - The hourly data has been written to data/cron_job_data/sector_51_cron_output.csv with Timestamp: 2024-08-30 11:00:00
2024-08-30 06:18:16,007 - __main__ - INFO - station=> Sector-51, Gurugram, result => ['59', 'Sector-51, Gurugram, India', Timestamp('2024-08-30 11:00:00')]
2024-08-30 06:18:16,008 - __main__ - INFO - The hourly data has been written to static/data/sector_51_cron_output.csv with Timestamp: 2024-08-30 11:00:00
2024-08-30 07:12:32,840 - __main__ - INFO - station=> Sector-51, Gurugram, result => ['127', 'Sector-51, Gurugram, India', Timestamp('2024-08-30 12:00:00')]
2024-08-30 07:12:32,840 - __main__ - INFO - The hourly data has been written to data/cron_job_data/sector_51_cron_output.csv with Timestamp: 2024-08-30 12:00:00
2024-08-30 07:12:33,471 - __main__ - INFO - station=> Sector-51, Gurugram, result => ['127', 'Sector-51, Gurugram, India', Timestamp('2024-08-30 12:00:00')]
2024-08-30 07:12:33,471 - __main__ - INFO - The hourly data has been written to static/data/sector_51_cron_output.csv with Timestamp: 2024-08-30 12:00:00
2024-08-30 08:17:13,826 - __main__ - INFO - station=> Sector-51, Gurugram, result => ['152', 'Sector-51, Gurugram, India', Timestamp('2024-08-30 13:00:00')]
2024-08-30 08:17:13,826 - __main__ - INFO - The hourly data has been written to data/cron_job_data/sector_51_cron_output.csv with Timestamp: 2024-08-30 13:00:00
2024-08-30 08:17:14,306 - __main__ - INFO - station=> Sector-51, Gurugram, result => ['152', 'Sector-51, Gurugram, India', Timestamp('2024-08-30 13:00:00')]
2024-08-30 08:17:14,306 - __main__ - INFO - The hourly data has been written to static/data/sector_51_cron_output.csv with Timestamp: 2024-08-30 13:00:00
2024-08-30 10:14:03,233 - __main__ - INFO - station=> Sector-51, Gurugram, result => ['146', 'Sector-51, Gurugram, India', Timestamp('2024-08-30 15:00:00')]
2024-08-30 10:14:03,233 - __main__ - INFO - The hourly data has been written to data/cron_job_data/sector_51_cron_output.csv with Timestamp: 2024-08-30 15:00:00
2024-08-30 10:14:03,926 - __main__ - INFO - station=> Sector-51, Gurugram, result => ['146', 'Sector-51, Gurugram, India', Timestamp('2024-08-30 15:00:00')]
2024-08-30 10:14:03,926 - __main__ - INFO - The hourly data has been written to static/data/sector_51_cron_output.csv with Timestamp: 2024-08-30 15:00:00
2024-08-30 11:12:36,095 - __main__ - INFO - station=> Sector-51, Gurugram, result => ['158', 'Sector-51, Gurugram, India', Timestamp('2024-08-30 16:00:00')]
2024-08-30 11:12:36,096 - __main__ - INFO - The hourly data has been written to data/cron_job_data/sector_51_cron_output.csv with Timestamp: 2024-08-30 16:00:00
2024-08-30 11:12:36,577 - __main__ - INFO - station=> Sector-51, Gurugram, result => ['158', 'Sector-51, Gurugram, India', Timestamp('2024-08-30 16:00:00')]
2024-08-30 11:12:36,577 - __main__ - INFO - The hourly data has been written to static/data/sector_51_cron_output.csv with Timestamp: 2024-08-30 16:00:00
2024-08-30 12:23:27,090 - __main__ - INFO - station=> Sector-51, Gurugram, result => ['163', 'Sector-51, Gurugram, India', Timestamp('2024-08-30 17:00:00')]
2024-08-30 12:23:27,090 - __main__ - INFO - The hourly data has been written to data/cron_job_data/sector_51_cron_output.csv with Timestamp: 2024-08-30 17:00:00
2024-08-30 12:23:27,716 - __main__ - INFO - station=> Sector-51, Gurugram, result => ['163', 'Sector-51, Gurugram, India', Timestamp('2024-08-30 17:00:00')]
2024-08-30 12:23:27,716 - __main__ - INFO - The hourly data has been written to static/data/sector_51_cron_output.csv with Timestamp: 2024-08-30 17:00:00
2024-08-30 13:18:12,806 - __main__ - INFO - station=> Sector-51, Gurugram, result => ['165', 'Sector-51, Gurugram, India', Timestamp('2024-08-30 18:00:00')]
2024-08-30 13:18:12,806 - __main__ - INFO - The hourly data has been written to data/cron_job_data/sector_51_cron_output.csv with Timestamp: 2024-08-30 18:00:00
2024-08-30 13:18:13,275 - __main__ - INFO - station=> Sector-51, Gurugram, result => ['165', 'Sector-51, Gurugram, India', Timestamp('2024-08-30 18:00:00')]
2024-08-30 13:18:13,275 - __main__ - INFO - The hourly data has been written to static/data/sector_51_cron_output.csv with Timestamp: 2024-08-30 18:00:00
2024-08-30 14:12:11,898 - __main__ - INFO - station=> Sector-51, Gurugram, result => ['163', 'Sector-51, Gurugram, India', Timestamp('2024-08-30 19:00:00')]
2024-08-30 14:12:11,898 - __main__ - INFO - The hourly data has been written to data/cron_job_data/sector_51_cron_output.csv with Timestamp: 2024-08-30 19:00:00
2024-08-30 14:12:12,598 - __main__ - INFO - station=> Sector-51, Gurugram, result => ['163', 'Sector-51, Gurugram, India', Timestamp('2024-08-30 19:00:00')]
2024-08-30 14:12:12,598 - __main__ - INFO - The hourly data has been written to static/data/sector_51_cron_output.csv with Timestamp: 2024-08-30 19:00:00
2024-08-30 15:13:25,746 - __main__ - INFO - station=> Sector-51, Gurugram, result => ['164', 'Sector-51, Gurugram, India', Timestamp('2024-08-30 20:00:00')]
2024-08-30 15:13:25,746 - __main__ - INFO - The hourly data has been written to data/cron_job_data/sector_51_cron_output.csv with Timestamp: 2024-08-30 20:00:00
2024-08-30 15:13:26,452 - __main__ - INFO - station=> Sector-51, Gurugram, result => ['164', 'Sector-51, Gurugram, India', Timestamp('2024-08-30 20:00:00')]
2024-08-30 15:13:26,452 - __main__ - INFO - The hourly data has been written to static/data/sector_51_cron_output.csv with Timestamp: 2024-08-30 20:00:00
2024-08-30 16:15:21,022 - __main__ - INFO - station=> Sector-51, Gurugram, result => ['169', 'Sector-51, Gurugram, India', Timestamp('2024-08-30 21:00:00')]
2024-08-30 16:15:21,022 - __main__ - INFO - The hourly data has been written to data/cron_job_data/sector_51_cron_output.csv with Timestamp: 2024-08-30 21:00:00
2024-08-30 16:15:21,717 - __main__ - INFO - station=> Sector-51, Gurugram, result => ['169', 'Sector-51, Gurugram, India', Timestamp('2024-08-30 21:00:00')]
2024-08-30 16:15:21,717 - __main__ - INFO - The hourly data has been written to static/data/sector_51_cron_output.csv with Timestamp: 2024-08-30 21:00:00
2024-08-30 17:12:40,259 - __main__ - INFO - station=> Sector-51, Gurugram, result => ['173', 'Sector-51, Gurugram, India', Timestamp('2024-08-30 22:00:00')]
2024-08-30 17:12:40,259 - __main__ - INFO - The hourly data has been written to data/cron_job_data/sector_51_cron_output.csv with Timestamp: 2024-08-30 22:00:00
2024-08-30 17:12:40,938 - __main__ - INFO - station=> Sector-51, Gurugram, result => ['173', 'Sector-51, Gurugram, India', Timestamp('2024-08-30 22:00:00')]
2024-08-30 17:12:40,938 - __main__ - INFO - The hourly data has been written to static/data/sector_51_cron_output.csv with Timestamp: 2024-08-30 22:00:00
2024-08-30 18:17:17,852 - __main__ - INFO - station=> Sector-51, Gurugram, result => ['179', 'Sector-51, Gurugram, India', Timestamp('2024-08-30 23:00:00')]
2024-08-30 18:17:17,852 - __main__ - INFO - The hourly data has been written to data/cron_job_data/sector_51_cron_output.csv with Timestamp: 2024-08-30 23:00:00
2024-08-30 18:17:18,477 - __main__ - INFO - station=> Sector-51, Gurugram, result => ['179', 'Sector-51, Gurugram, India', Timestamp('2024-08-30 23:00:00')]
2024-08-30 18:17:18,477 - __main__ - INFO - The hourly data has been written to static/data/sector_51_cron_output.csv with Timestamp: 2024-08-30 23:00:00
2024-08-30 19:10:18,537 - __main__ - INFO - station=> Sector-51, Gurugram, result => ['181', 'Sector-51, Gurugram, India', Timestamp('2024-08-31 00:00:00')]
2024-08-30 19:10:18,537 - __main__ - INFO - The hourly data has been written to data/cron_job_data/sector_51_cron_output.csv with Timestamp: 2024-08-31 00:00:00
2024-08-30 19:10:19,001 - __main__ - INFO - station=> Sector-51, Gurugram, result => ['181', 'Sector-51, Gurugram, India', Timestamp('2024-08-31 00:00:00')]
2024-08-30 19:10:19,001 - __main__ - INFO - The hourly data has been written to static/data/sector_51_cron_output.csv with Timestamp: 2024-08-31 00:00:00
2024-08-30 20:14:43,857 - __main__ - INFO - station=> Sector-51, Gurugram, result => ['179', 'Sector-51, Gurugram, India', Timestamp('2024-08-31 01:00:00')]
2024-08-30 20:14:43,857 - __main__ - INFO - The hourly data has been written to data/cron_job_data/sector_51_cron_output.csv with Timestamp: 2024-08-31 01:00:00
2024-08-30 20:14:44,322 - __main__ - INFO - station=> Sector-51, Gurugram, result => ['179', 'Sector-51, Gurugram, India', Timestamp('2024-08-31 01:00:00')]
2024-08-30 20:14:44,322 - __main__ - INFO - The hourly data has been written to static/data/sector_51_cron_output.csv with Timestamp: 2024-08-31 01:00:00
