2024-04-30 00:30:34,904 - __main__ - INFO - station=> Sector-51, Gurugram, result => ['184', 'Sector-51, Gurugram, India', Timestamp('2024-04-30 05:00:00')]
2024-04-30 00:30:34,904 - __main__ - INFO - The hourly data has been written to data/cron_job_data/sector_51_cron_output.csv with Timestamp: 2024-04-30 05:00:00
2024-04-30 00:30:35,629 - __main__ - INFO - station=> Sector-51, Gurugram, result => ['184', 'Sector-51, Gurugram, India', Timestamp('2024-04-30 05:00:00')]
2024-04-30 00:30:35,630 - __main__ - INFO - The hourly data has been written to static/data/sector_51_cron_output.csv with Timestamp: 2024-04-30 05:00:00
2024-04-30 01:43:17,597 - __main__ - INFO - station=> Sector-51, Gurugram, result => ['187', 'Sector-51, Gurugram, India', Timestamp('2024-04-30 06:00:00')]
2024-04-30 01:43:17,597 - __main__ - INFO - The hourly data has been written to data/cron_job_data/sector_51_cron_output.csv with Timestamp: 2024-04-30 06:00:00
2024-04-30 01:43:18,059 - __main__ - INFO - station=> Sector-51, Gurugram, result => ['187', 'Sector-51, Gurugram, India', Timestamp('2024-04-30 06:00:00')]
2024-04-30 01:43:18,059 - __main__ - INFO - The hourly data has been written to static/data/sector_51_cron_output.csv with Timestamp: 2024-04-30 06:00:00
2024-04-30 01:43:18,060 - __main__ - INFO - Calling writeData & retrain_model functions.
2024-04-30 01:43:18,067 - __main__ - INFO - df_api columns Index(['AQI'], dtype='object')
2024-04-30 01:43:18,067 - __main__ - INFO - today=> 2024-04-30 & yesterday=> 2024-04-29
2024-04-30 01:43:18,069 - __main__ - INFO - temp_daily_aqi columns Index(['Unnamed: 0', 'Date', 'AQI'], dtype='object')
2024-04-30 01:43:18,071 - __main__ - INFO - temp_daily_aqi[2024-04-29]=> Empty DataFrame
Columns: [Unnamed: 0, AQI]
Index: []
2024-04-30 01:43:18,072 - __main__ - INFO - Index => 1516, yesterday => 2024-04-29 & AQI => 247.0
2024-04-30 01:43:18,072 - __main__ - INFO - Daily AQI data has been written to data/cleaned_data/Forecasting_time_series/sector_51_daily_aqi.csv
2024-04-30 01:43:18,072 - __main__ - INFO - Index => 1516, yesterday => 2024-04-29 & AQI => 247.0
2024-04-30 01:43:18,073 - __main__ - INFO - Daily AQI data has been written to static/data/sector_51_daily_aqi.csv
2024-04-30 01:43:18,077 - __main__ - INFO - Re-training the model & train_end is 2024-04-24 00:00:00
2024-04-30 01:43:19,337 - __main__ - INFO - Retrained the model & MAPE is 7.09%
2024-04-30 01:43:19,338 - __main__ - INFO - Retrained the model & MAE is 16.159842269811644
2024-04-30 01:43:20,530 - __main__ - INFO - Forecast=> 2024-04-30    230.101630
2024-05-01    227.403225
2024-05-02    228.047718
2024-05-03    232.450563
2024-05-04    249.102874
Freq: D, Name: predicted_mean, dtype: float64
2024-04-30 01:43:20,530 - __main__ - INFO - The forecast data has been written to data/cleaned_data/Forecasting_time_series/forecast_sector_51_daily_aqi.csv
2024-04-30 01:43:20,552 - __main__ - INFO - The forecast data has been written to static/data/forecast_sector_51_daily_aqi.csv
2024-04-30 02:18:14,820 - __main__ - INFO - station=> Sector-51, Gurugram, result => ['191', 'Sector-51, Gurugram, India', Timestamp('2024-04-30 07:00:00')]
2024-04-30 02:18:14,820 - __main__ - INFO - The hourly data has been written to data/cron_job_data/sector_51_cron_output.csv with Timestamp: 2024-04-30 07:00:00
2024-04-30 02:18:15,440 - __main__ - INFO - station=> Sector-51, Gurugram, result => ['191', 'Sector-51, Gurugram, India', Timestamp('2024-04-30 07:00:00')]
2024-04-30 02:18:15,440 - __main__ - INFO - The hourly data has been written to static/data/sector_51_cron_output.csv with Timestamp: 2024-04-30 07:00:00
2024-04-30 03:08:02,448 - __main__ - INFO - station=> Sector-51, Gurugram, result => ['216', 'Sector-51, Gurugram, India', Timestamp('2024-04-30 08:00:00')]
2024-04-30 03:08:02,448 - __main__ - INFO - The hourly data has been written to data/cron_job_data/sector_51_cron_output.csv with Timestamp: 2024-04-30 08:00:00
2024-04-30 03:08:03,115 - __main__ - INFO - station=> Sector-51, Gurugram, result => ['216', 'Sector-51, Gurugram, India', Timestamp('2024-04-30 08:00:00')]
2024-04-30 03:08:03,115 - __main__ - INFO - The hourly data has been written to static/data/sector_51_cron_output.csv with Timestamp: 2024-04-30 08:00:00
2024-04-30 04:09:52,531 - __main__ - INFO - station=> Sector-51, Gurugram, result => ['226', 'Sector-51, Gurugram, India', Timestamp('2024-04-30 09:00:00')]
2024-04-30 04:09:52,531 - __main__ - INFO - The hourly data has been written to data/cron_job_data/sector_51_cron_output.csv with Timestamp: 2024-04-30 09:00:00
2024-04-30 04:09:53,185 - __main__ - INFO - station=> Sector-51, Gurugram, result => ['226', 'Sector-51, Gurugram, India', Timestamp('2024-04-30 09:00:00')]
2024-04-30 04:09:53,185 - __main__ - INFO - The hourly data has been written to static/data/sector_51_cron_output.csv with Timestamp: 2024-04-30 09:00:00
2024-04-30 05:07:26,033 - __main__ - INFO - station=> Sector-51, Gurugram, result => ['213', 'Sector-51, Gurugram, India', Timestamp('2024-04-30 10:00:00')]
2024-04-30 05:07:26,033 - __main__ - INFO - The hourly data has been written to data/cron_job_data/sector_51_cron_output.csv with Timestamp: 2024-04-30 10:00:00
2024-04-30 05:07:26,664 - __main__ - INFO - station=> Sector-51, Gurugram, result => ['213', 'Sector-51, Gurugram, India', Timestamp('2024-04-30 10:00:00')]
2024-04-30 05:07:26,664 - __main__ - INFO - The hourly data has been written to static/data/sector_51_cron_output.csv with Timestamp: 2024-04-30 10:00:00
2024-04-30 07:08:28,659 - __main__ - INFO - station=> Sector-51, Gurugram, result => ['203', 'Sector-51, Gurugram, India', Timestamp('2024-04-30 12:00:00')]
2024-04-30 07:08:28,659 - __main__ - INFO - The hourly data has been written to data/cron_job_data/sector_51_cron_output.csv with Timestamp: 2024-04-30 12:00:00
2024-04-30 07:08:29,312 - __main__ - INFO - station=> Sector-51, Gurugram, result => ['203', 'Sector-51, Gurugram, India', Timestamp('2024-04-30 12:00:00')]
2024-04-30 07:08:29,312 - __main__ - INFO - The hourly data has been written to static/data/sector_51_cron_output.csv with Timestamp: 2024-04-30 12:00:00
2024-04-30 08:10:03,609 - __main__ - INFO - station=> Sector-51, Gurugram, result => ['201', 'Sector-51, Gurugram, India', Timestamp('2024-04-30 13:00:00')]
2024-04-30 08:10:03,609 - __main__ - INFO - The hourly data has been written to data/cron_job_data/sector_51_cron_output.csv with Timestamp: 2024-04-30 13:00:00
2024-04-30 08:10:04,266 - __main__ - INFO - station=> Sector-51, Gurugram, result => ['201', 'Sector-51, Gurugram, India', Timestamp('2024-04-30 13:00:00')]
2024-04-30 08:10:04,266 - __main__ - INFO - The hourly data has been written to static/data/sector_51_cron_output.csv with Timestamp: 2024-04-30 13:00:00
2024-04-30 09:08:47,629 - __main__ - INFO - station=> Sector-51, Gurugram, result => ['196', 'Sector-51, Gurugram, India', Timestamp('2024-04-30 14:00:00')]
2024-04-30 09:08:47,629 - __main__ - INFO - The hourly data has been written to data/cron_job_data/sector_51_cron_output.csv with Timestamp: 2024-04-30 14:00:00
2024-04-30 09:08:48,273 - __main__ - INFO - station=> Sector-51, Gurugram, result => ['196', 'Sector-51, Gurugram, India', Timestamp('2024-04-30 14:00:00')]
2024-04-30 09:08:48,273 - __main__ - INFO - The hourly data has been written to static/data/sector_51_cron_output.csv with Timestamp: 2024-04-30 14:00:00
2024-04-30 10:08:27,164 - __main__ - INFO - station=> Sector-51, Gurugram, result => ['194', 'Sector-51, Gurugram, India', Timestamp('2024-04-30 15:00:00')]
2024-04-30 10:08:27,164 - __main__ - INFO - The hourly data has been written to data/cron_job_data/sector_51_cron_output.csv with Timestamp: 2024-04-30 15:00:00
2024-04-30 10:08:27,824 - __main__ - INFO - station=> Sector-51, Gurugram, result => ['194', 'Sector-51, Gurugram, India', Timestamp('2024-04-30 15:00:00')]
2024-04-30 10:08:27,824 - __main__ - INFO - The hourly data has been written to static/data/sector_51_cron_output.csv with Timestamp: 2024-04-30 15:00:00
2024-04-30 11:07:15,620 - __main__ - INFO - station=> Sector-51, Gurugram, result => ['185', 'Sector-51, Gurugram, India', Timestamp('2024-04-30 16:00:00')]
2024-04-30 11:07:15,620 - __main__ - INFO - The hourly data has been written to data/cron_job_data/sector_51_cron_output.csv with Timestamp: 2024-04-30 16:00:00
2024-04-30 11:07:16,177 - __main__ - INFO - station=> Sector-51, Gurugram, result => ['185', 'Sector-51, Gurugram, India', Timestamp('2024-04-30 16:00:00')]
2024-04-30 11:07:16,178 - __main__ - INFO - The hourly data has been written to static/data/sector_51_cron_output.csv with Timestamp: 2024-04-30 16:00:00
2024-04-30 12:11:05,160 - __main__ - INFO - station=> Sector-51, Gurugram, result => ['180', 'Sector-51, Gurugram, India', Timestamp('2024-04-30 17:00:00')]
2024-04-30 12:11:05,160 - __main__ - INFO - The hourly data has been written to data/cron_job_data/sector_51_cron_output.csv with Timestamp: 2024-04-30 17:00:00
2024-04-30 12:11:05,811 - __main__ - INFO - station=> Sector-51, Gurugram, result => ['180', 'Sector-51, Gurugram, India', Timestamp('2024-04-30 17:00:00')]
2024-04-30 12:11:05,811 - __main__ - INFO - The hourly data has been written to static/data/sector_51_cron_output.csv with Timestamp: 2024-04-30 17:00:00
2024-04-30 14:07:59,851 - __main__ - INFO - station=> Sector-51, Gurugram, result => ['189', 'Sector-51, Gurugram, India', Timestamp('2024-04-30 19:00:00')]
2024-04-30 14:07:59,851 - __main__ - INFO - The hourly data has been written to data/cron_job_data/sector_51_cron_output.csv with Timestamp: 2024-04-30 19:00:00
2024-04-30 14:08:00,473 - __main__ - INFO - station=> Sector-51, Gurugram, result => ['189', 'Sector-51, Gurugram, India', Timestamp('2024-04-30 19:00:00')]
2024-04-30 14:08:00,473 - __main__ - INFO - The hourly data has been written to static/data/sector_51_cron_output.csv with Timestamp: 2024-04-30 19:00:00
2024-04-30 15:05:52,150 - __main__ - INFO - station=> Sector-51, Gurugram, result => ['190', 'Sector-51, Gurugram, India', Timestamp('2024-04-30 20:00:00')]
2024-04-30 15:05:52,150 - __main__ - INFO - The hourly data has been written to data/cron_job_data/sector_51_cron_output.csv with Timestamp: 2024-04-30 20:00:00
2024-04-30 15:05:52,810 - __main__ - INFO - station=> Sector-51, Gurugram, result => ['190', 'Sector-51, Gurugram, India', Timestamp('2024-04-30 20:00:00')]
2024-04-30 15:05:52,810 - __main__ - INFO - The hourly data has been written to static/data/sector_51_cron_output.csv with Timestamp: 2024-04-30 20:00:00
2024-04-30 18:10:12,386 - __main__ - INFO - station=> Sector-51, Gurugram, result => ['271', 'Sector-51, Gurugram, India', Timestamp('2024-04-30 23:00:00')]
2024-04-30 18:10:12,386 - __main__ - INFO - The hourly data has been written to data/cron_job_data/sector_51_cron_output.csv with Timestamp: 2024-04-30 23:00:00
2024-04-30 18:10:13,047 - __main__ - INFO - station=> Sector-51, Gurugram, result => ['271', 'Sector-51, Gurugram, India', Timestamp('2024-04-30 23:00:00')]
2024-04-30 18:10:13,047 - __main__ - INFO - The hourly data has been written to static/data/sector_51_cron_output.csv with Timestamp: 2024-04-30 23:00:00
2024-04-30 19:03:51,828 - __main__ - INFO - station=> Sector-51, Gurugram, result => ['476', 'Sector-51, Gurugram, India', Timestamp('2024-05-01 00:00:00')]
2024-04-30 19:03:51,828 - __main__ - INFO - The hourly data has been written to data/cron_job_data/sector_51_cron_output.csv with Timestamp: 2024-05-01 00:00:00
2024-04-30 19:03:52,520 - __main__ - INFO - station=> Sector-51, Gurugram, result => ['476', 'Sector-51, Gurugram, India', Timestamp('2024-05-01 00:00:00')]
2024-04-30 19:03:52,520 - __main__ - INFO - The hourly data has been written to static/data/sector_51_cron_output.csv with Timestamp: 2024-05-01 00:00:00
2024-04-30 20:07:30,333 - __main__ - INFO - station=> Sector-51, Gurugram, result => ['428', 'Sector-51, Gurugram, India', Timestamp('2024-05-01 01:00:00')]
2024-04-30 20:07:30,333 - __main__ - INFO - The hourly data has been written to data/cron_job_data/sector_51_cron_output.csv with Timestamp: 2024-05-01 01:00:00
2024-04-30 20:07:31,079 - __main__ - INFO - station=> Sector-51, Gurugram, result => ['428', 'Sector-51, Gurugram, India', Timestamp('2024-05-01 01:00:00')]
2024-04-30 20:07:31,080 - __main__ - INFO - The hourly data has been written to static/data/sector_51_cron_output.csv with Timestamp: 2024-05-01 01:00:00
