2023-11-30 00:28:58,177 - __main__ - INFO - station=> nise gwal, result => ['178', 'NISE Gwal Pahari, Gurugram, India', Timestamp('2023-11-30 05:00:00')]
2023-11-30 00:28:58,178 - __main__ - INFO - The data has been written to data/cron_job_data/nise_cron_output.csv with Timestamp: 2023-11-30 05:00:00
2023-11-30 00:28:58,874 - __main__ - INFO - station=> Sector-51, Gurugram, result => ['185', 'Sector-51, Gurugram, India', Timestamp('2023-11-30 05:00:00')]
2023-11-30 00:28:58,875 - __main__ - INFO - The data has been written to data/cron_job_data/sector_51_cron_output.csv with Timestamp: 2023-11-30 05:00:00
2023-11-30 00:28:59,577 - __main__ - INFO - station=> Teri Gram, result => ['177', 'Teri Gram, Gurugram, India', Timestamp('2023-11-30 05:00:00')]
2023-11-30 00:28:59,578 - __main__ - INFO - The data has been written to data/cron_job_data/teri_gram_cron_output.csv with Timestamp: 2023-11-30 05:00:00
2023-11-30 00:29:00,246 - __main__ - INFO - station=> Vikas Sadan, result => ['215', 'Vikas Sadan Gurgaon, Gurgaon, India', Timestamp('2023-11-30 05:00:00')]
2023-11-30 00:29:00,246 - __main__ - INFO - The data has been written to data/cron_job_data/vikas_sadan_cron_output.csv with Timestamp: 2023-11-30 05:00:00
2023-11-30 01:45:27,344 - __main__ - INFO - station=> nise gwal, result => ['189', 'NISE Gwal Pahari, Gurugram, India', Timestamp('2023-11-30 07:00:00')]
2023-11-30 01:45:27,344 - __main__ - INFO - The data has been written to data/cron_job_data/nise_cron_output.csv with Timestamp: 2023-11-30 07:00:00
2023-11-30 01:45:27,828 - __main__ - INFO - station=> Sector-51, Gurugram, result => ['182', 'Sector-51, Gurugram, India', Timestamp('2023-11-30 07:00:00')]
2023-11-30 01:45:27,829 - __main__ - INFO - The data has been written to data/cron_job_data/sector_51_cron_output.csv with Timestamp: 2023-11-30 07:00:00
2023-11-30 01:45:28,313 - __main__ - INFO - station=> Teri Gram, result => ['179', 'Teri Gram, Gurugram, India', Timestamp('2023-11-30 06:00:00')]
2023-11-30 01:45:28,313 - __main__ - INFO - The data has been written to data/cron_job_data/teri_gram_cron_output.csv with Timestamp: 2023-11-30 06:00:00
2023-11-30 01:45:28,794 - __main__ - INFO - station=> Vikas Sadan, result => ['195', 'Vikas Sadan Gurgaon, Gurgaon, India', Timestamp('2023-11-30 07:00:00')]
2023-11-30 01:45:28,794 - __main__ - INFO - The data has been written to data/cron_job_data/vikas_sadan_cron_output.csv with Timestamp: 2023-11-30 07:00:00
2023-11-30 02:20:24,578 - __main__ - INFO - station=> nise gwal, result => ['189', 'NISE Gwal Pahari, Gurugram, India', Timestamp('2023-11-30 07:00:00')]
2023-11-30 02:20:24,578 - __main__ - INFO - Timestamp 2023-11-30 07:00:00 already present in data/cron_job_data/nise_cron_output.csv, not appending.
2023-11-30 02:20:25,235 - __main__ - INFO - station=> Sector-51, Gurugram, result => ['182', 'Sector-51, Gurugram, India', Timestamp('2023-11-30 07:00:00')]
2023-11-30 02:20:25,235 - __main__ - INFO - Timestamp 2023-11-30 07:00:00 already present in data/cron_job_data/sector_51_cron_output.csv, not appending.
2023-11-30 02:20:25,884 - __main__ - INFO - station=> Teri Gram, result => ['179', 'Teri Gram, Gurugram, India', Timestamp('2023-11-30 06:00:00')]
2023-11-30 02:20:25,884 - __main__ - INFO - Timestamp 2023-11-30 06:00:00 already present in data/cron_job_data/teri_gram_cron_output.csv, not appending.
2023-11-30 02:20:26,529 - __main__ - INFO - station=> Vikas Sadan, result => ['195', 'Vikas Sadan Gurgaon, Gurgaon, India', Timestamp('2023-11-30 07:00:00')]
2023-11-30 02:20:26,529 - __main__ - INFO - Timestamp 2023-11-30 07:00:00 already present in data/cron_job_data/vikas_sadan_cron_output.csv, not appending.
2023-11-30 03:05:39,603 - __main__ - INFO - station=> nise gwal, result => ['220', 'NISE Gwal Pahari, Gurugram, India', Timestamp('2023-11-30 08:00:00')]
2023-11-30 03:05:39,604 - __main__ - INFO - The data has been written to data/cron_job_data/nise_cron_output.csv with Timestamp: 2023-11-30 08:00:00
2023-11-30 03:05:40,084 - __main__ - INFO - station=> Sector-51, Gurugram, result => ['185', 'Sector-51, Gurugram, India', Timestamp('2023-11-30 08:00:00')]
2023-11-30 03:05:40,084 - __main__ - INFO - The data has been written to data/cron_job_data/sector_51_cron_output.csv with Timestamp: 2023-11-30 08:00:00
2023-11-30 03:05:40,563 - __main__ - INFO - station=> Teri Gram, result => ['178', 'Teri Gram, Gurugram, India', Timestamp('2023-11-30 08:00:00')]
2023-11-30 03:05:40,563 - __main__ - INFO - The data has been written to data/cron_job_data/teri_gram_cron_output.csv with Timestamp: 2023-11-30 08:00:00
2023-11-30 03:05:41,035 - __main__ - INFO - station=> Vikas Sadan, result => ['194', 'Vikas Sadan Gurgaon, Gurgaon, India', Timestamp('2023-11-30 08:00:00')]
2023-11-30 03:05:41,035 - __main__ - INFO - The data has been written to data/cron_job_data/vikas_sadan_cron_output.csv with Timestamp: 2023-11-30 08:00:00
2023-11-30 04:07:23,875 - __main__ - INFO - station=> nise gwal, result => ['200', 'NISE Gwal Pahari, Gurugram, India', Timestamp('2023-11-30 09:00:00')]
2023-11-30 04:07:23,875 - __main__ - INFO - The data has been written to data/cron_job_data/nise_cron_output.csv with Timestamp: 2023-11-30 09:00:00
2023-11-30 04:07:24,608 - __main__ - INFO - station=> Sector-51, Gurugram, result => ['234', 'Sector-51, Gurugram, India', Timestamp('2023-11-30 09:00:00')]
2023-11-30 04:07:24,608 - __main__ - INFO - The data has been written to data/cron_job_data/sector_51_cron_output.csv with Timestamp: 2023-11-30 09:00:00
2023-11-30 04:07:25,387 - __main__ - INFO - station=> Teri Gram, result => ['177', 'Teri Gram, Gurugram, India', Timestamp('2023-11-30 09:00:00')]
2023-11-30 04:07:25,387 - __main__ - INFO - The data has been written to data/cron_job_data/teri_gram_cron_output.csv with Timestamp: 2023-11-30 09:00:00
2023-11-30 04:07:26,156 - __main__ - INFO - station=> Vikas Sadan, result => ['206', 'Vikas Sadan Gurgaon, Gurgaon, India', Timestamp('2023-11-30 09:00:00')]
2023-11-30 04:07:26,156 - __main__ - INFO - The data has been written to data/cron_job_data/vikas_sadan_cron_output.csv with Timestamp: 2023-11-30 09:00:00
2023-11-30 05:03:30,695 - __main__ - INFO - station=> nise gwal, result => ['225', 'NISE Gwal Pahari, Gurugram, India', Timestamp('2023-11-30 10:00:00')]
2023-11-30 05:03:30,695 - __main__ - INFO - The data has been written to data/cron_job_data/nise_cron_output.csv with Timestamp: 2023-11-30 10:00:00
2023-11-30 05:03:31,398 - __main__ - INFO - station=> Sector-51, Gurugram, result => ['220', 'Sector-51, Gurugram, India', Timestamp('2023-11-30 10:00:00')]
2023-11-30 05:03:31,398 - __main__ - INFO - The data has been written to data/cron_job_data/sector_51_cron_output.csv with Timestamp: 2023-11-30 10:00:00
2023-11-30 05:03:32,100 - __main__ - INFO - station=> Teri Gram, result => ['178', 'Teri Gram, Gurugram, India', Timestamp('2023-11-30 10:00:00')]
2023-11-30 05:03:32,100 - __main__ - INFO - The data has been written to data/cron_job_data/teri_gram_cron_output.csv with Timestamp: 2023-11-30 10:00:00
2023-11-30 05:03:32,798 - __main__ - INFO - station=> Vikas Sadan, result => ['225', 'Vikas Sadan Gurgaon, Gurgaon, India', Timestamp('2023-11-30 10:00:00')]
2023-11-30 05:03:32,798 - __main__ - INFO - The data has been written to data/cron_job_data/vikas_sadan_cron_output.csv with Timestamp: 2023-11-30 10:00:00
2023-11-30 06:08:13,470 - __main__ - INFO - station=> nise gwal, result => ['256', 'NISE Gwal Pahari, Gurugram, India', Timestamp('2023-11-30 11:00:00')]
2023-11-30 06:08:13,470 - __main__ - INFO - The data has been written to data/cron_job_data/nise_cron_output.csv with Timestamp: 2023-11-30 11:00:00
2023-11-30 06:08:14,181 - __main__ - INFO - station=> Sector-51, Gurugram, result => ['218', 'Sector-51, Gurugram, India', Timestamp('2023-11-30 11:00:00')]
2023-11-30 06:08:14,181 - __main__ - INFO - The data has been written to data/cron_job_data/sector_51_cron_output.csv with Timestamp: 2023-11-30 11:00:00
2023-11-30 06:08:14,892 - __main__ - INFO - station=> Teri Gram, result => ['178', 'Teri Gram, Gurugram, India', Timestamp('2023-11-30 10:00:00')]
2023-11-30 06:08:14,893 - __main__ - INFO - Timestamp 2023-11-30 10:00:00 already present in data/cron_job_data/teri_gram_cron_output.csv, not appending.
2023-11-30 06:08:15,597 - __main__ - INFO - station=> Vikas Sadan, result => ['225', 'Vikas Sadan Gurgaon, Gurgaon, India', Timestamp('2023-11-30 10:00:00')]
2023-11-30 06:08:15,597 - __main__ - INFO - Timestamp 2023-11-30 10:00:00 already present in data/cron_job_data/vikas_sadan_cron_output.csv, not appending.
2023-11-30 07:03:29,124 - __main__ - INFO - station=> nise gwal, result => ['318', 'NISE Gwal Pahari, Gurugram, India', Timestamp('2023-11-30 12:00:00')]
2023-11-30 07:03:29,124 - __main__ - INFO - The data has been written to data/cron_job_data/nise_cron_output.csv with Timestamp: 2023-11-30 12:00:00
2023-11-30 07:03:29,812 - __main__ - INFO - station=> Sector-51, Gurugram, result => ['159', 'Sector-51, Gurugram, India', Timestamp('2023-11-30 12:00:00')]
2023-11-30 07:03:29,812 - __main__ - INFO - The data has been written to data/cron_job_data/sector_51_cron_output.csv with Timestamp: 2023-11-30 12:00:00
2023-11-30 07:03:30,503 - __main__ - INFO - station=> Teri Gram, result => ['182', 'Teri Gram, Gurugram, India', Timestamp('2023-11-30 12:00:00')]
2023-11-30 07:03:30,503 - __main__ - INFO - The data has been written to data/cron_job_data/teri_gram_cron_output.csv with Timestamp: 2023-11-30 12:00:00
2023-11-30 07:03:31,155 - __main__ - INFO - station=> Vikas Sadan, result => ['191', 'Vikas Sadan Gurgaon, Gurgaon, India', Timestamp('2023-11-30 12:00:00')]
2023-11-30 07:03:31,156 - __main__ - INFO - The data has been written to data/cron_job_data/vikas_sadan_cron_output.csv with Timestamp: 2023-11-30 12:00:00
2023-11-30 08:08:18,427 - __main__ - INFO - station=> nise gwal, result => ['318', 'NISE Gwal Pahari, Gurugram, India', Timestamp('2023-11-30 12:00:00')]
2023-11-30 08:08:18,427 - __main__ - INFO - Timestamp 2023-11-30 12:00:00 already present in data/cron_job_data/nise_cron_output.csv, not appending.
2023-11-30 08:08:18,902 - __main__ - INFO - station=> Sector-51, Gurugram, result => ['107', 'Sector-51, Gurugram, India', Timestamp('2023-11-30 13:00:00')]
2023-11-30 08:08:18,903 - __main__ - INFO - The data has been written to data/cron_job_data/sector_51_cron_output.csv with Timestamp: 2023-11-30 13:00:00
2023-11-30 08:08:19,404 - __main__ - INFO - station=> Teri Gram, result => ['185', 'Teri Gram, Gurugram, India', Timestamp('2023-11-30 13:00:00')]
2023-11-30 08:08:19,404 - __main__ - INFO - The data has been written to data/cron_job_data/teri_gram_cron_output.csv with Timestamp: 2023-11-30 13:00:00
2023-11-30 08:08:19,884 - __main__ - INFO - station=> Vikas Sadan, result => ['274', 'Vikas Sadan Gurgaon, Gurgaon, India', Timestamp('2023-11-30 13:00:00')]
2023-11-30 08:08:19,884 - __main__ - INFO - The data has been written to data/cron_job_data/vikas_sadan_cron_output.csv with Timestamp: 2023-11-30 13:00:00
2023-11-30 09:03:28,458 - __main__ - INFO - station=> nise gwal, result => ['318', 'NISE Gwal Pahari, Gurugram, India', Timestamp('2023-11-30 13:00:00')]
2023-11-30 09:03:28,458 - __main__ - INFO - The data has been written to data/cron_job_data/nise_cron_output.csv with Timestamp: 2023-11-30 13:00:00
2023-11-30 09:03:29,115 - __main__ - INFO - station=> Sector-51, Gurugram, result => ['236', 'Sector-51, Gurugram, India', Timestamp('2023-11-30 14:00:00')]
2023-11-30 09:03:29,115 - __main__ - INFO - The data has been written to data/cron_job_data/sector_51_cron_output.csv with Timestamp: 2023-11-30 14:00:00
2023-11-30 09:03:29,775 - __main__ - INFO - station=> Teri Gram, result => ['190', 'Teri Gram, Gurugram, India', Timestamp('2023-11-30 14:00:00')]
2023-11-30 09:03:29,775 - __main__ - INFO - The data has been written to data/cron_job_data/teri_gram_cron_output.csv with Timestamp: 2023-11-30 14:00:00
2023-11-30 09:03:30,423 - __main__ - INFO - station=> Vikas Sadan, result => ['218', 'Vikas Sadan Gurgaon, Gurgaon, India', Timestamp('2023-11-30 14:00:00')]
2023-11-30 09:03:30,423 - __main__ - INFO - The data has been written to data/cron_job_data/vikas_sadan_cron_output.csv with Timestamp: 2023-11-30 14:00:00
2023-11-30 10:04:46,400 - __main__ - INFO - station=> nise gwal, result => ['241', 'NISE Gwal Pahari, Gurugram, India', Timestamp('2023-11-30 15:00:00')]
2023-11-30 10:04:46,400 - __main__ - INFO - The data has been written to data/cron_job_data/nise_cron_output.csv with Timestamp: 2023-11-30 15:00:00
2023-11-30 10:04:46,882 - __main__ - INFO - station=> Sector-51, Gurugram, result => ['233', 'Sector-51, Gurugram, India', Timestamp('2023-11-30 15:00:00')]
2023-11-30 10:04:46,882 - __main__ - INFO - The data has been written to data/cron_job_data/sector_51_cron_output.csv with Timestamp: 2023-11-30 15:00:00
2023-11-30 10:04:47,365 - __main__ - INFO - station=> Teri Gram, result => ['190', 'Teri Gram, Gurugram, India', Timestamp('2023-11-30 15:00:00')]
2023-11-30 10:04:47,366 - __main__ - INFO - The data has been written to data/cron_job_data/teri_gram_cron_output.csv with Timestamp: 2023-11-30 15:00:00
2023-11-30 10:04:47,848 - __main__ - INFO - station=> Vikas Sadan, result => ['202', 'Vikas Sadan Gurgaon, Gurgaon, India', Timestamp('2023-11-30 15:00:00')]
2023-11-30 10:04:47,848 - __main__ - INFO - The data has been written to data/cron_job_data/vikas_sadan_cron_output.csv with Timestamp: 2023-11-30 15:00:00
