2024-05-31 00:32:31,733 - __main__ - INFO - station=> Sector-51, Gurugram, result => ['135', 'Sector-51, Gurugram, India', Timestamp('2024-05-31 05:00:00')]
2024-05-31 00:32:31,734 - __main__ - INFO - The hourly data has been written to data/cron_job_data/sector_51_cron_output.csv with Timestamp: 2024-05-31 05:00:00
2024-05-31 00:32:32,413 - __main__ - INFO - station=> Sector-51, Gurugram, result => ['135', 'Sector-51, Gurugram, India', Timestamp('2024-05-31 05:00:00')]
2024-05-31 00:32:32,413 - __main__ - INFO - The hourly data has been written to static/data/sector_51_cron_output.csv with Timestamp: 2024-05-31 05:00:00
2024-05-31 01:52:43,269 - __main__ - INFO - station=> Sector-51, Gurugram, result => ['140', 'Sector-51, Gurugram, India', Timestamp('2024-05-31 07:00:00')]
2024-05-31 01:52:43,269 - __main__ - INFO - The hourly data has been written to data/cron_job_data/sector_51_cron_output.csv with Timestamp: 2024-05-31 07:00:00
2024-05-31 01:52:43,964 - __main__ - INFO - station=> Sector-51, Gurugram, result => ['140', 'Sector-51, Gurugram, India', Timestamp('2024-05-31 07:00:00')]
2024-05-31 01:52:43,964 - __main__ - INFO - The hourly data has been written to static/data/sector_51_cron_output.csv with Timestamp: 2024-05-31 07:00:00
2024-05-31 01:52:43,965 - __main__ - INFO - Calling writeData & retrain_model functions.
2024-05-31 01:52:43,973 - __main__ - INFO - df_api columns Index(['AQI'], dtype='object')
2024-05-31 01:52:43,973 - __main__ - INFO - today=> 2024-05-31 & yesterday=> 2024-05-30
2024-05-31 01:52:43,975 - __main__ - INFO - temp_daily_aqi columns Index(['Unnamed: 0', 'Date', 'AQI'], dtype='object')
2024-05-31 01:52:43,977 - __main__ - INFO - temp_daily_aqi[2024-05-30]=> Empty DataFrame
Columns: [Unnamed: 0, AQI]
Index: []
2024-05-31 01:52:43,978 - __main__ - INFO - Index => 1547, yesterday => 2024-05-30 & AQI => 153.0
2024-05-31 01:52:43,978 - __main__ - INFO - Daily AQI data has been written to data/cleaned_data/Forecasting_time_series/sector_51_daily_aqi.csv
2024-05-31 01:52:43,979 - __main__ - INFO - Index => 1547, yesterday => 2024-05-30 & AQI => 153.0
2024-05-31 01:52:43,979 - __main__ - INFO - Daily AQI data has been written to static/data/sector_51_daily_aqi.csv
2024-05-31 01:52:43,983 - __main__ - INFO - Re-training the model & train_end is 2024-05-25 00:00:00
2024-05-31 01:52:45,317 - __main__ - INFO - Retrained the model & MAPE is 17.88%
2024-05-31 01:52:45,318 - __main__ - INFO - Retrained the model & MAE is 36.46052578836723
2024-05-31 01:52:46,514 - __main__ - INFO - Forecast=> 2024-05-31    168.745911
2024-06-01    192.708682
2024-06-02    171.022853
2024-06-03    177.947472
2024-06-04    178.600179
Freq: D, Name: predicted_mean, dtype: float64
2024-05-31 01:52:46,514 - __main__ - INFO - The forecast data has been written to data/cleaned_data/Forecasting_time_series/forecast_sector_51_daily_aqi.csv
2024-05-31 01:52:46,514 - __main__ - INFO - The forecast data has been written to static/data/forecast_sector_51_daily_aqi.csv
2024-05-31 03:08:54,510 - __main__ - INFO - station=> Sector-51, Gurugram, result => ['128', 'Sector-51, Gurugram, India', Timestamp('2024-05-31 08:00:00')]
2024-05-31 03:08:54,510 - __main__ - INFO - The hourly data has been written to data/cron_job_data/sector_51_cron_output.csv with Timestamp: 2024-05-31 08:00:00
2024-05-31 03:08:54,986 - __main__ - INFO - station=> Sector-51, Gurugram, result => ['128', 'Sector-51, Gurugram, India', Timestamp('2024-05-31 08:00:00')]
2024-05-31 03:08:54,986 - __main__ - INFO - The hourly data has been written to static/data/sector_51_cron_output.csv with Timestamp: 2024-05-31 08:00:00
2024-05-31 04:09:53,918 - __main__ - INFO - station=> Sector-51, Gurugram, result => ['151', 'Sector-51, Gurugram, India', Timestamp('2024-05-31 09:00:00')]
2024-05-31 04:09:53,918 - __main__ - INFO - The hourly data has been written to data/cron_job_data/sector_51_cron_output.csv with Timestamp: 2024-05-31 09:00:00
2024-05-31 04:09:54,566 - __main__ - INFO - station=> Sector-51, Gurugram, result => ['151', 'Sector-51, Gurugram, India', Timestamp('2024-05-31 09:00:00')]
2024-05-31 04:09:54,566 - __main__ - INFO - The hourly data has been written to static/data/sector_51_cron_output.csv with Timestamp: 2024-05-31 09:00:00
2024-05-31 06:10:37,849 - __main__ - INFO - station=> Sector-51, Gurugram, result => ['200', 'Sector-51, Gurugram, India', Timestamp('2024-05-31 11:00:00')]
2024-05-31 06:10:37,849 - __main__ - INFO - The hourly data has been written to data/cron_job_data/sector_51_cron_output.csv with Timestamp: 2024-05-31 11:00:00
2024-05-31 06:10:38,535 - __main__ - INFO - station=> Sector-51, Gurugram, result => ['200', 'Sector-51, Gurugram, India', Timestamp('2024-05-31 11:00:00')]
2024-05-31 06:10:38,535 - __main__ - INFO - The hourly data has been written to static/data/sector_51_cron_output.csv with Timestamp: 2024-05-31 11:00:00
2024-05-31 07:07:32,857 - __main__ - INFO - station=> Sector-51, Gurugram, result => ['200', 'Sector-51, Gurugram, India', Timestamp('2024-05-31 12:00:00')]
2024-05-31 07:07:32,858 - __main__ - INFO - The hourly data has been written to data/cron_job_data/sector_51_cron_output.csv with Timestamp: 2024-05-31 12:00:00
2024-05-31 07:07:33,342 - __main__ - INFO - station=> Sector-51, Gurugram, result => ['200', 'Sector-51, Gurugram, India', Timestamp('2024-05-31 12:00:00')]
2024-05-31 07:07:33,342 - __main__ - INFO - The hourly data has been written to static/data/sector_51_cron_output.csv with Timestamp: 2024-05-31 12:00:00
2024-05-31 08:10:31,486 - __main__ - INFO - station=> Sector-51, Gurugram, result => ['137', 'Sector-51, Gurugram, India', Timestamp('2024-05-31 13:00:00')]
2024-05-31 08:10:31,486 - __main__ - INFO - The hourly data has been written to data/cron_job_data/sector_51_cron_output.csv with Timestamp: 2024-05-31 13:00:00
2024-05-31 08:10:32,132 - __main__ - INFO - station=> Sector-51, Gurugram, result => ['137', 'Sector-51, Gurugram, India', Timestamp('2024-05-31 13:00:00')]
2024-05-31 08:10:32,133 - __main__ - INFO - The hourly data has been written to static/data/sector_51_cron_output.csv with Timestamp: 2024-05-31 13:00:00
2024-05-31 09:09:13,653 - __main__ - INFO - station=> Sector-51, Gurugram, result => ['378', 'Sector-51, Gurugram, India', Timestamp('2024-05-31 14:00:00')]
2024-05-31 09:09:13,653 - __main__ - INFO - The hourly data has been written to data/cron_job_data/sector_51_cron_output.csv with Timestamp: 2024-05-31 14:00:00
2024-05-31 09:09:14,120 - __main__ - INFO - station=> Sector-51, Gurugram, result => ['378', 'Sector-51, Gurugram, India', Timestamp('2024-05-31 14:00:00')]
2024-05-31 09:09:14,120 - __main__ - INFO - The hourly data has been written to static/data/sector_51_cron_output.csv with Timestamp: 2024-05-31 14:00:00
2024-05-31 10:08:36,584 - __main__ - INFO - station=> Sector-51, Gurugram, result => ['388', 'Sector-51, Gurugram, India', Timestamp('2024-05-31 15:00:00')]
2024-05-31 10:08:36,584 - __main__ - INFO - The hourly data has been written to data/cron_job_data/sector_51_cron_output.csv with Timestamp: 2024-05-31 15:00:00
2024-05-31 10:08:37,273 - __main__ - INFO - station=> Sector-51, Gurugram, result => ['388', 'Sector-51, Gurugram, India', Timestamp('2024-05-31 15:00:00')]
2024-05-31 10:08:37,274 - __main__ - INFO - The hourly data has been written to static/data/sector_51_cron_output.csv with Timestamp: 2024-05-31 15:00:00
2024-05-31 12:13:13,160 - __main__ - INFO - station=> Sector-51, Gurugram, result => ['157', 'Sector-51, Gurugram, India', Timestamp('2024-05-31 17:00:00')]
2024-05-31 12:13:13,160 - __main__ - INFO - The hourly data has been written to data/cron_job_data/sector_51_cron_output.csv with Timestamp: 2024-05-31 17:00:00
2024-05-31 12:13:13,807 - __main__ - INFO - station=> Sector-51, Gurugram, result => ['157', 'Sector-51, Gurugram, India', Timestamp('2024-05-31 17:00:00')]
2024-05-31 12:13:13,807 - __main__ - INFO - The hourly data has been written to static/data/sector_51_cron_output.csv with Timestamp: 2024-05-31 17:00:00
2024-05-31 14:06:51,362 - __main__ - INFO - station=> Sector-51, Gurugram, result => ['157', 'Sector-51, Gurugram, India', Timestamp('2024-05-31 19:00:00')]
2024-05-31 14:06:51,362 - __main__ - INFO - The hourly data has been written to data/cron_job_data/sector_51_cron_output.csv with Timestamp: 2024-05-31 19:00:00
2024-05-31 14:06:52,029 - __main__ - INFO - station=> Sector-51, Gurugram, result => ['157', 'Sector-51, Gurugram, India', Timestamp('2024-05-31 19:00:00')]
2024-05-31 14:06:52,029 - __main__ - INFO - The hourly data has been written to static/data/sector_51_cron_output.csv with Timestamp: 2024-05-31 19:00:00
