2024-08-31 00:58:39,998 - __main__ - INFO - station=> Sector-51, Gurugram, result => ['159', 'Sector-51, Gurugram, India', Timestamp('2024-08-31 06:00:00')]
2024-08-31 00:58:39,999 - __main__ - INFO - The hourly data has been written to data/cron_job_data/sector_51_cron_output.csv with Timestamp: 2024-08-31 06:00:00
2024-08-31 00:58:40,619 - __main__ - INFO - station=> Sector-51, Gurugram, result => ['159', 'Sector-51, Gurugram, India', Timestamp('2024-08-31 06:00:00')]
2024-08-31 00:58:40,619 - __main__ - INFO - The hourly data has been written to static/data/sector_51_cron_output.csv with Timestamp: 2024-08-31 06:00:00
2024-08-31 00:58:40,678 - __main__ - INFO - df_api columns Index(['AQI'], dtype='object')
2024-08-31 00:58:40,678 - __main__ - INFO - today=> 2024-08-31 & yesterday=> 2024-08-30
2024-08-31 00:58:40,680 - __main__ - INFO - temp_daily_aqi columns Index(['Unnamed: 0', 'Date', 'AQI'], dtype='object')
2024-08-31 00:58:40,683 - __main__ - INFO - temp_daily_aqi[2024-08-30]=> Empty DataFrame
Columns: [Unnamed: 0, AQI]
Index: []
2024-08-31 00:58:40,683 - __main__ - INFO - Index => 1639, yesterday => 2024-08-30 & AQI => 139.0
2024-08-31 00:58:40,684 - __main__ - INFO - Daily AQI data has been written to data/cleaned_data/Forecasting_time_series/sector_51_daily_aqi.csv
2024-08-31 00:58:40,684 - __main__ - INFO - Index => 1639, yesterday => 2024-08-30 & AQI => 139.0
2024-08-31 00:58:40,684 - __main__ - INFO - Daily AQI data has been written to static/data/sector_51_daily_aqi.csv
2024-08-31 00:58:40,689 - __main__ - INFO - Re-training the model & train_end is 2024-08-25 00:00:00
2024-08-31 00:58:41,916 - __main__ - INFO - Retrained the model & MAPE is 26.92%
2024-08-31 00:58:41,916 - __main__ - INFO - Retrained the model & MAE is 61.21307406168678
2024-08-31 00:58:43,244 - __main__ - INFO - Forecast=> 2024-08-31    161.176159
2024-09-01    146.628507
2024-09-02    159.466522
2024-09-03    161.082129
2024-09-04    165.269382
Freq: D, Name: predicted_mean, dtype: float64
2024-08-31 00:58:43,248 - __main__ - INFO - The forecast data has been written to data/cleaned_data/Forecasting_time_series/forecast_sector_51_daily_aqi.csv
2024-08-31 00:58:43,248 - __main__ - INFO - The forecast data has been written to static/data/forecast_sector_51_daily_aqi.csv
2024-08-31 02:09:57,609 - __main__ - INFO - station=> Sector-51, Gurugram, result => ['162', 'Sector-51, Gurugram, India', Timestamp('2024-08-31 07:00:00')]
2024-08-31 02:09:57,609 - __main__ - INFO - The hourly data has been written to data/cron_job_data/sector_51_cron_output.csv with Timestamp: 2024-08-31 07:00:00
2024-08-31 02:09:58,306 - __main__ - INFO - station=> Sector-51, Gurugram, result => ['162', 'Sector-51, Gurugram, India', Timestamp('2024-08-31 07:00:00')]
2024-08-31 02:09:58,306 - __main__ - INFO - The hourly data has been written to static/data/sector_51_cron_output.csv with Timestamp: 2024-08-31 07:00:00
2024-08-31 03:13:18,371 - __main__ - INFO - station=> Sector-51, Gurugram, result => ['161', 'Sector-51, Gurugram, India', Timestamp('2024-08-31 08:00:00')]
2024-08-31 03:13:18,371 - __main__ - INFO - The hourly data has been written to data/cron_job_data/sector_51_cron_output.csv with Timestamp: 2024-08-31 08:00:00
2024-08-31 03:13:18,995 - __main__ - INFO - station=> Sector-51, Gurugram, result => ['161', 'Sector-51, Gurugram, India', Timestamp('2024-08-31 08:00:00')]
2024-08-31 03:13:18,995 - __main__ - INFO - The hourly data has been written to static/data/sector_51_cron_output.csv with Timestamp: 2024-08-31 08:00:00
2024-08-31 04:16:32,727 - __main__ - INFO - station=> Sector-51, Gurugram, result => ['154', 'Sector-51, Gurugram, India', Timestamp('2024-08-31 09:00:00')]
2024-08-31 04:16:32,727 - __main__ - INFO - The hourly data has been written to data/cron_job_data/sector_51_cron_output.csv with Timestamp: 2024-08-31 09:00:00
2024-08-31 04:16:33,421 - __main__ - INFO - station=> Sector-51, Gurugram, result => ['154', 'Sector-51, Gurugram, India', Timestamp('2024-08-31 09:00:00')]
2024-08-31 04:16:33,421 - __main__ - INFO - The hourly data has been written to static/data/sector_51_cron_output.csv with Timestamp: 2024-08-31 09:00:00
2024-08-31 05:11:58,483 - __main__ - INFO - station=> Sector-51, Gurugram, result => ['152', 'Sector-51, Gurugram, India', Timestamp('2024-08-31 10:00:00')]
2024-08-31 05:11:58,483 - __main__ - INFO - The hourly data has been written to data/cron_job_data/sector_51_cron_output.csv with Timestamp: 2024-08-31 10:00:00
2024-08-31 05:11:59,168 - __main__ - INFO - station=> Sector-51, Gurugram, result => ['152', 'Sector-51, Gurugram, India', Timestamp('2024-08-31 10:00:00')]
2024-08-31 05:11:59,168 - __main__ - INFO - The hourly data has been written to static/data/sector_51_cron_output.csv with Timestamp: 2024-08-31 10:00:00
2024-08-31 06:16:45,736 - __main__ - INFO - station=> Sector-51, Gurugram, result => ['152', 'Sector-51, Gurugram, India', Timestamp('2024-08-31 11:00:00')]
2024-08-31 06:16:45,736 - __main__ - INFO - The hourly data has been written to data/cron_job_data/sector_51_cron_output.csv with Timestamp: 2024-08-31 11:00:00
2024-08-31 06:16:46,441 - __main__ - INFO - station=> Sector-51, Gurugram, result => ['152', 'Sector-51, Gurugram, India', Timestamp('2024-08-31 11:00:00')]
2024-08-31 06:16:46,441 - __main__ - INFO - The hourly data has been written to static/data/sector_51_cron_output.csv with Timestamp: 2024-08-31 11:00:00
2024-08-31 07:11:13,725 - __main__ - INFO - station=> Sector-51, Gurugram, result => ['150', 'Sector-51, Gurugram, India', Timestamp('2024-08-31 12:00:00')]
2024-08-31 07:11:13,725 - __main__ - INFO - The hourly data has been written to data/cron_job_data/sector_51_cron_output.csv with Timestamp: 2024-08-31 12:00:00
2024-08-31 07:11:14,410 - __main__ - INFO - station=> Sector-51, Gurugram, result => ['150', 'Sector-51, Gurugram, India', Timestamp('2024-08-31 12:00:00')]
2024-08-31 07:11:14,410 - __main__ - INFO - The hourly data has been written to static/data/sector_51_cron_output.csv with Timestamp: 2024-08-31 12:00:00
2024-08-31 08:16:55,547 - __main__ - INFO - station=> Sector-51, Gurugram, result => ['151', 'Sector-51, Gurugram, India', Timestamp('2024-08-31 13:00:00')]
2024-08-31 08:16:55,547 - __main__ - INFO - The hourly data has been written to data/cron_job_data/sector_51_cron_output.csv with Timestamp: 2024-08-31 13:00:00
2024-08-31 08:16:56,027 - __main__ - INFO - station=> Sector-51, Gurugram, result => ['151', 'Sector-51, Gurugram, India', Timestamp('2024-08-31 13:00:00')]
2024-08-31 08:16:56,027 - __main__ - INFO - The hourly data has been written to static/data/sector_51_cron_output.csv with Timestamp: 2024-08-31 13:00:00
2024-08-31 09:13:03,456 - __main__ - INFO - station=> Sector-51, Gurugram, result => ['112', 'Sector-51, Gurugram, India', Timestamp('2024-08-31 14:00:00')]
2024-08-31 09:13:03,456 - __main__ - INFO - The hourly data has been written to data/cron_job_data/sector_51_cron_output.csv with Timestamp: 2024-08-31 14:00:00
2024-08-31 09:13:03,926 - __main__ - INFO - station=> Sector-51, Gurugram, result => ['112', 'Sector-51, Gurugram, India', Timestamp('2024-08-31 14:00:00')]
2024-08-31 09:13:03,926 - __main__ - INFO - The hourly data has been written to static/data/sector_51_cron_output.csv with Timestamp: 2024-08-31 14:00:00
